# sgmm2-latgen-faster --spk-vecs=ark:exp/sgmm2_4_ali/vecs.25 --utt2spk=ark:data/train/split30/25/utt2spk "--gselect=ark,s,cs:gunzip -c exp/sgmm2_4_ali/gselect.25.gz|" --beam=18.0 --lattice-beam=10.0 --acoustic-scale=0.2 --max-mem=20000000 --max-active=5000 --word-symbol-table=data/lang/words.txt exp/sgmm2_4_ali/final.mdl exp/sgmm2_4_denlats/dengraph/HCLG.fst "ark,s,cs:apply-cmvn --utt2spk=ark:data/train/split30/25/split30utt/18/utt2spk scp:data/train/split30/25/split30utt/18/cmvn.scp scp:data/train/split30/25/split30utt/18/feats.scp ark:- | splice-feats --left-context=3 --right-context=3 ark:- ark:- | transform-feats exp/sgmm2_4_ali/final.mat ark:- ark:- | transform-feats --utt2spk=ark:data/train/split30/25/split30utt/18/utt2spk ark:exp/tri3_ali/trans.25 ark:- ark:- |" "ark:|gzip -c >exp/sgmm2_4_denlats/lat.25.18.gz" 
# Started at Wed Feb 27 15:48:43 +07 2019
#
sgmm2-latgen-faster --spk-vecs=ark:exp/sgmm2_4_ali/vecs.25 --utt2spk=ark:data/train/split30/25/utt2spk '--gselect=ark,s,cs:gunzip -c exp/sgmm2_4_ali/gselect.25.gz|' --beam=18.0 --lattice-beam=10.0 --acoustic-scale=0.2 --max-mem=20000000 --max-active=5000 --word-symbol-table=data/lang/words.txt exp/sgmm2_4_ali/final.mdl exp/sgmm2_4_denlats/dengraph/HCLG.fst 'ark,s,cs:apply-cmvn --utt2spk=ark:data/train/split30/25/split30utt/18/utt2spk scp:data/train/split30/25/split30utt/18/cmvn.scp scp:data/train/split30/25/split30utt/18/feats.scp ark:- | splice-feats --left-context=3 --right-context=3 ark:- ark:- | transform-feats exp/sgmm2_4_ali/final.mat ark:- ark:- | transform-feats --utt2spk=ark:data/train/split30/25/split30utt/18/utt2spk ark:exp/tri3_ali/trans.25 ark:- ark:- |' 'ark:|gzip -c >exp/sgmm2_4_denlats/lat.25.18.gz' 
transform-feats --utt2spk=ark:data/train/split30/25/split30utt/18/utt2spk ark:exp/tri3_ali/trans.25 ark:- ark:- 
splice-feats --left-context=3 --right-context=3 ark:- ark:- 
transform-feats exp/sgmm2_4_ali/final.mat ark:- ark:- 
apply-cmvn --utt2spk=ark:data/train/split30/25/split30utt/18/utt2spk scp:data/train/split30/25/split30utt/18/cmvn.scp scp:data/train/split30/25/split30utt/18/feats.scp ark:- 
LOG (apply-cmvn[5.5.208~1-b0fc0]:main():apply-cmvn.cc:162) Applied cepstral mean normalization to 4 utterances, errors on 0
LOG (transform-feats[5.5.208~1-b0fc0]:main():transform-feats.cc:158) Overall average [pseudo-]logdet is -88.6037 over 930 frames.
LOG (transform-feats[5.5.208~1-b0fc0]:main():transform-feats.cc:161) Applied transform to 4 utterances; 0 had errors.
MRLD0_SX244 sil hh er v ix z vcl b er th th ey ih cl k er z f r iy cl k w en l iy ao n th ae ng s vcl g ix v ix ng sil 
LOG (sgmm2-latgen-faster[5.5.208~1-b0fc0]:DecodeUtteranceLatticeFaster():decoder-wrappers.cc:289) Log-like per frame for utterance MRLD0_SX244 is -9.87214 over 247 frames.
LOG (sgmm2-latgen-faster[5.5.208~1-b0fc0]:main():sgmm2-latgen-faster.cc:209) Log-like per frame for utterance MRLD0_SX244 is -9.87214 over 247 frames.
MRLD0_SX334 sil ao f ah n y el vcl g ih vcl b ae vcl m ao r dh ih n y uw cl p uh dx ih n sil 
LOG (sgmm2-latgen-faster[5.5.208~1-b0fc0]:DecodeUtteranceLatticeFaster():decoder-wrappers.cc:289) Log-like per frame for utterance MRLD0_SX334 is -8.80571 over 209 frames.
LOG (sgmm2-latgen-faster[5.5.208~1-b0fc0]:main():sgmm2-latgen-faster.cc:209) Log-like per frame for utterance MRLD0_SX334 is -8.80571 over 209 frames.
LOG (transform-feats[5.5.208~1-b0fc0]:main():transform-feats.cc:158) Overall average logdet is 2.8887 over 930 frames.
LOG (transform-feats[5.5.208~1-b0fc0]:main():transform-feats.cc:161) Applied transform to 4 utterances; 0 had errors.
MRLD0_SX424 sil t aa cl p z ih n y ah z r eh r l iy hh ae v cl k r ix cl k ix vcl s cl t eh m cl z sil 
LOG (sgmm2-latgen-faster[5.5.208~1-b0fc0]:DecodeUtteranceLatticeFaster():decoder-wrappers.cc:289) Log-like per frame for utterance MRLD0_SX424 is -9.00179 over 262 frames.
LOG (sgmm2-latgen-faster[5.5.208~1-b0fc0]:main():sgmm2-latgen-faster.cc:209) Log-like per frame for utterance MRLD0_SX424 is -9.00179 over 262 frames.
MRLD0_SX64 sil r eh vcl y ix l er ix cl t ih n d ix n s ix s eh l dx ax m r ix cl k w ay er vcl d sil 
LOG (sgmm2-latgen-faster[5.5.208~1-b0fc0]:DecodeUtteranceLatticeFaster():decoder-wrappers.cc:289) Log-like per frame for utterance MRLD0_SX64 is -8.817 over 212 frames.
LOG (sgmm2-latgen-faster[5.5.208~1-b0fc0]:main():sgmm2-latgen-faster.cc:209) Log-like per frame for utterance MRLD0_SX64 is -8.817 over 212 frames.
LOG (sgmm2-latgen-faster[5.5.208~1-b0fc0]:main():sgmm2-latgen-faster.cc:252) Time taken [excluding initialization] 12.5905s: real-time factor assuming 100 frames/sec is 1.35382
LOG (sgmm2-latgen-faster[5.5.208~1-b0fc0]:main():sgmm2-latgen-faster.cc:255) Done 4 utterances, failed for 0
LOG (sgmm2-latgen-faster[5.5.208~1-b0fc0]:main():sgmm2-latgen-faster.cc:257) Overall log-likelihood per frame = -9.14676 over 930 frames.
WARNING (sgmm2-latgen-faster[5.5.208~1-b0fc0]:Close():kaldi-io.cc:515) Pipe gunzip -c exp/sgmm2_4_ali/gselect.25.gz| had nonzero return status 36096
# Accounting: time=14 threads=1
# Ended (code 0) at Wed Feb 27 15:48:57 +07 2019, elapsed time 14 seconds
