# sgmm2-latgen-faster --spk-vecs=ark:exp/sgmm2_4_ali/vecs.25 --utt2spk=ark:data/train/split30/25/utt2spk "--gselect=ark,s,cs:gunzip -c exp/sgmm2_4_ali/gselect.25.gz|" --beam=18.0 --lattice-beam=10.0 --acoustic-scale=0.2 --max-mem=20000000 --max-active=5000 --word-symbol-table=data/lang/words.txt exp/sgmm2_4_ali/final.mdl exp/sgmm2_4_denlats/dengraph/HCLG.fst "ark,s,cs:apply-cmvn --utt2spk=ark:data/train/split30/25/split30utt/29/utt2spk scp:data/train/split30/25/split30utt/29/cmvn.scp scp:data/train/split30/25/split30utt/29/feats.scp ark:- | splice-feats --left-context=3 --right-context=3 ark:- ark:- | transform-feats exp/sgmm2_4_ali/final.mat ark:- ark:- | transform-feats --utt2spk=ark:data/train/split30/25/split30utt/29/utt2spk ark:exp/tri3_ali/trans.25 ark:- ark:- |" "ark:|gzip -c >exp/sgmm2_4_denlats/lat.25.29.gz" 
# Started at Wed Feb 27 15:49:26 +07 2019
#
sgmm2-latgen-faster --spk-vecs=ark:exp/sgmm2_4_ali/vecs.25 --utt2spk=ark:data/train/split30/25/utt2spk '--gselect=ark,s,cs:gunzip -c exp/sgmm2_4_ali/gselect.25.gz|' --beam=18.0 --lattice-beam=10.0 --acoustic-scale=0.2 --max-mem=20000000 --max-active=5000 --word-symbol-table=data/lang/words.txt exp/sgmm2_4_ali/final.mdl exp/sgmm2_4_denlats/dengraph/HCLG.fst 'ark,s,cs:apply-cmvn --utt2spk=ark:data/train/split30/25/split30utt/29/utt2spk scp:data/train/split30/25/split30utt/29/cmvn.scp scp:data/train/split30/25/split30utt/29/feats.scp ark:- | splice-feats --left-context=3 --right-context=3 ark:- ark:- | transform-feats exp/sgmm2_4_ali/final.mat ark:- ark:- | transform-feats --utt2spk=ark:data/train/split30/25/split30utt/29/utt2spk ark:exp/tri3_ali/trans.25 ark:- ark:- |' 'ark:|gzip -c >exp/sgmm2_4_denlats/lat.25.29.gz' 
apply-cmvn --utt2spk=ark:data/train/split30/25/split30utt/29/utt2spk scp:data/train/split30/25/split30utt/29/cmvn.scp scp:data/train/split30/25/split30utt/29/feats.scp ark:- 
LOG (apply-cmvn[5.5.208~1-b0fc0]:main():apply-cmvn.cc:162) Applied cepstral mean normalization to 4 utterances, errors on 0
transform-feats --utt2spk=ark:data/train/split30/25/split30utt/29/utt2spk ark:exp/tri3_ali/trans.25 ark:- ark:- 
transform-feats exp/sgmm2_4_ali/final.mat ark:- ark:- 
splice-feats --left-context=3 --right-context=3 ark:- ark:- 
LOG (transform-feats[5.5.208~1-b0fc0]:main():transform-feats.cc:158) Overall average [pseudo-]logdet is -88.6037 over 1208 frames.
LOG (transform-feats[5.5.208~1-b0fc0]:main():transform-feats.cc:161) Applied transform to 4 utterances; 0 had errors.
MRMG0_SI1080 sil w ix n hh iy w ih z ey cl t hh iy vcl b ix vcl g ae n v ay el ih n l eh s ix n epi s sil 
LOG (sgmm2-latgen-faster[5.5.208~1-b0fc0]:DecodeUtteranceLatticeFaster():decoder-wrappers.cc:289) Log-like per frame for utterance MRMG0_SI1080 is -8.54209 over 295 frames.
LOG (sgmm2-latgen-faster[5.5.208~1-b0fc0]:main():sgmm2-latgen-faster.cc:209) Log-like per frame for utterance MRMG0_SI1080 is -8.54209 over 295 frames.
MRMG0_SI1710 sil dh ey eh vcl k ah m n aa cl t uw ix vcl m ay er vcl b ax cl t uw ix vcl b z er v sil 
LOG (sgmm2-latgen-faster[5.5.208~1-b0fc0]:DecodeUtteranceLatticeFaster():decoder-wrappers.cc:289) Log-like per frame for utterance MRMG0_SI1710 is -8.2839 over 273 frames.
LOG (sgmm2-latgen-faster[5.5.208~1-b0fc0]:main():sgmm2-latgen-faster.cc:209) Log-like per frame for utterance MRMG0_SI1710 is -8.2839 over 273 frames.
LOG (transform-feats[5.5.208~1-b0fc0]:main():transform-feats.cc:158) Overall average logdet is 2.3783 over 1208 frames.
LOG (transform-feats[5.5.208~1-b0fc0]:main():transform-feats.cc:161) Applied transform to 4 utterances; 0 had errors.
MRMG0_SI2340 sil y uw vcl th ih ng cl k er s cl t ah m ix cl k w ax dx ax v vcl g aa cl y uw s cl t uw ix cl t hh ix n th r iy w iy cl k s sil 
LOG (sgmm2-latgen-faster[5.5.208~1-b0fc0]:DecodeUtteranceLatticeFaster():decoder-wrappers.cc:289) Log-like per frame for utterance MRMG0_SI2340 is -9.41965 over 353 frames.
LOG (sgmm2-latgen-faster[5.5.208~1-b0fc0]:main():sgmm2-latgen-faster.cc:209) Log-like per frame for utterance MRMG0_SI2340 is -9.41965 over 353 frames.
MRMG0_SX180 sil ao l m ow s cl t ao l cl k aa l ix vcl jh ix z er n aw cl k ow eh vcl jh ix cl k ey sh en el sil 
LOG (sgmm2-latgen-faster[5.5.208~1-b0fc0]:DecodeUtteranceLatticeFaster():decoder-wrappers.cc:289) Log-like per frame for utterance MRMG0_SX180 is -8.87301 over 287 frames.
LOG (sgmm2-latgen-faster[5.5.208~1-b0fc0]:main():sgmm2-latgen-faster.cc:209) Log-like per frame for utterance MRMG0_SX180 is -8.87301 over 287 frames.
LOG (sgmm2-latgen-faster[5.5.208~1-b0fc0]:main():sgmm2-latgen-faster.cc:252) Time taken [excluding initialization] 11.7899s: real-time factor assuming 100 frames/sec is 0.975984
LOG (sgmm2-latgen-faster[5.5.208~1-b0fc0]:main():sgmm2-latgen-faster.cc:255) Done 4 utterances, failed for 0
LOG (sgmm2-latgen-faster[5.5.208~1-b0fc0]:main():sgmm2-latgen-faster.cc:257) Overall log-likelihood per frame = -8.8188 over 1208 frames.
WARNING (sgmm2-latgen-faster[5.5.208~1-b0fc0]:Close():kaldi-io.cc:515) Pipe gunzip -c exp/sgmm2_4_ali/gselect.25.gz| had nonzero return status 36096
# Accounting: time=13 threads=1
# Ended (code 0) at Wed Feb 27 15:49:39 +07 2019, elapsed time 13 seconds
