# sgmm2-latgen-faster --spk-vecs=ark:exp/sgmm2_4_ali/vecs.25 --utt2spk=ark:data/train/split30/25/utt2spk "--gselect=ark,s,cs:gunzip -c exp/sgmm2_4_ali/gselect.25.gz|" --beam=18.0 --lattice-beam=10.0 --acoustic-scale=0.2 --max-mem=20000000 --max-active=5000 --word-symbol-table=data/lang/words.txt exp/sgmm2_4_ali/final.mdl exp/sgmm2_4_denlats/dengraph/HCLG.fst "ark,s,cs:apply-cmvn --utt2spk=ark:data/train/split30/25/split30utt/21/utt2spk scp:data/train/split30/25/split30utt/21/cmvn.scp scp:data/train/split30/25/split30utt/21/feats.scp ark:- | splice-feats --left-context=3 --right-context=3 ark:- ark:- | transform-feats exp/sgmm2_4_ali/final.mat ark:- ark:- | transform-feats --utt2spk=ark:data/train/split30/25/split30utt/21/utt2spk ark:exp/tri3_ali/trans.25 ark:- ark:- |" "ark:|gzip -c >exp/sgmm2_4_denlats/lat.25.21.gz" 
# Started at Wed Feb 27 15:48:54 +07 2019
#
sgmm2-latgen-faster --spk-vecs=ark:exp/sgmm2_4_ali/vecs.25 --utt2spk=ark:data/train/split30/25/utt2spk '--gselect=ark,s,cs:gunzip -c exp/sgmm2_4_ali/gselect.25.gz|' --beam=18.0 --lattice-beam=10.0 --acoustic-scale=0.2 --max-mem=20000000 --max-active=5000 --word-symbol-table=data/lang/words.txt exp/sgmm2_4_ali/final.mdl exp/sgmm2_4_denlats/dengraph/HCLG.fst 'ark,s,cs:apply-cmvn --utt2spk=ark:data/train/split30/25/split30utt/21/utt2spk scp:data/train/split30/25/split30utt/21/cmvn.scp scp:data/train/split30/25/split30utt/21/feats.scp ark:- | splice-feats --left-context=3 --right-context=3 ark:- ark:- | transform-feats exp/sgmm2_4_ali/final.mat ark:- ark:- | transform-feats --utt2spk=ark:data/train/split30/25/split30utt/21/utt2spk ark:exp/tri3_ali/trans.25 ark:- ark:- |' 'ark:|gzip -c >exp/sgmm2_4_denlats/lat.25.21.gz' 
transform-feats --utt2spk=ark:data/train/split30/25/split30utt/21/utt2spk ark:exp/tri3_ali/trans.25 ark:- ark:- 
splice-feats --left-context=3 --right-context=3 ark:- ark:- 
transform-feats exp/sgmm2_4_ali/final.mat ark:- ark:- 
apply-cmvn --utt2spk=ark:data/train/split30/25/split30utt/21/utt2spk scp:data/train/split30/25/split30utt/21/cmvn.scp scp:data/train/split30/25/split30utt/21/feats.scp ark:- 
LOG (apply-cmvn[5.5.208~1-b0fc0]:main():apply-cmvn.cc:162) Applied cepstral mean normalization to 4 utterances, errors on 0
LOG (transform-feats[5.5.208~1-b0fc0]:main():transform-feats.cc:158) Overall average [pseudo-]logdet is -88.6037 over 1139 frames.
LOG (transform-feats[5.5.208~1-b0fc0]:main():transform-feats.cc:161) Applied transform to 4 utterances; 0 had errors.
MRLJ1_SI1671 sil dh ax n ay f l ay cl p ey n ix z vcl g r oy n ih r l ix vcl b r ao cl hh ix m vcl d aw n ix vcl g eh n sil 
LOG (sgmm2-latgen-faster[5.5.208~1-b0fc0]:DecodeUtteranceLatticeFaster():decoder-wrappers.cc:289) Log-like per frame for utterance MRLJ1_SI1671 is -8.85032 over 283 frames.
LOG (sgmm2-latgen-faster[5.5.208~1-b0fc0]:main():sgmm2-latgen-faster.cc:209) Log-like per frame for utterance MRLJ1_SI1671 is -8.85032 over 283 frames.
MRLJ1_SI2301 sil dh eh r ih cl p ix cl k y uw y er r eh cl t er vcl b y uw sh ix n ix n cl d iy vcl t s iy m z cl t uw ow v er cl t ey cl k s epi ah cl ch vcl jh ow cl k er s sil 
LOG (sgmm2-latgen-faster[5.5.208~1-b0fc0]:DecodeUtteranceLatticeFaster():decoder-wrappers.cc:289) Log-like per frame for utterance MRLJ1_SI2301 is -9.14073 over 401 frames.
LOG (sgmm2-latgen-faster[5.5.208~1-b0fc0]:main():sgmm2-latgen-faster.cc:209) Log-like per frame for utterance MRLJ1_SI2301 is -9.14073 over 401 frames.
LOG (transform-feats[5.5.208~1-b0fc0]:main():transform-feats.cc:158) Overall average logdet is 3.71503 over 1139 frames.
LOG (transform-feats[5.5.208~1-b0fc0]:main():transform-feats.cc:161) Applied transform to 4 utterances; 0 had errors.
MRLJ1_SI2332 sil ay s ao y er hh ao r s epi aw cl s ay vcl sil 
LOG (sgmm2-latgen-faster[5.5.208~1-b0fc0]:DecodeUtteranceLatticeFaster():decoder-wrappers.cc:289) Log-like per frame for utterance MRLJ1_SI2332 is -9.02318 over 154 frames.
LOG (sgmm2-latgen-faster[5.5.208~1-b0fc0]:main():sgmm2-latgen-faster.cc:209) Log-like per frame for utterance MRLJ1_SI2332 is -9.02318 over 154 frames.
MRLJ1_SX141 sil p l eh cl s cl t ax cl p er cl t ih s ix cl p ey dx ix n ax v ae dx eh z ix cl k w aa dx ix cl k aa m cl p ax cl t ih sh en sil 
LOG (sgmm2-latgen-faster[5.5.208~1-b0fc0]:DecodeUtteranceLatticeFaster():decoder-wrappers.cc:289) Log-like per frame for utterance MRLJ1_SX141 is -9.08419 over 301 frames.
LOG (sgmm2-latgen-faster[5.5.208~1-b0fc0]:main():sgmm2-latgen-faster.cc:209) Log-like per frame for utterance MRLJ1_SX141 is -9.08419 over 301 frames.
LOG (sgmm2-latgen-faster[5.5.208~1-b0fc0]:main():sgmm2-latgen-faster.cc:252) Time taken [excluding initialization] 15.1689s: real-time factor assuming 100 frames/sec is 1.33177
LOG (sgmm2-latgen-faster[5.5.208~1-b0fc0]:main():sgmm2-latgen-faster.cc:255) Done 4 utterances, failed for 0
LOG (sgmm2-latgen-faster[5.5.208~1-b0fc0]:main():sgmm2-latgen-faster.cc:257) Overall log-likelihood per frame = -9.03774 over 1139 frames.
WARNING (sgmm2-latgen-faster[5.5.208~1-b0fc0]:Close():kaldi-io.cc:515) Pipe gunzip -c exp/sgmm2_4_ali/gselect.25.gz| had nonzero return status 36096
# Accounting: time=16 threads=1
# Ended (code 0) at Wed Feb 27 15:49:10 +07 2019, elapsed time 16 seconds
