# sgmm2-latgen-faster --spk-vecs=ark:exp/sgmm2_4_ali/vecs.25 --utt2spk=ark:data/train/split30/25/utt2spk "--gselect=ark,s,cs:gunzip -c exp/sgmm2_4_ali/gselect.25.gz|" --beam=18.0 --lattice-beam=10.0 --acoustic-scale=0.2 --max-mem=20000000 --max-active=5000 --word-symbol-table=data/lang/words.txt exp/sgmm2_4_ali/final.mdl exp/sgmm2_4_denlats/dengraph/HCLG.fst "ark,s,cs:apply-cmvn --utt2spk=ark:data/train/split30/25/split30utt/7/utt2spk scp:data/train/split30/25/split30utt/7/cmvn.scp scp:data/train/split30/25/split30utt/7/feats.scp ark:- | splice-feats --left-context=3 --right-context=3 ark:- ark:- | transform-feats exp/sgmm2_4_ali/final.mat ark:- ark:- | transform-feats --utt2spk=ark:data/train/split30/25/split30utt/7/utt2spk ark:exp/tri3_ali/trans.25 ark:- ark:- |" "ark:|gzip -c >exp/sgmm2_4_denlats/lat.25.7.gz" 
# Started at Wed Feb 27 15:47:58 +07 2019
#
sgmm2-latgen-faster --spk-vecs=ark:exp/sgmm2_4_ali/vecs.25 --utt2spk=ark:data/train/split30/25/utt2spk '--gselect=ark,s,cs:gunzip -c exp/sgmm2_4_ali/gselect.25.gz|' --beam=18.0 --lattice-beam=10.0 --acoustic-scale=0.2 --max-mem=20000000 --max-active=5000 --word-symbol-table=data/lang/words.txt exp/sgmm2_4_ali/final.mdl exp/sgmm2_4_denlats/dengraph/HCLG.fst 'ark,s,cs:apply-cmvn --utt2spk=ark:data/train/split30/25/split30utt/7/utt2spk scp:data/train/split30/25/split30utt/7/cmvn.scp scp:data/train/split30/25/split30utt/7/feats.scp ark:- | splice-feats --left-context=3 --right-context=3 ark:- ark:- | transform-feats exp/sgmm2_4_ali/final.mat ark:- ark:- | transform-feats --utt2spk=ark:data/train/split30/25/split30utt/7/utt2spk ark:exp/tri3_ali/trans.25 ark:- ark:- |' 'ark:|gzip -c >exp/sgmm2_4_denlats/lat.25.7.gz' 
transform-feats exp/sgmm2_4_ali/final.mat ark:- ark:- 
transform-feats --utt2spk=ark:data/train/split30/25/split30utt/7/utt2spk ark:exp/tri3_ali/trans.25 ark:- ark:- 
apply-cmvn --utt2spk=ark:data/train/split30/25/split30utt/7/utt2spk scp:data/train/split30/25/split30utt/7/cmvn.scp scp:data/train/split30/25/split30utt/7/feats.scp ark:- 
splice-feats --left-context=3 --right-context=3 ark:- ark:- 
LOG (apply-cmvn[5.5.208~1-b0fc0]:main():apply-cmvn.cc:162) Applied cepstral mean normalization to 4 utterances, errors on 0
MRJH0_SI1519 sil dh ax th ao cl cl k ey m vcl b ae cl k sil dh ax w ah n ae vcl g iy n ae cl hh ih m sil dh iy z cl p ae s cl t f ao r vcl d ey z sil 
LOG (sgmm2-latgen-faster[5.5.208~1-b0fc0]:DecodeUtteranceLatticeFaster():decoder-wrappers.cc:289) Log-like per frame for utterance MRJH0_SI1519 is -8.19873 over 472 frames.
LOG (sgmm2-latgen-faster[5.5.208~1-b0fc0]:main():sgmm2-latgen-faster.cc:209) Log-like per frame for utterance MRJH0_SI1519 is -8.19873 over 472 frames.
LOG (transform-feats[5.5.208~1-b0fc0]:main():transform-feats.cc:158) Overall average [pseudo-]logdet is -88.6037 over 1619 frames.
LOG (transform-feats[5.5.208~1-b0fc0]:main():transform-feats.cc:161) Applied transform to 4 utterances; 0 had errors.
MRJH0_SI889 sil ix n m ow s cl k ey s ix z w ix r eh cl k ix cl n ay s er cl en w er vcl z cl p er s en z ae n ax m el z ao r aa vcl jh ix cl k s sil 
LOG (sgmm2-latgen-faster[5.5.208~1-b0fc0]:DecodeUtteranceLatticeFaster():decoder-wrappers.cc:289) Log-like per frame for utterance MRJH0_SI889 is -8.93738 over 477 frames.
LOG (sgmm2-latgen-faster[5.5.208~1-b0fc0]:main():sgmm2-latgen-faster.cc:209) Log-like per frame for utterance MRJH0_SI889 is -8.93738 over 477 frames.
MRJH0_SI914 sil hh ih f y uw vcl d uw uw sil g ow cl t uw ix cl t sil 
LOG (sgmm2-latgen-faster[5.5.208~1-b0fc0]:DecodeUtteranceLatticeFaster():decoder-wrappers.cc:289) Log-like per frame for utterance MRJH0_SI914 is -8.21188 over 209 frames.
LOG (sgmm2-latgen-faster[5.5.208~1-b0fc0]:main():sgmm2-latgen-faster.cc:209) Log-like per frame for utterance MRJH0_SI914 is -8.21188 over 209 frames.
LOG (transform-feats[5.5.208~1-b0fc0]:main():transform-feats.cc:158) Overall average logdet is 1.33301 over 1619 frames.
LOG (transform-feats[5.5.208~1-b0fc0]:main():transform-feats.cc:161) Applied transform to 4 utterances; 0 had errors.
MRJH0_SX169 sil hh aw w ix vcl jh uw ax v ae l y uw w ey cl t ix s eh l vcl jh ix vcl b r ey cl k ix cl k s cl p r eh sh ix n sil sil 
LOG (sgmm2-latgen-faster[5.5.208~1-b0fc0]:DecodeUtteranceLatticeFaster():decoder-wrappers.cc:289) Log-like per frame for utterance MRJH0_SX169 is -8.8527 over 461 frames.
LOG (sgmm2-latgen-faster[5.5.208~1-b0fc0]:main():sgmm2-latgen-faster.cc:209) Log-like per frame for utterance MRJH0_SX169 is -8.8527 over 461 frames.
LOG (sgmm2-latgen-faster[5.5.208~1-b0fc0]:main():sgmm2-latgen-faster.cc:252) Time taken [excluding initialization] 18.8447s: real-time factor assuming 100 frames/sec is 1.16397
LOG (sgmm2-latgen-faster[5.5.208~1-b0fc0]:main():sgmm2-latgen-faster.cc:255) Done 4 utterances, failed for 0
LOG (sgmm2-latgen-faster[5.5.208~1-b0fc0]:main():sgmm2-latgen-faster.cc:257) Overall log-likelihood per frame = -8.60427 over 1619 frames.
WARNING (sgmm2-latgen-faster[5.5.208~1-b0fc0]:Close():kaldi-io.cc:515) Pipe gunzip -c exp/sgmm2_4_ali/gselect.25.gz| had nonzero return status 36096
# Accounting: time=19 threads=1
# Ended (code 0) at Wed Feb 27 15:48:17 +07 2019, elapsed time 19 seconds
