# sgmm2-latgen-faster --spk-vecs=ark:exp/sgmm2_4_ali/vecs.25 --utt2spk=ark:data/train/split30/25/utt2spk "--gselect=ark,s,cs:gunzip -c exp/sgmm2_4_ali/gselect.25.gz|" --beam=18.0 --lattice-beam=10.0 --acoustic-scale=0.2 --max-mem=20000000 --max-active=5000 --word-symbol-table=data/lang/words.txt exp/sgmm2_4_ali/final.mdl exp/sgmm2_4_denlats/dengraph/HCLG.fst "ark,s,cs:apply-cmvn --utt2spk=ark:data/train/split30/25/split30utt/30/utt2spk scp:data/train/split30/25/split30utt/30/cmvn.scp scp:data/train/split30/25/split30utt/30/feats.scp ark:- | splice-feats --left-context=3 --right-context=3 ark:- ark:- | transform-feats exp/sgmm2_4_ali/final.mat ark:- ark:- | transform-feats --utt2spk=ark:data/train/split30/25/split30utt/30/utt2spk ark:exp/tri3_ali/trans.25 ark:- ark:- |" "ark:|gzip -c >exp/sgmm2_4_denlats/lat.25.30.gz" 
# Started at Wed Feb 27 15:49:27 +07 2019
#
sgmm2-latgen-faster --spk-vecs=ark:exp/sgmm2_4_ali/vecs.25 --utt2spk=ark:data/train/split30/25/utt2spk '--gselect=ark,s,cs:gunzip -c exp/sgmm2_4_ali/gselect.25.gz|' --beam=18.0 --lattice-beam=10.0 --acoustic-scale=0.2 --max-mem=20000000 --max-active=5000 --word-symbol-table=data/lang/words.txt exp/sgmm2_4_ali/final.mdl exp/sgmm2_4_denlats/dengraph/HCLG.fst 'ark,s,cs:apply-cmvn --utt2spk=ark:data/train/split30/25/split30utt/30/utt2spk scp:data/train/split30/25/split30utt/30/cmvn.scp scp:data/train/split30/25/split30utt/30/feats.scp ark:- | splice-feats --left-context=3 --right-context=3 ark:- ark:- | transform-feats exp/sgmm2_4_ali/final.mat ark:- ark:- | transform-feats --utt2spk=ark:data/train/split30/25/split30utt/30/utt2spk ark:exp/tri3_ali/trans.25 ark:- ark:- |' 'ark:|gzip -c >exp/sgmm2_4_denlats/lat.25.30.gz' 
transform-feats exp/sgmm2_4_ali/final.mat ark:- ark:- 
transform-feats --utt2spk=ark:data/train/split30/25/split30utt/30/utt2spk ark:exp/tri3_ali/trans.25 ark:- ark:- 
apply-cmvn --utt2spk=ark:data/train/split30/25/split30utt/30/utt2spk scp:data/train/split30/25/split30utt/30/cmvn.scp scp:data/train/split30/25/split30utt/30/feats.scp ark:- 
LOG (apply-cmvn[5.5.208~1-b0fc0]:main():apply-cmvn.cc:162) Applied cepstral mean normalization to 4 utterances, errors on 0
splice-feats --left-context=3 --right-context=3 ark:- ark:- 
LOG (transform-feats[5.5.208~1-b0fc0]:main():transform-feats.cc:158) Overall average [pseudo-]logdet is -88.6037 over 1177 frames.
LOG (transform-feats[5.5.208~1-b0fc0]:main():transform-feats.cc:161) Applied transform to 4 utterances; 0 had errors.
MRMG0_SX270 sil aa r hh aa l ah vcl d ey ey cl p r ix n z ax v ey l ax vcl b el cl t ax w ah s sil 
LOG (sgmm2-latgen-faster[5.5.208~1-b0fc0]:DecodeUtteranceLatticeFaster():decoder-wrappers.cc:289) Log-like per frame for utterance MRMG0_SX270 is -8.33269 over 267 frames.
LOG (sgmm2-latgen-faster[5.5.208~1-b0fc0]:main():sgmm2-latgen-faster.cc:209) Log-like per frame for utterance MRMG0_SX270 is -8.33269 over 267 frames.
MRMG0_SX360 sil ay ix s uw m oy s cl ch er w el vcl d ae m ix vcl jh dh ih s sh ih cl p s hh ah l sil 
LOG (sgmm2-latgen-faster[5.5.208~1-b0fc0]:DecodeUtteranceLatticeFaster():decoder-wrappers.cc:289) Log-like per frame for utterance MRMG0_SX360 is -8.37925 over 304 frames.
LOG (sgmm2-latgen-faster[5.5.208~1-b0fc0]:main():sgmm2-latgen-faster.cc:209) Log-like per frame for utterance MRMG0_SX360 is -8.37925 over 304 frames.
LOG (transform-feats[5.5.208~1-b0fc0]:main():transform-feats.cc:158) Overall average logdet is 2.3783 over 1177 frames.
LOG (transform-feats[5.5.208~1-b0fc0]:main():transform-feats.cc:161) Applied transform to 4 utterances; 0 had errors.
MRMG0_SX450 sil r oy ih vcl n ao r vcl dh ix s cl p ih r iy ix s vcl d ey cl t ah cl p oy n cl s ix n vcl d r ao ix ng dh ix vcl g r ae f sil 
LOG (sgmm2-latgen-faster[5.5.208~1-b0fc0]:DecodeUtteranceLatticeFaster():decoder-wrappers.cc:289) Log-like per frame for utterance MRMG0_SX450 is -8.26682 over 378 frames.
LOG (sgmm2-latgen-faster[5.5.208~1-b0fc0]:main():sgmm2-latgen-faster.cc:209) Log-like per frame for utterance MRMG0_SX450 is -8.26682 over 378 frames.
MRMG0_SX90 sil dh ah th ih ng cl k er ix z ax f ey m ax s cl k ah l cl ch er sil 
LOG (sgmm2-latgen-faster[5.5.208~1-b0fc0]:DecodeUtteranceLatticeFaster():decoder-wrappers.cc:289) Log-like per frame for utterance MRMG0_SX90 is -9.28403 over 228 frames.
LOG (sgmm2-latgen-faster[5.5.208~1-b0fc0]:main():sgmm2-latgen-faster.cc:209) Log-like per frame for utterance MRMG0_SX90 is -9.28403 over 228 frames.
LOG (sgmm2-latgen-faster[5.5.208~1-b0fc0]:main():sgmm2-latgen-faster.cc:252) Time taken [excluding initialization] 10.163s: real-time factor assuming 100 frames/sec is 0.863463
LOG (sgmm2-latgen-faster[5.5.208~1-b0fc0]:main():sgmm2-latgen-faster.cc:255) Done 4 utterances, failed for 0
LOG (sgmm2-latgen-faster[5.5.208~1-b0fc0]:main():sgmm2-latgen-faster.cc:257) Overall log-likelihood per frame = -8.50785 over 1177 frames.
# Accounting: time=11 threads=1
# Ended (code 0) at Wed Feb 27 15:49:38 +07 2019, elapsed time 11 seconds
