# sgmm2-latgen-faster --spk-vecs=ark:exp/sgmm2_4_ali/vecs.4 --utt2spk=ark:data/train/split30/4/utt2spk "--gselect=ark,s,cs:gunzip -c exp/sgmm2_4_ali/gselect.4.gz|" --beam=18.0 --lattice-beam=10.0 --acoustic-scale=0.2 --max-mem=20000000 --max-active=5000 --word-symbol-table=data/lang/words.txt exp/sgmm2_4_ali/final.mdl exp/sgmm2_4_denlats/dengraph/HCLG.fst "ark,s,cs:apply-cmvn --utt2spk=ark:data/train/split30/4/split30utt/30/utt2spk scp:data/train/split30/4/split30utt/30/cmvn.scp scp:data/train/split30/4/split30utt/30/feats.scp ark:- | splice-feats --left-context=3 --right-context=3 ark:- ark:- | transform-feats exp/sgmm2_4_ali/final.mat ark:- ark:- | transform-feats --utt2spk=ark:data/train/split30/4/split30utt/30/utt2spk ark:exp/tri3_ali/trans.4 ark:- ark:- |" "ark:|gzip -c >exp/sgmm2_4_denlats/lat.4.30.gz" 
# Started at Wed Feb 27 15:28:02 +07 2019
#
sgmm2-latgen-faster --spk-vecs=ark:exp/sgmm2_4_ali/vecs.4 --utt2spk=ark:data/train/split30/4/utt2spk '--gselect=ark,s,cs:gunzip -c exp/sgmm2_4_ali/gselect.4.gz|' --beam=18.0 --lattice-beam=10.0 --acoustic-scale=0.2 --max-mem=20000000 --max-active=5000 --word-symbol-table=data/lang/words.txt exp/sgmm2_4_ali/final.mdl exp/sgmm2_4_denlats/dengraph/HCLG.fst 'ark,s,cs:apply-cmvn --utt2spk=ark:data/train/split30/4/split30utt/30/utt2spk scp:data/train/split30/4/split30utt/30/cmvn.scp scp:data/train/split30/4/split30utt/30/feats.scp ark:- | splice-feats --left-context=3 --right-context=3 ark:- ark:- | transform-feats exp/sgmm2_4_ali/final.mat ark:- ark:- | transform-feats --utt2spk=ark:data/train/split30/4/split30utt/30/utt2spk ark:exp/tri3_ali/trans.4 ark:- ark:- |' 'ark:|gzip -c >exp/sgmm2_4_denlats/lat.4.30.gz' 
splice-feats --left-context=3 --right-context=3 ark:- ark:- 
apply-cmvn --utt2spk=ark:data/train/split30/4/split30utt/30/utt2spk scp:data/train/split30/4/split30utt/30/cmvn.scp scp:data/train/split30/4/split30utt/30/feats.scp ark:- 
LOG (apply-cmvn[5.5.208~1-b0fc0]:main():apply-cmvn.cc:162) Applied cepstral mean normalization to 4 utterances, errors on 0
transform-feats exp/sgmm2_4_ali/final.mat ark:- ark:- 
transform-feats --utt2spk=ark:data/train/split30/4/split30utt/30/utt2spk ark:exp/tri3_ali/trans.4 ark:- ark:- 
LOG (transform-feats[5.5.208~1-b0fc0]:main():transform-feats.cc:158) Overall average [pseudo-]logdet is -88.6037 over 1266 frames.
LOG (transform-feats[5.5.208~1-b0fc0]:main():transform-feats.cc:161) Applied transform to 4 utterances; 0 had errors.
FKDE0_SX241 sil dh ax hh ao l w ey ow cl p ix n s ix n cl t uh ey hh y uw vcl jh cl ch ey m vcl b er sil 
LOG (sgmm2-latgen-faster[5.5.208~1-b0fc0]:DecodeUtteranceLatticeFaster():decoder-wrappers.cc:289) Log-like per frame for utterance FKDE0_SX241 is -8.68539 over 274 frames.
LOG (sgmm2-latgen-faster[5.5.208~1-b0fc0]:main():sgmm2-latgen-faster.cc:209) Log-like per frame for utterance FKDE0_SX241 is -8.68539 over 274 frames.
FKDE0_SX331 sil dh ix vcl b ih vcl d ao vcl l ah v cl t ax cl ch y uw aa n dh iy ow l vcl d r ae vcl d ao l sil 
LOG (sgmm2-latgen-faster[5.5.208~1-b0fc0]:DecodeUtteranceLatticeFaster():decoder-wrappers.cc:289) Log-like per frame for utterance FKDE0_SX331 is -8.657 over 344 frames.
LOG (sgmm2-latgen-faster[5.5.208~1-b0fc0]:main():sgmm2-latgen-faster.cc:209) Log-like per frame for utterance FKDE0_SX331 is -8.657 over 344 frames.
LOG (transform-feats[5.5.208~1-b0fc0]:main():transform-feats.cc:158) Overall average logdet is 2.44805 over 1266 frames.
LOG (transform-feats[5.5.208~1-b0fc0]:main():transform-feats.cc:161) Applied transform to 4 utterances; 0 had errors.
FKDE0_SX421 sil dh ow z hh uw cl t iy cl ch v ae y uw z f er s cl t ax vcl b aa l ix sh cl ch iy dx ix ng sil 
LOG (sgmm2-latgen-faster[5.5.208~1-b0fc0]:DecodeUtteranceLatticeFaster():decoder-wrappers.cc:289) Log-like per frame for utterance FKDE0_SX421 is -8.63472 over 283 frames.
LOG (sgmm2-latgen-faster[5.5.208~1-b0fc0]:main():sgmm2-latgen-faster.cc:209) Log-like per frame for utterance FKDE0_SX421 is -8.63472 over 283 frames.
FKDE0_SX61 sil ch ao cl k l ih cl ih n r ow z ix z n eh v er f ey l ax s ax r ow m ae n cl t ix cl k iy ih f cl t sil 
LOG (sgmm2-latgen-faster[5.5.208~1-b0fc0]:DecodeUtteranceLatticeFaster():decoder-wrappers.cc:289) Log-like per frame for utterance FKDE0_SX61 is -8.94382 over 365 frames.
LOG (sgmm2-latgen-faster[5.5.208~1-b0fc0]:main():sgmm2-latgen-faster.cc:209) Log-like per frame for utterance FKDE0_SX61 is -8.94382 over 365 frames.
LOG (sgmm2-latgen-faster[5.5.208~1-b0fc0]:main():sgmm2-latgen-faster.cc:252) Time taken [excluding initialization] 13.1631s: real-time factor assuming 100 frames/sec is 1.03974
LOG (sgmm2-latgen-faster[5.5.208~1-b0fc0]:main():sgmm2-latgen-faster.cc:255) Done 4 utterances, failed for 0
LOG (sgmm2-latgen-faster[5.5.208~1-b0fc0]:main():sgmm2-latgen-faster.cc:257) Overall log-likelihood per frame = -8.74086 over 1266 frames.
# Accounting: time=14 threads=1
# Ended (code 0) at Wed Feb 27 15:28:16 +07 2019, elapsed time 14 seconds
