# sgmm2-latgen-faster --spk-vecs=ark:exp/sgmm2_4_ali/vecs.4 --utt2spk=ark:data/train/split30/4/utt2spk "--gselect=ark,s,cs:gunzip -c exp/sgmm2_4_ali/gselect.4.gz|" --beam=18.0 --lattice-beam=10.0 --acoustic-scale=0.2 --max-mem=20000000 --max-active=5000 --word-symbol-table=data/lang/words.txt exp/sgmm2_4_ali/final.mdl exp/sgmm2_4_denlats/dengraph/HCLG.fst "ark,s,cs:apply-cmvn --utt2spk=ark:data/train/split30/4/split30utt/29/utt2spk scp:data/train/split30/4/split30utt/29/cmvn.scp scp:data/train/split30/4/split30utt/29/feats.scp ark:- | splice-feats --left-context=3 --right-context=3 ark:- ark:- | transform-feats exp/sgmm2_4_ali/final.mat ark:- ark:- | transform-feats --utt2spk=ark:data/train/split30/4/split30utt/29/utt2spk ark:exp/tri3_ali/trans.4 ark:- ark:- |" "ark:|gzip -c >exp/sgmm2_4_denlats/lat.4.29.gz" 
# Started at Wed Feb 27 15:28:02 +07 2019
#
sgmm2-latgen-faster --spk-vecs=ark:exp/sgmm2_4_ali/vecs.4 --utt2spk=ark:data/train/split30/4/utt2spk '--gselect=ark,s,cs:gunzip -c exp/sgmm2_4_ali/gselect.4.gz|' --beam=18.0 --lattice-beam=10.0 --acoustic-scale=0.2 --max-mem=20000000 --max-active=5000 --word-symbol-table=data/lang/words.txt exp/sgmm2_4_ali/final.mdl exp/sgmm2_4_denlats/dengraph/HCLG.fst 'ark,s,cs:apply-cmvn --utt2spk=ark:data/train/split30/4/split30utt/29/utt2spk scp:data/train/split30/4/split30utt/29/cmvn.scp scp:data/train/split30/4/split30utt/29/feats.scp ark:- | splice-feats --left-context=3 --right-context=3 ark:- ark:- | transform-feats exp/sgmm2_4_ali/final.mat ark:- ark:- | transform-feats --utt2spk=ark:data/train/split30/4/split30utt/29/utt2spk ark:exp/tri3_ali/trans.4 ark:- ark:- |' 'ark:|gzip -c >exp/sgmm2_4_denlats/lat.4.29.gz' 
apply-cmvn --utt2spk=ark:data/train/split30/4/split30utt/29/utt2spk scp:data/train/split30/4/split30utt/29/cmvn.scp scp:data/train/split30/4/split30utt/29/feats.scp ark:- 
transform-feats --utt2spk=ark:data/train/split30/4/split30utt/29/utt2spk ark:exp/tri3_ali/trans.4 ark:- ark:- 
transform-feats exp/sgmm2_4_ali/final.mat ark:- ark:- 
splice-feats --left-context=3 --right-context=3 ark:- ark:- 
LOG (apply-cmvn[5.5.208~1-b0fc0]:main():apply-cmvn.cc:162) Applied cepstral mean normalization to 4 utterances, errors on 0
FKDE0_SI1141 sil dh ax s cl t eh cl m ah dh er ao l m l z cl t w ix th aw dx ix cl k s eh cl sh ih n hh ae z vcl b ih n p r iy z eh n ix dx ae z ax cl k r uw l ow vcl g er ix s sil 
LOG (sgmm2-latgen-faster[5.5.208~1-b0fc0]:DecodeUtteranceLatticeFaster():decoder-wrappers.cc:289) Log-like per frame for utterance FKDE0_SI1141 is -8.91818 over 470 frames.
LOG (sgmm2-latgen-faster[5.5.208~1-b0fc0]:main():sgmm2-latgen-faster.cc:209) Log-like per frame for utterance FKDE0_SI1141 is -8.91818 over 470 frames.
LOG (transform-feats[5.5.208~1-b0fc0]:main():transform-feats.cc:158) Overall average [pseudo-]logdet is -88.6037 over 1436 frames.
LOG (transform-feats[5.5.208~1-b0fc0]:main():transform-feats.cc:161) Applied transform to 4 utterances; 0 had errors.
FKDE0_SI1771 sil aa hh sil ah th ih cl k r ih m z ax m cl k aa r cl p ix cl m ah f el vcl d eh v r ix f uh cl f ao l sil 
LOG (sgmm2-latgen-faster[5.5.208~1-b0fc0]:DecodeUtteranceLatticeFaster():decoder-wrappers.cc:289) Log-like per frame for utterance FKDE0_SI1771 is -9.33412 over 450 frames.
LOG (sgmm2-latgen-faster[5.5.208~1-b0fc0]:main():sgmm2-latgen-faster.cc:209) Log-like per frame for utterance FKDE0_SI1771 is -9.33412 over 450 frames.
LOG (transform-feats[5.5.208~1-b0fc0]:main():transform-feats.cc:158) Overall average logdet is 2.44805 over 1436 frames.
LOG (transform-feats[5.5.208~1-b0fc0]:main():transform-feats.cc:161) Applied transform to 4 utterances; 0 had errors.
FKDE0_SI2221 sil dh ih s ih z ey s epi l iy cl p ix ng cl k ae cl p s el sil 
LOG (sgmm2-latgen-faster[5.5.208~1-b0fc0]:DecodeUtteranceLatticeFaster():decoder-wrappers.cc:289) Log-like per frame for utterance FKDE0_SI2221 is -8.8149 over 207 frames.
LOG (sgmm2-latgen-faster[5.5.208~1-b0fc0]:main():sgmm2-latgen-faster.cc:209) Log-like per frame for utterance FKDE0_SI2221 is -8.8149 over 207 frames.
FKDE0_SX151 sil dh ix cl p r iy v iy ix s cl p iy cl k er cl p r ix z eh n ix dx ae m vcl b ih vcl g y uw ax s r ix z ah l cl t s sil 
LOG (sgmm2-latgen-faster[5.5.208~1-b0fc0]:DecodeUtteranceLatticeFaster():decoder-wrappers.cc:289) Log-like per frame for utterance FKDE0_SX151 is -8.87271 over 309 frames.
LOG (sgmm2-latgen-faster[5.5.208~1-b0fc0]:main():sgmm2-latgen-faster.cc:209) Log-like per frame for utterance FKDE0_SX151 is -8.87271 over 309 frames.
LOG (sgmm2-latgen-faster[5.5.208~1-b0fc0]:main():sgmm2-latgen-faster.cc:252) Time taken [excluding initialization] 14.8905s: real-time factor assuming 100 frames/sec is 1.03694
LOG (sgmm2-latgen-faster[5.5.208~1-b0fc0]:main():sgmm2-latgen-faster.cc:255) Done 4 utterances, failed for 0
LOG (sgmm2-latgen-faster[5.5.208~1-b0fc0]:main():sgmm2-latgen-faster.cc:257) Overall log-likelihood per frame = -9.02385 over 1436 frames.
WARNING (sgmm2-latgen-faster[5.5.208~1-b0fc0]:Close():kaldi-io.cc:515) Pipe gunzip -c exp/sgmm2_4_ali/gselect.4.gz| had nonzero return status 36096
# Accounting: time=15 threads=1
# Ended (code 0) at Wed Feb 27 15:28:17 +07 2019, elapsed time 15 seconds
