# sgmm2-latgen-faster --spk-vecs=ark:exp/sgmm2_4_ali/vecs.4 --utt2spk=ark:data/train/split30/4/utt2spk "--gselect=ark,s,cs:gunzip -c exp/sgmm2_4_ali/gselect.4.gz|" --beam=18.0 --lattice-beam=10.0 --acoustic-scale=0.2 --max-mem=20000000 --max-active=5000 --word-symbol-table=data/lang/words.txt exp/sgmm2_4_ali/final.mdl exp/sgmm2_4_denlats/dengraph/HCLG.fst "ark,s,cs:apply-cmvn --utt2spk=ark:data/train/split30/4/split30utt/6/utt2spk scp:data/train/split30/4/split30utt/6/cmvn.scp scp:data/train/split30/4/split30utt/6/feats.scp ark:- | splice-feats --left-context=3 --right-context=3 ark:- ark:- | transform-feats exp/sgmm2_4_ali/final.mat ark:- ark:- | transform-feats --utt2spk=ark:data/train/split30/4/split30utt/6/utt2spk ark:exp/tri3_ali/trans.4 ark:- ark:- |" "ark:|gzip -c >exp/sgmm2_4_denlats/lat.4.6.gz" 
# Started at Wed Feb 27 15:26:35 +07 2019
#
sgmm2-latgen-faster --spk-vecs=ark:exp/sgmm2_4_ali/vecs.4 --utt2spk=ark:data/train/split30/4/utt2spk '--gselect=ark,s,cs:gunzip -c exp/sgmm2_4_ali/gselect.4.gz|' --beam=18.0 --lattice-beam=10.0 --acoustic-scale=0.2 --max-mem=20000000 --max-active=5000 --word-symbol-table=data/lang/words.txt exp/sgmm2_4_ali/final.mdl exp/sgmm2_4_denlats/dengraph/HCLG.fst 'ark,s,cs:apply-cmvn --utt2spk=ark:data/train/split30/4/split30utt/6/utt2spk scp:data/train/split30/4/split30utt/6/cmvn.scp scp:data/train/split30/4/split30utt/6/feats.scp ark:- | splice-feats --left-context=3 --right-context=3 ark:- ark:- | transform-feats exp/sgmm2_4_ali/final.mat ark:- ark:- | transform-feats --utt2spk=ark:data/train/split30/4/split30utt/6/utt2spk ark:exp/tri3_ali/trans.4 ark:- ark:- |' 'ark:|gzip -c >exp/sgmm2_4_denlats/lat.4.6.gz' 
splice-feats --left-context=3 --right-context=3 ark:- ark:- 
transform-feats exp/sgmm2_4_ali/final.mat ark:- ark:- 
apply-cmvn --utt2spk=ark:data/train/split30/4/split30utt/6/utt2spk scp:data/train/split30/4/split30utt/6/cmvn.scp scp:data/train/split30/4/split30utt/6/feats.scp ark:- 
LOG (apply-cmvn[5.5.208~1-b0fc0]:main():apply-cmvn.cc:162) Applied cepstral mean normalization to 4 utterances, errors on 0
transform-feats --utt2spk=ark:data/train/split30/4/split30utt/6/utt2spk ark:exp/tri3_ali/trans.4 ark:- ark:- 
LOG (transform-feats[5.5.208~1-b0fc0]:main():transform-feats.cc:158) Overall average [pseudo-]logdet is -88.6037 over 1145 frames.
LOG (transform-feats[5.5.208~1-b0fc0]:main():transform-feats.cc:161) Applied transform to 4 utterances; 0 had errors.
FJHK0_SX212 sil sil ay vcl g ey v ix m s eh v el cl ch oy s ix z en l ah cl dh ax m s eh cl dh ax cl p r ay ao er dx iy z sil 
LOG (sgmm2-latgen-faster[5.5.208~1-b0fc0]:DecodeUtteranceLatticeFaster():decoder-wrappers.cc:289) Log-like per frame for utterance FJHK0_SX212 is -9.04994 over 359 frames.
LOG (sgmm2-latgen-faster[5.5.208~1-b0fc0]:main():sgmm2-latgen-faster.cc:209) Log-like per frame for utterance FJHK0_SX212 is -9.04994 over 359 frames.
FJHK0_SX302 sil t ow f uw ih z m ey vcl f ax m cl p r aa s eh s cl s oy vcl b iy n z sil 
LOG (sgmm2-latgen-faster[5.5.208~1-b0fc0]:DecodeUtteranceLatticeFaster():decoder-wrappers.cc:289) Log-like per frame for utterance FJHK0_SX302 is -8.63324 over 244 frames.
LOG (sgmm2-latgen-faster[5.5.208~1-b0fc0]:main():sgmm2-latgen-faster.cc:209) Log-like per frame for utterance FJHK0_SX302 is -8.63324 over 244 frames.
LOG (transform-feats[5.5.208~1-b0fc0]:main():transform-feats.cc:158) Overall average logdet is 5.05398 over 1145 frames.
LOG (transform-feats[5.5.208~1-b0fc0]:main():transform-feats.cc:161) Applied transform to 4 utterances; 0 had errors.
FJHK0_SX32 sil ih cl s f ah n d ix v r ow s m aa r sh epi m eh l ax z ah n ih vcl g ae s vcl b er n er sil 
LOG (sgmm2-latgen-faster[5.5.208~1-b0fc0]:DecodeUtteranceLatticeFaster():decoder-wrappers.cc:289) Log-like per frame for utterance FJHK0_SX32 is -9.27123 over 255 frames.
LOG (sgmm2-latgen-faster[5.5.208~1-b0fc0]:main():sgmm2-latgen-faster.cc:209) Log-like per frame for utterance FJHK0_SX32 is -9.27123 over 255 frames.
FJHK0_SX392 sil ah y ah ng m aw s cl k ae m cl p er dx ix cl k r ao s dh ax f iy l vcl d ax n vcl d ix s ax cl p ih er vcl d sil 
LOG (sgmm2-latgen-faster[5.5.208~1-b0fc0]:DecodeUtteranceLatticeFaster():decoder-wrappers.cc:289) Log-like per frame for utterance FJHK0_SX392 is -8.82784 over 287 frames.
LOG (sgmm2-latgen-faster[5.5.208~1-b0fc0]:main():sgmm2-latgen-faster.cc:209) Log-like per frame for utterance FJHK0_SX392 is -8.82784 over 287 frames.
LOG (sgmm2-latgen-faster[5.5.208~1-b0fc0]:main():sgmm2-latgen-faster.cc:252) Time taken [excluding initialization] 13.4288s: real-time factor assuming 100 frames/sec is 1.17282
LOG (sgmm2-latgen-faster[5.5.208~1-b0fc0]:main():sgmm2-latgen-faster.cc:255) Done 4 utterances, failed for 0
LOG (sgmm2-latgen-faster[5.5.208~1-b0fc0]:main():sgmm2-latgen-faster.cc:257) Overall log-likelihood per frame = -8.95475 over 1145 frames.
WARNING (sgmm2-latgen-faster[5.5.208~1-b0fc0]:Close():kaldi-io.cc:515) Pipe gunzip -c exp/sgmm2_4_ali/gselect.4.gz| had nonzero return status 36096
# Accounting: time=14 threads=1
# Ended (code 0) at Wed Feb 27 15:26:49 +07 2019, elapsed time 14 seconds
