# sgmm2-latgen-faster --spk-vecs=ark:exp/sgmm2_4_ali/vecs.17 --utt2spk=ark:data/train/split30/17/utt2spk "--gselect=ark,s,cs:gunzip -c exp/sgmm2_4_ali/gselect.17.gz|" --beam=18.0 --lattice-beam=10.0 --acoustic-scale=0.2 --max-mem=20000000 --max-active=5000 --word-symbol-table=data/lang/words.txt exp/sgmm2_4_ali/final.mdl exp/sgmm2_4_denlats/dengraph/HCLG.fst "ark,s,cs:apply-cmvn --utt2spk=ark:data/train/split30/17/split30utt/2/utt2spk scp:data/train/split30/17/split30utt/2/cmvn.scp scp:data/train/split30/17/split30utt/2/feats.scp ark:- | splice-feats --left-context=3 --right-context=3 ark:- ark:- | transform-feats exp/sgmm2_4_ali/final.mat ark:- ark:- | transform-feats --utt2spk=ark:data/train/split30/17/split30utt/2/utt2spk ark:exp/tri3_ali/trans.17 ark:- ark:- |" "ark:|gzip -c >exp/sgmm2_4_denlats/lat.17.2.gz" 
# Started at Wed Feb 27 15:39:51 +07 2019
#
sgmm2-latgen-faster --spk-vecs=ark:exp/sgmm2_4_ali/vecs.17 --utt2spk=ark:data/train/split30/17/utt2spk '--gselect=ark,s,cs:gunzip -c exp/sgmm2_4_ali/gselect.17.gz|' --beam=18.0 --lattice-beam=10.0 --acoustic-scale=0.2 --max-mem=20000000 --max-active=5000 --word-symbol-table=data/lang/words.txt exp/sgmm2_4_ali/final.mdl exp/sgmm2_4_denlats/dengraph/HCLG.fst 'ark,s,cs:apply-cmvn --utt2spk=ark:data/train/split30/17/split30utt/2/utt2spk scp:data/train/split30/17/split30utt/2/cmvn.scp scp:data/train/split30/17/split30utt/2/feats.scp ark:- | splice-feats --left-context=3 --right-context=3 ark:- ark:- | transform-feats exp/sgmm2_4_ali/final.mat ark:- ark:- | transform-feats --utt2spk=ark:data/train/split30/17/split30utt/2/utt2spk ark:exp/tri3_ali/trans.17 ark:- ark:- |' 'ark:|gzip -c >exp/sgmm2_4_denlats/lat.17.2.gz' 
splice-feats --left-context=3 --right-context=3 ark:- ark:- 
transform-feats exp/sgmm2_4_ali/final.mat ark:- ark:- 
apply-cmvn --utt2spk=ark:data/train/split30/17/split30utt/2/utt2spk scp:data/train/split30/17/split30utt/2/cmvn.scp scp:data/train/split30/17/split30utt/2/feats.scp ark:- 
LOG (apply-cmvn[5.5.208~1-b0fc0]:main():apply-cmvn.cc:162) Applied cepstral mean normalization to 4 utterances, errors on 0
transform-feats --utt2spk=ark:data/train/split30/17/split30utt/2/utt2spk ark:exp/tri3_ali/trans.17 ark:- ark:- 
LOG (transform-feats[5.5.208~1-b0fc0]:main():transform-feats.cc:158) Overall average [pseudo-]logdet is -88.6037 over 860 frames.
LOG (transform-feats[5.5.208~1-b0fc0]:main():transform-feats.cc:161) Applied transform to 4 utterances; 0 had errors.
MILB0_SX273 sil dh iy ae ng vcl g r iy vcl b oy ae n cl s er vcl b ix cl d ix dx en l uh cl k ah cl sil 
LOG (sgmm2-latgen-faster[5.5.208~1-b0fc0]:DecodeUtteranceLatticeFaster():decoder-wrappers.cc:289) Log-like per frame for utterance MILB0_SX273 is -9.23745 over 213 frames.
LOG (sgmm2-latgen-faster[5.5.208~1-b0fc0]:main():sgmm2-latgen-faster.cc:209) Log-like per frame for utterance MILB0_SX273 is -9.23745 over 213 frames.
MILB0_SX3 sil dh ih s ax z iy z iy f er ah s sil 
LOG (sgmm2-latgen-faster[5.5.208~1-b0fc0]:DecodeUtteranceLatticeFaster():decoder-wrappers.cc:289) Log-like per frame for utterance MILB0_SX3 is -8.07593 over 193 frames.
LOG (sgmm2-latgen-faster[5.5.208~1-b0fc0]:main():sgmm2-latgen-faster.cc:209) Log-like per frame for utterance MILB0_SX3 is -8.07593 over 193 frames.
LOG (transform-feats[5.5.208~1-b0fc0]:main():transform-feats.cc:158) Overall average logdet is 3.16374 over 860 frames.
LOG (transform-feats[5.5.208~1-b0fc0]:main():transform-feats.cc:161) Applied transform to 4 utterances; 0 had errors.
MILB0_SX363 sil dh ix cl k aw w ah n d er vcl d f r m dh ax f aa r m l eh n d ix n vcl b iy cl k ey m l ao s cl t sil 
LOG (sgmm2-latgen-faster[5.5.208~1-b0fc0]:DecodeUtteranceLatticeFaster():decoder-wrappers.cc:289) Log-like per frame for utterance MILB0_SX363 is -9.16069 over 260 frames.
LOG (sgmm2-latgen-faster[5.5.208~1-b0fc0]:main():sgmm2-latgen-faster.cc:209) Log-like per frame for utterance MILB0_SX363 is -9.16069 over 260 frames.
MILB0_SX93 sil k ah dx ax s epi m ao l cl k ao r n er aa f iy cl ch eh vcl jh sil 
LOG (sgmm2-latgen-faster[5.5.208~1-b0fc0]:DecodeUtteranceLatticeFaster():decoder-wrappers.cc:289) Log-like per frame for utterance MILB0_SX93 is -9.076 over 194 frames.
LOG (sgmm2-latgen-faster[5.5.208~1-b0fc0]:main():sgmm2-latgen-faster.cc:209) Log-like per frame for utterance MILB0_SX93 is -9.076 over 194 frames.
LOG (sgmm2-latgen-faster[5.5.208~1-b0fc0]:main():sgmm2-latgen-faster.cc:252) Time taken [excluding initialization] 8.54497s: real-time factor assuming 100 frames/sec is 0.993601
LOG (sgmm2-latgen-faster[5.5.208~1-b0fc0]:main():sgmm2-latgen-faster.cc:255) Done 4 utterances, failed for 0
LOG (sgmm2-latgen-faster[5.5.208~1-b0fc0]:main():sgmm2-latgen-faster.cc:257) Overall log-likelihood per frame = -8.91716 over 860 frames.
WARNING (sgmm2-latgen-faster[5.5.208~1-b0fc0]:Close():kaldi-io.cc:515) Pipe gunzip -c exp/sgmm2_4_ali/gselect.17.gz| had nonzero return status 36096
# Accounting: time=10 threads=1
# Ended (code 0) at Wed Feb 27 15:40:01 +07 2019, elapsed time 10 seconds
