# sgmm2-latgen-faster --spk-vecs=ark:exp/sgmm2_4_ali/vecs.17 --utt2spk=ark:data/train/split30/17/utt2spk "--gselect=ark,s,cs:gunzip -c exp/sgmm2_4_ali/gselect.17.gz|" --beam=18.0 --lattice-beam=10.0 --acoustic-scale=0.2 --max-mem=20000000 --max-active=5000 --word-symbol-table=data/lang/words.txt exp/sgmm2_4_ali/final.mdl exp/sgmm2_4_denlats/dengraph/HCLG.fst "ark,s,cs:apply-cmvn --utt2spk=ark:data/train/split30/17/split30utt/10/utt2spk scp:data/train/split30/17/split30utt/10/cmvn.scp scp:data/train/split30/17/split30utt/10/feats.scp ark:- | splice-feats --left-context=3 --right-context=3 ark:- ark:- | transform-feats exp/sgmm2_4_ali/final.mat ark:- ark:- | transform-feats --utt2spk=ark:data/train/split30/17/split30utt/10/utt2spk ark:exp/tri3_ali/trans.17 ark:- ark:- |" "ark:|gzip -c >exp/sgmm2_4_denlats/lat.17.10.gz" 
# Started at Wed Feb 27 15:40:14 +07 2019
#
sgmm2-latgen-faster --spk-vecs=ark:exp/sgmm2_4_ali/vecs.17 --utt2spk=ark:data/train/split30/17/utt2spk '--gselect=ark,s,cs:gunzip -c exp/sgmm2_4_ali/gselect.17.gz|' --beam=18.0 --lattice-beam=10.0 --acoustic-scale=0.2 --max-mem=20000000 --max-active=5000 --word-symbol-table=data/lang/words.txt exp/sgmm2_4_ali/final.mdl exp/sgmm2_4_denlats/dengraph/HCLG.fst 'ark,s,cs:apply-cmvn --utt2spk=ark:data/train/split30/17/split30utt/10/utt2spk scp:data/train/split30/17/split30utt/10/cmvn.scp scp:data/train/split30/17/split30utt/10/feats.scp ark:- | splice-feats --left-context=3 --right-context=3 ark:- ark:- | transform-feats exp/sgmm2_4_ali/final.mat ark:- ark:- | transform-feats --utt2spk=ark:data/train/split30/17/split30utt/10/utt2spk ark:exp/tri3_ali/trans.17 ark:- ark:- |' 'ark:|gzip -c >exp/sgmm2_4_denlats/lat.17.10.gz' 
transform-feats exp/sgmm2_4_ali/final.mat ark:- ark:- 
splice-feats --left-context=3 --right-context=3 ark:- ark:- 
transform-feats --utt2spk=ark:data/train/split30/17/split30utt/10/utt2spk ark:exp/tri3_ali/trans.17 ark:- ark:- 
apply-cmvn --utt2spk=ark:data/train/split30/17/split30utt/10/utt2spk scp:data/train/split30/17/split30utt/10/cmvn.scp scp:data/train/split30/17/split30utt/10/feats.scp ark:- 
LOG (apply-cmvn[5.5.208~1-b0fc0]:main():apply-cmvn.cc:162) Applied cepstral mean normalization to 4 utterances, errors on 0
LOG (transform-feats[5.5.208~1-b0fc0]:main():transform-feats.cc:158) Overall average [pseudo-]logdet is -88.6037 over 1367 frames.
LOG (transform-feats[5.5.208~1-b0fc0]:main():transform-feats.cc:161) Applied transform to 4 utterances; 0 had errors.
MJBG0_SX242 sil m ey ay ao r dx er ax s cl t r ao vcl b er iy s ah n vcl d ey ae f cl t er ay iy cl d ih n er sil 
LOG (sgmm2-latgen-faster[5.5.208~1-b0fc0]:DecodeUtteranceLatticeFaster():decoder-wrappers.cc:289) Log-like per frame for utterance MJBG0_SX242 is -8.05904 over 323 frames.
LOG (sgmm2-latgen-faster[5.5.208~1-b0fc0]:main():sgmm2-latgen-faster.cc:209) Log-like per frame for utterance MJBG0_SX242 is -8.05904 over 323 frames.
MJBG0_SX332 sil t aa vcl p l ey s cl t cl t aa cl p r ay ao er dx iy aa n vcl g eh dx ih ng hh ix z vcl b ay cl k f eh cl k s cl t sil 
LOG (sgmm2-latgen-faster[5.5.208~1-b0fc0]:DecodeUtteranceLatticeFaster():decoder-wrappers.cc:289) Log-like per frame for utterance MJBG0_SX332 is -8.75228 over 376 frames.
LOG (sgmm2-latgen-faster[5.5.208~1-b0fc0]:main():sgmm2-latgen-faster.cc:209) Log-like per frame for utterance MJBG0_SX332 is -8.75228 over 376 frames.
LOG (transform-feats[5.5.208~1-b0fc0]:main():transform-feats.cc:158) Overall average logdet is 1.37198 over 1367 frames.
LOG (transform-feats[5.5.208~1-b0fc0]:main():transform-feats.cc:161) Applied transform to 4 utterances; 0 had errors.
MJBG0_SX422 sil w ah n s y uw f ih n ih sh vcl g r iy s ih ng y er cl ch ey n sil b iy sh er dx ax w aa sh th er ax l iy sil 
LOG (sgmm2-latgen-faster[5.5.208~1-b0fc0]:DecodeUtteranceLatticeFaster():decoder-wrappers.cc:289) Log-like per frame for utterance MJBG0_SX422 is -8.67992 over 374 frames.
LOG (sgmm2-latgen-faster[5.5.208~1-b0fc0]:main():sgmm2-latgen-faster.cc:209) Log-like per frame for utterance MJBG0_SX422 is -8.67992 over 374 frames.
MJBG0_SX62 sil ih n iy cl k aa n cl t r vcl b y uw sh ix n z w el vcl b iy vcl g r ey cl l iy ix cl p r iy sh iy ey dx ix vcl d sil 
LOG (sgmm2-latgen-faster[5.5.208~1-b0fc0]:DecodeUtteranceLatticeFaster():decoder-wrappers.cc:289) Log-like per frame for utterance MJBG0_SX62 is -8.75932 over 294 frames.
LOG (sgmm2-latgen-faster[5.5.208~1-b0fc0]:main():sgmm2-latgen-faster.cc:209) Log-like per frame for utterance MJBG0_SX62 is -8.75932 over 294 frames.
LOG (sgmm2-latgen-faster[5.5.208~1-b0fc0]:main():sgmm2-latgen-faster.cc:252) Time taken [excluding initialization] 13.8551s: real-time factor assuming 100 frames/sec is 1.01354
LOG (sgmm2-latgen-faster[5.5.208~1-b0fc0]:main():sgmm2-latgen-faster.cc:255) Done 4 utterances, failed for 0
LOG (sgmm2-latgen-faster[5.5.208~1-b0fc0]:main():sgmm2-latgen-faster.cc:257) Overall log-likelihood per frame = -8.5702 over 1367 frames.
WARNING (sgmm2-latgen-faster[5.5.208~1-b0fc0]:Close():kaldi-io.cc:515) Pipe gunzip -c exp/sgmm2_4_ali/gselect.17.gz| had nonzero return status 36096
# Accounting: time=15 threads=1
# Ended (code 0) at Wed Feb 27 15:40:29 +07 2019, elapsed time 15 seconds
