# sgmm2-latgen-faster --spk-vecs=ark:exp/sgmm2_4_ali/vecs.17 --utt2spk=ark:data/train/split30/17/utt2spk "--gselect=ark,s,cs:gunzip -c exp/sgmm2_4_ali/gselect.17.gz|" --beam=18.0 --lattice-beam=10.0 --acoustic-scale=0.2 --max-mem=20000000 --max-active=5000 --word-symbol-table=data/lang/words.txt exp/sgmm2_4_ali/final.mdl exp/sgmm2_4_denlats/dengraph/HCLG.fst "ark,s,cs:apply-cmvn --utt2spk=ark:data/train/split30/17/split30utt/22/utt2spk scp:data/train/split30/17/split30utt/22/cmvn.scp scp:data/train/split30/17/split30utt/22/feats.scp ark:- | splice-feats --left-context=3 --right-context=3 ark:- ark:- | transform-feats exp/sgmm2_4_ali/final.mat ark:- ark:- | transform-feats --utt2spk=ark:data/train/split30/17/split30utt/22/utt2spk ark:exp/tri3_ali/trans.17 ark:- ark:- |" "ark:|gzip -c >exp/sgmm2_4_denlats/lat.17.22.gz" 
# Started at Wed Feb 27 15:40:58 +07 2019
#
sgmm2-latgen-faster --spk-vecs=ark:exp/sgmm2_4_ali/vecs.17 --utt2spk=ark:data/train/split30/17/utt2spk '--gselect=ark,s,cs:gunzip -c exp/sgmm2_4_ali/gselect.17.gz|' --beam=18.0 --lattice-beam=10.0 --acoustic-scale=0.2 --max-mem=20000000 --max-active=5000 --word-symbol-table=data/lang/words.txt exp/sgmm2_4_ali/final.mdl exp/sgmm2_4_denlats/dengraph/HCLG.fst 'ark,s,cs:apply-cmvn --utt2spk=ark:data/train/split30/17/split30utt/22/utt2spk scp:data/train/split30/17/split30utt/22/cmvn.scp scp:data/train/split30/17/split30utt/22/feats.scp ark:- | splice-feats --left-context=3 --right-context=3 ark:- ark:- | transform-feats exp/sgmm2_4_ali/final.mat ark:- ark:- | transform-feats --utt2spk=ark:data/train/split30/17/split30utt/22/utt2spk ark:exp/tri3_ali/trans.17 ark:- ark:- |' 'ark:|gzip -c >exp/sgmm2_4_denlats/lat.17.22.gz' 
transform-feats exp/sgmm2_4_ali/final.mat ark:- ark:- 
transform-feats --utt2spk=ark:data/train/split30/17/split30utt/22/utt2spk ark:exp/tri3_ali/trans.17 ark:- ark:- 
apply-cmvn --utt2spk=ark:data/train/split30/17/split30utt/22/utt2spk scp:data/train/split30/17/split30utt/22/cmvn.scp scp:data/train/split30/17/split30utt/22/feats.scp ark:- 
LOG (apply-cmvn[5.5.208~1-b0fc0]:main():apply-cmvn.cc:162) Applied cepstral mean normalization to 4 utterances, errors on 0
splice-feats --left-context=3 --right-context=3 ark:- ark:- 
LOG (transform-feats[5.5.208~1-b0fc0]:main():transform-feats.cc:158) Overall average [pseudo-]logdet is -88.6037 over 1033 frames.
LOG (transform-feats[5.5.208~1-b0fc0]:main():transform-feats.cc:161) Applied transform to 4 utterances; 0 had errors.
MJEB0_SX206 sil w ix n cl p iy l iy ix n ao r ix n vcl jh ix dx ix z hh aa r vcl n aa cl t ax s cl p r ey vcl jh uw s sil sil 
LOG (sgmm2-latgen-faster[5.5.208~1-b0fc0]:DecodeUtteranceLatticeFaster():decoder-wrappers.cc:289) Log-like per frame for utterance MJEB0_SX206 is -8.48247 over 334 frames.
LOG (sgmm2-latgen-faster[5.5.208~1-b0fc0]:main():sgmm2-latgen-faster.cc:209) Log-like per frame for utterance MJEB0_SX206 is -8.48247 over 334 frames.
MJEB0_SX26 sil m ow s cl y ah ng r ay z er l iy eh v r ix m ao r n ix ng sil 
LOG (sgmm2-latgen-faster[5.5.208~1-b0fc0]:DecodeUtteranceLatticeFaster():decoder-wrappers.cc:289) Log-like per frame for utterance MJEB0_SX26 is -7.82747 over 215 frames.
LOG (sgmm2-latgen-faster[5.5.208~1-b0fc0]:main():sgmm2-latgen-faster.cc:209) Log-like per frame for utterance MJEB0_SX26 is -7.82747 over 215 frames.
LOG (transform-feats[5.5.208~1-b0fc0]:main():transform-feats.cc:158) Overall average logdet is 2.36391 over 1033 frames.
LOG (transform-feats[5.5.208~1-b0fc0]:main():transform-feats.cc:161) Applied transform to 4 utterances; 0 had errors.
MJEB0_SX296 sil dh ix cl t uw aa r dx ix s ih cl k s cl ch ey n jh vcl d ao dx ix vcl r ae f s sil 
LOG (sgmm2-latgen-faster[5.5.208~1-b0fc0]:DecodeUtteranceLatticeFaster():decoder-wrappers.cc:289) Log-like per frame for utterance MJEB0_SX296 is -9.17815 over 259 frames.
LOG (sgmm2-latgen-faster[5.5.208~1-b0fc0]:main():sgmm2-latgen-faster.cc:209) Log-like per frame for utterance MJEB0_SX296 is -9.17815 over 259 frames.
MJEB0_SX386 sil w ih cl ch cl ch er cl ch vcl d ax dh ax s m ih th s epi w er sh ix cl p ih n sil 
LOG (sgmm2-latgen-faster[5.5.208~1-b0fc0]:DecodeUtteranceLatticeFaster():decoder-wrappers.cc:289) Log-like per frame for utterance MJEB0_SX386 is -9.7602 over 225 frames.
LOG (sgmm2-latgen-faster[5.5.208~1-b0fc0]:main():sgmm2-latgen-faster.cc:209) Log-like per frame for utterance MJEB0_SX386 is -9.7602 over 225 frames.
LOG (sgmm2-latgen-faster[5.5.208~1-b0fc0]:main():sgmm2-latgen-faster.cc:252) Time taken [excluding initialization] 12.1538s: real-time factor assuming 100 frames/sec is 1.17655
LOG (sgmm2-latgen-faster[5.5.208~1-b0fc0]:main():sgmm2-latgen-faster.cc:255) Done 4 utterances, failed for 0
LOG (sgmm2-latgen-faster[5.5.208~1-b0fc0]:main():sgmm2-latgen-faster.cc:257) Overall log-likelihood per frame = -8.79887 over 1033 frames.
WARNING (sgmm2-latgen-faster[5.5.208~1-b0fc0]:Close():kaldi-io.cc:515) Pipe gunzip -c exp/sgmm2_4_ali/gselect.17.gz| had nonzero return status 36096
# Accounting: time=13 threads=1
# Ended (code 0) at Wed Feb 27 15:41:11 +07 2019, elapsed time 13 seconds
