# gmm-gselect --n=25 "--gselect=ark,s,cs:gunzip -c exp/ubm4/gselect.1.gz|" "fgmm-global-to-gmm exp/ubm4/2.ubm - |" "ark,s,cs:apply-cmvn  --utt2spk=ark:data/train/split30/1/utt2spk scp:data/train/split30/1/cmvn.scp scp:data/train/split30/1/feats.scp ark:- | splice-feats --left-context=3 --right-context=3 ark:- ark:- | transform-feats exp/tri3_ali/final.mat ark:- ark:- | transform-feats --utt2spk=ark:data/train/split30/1/utt2spk ark,s,cs:exp/tri3_ali/trans.1 ark:- ark:- |" ark:- | fgmm-global-acc-stats --gselect=ark,s,cs:- exp/ubm4/2.ubm "ark,s,cs:apply-cmvn  --utt2spk=ark:data/train/split30/1/utt2spk scp:data/train/split30/1/cmvn.scp scp:data/train/split30/1/feats.scp ark:- | splice-feats --left-context=3 --right-context=3 ark:- ark:- | transform-feats exp/tri3_ali/final.mat ark:- ark:- | transform-feats --utt2spk=ark:data/train/split30/1/utt2spk ark,s,cs:exp/tri3_ali/trans.1 ark:- ark:- |" exp/ubm4/2.1.acc 
# Started at Wed Feb 27 14:41:13 +07 2019
#
fgmm-global-acc-stats --gselect=ark,s,cs:- exp/ubm4/2.ubm 'ark,s,cs:apply-cmvn  --utt2spk=ark:data/train/split30/1/utt2spk scp:data/train/split30/1/cmvn.scp scp:data/train/split30/1/feats.scp ark:- | splice-feats --left-context=3 --right-context=3 ark:- ark:- | transform-feats exp/tri3_ali/final.mat ark:- ark:- | transform-feats --utt2spk=ark:data/train/split30/1/utt2spk ark,s,cs:exp/tri3_ali/trans.1 ark:- ark:- |' exp/ubm4/2.1.acc 
gmm-gselect --n=25 '--gselect=ark,s,cs:gunzip -c exp/ubm4/gselect.1.gz|' 'fgmm-global-to-gmm exp/ubm4/2.ubm - |' 'ark,s,cs:apply-cmvn  --utt2spk=ark:data/train/split30/1/utt2spk scp:data/train/split30/1/cmvn.scp scp:data/train/split30/1/feats.scp ark:- | splice-feats --left-context=3 --right-context=3 ark:- ark:- | transform-feats exp/tri3_ali/final.mat ark:- ark:- | transform-feats --utt2spk=ark:data/train/split30/1/utt2spk ark,s,cs:exp/tri3_ali/trans.1 ark:- ark:- |' ark:- 
fgmm-global-to-gmm exp/ubm4/2.ubm - 
splice-feats --left-context=3 --right-context=3 ark:- ark:- 
apply-cmvn --utt2spk=ark:data/train/split30/1/utt2spk scp:data/train/split30/1/cmvn.scp scp:data/train/split30/1/feats.scp ark:- 
transform-feats exp/tri3_ali/final.mat ark:- ark:- 
transform-feats --utt2spk=ark:data/train/split30/1/utt2spk ark,s,cs:exp/tri3_ali/trans.1 ark:- ark:- 
LOG (fgmm-global-to-gmm[5.5.208~1-b0fc0]:main():fgmm-global-to-gmm.cc:58) Written diagonal GMM to -
transform-feats --utt2spk=ark:data/train/split30/1/utt2spk ark,s,cs:exp/tri3_ali/trans.1 ark:- ark:- 
transform-feats exp/tri3_ali/final.mat ark:- ark:- 
splice-feats --left-context=3 --right-context=3 ark:- ark:- 
apply-cmvn --utt2spk=ark:data/train/split30/1/utt2spk scp:data/train/split30/1/cmvn.scp scp:data/train/split30/1/feats.scp ark:- 
LOG (gmm-gselect[5.5.208~1-b0fc0]:main():gmm-gselect.cc:114) For 0'th file, average UBM likelihood over 474 frames is -54.9074
LOG (gmm-gselect[5.5.208~1-b0fc0]:main():gmm-gselect.cc:114) For 10'th file, average UBM likelihood over 491 frames is -55.3026
LOG (gmm-gselect[5.5.208~1-b0fc0]:main():gmm-gselect.cc:114) For 20'th file, average UBM likelihood over 264 frames is -51.768
LOG (gmm-gselect[5.5.208~1-b0fc0]:main():gmm-gselect.cc:114) For 30'th file, average UBM likelihood over 193 frames is -51.9816
LOG (gmm-gselect[5.5.208~1-b0fc0]:main():gmm-gselect.cc:114) For 40'th file, average UBM likelihood over 356 frames is -56.299
LOG (gmm-gselect[5.5.208~1-b0fc0]:main():gmm-gselect.cc:114) For 50'th file, average UBM likelihood over 397 frames is -54.1908
LOG (gmm-gselect[5.5.208~1-b0fc0]:main():gmm-gselect.cc:114) For 60'th file, average UBM likelihood over 244 frames is -53.9358
LOG (gmm-gselect[5.5.208~1-b0fc0]:main():gmm-gselect.cc:114) For 70'th file, average UBM likelihood over 362 frames is -56.1555
LOG (gmm-gselect[5.5.208~1-b0fc0]:main():gmm-gselect.cc:114) For 80'th file, average UBM likelihood over 445 frames is -53.8606
LOG (gmm-gselect[5.5.208~1-b0fc0]:main():gmm-gselect.cc:114) For 90'th file, average UBM likelihood over 211 frames is -55.6377
LOG (gmm-gselect[5.5.208~1-b0fc0]:main():gmm-gselect.cc:114) For 100'th file, average UBM likelihood over 278 frames is -50.2832
LOG (gmm-gselect[5.5.208~1-b0fc0]:main():gmm-gselect.cc:114) For 110'th file, average UBM likelihood over 254 frames is -55.0282
LOG (apply-cmvn[5.5.208~1-b0fc0]:main():apply-cmvn.cc:162) Applied cepstral mean normalization to 128 utterances, errors on 0
LOG (apply-cmvn[5.5.208~1-b0fc0]:main():apply-cmvn.cc:162) Applied cepstral mean normalization to 128 utterances, errors on 0
LOG (gmm-gselect[5.5.208~1-b0fc0]:main():gmm-gselect.cc:114) For 120'th file, average UBM likelihood over 357 frames is -54.4333
LOG (transform-feats[5.5.208~1-b0fc0]:main():transform-feats.cc:158) Overall average [pseudo-]logdet is -88.6037 over 39971 frames.
LOG (transform-feats[5.5.208~1-b0fc0]:main():transform-feats.cc:161) Applied transform to 128 utterances; 0 had errors.
LOG (transform-feats[5.5.208~1-b0fc0]:main():transform-feats.cc:158) Overall average [pseudo-]logdet is -88.6037 over 39971 frames.
LOG (transform-feats[5.5.208~1-b0fc0]:main():transform-feats.cc:161) Applied transform to 128 utterances; 0 had errors.
LOG (transform-feats[5.5.208~1-b0fc0]:main():transform-feats.cc:158) Overall average logdet is 2.27944 over 39971 frames.
LOG (transform-feats[5.5.208~1-b0fc0]:main():transform-feats.cc:161) Applied transform to 128 utterances; 0 had errors.
LOG (transform-feats[5.5.208~1-b0fc0]:main():transform-feats.cc:158) Overall average logdet is 2.27944 over 39971 frames.
LOG (gmm-gselect[5.5.208~1-b0fc0]:main():gmm-gselect.cc:125) Done 128 files, 0 with errors, average UBM log-likelihood is -54.3184 over 39971 frames.
LOG (transform-feats[5.5.208~1-b0fc0]:main():transform-feats.cc:161) Applied transform to 128 utterances; 0 had errors.
LOG (fgmm-global-acc-stats[5.5.208~1-b0fc0]:main():fgmm-global-acc-stats.cc:148) Done 128 files; 0 with errors.
LOG (fgmm-global-acc-stats[5.5.208~1-b0fc0]:main():fgmm-global-acc-stats.cc:150) Overall likelihood per frame = -50.991 over 39971 (weighted) frames.
LOG (fgmm-global-acc-stats[5.5.208~1-b0fc0]:main():fgmm-global-acc-stats.cc:155) Written accs to exp/ubm4/2.1.acc
# Accounting: time=4 threads=1
# Ended (code 0) at Wed Feb 27 14:41:17 +07 2019, elapsed time 4 seconds
