# gmm-gselect --n=25 "--gselect=ark,s,cs:gunzip -c exp/ubm4/gselect.20.gz|" "fgmm-global-to-gmm exp/ubm4/2.ubm - |" "ark,s,cs:apply-cmvn  --utt2spk=ark:data/train/split30/20/utt2spk scp:data/train/split30/20/cmvn.scp scp:data/train/split30/20/feats.scp ark:- | splice-feats --left-context=3 --right-context=3 ark:- ark:- | transform-feats exp/tri3_ali/final.mat ark:- ark:- | transform-feats --utt2spk=ark:data/train/split30/20/utt2spk ark,s,cs:exp/tri3_ali/trans.20 ark:- ark:- |" ark:- | fgmm-global-acc-stats --gselect=ark,s,cs:- exp/ubm4/2.ubm "ark,s,cs:apply-cmvn  --utt2spk=ark:data/train/split30/20/utt2spk scp:data/train/split30/20/cmvn.scp scp:data/train/split30/20/feats.scp ark:- | splice-feats --left-context=3 --right-context=3 ark:- ark:- | transform-feats exp/tri3_ali/final.mat ark:- ark:- | transform-feats --utt2spk=ark:data/train/split30/20/utt2spk ark,s,cs:exp/tri3_ali/trans.20 ark:- ark:- |" exp/ubm4/2.20.acc 
# Started at Wed Feb 27 14:41:31 +07 2019
#
fgmm-global-acc-stats --gselect=ark,s,cs:- exp/ubm4/2.ubm 'ark,s,cs:apply-cmvn  --utt2spk=ark:data/train/split30/20/utt2spk scp:data/train/split30/20/cmvn.scp scp:data/train/split30/20/feats.scp ark:- | splice-feats --left-context=3 --right-context=3 ark:- ark:- | transform-feats exp/tri3_ali/final.mat ark:- ark:- | transform-feats --utt2spk=ark:data/train/split30/20/utt2spk ark,s,cs:exp/tri3_ali/trans.20 ark:- ark:- |' exp/ubm4/2.20.acc 
gmm-gselect --n=25 '--gselect=ark,s,cs:gunzip -c exp/ubm4/gselect.20.gz|' 'fgmm-global-to-gmm exp/ubm4/2.ubm - |' 'ark,s,cs:apply-cmvn  --utt2spk=ark:data/train/split30/20/utt2spk scp:data/train/split30/20/cmvn.scp scp:data/train/split30/20/feats.scp ark:- | splice-feats --left-context=3 --right-context=3 ark:- ark:- | transform-feats exp/tri3_ali/final.mat ark:- ark:- | transform-feats --utt2spk=ark:data/train/split30/20/utt2spk ark,s,cs:exp/tri3_ali/trans.20 ark:- ark:- |' ark:- 
fgmm-global-to-gmm exp/ubm4/2.ubm - 
splice-feats --left-context=3 --right-context=3 ark:- ark:- 
apply-cmvn --utt2spk=ark:data/train/split30/20/utt2spk scp:data/train/split30/20/cmvn.scp scp:data/train/split30/20/feats.scp ark:- 
transform-feats exp/tri3_ali/final.mat ark:- ark:- 
transform-feats --utt2spk=ark:data/train/split30/20/utt2spk ark,s,cs:exp/tri3_ali/trans.20 ark:- ark:- 
LOG (fgmm-global-to-gmm[5.5.208~1-b0fc0]:main():fgmm-global-to-gmm.cc:58) Written diagonal GMM to -
splice-feats --left-context=3 --right-context=3 ark:- ark:- 
apply-cmvn --utt2spk=ark:data/train/split30/20/utt2spk scp:data/train/split30/20/cmvn.scp scp:data/train/split30/20/feats.scp ark:- 
transform-feats exp/tri3_ali/final.mat ark:- ark:- 
transform-feats --utt2spk=ark:data/train/split30/20/utt2spk ark,s,cs:exp/tri3_ali/trans.20 ark:- ark:- 
LOG (gmm-gselect[5.5.208~1-b0fc0]:main():gmm-gselect.cc:114) For 0'th file, average UBM likelihood over 417 frames is -52.707
LOG (gmm-gselect[5.5.208~1-b0fc0]:main():gmm-gselect.cc:114) For 10'th file, average UBM likelihood over 291 frames is -51.8979
LOG (gmm-gselect[5.5.208~1-b0fc0]:main():gmm-gselect.cc:114) For 20'th file, average UBM likelihood over 244 frames is -54.1729
LOG (gmm-gselect[5.5.208~1-b0fc0]:main():gmm-gselect.cc:114) For 30'th file, average UBM likelihood over 344 frames is -55.1525
LOG (gmm-gselect[5.5.208~1-b0fc0]:main():gmm-gselect.cc:114) For 40'th file, average UBM likelihood over 393 frames is -54.1672
LOG (gmm-gselect[5.5.208~1-b0fc0]:main():gmm-gselect.cc:114) For 50'th file, average UBM likelihood over 424 frames is -54.3519
LOG (gmm-gselect[5.5.208~1-b0fc0]:main():gmm-gselect.cc:114) For 60'th file, average UBM likelihood over 289 frames is -53.1552
LOG (gmm-gselect[5.5.208~1-b0fc0]:main():gmm-gselect.cc:114) For 70'th file, average UBM likelihood over 297 frames is -54.8438
LOG (gmm-gselect[5.5.208~1-b0fc0]:main():gmm-gselect.cc:114) For 80'th file, average UBM likelihood over 246 frames is -54.5246
LOG (gmm-gselect[5.5.208~1-b0fc0]:main():gmm-gselect.cc:114) For 90'th file, average UBM likelihood over 386 frames is -56.9871
LOG (gmm-gselect[5.5.208~1-b0fc0]:main():gmm-gselect.cc:114) For 100'th file, average UBM likelihood over 347 frames is -57.5107
LOG (gmm-gselect[5.5.208~1-b0fc0]:main():gmm-gselect.cc:114) For 110'th file, average UBM likelihood over 270 frames is -54.7905
LOG (apply-cmvn[5.5.208~1-b0fc0]:main():apply-cmvn.cc:162) Applied cepstral mean normalization to 120 utterances, errors on 0
LOG (apply-cmvn[5.5.208~1-b0fc0]:main():apply-cmvn.cc:162) Applied cepstral mean normalization to 120 utterances, errors on 0
LOG (transform-feats[5.5.208~1-b0fc0]:main():transform-feats.cc:158) Overall average [pseudo-]logdet is -88.6037 over 36806 frames.
LOG (transform-feats[5.5.208~1-b0fc0]:main():transform-feats.cc:161) Applied transform to 120 utterances; 0 had errors.
LOG (transform-feats[5.5.208~1-b0fc0]:main():transform-feats.cc:158) Overall average [pseudo-]logdet is -88.6037 over 36806 frames.
LOG (transform-feats[5.5.208~1-b0fc0]:main():transform-feats.cc:161) Applied transform to 120 utterances; 0 had errors.
LOG (transform-feats[5.5.208~1-b0fc0]:main():transform-feats.cc:158) Overall average logdet is 2.73779 over 36806 frames.
LOG (transform-feats[5.5.208~1-b0fc0]:main():transform-feats.cc:161) Applied transform to 120 utterances; 0 had errors.
LOG (transform-feats[5.5.208~1-b0fc0]:main():transform-feats.cc:158) Overall average logdet is 2.73779 over 36806 frames.
LOG (transform-feats[5.5.208~1-b0fc0]:main():transform-feats.cc:161) Applied transform to 120 utterances; 0 had errors.
LOG (gmm-gselect[5.5.208~1-b0fc0]:main():gmm-gselect.cc:125) Done 120 files, 0 with errors, average UBM log-likelihood is -54.4116 over 36806 frames.
LOG (fgmm-global-acc-stats[5.5.208~1-b0fc0]:main():fgmm-global-acc-stats.cc:148) Done 120 files; 0 with errors.
LOG (fgmm-global-acc-stats[5.5.208~1-b0fc0]:main():fgmm-global-acc-stats.cc:150) Overall likelihood per frame = -50.8051 over 36806 (weighted) frames.
LOG (fgmm-global-acc-stats[5.5.208~1-b0fc0]:main():fgmm-global-acc-stats.cc:155) Written accs to exp/ubm4/2.20.acc
# Accounting: time=4 threads=1
# Ended (code 0) at Wed Feb 27 14:41:35 +07 2019, elapsed time 4 seconds
