# gmm-gselect --n=25 "--gselect=ark,s,cs:gunzip -c exp/ubm4/gselect.28.gz|" "fgmm-global-to-gmm exp/ubm4/1.ubm - |" "ark,s,cs:apply-cmvn  --utt2spk=ark:data/train/split30/28/utt2spk scp:data/train/split30/28/cmvn.scp scp:data/train/split30/28/feats.scp ark:- | splice-feats --left-context=3 --right-context=3 ark:- ark:- | transform-feats exp/tri3_ali/final.mat ark:- ark:- | transform-feats --utt2spk=ark:data/train/split30/28/utt2spk ark,s,cs:exp/tri3_ali/trans.28 ark:- ark:- |" ark:- | fgmm-global-acc-stats --gselect=ark,s,cs:- exp/ubm4/1.ubm "ark,s,cs:apply-cmvn  --utt2spk=ark:data/train/split30/28/utt2spk scp:data/train/split30/28/cmvn.scp scp:data/train/split30/28/feats.scp ark:- | splice-feats --left-context=3 --right-context=3 ark:- ark:- | transform-feats exp/tri3_ali/final.mat ark:- ark:- | transform-feats --utt2spk=ark:data/train/split30/28/utt2spk ark,s,cs:exp/tri3_ali/trans.28 ark:- ark:- |" exp/ubm4/1.28.acc 
# Started at Wed Feb 27 14:41:06 +07 2019
#
fgmm-global-acc-stats --gselect=ark,s,cs:- exp/ubm4/1.ubm 'ark,s,cs:apply-cmvn  --utt2spk=ark:data/train/split30/28/utt2spk scp:data/train/split30/28/cmvn.scp scp:data/train/split30/28/feats.scp ark:- | splice-feats --left-context=3 --right-context=3 ark:- ark:- | transform-feats exp/tri3_ali/final.mat ark:- ark:- | transform-feats --utt2spk=ark:data/train/split30/28/utt2spk ark,s,cs:exp/tri3_ali/trans.28 ark:- ark:- |' exp/ubm4/1.28.acc 
gmm-gselect --n=25 '--gselect=ark,s,cs:gunzip -c exp/ubm4/gselect.28.gz|' 'fgmm-global-to-gmm exp/ubm4/1.ubm - |' 'ark,s,cs:apply-cmvn  --utt2spk=ark:data/train/split30/28/utt2spk scp:data/train/split30/28/cmvn.scp scp:data/train/split30/28/feats.scp ark:- | splice-feats --left-context=3 --right-context=3 ark:- ark:- | transform-feats exp/tri3_ali/final.mat ark:- ark:- | transform-feats --utt2spk=ark:data/train/split30/28/utt2spk ark,s,cs:exp/tri3_ali/trans.28 ark:- ark:- |' ark:- 
fgmm-global-to-gmm exp/ubm4/1.ubm - 
apply-cmvn --utt2spk=ark:data/train/split30/28/utt2spk scp:data/train/split30/28/cmvn.scp scp:data/train/split30/28/feats.scp ark:- 
transform-feats --utt2spk=ark:data/train/split30/28/utt2spk ark,s,cs:exp/tri3_ali/trans.28 ark:- ark:- 
splice-feats --left-context=3 --right-context=3 ark:- ark:- 
transform-feats exp/tri3_ali/final.mat ark:- ark:- 
LOG (fgmm-global-to-gmm[5.5.208~1-b0fc0]:main():fgmm-global-to-gmm.cc:58) Written diagonal GMM to -
transform-feats exp/tri3_ali/final.mat ark:- ark:- 
apply-cmvn --utt2spk=ark:data/train/split30/28/utt2spk scp:data/train/split30/28/cmvn.scp scp:data/train/split30/28/feats.scp ark:- 
splice-feats --left-context=3 --right-context=3 ark:- ark:- 
transform-feats --utt2spk=ark:data/train/split30/28/utt2spk ark,s,cs:exp/tri3_ali/trans.28 ark:- ark:- 
LOG (gmm-gselect[5.5.208~1-b0fc0]:main():gmm-gselect.cc:114) For 0'th file, average UBM likelihood over 258 frames is -51.2036
LOG (gmm-gselect[5.5.208~1-b0fc0]:main():gmm-gselect.cc:114) For 10'th file, average UBM likelihood over 376 frames is -53.1192
LOG (gmm-gselect[5.5.208~1-b0fc0]:main():gmm-gselect.cc:114) For 20'th file, average UBM likelihood over 272 frames is -52.0423
LOG (gmm-gselect[5.5.208~1-b0fc0]:main():gmm-gselect.cc:114) For 30'th file, average UBM likelihood over 226 frames is -55.1491
LOG (gmm-gselect[5.5.208~1-b0fc0]:main():gmm-gselect.cc:114) For 40'th file, average UBM likelihood over 140 frames is -53.0421
LOG (gmm-gselect[5.5.208~1-b0fc0]:main():gmm-gselect.cc:114) For 50'th file, average UBM likelihood over 538 frames is -54.1278
LOG (gmm-gselect[5.5.208~1-b0fc0]:main():gmm-gselect.cc:114) For 60'th file, average UBM likelihood over 122 frames is -49.3025
LOG (gmm-gselect[5.5.208~1-b0fc0]:main():gmm-gselect.cc:114) For 70'th file, average UBM likelihood over 385 frames is -57.9058
LOG (gmm-gselect[5.5.208~1-b0fc0]:main():gmm-gselect.cc:114) For 80'th file, average UBM likelihood over 190 frames is -57.6033
LOG (gmm-gselect[5.5.208~1-b0fc0]:main():gmm-gselect.cc:114) For 90'th file, average UBM likelihood over 385 frames is -54.568
LOG (gmm-gselect[5.5.208~1-b0fc0]:main():gmm-gselect.cc:114) For 100'th file, average UBM likelihood over 216 frames is -52.1121
LOG (gmm-gselect[5.5.208~1-b0fc0]:main():gmm-gselect.cc:114) For 110'th file, average UBM likelihood over 264 frames is -58.4389
LOG (apply-cmvn[5.5.208~1-b0fc0]:main():apply-cmvn.cc:162) Applied cepstral mean normalization to 128 utterances, errors on 0
LOG (apply-cmvn[5.5.208~1-b0fc0]:main():apply-cmvn.cc:162) Applied cepstral mean normalization to 128 utterances, errors on 0
LOG (gmm-gselect[5.5.208~1-b0fc0]:main():gmm-gselect.cc:114) For 120'th file, average UBM likelihood over 296 frames is -50.6973
LOG (transform-feats[5.5.208~1-b0fc0]:main():transform-feats.cc:158) Overall average [pseudo-]logdet is -88.6037 over 40596 frames.
LOG (transform-feats[5.5.208~1-b0fc0]:main():transform-feats.cc:161) Applied transform to 128 utterances; 0 had errors.
LOG (transform-feats[5.5.208~1-b0fc0]:main():transform-feats.cc:158) Overall average logdet is 2.7953 over 40596 frames.
LOG (transform-feats[5.5.208~1-b0fc0]:main():transform-feats.cc:161) Applied transform to 128 utterances; 0 had errors.
LOG (transform-feats[5.5.208~1-b0fc0]:main():transform-feats.cc:158) Overall average [pseudo-]logdet is -88.6037 over 40596 frames.
LOG (transform-feats[5.5.208~1-b0fc0]:main():transform-feats.cc:161) Applied transform to 128 utterances; 0 had errors.
LOG (gmm-gselect[5.5.208~1-b0fc0]:main():gmm-gselect.cc:125) Done 128 files, 0 with errors, average UBM log-likelihood is -54.3226 over 40596 frames.
LOG (transform-feats[5.5.208~1-b0fc0]:main():transform-feats.cc:158) Overall average logdet is 2.7953 over 40596 frames.
LOG (transform-feats[5.5.208~1-b0fc0]:main():transform-feats.cc:161) Applied transform to 128 utterances; 0 had errors.
LOG (fgmm-global-acc-stats[5.5.208~1-b0fc0]:main():fgmm-global-acc-stats.cc:148) Done 128 files; 0 with errors.
LOG (fgmm-global-acc-stats[5.5.208~1-b0fc0]:main():fgmm-global-acc-stats.cc:150) Overall likelihood per frame = -51.1592 over 40596 (weighted) frames.
LOG (fgmm-global-acc-stats[5.5.208~1-b0fc0]:main():fgmm-global-acc-stats.cc:155) Written accs to exp/ubm4/1.28.acc
# Accounting: time=4 threads=1
# Ended (code 0) at Wed Feb 27 14:41:10 +07 2019, elapsed time 4 seconds
