# gmm-gselect --n=25 "--gselect=ark,s,cs:gunzip -c exp/ubm4/gselect.11.gz|" "fgmm-global-to-gmm exp/ubm4/1.ubm - |" "ark,s,cs:apply-cmvn  --utt2spk=ark:data/train/split30/11/utt2spk scp:data/train/split30/11/cmvn.scp scp:data/train/split30/11/feats.scp ark:- | splice-feats --left-context=3 --right-context=3 ark:- ark:- | transform-feats exp/tri3_ali/final.mat ark:- ark:- | transform-feats --utt2spk=ark:data/train/split30/11/utt2spk ark,s,cs:exp/tri3_ali/trans.11 ark:- ark:- |" ark:- | fgmm-global-acc-stats --gselect=ark,s,cs:- exp/ubm4/1.ubm "ark,s,cs:apply-cmvn  --utt2spk=ark:data/train/split30/11/utt2spk scp:data/train/split30/11/cmvn.scp scp:data/train/split30/11/feats.scp ark:- | splice-feats --left-context=3 --right-context=3 ark:- ark:- | transform-feats exp/tri3_ali/final.mat ark:- ark:- | transform-feats --utt2spk=ark:data/train/split30/11/utt2spk ark,s,cs:exp/tri3_ali/trans.11 ark:- ark:- |" exp/ubm4/1.11.acc 
# Started at Wed Feb 27 14:40:48 +07 2019
#
gmm-gselect --n=25 '--gselect=ark,s,cs:gunzip -c exp/ubm4/gselect.11.gz|' 'fgmm-global-to-gmm exp/ubm4/1.ubm - |' 'ark,s,cs:apply-cmvn  --utt2spk=ark:data/train/split30/11/utt2spk scp:data/train/split30/11/cmvn.scp scp:data/train/split30/11/feats.scp ark:- | splice-feats --left-context=3 --right-context=3 ark:- ark:- | transform-feats exp/tri3_ali/final.mat ark:- ark:- | transform-feats --utt2spk=ark:data/train/split30/11/utt2spk ark,s,cs:exp/tri3_ali/trans.11 ark:- ark:- |' ark:- 
fgmm-global-acc-stats --gselect=ark,s,cs:- exp/ubm4/1.ubm 'ark,s,cs:apply-cmvn  --utt2spk=ark:data/train/split30/11/utt2spk scp:data/train/split30/11/cmvn.scp scp:data/train/split30/11/feats.scp ark:- | splice-feats --left-context=3 --right-context=3 ark:- ark:- | transform-feats exp/tri3_ali/final.mat ark:- ark:- | transform-feats --utt2spk=ark:data/train/split30/11/utt2spk ark,s,cs:exp/tri3_ali/trans.11 ark:- ark:- |' exp/ubm4/1.11.acc 
fgmm-global-to-gmm exp/ubm4/1.ubm - 
splice-feats --left-context=3 --right-context=3 ark:- ark:- 
transform-feats --utt2spk=ark:data/train/split30/11/utt2spk ark,s,cs:exp/tri3_ali/trans.11 ark:- ark:- 
transform-feats exp/tri3_ali/final.mat ark:- ark:- 
apply-cmvn --utt2spk=ark:data/train/split30/11/utt2spk scp:data/train/split30/11/cmvn.scp scp:data/train/split30/11/feats.scp ark:- 
LOG (fgmm-global-to-gmm[5.5.208~1-b0fc0]:main():fgmm-global-to-gmm.cc:58) Written diagonal GMM to -
splice-feats --left-context=3 --right-context=3 ark:- ark:- 
apply-cmvn --utt2spk=ark:data/train/split30/11/utt2spk scp:data/train/split30/11/cmvn.scp scp:data/train/split30/11/feats.scp ark:- 
transform-feats exp/tri3_ali/final.mat ark:- ark:- 
transform-feats --utt2spk=ark:data/train/split30/11/utt2spk ark,s,cs:exp/tri3_ali/trans.11 ark:- ark:- 
LOG (gmm-gselect[5.5.208~1-b0fc0]:main():gmm-gselect.cc:114) For 0'th file, average UBM likelihood over 477 frames is -54.1803
LOG (gmm-gselect[5.5.208~1-b0fc0]:main():gmm-gselect.cc:114) For 10'th file, average UBM likelihood over 401 frames is -51.625
LOG (gmm-gselect[5.5.208~1-b0fc0]:main():gmm-gselect.cc:114) For 20'th file, average UBM likelihood over 234 frames is -52.0553
LOG (gmm-gselect[5.5.208~1-b0fc0]:main():gmm-gselect.cc:114) For 30'th file, average UBM likelihood over 356 frames is -54.6664
LOG (gmm-gselect[5.5.208~1-b0fc0]:main():gmm-gselect.cc:114) For 40'th file, average UBM likelihood over 515 frames is -53.7402
LOG (gmm-gselect[5.5.208~1-b0fc0]:main():gmm-gselect.cc:114) For 50'th file, average UBM likelihood over 324 frames is -53.5702
LOG (gmm-gselect[5.5.208~1-b0fc0]:main():gmm-gselect.cc:114) For 60'th file, average UBM likelihood over 342 frames is -50.2447
LOG (gmm-gselect[5.5.208~1-b0fc0]:main():gmm-gselect.cc:114) For 70'th file, average UBM likelihood over 378 frames is -55.2729
LOG (gmm-gselect[5.5.208~1-b0fc0]:main():gmm-gselect.cc:114) For 80'th file, average UBM likelihood over 204 frames is -55.0059
LOG (gmm-gselect[5.5.208~1-b0fc0]:main():gmm-gselect.cc:114) For 90'th file, average UBM likelihood over 475 frames is -51.5256
LOG (gmm-gselect[5.5.208~1-b0fc0]:main():gmm-gselect.cc:114) For 100'th file, average UBM likelihood over 264 frames is -53.796
LOG (gmm-gselect[5.5.208~1-b0fc0]:main():gmm-gselect.cc:114) For 110'th file, average UBM likelihood over 404 frames is -55.8082
LOG (apply-cmvn[5.5.208~1-b0fc0]:main():apply-cmvn.cc:162) Applied cepstral mean normalization to 128 utterances, errors on 0
LOG (apply-cmvn[5.5.208~1-b0fc0]:main():apply-cmvn.cc:162) Applied cepstral mean normalization to 128 utterances, errors on 0
LOG (gmm-gselect[5.5.208~1-b0fc0]:main():gmm-gselect.cc:114) For 120'th file, average UBM likelihood over 166 frames is -54.3682
LOG (transform-feats[5.5.208~1-b0fc0]:main():transform-feats.cc:158) Overall average [pseudo-]logdet is -88.6037 over 38833 frames.
LOG (transform-feats[5.5.208~1-b0fc0]:main():transform-feats.cc:161) Applied transform to 128 utterances; 0 had errors.
LOG (transform-feats[5.5.208~1-b0fc0]:main():transform-feats.cc:158) Overall average [pseudo-]logdet is -88.6037 over 38833 frames.
LOG (transform-feats[5.5.208~1-b0fc0]:main():transform-feats.cc:161) Applied transform to 128 utterances; 0 had errors.
LOG (transform-feats[5.5.208~1-b0fc0]:main():transform-feats.cc:158) Overall average logdet is 3.76897 over 38833 frames.
LOG (transform-feats[5.5.208~1-b0fc0]:main():transform-feats.cc:161) Applied transform to 128 utterances; 0 had errors.
LOG (transform-feats[5.5.208~1-b0fc0]:main():transform-feats.cc:158) Overall average logdet is 3.76897 over 38833 frames.
LOG (transform-feats[5.5.208~1-b0fc0]:main():transform-feats.cc:161) Applied transform to 128 utterances; 0 had errors.
LOG (gmm-gselect[5.5.208~1-b0fc0]:main():gmm-gselect.cc:125) Done 128 files, 0 with errors, average UBM log-likelihood is -54.1629 over 38833 frames.
LOG (fgmm-global-acc-stats[5.5.208~1-b0fc0]:main():fgmm-global-acc-stats.cc:148) Done 128 files; 0 with errors.
LOG (fgmm-global-acc-stats[5.5.208~1-b0fc0]:main():fgmm-global-acc-stats.cc:150) Overall likelihood per frame = -51.1831 over 38833 (weighted) frames.
LOG (fgmm-global-acc-stats[5.5.208~1-b0fc0]:main():fgmm-global-acc-stats.cc:155) Written accs to exp/ubm4/1.11.acc
# Accounting: time=5 threads=1
# Ended (code 0) at Wed Feb 27 14:40:53 +07 2019, elapsed time 5 seconds
