# gmm-gselect --n=50 "fgmm-global-to-gmm exp/ubm4/0.ubm - |" "ark,s,cs:apply-cmvn  --utt2spk=ark:data/train/split30/29/utt2spk scp:data/train/split30/29/cmvn.scp scp:data/train/split30/29/feats.scp ark:- | splice-feats --left-context=3 --right-context=3 ark:- ark:- | transform-feats exp/tri3_ali/final.mat ark:- ark:- | transform-feats --utt2spk=ark:data/train/split30/29/utt2spk ark,s,cs:exp/tri3_ali/trans.29 ark:- ark:- |" "ark:|gzip -c >exp/ubm4/gselect.29.gz" 
# Started at Wed Feb 27 14:40:04 +07 2019
#
gmm-gselect --n=50 'fgmm-global-to-gmm exp/ubm4/0.ubm - |' 'ark,s,cs:apply-cmvn  --utt2spk=ark:data/train/split30/29/utt2spk scp:data/train/split30/29/cmvn.scp scp:data/train/split30/29/feats.scp ark:- | splice-feats --left-context=3 --right-context=3 ark:- ark:- | transform-feats exp/tri3_ali/final.mat ark:- ark:- | transform-feats --utt2spk=ark:data/train/split30/29/utt2spk ark,s,cs:exp/tri3_ali/trans.29 ark:- ark:- |' 'ark:|gzip -c >exp/ubm4/gselect.29.gz' 
fgmm-global-to-gmm exp/ubm4/0.ubm - 
LOG (fgmm-global-to-gmm[5.5.208~1-b0fc0]:main():fgmm-global-to-gmm.cc:58) Written diagonal GMM to -
transform-feats --utt2spk=ark:data/train/split30/29/utt2spk ark,s,cs:exp/tri3_ali/trans.29 ark:- ark:- 
splice-feats --left-context=3 --right-context=3 ark:- ark:- 
apply-cmvn --utt2spk=ark:data/train/split30/29/utt2spk scp:data/train/split30/29/cmvn.scp scp:data/train/split30/29/feats.scp ark:- 
transform-feats exp/tri3_ali/final.mat ark:- ark:- 
LOG (gmm-gselect[5.5.208~1-b0fc0]:main():gmm-gselect.cc:114) For 0'th file, average UBM likelihood over 440 frames is -55.0945
LOG (gmm-gselect[5.5.208~1-b0fc0]:main():gmm-gselect.cc:114) For 10'th file, average UBM likelihood over 262 frames is -55.8855
LOG (gmm-gselect[5.5.208~1-b0fc0]:main():gmm-gselect.cc:114) For 20'th file, average UBM likelihood over 225 frames is -57.1264
LOG (gmm-gselect[5.5.208~1-b0fc0]:main():gmm-gselect.cc:114) For 30'th file, average UBM likelihood over 262 frames is -54.0725
LOG (gmm-gselect[5.5.208~1-b0fc0]:main():gmm-gselect.cc:114) For 40'th file, average UBM likelihood over 327 frames is -52.8404
LOG (gmm-gselect[5.5.208~1-b0fc0]:main():gmm-gselect.cc:114) For 50'th file, average UBM likelihood over 391 frames is -54.0715
LOG (gmm-gselect[5.5.208~1-b0fc0]:main():gmm-gselect.cc:114) For 60'th file, average UBM likelihood over 255 frames is -55.346
LOG (gmm-gselect[5.5.208~1-b0fc0]:main():gmm-gselect.cc:114) For 70'th file, average UBM likelihood over 448 frames is -54.712
LOG (gmm-gselect[5.5.208~1-b0fc0]:main():gmm-gselect.cc:114) For 80'th file, average UBM likelihood over 213 frames is -56.1276
LOG (gmm-gselect[5.5.208~1-b0fc0]:main():gmm-gselect.cc:114) For 90'th file, average UBM likelihood over 411 frames is -52.9903
LOG (gmm-gselect[5.5.208~1-b0fc0]:main():gmm-gselect.cc:114) For 100'th file, average UBM likelihood over 152 frames is -55.8619
LOG (apply-cmvn[5.5.208~1-b0fc0]:main():apply-cmvn.cc:162) Applied cepstral mean normalization to 120 utterances, errors on 0
LOG (gmm-gselect[5.5.208~1-b0fc0]:main():gmm-gselect.cc:114) For 110'th file, average UBM likelihood over 347 frames is -56.5662
LOG (transform-feats[5.5.208~1-b0fc0]:main():transform-feats.cc:158) Overall average [pseudo-]logdet is -88.6037 over 36474 frames.
LOG (transform-feats[5.5.208~1-b0fc0]:main():transform-feats.cc:161) Applied transform to 120 utterances; 0 had errors.
LOG (transform-feats[5.5.208~1-b0fc0]:main():transform-feats.cc:158) Overall average logdet is 3.28861 over 36474 frames.
LOG (transform-feats[5.5.208~1-b0fc0]:main():transform-feats.cc:161) Applied transform to 120 utterances; 0 had errors.
LOG (gmm-gselect[5.5.208~1-b0fc0]:main():gmm-gselect.cc:125) Done 120 files, 0 with errors, average UBM log-likelihood is -54.6367 over 36474 frames.
# Accounting: time=2 threads=1
# Ended (code 0) at Wed Feb 27 14:40:06 +07 2019, elapsed time 2 seconds
