# gmm-gselect --n=50 "fgmm-global-to-gmm exp/ubm4/0.ubm - |" "ark,s,cs:apply-cmvn  --utt2spk=ark:data/train/split30/15/utt2spk scp:data/train/split30/15/cmvn.scp scp:data/train/split30/15/feats.scp ark:- | splice-feats --left-context=3 --right-context=3 ark:- ark:- | transform-feats exp/tri3_ali/final.mat ark:- ark:- | transform-feats --utt2spk=ark:data/train/split30/15/utt2spk ark,s,cs:exp/tri3_ali/trans.15 ark:- ark:- |" "ark:|gzip -c >exp/ubm4/gselect.15.gz" 
# Started at Wed Feb 27 14:39:55 +07 2019
#
gmm-gselect --n=50 'fgmm-global-to-gmm exp/ubm4/0.ubm - |' 'ark,s,cs:apply-cmvn  --utt2spk=ark:data/train/split30/15/utt2spk scp:data/train/split30/15/cmvn.scp scp:data/train/split30/15/feats.scp ark:- | splice-feats --left-context=3 --right-context=3 ark:- ark:- | transform-feats exp/tri3_ali/final.mat ark:- ark:- | transform-feats --utt2spk=ark:data/train/split30/15/utt2spk ark,s,cs:exp/tri3_ali/trans.15 ark:- ark:- |' 'ark:|gzip -c >exp/ubm4/gselect.15.gz' 
fgmm-global-to-gmm exp/ubm4/0.ubm - 
LOG (fgmm-global-to-gmm[5.5.208~1-b0fc0]:main():fgmm-global-to-gmm.cc:58) Written diagonal GMM to -
transform-feats exp/tri3_ali/final.mat ark:- ark:- 
splice-feats --left-context=3 --right-context=3 ark:- ark:- 
transform-feats --utt2spk=ark:data/train/split30/15/utt2spk ark,s,cs:exp/tri3_ali/trans.15 ark:- ark:- 
apply-cmvn --utt2spk=ark:data/train/split30/15/utt2spk scp:data/train/split30/15/cmvn.scp scp:data/train/split30/15/feats.scp ark:- 
LOG (gmm-gselect[5.5.208~1-b0fc0]:main():gmm-gselect.cc:114) For 0'th file, average UBM likelihood over 612 frames is -56.2389
LOG (gmm-gselect[5.5.208~1-b0fc0]:main():gmm-gselect.cc:114) For 10'th file, average UBM likelihood over 288 frames is -57.5048
LOG (gmm-gselect[5.5.208~1-b0fc0]:main():gmm-gselect.cc:114) For 20'th file, average UBM likelihood over 278 frames is -53.8822
LOG (gmm-gselect[5.5.208~1-b0fc0]:main():gmm-gselect.cc:114) For 30'th file, average UBM likelihood over 397 frames is -56.3776
LOG (gmm-gselect[5.5.208~1-b0fc0]:main():gmm-gselect.cc:114) For 40'th file, average UBM likelihood over 230 frames is -55.3971
LOG (gmm-gselect[5.5.208~1-b0fc0]:main():gmm-gselect.cc:114) For 50'th file, average UBM likelihood over 388 frames is -55.048
LOG (gmm-gselect[5.5.208~1-b0fc0]:main():gmm-gselect.cc:114) For 60'th file, average UBM likelihood over 374 frames is -53.1382
LOG (gmm-gselect[5.5.208~1-b0fc0]:main():gmm-gselect.cc:114) For 70'th file, average UBM likelihood over 360 frames is -56.2335
LOG (gmm-gselect[5.5.208~1-b0fc0]:main():gmm-gselect.cc:114) For 80'th file, average UBM likelihood over 248 frames is -57.2095
LOG (gmm-gselect[5.5.208~1-b0fc0]:main():gmm-gselect.cc:114) For 90'th file, average UBM likelihood over 205 frames is -57.2994
LOG (gmm-gselect[5.5.208~1-b0fc0]:main():gmm-gselect.cc:114) For 100'th file, average UBM likelihood over 137 frames is -53.5055
LOG (apply-cmvn[5.5.208~1-b0fc0]:main():apply-cmvn.cc:162) Applied cepstral mean normalization to 120 utterances, errors on 0
LOG (gmm-gselect[5.5.208~1-b0fc0]:main():gmm-gselect.cc:114) For 110'th file, average UBM likelihood over 227 frames is -53.2263
LOG (transform-feats[5.5.208~1-b0fc0]:main():transform-feats.cc:158) Overall average [pseudo-]logdet is -88.6037 over 34528 frames.
LOG (transform-feats[5.5.208~1-b0fc0]:main():transform-feats.cc:161) Applied transform to 120 utterances; 0 had errors.
LOG (transform-feats[5.5.208~1-b0fc0]:main():transform-feats.cc:158) Overall average logdet is 3.04136 over 34528 frames.
LOG (transform-feats[5.5.208~1-b0fc0]:main():transform-feats.cc:161) Applied transform to 120 utterances; 0 had errors.
LOG (gmm-gselect[5.5.208~1-b0fc0]:main():gmm-gselect.cc:125) Done 120 files, 0 with errors, average UBM log-likelihood is -54.9832 over 34528 frames.
# Accounting: time=2 threads=1
# Ended (code 0) at Wed Feb 27 14:39:57 +07 2019, elapsed time 2 seconds
