# sgmm2-latgen-faster --spk-vecs=ark:exp/sgmm2_4_ali/vecs.6 --utt2spk=ark:data/train/split30/6/utt2spk "--gselect=ark,s,cs:gunzip -c exp/sgmm2_4_ali/gselect.6.gz|" --beam=18.0 --lattice-beam=10.0 --acoustic-scale=0.2 --max-mem=20000000 --max-active=5000 --word-symbol-table=data/lang/words.txt exp/sgmm2_4_ali/final.mdl exp/sgmm2_4_denlats/dengraph/HCLG.fst "ark,s,cs:apply-cmvn --utt2spk=ark:data/train/split30/6/split30utt/16/utt2spk scp:data/train/split30/6/split30utt/16/cmvn.scp scp:data/train/split30/6/split30utt/16/feats.scp ark:- | splice-feats --left-context=3 --right-context=3 ark:- ark:- | transform-feats exp/sgmm2_4_ali/final.mat ark:- ark:- | transform-feats --utt2spk=ark:data/train/split30/6/split30utt/16/utt2spk ark:exp/tri3_ali/trans.6 ark:- ark:- |" "ark:|gzip -c >exp/sgmm2_4_denlats/lat.6.16.gz" 
# Started at Wed Feb 27 15:29:16 +07 2019
#
sgmm2-latgen-faster --spk-vecs=ark:exp/sgmm2_4_ali/vecs.6 --utt2spk=ark:data/train/split30/6/utt2spk '--gselect=ark,s,cs:gunzip -c exp/sgmm2_4_ali/gselect.6.gz|' --beam=18.0 --lattice-beam=10.0 --acoustic-scale=0.2 --max-mem=20000000 --max-active=5000 --word-symbol-table=data/lang/words.txt exp/sgmm2_4_ali/final.mdl exp/sgmm2_4_denlats/dengraph/HCLG.fst 'ark,s,cs:apply-cmvn --utt2spk=ark:data/train/split30/6/split30utt/16/utt2spk scp:data/train/split30/6/split30utt/16/cmvn.scp scp:data/train/split30/6/split30utt/16/feats.scp ark:- | splice-feats --left-context=3 --right-context=3 ark:- ark:- | transform-feats exp/sgmm2_4_ali/final.mat ark:- ark:- | transform-feats --utt2spk=ark:data/train/split30/6/split30utt/16/utt2spk ark:exp/tri3_ali/trans.6 ark:- ark:- |' 'ark:|gzip -c >exp/sgmm2_4_denlats/lat.6.16.gz' 
transform-feats --utt2spk=ark:data/train/split30/6/split30utt/16/utt2spk ark:exp/tri3_ali/trans.6 ark:- ark:- 
transform-feats exp/sgmm2_4_ali/final.mat ark:- ark:- 
splice-feats --left-context=3 --right-context=3 ark:- ark:- 
apply-cmvn --utt2spk=ark:data/train/split30/6/split30utt/16/utt2spk scp:data/train/split30/6/split30utt/16/cmvn.scp scp:data/train/split30/6/split30utt/16/feats.scp ark:- 
LOG (apply-cmvn[5.5.208~1-b0fc0]:main():apply-cmvn.cc:162) Applied cepstral mean normalization to 4 utterances, errors on 0
LOG (transform-feats[5.5.208~1-b0fc0]:main():transform-feats.cc:158) Overall average [pseudo-]logdet is -88.6037 over 1362 frames.
LOG (transform-feats[5.5.208~1-b0fc0]:main():transform-feats.cc:161) Applied transform to 4 utterances; 0 had errors.
FMEM0_SX207 sil d uw y uw hh ih r dh ix s l ey vcl b eh l z r ih ng iy ng sil 
LOG (sgmm2-latgen-faster[5.5.208~1-b0fc0]:DecodeUtteranceLatticeFaster():decoder-wrappers.cc:289) Log-like per frame for utterance FMEM0_SX207 is -8.33836 over 205 frames.
LOG (sgmm2-latgen-faster[5.5.208~1-b0fc0]:main():sgmm2-latgen-faster.cc:209) Log-like per frame for utterance FMEM0_SX207 is -8.33836 over 205 frames.
FMEM0_SX297 sil r aa cl k eh n r ow l m y uw s ih cl k hh eh z ix vcl g r ey cl sil r ih dh ix m sil 
LOG (sgmm2-latgen-faster[5.5.208~1-b0fc0]:DecodeUtteranceLatticeFaster():decoder-wrappers.cc:289) Log-like per frame for utterance FMEM0_SX297 is -9.86177 over 267 frames.
LOG (sgmm2-latgen-faster[5.5.208~1-b0fc0]:main():sgmm2-latgen-faster.cc:209) Log-like per frame for utterance FMEM0_SX297 is -9.86177 over 267 frames.
LOG (transform-feats[5.5.208~1-b0fc0]:main():transform-feats.cc:158) Overall average logdet is -0.00392378 over 1362 frames.
LOG (transform-feats[5.5.208~1-b0fc0]:main():transform-feats.cc:161) Applied transform to 4 utterances; 0 had errors.
FMEM0_SX333 sil ae n ae dx ah l cl sil m ey l vcl b ae vcl b uw n z cl t iy th sil ax r n aa cl sil s uw dx ax vcl b el f er iy dx iy ng sh eh l f ih sh sil 
LOG (sgmm2-latgen-faster[5.5.208~1-b0fc0]:DecodeUtteranceLatticeFaster():decoder-wrappers.cc:289) Log-like per frame for utterance FMEM0_SX333 is -8.85713 over 512 frames.
LOG (sgmm2-latgen-faster[5.5.208~1-b0fc0]:main():sgmm2-latgen-faster.cc:209) Log-like per frame for utterance FMEM0_SX333 is -8.85713 over 512 frames.
FMEM0_SX387 sil dh ix vcl jh ay y ih n cl sil r eh vcl w uh vcl z sil sh ih m ix vcl d sil ih n dh ix vcl g l ih s epi n iy ng s ah n sil 
LOG (sgmm2-latgen-faster[5.5.208~1-b0fc0]:DecodeUtteranceLatticeFaster():decoder-wrappers.cc:289) Log-like per frame for utterance FMEM0_SX387 is -9.14769 over 378 frames.
LOG (sgmm2-latgen-faster[5.5.208~1-b0fc0]:main():sgmm2-latgen-faster.cc:209) Log-like per frame for utterance FMEM0_SX387 is -9.14769 over 378 frames.
LOG (sgmm2-latgen-faster[5.5.208~1-b0fc0]:main():sgmm2-latgen-faster.cc:252) Time taken [excluding initialization] 17.0131s: real-time factor assuming 100 frames/sec is 1.24912
LOG (sgmm2-latgen-faster[5.5.208~1-b0fc0]:main():sgmm2-latgen-faster.cc:255) Done 4 utterances, failed for 0
LOG (sgmm2-latgen-faster[5.5.208~1-b0fc0]:main():sgmm2-latgen-faster.cc:257) Overall log-likelihood per frame = -9.05663 over 1362 frames.
WARNING (sgmm2-latgen-faster[5.5.208~1-b0fc0]:Close():kaldi-io.cc:515) Pipe gunzip -c exp/sgmm2_4_ali/gselect.6.gz| had nonzero return status 36096
# Accounting: time=18 threads=1
# Ended (code 0) at Wed Feb 27 15:29:34 +07 2019, elapsed time 18 seconds
