# sgmm2-latgen-faster --spk-vecs=ark:exp/sgmm2_4_ali/vecs.6 --utt2spk=ark:data/train/split30/6/utt2spk "--gselect=ark,s,cs:gunzip -c exp/sgmm2_4_ali/gselect.6.gz|" --beam=18.0 --lattice-beam=10.0 --acoustic-scale=0.2 --max-mem=20000000 --max-active=5000 --word-symbol-table=data/lang/words.txt exp/sgmm2_4_ali/final.mdl exp/sgmm2_4_denlats/dengraph/HCLG.fst "ark,s,cs:apply-cmvn --utt2spk=ark:data/train/split30/6/split30utt/27/utt2spk scp:data/train/split30/6/split30utt/27/cmvn.scp scp:data/train/split30/6/split30utt/27/feats.scp ark:- | splice-feats --left-context=3 --right-context=3 ark:- ark:- | transform-feats exp/sgmm2_4_ali/final.mat ark:- ark:- | transform-feats --utt2spk=ark:data/train/split30/6/split30utt/27/utt2spk ark:exp/tri3_ali/trans.6 ark:- ark:- |" "ark:|gzip -c >exp/sgmm2_4_denlats/lat.6.27.gz" 
# Started at Wed Feb 27 15:30:03 +07 2019
#
sgmm2-latgen-faster --spk-vecs=ark:exp/sgmm2_4_ali/vecs.6 --utt2spk=ark:data/train/split30/6/utt2spk '--gselect=ark,s,cs:gunzip -c exp/sgmm2_4_ali/gselect.6.gz|' --beam=18.0 --lattice-beam=10.0 --acoustic-scale=0.2 --max-mem=20000000 --max-active=5000 --word-symbol-table=data/lang/words.txt exp/sgmm2_4_ali/final.mdl exp/sgmm2_4_denlats/dengraph/HCLG.fst 'ark,s,cs:apply-cmvn --utt2spk=ark:data/train/split30/6/split30utt/27/utt2spk scp:data/train/split30/6/split30utt/27/cmvn.scp scp:data/train/split30/6/split30utt/27/feats.scp ark:- | splice-feats --left-context=3 --right-context=3 ark:- ark:- | transform-feats exp/sgmm2_4_ali/final.mat ark:- ark:- | transform-feats --utt2spk=ark:data/train/split30/6/split30utt/27/utt2spk ark:exp/tri3_ali/trans.6 ark:- ark:- |' 'ark:|gzip -c >exp/sgmm2_4_denlats/lat.6.27.gz' 
transform-feats --utt2spk=ark:data/train/split30/6/split30utt/27/utt2spk ark:exp/tri3_ali/trans.6 ark:- ark:- 
splice-feats --left-context=3 --right-context=3 ark:- ark:- 
transform-feats exp/sgmm2_4_ali/final.mat ark:- ark:- 
apply-cmvn --utt2spk=ark:data/train/split30/6/split30utt/27/utt2spk scp:data/train/split30/6/split30utt/27/cmvn.scp scp:data/train/split30/6/split30utt/27/feats.scp ark:- 
LOG (apply-cmvn[5.5.208~1-b0fc0]:main():apply-cmvn.cc:162) Applied cepstral mean normalization to 4 utterances, errors on 0
LOG (transform-feats[5.5.208~1-b0fc0]:main():transform-feats.cc:158) Overall average [pseudo-]logdet is -88.6037 over 1257 frames.
LOG (transform-feats[5.5.208~1-b0fc0]:main():transform-feats.cc:161) Applied transform to 4 utterances; 0 had errors.
FMMH0_SI1537 sil ih w ix vcl b iy w eh l cl t uw sh ow dh ax cl p aa cl p y ix l ix s hh aw w iy vcl d iy l w ix dh ax vcl d ah l cl t er er z sil 
LOG (sgmm2-latgen-faster[5.5.208~1-b0fc0]:DecodeUtteranceLatticeFaster():decoder-wrappers.cc:289) Log-like per frame for utterance FMMH0_SI1537 is -8.38515 over 390 frames.
LOG (sgmm2-latgen-faster[5.5.208~1-b0fc0]:main():sgmm2-latgen-faster.cc:209) Log-like per frame for utterance FMMH0_SI1537 is -8.38515 over 390 frames.
FMMH0_SI2167 sil ey s m ay l cl p ow l vcl d eh cl dh ax l ow er s cl t r ih cl p ax v epi ih vcl d hh iy s ix v cl t ey cl sil 
LOG (sgmm2-latgen-faster[5.5.208~1-b0fc0]:DecodeUtteranceLatticeFaster():decoder-wrappers.cc:289) Log-like per frame for utterance FMMH0_SI2167 is -9.52024 over 337 frames.
LOG (sgmm2-latgen-faster[5.5.208~1-b0fc0]:main():sgmm2-latgen-faster.cc:209) Log-like per frame for utterance FMMH0_SI2167 is -9.52024 over 337 frames.
LOG (transform-feats[5.5.208~1-b0fc0]:main():transform-feats.cc:158) Overall average logdet is 2.97026 over 1257 frames.
LOG (transform-feats[5.5.208~1-b0fc0]:main():transform-feats.cc:161) Applied transform to 4 utterances; 0 had errors.
FMMH0_SI907 sil s ah m hh aw w iy ow l vcl t ay m er z n eh v er f ih vcl y er dx ix w ix w ix dx eh v er r iy cl t ay er sil 
LOG (sgmm2-latgen-faster[5.5.208~1-b0fc0]:DecodeUtteranceLatticeFaster():decoder-wrappers.cc:289) Log-like per frame for utterance FMMH0_SI907 is -8.74469 over 321 frames.
LOG (sgmm2-latgen-faster[5.5.208~1-b0fc0]:main():sgmm2-latgen-faster.cc:209) Log-like per frame for utterance FMMH0_SI907 is -8.74469 over 321 frames.
FMMH0_SX187 sil dh ey aa f ix ng vcl g ow aw dx ix n dh iy iy v n ix ng sil 
LOG (sgmm2-latgen-faster[5.5.208~1-b0fc0]:DecodeUtteranceLatticeFaster():decoder-wrappers.cc:289) Log-like per frame for utterance FMMH0_SX187 is -7.77253 over 209 frames.
LOG (sgmm2-latgen-faster[5.5.208~1-b0fc0]:main():sgmm2-latgen-faster.cc:209) Log-like per frame for utterance FMMH0_SX187 is -7.77253 over 209 frames.
LOG (sgmm2-latgen-faster[5.5.208~1-b0fc0]:main():sgmm2-latgen-faster.cc:252) Time taken [excluding initialization] 11.9673s: real-time factor assuming 100 frames/sec is 0.952052
LOG (sgmm2-latgen-faster[5.5.208~1-b0fc0]:main():sgmm2-latgen-faster.cc:255) Done 4 utterances, failed for 0
LOG (sgmm2-latgen-faster[5.5.208~1-b0fc0]:main():sgmm2-latgen-faster.cc:257) Overall log-likelihood per frame = -8.67942 over 1257 frames.
WARNING (sgmm2-latgen-faster[5.5.208~1-b0fc0]:Close():kaldi-io.cc:515) Pipe gunzip -c exp/sgmm2_4_ali/gselect.6.gz| had nonzero return status 36096
# Accounting: time=13 threads=1
# Ended (code 0) at Wed Feb 27 15:30:16 +07 2019, elapsed time 13 seconds
