# sgmm2-latgen-faster --spk-vecs=ark:exp/sgmm2_4_ali/vecs.6 --utt2spk=ark:data/train/split30/6/utt2spk "--gselect=ark,s,cs:gunzip -c exp/sgmm2_4_ali/gselect.6.gz|" --beam=18.0 --lattice-beam=10.0 --acoustic-scale=0.2 --max-mem=20000000 --max-active=5000 --word-symbol-table=data/lang/words.txt exp/sgmm2_4_ali/final.mdl exp/sgmm2_4_denlats/dengraph/HCLG.fst "ark,s,cs:apply-cmvn --utt2spk=ark:data/train/split30/6/split30utt/19/utt2spk scp:data/train/split30/6/split30utt/19/cmvn.scp scp:data/train/split30/6/split30utt/19/feats.scp ark:- | splice-feats --left-context=3 --right-context=3 ark:- ark:- | transform-feats exp/sgmm2_4_ali/final.mat ark:- ark:- | transform-feats --utt2spk=ark:data/train/split30/6/split30utt/19/utt2spk ark:exp/tri3_ali/trans.6 ark:- ark:- |" "ark:|gzip -c >exp/sgmm2_4_denlats/lat.6.19.gz" 
# Started at Wed Feb 27 15:29:31 +07 2019
#
sgmm2-latgen-faster --spk-vecs=ark:exp/sgmm2_4_ali/vecs.6 --utt2spk=ark:data/train/split30/6/utt2spk '--gselect=ark,s,cs:gunzip -c exp/sgmm2_4_ali/gselect.6.gz|' --beam=18.0 --lattice-beam=10.0 --acoustic-scale=0.2 --max-mem=20000000 --max-active=5000 --word-symbol-table=data/lang/words.txt exp/sgmm2_4_ali/final.mdl exp/sgmm2_4_denlats/dengraph/HCLG.fst 'ark,s,cs:apply-cmvn --utt2spk=ark:data/train/split30/6/split30utt/19/utt2spk scp:data/train/split30/6/split30utt/19/cmvn.scp scp:data/train/split30/6/split30utt/19/feats.scp ark:- | splice-feats --left-context=3 --right-context=3 ark:- ark:- | transform-feats exp/sgmm2_4_ali/final.mat ark:- ark:- | transform-feats --utt2spk=ark:data/train/split30/6/split30utt/19/utt2spk ark:exp/tri3_ali/trans.6 ark:- ark:- |' 'ark:|gzip -c >exp/sgmm2_4_denlats/lat.6.19.gz' 
transform-feats exp/sgmm2_4_ali/final.mat ark:- ark:- 
transform-feats --utt2spk=ark:data/train/split30/6/split30utt/19/utt2spk ark:exp/tri3_ali/trans.6 ark:- ark:- 
apply-cmvn --utt2spk=ark:data/train/split30/6/split30utt/19/utt2spk scp:data/train/split30/6/split30utt/19/cmvn.scp scp:data/train/split30/6/split30utt/19/feats.scp ark:- 
LOG (apply-cmvn[5.5.208~1-b0fc0]:main():apply-cmvn.cc:162) Applied cepstral mean normalization to 4 utterances, errors on 0
splice-feats --left-context=3 --right-context=3 ark:- ark:- 
FMJF0_SI1254 sil t uw aa n er hh ih m ix z cl t ix aa n er aa r s eh l v z sil 
LOG (sgmm2-latgen-faster[5.5.208~1-b0fc0]:DecodeUtteranceLatticeFaster():decoder-wrappers.cc:289) Log-like per frame for utterance FMJF0_SI1254 is -8.31001 over 234 frames.
LOG (sgmm2-latgen-faster[5.5.208~1-b0fc0]:main():sgmm2-latgen-faster.cc:209) Log-like per frame for utterance FMJF0_SI1254 is -8.31001 over 234 frames.
FMJF0_SI1884 sil dh ax w ae vcl g ix n z w er vcl b er n ih ng f ih r s l iy sil 
LOG (sgmm2-latgen-faster[5.5.208~1-b0fc0]:DecodeUtteranceLatticeFaster():decoder-wrappers.cc:289) Log-like per frame for utterance FMJF0_SI1884 is -8.83999 over 200 frames.
LOG (sgmm2-latgen-faster[5.5.208~1-b0fc0]:main():sgmm2-latgen-faster.cc:209) Log-like per frame for utterance FMJF0_SI1884 is -8.83999 over 200 frames.
LOG (transform-feats[5.5.208~1-b0fc0]:main():transform-feats.cc:158) Overall average [pseudo-]logdet is -88.6037 over 1296 frames.
LOG (transform-feats[5.5.208~1-b0fc0]:main():transform-feats.cc:161) Applied transform to 4 utterances; 0 had errors.
FMJF0_SI624 sil hh iy m ey hh ae v ax cl p oy n ix n er vcl jh iy ng dh ae cl d eh cl k en sil th iy m z vcl b iy vcl g ih v ix n f y uw er cl p r ay z ix z sil 
LOG (sgmm2-latgen-faster[5.5.208~1-b0fc0]:DecodeUtteranceLatticeFaster():decoder-wrappers.cc:289) Log-like per frame for utterance FMJF0_SI624 is -9.2902 over 429 frames.
LOG (sgmm2-latgen-faster[5.5.208~1-b0fc0]:main():sgmm2-latgen-faster.cc:209) Log-like per frame for utterance FMJF0_SI624 is -9.2902 over 429 frames.
LOG (transform-feats[5.5.208~1-b0fc0]:main():transform-feats.cc:158) Overall average logdet is -0.521259 over 1296 frames.
LOG (transform-feats[5.5.208~1-b0fc0]:main():transform-feats.cc:161) Applied transform to 4 utterances; 0 had errors.
FMJF0_SX174 sil dh ah hh ao n ix vcl hh aw s epi w ax z ix hh ih cl d uw cl t uw aw cl s cl t ae n ih ng ao dx iy ow v ix zh uw l ix f eh cl k s sil 
LOG (sgmm2-latgen-faster[5.5.208~1-b0fc0]:DecodeUtteranceLatticeFaster():decoder-wrappers.cc:289) Log-like per frame for utterance FMJF0_SX174 is -8.61996 over 433 frames.
LOG (sgmm2-latgen-faster[5.5.208~1-b0fc0]:main():sgmm2-latgen-faster.cc:209) Log-like per frame for utterance FMJF0_SX174 is -8.61996 over 433 frames.
LOG (sgmm2-latgen-faster[5.5.208~1-b0fc0]:main():sgmm2-latgen-faster.cc:252) Time taken [excluding initialization] 14.7552s: real-time factor assuming 100 frames/sec is 1.13852
LOG (sgmm2-latgen-faster[5.5.208~1-b0fc0]:main():sgmm2-latgen-faster.cc:255) Done 4 utterances, failed for 0
LOG (sgmm2-latgen-faster[5.5.208~1-b0fc0]:main():sgmm2-latgen-faster.cc:257) Overall log-likelihood per frame = -8.81982 over 1296 frames.
WARNING (sgmm2-latgen-faster[5.5.208~1-b0fc0]:Close():kaldi-io.cc:515) Pipe gunzip -c exp/sgmm2_4_ali/gselect.6.gz| had nonzero return status 36096
# Accounting: time=16 threads=1
# Ended (code 0) at Wed Feb 27 15:29:47 +07 2019, elapsed time 16 seconds
