# sgmm2-latgen-faster --spk-vecs=ark:exp/sgmm2_4_ali/vecs.6 --utt2spk=ark:data/train/split30/6/utt2spk "--gselect=ark,s,cs:gunzip -c exp/sgmm2_4_ali/gselect.6.gz|" --beam=18.0 --lattice-beam=10.0 --acoustic-scale=0.2 --max-mem=20000000 --max-active=5000 --word-symbol-table=data/lang/words.txt exp/sgmm2_4_ali/final.mdl exp/sgmm2_4_denlats/dengraph/HCLG.fst "ark,s,cs:apply-cmvn --utt2spk=ark:data/train/split30/6/split30utt/29/utt2spk scp:data/train/split30/6/split30utt/29/cmvn.scp scp:data/train/split30/6/split30utt/29/feats.scp ark:- | splice-feats --left-context=3 --right-context=3 ark:- ark:- | transform-feats exp/sgmm2_4_ali/final.mat ark:- ark:- | transform-feats --utt2spk=ark:data/train/split30/6/split30utt/29/utt2spk ark:exp/tri3_ali/trans.6 ark:- ark:- |" "ark:|gzip -c >exp/sgmm2_4_denlats/lat.6.29.gz" 
# Started at Wed Feb 27 15:30:11 +07 2019
#
sgmm2-latgen-faster --spk-vecs=ark:exp/sgmm2_4_ali/vecs.6 --utt2spk=ark:data/train/split30/6/utt2spk '--gselect=ark,s,cs:gunzip -c exp/sgmm2_4_ali/gselect.6.gz|' --beam=18.0 --lattice-beam=10.0 --acoustic-scale=0.2 --max-mem=20000000 --max-active=5000 --word-symbol-table=data/lang/words.txt exp/sgmm2_4_ali/final.mdl exp/sgmm2_4_denlats/dengraph/HCLG.fst 'ark,s,cs:apply-cmvn --utt2spk=ark:data/train/split30/6/split30utt/29/utt2spk scp:data/train/split30/6/split30utt/29/cmvn.scp scp:data/train/split30/6/split30utt/29/feats.scp ark:- | splice-feats --left-context=3 --right-context=3 ark:- ark:- | transform-feats exp/sgmm2_4_ali/final.mat ark:- ark:- | transform-feats --utt2spk=ark:data/train/split30/6/split30utt/29/utt2spk ark:exp/tri3_ali/trans.6 ark:- ark:- |' 'ark:|gzip -c >exp/sgmm2_4_denlats/lat.6.29.gz' 
transform-feats --utt2spk=ark:data/train/split30/6/split30utt/29/utt2spk ark:exp/tri3_ali/trans.6 ark:- ark:- 
apply-cmvn --utt2spk=ark:data/train/split30/6/split30utt/29/utt2spk scp:data/train/split30/6/split30utt/29/cmvn.scp scp:data/train/split30/6/split30utt/29/feats.scp ark:- 
splice-feats --left-context=3 --right-context=3 ark:- ark:- 
transform-feats exp/sgmm2_4_ali/final.mat ark:- ark:- 
LOG (apply-cmvn[5.5.208~1-b0fc0]:main():apply-cmvn.cc:162) Applied cepstral mean normalization to 4 utterances, errors on 0
FMPG0_SI1602 sil hh ih z s w iy cl t hh w ih s cl p er cl k ey m ae f cl t ix vcl g r ey cl eh f er cl sil 
LOG (sgmm2-latgen-faster[5.5.208~1-b0fc0]:DecodeUtteranceLatticeFaster():decoder-wrappers.cc:289) Log-like per frame for utterance FMPG0_SI1602 is -9.41678 over 318 frames.
LOG (sgmm2-latgen-faster[5.5.208~1-b0fc0]:main():sgmm2-latgen-faster.cc:209) Log-like per frame for utterance FMPG0_SI1602 is -9.41678 over 318 frames.
FMPG0_SI2232 sil f ay cl s cl p r eh ng ah cl p ix eh n w er cl k w ih cl k l iy s cl k w eh l cl ch cl t sil 
LOG (sgmm2-latgen-faster[5.5.208~1-b0fc0]:DecodeUtteranceLatticeFaster():decoder-wrappers.cc:289) Log-like per frame for utterance FMPG0_SI2232 is -9.04482 over 337 frames.
LOG (sgmm2-latgen-faster[5.5.208~1-b0fc0]:main():sgmm2-latgen-faster.cc:209) Log-like per frame for utterance FMPG0_SI2232 is -9.04482 over 337 frames.
LOG (transform-feats[5.5.208~1-b0fc0]:main():transform-feats.cc:158) Overall average [pseudo-]logdet is -88.6037 over 1626 frames.
LOG (transform-feats[5.5.208~1-b0fc0]:main():transform-feats.cc:161) Applied transform to 4 utterances; 0 had errors.
FMPG0_SI972 sil w iy s eh n sh ah v el s sil s iy m ae cl sil n ey ix l z eh ng cl k ao r ix vcl g ey dx ih vcl d ao r n f ah r uw f s sil 
LOG (sgmm2-latgen-faster[5.5.208~1-b0fc0]:DecodeUtteranceLatticeFaster():decoder-wrappers.cc:289) Log-like per frame for utterance FMPG0_SI972 is -8.0753 over 532 frames.
LOG (sgmm2-latgen-faster[5.5.208~1-b0fc0]:main():sgmm2-latgen-faster.cc:209) Log-like per frame for utterance FMPG0_SI972 is -8.0753 over 532 frames.
LOG (transform-feats[5.5.208~1-b0fc0]:main():transform-feats.cc:158) Overall average logdet is -0.249869 over 1626 frames.
LOG (transform-feats[5.5.208~1-b0fc0]:main():transform-feats.cc:161) Applied transform to 4 utterances; 0 had errors.
FMPG0_SX162 sil hh er ao vcl b ah n hh ey er r iy m ay n d ih cl t hh ih ax m ah v ao dx ax m l iy v s sil 
LOG (sgmm2-latgen-faster[5.5.208~1-b0fc0]:DecodeUtteranceLatticeFaster():decoder-wrappers.cc:289) Log-like per frame for utterance FMPG0_SX162 is -7.7224 over 439 frames.
LOG (sgmm2-latgen-faster[5.5.208~1-b0fc0]:main():sgmm2-latgen-faster.cc:209) Log-like per frame for utterance FMPG0_SX162 is -7.7224 over 439 frames.
LOG (sgmm2-latgen-faster[5.5.208~1-b0fc0]:main():sgmm2-latgen-faster.cc:252) Time taken [excluding initialization] 12.4371s: real-time factor assuming 100 frames/sec is 0.764892
LOG (sgmm2-latgen-faster[5.5.208~1-b0fc0]:main():sgmm2-latgen-faster.cc:255) Done 4 utterances, failed for 0
LOG (sgmm2-latgen-faster[5.5.208~1-b0fc0]:main():sgmm2-latgen-faster.cc:257) Overall log-likelihood per frame = -8.44332 over 1626 frames.
WARNING (sgmm2-latgen-faster[5.5.208~1-b0fc0]:Close():kaldi-io.cc:515) Pipe gunzip -c exp/sgmm2_4_ali/gselect.6.gz| had nonzero return status 36096
# Accounting: time=13 threads=1
# Ended (code 0) at Wed Feb 27 15:30:24 +07 2019, elapsed time 13 seconds
