# sgmm2-latgen-faster --spk-vecs=ark:exp/sgmm2_4_ali/vecs.6 --utt2spk=ark:data/train/split30/6/utt2spk "--gselect=ark,s,cs:gunzip -c exp/sgmm2_4_ali/gselect.6.gz|" --beam=18.0 --lattice-beam=10.0 --acoustic-scale=0.2 --max-mem=20000000 --max-active=5000 --word-symbol-table=data/lang/words.txt exp/sgmm2_4_ali/final.mdl exp/sgmm2_4_denlats/dengraph/HCLG.fst "ark,s,cs:apply-cmvn --utt2spk=ark:data/train/split30/6/split30utt/21/utt2spk scp:data/train/split30/6/split30utt/21/cmvn.scp scp:data/train/split30/6/split30utt/21/feats.scp ark:- | splice-feats --left-context=3 --right-context=3 ark:- ark:- | transform-feats exp/sgmm2_4_ali/final.mat ark:- ark:- | transform-feats --utt2spk=ark:data/train/split30/6/split30utt/21/utt2spk ark:exp/tri3_ali/trans.6 ark:- ark:- |" "ark:|gzip -c >exp/sgmm2_4_denlats/lat.6.21.gz" 
# Started at Wed Feb 27 15:29:40 +07 2019
#
sgmm2-latgen-faster --spk-vecs=ark:exp/sgmm2_4_ali/vecs.6 --utt2spk=ark:data/train/split30/6/utt2spk '--gselect=ark,s,cs:gunzip -c exp/sgmm2_4_ali/gselect.6.gz|' --beam=18.0 --lattice-beam=10.0 --acoustic-scale=0.2 --max-mem=20000000 --max-active=5000 --word-symbol-table=data/lang/words.txt exp/sgmm2_4_ali/final.mdl exp/sgmm2_4_denlats/dengraph/HCLG.fst 'ark,s,cs:apply-cmvn --utt2spk=ark:data/train/split30/6/split30utt/21/utt2spk scp:data/train/split30/6/split30utt/21/cmvn.scp scp:data/train/split30/6/split30utt/21/feats.scp ark:- | splice-feats --left-context=3 --right-context=3 ark:- ark:- | transform-feats exp/sgmm2_4_ali/final.mat ark:- ark:- | transform-feats --utt2spk=ark:data/train/split30/6/split30utt/21/utt2spk ark:exp/tri3_ali/trans.6 ark:- ark:- |' 'ark:|gzip -c >exp/sgmm2_4_denlats/lat.6.21.gz' 
transform-feats --utt2spk=ark:data/train/split30/6/split30utt/21/utt2spk ark:exp/tri3_ali/trans.6 ark:- ark:- 
splice-feats --left-context=3 --right-context=3 ark:- ark:- 
apply-cmvn --utt2spk=ark:data/train/split30/6/split30utt/21/utt2spk scp:data/train/split30/6/split30utt/21/cmvn.scp scp:data/train/split30/6/split30utt/21/feats.scp ark:- 
LOG (apply-cmvn[5.5.208~1-b0fc0]:main():apply-cmvn.cc:162) Applied cepstral mean normalization to 4 utterances, errors on 0
transform-feats exp/sgmm2_4_ali/final.mat ark:- ark:- 
LOG (transform-feats[5.5.208~1-b0fc0]:main():transform-feats.cc:158) Overall average [pseudo-]logdet is -88.6037 over 1318 frames.
LOG (transform-feats[5.5.208~1-b0fc0]:main():transform-feats.cc:161) Applied transform to 4 utterances; 0 had errors.
FMJU0_SI1389 sil ey cl k l ih l iy r eh cl k ix cl n ay z ix cl k s eh cl p sh ix n ih z ix s cl t ae cl ch ax cl t ao r iy m er vcl jh er ao r cl k en s aa l ix vcl d ey sh ix n sil 
LOG (sgmm2-latgen-faster[5.5.208~1-b0fc0]:DecodeUtteranceLatticeFaster():decoder-wrappers.cc:289) Log-like per frame for utterance FMJU0_SI1389 is -8.74669 over 476 frames.
LOG (sgmm2-latgen-faster[5.5.208~1-b0fc0]:main():sgmm2-latgen-faster.cc:209) Log-like per frame for utterance FMJU0_SI1389 is -8.74669 over 476 frames.
FMJU0_SI2019 sil l ey dx er y uw sh ae l n ow w ih cl b eh dx er sil 
LOG (sgmm2-latgen-faster[5.5.208~1-b0fc0]:DecodeUtteranceLatticeFaster():decoder-wrappers.cc:289) Log-like per frame for utterance FMJU0_SI2019 is -8.0254 over 196 frames.
LOG (sgmm2-latgen-faster[5.5.208~1-b0fc0]:main():sgmm2-latgen-faster.cc:209) Log-like per frame for utterance FMJU0_SI2019 is -8.0254 over 196 frames.
LOG (transform-feats[5.5.208~1-b0fc0]:main():transform-feats.cc:158) Overall average logdet is 2.0678 over 1318 frames.
LOG (transform-feats[5.5.208~1-b0fc0]:main():transform-feats.cc:161) Applied transform to 4 utterances; 0 had errors.
FMJU0_SI759 sil t r ih m ax eh cl k s eh s cl k l ey ax w ey f er m aw dx er eh vcl jh ix z sil 
LOG (sgmm2-latgen-faster[5.5.208~1-b0fc0]:DecodeUtteranceLatticeFaster():decoder-wrappers.cc:289) Log-like per frame for utterance FMJU0_SI759 is -8.68696 over 326 frames.
LOG (sgmm2-latgen-faster[5.5.208~1-b0fc0]:main():sgmm2-latgen-faster.cc:209) Log-like per frame for utterance FMJU0_SI759 is -8.68696 over 326 frames.
FMJU0_SX129 sil ae ng vcl g ao er cl k ae cl s ah f er ih er dh eh n s ay ix m iy s sil 
LOG (sgmm2-latgen-faster[5.5.208~1-b0fc0]:DecodeUtteranceLatticeFaster():decoder-wrappers.cc:289) Log-like per frame for utterance FMJU0_SX129 is -7.86652 over 320 frames.
LOG (sgmm2-latgen-faster[5.5.208~1-b0fc0]:main():sgmm2-latgen-faster.cc:209) Log-like per frame for utterance FMJU0_SX129 is -7.86652 over 320 frames.
LOG (sgmm2-latgen-faster[5.5.208~1-b0fc0]:main():sgmm2-latgen-faster.cc:252) Time taken [excluding initialization] 13.8959s: real-time factor assuming 100 frames/sec is 1.05431
LOG (sgmm2-latgen-faster[5.5.208~1-b0fc0]:main():sgmm2-latgen-faster.cc:255) Done 4 utterances, failed for 0
LOG (sgmm2-latgen-faster[5.5.208~1-b0fc0]:main():sgmm2-latgen-faster.cc:257) Overall log-likelihood per frame = -8.41096 over 1318 frames.
WARNING (sgmm2-latgen-faster[5.5.208~1-b0fc0]:Close():kaldi-io.cc:515) Pipe gunzip -c exp/sgmm2_4_ali/gselect.6.gz| had nonzero return status 36096
# Accounting: time=15 threads=1
# Ended (code 0) at Wed Feb 27 15:29:55 +07 2019, elapsed time 15 seconds
