# sgmm2-latgen-faster --spk-vecs=ark:exp/sgmm2_4_ali/vecs.11 --utt2spk=ark:data/train/split30/11/utt2spk "--gselect=ark,s,cs:gunzip -c exp/sgmm2_4_ali/gselect.11.gz|" --beam=18.0 --lattice-beam=10.0 --acoustic-scale=0.2 --max-mem=20000000 --max-active=5000 --word-symbol-table=data/lang/words.txt exp/sgmm2_4_ali/final.mdl exp/sgmm2_4_denlats/dengraph/HCLG.fst "ark,s,cs:apply-cmvn --utt2spk=ark:data/train/split30/11/split30utt/11/utt2spk scp:data/train/split30/11/split30utt/11/cmvn.scp scp:data/train/split30/11/split30utt/11/feats.scp ark:- | splice-feats --left-context=3 --right-context=3 ark:- ark:- | transform-feats exp/sgmm2_4_ali/final.mat ark:- ark:- | transform-feats --utt2spk=ark:data/train/split30/11/split30utt/11/utt2spk ark:exp/tri3_ali/trans.11 ark:- ark:- |" "ark:|gzip -c >exp/sgmm2_4_denlats/lat.11.11.gz" 
# Started at Wed Feb 27 15:34:30 +07 2019
#
sgmm2-latgen-faster --spk-vecs=ark:exp/sgmm2_4_ali/vecs.11 --utt2spk=ark:data/train/split30/11/utt2spk '--gselect=ark,s,cs:gunzip -c exp/sgmm2_4_ali/gselect.11.gz|' --beam=18.0 --lattice-beam=10.0 --acoustic-scale=0.2 --max-mem=20000000 --max-active=5000 --word-symbol-table=data/lang/words.txt exp/sgmm2_4_ali/final.mdl exp/sgmm2_4_denlats/dengraph/HCLG.fst 'ark,s,cs:apply-cmvn --utt2spk=ark:data/train/split30/11/split30utt/11/utt2spk scp:data/train/split30/11/split30utt/11/cmvn.scp scp:data/train/split30/11/split30utt/11/feats.scp ark:- | splice-feats --left-context=3 --right-context=3 ark:- ark:- | transform-feats exp/sgmm2_4_ali/final.mat ark:- ark:- | transform-feats --utt2spk=ark:data/train/split30/11/split30utt/11/utt2spk ark:exp/tri3_ali/trans.11 ark:- ark:- |' 'ark:|gzip -c >exp/sgmm2_4_denlats/lat.11.11.gz' 
transform-feats exp/sgmm2_4_ali/final.mat ark:- ark:- 
transform-feats --utt2spk=ark:data/train/split30/11/split30utt/11/utt2spk ark:exp/tri3_ali/trans.11 ark:- ark:- 
splice-feats --left-context=3 --right-context=3 ark:- ark:- 
apply-cmvn --utt2spk=ark:data/train/split30/11/split30utt/11/utt2spk scp:data/train/split30/11/split30utt/11/cmvn.scp scp:data/train/split30/11/split30utt/11/feats.scp ark:- 
LOG (apply-cmvn[5.5.208~1-b0fc0]:main():apply-cmvn.cc:162) Applied cepstral mean normalization to 4 utterances, errors on 0
LOG (transform-feats[5.5.208~1-b0fc0]:main():transform-feats.cc:158) Overall average [pseudo-]logdet is -88.6037 over 1036 frames.
LOG (transform-feats[5.5.208~1-b0fc0]:main():transform-feats.cc:161) Applied transform to 4 utterances; 0 had errors.
MBWP0_SI1531 sil hh uw ih z vcl g ow ih ng cl t ax s cl t aa cl m iy sil 
LOG (sgmm2-latgen-faster[5.5.208~1-b0fc0]:DecodeUtteranceLatticeFaster():decoder-wrappers.cc:289) Log-like per frame for utterance MBWP0_SI1531 is -9.00985 over 156 frames.
LOG (sgmm2-latgen-faster[5.5.208~1-b0fc0]:main():sgmm2-latgen-faster.cc:209) Log-like per frame for utterance MBWP0_SI1531 is -9.00985 over 156 frames.
MBWP0_SI1969 sil ih f eh n iy ih v ah s m ih s dh ey cl k ix n cl p ih cl k ah cl dh ax cl p iy s ix z sil 
LOG (sgmm2-latgen-faster[5.5.208~1-b0fc0]:DecodeUtteranceLatticeFaster():decoder-wrappers.cc:289) Log-like per frame for utterance MBWP0_SI1969 is -9.47407 over 269 frames.
LOG (sgmm2-latgen-faster[5.5.208~1-b0fc0]:main():sgmm2-latgen-faster.cc:209) Log-like per frame for utterance MBWP0_SI1969 is -9.47407 over 269 frames.
LOG (transform-feats[5.5.208~1-b0fc0]:main():transform-feats.cc:158) Overall average logdet is 4.28297 over 1036 frames.
LOG (transform-feats[5.5.208~1-b0fc0]:main():transform-feats.cc:161) Applied transform to 4 utterances; 0 had errors.
MBWP0_SI709 sil aa v ah cl k aa dx ow s hh aw eh v er aa r v er iy r ih cl ch ih n uw cl t r iy ix n cl s sil 
LOG (sgmm2-latgen-faster[5.5.208~1-b0fc0]:DecodeUtteranceLatticeFaster():decoder-wrappers.cc:289) Log-like per frame for utterance MBWP0_SI709 is -8.69894 over 324 frames.
LOG (sgmm2-latgen-faster[5.5.208~1-b0fc0]:main():sgmm2-latgen-faster.cc:209) Log-like per frame for utterance MBWP0_SI709 is -8.69894 over 324 frames.
MBWP0_SX169 sil hh aw w ix vcl y uw iy v ae l y uw ey cl dh ih s ae l vcl jh er vcl b r ey ix cl k ix cl k s cl p r eh sh en sil 
LOG (sgmm2-latgen-faster[5.5.208~1-b0fc0]:DecodeUtteranceLatticeFaster():decoder-wrappers.cc:289) Log-like per frame for utterance MBWP0_SX169 is -8.45323 over 287 frames.
LOG (sgmm2-latgen-faster[5.5.208~1-b0fc0]:main():sgmm2-latgen-faster.cc:209) Log-like per frame for utterance MBWP0_SX169 is -8.45323 over 287 frames.
LOG (sgmm2-latgen-faster[5.5.208~1-b0fc0]:main():sgmm2-latgen-faster.cc:252) Time taken [excluding initialization] 12.0875s: real-time factor assuming 100 frames/sec is 1.16674
LOG (sgmm2-latgen-faster[5.5.208~1-b0fc0]:main():sgmm2-latgen-faster.cc:255) Done 4 utterances, failed for 0
LOG (sgmm2-latgen-faster[5.5.208~1-b0fc0]:main():sgmm2-latgen-faster.cc:257) Overall log-likelihood per frame = -8.87895 over 1036 frames.
WARNING (sgmm2-latgen-faster[5.5.208~1-b0fc0]:Close():kaldi-io.cc:515) Pipe gunzip -c exp/sgmm2_4_ali/gselect.11.gz| had nonzero return status 36096
# Accounting: time=12 threads=1
# Ended (code 0) at Wed Feb 27 15:34:43 +07 2019, elapsed time 12 seconds
