# sgmm2-latgen-faster --spk-vecs=ark:exp/sgmm2_4_ali/vecs.11 --utt2spk=ark:data/train/split30/11/utt2spk "--gselect=ark,s,cs:gunzip -c exp/sgmm2_4_ali/gselect.11.gz|" --beam=18.0 --lattice-beam=10.0 --acoustic-scale=0.2 --max-mem=20000000 --max-active=5000 --word-symbol-table=data/lang/words.txt exp/sgmm2_4_ali/final.mdl exp/sgmm2_4_denlats/dengraph/HCLG.fst "ark,s,cs:apply-cmvn --utt2spk=ark:data/train/split30/11/split30utt/12/utt2spk scp:data/train/split30/11/split30utt/12/cmvn.scp scp:data/train/split30/11/split30utt/12/feats.scp ark:- | splice-feats --left-context=3 --right-context=3 ark:- ark:- | transform-feats exp/sgmm2_4_ali/final.mat ark:- ark:- | transform-feats --utt2spk=ark:data/train/split30/11/split30utt/12/utt2spk ark:exp/tri3_ali/trans.11 ark:- ark:- |" "ark:|gzip -c >exp/sgmm2_4_denlats/lat.11.12.gz" 
# Started at Wed Feb 27 15:34:35 +07 2019
#
sgmm2-latgen-faster --spk-vecs=ark:exp/sgmm2_4_ali/vecs.11 --utt2spk=ark:data/train/split30/11/utt2spk '--gselect=ark,s,cs:gunzip -c exp/sgmm2_4_ali/gselect.11.gz|' --beam=18.0 --lattice-beam=10.0 --acoustic-scale=0.2 --max-mem=20000000 --max-active=5000 --word-symbol-table=data/lang/words.txt exp/sgmm2_4_ali/final.mdl exp/sgmm2_4_denlats/dengraph/HCLG.fst 'ark,s,cs:apply-cmvn --utt2spk=ark:data/train/split30/11/split30utt/12/utt2spk scp:data/train/split30/11/split30utt/12/cmvn.scp scp:data/train/split30/11/split30utt/12/feats.scp ark:- | splice-feats --left-context=3 --right-context=3 ark:- ark:- | transform-feats exp/sgmm2_4_ali/final.mat ark:- ark:- | transform-feats --utt2spk=ark:data/train/split30/11/split30utt/12/utt2spk ark:exp/tri3_ali/trans.11 ark:- ark:- |' 'ark:|gzip -c >exp/sgmm2_4_denlats/lat.11.12.gz' 
apply-cmvn --utt2spk=ark:data/train/split30/11/split30utt/12/utt2spk scp:data/train/split30/11/split30utt/12/cmvn.scp scp:data/train/split30/11/split30utt/12/feats.scp ark:- 
transform-feats --utt2spk=ark:data/train/split30/11/split30utt/12/utt2spk ark:exp/tri3_ali/trans.11 ark:- ark:- 
transform-feats exp/sgmm2_4_ali/final.mat ark:- ark:- 
splice-feats --left-context=3 --right-context=3 ark:- ark:- 
LOG (apply-cmvn[5.5.208~1-b0fc0]:main():apply-cmvn.cc:162) Applied cepstral mean normalization to 4 utterances, errors on 0
MBWP0_SX259 sil t er n ey dx ow z ao f n vcl ix s cl t r oy ey cl k er z ix v f aa r m l ae n vcl d sil 
LOG (sgmm2-latgen-faster[5.5.208~1-b0fc0]:DecodeUtteranceLatticeFaster():decoder-wrappers.cc:289) Log-like per frame for utterance MBWP0_SX259 is -8.27696 over 369 frames.
LOG (sgmm2-latgen-faster[5.5.208~1-b0fc0]:main():sgmm2-latgen-faster.cc:209) Log-like per frame for utterance MBWP0_SX259 is -8.27696 over 369 frames.
LOG (transform-feats[5.5.208~1-b0fc0]:main():transform-feats.cc:158) Overall average [pseudo-]logdet is -88.6037 over 1466 frames.
LOG (transform-feats[5.5.208~1-b0fc0]:main():transform-feats.cc:161) Applied transform to 4 utterances; 0 had errors.
MBWP0_SX349 sil dh ix cl p r iy s cl k uw l er cl k uh vcl en v er vcl b ax l ay z hh er f iy l ih n s ax vcl b aw cl dh iy m er zh ix n s iy cl k ix n vcl d ih sh ix n z sil 
LOG (sgmm2-latgen-faster[5.5.208~1-b0fc0]:DecodeUtteranceLatticeFaster():decoder-wrappers.cc:289) Log-like per frame for utterance MBWP0_SX349 is -9.41413 over 428 frames.
LOG (sgmm2-latgen-faster[5.5.208~1-b0fc0]:main():sgmm2-latgen-faster.cc:209) Log-like per frame for utterance MBWP0_SX349 is -9.41413 over 428 frames.
LOG (transform-feats[5.5.208~1-b0fc0]:main():transform-feats.cc:158) Overall average logdet is 4.28297 over 1466 frames.
LOG (transform-feats[5.5.208~1-b0fc0]:main():transform-feats.cc:161) Applied transform to 4 utterances; 0 had errors.
MBWP0_SX439 sil dh ae cl s cl t ih ng iy n v ey cl p er w ax z cl k ao z vcl b ay cl k l ao r ay vcl v ey cl p er z ey sh n sil 
LOG (sgmm2-latgen-faster[5.5.208~1-b0fc0]:DecodeUtteranceLatticeFaster():decoder-wrappers.cc:289) Log-like per frame for utterance MBWP0_SX439 is -8.70992 over 342 frames.
LOG (sgmm2-latgen-faster[5.5.208~1-b0fc0]:main():sgmm2-latgen-faster.cc:209) Log-like per frame for utterance MBWP0_SX439 is -8.70992 over 342 frames.
MBWP0_SX79 sil w ih y uw cl p l iy z vcl d ix s cl k r ay vcl dh iy ih dx iy aa dx ih cl p er vcl d ih cl k ax m ix n cl t sil 
LOG (sgmm2-latgen-faster[5.5.208~1-b0fc0]:DecodeUtteranceLatticeFaster():decoder-wrappers.cc:289) Log-like per frame for utterance MBWP0_SX79 is -8.43712 over 327 frames.
LOG (sgmm2-latgen-faster[5.5.208~1-b0fc0]:main():sgmm2-latgen-faster.cc:209) Log-like per frame for utterance MBWP0_SX79 is -8.43712 over 327 frames.
LOG (sgmm2-latgen-faster[5.5.208~1-b0fc0]:main():sgmm2-latgen-faster.cc:252) Time taken [excluding initialization] 16.1767s: real-time factor assuming 100 frames/sec is 1.10346
LOG (sgmm2-latgen-faster[5.5.208~1-b0fc0]:main():sgmm2-latgen-faster.cc:255) Done 4 utterances, failed for 0
LOG (sgmm2-latgen-faster[5.5.208~1-b0fc0]:main():sgmm2-latgen-faster.cc:257) Overall log-likelihood per frame = -8.74569 over 1466 frames.
WARNING (sgmm2-latgen-faster[5.5.208~1-b0fc0]:Close():kaldi-io.cc:515) Pipe gunzip -c exp/sgmm2_4_ali/gselect.11.gz| had nonzero return status 36096
# Accounting: time=17 threads=1
# Ended (code 0) at Wed Feb 27 15:34:52 +07 2019, elapsed time 17 seconds
