# sgmm2-latgen-faster --spk-vecs=ark:exp/sgmm2_4_ali/vecs.11 --utt2spk=ark:data/train/split30/11/utt2spk "--gselect=ark,s,cs:gunzip -c exp/sgmm2_4_ali/gselect.11.gz|" --beam=18.0 --lattice-beam=10.0 --acoustic-scale=0.2 --max-mem=20000000 --max-active=5000 --word-symbol-table=data/lang/words.txt exp/sgmm2_4_ali/final.mdl exp/sgmm2_4_denlats/dengraph/HCLG.fst "ark,s,cs:apply-cmvn --utt2spk=ark:data/train/split30/11/split30utt/17/utt2spk scp:data/train/split30/11/split30utt/17/cmvn.scp scp:data/train/split30/11/split30utt/17/feats.scp ark:- | splice-feats --left-context=3 --right-context=3 ark:- ark:- | transform-feats exp/sgmm2_4_ali/final.mat ark:- ark:- | transform-feats --utt2spk=ark:data/train/split30/11/split30utt/17/utt2spk ark:exp/tri3_ali/trans.11 ark:- ark:- |" "ark:|gzip -c >exp/sgmm2_4_denlats/lat.11.17.gz" 
# Started at Wed Feb 27 15:35:00 +07 2019
#
sgmm2-latgen-faster --spk-vecs=ark:exp/sgmm2_4_ali/vecs.11 --utt2spk=ark:data/train/split30/11/utt2spk '--gselect=ark,s,cs:gunzip -c exp/sgmm2_4_ali/gselect.11.gz|' --beam=18.0 --lattice-beam=10.0 --acoustic-scale=0.2 --max-mem=20000000 --max-active=5000 --word-symbol-table=data/lang/words.txt exp/sgmm2_4_ali/final.mdl exp/sgmm2_4_denlats/dengraph/HCLG.fst 'ark,s,cs:apply-cmvn --utt2spk=ark:data/train/split30/11/split30utt/17/utt2spk scp:data/train/split30/11/split30utt/17/cmvn.scp scp:data/train/split30/11/split30utt/17/feats.scp ark:- | splice-feats --left-context=3 --right-context=3 ark:- ark:- | transform-feats exp/sgmm2_4_ali/final.mat ark:- ark:- | transform-feats --utt2spk=ark:data/train/split30/11/split30utt/17/utt2spk ark:exp/tri3_ali/trans.11 ark:- ark:- |' 'ark:|gzip -c >exp/sgmm2_4_denlats/lat.11.17.gz' 
splice-feats --left-context=3 --right-context=3 ark:- ark:- 
transform-feats --utt2spk=ark:data/train/split30/11/split30utt/17/utt2spk ark:exp/tri3_ali/trans.11 ark:- ark:- 
transform-feats exp/sgmm2_4_ali/final.mat ark:- ark:- 
apply-cmvn --utt2spk=ark:data/train/split30/11/split30utt/17/utt2spk scp:data/train/split30/11/split30utt/17/cmvn.scp scp:data/train/split30/11/split30utt/17/feats.scp ark:- 
LOG (apply-cmvn[5.5.208~1-b0fc0]:main():apply-cmvn.cc:162) Applied cepstral mean normalization to 4 utterances, errors on 0
LOG (transform-feats[5.5.208~1-b0fc0]:main():transform-feats.cc:158) Overall average [pseudo-]logdet is -88.6037 over 1090 frames.
LOG (transform-feats[5.5.208~1-b0fc0]:main():transform-feats.cc:161) Applied transform to 4 utterances; 0 had errors.
MCDC0_SI1292 sil aa r ey m ah s cl b iy cl t ix l er n ix z epi m ah cl ch ix z w iy cl t iy cl ch sil 
LOG (sgmm2-latgen-faster[5.5.208~1-b0fc0]:DecodeUtteranceLatticeFaster():decoder-wrappers.cc:289) Log-like per frame for utterance MCDC0_SI1292 is -8.80586 over 268 frames.
LOG (sgmm2-latgen-faster[5.5.208~1-b0fc0]:main():sgmm2-latgen-faster.cc:209) Log-like per frame for utterance MCDC0_SI1292 is -8.80586 over 268 frames.
MCDC0_SI1922 sil ao r m ey vcl b iy uw vcl jh ih s cl d ow n f iy l ay cl k ix s ix vcl g aa r sil 
LOG (sgmm2-latgen-faster[5.5.208~1-b0fc0]:DecodeUtteranceLatticeFaster():decoder-wrappers.cc:289) Log-like per frame for utterance MCDC0_SI1922 is -8.65433 over 237 frames.
LOG (sgmm2-latgen-faster[5.5.208~1-b0fc0]:main():sgmm2-latgen-faster.cc:209) Log-like per frame for utterance MCDC0_SI1922 is -8.65433 over 237 frames.
LOG (transform-feats[5.5.208~1-b0fc0]:main():transform-feats.cc:158) Overall average logdet is 2.06231 over 1090 frames.
LOG (transform-feats[5.5.208~1-b0fc0]:main():transform-feats.cc:161) Applied transform to 4 utterances; 0 had errors.
MCDC0_SI662 sil s ah cl ch ih cl k aa m ix n eh sh er ix ng cl p iy s cl k ix n vcl b iy y ao r z sil 
LOG (sgmm2-latgen-faster[5.5.208~1-b0fc0]:DecodeUtteranceLatticeFaster():decoder-wrappers.cc:289) Log-like per frame for utterance MCDC0_SI662 is -8.58067 over 260 frames.
LOG (sgmm2-latgen-faster[5.5.208~1-b0fc0]:main():sgmm2-latgen-faster.cc:209) Log-like per frame for utterance MCDC0_SI662 is -8.58067 over 260 frames.
MCDC0_SX122 sil ix n s ay cl k l ax cl p iy dx iy ix s eh l dx ax m cl p r ix z eh n cl ae n ax vcl d ow dx el eh v ax dx ix n cl t s sil 
LOG (sgmm2-latgen-faster[5.5.208~1-b0fc0]:DecodeUtteranceLatticeFaster():decoder-wrappers.cc:289) Log-like per frame for utterance MCDC0_SX122 is -9.40924 over 325 frames.
LOG (sgmm2-latgen-faster[5.5.208~1-b0fc0]:main():sgmm2-latgen-faster.cc:209) Log-like per frame for utterance MCDC0_SX122 is -9.40924 over 325 frames.
LOG (sgmm2-latgen-faster[5.5.208~1-b0fc0]:main():sgmm2-latgen-faster.cc:252) Time taken [excluding initialization] 12.0497s: real-time factor assuming 100 frames/sec is 1.10548
LOG (sgmm2-latgen-faster[5.5.208~1-b0fc0]:main():sgmm2-latgen-faster.cc:255) Done 4 utterances, failed for 0
LOG (sgmm2-latgen-faster[5.5.208~1-b0fc0]:main():sgmm2-latgen-faster.cc:257) Overall log-likelihood per frame = -8.8991 over 1090 frames.
WARNING (sgmm2-latgen-faster[5.5.208~1-b0fc0]:Close():kaldi-io.cc:515) Pipe gunzip -c exp/sgmm2_4_ali/gselect.11.gz| had nonzero return status 36096
# Accounting: time=13 threads=1
# Ended (code 0) at Wed Feb 27 15:35:13 +07 2019, elapsed time 13 seconds
