# sgmm2-latgen-faster --spk-vecs=ark:exp/sgmm2_4_ali/vecs.11 --utt2spk=ark:data/train/split30/11/utt2spk "--gselect=ark,s,cs:gunzip -c exp/sgmm2_4_ali/gselect.11.gz|" --beam=18.0 --lattice-beam=10.0 --acoustic-scale=0.2 --max-mem=20000000 --max-active=5000 --word-symbol-table=data/lang/words.txt exp/sgmm2_4_ali/final.mdl exp/sgmm2_4_denlats/dengraph/HCLG.fst "ark,s,cs:apply-cmvn --utt2spk=ark:data/train/split30/11/split30utt/30/utt2spk scp:data/train/split30/11/split30utt/30/cmvn.scp scp:data/train/split30/11/split30utt/30/feats.scp ark:- | splice-feats --left-context=3 --right-context=3 ark:- ark:- | transform-feats exp/sgmm2_4_ali/final.mat ark:- ark:- | transform-feats --utt2spk=ark:data/train/split30/11/split30utt/30/utt2spk ark:exp/tri3_ali/trans.11 ark:- ark:- |" "ark:|gzip -c >exp/sgmm2_4_denlats/lat.11.30.gz" 
# Started at Wed Feb 27 15:35:51 +07 2019
#
sgmm2-latgen-faster --spk-vecs=ark:exp/sgmm2_4_ali/vecs.11 --utt2spk=ark:data/train/split30/11/utt2spk '--gselect=ark,s,cs:gunzip -c exp/sgmm2_4_ali/gselect.11.gz|' --beam=18.0 --lattice-beam=10.0 --acoustic-scale=0.2 --max-mem=20000000 --max-active=5000 --word-symbol-table=data/lang/words.txt exp/sgmm2_4_ali/final.mdl exp/sgmm2_4_denlats/dengraph/HCLG.fst 'ark,s,cs:apply-cmvn --utt2spk=ark:data/train/split30/11/split30utt/30/utt2spk scp:data/train/split30/11/split30utt/30/cmvn.scp scp:data/train/split30/11/split30utt/30/feats.scp ark:- | splice-feats --left-context=3 --right-context=3 ark:- ark:- | transform-feats exp/sgmm2_4_ali/final.mat ark:- ark:- | transform-feats --utt2spk=ark:data/train/split30/11/split30utt/30/utt2spk ark:exp/tri3_ali/trans.11 ark:- ark:- |' 'ark:|gzip -c >exp/sgmm2_4_denlats/lat.11.30.gz' 
transform-feats --utt2spk=ark:data/train/split30/11/split30utt/30/utt2spk ark:exp/tri3_ali/trans.11 ark:- ark:- 
transform-feats exp/sgmm2_4_ali/final.mat ark:- ark:- 
splice-feats --left-context=3 --right-context=3 ark:- ark:- 
apply-cmvn --utt2spk=ark:data/train/split30/11/split30utt/30/utt2spk scp:data/train/split30/11/split30utt/30/cmvn.scp scp:data/train/split30/11/split30utt/30/feats.scp ark:- 
LOG (apply-cmvn[5.5.208~1-b0fc0]:main():apply-cmvn.cc:162) Applied cepstral mean normalization to 4 utterances, errors on 0
LOG (transform-feats[5.5.208~1-b0fc0]:main():transform-feats.cc:158) Overall average [pseudo-]logdet is -88.6037 over 1116 frames.
LOG (transform-feats[5.5.208~1-b0fc0]:main():transform-feats.cc:161) Applied transform to 4 utterances; 0 had errors.
MCLK0_SX220 sil dh ix m ow s cl t r iy s eh n vcl jh ih l aa vcl jh ix cl k el s er v ey f aw n vcl s ay z epi m ix cl k ae cl t ih v ix dx iy sil 
LOG (sgmm2-latgen-faster[5.5.208~1-b0fc0]:DecodeUtteranceLatticeFaster():decoder-wrappers.cc:289) Log-like per frame for utterance MCLK0_SX220 is -8.78154 over 344 frames.
LOG (sgmm2-latgen-faster[5.5.208~1-b0fc0]:main():sgmm2-latgen-faster.cc:209) Log-like per frame for utterance MCLK0_SX220 is -8.78154 over 344 frames.
MCLK0_SX310 sil dh ix hh uh dx ah v dh ix vcl jh iy cl p w ih s cl t iy m ix ng ix n ah hh aa cl s ah n sil 
LOG (sgmm2-latgen-faster[5.5.208~1-b0fc0]:DecodeUtteranceLatticeFaster():decoder-wrappers.cc:289) Log-like per frame for utterance MCLK0_SX310 is -9.0619 over 229 frames.
LOG (sgmm2-latgen-faster[5.5.208~1-b0fc0]:main():sgmm2-latgen-faster.cc:209) Log-like per frame for utterance MCLK0_SX310 is -9.0619 over 229 frames.
LOG (transform-feats[5.5.208~1-b0fc0]:main():transform-feats.cc:158) Overall average logdet is 3.8711 over 1116 frames.
LOG (transform-feats[5.5.208~1-b0fc0]:main():transform-feats.cc:161) Applied transform to 4 utterances; 0 had errors.
MCLK0_SX40 sil s cl t ih m y ix l ey dx ih ng vcl d ix s cl k ah sh ih n z cl k iy cl p s cl t uw vcl en s ah cl t eh n cl sh ax n sil 
LOG (sgmm2-latgen-faster[5.5.208~1-b0fc0]:DecodeUtteranceLatticeFaster():decoder-wrappers.cc:289) Log-like per frame for utterance MCLK0_SX40 is -9.50096 over 280 frames.
LOG (sgmm2-latgen-faster[5.5.208~1-b0fc0]:main():sgmm2-latgen-faster.cc:209) Log-like per frame for utterance MCLK0_SX40 is -9.50096 over 280 frames.
MCLK0_SX400 sil jh ih s vcl d r aa cl n ow dx ih s ax z eh n ih n iy s ix vcl jh ah sh ax n vcl b aa cl s sil 
LOG (sgmm2-latgen-faster[5.5.208~1-b0fc0]:DecodeUtteranceLatticeFaster():decoder-wrappers.cc:289) Log-like per frame for utterance MCLK0_SX400 is -8.77315 over 263 frames.
LOG (sgmm2-latgen-faster[5.5.208~1-b0fc0]:main():sgmm2-latgen-faster.cc:209) Log-like per frame for utterance MCLK0_SX400 is -8.77315 over 263 frames.
LOG (sgmm2-latgen-faster[5.5.208~1-b0fc0]:main():sgmm2-latgen-faster.cc:252) Time taken [excluding initialization] 10.2285s: real-time factor assuming 100 frames/sec is 0.916531
LOG (sgmm2-latgen-faster[5.5.208~1-b0fc0]:main():sgmm2-latgen-faster.cc:255) Done 4 utterances, failed for 0
LOG (sgmm2-latgen-faster[5.5.208~1-b0fc0]:main():sgmm2-latgen-faster.cc:257) Overall log-likelihood per frame = -9.01759 over 1116 frames.
# Accounting: time=11 threads=1
# Ended (code 0) at Wed Feb 27 15:36:02 +07 2019, elapsed time 11 seconds
