# sgmm2-latgen-faster --spk-vecs=ark:exp/sgmm2_4_ali/vecs.18 --utt2spk=ark:data/train/split30/18/utt2spk "--gselect=ark,s,cs:gunzip -c exp/sgmm2_4_ali/gselect.18.gz|" --beam=18.0 --lattice-beam=10.0 --acoustic-scale=0.2 --max-mem=20000000 --max-active=5000 --word-symbol-table=data/lang/words.txt exp/sgmm2_4_ali/final.mdl exp/sgmm2_4_denlats/dengraph/HCLG.fst "ark,s,cs:apply-cmvn --utt2spk=ark:data/train/split30/18/split30utt/1/utt2spk scp:data/train/split30/18/split30utt/1/cmvn.scp scp:data/train/split30/18/split30utt/1/feats.scp ark:- | splice-feats --left-context=3 --right-context=3 ark:- ark:- | transform-feats exp/sgmm2_4_ali/final.mat ark:- ark:- | transform-feats --utt2spk=ark:data/train/split30/18/split30utt/1/utt2spk ark:exp/tri3_ali/trans.18 ark:- ark:- |" "ark:|gzip -c >exp/sgmm2_4_denlats/lat.18.1.gz" 
# Started at Wed Feb 27 15:40:05 +07 2019
#
sgmm2-latgen-faster --spk-vecs=ark:exp/sgmm2_4_ali/vecs.18 --utt2spk=ark:data/train/split30/18/utt2spk '--gselect=ark,s,cs:gunzip -c exp/sgmm2_4_ali/gselect.18.gz|' --beam=18.0 --lattice-beam=10.0 --acoustic-scale=0.2 --max-mem=20000000 --max-active=5000 --word-symbol-table=data/lang/words.txt exp/sgmm2_4_ali/final.mdl exp/sgmm2_4_denlats/dengraph/HCLG.fst 'ark,s,cs:apply-cmvn --utt2spk=ark:data/train/split30/18/split30utt/1/utt2spk scp:data/train/split30/18/split30utt/1/cmvn.scp scp:data/train/split30/18/split30utt/1/feats.scp ark:- | splice-feats --left-context=3 --right-context=3 ark:- ark:- | transform-feats exp/sgmm2_4_ali/final.mat ark:- ark:- | transform-feats --utt2spk=ark:data/train/split30/18/split30utt/1/utt2spk ark:exp/tri3_ali/trans.18 ark:- ark:- |' 'ark:|gzip -c >exp/sgmm2_4_denlats/lat.18.1.gz' 
transform-feats exp/sgmm2_4_ali/final.mat ark:- ark:- 
splice-feats --left-context=3 --right-context=3 ark:- ark:- 
apply-cmvn --utt2spk=ark:data/train/split30/18/split30utt/1/utt2spk scp:data/train/split30/18/split30utt/1/cmvn.scp scp:data/train/split30/18/split30utt/1/feats.scp ark:- 
transform-feats --utt2spk=ark:data/train/split30/18/split30utt/1/utt2spk ark:exp/tri3_ali/trans.18 ark:- ark:- 
LOG (apply-cmvn[5.5.208~1-b0fc0]:main():apply-cmvn.cc:162) Applied cepstral mean normalization to 5 utterances, errors on 0
MJHI0_SI1328 sil ih dx ih z cl p aa s ax vcl el cl t ix m ey cl uw cl sil f y uw vcl jh ih n er el ay z ey sh en z ax vcl b aw cl dh ax s ih cl k s vcl jh ay ix n cl s sil dh ix m s eh l v s sil 
LOG (sgmm2-latgen-faster[5.5.208~1-b0fc0]:DecodeUtteranceLatticeFaster():decoder-wrappers.cc:289) Log-like per frame for utterance MJHI0_SI1328 is -9.21103 over 486 frames.
LOG (sgmm2-latgen-faster[5.5.208~1-b0fc0]:main():sgmm2-latgen-faster.cc:209) Log-like per frame for utterance MJHI0_SI1328 is -9.21103 over 486 frames.
LOG (transform-feats[5.5.208~1-b0fc0]:main():transform-feats.cc:158) Overall average [pseudo-]logdet is -88.6037 over 1474 frames.
LOG (transform-feats[5.5.208~1-b0fc0]:main():transform-feats.cc:161) Applied transform to 5 utterances; 0 had errors.
MJHI0_SI555 sil ow n l iy ih n vcl jh ih n uw ax vcl d iy w el ah n cl k ah v er ix cl sil 
LOG (sgmm2-latgen-faster[5.5.208~1-b0fc0]:DecodeUtteranceLatticeFaster():decoder-wrappers.cc:289) Log-like per frame for utterance MJHI0_SI555 is -9.23043 over 207 frames.
LOG (sgmm2-latgen-faster[5.5.208~1-b0fc0]:main():sgmm2-latgen-faster.cc:209) Log-like per frame for utterance MJHI0_SI555 is -9.23043 over 207 frames.
MJHI0_SI698 sil dh ix cl k r ay s ih z l ey dx er ao n w ix n vcl d eh cl s iy m ax vcl b aw cl t uw ow v ax w eh l m iy sil 
LOG (sgmm2-latgen-faster[5.5.208~1-b0fc0]:DecodeUtteranceLatticeFaster():decoder-wrappers.cc:289) Log-like per frame for utterance MJHI0_SI698 is -9.12352 over 358 frames.
LOG (sgmm2-latgen-faster[5.5.208~1-b0fc0]:main():sgmm2-latgen-faster.cc:209) Log-like per frame for utterance MJHI0_SI698 is -9.12352 over 358 frames.
LOG (transform-feats[5.5.208~1-b0fc0]:main():transform-feats.cc:158) Overall average logdet is 1.10166 over 1474 frames.
LOG (transform-feats[5.5.208~1-b0fc0]:main():transform-feats.cc:161) Applied transform to 5 utterances; 0 had errors.
MJHI0_SX158 sil dh ix vcl d r ah m cl k er dx ih z ix s ow sh ax l aw cl k ae s cl t sil 
LOG (sgmm2-latgen-faster[5.5.208~1-b0fc0]:DecodeUtteranceLatticeFaster():decoder-wrappers.cc:289) Log-like per frame for utterance MJHI0_SX158 is -9.0136 over 204 frames.
LOG (sgmm2-latgen-faster[5.5.208~1-b0fc0]:main():sgmm2-latgen-faster.cc:209) Log-like per frame for utterance MJHI0_SX158 is -9.0136 over 204 frames.
MJHI0_SX248 sil r iy dx iy ix m cl p ao r l ay g ih v zh uw ay s cl t r ey n sil 
LOG (sgmm2-latgen-faster[5.5.208~1-b0fc0]:DecodeUtteranceLatticeFaster():decoder-wrappers.cc:289) Log-like per frame for utterance MJHI0_SX248 is -8.64856 over 219 frames.
LOG (sgmm2-latgen-faster[5.5.208~1-b0fc0]:main():sgmm2-latgen-faster.cc:209) Log-like per frame for utterance MJHI0_SX248 is -8.64856 over 219 frames.
LOG (sgmm2-latgen-faster[5.5.208~1-b0fc0]:main():sgmm2-latgen-faster.cc:252) Time taken [excluding initialization] 18.6891s: real-time factor assuming 100 frames/sec is 1.26791
LOG (sgmm2-latgen-faster[5.5.208~1-b0fc0]:main():sgmm2-latgen-faster.cc:255) Done 5 utterances, failed for 0
LOG (sgmm2-latgen-faster[5.5.208~1-b0fc0]:main():sgmm2-latgen-faster.cc:257) Overall log-likelihood per frame = -9.0816 over 1474 frames.
WARNING (sgmm2-latgen-faster[5.5.208~1-b0fc0]:Close():kaldi-io.cc:515) Pipe gunzip -c exp/sgmm2_4_ali/gselect.18.gz| had nonzero return status 36096
# Accounting: time=20 threads=1
# Ended (code 0) at Wed Feb 27 15:40:25 +07 2019, elapsed time 20 seconds
