# sgmm2-latgen-faster --spk-vecs=ark:exp/sgmm2_4_ali/vecs.18 --utt2spk=ark:data/train/split30/18/utt2spk "--gselect=ark,s,cs:gunzip -c exp/sgmm2_4_ali/gselect.18.gz|" --beam=18.0 --lattice-beam=10.0 --acoustic-scale=0.2 --max-mem=20000000 --max-active=5000 --word-symbol-table=data/lang/words.txt exp/sgmm2_4_ali/final.mdl exp/sgmm2_4_denlats/dengraph/HCLG.fst "ark,s,cs:apply-cmvn --utt2spk=ark:data/train/split30/18/split30utt/6/utt2spk scp:data/train/split30/18/split30utt/6/cmvn.scp scp:data/train/split30/18/split30utt/6/feats.scp ark:- | splice-feats --left-context=3 --right-context=3 ark:- ark:- | transform-feats exp/sgmm2_4_ali/final.mat ark:- ark:- | transform-feats --utt2spk=ark:data/train/split30/18/split30utt/6/utt2spk ark:exp/tri3_ali/trans.18 ark:- ark:- |" "ark:|gzip -c >exp/sgmm2_4_denlats/lat.18.6.gz" 
# Started at Wed Feb 27 15:40:24 +07 2019
#
sgmm2-latgen-faster --spk-vecs=ark:exp/sgmm2_4_ali/vecs.18 --utt2spk=ark:data/train/split30/18/utt2spk '--gselect=ark,s,cs:gunzip -c exp/sgmm2_4_ali/gselect.18.gz|' --beam=18.0 --lattice-beam=10.0 --acoustic-scale=0.2 --max-mem=20000000 --max-active=5000 --word-symbol-table=data/lang/words.txt exp/sgmm2_4_ali/final.mdl exp/sgmm2_4_denlats/dengraph/HCLG.fst 'ark,s,cs:apply-cmvn --utt2spk=ark:data/train/split30/18/split30utt/6/utt2spk scp:data/train/split30/18/split30utt/6/cmvn.scp scp:data/train/split30/18/split30utt/6/feats.scp ark:- | splice-feats --left-context=3 --right-context=3 ark:- ark:- | transform-feats exp/sgmm2_4_ali/final.mat ark:- ark:- | transform-feats --utt2spk=ark:data/train/split30/18/split30utt/6/utt2spk ark:exp/tri3_ali/trans.18 ark:- ark:- |' 'ark:|gzip -c >exp/sgmm2_4_denlats/lat.18.6.gz' 
apply-cmvn --utt2spk=ark:data/train/split30/18/split30utt/6/utt2spk scp:data/train/split30/18/split30utt/6/cmvn.scp scp:data/train/split30/18/split30utt/6/feats.scp ark:- 
transform-feats --utt2spk=ark:data/train/split30/18/split30utt/6/utt2spk ark:exp/tri3_ali/trans.18 ark:- ark:- 
splice-feats --left-context=3 --right-context=3 ark:- ark:- 
LOG (apply-cmvn[5.5.208~1-b0fc0]:main():apply-cmvn.cc:162) Applied cepstral mean normalization to 5 utterances, errors on 0
transform-feats exp/sgmm2_4_ali/final.mat ark:- ark:- 
MJJM0_SI1457 sil dh ax m ih cl k s ix ng hh eh vcl m uw v z vcl b ae cl k ix n f ao r th s l ow l iy cl k r ao s dh ax w ih vcl th ax dh ax r er s eh cl t ix cl k el sil 
LOG (sgmm2-latgen-faster[5.5.208~1-b0fc0]:DecodeUtteranceLatticeFaster():decoder-wrappers.cc:289) Log-like per frame for utterance MJJM0_SI1457 is -9.93638 over 363 frames.
LOG (sgmm2-latgen-faster[5.5.208~1-b0fc0]:main():sgmm2-latgen-faster.cc:209) Log-like per frame for utterance MJJM0_SI1457 is -9.93638 over 363 frames.
LOG (transform-feats[5.5.208~1-b0fc0]:main():transform-feats.cc:158) Overall average [pseudo-]logdet is -88.6037 over 1359 frames.
LOG (transform-feats[5.5.208~1-b0fc0]:main():transform-feats.cc:161) Applied transform to 5 utterances; 0 had errors.
MJJM0_SI827 sil d r ah vcl g z cl k ih m ix cl k el n ey m sil p r ow cl k ey n cl p eh n ix s ih l ix n sil 
LOG (sgmm2-latgen-faster[5.5.208~1-b0fc0]:DecodeUtteranceLatticeFaster():decoder-wrappers.cc:289) Log-like per frame for utterance MJJM0_SI827 is -9.32617 over 319 frames.
LOG (sgmm2-latgen-faster[5.5.208~1-b0fc0]:main():sgmm2-latgen-faster.cc:209) Log-like per frame for utterance MJJM0_SI827 is -9.32617 over 319 frames.
MJJM0_SX107 sil b er th cl dh ey cl p aa r dx iy z hh eh v cl k ah cl k ey cl k s ix n ay s cl k r iy m sil 
LOG (sgmm2-latgen-faster[5.5.208~1-b0fc0]:DecodeUtteranceLatticeFaster():decoder-wrappers.cc:289) Log-like per frame for utterance MJJM0_SX107 is -9.79237 over 212 frames.
LOG (sgmm2-latgen-faster[5.5.208~1-b0fc0]:main():sgmm2-latgen-faster.cc:209) Log-like per frame for utterance MJJM0_SX107 is -9.79237 over 212 frames.
LOG (transform-feats[5.5.208~1-b0fc0]:main():transform-feats.cc:158) Overall average logdet is 2.91327 over 1359 frames.
LOG (transform-feats[5.5.208~1-b0fc0]:main():transform-feats.cc:161) Applied transform to 5 utterances; 0 had errors.
MJJM0_SX17 sil k aa r el ih v z ix n ax l ay v l iy hh ow m sil 
LOG (sgmm2-latgen-faster[5.5.208~1-b0fc0]:DecodeUtteranceLatticeFaster():decoder-wrappers.cc:289) Log-like per frame for utterance MJJM0_SX17 is -7.64923 over 201 frames.
LOG (sgmm2-latgen-faster[5.5.208~1-b0fc0]:main():sgmm2-latgen-faster.cc:209) Log-like per frame for utterance MJJM0_SX17 is -7.64923 over 201 frames.
MJJM0_SX197 sil d r aa iy cl ch vcl g r ae f ah n ax n uw ae cl k s ix s sil 
LOG (sgmm2-latgen-faster[5.5.208~1-b0fc0]:DecodeUtteranceLatticeFaster():decoder-wrappers.cc:289) Log-like per frame for utterance MJJM0_SX197 is -8.51624 over 264 frames.
LOG (sgmm2-latgen-faster[5.5.208~1-b0fc0]:main():sgmm2-latgen-faster.cc:209) Log-like per frame for utterance MJJM0_SX197 is -8.51624 over 264 frames.
LOG (sgmm2-latgen-faster[5.5.208~1-b0fc0]:main():sgmm2-latgen-faster.cc:252) Time taken [excluding initialization] 17.5713s: real-time factor assuming 100 frames/sec is 1.29295
LOG (sgmm2-latgen-faster[5.5.208~1-b0fc0]:main():sgmm2-latgen-faster.cc:255) Done 5 utterances, failed for 0
LOG (sgmm2-latgen-faster[5.5.208~1-b0fc0]:main():sgmm2-latgen-faster.cc:257) Overall log-likelihood per frame = -9.15653 over 1359 frames.
WARNING (sgmm2-latgen-faster[5.5.208~1-b0fc0]:Close():kaldi-io.cc:515) Pipe gunzip -c exp/sgmm2_4_ali/gselect.18.gz| had nonzero return status 36096
# Accounting: time=19 threads=1
# Ended (code 0) at Wed Feb 27 15:40:43 +07 2019, elapsed time 19 seconds
