# sgmm2-latgen-faster --spk-vecs=ark:exp/sgmm2_4_ali/vecs.18 --utt2spk=ark:data/train/split30/18/utt2spk "--gselect=ark,s,cs:gunzip -c exp/sgmm2_4_ali/gselect.18.gz|" --beam=18.0 --lattice-beam=10.0 --acoustic-scale=0.2 --max-mem=20000000 --max-active=5000 --word-symbol-table=data/lang/words.txt exp/sgmm2_4_ali/final.mdl exp/sgmm2_4_denlats/dengraph/HCLG.fst "ark,s,cs:apply-cmvn --utt2spk=ark:data/train/split30/18/split30utt/25/utt2spk scp:data/train/split30/18/split30utt/25/cmvn.scp scp:data/train/split30/18/split30utt/25/feats.scp ark:- | splice-feats --left-context=3 --right-context=3 ark:- ark:- | transform-feats exp/sgmm2_4_ali/final.mat ark:- ark:- | transform-feats --utt2spk=ark:data/train/split30/18/split30utt/25/utt2spk ark:exp/tri3_ali/trans.18 ark:- ark:- |" "ark:|gzip -c >exp/sgmm2_4_denlats/lat.18.25.gz" 
# Started at Wed Feb 27 15:41:40 +07 2019
#
sgmm2-latgen-faster --spk-vecs=ark:exp/sgmm2_4_ali/vecs.18 --utt2spk=ark:data/train/split30/18/utt2spk '--gselect=ark,s,cs:gunzip -c exp/sgmm2_4_ali/gselect.18.gz|' --beam=18.0 --lattice-beam=10.0 --acoustic-scale=0.2 --max-mem=20000000 --max-active=5000 --word-symbol-table=data/lang/words.txt exp/sgmm2_4_ali/final.mdl exp/sgmm2_4_denlats/dengraph/HCLG.fst 'ark,s,cs:apply-cmvn --utt2spk=ark:data/train/split30/18/split30utt/25/utt2spk scp:data/train/split30/18/split30utt/25/cmvn.scp scp:data/train/split30/18/split30utt/25/feats.scp ark:- | splice-feats --left-context=3 --right-context=3 ark:- ark:- | transform-feats exp/sgmm2_4_ali/final.mat ark:- ark:- | transform-feats --utt2spk=ark:data/train/split30/18/split30utt/25/utt2spk ark:exp/tri3_ali/trans.18 ark:- ark:- |' 'ark:|gzip -c >exp/sgmm2_4_denlats/lat.18.25.gz' 
apply-cmvn --utt2spk=ark:data/train/split30/18/split30utt/25/utt2spk scp:data/train/split30/18/split30utt/25/cmvn.scp scp:data/train/split30/18/split30utt/25/feats.scp ark:- 
LOG (apply-cmvn[5.5.208~1-b0fc0]:main():apply-cmvn.cc:162) Applied cepstral mean normalization to 4 utterances, errors on 0
transform-feats --utt2spk=ark:data/train/split30/18/split30utt/25/utt2spk ark:exp/tri3_ali/trans.18 ark:- ark:- 
splice-feats --left-context=3 --right-context=3 ark:- ark:- 
transform-feats exp/sgmm2_4_ali/final.mat ark:- ark:- 
LOG (transform-feats[5.5.208~1-b0fc0]:main():transform-feats.cc:158) Overall average [pseudo-]logdet is -88.6037 over 941 frames.
LOG (transform-feats[5.5.208~1-b0fc0]:main():transform-feats.cc:161) Applied transform to 4 utterances; 0 had errors.
MJPM1_SI1897 sil sh iy s ey m vcl ih er cl t ey dx ix vcl sil 
LOG (sgmm2-latgen-faster[5.5.208~1-b0fc0]:DecodeUtteranceLatticeFaster():decoder-wrappers.cc:289) Log-like per frame for utterance MJPM1_SI1897 is -8.4806 over 140 frames.
LOG (sgmm2-latgen-faster[5.5.208~1-b0fc0]:main():sgmm2-latgen-faster.cc:209) Log-like per frame for utterance MJPM1_SI1897 is -8.4806 over 140 frames.
MJPM1_SI2280 sil m eh n iy sh ey cl p s ix n vcl b ae cl t ah vcl b z sil 
LOG (sgmm2-latgen-faster[5.5.208~1-b0fc0]:DecodeUtteranceLatticeFaster():decoder-wrappers.cc:289) Log-like per frame for utterance MJPM1_SI2280 is -8.38126 over 189 frames.
LOG (sgmm2-latgen-faster[5.5.208~1-b0fc0]:main():sgmm2-latgen-faster.cc:209) Log-like per frame for utterance MJPM1_SI2280 is -8.38126 over 189 frames.
LOG (transform-feats[5.5.208~1-b0fc0]:main():transform-feats.cc:158) Overall average logdet is 0.887746 over 941 frames.
LOG (transform-feats[5.5.208~1-b0fc0]:main():transform-feats.cc:161) Applied transform to 4 utterances; 0 had errors.
MJPM1_SI761 sil p ey cl p er w ey cl m ey vcl b iy cl p er s en el ay z vcl d ow n vcl b ae cl hh w ay l cl k l ey ih z l eh dh er hh aa r vcl sil 
LOG (sgmm2-latgen-faster[5.5.208~1-b0fc0]:DecodeUtteranceLatticeFaster():decoder-wrappers.cc:289) Log-like per frame for utterance MJPM1_SI761 is -8.28286 over 393 frames.
LOG (sgmm2-latgen-faster[5.5.208~1-b0fc0]:main():sgmm2-latgen-faster.cc:209) Log-like per frame for utterance MJPM1_SI761 is -8.28286 over 393 frames.
MJPM1_SX131 sil w iy cl p l ae n ax vcl b ih l ah n uw vcl b eh v er zh p l ae n cl sil 
LOG (sgmm2-latgen-faster[5.5.208~1-b0fc0]:DecodeUtteranceLatticeFaster():decoder-wrappers.cc:289) Log-like per frame for utterance MJPM1_SX131 is -7.90927 over 219 frames.
LOG (sgmm2-latgen-faster[5.5.208~1-b0fc0]:main():sgmm2-latgen-faster.cc:209) Log-like per frame for utterance MJPM1_SX131 is -7.90927 over 219 frames.
LOG (sgmm2-latgen-faster[5.5.208~1-b0fc0]:main():sgmm2-latgen-faster.cc:252) Time taken [excluding initialization] 7.9099s: real-time factor assuming 100 frames/sec is 0.840585
LOG (sgmm2-latgen-faster[5.5.208~1-b0fc0]:main():sgmm2-latgen-faster.cc:255) Done 4 utterances, failed for 0
LOG (sgmm2-latgen-faster[5.5.208~1-b0fc0]:main():sgmm2-latgen-faster.cc:257) Overall log-likelihood per frame = -8.2451 over 941 frames.
WARNING (sgmm2-latgen-faster[5.5.208~1-b0fc0]:Close():kaldi-io.cc:515) Pipe gunzip -c exp/sgmm2_4_ali/gselect.18.gz| had nonzero return status 36096
# Accounting: time=8 threads=1
# Ended (code 0) at Wed Feb 27 15:41:48 +07 2019, elapsed time 8 seconds
