# sgmm2-latgen-faster --spk-vecs=ark:exp/sgmm2_4_ali/vecs.18 --utt2spk=ark:data/train/split30/18/utt2spk "--gselect=ark,s,cs:gunzip -c exp/sgmm2_4_ali/gselect.18.gz|" --beam=18.0 --lattice-beam=10.0 --acoustic-scale=0.2 --max-mem=20000000 --max-active=5000 --word-symbol-table=data/lang/words.txt exp/sgmm2_4_ali/final.mdl exp/sgmm2_4_denlats/dengraph/HCLG.fst "ark,s,cs:apply-cmvn --utt2spk=ark:data/train/split30/18/split30utt/7/utt2spk scp:data/train/split30/18/split30utt/7/cmvn.scp scp:data/train/split30/18/split30utt/7/feats.scp ark:- | splice-feats --left-context=3 --right-context=3 ark:- ark:- | transform-feats exp/sgmm2_4_ali/final.mat ark:- ark:- | transform-feats --utt2spk=ark:data/train/split30/18/split30utt/7/utt2spk ark:exp/tri3_ali/trans.18 ark:- ark:- |" "ark:|gzip -c >exp/sgmm2_4_denlats/lat.18.7.gz" 
# Started at Wed Feb 27 15:40:25 +07 2019
#
sgmm2-latgen-faster --spk-vecs=ark:exp/sgmm2_4_ali/vecs.18 --utt2spk=ark:data/train/split30/18/utt2spk '--gselect=ark,s,cs:gunzip -c exp/sgmm2_4_ali/gselect.18.gz|' --beam=18.0 --lattice-beam=10.0 --acoustic-scale=0.2 --max-mem=20000000 --max-active=5000 --word-symbol-table=data/lang/words.txt exp/sgmm2_4_ali/final.mdl exp/sgmm2_4_denlats/dengraph/HCLG.fst 'ark,s,cs:apply-cmvn --utt2spk=ark:data/train/split30/18/split30utt/7/utt2spk scp:data/train/split30/18/split30utt/7/cmvn.scp scp:data/train/split30/18/split30utt/7/feats.scp ark:- | splice-feats --left-context=3 --right-context=3 ark:- ark:- | transform-feats exp/sgmm2_4_ali/final.mat ark:- ark:- | transform-feats --utt2spk=ark:data/train/split30/18/split30utt/7/utt2spk ark:exp/tri3_ali/trans.18 ark:- ark:- |' 'ark:|gzip -c >exp/sgmm2_4_denlats/lat.18.7.gz' 
transform-feats exp/sgmm2_4_ali/final.mat ark:- ark:- 
transform-feats --utt2spk=ark:data/train/split30/18/split30utt/7/utt2spk ark:exp/tri3_ali/trans.18 ark:- ark:- 
splice-feats --left-context=3 --right-context=3 ark:- ark:- 
apply-cmvn --utt2spk=ark:data/train/split30/18/split30utt/7/utt2spk scp:data/train/split30/18/split30utt/7/cmvn.scp scp:data/train/split30/18/split30utt/7/feats.scp ark:- 
LOG (apply-cmvn[5.5.208~1-b0fc0]:main():apply-cmvn.cc:162) Applied cepstral mean normalization to 5 utterances, errors on 0
MJJM0_SX287 sil ix n dh ax l ao ng r ah n ix vcl p ey z cl t ax vcl b ay cl k ao l iy cl k l ow dh ix ng sil 
LOG (sgmm2-latgen-faster[5.5.208~1-b0fc0]:DecodeUtteranceLatticeFaster():decoder-wrappers.cc:289) Log-like per frame for utterance MJJM0_SX287 is -8.69028 over 293 frames.
LOG (sgmm2-latgen-faster[5.5.208~1-b0fc0]:main():sgmm2-latgen-faster.cc:209) Log-like per frame for utterance MJJM0_SX287 is -8.69028 over 293 frames.
LOG (transform-feats[5.5.208~1-b0fc0]:main():transform-feats.cc:158) Overall average [pseudo-]logdet is -88.6037 over 1669 frames.
LOG (transform-feats[5.5.208~1-b0fc0]:main():transform-feats.cc:161) Applied transform to 5 utterances; 0 had errors.
MJJM0_SX377 sil sh iy ao w ix z vcl jh ow cl k s ax vcl b ah cl t ix m ah cl ch vcl g aa r l ix cl k ix n ix z f uw vcl sil 
LOG (sgmm2-latgen-faster[5.5.208~1-b0fc0]:DecodeUtteranceLatticeFaster():decoder-wrappers.cc:289) Log-like per frame for utterance MJJM0_SX377 is -9.04345 over 301 frames.
LOG (sgmm2-latgen-faster[5.5.208~1-b0fc0]:main():sgmm2-latgen-faster.cc:209) Log-like per frame for utterance MJJM0_SX377 is -9.04345 over 301 frames.
MJKR0_SI1201 sil w iy hh ow cl dh ih hh iy w el eh cl s cl k y uw dx ih cl ih n ax m ae n er dh ae w el ax n cl t ay dx el hh ih m cl t ix cl k r eh dx ix cl sil 
LOG (sgmm2-latgen-faster[5.5.208~1-b0fc0]:DecodeUtteranceLatticeFaster():decoder-wrappers.cc:289) Log-like per frame for utterance MJKR0_SI1201 is -8.98211 over 395 frames.
LOG (sgmm2-latgen-faster[5.5.208~1-b0fc0]:main():sgmm2-latgen-faster.cc:209) Log-like per frame for utterance MJKR0_SI1201 is -8.98211 over 395 frames.
LOG (transform-feats[5.5.208~1-b0fc0]:main():transform-feats.cc:158) Overall average logdet is 2.78106 over 1669 frames.
LOG (transform-feats[5.5.208~1-b0fc0]:main():transform-feats.cc:161) Applied transform to 5 utterances; 0 had errors.
MJKR0_SI1831 sil b iy hh ay n cl t ih m sil hh ih z epi m ey cl t s cl t er vcl w ax th aw w ey cl k ix ng sil 
LOG (sgmm2-latgen-faster[5.5.208~1-b0fc0]:DecodeUtteranceLatticeFaster():decoder-wrappers.cc:289) Log-like per frame for utterance MJKR0_SI1831 is -8.85838 over 306 frames.
LOG (sgmm2-latgen-faster[5.5.208~1-b0fc0]:main():sgmm2-latgen-faster.cc:209) Log-like per frame for utterance MJKR0_SI1831 is -8.85838 over 306 frames.
MJKR0_SI571 sil s cl t iy m vcl b ae s epi r ay cl t s sil d uw s cl t iy m vcl b ae s hh ae v ix n iy hh eh l f ae l y uw sil 
LOG (sgmm2-latgen-faster[5.5.208~1-b0fc0]:DecodeUtteranceLatticeFaster():decoder-wrappers.cc:289) Log-like per frame for utterance MJKR0_SI571 is -8.41779 over 374 frames.
LOG (sgmm2-latgen-faster[5.5.208~1-b0fc0]:main():sgmm2-latgen-faster.cc:209) Log-like per frame for utterance MJKR0_SI571 is -8.41779 over 374 frames.
LOG (sgmm2-latgen-faster[5.5.208~1-b0fc0]:main():sgmm2-latgen-faster.cc:252) Time taken [excluding initialization] 20.8063s: real-time factor assuming 100 frames/sec is 1.24663
LOG (sgmm2-latgen-faster[5.5.208~1-b0fc0]:main():sgmm2-latgen-faster.cc:255) Done 5 utterances, failed for 0
LOG (sgmm2-latgen-faster[5.5.208~1-b0fc0]:main():sgmm2-latgen-faster.cc:257) Overall log-likelihood per frame = -8.7928 over 1669 frames.
WARNING (sgmm2-latgen-faster[5.5.208~1-b0fc0]:Close():kaldi-io.cc:515) Pipe gunzip -c exp/sgmm2_4_ali/gselect.18.gz| had nonzero return status 36096
# Accounting: time=22 threads=1
# Ended (code 0) at Wed Feb 27 15:40:47 +07 2019, elapsed time 22 seconds
