rbm-train-cd1-frmshuff --learn-rate=0.4 --l2-penalty=0.0002 --num-iters=20 --verbose=1 '--feature-transform=nnet-concat exp/dnn4_pretrain-dbn/final.feature_transform exp/dnn4_pretrain-dbn/3.dbn - |' exp/dnn4_pretrain-dbn/4.rbm.init 'ark:copy-feats scp:exp/dnn4_pretrain-dbn/train.scp ark:- |' exp/dnn4_pretrain-dbn/4.rbm 
WARNING (rbm-train-cd1-frmshuff[5.5.208~1-b0fc0]:SelectGpuId():cu-device.cc:203) Not in compute-exclusive mode.  Suggestion: use 'nvidia-smi -c 3' to set compute exclusive mode
LOG (rbm-train-cd1-frmshuff[5.5.208~1-b0fc0]:SelectGpuIdAuto():cu-device.cc:323) Selecting from 1 GPUs
LOG (rbm-train-cd1-frmshuff[5.5.208~1-b0fc0]:SelectGpuIdAuto():cu-device.cc:338) cudaSetDevice(0): Tesla K80	free:11354M, used:87M, total:11441M, free/total:0.992379
LOG (rbm-train-cd1-frmshuff[5.5.208~1-b0fc0]:SelectGpuIdAuto():cu-device.cc:385) Trying to select device: 0 (automatically), mem_ratio: 0.992379
LOG (rbm-train-cd1-frmshuff[5.5.208~1-b0fc0]:SelectGpuIdAuto():cu-device.cc:404) Success selecting device 0 free mem ratio: 0.992379
LOG (rbm-train-cd1-frmshuff[5.5.208~1-b0fc0]:FinalizeActiveGpu():cu-device.cc:258) The active GPU is [0]: Tesla K80	free:11306M, used:135M, total:11441M, free/total:0.988184 version 3.7
nnet-concat exp/dnn4_pretrain-dbn/final.feature_transform exp/dnn4_pretrain-dbn/3.dbn - 
LOG (nnet-concat[5.5.208~1-b0fc0]:main():nnet-concat.cc:53) Reading exp/dnn4_pretrain-dbn/final.feature_transform
LOG (nnet-concat[5.5.208~1-b0fc0]:main():nnet-concat.cc:65) Concatenating exp/dnn4_pretrain-dbn/3.dbn
LOG (nnet-concat[5.5.208~1-b0fc0]:main():nnet-concat.cc:82) Written model to -
copy-feats scp:exp/dnn4_pretrain-dbn/train.scp ark:- 
LOG (rbm-train-cd1-frmshuff[5.5.208~1-b0fc0]:Init():nnet-randomizer.cc:32) Seeding by srand with : 777
LOG (rbm-train-cd1-frmshuff[5.5.208~1-b0fc0]:main():rbm-train-cd1-frmshuff.cc:146) RBM TRAINING STARTED
LOG (rbm-train-cd1-frmshuff[5.5.208~1-b0fc0]:main():rbm-train-cd1-frmshuff.cc:149) Iteration 1/20
VLOG[1] (rbm-train-cd1-frmshuff[5.5.208~1-b0fc0]:main():rbm-train-cd1-frmshuff.cc:247) Setting momentum 0.9 and learning rate 0.2 after processing 0.000277778 h
VLOG[1] (rbm-train-cd1-frmshuff[5.5.208~1-b0fc0]:main():rbm-train-cd1-frmshuff.cc:247) Setting momentum 0.9 and learning rate 0.196 after processing 1.38889 h
VLOG[1] (rbm-train-cd1-frmshuff[5.5.208~1-b0fc0]:main():rbm-train-cd1-frmshuff.cc:247) Setting momentum 0.9 and learning rate 0.192 after processing 2.77778 h
LOG (copy-feats[5.5.208~1-b0fc0]:main():copy-feats.cc:143) Copied 3696 feature matrices.
LOG (rbm-train-cd1-frmshuff[5.5.208~1-b0fc0]:main():rbm-train-cd1-frmshuff.cc:263) Iteration 2/20
copy-feats scp:exp/dnn4_pretrain-dbn/train.scp ark:- 
VLOG[1] (rbm-train-cd1-frmshuff[5.5.208~1-b0fc0]:main():rbm-train-cd1-frmshuff.cc:247) Setting momentum 0.9 and learning rate 0.188 after processing 4.16667 h
VLOG[1] (rbm-train-cd1-frmshuff[5.5.208~1-b0fc0]:main():rbm-train-cd1-frmshuff.cc:185) After 5000 utterances: time elapsed = 0.685229 min; processed 36960.9 frames per sec.
LOG (rbm-train-cd1-frmshuff[5.5.208~1-b0fc0]:Eval():nnet-loss.cc:269) ProgressLoss[last 5h of 5h]: 4.39232 (Mse)
VLOG[1] (rbm-train-cd1-frmshuff[5.5.208~1-b0fc0]:main():rbm-train-cd1-frmshuff.cc:247) Setting momentum 0.9 and learning rate 0.184 after processing 5.55556 h
LOG (copy-feats[5.5.208~1-b0fc0]:main():copy-feats.cc:143) Copied 3696 feature matrices.
LOG (rbm-train-cd1-frmshuff[5.5.208~1-b0fc0]:main():rbm-train-cd1-frmshuff.cc:263) Iteration 3/20
copy-feats scp:exp/dnn4_pretrain-dbn/train.scp ark:- 
VLOG[1] (rbm-train-cd1-frmshuff[5.5.208~1-b0fc0]:main():rbm-train-cd1-frmshuff.cc:247) Setting momentum 0.9 and learning rate 0.18 after processing 6.94444 h
VLOG[1] (rbm-train-cd1-frmshuff[5.5.208~1-b0fc0]:main():rbm-train-cd1-frmshuff.cc:247) Setting momentum 0.9 and learning rate 0.176 after processing 8.33333 h
VLOG[1] (rbm-train-cd1-frmshuff[5.5.208~1-b0fc0]:main():rbm-train-cd1-frmshuff.cc:185) After 10000 utterances: time elapsed = 1.36919 min; processed 36995.1 frames per sec.
LOG (copy-feats[5.5.208~1-b0fc0]:main():copy-feats.cc:143) Copied 3696 feature matrices.
LOG (rbm-train-cd1-frmshuff[5.5.208~1-b0fc0]:main():rbm-train-cd1-frmshuff.cc:263) Iteration 4/20
copy-feats scp:exp/dnn4_pretrain-dbn/train.scp ark:- 
VLOG[1] (rbm-train-cd1-frmshuff[5.5.208~1-b0fc0]:main():rbm-train-cd1-frmshuff.cc:247) Setting momentum 0.9 and learning rate 0.172 after processing 9.72222 h
LOG (rbm-train-cd1-frmshuff[5.5.208~1-b0fc0]:Eval():nnet-loss.cc:269) ProgressLoss[last 5h of 10h]: 3.542 (Mse)
VLOG[1] (rbm-train-cd1-frmshuff[5.5.208~1-b0fc0]:main():rbm-train-cd1-frmshuff.cc:247) Setting momentum 0.9 and learning rate 0.168 after processing 11.1111 h
LOG (copy-feats[5.5.208~1-b0fc0]:main():copy-feats.cc:143) Copied 3696 feature matrices.
LOG (rbm-train-cd1-frmshuff[5.5.208~1-b0fc0]:main():rbm-train-cd1-frmshuff.cc:263) Iteration 5/20
copy-feats scp:exp/dnn4_pretrain-dbn/train.scp ark:- 
VLOG[1] (rbm-train-cd1-frmshuff[5.5.208~1-b0fc0]:main():rbm-train-cd1-frmshuff.cc:247) Setting momentum 0.9 and learning rate 0.164 after processing 12.5 h
VLOG[1] (rbm-train-cd1-frmshuff[5.5.208~1-b0fc0]:main():rbm-train-cd1-frmshuff.cc:185) After 15000 utterances: time elapsed = 2.04283 min; processed 36975.7 frames per sec.
VLOG[1] (rbm-train-cd1-frmshuff[5.5.208~1-b0fc0]:main():rbm-train-cd1-frmshuff.cc:247) Setting momentum 0.9 and learning rate 0.16 after processing 13.8889 h
LOG (rbm-train-cd1-frmshuff[5.5.208~1-b0fc0]:Eval():nnet-loss.cc:269) ProgressLoss[last 5h of 15h]: 3.47781 (Mse)
VLOG[1] (rbm-train-cd1-frmshuff[5.5.208~1-b0fc0]:main():rbm-train-cd1-frmshuff.cc:247) Setting momentum 0.9 and learning rate 0.156 after processing 15.2778 h
LOG (copy-feats[5.5.208~1-b0fc0]:main():copy-feats.cc:143) Copied 3696 feature matrices.
LOG (rbm-train-cd1-frmshuff[5.5.208~1-b0fc0]:main():rbm-train-cd1-frmshuff.cc:263) Iteration 6/20
copy-feats scp:exp/dnn4_pretrain-dbn/train.scp ark:- 
VLOG[1] (rbm-train-cd1-frmshuff[5.5.208~1-b0fc0]:main():rbm-train-cd1-frmshuff.cc:247) Setting momentum 0.9 and learning rate 0.152 after processing 16.6667 h
VLOG[1] (rbm-train-cd1-frmshuff[5.5.208~1-b0fc0]:main():rbm-train-cd1-frmshuff.cc:185) After 20000 utterances: time elapsed = 2.73776 min; processed 37042.5 frames per sec.
VLOG[1] (rbm-train-cd1-frmshuff[5.5.208~1-b0fc0]:main():rbm-train-cd1-frmshuff.cc:247) Setting momentum 0.9 and learning rate 0.148 after processing 18.0556 h
LOG (copy-feats[5.5.208~1-b0fc0]:main():copy-feats.cc:143) Copied 3696 feature matrices.
LOG (rbm-train-cd1-frmshuff[5.5.208~1-b0fc0]:main():rbm-train-cd1-frmshuff.cc:263) Iteration 7/20
copy-feats scp:exp/dnn4_pretrain-dbn/train.scp ark:- 
VLOG[1] (rbm-train-cd1-frmshuff[5.5.208~1-b0fc0]:main():rbm-train-cd1-frmshuff.cc:247) Setting momentum 0.9 and learning rate 0.144 after processing 19.4444 h
LOG (rbm-train-cd1-frmshuff[5.5.208~1-b0fc0]:Eval():nnet-loss.cc:269) ProgressLoss[last 5h of 20h]: 3.4486 (Mse)
VLOG[1] (rbm-train-cd1-frmshuff[5.5.208~1-b0fc0]:main():rbm-train-cd1-frmshuff.cc:247) Setting momentum 0.9 and learning rate 0.14 after processing 20.8333 h
VLOG[1] (rbm-train-cd1-frmshuff[5.5.208~1-b0fc0]:main():rbm-train-cd1-frmshuff.cc:185) After 25000 utterances: time elapsed = 3.42237 min; processed 37032.3 frames per sec.
LOG (copy-feats[5.5.208~1-b0fc0]:main():copy-feats.cc:143) Copied 3696 feature matrices.
LOG (rbm-train-cd1-frmshuff[5.5.208~1-b0fc0]:main():rbm-train-cd1-frmshuff.cc:263) Iteration 8/20
copy-feats scp:exp/dnn4_pretrain-dbn/train.scp ark:- 
VLOG[1] (rbm-train-cd1-frmshuff[5.5.208~1-b0fc0]:main():rbm-train-cd1-frmshuff.cc:247) Setting momentum 0.9 and learning rate 0.136 after processing 22.2222 h
VLOG[1] (rbm-train-cd1-frmshuff[5.5.208~1-b0fc0]:main():rbm-train-cd1-frmshuff.cc:247) Setting momentum 0.9 and learning rate 0.132 after processing 23.6111 h
LOG (copy-feats[5.5.208~1-b0fc0]:main():copy-feats.cc:143) Copied 3696 feature matrices.
LOG (rbm-train-cd1-frmshuff[5.5.208~1-b0fc0]:main():rbm-train-cd1-frmshuff.cc:263) Iteration 9/20
copy-feats scp:exp/dnn4_pretrain-dbn/train.scp ark:- 
VLOG[1] (rbm-train-cd1-frmshuff[5.5.208~1-b0fc0]:main():rbm-train-cd1-frmshuff.cc:247) Setting momentum 0.9 and learning rate 0.128 after processing 25 h
LOG (rbm-train-cd1-frmshuff[5.5.208~1-b0fc0]:Eval():nnet-loss.cc:269) ProgressLoss[last 5h of 25h]: 3.42364 (Mse)
VLOG[1] (rbm-train-cd1-frmshuff[5.5.208~1-b0fc0]:main():rbm-train-cd1-frmshuff.cc:185) After 30000 utterances: time elapsed = 4.09758 min; processed 37003.2 frames per sec.
VLOG[1] (rbm-train-cd1-frmshuff[5.5.208~1-b0fc0]:main():rbm-train-cd1-frmshuff.cc:247) Setting momentum 0.9 and learning rate 0.124 after processing 26.3889 h
VLOG[1] (rbm-train-cd1-frmshuff[5.5.208~1-b0fc0]:main():rbm-train-cd1-frmshuff.cc:247) Setting momentum 0.9 and learning rate 0.12 after processing 27.7778 h
LOG (copy-feats[5.5.208~1-b0fc0]:main():copy-feats.cc:143) Copied 3696 feature matrices.
LOG (rbm-train-cd1-frmshuff[5.5.208~1-b0fc0]:main():rbm-train-cd1-frmshuff.cc:263) Iteration 10/20
copy-feats scp:exp/dnn4_pretrain-dbn/train.scp ark:- 
VLOG[1] (rbm-train-cd1-frmshuff[5.5.208~1-b0fc0]:main():rbm-train-cd1-frmshuff.cc:247) Setting momentum 0.9 and learning rate 0.116 after processing 29.1667 h
VLOG[1] (rbm-train-cd1-frmshuff[5.5.208~1-b0fc0]:main():rbm-train-cd1-frmshuff.cc:185) After 35000 utterances: time elapsed = 4.79168 min; processed 37042 frames per sec.
LOG (rbm-train-cd1-frmshuff[5.5.208~1-b0fc0]:Eval():nnet-loss.cc:269) ProgressLoss[last 5h of 30h]: 3.40121 (Mse)
VLOG[1] (rbm-train-cd1-frmshuff[5.5.208~1-b0fc0]:main():rbm-train-cd1-frmshuff.cc:247) Setting momentum 0.9 and learning rate 0.112 after processing 30.5556 h
LOG (copy-feats[5.5.208~1-b0fc0]:main():copy-feats.cc:143) Copied 3696 feature matrices.
LOG (rbm-train-cd1-frmshuff[5.5.208~1-b0fc0]:main():rbm-train-cd1-frmshuff.cc:263) Iteration 11/20
copy-feats scp:exp/dnn4_pretrain-dbn/train.scp ark:- 
VLOG[1] (rbm-train-cd1-frmshuff[5.5.208~1-b0fc0]:main():rbm-train-cd1-frmshuff.cc:247) Setting momentum 0.9 and learning rate 0.108 after processing 31.9444 h
VLOG[1] (rbm-train-cd1-frmshuff[5.5.208~1-b0fc0]:main():rbm-train-cd1-frmshuff.cc:247) Setting momentum 0.9 and learning rate 0.104 after processing 33.3333 h
VLOG[1] (rbm-train-cd1-frmshuff[5.5.208~1-b0fc0]:main():rbm-train-cd1-frmshuff.cc:185) After 40000 utterances: time elapsed = 5.47657 min; processed 37034.8 frames per sec.
LOG (copy-feats[5.5.208~1-b0fc0]:main():copy-feats.cc:143) Copied 3696 feature matrices.
LOG (rbm-train-cd1-frmshuff[5.5.208~1-b0fc0]:main():rbm-train-cd1-frmshuff.cc:263) Iteration 12/20
copy-feats scp:exp/dnn4_pretrain-dbn/train.scp ark:- 
VLOG[1] (rbm-train-cd1-frmshuff[5.5.208~1-b0fc0]:main():rbm-train-cd1-frmshuff.cc:247) Setting momentum 0.9 and learning rate 0.1 after processing 34.7222 h
LOG (rbm-train-cd1-frmshuff[5.5.208~1-b0fc0]:Eval():nnet-loss.cc:269) ProgressLoss[last 5h of 35h]: 3.3803 (Mse)
VLOG[1] (rbm-train-cd1-frmshuff[5.5.208~1-b0fc0]:main():rbm-train-cd1-frmshuff.cc:247) Setting momentum 0.9 and learning rate 0.096 after processing 36.1111 h
LOG (copy-feats[5.5.208~1-b0fc0]:main():copy-feats.cc:143) Copied 3696 feature matrices.
LOG (rbm-train-cd1-frmshuff[5.5.208~1-b0fc0]:main():rbm-train-cd1-frmshuff.cc:263) Iteration 13/20
copy-feats scp:exp/dnn4_pretrain-dbn/train.scp ark:- 
VLOG[1] (rbm-train-cd1-frmshuff[5.5.208~1-b0fc0]:main():rbm-train-cd1-frmshuff.cc:247) Setting momentum 0.9 and learning rate 0.092 after processing 37.5 h
VLOG[1] (rbm-train-cd1-frmshuff[5.5.208~1-b0fc0]:main():rbm-train-cd1-frmshuff.cc:185) After 45000 utterances: time elapsed = 6.15228 min; processed 37012.9 frames per sec.
VLOG[1] (rbm-train-cd1-frmshuff[5.5.208~1-b0fc0]:main():rbm-train-cd1-frmshuff.cc:247) Setting momentum 0.9 and learning rate 0.088 after processing 38.8889 h
LOG (rbm-train-cd1-frmshuff[5.5.208~1-b0fc0]:Eval():nnet-loss.cc:269) ProgressLoss[last 5h of 40h]: 3.36098 (Mse)
VLOG[1] (rbm-train-cd1-frmshuff[5.5.208~1-b0fc0]:main():rbm-train-cd1-frmshuff.cc:247) Setting momentum 0.9 and learning rate 0.084 after processing 40.2778 h
LOG (copy-feats[5.5.208~1-b0fc0]:main():copy-feats.cc:143) Copied 3696 feature matrices.
LOG (rbm-train-cd1-frmshuff[5.5.208~1-b0fc0]:main():rbm-train-cd1-frmshuff.cc:263) Iteration 14/20
copy-feats scp:exp/dnn4_pretrain-dbn/train.scp ark:- 
VLOG[1] (rbm-train-cd1-frmshuff[5.5.208~1-b0fc0]:main():rbm-train-cd1-frmshuff.cc:247) Setting momentum 0.9 and learning rate 0.08 after processing 41.6667 h
VLOG[1] (rbm-train-cd1-frmshuff[5.5.208~1-b0fc0]:main():rbm-train-cd1-frmshuff.cc:185) After 50000 utterances: time elapsed = 6.8366 min; processed 37010.8 frames per sec.
VLOG[1] (rbm-train-cd1-frmshuff[5.5.208~1-b0fc0]:main():rbm-train-cd1-frmshuff.cc:247) Setting momentum 0.9 and learning rate 0.076 after processing 43.0556 h
LOG (copy-feats[5.5.208~1-b0fc0]:main():copy-feats.cc:143) Copied 3696 feature matrices.
LOG (rbm-train-cd1-frmshuff[5.5.208~1-b0fc0]:main():rbm-train-cd1-frmshuff.cc:263) Iteration 15/20
copy-feats scp:exp/dnn4_pretrain-dbn/train.scp ark:- 
VLOG[1] (rbm-train-cd1-frmshuff[5.5.208~1-b0fc0]:main():rbm-train-cd1-frmshuff.cc:247) Setting momentum 0.9 and learning rate 0.072 after processing 44.4444 h
LOG (rbm-train-cd1-frmshuff[5.5.208~1-b0fc0]:Eval():nnet-loss.cc:269) ProgressLoss[last 5h of 45h]: 3.34279 (Mse)
VLOG[1] (rbm-train-cd1-frmshuff[5.5.208~1-b0fc0]:main():rbm-train-cd1-frmshuff.cc:247) Setting momentum 0.9 and learning rate 0.068 after processing 45.8333 h
VLOG[1] (rbm-train-cd1-frmshuff[5.5.208~1-b0fc0]:main():rbm-train-cd1-frmshuff.cc:185) After 55000 utterances: time elapsed = 7.53237 min; processed 37028 frames per sec.
LOG (copy-feats[5.5.208~1-b0fc0]:main():copy-feats.cc:143) Copied 3696 feature matrices.
LOG (rbm-train-cd1-frmshuff[5.5.208~1-b0fc0]:main():rbm-train-cd1-frmshuff.cc:263) Iteration 16/20
copy-feats scp:exp/dnn4_pretrain-dbn/train.scp ark:- 
VLOG[1] (rbm-train-cd1-frmshuff[5.5.208~1-b0fc0]:main():rbm-train-cd1-frmshuff.cc:247) Setting momentum 0.9 and learning rate 0.064 after processing 47.2222 h
VLOG[1] (rbm-train-cd1-frmshuff[5.5.208~1-b0fc0]:main():rbm-train-cd1-frmshuff.cc:247) Setting momentum 0.9 and learning rate 0.06 after processing 48.6111 h
LOG (copy-feats[5.5.208~1-b0fc0]:main():copy-feats.cc:143) Copied 3696 feature matrices.
LOG (rbm-train-cd1-frmshuff[5.5.208~1-b0fc0]:main():rbm-train-cd1-frmshuff.cc:263) Iteration 17/20
copy-feats scp:exp/dnn4_pretrain-dbn/train.scp ark:- 
VLOG[1] (rbm-train-cd1-frmshuff[5.5.208~1-b0fc0]:main():rbm-train-cd1-frmshuff.cc:247) Setting momentum 0.9 and learning rate 0.056 after processing 50 h
LOG (rbm-train-cd1-frmshuff[5.5.208~1-b0fc0]:Eval():nnet-loss.cc:269) ProgressLoss[last 5h of 50h]: 3.3256 (Mse)
VLOG[1] (rbm-train-cd1-frmshuff[5.5.208~1-b0fc0]:main():rbm-train-cd1-frmshuff.cc:185) After 60000 utterances: time elapsed = 8.21899 min; processed 37028.9 frames per sec.
VLOG[1] (rbm-train-cd1-frmshuff[5.5.208~1-b0fc0]:main():rbm-train-cd1-frmshuff.cc:247) Setting momentum 0.9 and learning rate 0.052 after processing 51.3889 h
VLOG[1] (rbm-train-cd1-frmshuff[5.5.208~1-b0fc0]:main():rbm-train-cd1-frmshuff.cc:247) Setting momentum 0.9 and learning rate 0.048 after processing 52.7778 h
LOG (copy-feats[5.5.208~1-b0fc0]:main():copy-feats.cc:143) Copied 3696 feature matrices.
LOG (rbm-train-cd1-frmshuff[5.5.208~1-b0fc0]:main():rbm-train-cd1-frmshuff.cc:263) Iteration 18/20
copy-feats scp:exp/dnn4_pretrain-dbn/train.scp ark:- 
VLOG[1] (rbm-train-cd1-frmshuff[5.5.208~1-b0fc0]:main():rbm-train-cd1-frmshuff.cc:247) Setting momentum 0.9 and learning rate 0.044 after processing 54.1667 h
VLOG[1] (rbm-train-cd1-frmshuff[5.5.208~1-b0fc0]:main():rbm-train-cd1-frmshuff.cc:185) After 65000 utterances: time elapsed = 8.89201 min; processed 37012.1 frames per sec.
LOG (rbm-train-cd1-frmshuff[5.5.208~1-b0fc0]:Eval():nnet-loss.cc:269) ProgressLoss[last 5h of 55h]: 3.31087 (Mse)
VLOG[1] (rbm-train-cd1-frmshuff[5.5.208~1-b0fc0]:main():rbm-train-cd1-frmshuff.cc:247) Setting momentum 0.9 and learning rate 0.04 after processing 55.5556 h
LOG (copy-feats[5.5.208~1-b0fc0]:main():copy-feats.cc:143) Copied 3696 feature matrices.
LOG (rbm-train-cd1-frmshuff[5.5.208~1-b0fc0]:main():rbm-train-cd1-frmshuff.cc:263) Iteration 19/20
copy-feats scp:exp/dnn4_pretrain-dbn/train.scp ark:- 
VLOG[1] (rbm-train-cd1-frmshuff[5.5.208~1-b0fc0]:main():rbm-train-cd1-frmshuff.cc:247) Setting momentum 0.9 and learning rate 0.04 after processing 56.9444 h
VLOG[1] (rbm-train-cd1-frmshuff[5.5.208~1-b0fc0]:main():rbm-train-cd1-frmshuff.cc:247) Setting momentum 0.9 and learning rate 0.04 after processing 58.3333 h
VLOG[1] (rbm-train-cd1-frmshuff[5.5.208~1-b0fc0]:main():rbm-train-cd1-frmshuff.cc:185) After 70000 utterances: time elapsed = 9.58527 min; processed 37035.1 frames per sec.
LOG (copy-feats[5.5.208~1-b0fc0]:main():copy-feats.cc:143) Copied 3696 feature matrices.
LOG (rbm-train-cd1-frmshuff[5.5.208~1-b0fc0]:main():rbm-train-cd1-frmshuff.cc:263) Iteration 20/20
copy-feats scp:exp/dnn4_pretrain-dbn/train.scp ark:- 
VLOG[1] (rbm-train-cd1-frmshuff[5.5.208~1-b0fc0]:main():rbm-train-cd1-frmshuff.cc:247) Setting momentum 0.9 and learning rate 0.04 after processing 59.7222 h
LOG (rbm-train-cd1-frmshuff[5.5.208~1-b0fc0]:Eval():nnet-loss.cc:269) ProgressLoss[last 5h of 60h]: 3.30011 (Mse)
VLOG[1] (rbm-train-cd1-frmshuff[5.5.208~1-b0fc0]:main():rbm-train-cd1-frmshuff.cc:247) Setting momentum 0.9 and learning rate 0.04 after processing 61.1111 h
LOG (copy-feats[5.5.208~1-b0fc0]:main():copy-feats.cc:143) Copied 3696 feature matrices.
LOG (rbm-train-cd1-frmshuff[5.5.208~1-b0fc0]:main():rbm-train-cd1-frmshuff.cc:271) Done 20 iterations, 73920 files, skipped 0 files. [10.1312 min, processing37008.4 frames per sec.]
LOG (rbm-train-cd1-frmshuff[5.5.208~1-b0fc0]:main():rbm-train-cd1-frmshuff.cc:277) AvgLoss: 3.46858 (Mse), [RMS 0.0582004, frames 2.24964e+07]
progress: [4.39232 3.542 3.47781 3.4486 3.42364 3.40121 3.3803 3.36098 3.34279 3.3256 3.31087 3.30011 ]
LOG (rbm-train-cd1-frmshuff[5.5.208~1-b0fc0]:PrintProfile():cu-device.cc:456) -----
[cudevice profile]
AddVec	6.67733s
MulRowsVec	7.91627s
CuMatrix::Resize	11.9492s
Set	12.9271s
CuVector::SetZero	13.9316s
CuVector::Resize	15.899s
CopyToVec	16.8699s
AddMatVec	19.2931s
AddVecToRows	21.8937s
Sigmoid	21.9412s
CuMatrixBase::CopyFromMat(from other CuMatrixBase)	22.9152s
CuMatrix::SetZero	31.4316s
Sum	44.8622s
AddMat	54.2239s
AddMatMat	319.759s
Total GPU time:	654.93s (may involve some double-counting)
-----
LOG (rbm-train-cd1-frmshuff[5.5.208~1-b0fc0]:PrintMemoryUsage():cu-allocator.cc:368) Memory usage: 310100224/5927600128 bytes currently allocated/total-held; 32/4 blocks currently allocated/free; largest free/allocated block sizes are 138657792/5486758144; time taken total/cudaMalloc is 2.23376/0.00731397, synchronized the GPU 0 times out of 1123020 frees; device memory info: free:5651M, used:5790M, total:11441M, free/total:0.493917maximum allocated: 315628032current allocated: 310100224
