rbm-train-cd1-frmshuff --learn-rate=0.4 --l2-penalty=0.0002 --num-iters=20 --verbose=1 '--feature-transform=nnet-concat exp/dnn4_pretrain-dbn/final.feature_transform exp/dnn4_pretrain-dbn/4.dbn - |' exp/dnn4_pretrain-dbn/5.rbm.init 'ark:copy-feats scp:exp/dnn4_pretrain-dbn/train.scp ark:- |' exp/dnn4_pretrain-dbn/5.rbm 
WARNING (rbm-train-cd1-frmshuff[5.5.208~1-b0fc0]:SelectGpuId():cu-device.cc:203) Not in compute-exclusive mode.  Suggestion: use 'nvidia-smi -c 3' to set compute exclusive mode
LOG (rbm-train-cd1-frmshuff[5.5.208~1-b0fc0]:SelectGpuIdAuto():cu-device.cc:323) Selecting from 1 GPUs
LOG (rbm-train-cd1-frmshuff[5.5.208~1-b0fc0]:SelectGpuIdAuto():cu-device.cc:338) cudaSetDevice(0): Tesla K80	free:11354M, used:87M, total:11441M, free/total:0.992379
LOG (rbm-train-cd1-frmshuff[5.5.208~1-b0fc0]:SelectGpuIdAuto():cu-device.cc:385) Trying to select device: 0 (automatically), mem_ratio: 0.992379
LOG (rbm-train-cd1-frmshuff[5.5.208~1-b0fc0]:SelectGpuIdAuto():cu-device.cc:404) Success selecting device 0 free mem ratio: 0.992379
LOG (rbm-train-cd1-frmshuff[5.5.208~1-b0fc0]:FinalizeActiveGpu():cu-device.cc:258) The active GPU is [0]: Tesla K80	free:11306M, used:135M, total:11441M, free/total:0.988184 version 3.7
nnet-concat exp/dnn4_pretrain-dbn/final.feature_transform exp/dnn4_pretrain-dbn/4.dbn - 
LOG (nnet-concat[5.5.208~1-b0fc0]:main():nnet-concat.cc:53) Reading exp/dnn4_pretrain-dbn/final.feature_transform
LOG (nnet-concat[5.5.208~1-b0fc0]:main():nnet-concat.cc:65) Concatenating exp/dnn4_pretrain-dbn/4.dbn
LOG (nnet-concat[5.5.208~1-b0fc0]:main():nnet-concat.cc:82) Written model to -
copy-feats scp:exp/dnn4_pretrain-dbn/train.scp ark:- 
LOG (rbm-train-cd1-frmshuff[5.5.208~1-b0fc0]:Init():nnet-randomizer.cc:32) Seeding by srand with : 777
LOG (rbm-train-cd1-frmshuff[5.5.208~1-b0fc0]:main():rbm-train-cd1-frmshuff.cc:146) RBM TRAINING STARTED
LOG (rbm-train-cd1-frmshuff[5.5.208~1-b0fc0]:main():rbm-train-cd1-frmshuff.cc:149) Iteration 1/20
VLOG[1] (rbm-train-cd1-frmshuff[5.5.208~1-b0fc0]:main():rbm-train-cd1-frmshuff.cc:247) Setting momentum 0.9 and learning rate 0.2 after processing 0.000277778 h
VLOG[1] (rbm-train-cd1-frmshuff[5.5.208~1-b0fc0]:main():rbm-train-cd1-frmshuff.cc:247) Setting momentum 0.9 and learning rate 0.196 after processing 1.38889 h
VLOG[1] (rbm-train-cd1-frmshuff[5.5.208~1-b0fc0]:main():rbm-train-cd1-frmshuff.cc:247) Setting momentum 0.9 and learning rate 0.192 after processing 2.77778 h
LOG (copy-feats[5.5.208~1-b0fc0]:main():copy-feats.cc:143) Copied 3696 feature matrices.
LOG (rbm-train-cd1-frmshuff[5.5.208~1-b0fc0]:main():rbm-train-cd1-frmshuff.cc:263) Iteration 2/20
copy-feats scp:exp/dnn4_pretrain-dbn/train.scp ark:- 
VLOG[1] (rbm-train-cd1-frmshuff[5.5.208~1-b0fc0]:main():rbm-train-cd1-frmshuff.cc:247) Setting momentum 0.9 and learning rate 0.188 after processing 4.16667 h
VLOG[1] (rbm-train-cd1-frmshuff[5.5.208~1-b0fc0]:main():rbm-train-cd1-frmshuff.cc:185) After 5000 utterances: time elapsed = 0.731245 min; processed 34635 frames per sec.
LOG (rbm-train-cd1-frmshuff[5.5.208~1-b0fc0]:Eval():nnet-loss.cc:269) ProgressLoss[last 5h of 5h]: 4.11617 (Mse)
VLOG[1] (rbm-train-cd1-frmshuff[5.5.208~1-b0fc0]:main():rbm-train-cd1-frmshuff.cc:247) Setting momentum 0.9 and learning rate 0.184 after processing 5.55556 h
LOG (copy-feats[5.5.208~1-b0fc0]:main():copy-feats.cc:143) Copied 3696 feature matrices.
LOG (rbm-train-cd1-frmshuff[5.5.208~1-b0fc0]:main():rbm-train-cd1-frmshuff.cc:263) Iteration 3/20
copy-feats scp:exp/dnn4_pretrain-dbn/train.scp ark:- 
VLOG[1] (rbm-train-cd1-frmshuff[5.5.208~1-b0fc0]:main():rbm-train-cd1-frmshuff.cc:247) Setting momentum 0.9 and learning rate 0.18 after processing 6.94444 h
VLOG[1] (rbm-train-cd1-frmshuff[5.5.208~1-b0fc0]:main():rbm-train-cd1-frmshuff.cc:247) Setting momentum 0.9 and learning rate 0.176 after processing 8.33333 h
VLOG[1] (rbm-train-cd1-frmshuff[5.5.208~1-b0fc0]:main():rbm-train-cd1-frmshuff.cc:185) After 10000 utterances: time elapsed = 1.46048 min; processed 34682.6 frames per sec.
LOG (copy-feats[5.5.208~1-b0fc0]:main():copy-feats.cc:143) Copied 3696 feature matrices.
LOG (rbm-train-cd1-frmshuff[5.5.208~1-b0fc0]:main():rbm-train-cd1-frmshuff.cc:263) Iteration 4/20
copy-feats scp:exp/dnn4_pretrain-dbn/train.scp ark:- 
VLOG[1] (rbm-train-cd1-frmshuff[5.5.208~1-b0fc0]:main():rbm-train-cd1-frmshuff.cc:247) Setting momentum 0.9 and learning rate 0.172 after processing 9.72222 h
LOG (rbm-train-cd1-frmshuff[5.5.208~1-b0fc0]:Eval():nnet-loss.cc:269) ProgressLoss[last 5h of 10h]: 3.10815 (Mse)
VLOG[1] (rbm-train-cd1-frmshuff[5.5.208~1-b0fc0]:main():rbm-train-cd1-frmshuff.cc:247) Setting momentum 0.9 and learning rate 0.168 after processing 11.1111 h
LOG (copy-feats[5.5.208~1-b0fc0]:main():copy-feats.cc:143) Copied 3696 feature matrices.
LOG (rbm-train-cd1-frmshuff[5.5.208~1-b0fc0]:main():rbm-train-cd1-frmshuff.cc:263) Iteration 5/20
copy-feats scp:exp/dnn4_pretrain-dbn/train.scp ark:- 
VLOG[1] (rbm-train-cd1-frmshuff[5.5.208~1-b0fc0]:main():rbm-train-cd1-frmshuff.cc:247) Setting momentum 0.9 and learning rate 0.164 after processing 12.5 h
VLOG[1] (rbm-train-cd1-frmshuff[5.5.208~1-b0fc0]:main():rbm-train-cd1-frmshuff.cc:185) After 15000 utterances: time elapsed = 2.17969 min; processed 34654 frames per sec.
VLOG[1] (rbm-train-cd1-frmshuff[5.5.208~1-b0fc0]:main():rbm-train-cd1-frmshuff.cc:247) Setting momentum 0.9 and learning rate 0.16 after processing 13.8889 h
LOG (rbm-train-cd1-frmshuff[5.5.208~1-b0fc0]:Eval():nnet-loss.cc:269) ProgressLoss[last 5h of 15h]: 3.05264 (Mse)
VLOG[1] (rbm-train-cd1-frmshuff[5.5.208~1-b0fc0]:main():rbm-train-cd1-frmshuff.cc:247) Setting momentum 0.9 and learning rate 0.156 after processing 15.2778 h
LOG (copy-feats[5.5.208~1-b0fc0]:main():copy-feats.cc:143) Copied 3696 feature matrices.
LOG (rbm-train-cd1-frmshuff[5.5.208~1-b0fc0]:main():rbm-train-cd1-frmshuff.cc:263) Iteration 6/20
copy-feats scp:exp/dnn4_pretrain-dbn/train.scp ark:- 
VLOG[1] (rbm-train-cd1-frmshuff[5.5.208~1-b0fc0]:main():rbm-train-cd1-frmshuff.cc:247) Setting momentum 0.9 and learning rate 0.152 after processing 16.6667 h
VLOG[1] (rbm-train-cd1-frmshuff[5.5.208~1-b0fc0]:main():rbm-train-cd1-frmshuff.cc:185) After 20000 utterances: time elapsed = 2.9194 min; processed 34737.7 frames per sec.
VLOG[1] (rbm-train-cd1-frmshuff[5.5.208~1-b0fc0]:main():rbm-train-cd1-frmshuff.cc:247) Setting momentum 0.9 and learning rate 0.148 after processing 18.0556 h
LOG (copy-feats[5.5.208~1-b0fc0]:main():copy-feats.cc:143) Copied 3696 feature matrices.
LOG (rbm-train-cd1-frmshuff[5.5.208~1-b0fc0]:main():rbm-train-cd1-frmshuff.cc:263) Iteration 7/20
copy-feats scp:exp/dnn4_pretrain-dbn/train.scp ark:- 
VLOG[1] (rbm-train-cd1-frmshuff[5.5.208~1-b0fc0]:main():rbm-train-cd1-frmshuff.cc:247) Setting momentum 0.9 and learning rate 0.144 after processing 19.4444 h
LOG (rbm-train-cd1-frmshuff[5.5.208~1-b0fc0]:Eval():nnet-loss.cc:269) ProgressLoss[last 5h of 20h]: 3.03081 (Mse)
VLOG[1] (rbm-train-cd1-frmshuff[5.5.208~1-b0fc0]:main():rbm-train-cd1-frmshuff.cc:247) Setting momentum 0.9 and learning rate 0.14 after processing 20.8333 h
VLOG[1] (rbm-train-cd1-frmshuff[5.5.208~1-b0fc0]:main():rbm-train-cd1-frmshuff.cc:185) After 25000 utterances: time elapsed = 3.65061 min; processed 34717 frames per sec.
LOG (copy-feats[5.5.208~1-b0fc0]:main():copy-feats.cc:143) Copied 3696 feature matrices.
LOG (rbm-train-cd1-frmshuff[5.5.208~1-b0fc0]:main():rbm-train-cd1-frmshuff.cc:263) Iteration 8/20
copy-feats scp:exp/dnn4_pretrain-dbn/train.scp ark:- 
VLOG[1] (rbm-train-cd1-frmshuff[5.5.208~1-b0fc0]:main():rbm-train-cd1-frmshuff.cc:247) Setting momentum 0.9 and learning rate 0.136 after processing 22.2222 h
VLOG[1] (rbm-train-cd1-frmshuff[5.5.208~1-b0fc0]:main():rbm-train-cd1-frmshuff.cc:247) Setting momentum 0.9 and learning rate 0.132 after processing 23.6111 h
LOG (copy-feats[5.5.208~1-b0fc0]:main():copy-feats.cc:143) Copied 3696 feature matrices.
LOG (rbm-train-cd1-frmshuff[5.5.208~1-b0fc0]:main():rbm-train-cd1-frmshuff.cc:263) Iteration 9/20
copy-feats scp:exp/dnn4_pretrain-dbn/train.scp ark:- 
VLOG[1] (rbm-train-cd1-frmshuff[5.5.208~1-b0fc0]:main():rbm-train-cd1-frmshuff.cc:247) Setting momentum 0.9 and learning rate 0.128 after processing 25 h
LOG (rbm-train-cd1-frmshuff[5.5.208~1-b0fc0]:Eval():nnet-loss.cc:269) ProgressLoss[last 5h of 25h]: 3.01338 (Mse)
VLOG[1] (rbm-train-cd1-frmshuff[5.5.208~1-b0fc0]:main():rbm-train-cd1-frmshuff.cc:185) After 30000 utterances: time elapsed = 4.3704 min; processed 34693.3 frames per sec.
VLOG[1] (rbm-train-cd1-frmshuff[5.5.208~1-b0fc0]:main():rbm-train-cd1-frmshuff.cc:247) Setting momentum 0.9 and learning rate 0.124 after processing 26.3889 h
VLOG[1] (rbm-train-cd1-frmshuff[5.5.208~1-b0fc0]:main():rbm-train-cd1-frmshuff.cc:247) Setting momentum 0.9 and learning rate 0.12 after processing 27.7778 h
LOG (copy-feats[5.5.208~1-b0fc0]:main():copy-feats.cc:143) Copied 3696 feature matrices.
LOG (rbm-train-cd1-frmshuff[5.5.208~1-b0fc0]:main():rbm-train-cd1-frmshuff.cc:263) Iteration 10/20
copy-feats scp:exp/dnn4_pretrain-dbn/train.scp ark:- 
VLOG[1] (rbm-train-cd1-frmshuff[5.5.208~1-b0fc0]:main():rbm-train-cd1-frmshuff.cc:247) Setting momentum 0.9 and learning rate 0.116 after processing 29.1667 h
VLOG[1] (rbm-train-cd1-frmshuff[5.5.208~1-b0fc0]:main():rbm-train-cd1-frmshuff.cc:185) After 35000 utterances: time elapsed = 5.11194 min; processed 34721.3 frames per sec.
LOG (rbm-train-cd1-frmshuff[5.5.208~1-b0fc0]:Eval():nnet-loss.cc:269) ProgressLoss[last 5h of 30h]: 2.99681 (Mse)
VLOG[1] (rbm-train-cd1-frmshuff[5.5.208~1-b0fc0]:main():rbm-train-cd1-frmshuff.cc:247) Setting momentum 0.9 and learning rate 0.112 after processing 30.5556 h
LOG (copy-feats[5.5.208~1-b0fc0]:main():copy-feats.cc:143) Copied 3696 feature matrices.
LOG (rbm-train-cd1-frmshuff[5.5.208~1-b0fc0]:main():rbm-train-cd1-frmshuff.cc:263) Iteration 11/20
copy-feats scp:exp/dnn4_pretrain-dbn/train.scp ark:- 
VLOG[1] (rbm-train-cd1-frmshuff[5.5.208~1-b0fc0]:main():rbm-train-cd1-frmshuff.cc:247) Setting momentum 0.9 and learning rate 0.108 after processing 31.9444 h
VLOG[1] (rbm-train-cd1-frmshuff[5.5.208~1-b0fc0]:main():rbm-train-cd1-frmshuff.cc:247) Setting momentum 0.9 and learning rate 0.104 after processing 33.3333 h
VLOG[1] (rbm-train-cd1-frmshuff[5.5.208~1-b0fc0]:main():rbm-train-cd1-frmshuff.cc:185) After 40000 utterances: time elapsed = 5.8409 min; processed 34724.7 frames per sec.
LOG (copy-feats[5.5.208~1-b0fc0]:main():copy-feats.cc:143) Copied 3696 feature matrices.
LOG (rbm-train-cd1-frmshuff[5.5.208~1-b0fc0]:main():rbm-train-cd1-frmshuff.cc:263) Iteration 12/20
copy-feats scp:exp/dnn4_pretrain-dbn/train.scp ark:- 
VLOG[1] (rbm-train-cd1-frmshuff[5.5.208~1-b0fc0]:main():rbm-train-cd1-frmshuff.cc:247) Setting momentum 0.9 and learning rate 0.1 after processing 34.7222 h
LOG (rbm-train-cd1-frmshuff[5.5.208~1-b0fc0]:Eval():nnet-loss.cc:269) ProgressLoss[last 5h of 35h]: 2.98263 (Mse)
VLOG[1] (rbm-train-cd1-frmshuff[5.5.208~1-b0fc0]:main():rbm-train-cd1-frmshuff.cc:247) Setting momentum 0.9 and learning rate 0.096 after processing 36.1111 h
LOG (copy-feats[5.5.208~1-b0fc0]:main():copy-feats.cc:143) Copied 3696 feature matrices.
LOG (rbm-train-cd1-frmshuff[5.5.208~1-b0fc0]:main():rbm-train-cd1-frmshuff.cc:263) Iteration 13/20
copy-feats scp:exp/dnn4_pretrain-dbn/train.scp ark:- 
VLOG[1] (rbm-train-cd1-frmshuff[5.5.208~1-b0fc0]:main():rbm-train-cd1-frmshuff.cc:247) Setting momentum 0.9 and learning rate 0.092 after processing 37.5 h
VLOG[1] (rbm-train-cd1-frmshuff[5.5.208~1-b0fc0]:main():rbm-train-cd1-frmshuff.cc:185) After 45000 utterances: time elapsed = 6.56227 min; processed 34700.4 frames per sec.
VLOG[1] (rbm-train-cd1-frmshuff[5.5.208~1-b0fc0]:main():rbm-train-cd1-frmshuff.cc:247) Setting momentum 0.9 and learning rate 0.088 after processing 38.8889 h
LOG (rbm-train-cd1-frmshuff[5.5.208~1-b0fc0]:Eval():nnet-loss.cc:269) ProgressLoss[last 5h of 40h]: 2.96759 (Mse)
VLOG[1] (rbm-train-cd1-frmshuff[5.5.208~1-b0fc0]:main():rbm-train-cd1-frmshuff.cc:247) Setting momentum 0.9 and learning rate 0.084 after processing 40.2778 h
LOG (copy-feats[5.5.208~1-b0fc0]:main():copy-feats.cc:143) Copied 3696 feature matrices.
LOG (rbm-train-cd1-frmshuff[5.5.208~1-b0fc0]:main():rbm-train-cd1-frmshuff.cc:263) Iteration 14/20
copy-feats scp:exp/dnn4_pretrain-dbn/train.scp ark:- 
VLOG[1] (rbm-train-cd1-frmshuff[5.5.208~1-b0fc0]:main():rbm-train-cd1-frmshuff.cc:247) Setting momentum 0.9 and learning rate 0.08 after processing 41.6667 h
VLOG[1] (rbm-train-cd1-frmshuff[5.5.208~1-b0fc0]:main():rbm-train-cd1-frmshuff.cc:185) After 50000 utterances: time elapsed = 7.2902 min; processed 34708 frames per sec.
VLOG[1] (rbm-train-cd1-frmshuff[5.5.208~1-b0fc0]:main():rbm-train-cd1-frmshuff.cc:247) Setting momentum 0.9 and learning rate 0.076 after processing 43.0556 h
LOG (copy-feats[5.5.208~1-b0fc0]:main():copy-feats.cc:143) Copied 3696 feature matrices.
LOG (rbm-train-cd1-frmshuff[5.5.208~1-b0fc0]:main():rbm-train-cd1-frmshuff.cc:263) Iteration 15/20
copy-feats scp:exp/dnn4_pretrain-dbn/train.scp ark:- 
VLOG[1] (rbm-train-cd1-frmshuff[5.5.208~1-b0fc0]:main():rbm-train-cd1-frmshuff.cc:247) Setting momentum 0.9 and learning rate 0.072 after processing 44.4444 h
LOG (rbm-train-cd1-frmshuff[5.5.208~1-b0fc0]:Eval():nnet-loss.cc:269) ProgressLoss[last 5h of 45h]: 2.95385 (Mse)
VLOG[1] (rbm-train-cd1-frmshuff[5.5.208~1-b0fc0]:main():rbm-train-cd1-frmshuff.cc:247) Setting momentum 0.9 and learning rate 0.068 after processing 45.8333 h
VLOG[1] (rbm-train-cd1-frmshuff[5.5.208~1-b0fc0]:main():rbm-train-cd1-frmshuff.cc:185) After 55000 utterances: time elapsed = 8.03071 min; processed 34730.2 frames per sec.
LOG (copy-feats[5.5.208~1-b0fc0]:main():copy-feats.cc:143) Copied 3696 feature matrices.
LOG (rbm-train-cd1-frmshuff[5.5.208~1-b0fc0]:main():rbm-train-cd1-frmshuff.cc:263) Iteration 16/20
copy-feats scp:exp/dnn4_pretrain-dbn/train.scp ark:- 
VLOG[1] (rbm-train-cd1-frmshuff[5.5.208~1-b0fc0]:main():rbm-train-cd1-frmshuff.cc:247) Setting momentum 0.9 and learning rate 0.064 after processing 47.2222 h
VLOG[1] (rbm-train-cd1-frmshuff[5.5.208~1-b0fc0]:main():rbm-train-cd1-frmshuff.cc:247) Setting momentum 0.9 and learning rate 0.06 after processing 48.6111 h
LOG (copy-feats[5.5.208~1-b0fc0]:main():copy-feats.cc:143) Copied 3696 feature matrices.
LOG (rbm-train-cd1-frmshuff[5.5.208~1-b0fc0]:main():rbm-train-cd1-frmshuff.cc:263) Iteration 17/20
copy-feats scp:exp/dnn4_pretrain-dbn/train.scp ark:- 
VLOG[1] (rbm-train-cd1-frmshuff[5.5.208~1-b0fc0]:main():rbm-train-cd1-frmshuff.cc:247) Setting momentum 0.9 and learning rate 0.056 after processing 50 h
LOG (rbm-train-cd1-frmshuff[5.5.208~1-b0fc0]:Eval():nnet-loss.cc:269) ProgressLoss[last 5h of 50h]: 2.94108 (Mse)
VLOG[1] (rbm-train-cd1-frmshuff[5.5.208~1-b0fc0]:main():rbm-train-cd1-frmshuff.cc:185) After 60000 utterances: time elapsed = 8.76134 min; processed 34736.7 frames per sec.
VLOG[1] (rbm-train-cd1-frmshuff[5.5.208~1-b0fc0]:main():rbm-train-cd1-frmshuff.cc:247) Setting momentum 0.9 and learning rate 0.052 after processing 51.3889 h
VLOG[1] (rbm-train-cd1-frmshuff[5.5.208~1-b0fc0]:main():rbm-train-cd1-frmshuff.cc:247) Setting momentum 0.9 and learning rate 0.048 after processing 52.7778 h
LOG (copy-feats[5.5.208~1-b0fc0]:main():copy-feats.cc:143) Copied 3696 feature matrices.
LOG (rbm-train-cd1-frmshuff[5.5.208~1-b0fc0]:main():rbm-train-cd1-frmshuff.cc:263) Iteration 18/20
copy-feats scp:exp/dnn4_pretrain-dbn/train.scp ark:- 
VLOG[1] (rbm-train-cd1-frmshuff[5.5.208~1-b0fc0]:main():rbm-train-cd1-frmshuff.cc:247) Setting momentum 0.9 and learning rate 0.044 after processing 54.1667 h
VLOG[1] (rbm-train-cd1-frmshuff[5.5.208~1-b0fc0]:main():rbm-train-cd1-frmshuff.cc:185) After 65000 utterances: time elapsed = 9.47993 min; processed 34716.7 frames per sec.
LOG (rbm-train-cd1-frmshuff[5.5.208~1-b0fc0]:Eval():nnet-loss.cc:269) ProgressLoss[last 5h of 55h]: 2.92892 (Mse)
VLOG[1] (rbm-train-cd1-frmshuff[5.5.208~1-b0fc0]:main():rbm-train-cd1-frmshuff.cc:247) Setting momentum 0.9 and learning rate 0.04 after processing 55.5556 h
LOG (copy-feats[5.5.208~1-b0fc0]:main():copy-feats.cc:143) Copied 3696 feature matrices.
LOG (rbm-train-cd1-frmshuff[5.5.208~1-b0fc0]:main():rbm-train-cd1-frmshuff.cc:263) Iteration 19/20
copy-feats scp:exp/dnn4_pretrain-dbn/train.scp ark:- 
VLOG[1] (rbm-train-cd1-frmshuff[5.5.208~1-b0fc0]:main():rbm-train-cd1-frmshuff.cc:247) Setting momentum 0.9 and learning rate 0.04 after processing 56.9444 h
VLOG[1] (rbm-train-cd1-frmshuff[5.5.208~1-b0fc0]:main():rbm-train-cd1-frmshuff.cc:247) Setting momentum 0.9 and learning rate 0.04 after processing 58.3333 h
VLOG[1] (rbm-train-cd1-frmshuff[5.5.208~1-b0fc0]:main():rbm-train-cd1-frmshuff.cc:185) After 70000 utterances: time elapsed = 10.2207 min; processed 34732.6 frames per sec.
LOG (copy-feats[5.5.208~1-b0fc0]:main():copy-feats.cc:143) Copied 3696 feature matrices.
LOG (rbm-train-cd1-frmshuff[5.5.208~1-b0fc0]:main():rbm-train-cd1-frmshuff.cc:263) Iteration 20/20
copy-feats scp:exp/dnn4_pretrain-dbn/train.scp ark:- 
VLOG[1] (rbm-train-cd1-frmshuff[5.5.208~1-b0fc0]:main():rbm-train-cd1-frmshuff.cc:247) Setting momentum 0.9 and learning rate 0.04 after processing 59.7222 h
LOG (rbm-train-cd1-frmshuff[5.5.208~1-b0fc0]:Eval():nnet-loss.cc:269) ProgressLoss[last 5h of 60h]: 2.9219 (Mse)
VLOG[1] (rbm-train-cd1-frmshuff[5.5.208~1-b0fc0]:main():rbm-train-cd1-frmshuff.cc:247) Setting momentum 0.9 and learning rate 0.04 after processing 61.1111 h
LOG (copy-feats[5.5.208~1-b0fc0]:main():copy-feats.cc:143) Copied 3696 feature matrices.
LOG (rbm-train-cd1-frmshuff[5.5.208~1-b0fc0]:main():rbm-train-cd1-frmshuff.cc:271) Done 20 iterations, 73920 files, skipped 0 files. [10.8022 min, processing34709.5 frames per sec.]
LOG (rbm-train-cd1-frmshuff[5.5.208~1-b0fc0]:main():rbm-train-cd1-frmshuff.cc:277) AvgLoss: 3.07805 (Mse), [RMS 0.0548262, frames 2.24964e+07]
progress: [4.11617 3.10815 3.05264 3.03081 3.01338 2.99681 2.98263 2.96759 2.95385 2.94108 2.92892 2.9219 ]
LOG (rbm-train-cd1-frmshuff[5.5.208~1-b0fc0]:PrintProfile():cu-device.cc:456) -----
[cudevice profile]
AddVec	6.60712s
MulRowsVec	7.91688s
CuMatrix::Resize	11.9265s
Set	12.8473s
CuVector::SetZero	13.9623s
CuVector::Resize	15.8246s
CopyToVec	16.8716s
AddMatVec	19.0033s
CuMatrixBase::CopyFromMat(from other CuMatrixBase)	22.7919s
AddVecToRows	23.8617s
Sigmoid	24.6843s
CuMatrix::SetZero	34.5467s
Sum	44.7843s
AddMat	54.1317s
AddMatMat	352.606s
Total GPU time:	694.771s (may involve some double-counting)
-----
LOG (rbm-train-cd1-frmshuff[5.5.208~1-b0fc0]:PrintMemoryUsage():cu-allocator.cc:368) Memory usage: 318497024/5927600128 bytes currently allocated/total-held; 36/4 blocks currently allocated/free; largest free/allocated block sizes are 138657792/5478361344; time taken total/cudaMalloc is 2.20821/0.00754213, synchronized the GPU 0 times out of 1123021 frees; device memory info: free:5651M, used:5790M, total:11441M, free/total:0.493917maximum allocated: 324024832current allocated: 318497024
