# gmm-acc-stats-ali exp/tri3/21.mdl "ark,s,cs:apply-cmvn  --utt2spk=ark:data/train/split30/11/utt2spk scp:data/train/split30/11/cmvn.scp scp:data/train/split30/11/feats.scp ark:- | splice-feats --left-context=3 --right-context=3 ark:- ark:- | transform-feats exp/tri2_ali/final.mat ark:- ark:- | transform-feats --utt2spk=ark:data/train/split30/11/utt2spk ark:exp/tri3/trans.11 ark:- ark:- |" "ark,s,cs:gunzip -c exp/tri3/ali.11.gz|" exp/tri3/21.11.acc 
# Started at Wed Feb 27 14:32:09 +07 2019
#
gmm-acc-stats-ali exp/tri3/21.mdl 'ark,s,cs:apply-cmvn  --utt2spk=ark:data/train/split30/11/utt2spk scp:data/train/split30/11/cmvn.scp scp:data/train/split30/11/feats.scp ark:- | splice-feats --left-context=3 --right-context=3 ark:- ark:- | transform-feats exp/tri2_ali/final.mat ark:- ark:- | transform-feats --utt2spk=ark:data/train/split30/11/utt2spk ark:exp/tri3/trans.11 ark:- ark:- |' 'ark,s,cs:gunzip -c exp/tri3/ali.11.gz|' exp/tri3/21.11.acc 
transform-feats exp/tri2_ali/final.mat ark:- ark:- 
apply-cmvn --utt2spk=ark:data/train/split30/11/utt2spk scp:data/train/split30/11/cmvn.scp scp:data/train/split30/11/feats.scp ark:- 
splice-feats --left-context=3 --right-context=3 ark:- ark:- 
transform-feats --utt2spk=ark:data/train/split30/11/utt2spk ark:exp/tri3/trans.11 ark:- ark:- 
LOG (gmm-acc-stats-ali[5.5.208~1-b0fc0]:main():gmm-acc-stats-ali.cc:105) Processed 50 utterances; for utterance MBWP0_SI1969 avg. like is -49.202 over 269 frames.
LOG (gmm-acc-stats-ali[5.5.208~1-b0fc0]:main():gmm-acc-stats-ali.cc:105) Processed 100 utterances; for utterance MCEF0_SX145 avg. like is -46.243 over 254 frames.
LOG (apply-cmvn[5.5.208~1-b0fc0]:main():apply-cmvn.cc:162) Applied cepstral mean normalization to 128 utterances, errors on 0
LOG (transform-feats[5.5.208~1-b0fc0]:main():transform-feats.cc:158) Overall average [pseudo-]logdet is -88.6037 over 38833 frames.
LOG (transform-feats[5.5.208~1-b0fc0]:main():transform-feats.cc:161) Applied transform to 128 utterances; 0 had errors.
LOG (transform-feats[5.5.208~1-b0fc0]:main():transform-feats.cc:158) Overall average logdet is 4.27851 over 38833 frames.
LOG (transform-feats[5.5.208~1-b0fc0]:main():transform-feats.cc:161) Applied transform to 128 utterances; 0 had errors.
LOG (gmm-acc-stats-ali[5.5.208~1-b0fc0]:main():gmm-acc-stats-ali.cc:112) Done 128 files, 0 with errors.
LOG (gmm-acc-stats-ali[5.5.208~1-b0fc0]:main():gmm-acc-stats-ali.cc:115) Overall avg like per frame (Gaussian only) = -47.3432 over 38833 frames.
LOG (gmm-acc-stats-ali[5.5.208~1-b0fc0]:main():gmm-acc-stats-ali.cc:123) Written accs.
# Accounting: time=1 threads=1
# Ended (code 0) at Wed Feb 27 14:32:10 +07 2019, elapsed time 1 seconds
