# gmm-acc-stats-ali exp/tri3/28.mdl "ark,s,cs:apply-cmvn  --utt2spk=ark:data/train/split30/12/utt2spk scp:data/train/split30/12/cmvn.scp scp:data/train/split30/12/feats.scp ark:- | splice-feats --left-context=3 --right-context=3 ark:- ark:- | transform-feats exp/tri2_ali/final.mat ark:- ark:- | transform-feats --utt2spk=ark:data/train/split30/12/utt2spk ark:exp/tri3/trans.12 ark:- ark:- |" "ark,s,cs:gunzip -c exp/tri3/ali.12.gz|" exp/tri3/28.12.acc 
# Started at Wed Feb 27 14:32:43 +07 2019
#
gmm-acc-stats-ali exp/tri3/28.mdl 'ark,s,cs:apply-cmvn  --utt2spk=ark:data/train/split30/12/utt2spk scp:data/train/split30/12/cmvn.scp scp:data/train/split30/12/feats.scp ark:- | splice-feats --left-context=3 --right-context=3 ark:- ark:- | transform-feats exp/tri2_ali/final.mat ark:- ark:- | transform-feats --utt2spk=ark:data/train/split30/12/utt2spk ark:exp/tri3/trans.12 ark:- ark:- |' 'ark,s,cs:gunzip -c exp/tri3/ali.12.gz|' exp/tri3/28.12.acc 
transform-feats exp/tri2_ali/final.mat ark:- ark:- 
splice-feats --left-context=3 --right-context=3 ark:- ark:- 
apply-cmvn --utt2spk=ark:data/train/split30/12/utt2spk scp:data/train/split30/12/cmvn.scp scp:data/train/split30/12/feats.scp ark:- 
transform-feats --utt2spk=ark:data/train/split30/12/utt2spk ark:exp/tri3/trans.12 ark:- ark:- 
LOG (gmm-acc-stats-ali[5.5.208~1-b0fc0]:main():gmm-acc-stats-ali.cc:105) Processed 50 utterances; for utterance MCXM0_SI1981 avg. like is -48.1494 over 391 frames.
LOG (gmm-acc-stats-ali[5.5.208~1-b0fc0]:main():gmm-acc-stats-ali.cc:105) Processed 100 utterances; for utterance MDCM0_SX130 avg. like is -48.2064 over 258 frames.
LOG (apply-cmvn[5.5.208~1-b0fc0]:main():apply-cmvn.cc:162) Applied cepstral mean normalization to 120 utterances, errors on 0
LOG (transform-feats[5.5.208~1-b0fc0]:main():transform-feats.cc:158) Overall average [pseudo-]logdet is -88.6037 over 35253 frames.
LOG (transform-feats[5.5.208~1-b0fc0]:main():transform-feats.cc:161) Applied transform to 120 utterances; 0 had errors.
LOG (transform-feats[5.5.208~1-b0fc0]:main():transform-feats.cc:158) Overall average logdet is 3.1303 over 35253 frames.
LOG (transform-feats[5.5.208~1-b0fc0]:main():transform-feats.cc:161) Applied transform to 120 utterances; 0 had errors.
LOG (gmm-acc-stats-ali[5.5.208~1-b0fc0]:main():gmm-acc-stats-ali.cc:112) Done 120 files, 0 with errors.
LOG (gmm-acc-stats-ali[5.5.208~1-b0fc0]:main():gmm-acc-stats-ali.cc:115) Overall avg like per frame (Gaussian only) = -47.0579 over 35253 frames.
LOG (gmm-acc-stats-ali[5.5.208~1-b0fc0]:main():gmm-acc-stats-ali.cc:123) Written accs.
# Accounting: time=0 threads=1
# Ended (code 0) at Wed Feb 27 14:32:43 +07 2019, elapsed time 0 seconds
