# ali-to-post "ark:gunzip -c exp/tri3/ali.7.gz|" ark:- | gmm-acc-stats-twofeats exp/tri3/35.mdl "ark,s,cs:apply-cmvn  --utt2spk=ark:data/train/split30/7/utt2spk scp:data/train/split30/7/cmvn.scp scp:data/train/split30/7/feats.scp ark:- | splice-feats --left-context=3 --right-context=3 ark:- ark:- | transform-feats exp/tri2_ali/final.mat ark:- ark:- | transform-feats --utt2spk=ark:data/train/split30/7/utt2spk ark:exp/tri3/trans.7 ark:- ark:- |" "ark,s,cs:apply-cmvn  --utt2spk=ark:data/train/split30/7/utt2spk scp:data/train/split30/7/cmvn.scp scp:data/train/split30/7/feats.scp ark:- | splice-feats --left-context=3 --right-context=3 ark:- ark:- | transform-feats exp/tri2_ali/final.mat ark:- ark:- |" ark,s,cs:- exp/tri3/35.7.acc 
# Started at Wed Feb 27 14:33:31 +07 2019
#
ali-to-post 'ark:gunzip -c exp/tri3/ali.7.gz|' ark:- 
gmm-acc-stats-twofeats exp/tri3/35.mdl 'ark,s,cs:apply-cmvn  --utt2spk=ark:data/train/split30/7/utt2spk scp:data/train/split30/7/cmvn.scp scp:data/train/split30/7/feats.scp ark:- | splice-feats --left-context=3 --right-context=3 ark:- ark:- | transform-feats exp/tri2_ali/final.mat ark:- ark:- | transform-feats --utt2spk=ark:data/train/split30/7/utt2spk ark:exp/tri3/trans.7 ark:- ark:- |' 'ark,s,cs:apply-cmvn  --utt2spk=ark:data/train/split30/7/utt2spk scp:data/train/split30/7/cmvn.scp scp:data/train/split30/7/feats.scp ark:- | splice-feats --left-context=3 --right-context=3 ark:- ark:- | transform-feats exp/tri2_ali/final.mat ark:- ark:- |' ark,s,cs:- exp/tri3/35.7.acc 
apply-cmvn --utt2spk=ark:data/train/split30/7/utt2spk scp:data/train/split30/7/cmvn.scp scp:data/train/split30/7/feats.scp ark:- 
splice-feats --left-context=3 --right-context=3 ark:- ark:- 
transform-feats exp/tri2_ali/final.mat ark:- ark:- 
transform-feats --utt2spk=ark:data/train/split30/7/utt2spk ark:exp/tri3/trans.7 ark:- ark:- 
splice-feats --left-context=3 --right-context=3 ark:- ark:- 
apply-cmvn --utt2spk=ark:data/train/split30/7/utt2spk scp:data/train/split30/7/cmvn.scp scp:data/train/split30/7/feats.scp ark:- 
transform-feats exp/tri2_ali/final.mat ark:- ark:- 
LOG (gmm-acc-stats-twofeats[5.5.208~1-b0fc0]:main():gmm-acc-stats-twofeats.cc:140) Average like for this file is -44.3591 over 253 frames.
LOG (gmm-acc-stats-twofeats[5.5.208~1-b0fc0]:main():gmm-acc-stats-twofeats.cc:140) Average like for this file is -47.6112 over 255 frames.
LOG (gmm-acc-stats-twofeats[5.5.208~1-b0fc0]:main():gmm-acc-stats-twofeats.cc:140) Average like for this file is -46.1744 over 467 frames.
LOG (gmm-acc-stats-twofeats[5.5.208~1-b0fc0]:main():gmm-acc-stats-twofeats.cc:140) Average like for this file is -43.9061 over 322 frames.
LOG (gmm-acc-stats-twofeats[5.5.208~1-b0fc0]:main():gmm-acc-stats-twofeats.cc:140) Average like for this file is -45.9441 over 180 frames.
LOG (gmm-acc-stats-twofeats[5.5.208~1-b0fc0]:main():gmm-acc-stats-twofeats.cc:140) Average like for this file is -44.2858 over 260 frames.
LOG (gmm-acc-stats-twofeats[5.5.208~1-b0fc0]:main():gmm-acc-stats-twofeats.cc:140) Average like for this file is -46.718 over 315 frames.
LOG (gmm-acc-stats-twofeats[5.5.208~1-b0fc0]:main():gmm-acc-stats-twofeats.cc:140) Average like for this file is -47.0595 over 315 frames.
LOG (gmm-acc-stats-twofeats[5.5.208~1-b0fc0]:main():gmm-acc-stats-twofeats.cc:140) Average like for this file is -48.383 over 241 frames.
LOG (gmm-acc-stats-twofeats[5.5.208~1-b0fc0]:main():gmm-acc-stats-twofeats.cc:140) Average like for this file is -51.9491 over 257 frames.
LOG (gmm-acc-stats-twofeats[5.5.208~1-b0fc0]:main():gmm-acc-stats-twofeats.cc:146) Avg like per frame so far is -46.5621
LOG (gmm-acc-stats-twofeats[5.5.208~1-b0fc0]:main():gmm-acc-stats-twofeats.cc:140) Average like for this file is -47.2907 over 496 frames.
LOG (gmm-acc-stats-twofeats[5.5.208~1-b0fc0]:main():gmm-acc-stats-twofeats.cc:140) Average like for this file is -44.4571 over 297 frames.
LOG (gmm-acc-stats-twofeats[5.5.208~1-b0fc0]:main():gmm-acc-stats-twofeats.cc:140) Average like for this file is -45.6532 over 253 frames.
LOG (gmm-acc-stats-twofeats[5.5.208~1-b0fc0]:main():gmm-acc-stats-twofeats.cc:140) Average like for this file is -43.3198 over 213 frames.
LOG (gmm-acc-stats-twofeats[5.5.208~1-b0fc0]:main():gmm-acc-stats-twofeats.cc:140) Average like for this file is -45.6653 over 267 frames.
LOG (gmm-acc-stats-twofeats[5.5.208~1-b0fc0]:main():gmm-acc-stats-twofeats.cc:140) Average like for this file is -47.3401 over 240 frames.
LOG (gmm-acc-stats-twofeats[5.5.208~1-b0fc0]:main():gmm-acc-stats-twofeats.cc:140) Average like for this file is -44.7162 over 335 frames.
LOG (gmm-acc-stats-twofeats[5.5.208~1-b0fc0]:main():gmm-acc-stats-twofeats.cc:140) Average like for this file is -44.411 over 484 frames.
LOG (gmm-acc-stats-twofeats[5.5.208~1-b0fc0]:main():gmm-acc-stats-twofeats.cc:140) Average like for this file is -47.648 over 486 frames.
LOG (gmm-acc-stats-twofeats[5.5.208~1-b0fc0]:main():gmm-acc-stats-twofeats.cc:140) Average like for this file is -47.6787 over 351 frames.
LOG (gmm-acc-stats-twofeats[5.5.208~1-b0fc0]:main():gmm-acc-stats-twofeats.cc:146) Avg like per frame so far is -46.2476
LOG (gmm-acc-stats-twofeats[5.5.208~1-b0fc0]:main():gmm-acc-stats-twofeats.cc:140) Average like for this file is -41.8803 over 330 frames.
LOG (gmm-acc-stats-twofeats[5.5.208~1-b0fc0]:main():gmm-acc-stats-twofeats.cc:140) Average like for this file is -44.0539 over 354 frames.
LOG (gmm-acc-stats-twofeats[5.5.208~1-b0fc0]:main():gmm-acc-stats-twofeats.cc:140) Average like for this file is -44.086 over 218 frames.
LOG (gmm-acc-stats-twofeats[5.5.208~1-b0fc0]:main():gmm-acc-stats-twofeats.cc:140) Average like for this file is -42.4868 over 235 frames.
LOG (gmm-acc-stats-twofeats[5.5.208~1-b0fc0]:main():gmm-acc-stats-twofeats.cc:140) Average like for this file is -46.9821 over 504 frames.
LOG (gmm-acc-stats-twofeats[5.5.208~1-b0fc0]:main():gmm-acc-stats-twofeats.cc:140) Average like for this file is -47.9077 over 211 frames.
LOG (gmm-acc-stats-twofeats[5.5.208~1-b0fc0]:main():gmm-acc-stats-twofeats.cc:140) Average like for this file is -44.4833 over 468 frames.
LOG (gmm-acc-stats-twofeats[5.5.208~1-b0fc0]:main():gmm-acc-stats-twofeats.cc:140) Average like for this file is -48.8493 over 315 frames.
LOG (gmm-acc-stats-twofeats[5.5.208~1-b0fc0]:main():gmm-acc-stats-twofeats.cc:140) Average like for this file is -44.5218 over 287 frames.
LOG (gmm-acc-stats-twofeats[5.5.208~1-b0fc0]:main():gmm-acc-stats-twofeats.cc:140) Average like for this file is -47.1052 over 368 frames.
LOG (gmm-acc-stats-twofeats[5.5.208~1-b0fc0]:main():gmm-acc-stats-twofeats.cc:146) Avg like per frame so far is -45.9304
LOG (gmm-acc-stats-twofeats[5.5.208~1-b0fc0]:main():gmm-acc-stats-twofeats.cc:140) Average like for this file is -49.9023 over 210 frames.
LOG (gmm-acc-stats-twofeats[5.5.208~1-b0fc0]:main():gmm-acc-stats-twofeats.cc:140) Average like for this file is -41.1119 over 238 frames.
LOG (gmm-acc-stats-twofeats[5.5.208~1-b0fc0]:main():gmm-acc-stats-twofeats.cc:140) Average like for this file is -46.8419 over 344 frames.
LOG (gmm-acc-stats-twofeats[5.5.208~1-b0fc0]:main():gmm-acc-stats-twofeats.cc:140) Average like for this file is -43.7253 over 251 frames.
LOG (gmm-acc-stats-twofeats[5.5.208~1-b0fc0]:main():gmm-acc-stats-twofeats.cc:140) Average like for this file is -48.9836 over 469 frames.
LOG (gmm-acc-stats-twofeats[5.5.208~1-b0fc0]:main():gmm-acc-stats-twofeats.cc:140) Average like for this file is -45.6689 over 401 frames.
LOG (gmm-acc-stats-twofeats[5.5.208~1-b0fc0]:main():gmm-acc-stats-twofeats.cc:140) Average like for this file is -48.756 over 294 frames.
LOG (gmm-acc-stats-twofeats[5.5.208~1-b0fc0]:main():gmm-acc-stats-twofeats.cc:140) Average like for this file is -43.9041 over 359 frames.
LOG (gmm-acc-stats-twofeats[5.5.208~1-b0fc0]:main():gmm-acc-stats-twofeats.cc:140) Average like for this file is -46.3393 over 280 frames.
LOG (gmm-acc-stats-twofeats[5.5.208~1-b0fc0]:main():gmm-acc-stats-twofeats.cc:140) Average like for this file is -48.9353 over 233 frames.
LOG (gmm-acc-stats-twofeats[5.5.208~1-b0fc0]:main():gmm-acc-stats-twofeats.cc:146) Avg like per frame so far is -46.0641
LOG (gmm-acc-stats-twofeats[5.5.208~1-b0fc0]:main():gmm-acc-stats-twofeats.cc:140) Average like for this file is -47.9887 over 566 frames.
LOG (gmm-acc-stats-twofeats[5.5.208~1-b0fc0]:main():gmm-acc-stats-twofeats.cc:140) Average like for this file is -44.9373 over 285 frames.
LOG (gmm-acc-stats-twofeats[5.5.208~1-b0fc0]:main():gmm-acc-stats-twofeats.cc:140) Average like for this file is -44.5416 over 186 frames.
LOG (gmm-acc-stats-twofeats[5.5.208~1-b0fc0]:main():gmm-acc-stats-twofeats.cc:140) Average like for this file is -48.1426 over 271 frames.
LOG (gmm-acc-stats-twofeats[5.5.208~1-b0fc0]:main():gmm-acc-stats-twofeats.cc:140) Average like for this file is -49.239 over 347 frames.
LOG (gmm-acc-stats-twofeats[5.5.208~1-b0fc0]:main():gmm-acc-stats-twofeats.cc:140) Average like for this file is -49.1406 over 287 frames.
LOG (gmm-acc-stats-twofeats[5.5.208~1-b0fc0]:main():gmm-acc-stats-twofeats.cc:140) Average like for this file is -44.6842 over 264 frames.
LOG (gmm-acc-stats-twofeats[5.5.208~1-b0fc0]:main():gmm-acc-stats-twofeats.cc:140) Average like for this file is -44.1428 over 299 frames.
LOG (gmm-acc-stats-twofeats[5.5.208~1-b0fc0]:main():gmm-acc-stats-twofeats.cc:140) Average like for this file is -45.514 over 175 frames.
LOG (gmm-acc-stats-twofeats[5.5.208~1-b0fc0]:main():gmm-acc-stats-twofeats.cc:140) Average like for this file is -46.412 over 472 frames.
LOG (gmm-acc-stats-twofeats[5.5.208~1-b0fc0]:main():gmm-acc-stats-twofeats.cc:146) Avg like per frame so far is -46.2009
LOG (gmm-acc-stats-twofeats[5.5.208~1-b0fc0]:main():gmm-acc-stats-twofeats.cc:140) Average like for this file is -47.5128 over 410 frames.
LOG (gmm-acc-stats-twofeats[5.5.208~1-b0fc0]:main():gmm-acc-stats-twofeats.cc:140) Average like for this file is -47.9219 over 353 frames.
LOG (gmm-acc-stats-twofeats[5.5.208~1-b0fc0]:main():gmm-acc-stats-twofeats.cc:140) Average like for this file is -42.3379 over 294 frames.
LOG (gmm-acc-stats-twofeats[5.5.208~1-b0fc0]:main():gmm-acc-stats-twofeats.cc:140) Average like for this file is -46.4538 over 184 frames.
LOG (gmm-acc-stats-twofeats[5.5.208~1-b0fc0]:main():gmm-acc-stats-twofeats.cc:140) Average like for this file is -46.4466 over 340 frames.
LOG (gmm-acc-stats-twofeats[5.5.208~1-b0fc0]:main():gmm-acc-stats-twofeats.cc:140) Average like for this file is -49.216 over 299 frames.
LOG (gmm-acc-stats-twofeats[5.5.208~1-b0fc0]:main():gmm-acc-stats-twofeats.cc:140) Average like for this file is -45.5461 over 260 frames.
LOG (gmm-acc-stats-twofeats[5.5.208~1-b0fc0]:main():gmm-acc-stats-twofeats.cc:140) Average like for this file is -45.1078 over 406 frames.
LOG (gmm-acc-stats-twofeats[5.5.208~1-b0fc0]:main():gmm-acc-stats-twofeats.cc:140) Average like for this file is -46.6275 over 282 frames.
LOG (gmm-acc-stats-twofeats[5.5.208~1-b0fc0]:main():gmm-acc-stats-twofeats.cc:140) Average like for this file is -47.9039 over 230 frames.
LOG (gmm-acc-stats-twofeats[5.5.208~1-b0fc0]:main():gmm-acc-stats-twofeats.cc:146) Avg like per frame so far is -46.2507
LOG (gmm-acc-stats-twofeats[5.5.208~1-b0fc0]:main():gmm-acc-stats-twofeats.cc:140) Average like for this file is -44.4659 over 242 frames.
LOG (gmm-acc-stats-twofeats[5.5.208~1-b0fc0]:main():gmm-acc-stats-twofeats.cc:140) Average like for this file is -43.7523 over 226 frames.
LOG (gmm-acc-stats-twofeats[5.5.208~1-b0fc0]:main():gmm-acc-stats-twofeats.cc:140) Average like for this file is -47.0175 over 422 frames.
LOG (gmm-acc-stats-twofeats[5.5.208~1-b0fc0]:main():gmm-acc-stats-twofeats.cc:140) Average like for this file is -49.757 over 258 frames.
LOG (gmm-acc-stats-twofeats[5.5.208~1-b0fc0]:main():gmm-acc-stats-twofeats.cc:140) Average like for this file is -48.9821 over 238 frames.
LOG (gmm-acc-stats-twofeats[5.5.208~1-b0fc0]:main():gmm-acc-stats-twofeats.cc:140) Average like for this file is -43.282 over 290 frames.
LOG (gmm-acc-stats-twofeats[5.5.208~1-b0fc0]:main():gmm-acc-stats-twofeats.cc:140) Average like for this file is -47.3269 over 456 frames.
LOG (gmm-acc-stats-twofeats[5.5.208~1-b0fc0]:main():gmm-acc-stats-twofeats.cc:140) Average like for this file is -49.1063 over 205 frames.
LOG (gmm-acc-stats-twofeats[5.5.208~1-b0fc0]:main():gmm-acc-stats-twofeats.cc:140) Average like for this file is -45.8692 over 292 frames.
LOG (gmm-acc-stats-twofeats[5.5.208~1-b0fc0]:main():gmm-acc-stats-twofeats.cc:140) Average like for this file is -42.5827 over 156 frames.
LOG (gmm-acc-stats-twofeats[5.5.208~1-b0fc0]:main():gmm-acc-stats-twofeats.cc:146) Avg like per frame so far is -46.2698
LOG (gmm-acc-stats-twofeats[5.5.208~1-b0fc0]:main():gmm-acc-stats-twofeats.cc:140) Average like for this file is -46.3047 over 287 frames.
LOG (gmm-acc-stats-twofeats[5.5.208~1-b0fc0]:main():gmm-acc-stats-twofeats.cc:140) Average like for this file is -48.6487 over 330 frames.
LOG (gmm-acc-stats-twofeats[5.5.208~1-b0fc0]:main():gmm-acc-stats-twofeats.cc:140) Average like for this file is -48.1154 over 465 frames.
LOG (gmm-acc-stats-twofeats[5.5.208~1-b0fc0]:main():gmm-acc-stats-twofeats.cc:140) Average like for this file is -44.6397 over 250 frames.
LOG (gmm-acc-stats-twofeats[5.5.208~1-b0fc0]:main():gmm-acc-stats-twofeats.cc:140) Average like for this file is -49.3392 over 607 frames.
LOG (gmm-acc-stats-twofeats[5.5.208~1-b0fc0]:main():gmm-acc-stats-twofeats.cc:140) Average like for this file is -45.4842 over 301 frames.
LOG (gmm-acc-stats-twofeats[5.5.208~1-b0fc0]:main():gmm-acc-stats-twofeats.cc:140) Average like for this file is -48.7889 over 219 frames.
LOG (gmm-acc-stats-twofeats[5.5.208~1-b0fc0]:main():gmm-acc-stats-twofeats.cc:140) Average like for this file is -45.4183 over 274 frames.
LOG (gmm-acc-stats-twofeats[5.5.208~1-b0fc0]:main():gmm-acc-stats-twofeats.cc:140) Average like for this file is -48.2593 over 352 frames.
LOG (gmm-acc-stats-twofeats[5.5.208~1-b0fc0]:main():gmm-acc-stats-twofeats.cc:140) Average like for this file is -45.8978 over 306 frames.
LOG (gmm-acc-stats-twofeats[5.5.208~1-b0fc0]:main():gmm-acc-stats-twofeats.cc:146) Avg like per frame so far is -46.4206
LOG (gmm-acc-stats-twofeats[5.5.208~1-b0fc0]:main():gmm-acc-stats-twofeats.cc:140) Average like for this file is -47.395 over 356 frames.
LOG (gmm-acc-stats-twofeats[5.5.208~1-b0fc0]:main():gmm-acc-stats-twofeats.cc:140) Average like for this file is -46.4012 over 402 frames.
LOG (gmm-acc-stats-twofeats[5.5.208~1-b0fc0]:main():gmm-acc-stats-twofeats.cc:140) Average like for this file is -45.718 over 255 frames.
LOG (gmm-acc-stats-twofeats[5.5.208~1-b0fc0]:main():gmm-acc-stats-twofeats.cc:140) Average like for this file is -49.0328 over 221 frames.
LOG (gmm-acc-stats-twofeats[5.5.208~1-b0fc0]:main():gmm-acc-stats-twofeats.cc:140) Average like for this file is -46.0704 over 235 frames.
LOG (gmm-acc-stats-twofeats[5.5.208~1-b0fc0]:main():gmm-acc-stats-twofeats.cc:140) Average like for this file is -45.3116 over 191 frames.
LOG (gmm-acc-stats-twofeats[5.5.208~1-b0fc0]:main():gmm-acc-stats-twofeats.cc:140) Average like for this file is -49.3977 over 206 frames.
LOG (gmm-acc-stats-twofeats[5.5.208~1-b0fc0]:main():gmm-acc-stats-twofeats.cc:140) Average like for this file is -49.1719 over 278 frames.
LOG (gmm-acc-stats-twofeats[5.5.208~1-b0fc0]:main():gmm-acc-stats-twofeats.cc:140) Average like for this file is -51.0818 over 268 frames.
LOG (gmm-acc-stats-twofeats[5.5.208~1-b0fc0]:main():gmm-acc-stats-twofeats.cc:140) Average like for this file is -45.0276 over 146 frames.
LOG (gmm-acc-stats-twofeats[5.5.208~1-b0fc0]:main():gmm-acc-stats-twofeats.cc:146) Avg like per frame so far is -46.5245
LOG (gmm-acc-stats-twofeats[5.5.208~1-b0fc0]:main():gmm-acc-stats-twofeats.cc:140) Average like for this file is -41.5774 over 178 frames.
LOG (gmm-acc-stats-twofeats[5.5.208~1-b0fc0]:main():gmm-acc-stats-twofeats.cc:140) Average like for this file is -45.1847 over 360 frames.
LOG (gmm-acc-stats-twofeats[5.5.208~1-b0fc0]:main():gmm-acc-stats-twofeats.cc:140) Average like for this file is -44.9265 over 196 frames.
LOG (gmm-acc-stats-twofeats[5.5.208~1-b0fc0]:main():gmm-acc-stats-twofeats.cc:140) Average like for this file is -47.2247 over 386 frames.
LOG (gmm-acc-stats-twofeats[5.5.208~1-b0fc0]:main():gmm-acc-stats-twofeats.cc:140) Average like for this file is -48.8329 over 377 frames.
LOG (gmm-acc-stats-twofeats[5.5.208~1-b0fc0]:main():gmm-acc-stats-twofeats.cc:140) Average like for this file is -47.4138 over 292 frames.
LOG (gmm-acc-stats-twofeats[5.5.208~1-b0fc0]:main():gmm-acc-stats-twofeats.cc:140) Average like for this file is -46.1926 over 241 frames.
LOG (gmm-acc-stats-twofeats[5.5.208~1-b0fc0]:main():gmm-acc-stats-twofeats.cc:140) Average like for this file is -46.289 over 466 frames.
LOG (gmm-acc-stats-twofeats[5.5.208~1-b0fc0]:main():gmm-acc-stats-twofeats.cc:140) Average like for this file is -41.7728 over 355 frames.
LOG (gmm-acc-stats-twofeats[5.5.208~1-b0fc0]:main():gmm-acc-stats-twofeats.cc:140) Average like for this file is -44.8609 over 311 frames.
LOG (gmm-acc-stats-twofeats[5.5.208~1-b0fc0]:main():gmm-acc-stats-twofeats.cc:146) Avg like per frame so far is -46.4377
LOG (gmm-acc-stats-twofeats[5.5.208~1-b0fc0]:main():gmm-acc-stats-twofeats.cc:140) Average like for this file is -41.8905 over 250 frames.
LOG (gmm-acc-stats-twofeats[5.5.208~1-b0fc0]:main():gmm-acc-stats-twofeats.cc:140) Average like for this file is -45.0678 over 237 frames.
LOG (gmm-acc-stats-twofeats[5.5.208~1-b0fc0]:main():gmm-acc-stats-twofeats.cc:140) Average like for this file is -45.7272 over 234 frames.
LOG (gmm-acc-stats-twofeats[5.5.208~1-b0fc0]:main():gmm-acc-stats-twofeats.cc:140) Average like for this file is -47.8118 over 260 frames.
LOG (gmm-acc-stats-twofeats[5.5.208~1-b0fc0]:main():gmm-acc-stats-twofeats.cc:140) Average like for this file is -50.5306 over 406 frames.
LOG (gmm-acc-stats-twofeats[5.5.208~1-b0fc0]:main():gmm-acc-stats-twofeats.cc:140) Average like for this file is -53.4931 over 104 frames.
LOG (ali-to-post[5.5.208~1-b0fc0]:main():ali-to-post.cc:73) Converted 120 alignments.
LOG (gmm-acc-stats-twofeats[5.5.208~1-b0fc0]:main():gmm-acc-stats-twofeats.cc:140) Average like for this file is -44.8899 over 288 frames.
LOG (gmm-acc-stats-twofeats[5.5.208~1-b0fc0]:main():gmm-acc-stats-twofeats.cc:140) Average like for this file is -46.4673 over 465 frames.
LOG (gmm-acc-stats-twofeats[5.5.208~1-b0fc0]:main():gmm-acc-stats-twofeats.cc:140) Average like for this file is -46.2746 over 326 frames.
LOG (gmm-acc-stats-twofeats[5.5.208~1-b0fc0]:main():gmm-acc-stats-twofeats.cc:140) Average like for this file is -47.8162 over 498 frames.
LOG (gmm-acc-stats-twofeats[5.5.208~1-b0fc0]:main():gmm-acc-stats-twofeats.cc:146) Avg like per frame so far is -46.4769
LOG (apply-cmvn[5.5.208~1-b0fc0]:main():apply-cmvn.cc:162) Applied cepstral mean normalization to 120 utterances, errors on 0
LOG (gmm-acc-stats-twofeats[5.5.208~1-b0fc0]:main():gmm-acc-stats-twofeats.cc:140) Average like for this file is -45.2309 over 435 frames.
LOG (gmm-acc-stats-twofeats[5.5.208~1-b0fc0]:main():gmm-acc-stats-twofeats.cc:140) Average like for this file is -48.5328 over 354 frames.
LOG (apply-cmvn[5.5.208~1-b0fc0]:main():apply-cmvn.cc:162) Applied cepstral mean normalization to 120 utterances, errors on 0
LOG (gmm-acc-stats-twofeats[5.5.208~1-b0fc0]:main():gmm-acc-stats-twofeats.cc:140) Average like for this file is -43.0554 over 352 frames.
LOG (gmm-acc-stats-twofeats[5.5.208~1-b0fc0]:main():gmm-acc-stats-twofeats.cc:140) Average like for this file is -46.3127 over 257 frames.
LOG (gmm-acc-stats-twofeats[5.5.208~1-b0fc0]:main():gmm-acc-stats-twofeats.cc:140) Average like for this file is -48.1225 over 466 frames.
LOG (gmm-acc-stats-twofeats[5.5.208~1-b0fc0]:main():gmm-acc-stats-twofeats.cc:140) Average like for this file is -45.5926 over 291 frames.
LOG (transform-feats[5.5.208~1-b0fc0]:main():transform-feats.cc:158) Overall average [pseudo-]logdet is -88.6037 over 37212 frames.
LOG (transform-feats[5.5.208~1-b0fc0]:main():transform-feats.cc:161) Applied transform to 120 utterances; 0 had errors.
LOG (gmm-acc-stats-twofeats[5.5.208~1-b0fc0]:main():gmm-acc-stats-twofeats.cc:140) Average like for this file is -44.9202 over 498 frames.
LOG (gmm-acc-stats-twofeats[5.5.208~1-b0fc0]:main():gmm-acc-stats-twofeats.cc:140) Average like for this file is -47.8685 over 203 frames.
LOG (transform-feats[5.5.208~1-b0fc0]:main():transform-feats.cc:158) Overall average logdet is 1.66844 over 37212 frames.
LOG (transform-feats[5.5.208~1-b0fc0]:main():transform-feats.cc:161) Applied transform to 120 utterances; 0 had errors.
LOG (transform-feats[5.5.208~1-b0fc0]:main():transform-feats.cc:158) Overall average [pseudo-]logdet is -88.6037 over 37212 frames.
LOG (transform-feats[5.5.208~1-b0fc0]:main():transform-feats.cc:161) Applied transform to 120 utterances; 0 had errors.
LOG (gmm-acc-stats-twofeats[5.5.208~1-b0fc0]:main():gmm-acc-stats-twofeats.cc:140) Average like for this file is -43.6346 over 262 frames.
LOG (gmm-acc-stats-twofeats[5.5.208~1-b0fc0]:main():gmm-acc-stats-twofeats.cc:140) Average like for this file is -48.6437 over 264 frames.
LOG (gmm-acc-stats-twofeats[5.5.208~1-b0fc0]:main():gmm-acc-stats-twofeats.cc:146) Avg like per frame so far is -46.4442
LOG (gmm-acc-stats-twofeats[5.5.208~1-b0fc0]:main():gmm-acc-stats-twofeats.cc:150) Done 120 files, 0 with no posteriors, 0 with no second features, 0 with other errors.
LOG (gmm-acc-stats-twofeats[5.5.208~1-b0fc0]:main():gmm-acc-stats-twofeats.cc:155) Overall avg like per frame (Gaussian only) = -46.4442 over 37212 frames.
LOG (gmm-acc-stats-twofeats[5.5.208~1-b0fc0]:main():gmm-acc-stats-twofeats.cc:163) Written accs.
# Accounting: time=0 threads=1
# Ended (code 0) at Wed Feb 27 14:33:31 +07 2019, elapsed time 0 seconds
