# ali-to-post "ark:gunzip -c exp/tri3/ali.18.gz|" ark:- | gmm-acc-stats-twofeats exp/tri3/35.mdl "ark,s,cs:apply-cmvn  --utt2spk=ark:data/train/split30/18/utt2spk scp:data/train/split30/18/cmvn.scp scp:data/train/split30/18/feats.scp ark:- | splice-feats --left-context=3 --right-context=3 ark:- ark:- | transform-feats exp/tri2_ali/final.mat ark:- ark:- | transform-feats --utt2spk=ark:data/train/split30/18/utt2spk ark:exp/tri3/trans.18 ark:- ark:- |" "ark,s,cs:apply-cmvn  --utt2spk=ark:data/train/split30/18/utt2spk scp:data/train/split30/18/cmvn.scp scp:data/train/split30/18/feats.scp ark:- | splice-feats --left-context=3 --right-context=3 ark:- ark:- | transform-feats exp/tri2_ali/final.mat ark:- ark:- |" ark,s,cs:- exp/tri3/35.18.acc 
# Started at Wed Feb 27 14:33:33 +07 2019
#
gmm-acc-stats-twofeats exp/tri3/35.mdl 'ark,s,cs:apply-cmvn  --utt2spk=ark:data/train/split30/18/utt2spk scp:data/train/split30/18/cmvn.scp scp:data/train/split30/18/feats.scp ark:- | splice-feats --left-context=3 --right-context=3 ark:- ark:- | transform-feats exp/tri2_ali/final.mat ark:- ark:- | transform-feats --utt2spk=ark:data/train/split30/18/utt2spk ark:exp/tri3/trans.18 ark:- ark:- |' 'ark,s,cs:apply-cmvn  --utt2spk=ark:data/train/split30/18/utt2spk scp:data/train/split30/18/cmvn.scp scp:data/train/split30/18/feats.scp ark:- | splice-feats --left-context=3 --right-context=3 ark:- ark:- | transform-feats exp/tri2_ali/final.mat ark:- ark:- |' ark,s,cs:- exp/tri3/35.18.acc 
ali-to-post 'ark:gunzip -c exp/tri3/ali.18.gz|' ark:- 
transform-feats exp/tri2_ali/final.mat ark:- ark:- 
splice-feats --left-context=3 --right-context=3 ark:- ark:- 
apply-cmvn --utt2spk=ark:data/train/split30/18/utt2spk scp:data/train/split30/18/cmvn.scp scp:data/train/split30/18/feats.scp ark:- 
transform-feats --utt2spk=ark:data/train/split30/18/utt2spk ark:exp/tri3/trans.18 ark:- ark:- 
splice-feats --left-context=3 --right-context=3 ark:- ark:- 
transform-feats exp/tri2_ali/final.mat ark:- ark:- 
apply-cmvn --utt2spk=ark:data/train/split30/18/utt2spk scp:data/train/split30/18/cmvn.scp scp:data/train/split30/18/feats.scp ark:- 
LOG (gmm-acc-stats-twofeats[5.5.208~1-b0fc0]:main():gmm-acc-stats-twofeats.cc:140) Average like for this file is -48.0363 over 486 frames.
LOG (gmm-acc-stats-twofeats[5.5.208~1-b0fc0]:main():gmm-acc-stats-twofeats.cc:140) Average like for this file is -47.1004 over 207 frames.
LOG (gmm-acc-stats-twofeats[5.5.208~1-b0fc0]:main():gmm-acc-stats-twofeats.cc:140) Average like for this file is -48.6783 over 358 frames.
LOG (gmm-acc-stats-twofeats[5.5.208~1-b0fc0]:main():gmm-acc-stats-twofeats.cc:140) Average like for this file is -46.4069 over 204 frames.
LOG (gmm-acc-stats-twofeats[5.5.208~1-b0fc0]:main():gmm-acc-stats-twofeats.cc:140) Average like for this file is -46.2865 over 219 frames.
LOG (gmm-acc-stats-twofeats[5.5.208~1-b0fc0]:main():gmm-acc-stats-twofeats.cc:140) Average like for this file is -46.3978 over 313 frames.
LOG (gmm-acc-stats-twofeats[5.5.208~1-b0fc0]:main():gmm-acc-stats-twofeats.cc:140) Average like for this file is -47.8485 over 371 frames.
LOG (gmm-acc-stats-twofeats[5.5.208~1-b0fc0]:main():gmm-acc-stats-twofeats.cc:140) Average like for this file is -49.9305 over 244 frames.
LOG (gmm-acc-stats-twofeats[5.5.208~1-b0fc0]:main():gmm-acc-stats-twofeats.cc:140) Average like for this file is -46.441 over 390 frames.
LOG (gmm-acc-stats-twofeats[5.5.208~1-b0fc0]:main():gmm-acc-stats-twofeats.cc:140) Average like for this file is -45.1254 over 228 frames.
LOG (gmm-acc-stats-twofeats[5.5.208~1-b0fc0]:main():gmm-acc-stats-twofeats.cc:146) Avg like per frame so far is -47.3457
LOG (gmm-acc-stats-twofeats[5.5.208~1-b0fc0]:main():gmm-acc-stats-twofeats.cc:140) Average like for this file is -45.8703 over 253 frames.
LOG (gmm-acc-stats-twofeats[5.5.208~1-b0fc0]:main():gmm-acc-stats-twofeats.cc:140) Average like for this file is -44.9353 over 370 frames.
LOG (gmm-acc-stats-twofeats[5.5.208~1-b0fc0]:main():gmm-acc-stats-twofeats.cc:140) Average like for this file is -42.6616 over 317 frames.
LOG (gmm-acc-stats-twofeats[5.5.208~1-b0fc0]:main():gmm-acc-stats-twofeats.cc:140) Average like for this file is -47.2491 over 379 frames.
LOG (gmm-acc-stats-twofeats[5.5.208~1-b0fc0]:main():gmm-acc-stats-twofeats.cc:140) Average like for this file is -45.0992 over 306 frames.
LOG (gmm-acc-stats-twofeats[5.5.208~1-b0fc0]:main():gmm-acc-stats-twofeats.cc:140) Average like for this file is -45.7083 over 212 frames.
LOG (gmm-acc-stats-twofeats[5.5.208~1-b0fc0]:main():gmm-acc-stats-twofeats.cc:140) Average like for this file is -45.9772 over 587 frames.
LOG (gmm-acc-stats-twofeats[5.5.208~1-b0fc0]:main():gmm-acc-stats-twofeats.cc:140) Average like for this file is -48.3943 over 235 frames.
LOG (gmm-acc-stats-twofeats[5.5.208~1-b0fc0]:main():gmm-acc-stats-twofeats.cc:140) Average like for this file is -48.289 over 358 frames.
LOG (gmm-acc-stats-twofeats[5.5.208~1-b0fc0]:main():gmm-acc-stats-twofeats.cc:140) Average like for this file is -46.0886 over 336 frames.
LOG (gmm-acc-stats-twofeats[5.5.208~1-b0fc0]:main():gmm-acc-stats-twofeats.cc:146) Avg like per frame so far is -46.6454
LOG (gmm-acc-stats-twofeats[5.5.208~1-b0fc0]:main():gmm-acc-stats-twofeats.cc:140) Average like for this file is -44.9959 over 377 frames.
LOG (gmm-acc-stats-twofeats[5.5.208~1-b0fc0]:main():gmm-acc-stats-twofeats.cc:140) Average like for this file is -46.6099 over 314 frames.
LOG (gmm-acc-stats-twofeats[5.5.208~1-b0fc0]:main():gmm-acc-stats-twofeats.cc:140) Average like for this file is -46.1066 over 274 frames.
LOG (gmm-acc-stats-twofeats[5.5.208~1-b0fc0]:main():gmm-acc-stats-twofeats.cc:140) Average like for this file is -48.1117 over 252 frames.
LOG (gmm-acc-stats-twofeats[5.5.208~1-b0fc0]:main():gmm-acc-stats-twofeats.cc:140) Average like for this file is -46.3865 over 489 frames.
LOG (gmm-acc-stats-twofeats[5.5.208~1-b0fc0]:main():gmm-acc-stats-twofeats.cc:140) Average like for this file is -50.6208 over 363 frames.
LOG (gmm-acc-stats-twofeats[5.5.208~1-b0fc0]:main():gmm-acc-stats-twofeats.cc:140) Average like for this file is -49.2736 over 319 frames.
LOG (gmm-acc-stats-twofeats[5.5.208~1-b0fc0]:main():gmm-acc-stats-twofeats.cc:140) Average like for this file is -50.4247 over 212 frames.
LOG (gmm-acc-stats-twofeats[5.5.208~1-b0fc0]:main():gmm-acc-stats-twofeats.cc:140) Average like for this file is -41.1649 over 201 frames.
LOG (gmm-acc-stats-twofeats[5.5.208~1-b0fc0]:main():gmm-acc-stats-twofeats.cc:140) Average like for this file is -46.7839 over 264 frames.
LOG (gmm-acc-stats-twofeats[5.5.208~1-b0fc0]:main():gmm-acc-stats-twofeats.cc:146) Avg like per frame so far is -46.8022
LOG (gmm-acc-stats-twofeats[5.5.208~1-b0fc0]:main():gmm-acc-stats-twofeats.cc:140) Average like for this file is -45.7745 over 293 frames.
LOG (gmm-acc-stats-twofeats[5.5.208~1-b0fc0]:main():gmm-acc-stats-twofeats.cc:140) Average like for this file is -47.9154 over 301 frames.
LOG (gmm-acc-stats-twofeats[5.5.208~1-b0fc0]:main():gmm-acc-stats-twofeats.cc:140) Average like for this file is -47.1702 over 395 frames.
LOG (gmm-acc-stats-twofeats[5.5.208~1-b0fc0]:main():gmm-acc-stats-twofeats.cc:140) Average like for this file is -46.243 over 306 frames.
LOG (gmm-acc-stats-twofeats[5.5.208~1-b0fc0]:main():gmm-acc-stats-twofeats.cc:140) Average like for this file is -44.2146 over 374 frames.
LOG (gmm-acc-stats-twofeats[5.5.208~1-b0fc0]:main():gmm-acc-stats-twofeats.cc:140) Average like for this file is -47.7534 over 331 frames.
LOG (gmm-acc-stats-twofeats[5.5.208~1-b0fc0]:main():gmm-acc-stats-twofeats.cc:140) Average like for this file is -45.9936 over 264 frames.
LOG (gmm-acc-stats-twofeats[5.5.208~1-b0fc0]:main():gmm-acc-stats-twofeats.cc:140) Average like for this file is -45.3532 over 354 frames.
LOG (gmm-acc-stats-twofeats[5.5.208~1-b0fc0]:main():gmm-acc-stats-twofeats.cc:140) Average like for this file is -46.5702 over 218 frames.
LOG (gmm-acc-stats-twofeats[5.5.208~1-b0fc0]:main():gmm-acc-stats-twofeats.cc:140) Average like for this file is -43.9063 over 237 frames.
LOG (gmm-acc-stats-twofeats[5.5.208~1-b0fc0]:main():gmm-acc-stats-twofeats.cc:146) Avg like per frame so far is -46.6337
LOG (gmm-acc-stats-twofeats[5.5.208~1-b0fc0]:main():gmm-acc-stats-twofeats.cc:140) Average like for this file is -46.1428 over 423 frames.
LOG (gmm-acc-stats-twofeats[5.5.208~1-b0fc0]:main():gmm-acc-stats-twofeats.cc:140) Average like for this file is -45.2887 over 215 frames.
LOG (gmm-acc-stats-twofeats[5.5.208~1-b0fc0]:main():gmm-acc-stats-twofeats.cc:140) Average like for this file is -49.9062 over 242 frames.
LOG (gmm-acc-stats-twofeats[5.5.208~1-b0fc0]:main():gmm-acc-stats-twofeats.cc:140) Average like for this file is -44.7175 over 354 frames.
LOG (gmm-acc-stats-twofeats[5.5.208~1-b0fc0]:main():gmm-acc-stats-twofeats.cc:140) Average like for this file is -45.961 over 230 frames.
LOG (gmm-acc-stats-twofeats[5.5.208~1-b0fc0]:main():gmm-acc-stats-twofeats.cc:140) Average like for this file is -45.4332 over 278 frames.
LOG (gmm-acc-stats-twofeats[5.5.208~1-b0fc0]:main():gmm-acc-stats-twofeats.cc:140) Average like for this file is -49.1905 over 244 frames.
LOG (gmm-acc-stats-twofeats[5.5.208~1-b0fc0]:main():gmm-acc-stats-twofeats.cc:140) Average like for this file is -51.1641 over 221 frames.
LOG (gmm-acc-stats-twofeats[5.5.208~1-b0fc0]:main():gmm-acc-stats-twofeats.cc:140) Average like for this file is -44.2336 over 271 frames.
LOG (gmm-acc-stats-twofeats[5.5.208~1-b0fc0]:main():gmm-acc-stats-twofeats.cc:140) Average like for this file is -43.0132 over 280 frames.
LOG (gmm-acc-stats-twofeats[5.5.208~1-b0fc0]:main():gmm-acc-stats-twofeats.cc:146) Avg like per frame so far is -46.5741
LOG (gmm-acc-stats-twofeats[5.5.208~1-b0fc0]:main():gmm-acc-stats-twofeats.cc:140) Average like for this file is -48.7731 over 399 frames.
LOG (gmm-acc-stats-twofeats[5.5.208~1-b0fc0]:main():gmm-acc-stats-twofeats.cc:140) Average like for this file is -45.7054 over 282 frames.
LOG (gmm-acc-stats-twofeats[5.5.208~1-b0fc0]:main():gmm-acc-stats-twofeats.cc:140) Average like for this file is -47.5976 over 170 frames.
LOG (gmm-acc-stats-twofeats[5.5.208~1-b0fc0]:main():gmm-acc-stats-twofeats.cc:140) Average like for this file is -42.9763 over 213 frames.
LOG (gmm-acc-stats-twofeats[5.5.208~1-b0fc0]:main():gmm-acc-stats-twofeats.cc:140) Average like for this file is -49.7309 over 312 frames.
LOG (gmm-acc-stats-twofeats[5.5.208~1-b0fc0]:main():gmm-acc-stats-twofeats.cc:140) Average like for this file is -46.173 over 277 frames.
LOG (gmm-acc-stats-twofeats[5.5.208~1-b0fc0]:main():gmm-acc-stats-twofeats.cc:140) Average like for this file is -46.7724 over 346 frames.
LOG (gmm-acc-stats-twofeats[5.5.208~1-b0fc0]:main():gmm-acc-stats-twofeats.cc:140) Average like for this file is -44.6865 over 561 frames.
LOG (gmm-acc-stats-twofeats[5.5.208~1-b0fc0]:main():gmm-acc-stats-twofeats.cc:140) Average like for this file is -45.2701 over 236 frames.
LOG (gmm-acc-stats-twofeats[5.5.208~1-b0fc0]:main():gmm-acc-stats-twofeats.cc:140) Average like for this file is -42.8134 over 264 frames.
LOG (gmm-acc-stats-twofeats[5.5.208~1-b0fc0]:main():gmm-acc-stats-twofeats.cc:146) Avg like per frame so far is -46.499
LOG (gmm-acc-stats-twofeats[5.5.208~1-b0fc0]:main():gmm-acc-stats-twofeats.cc:140) Average like for this file is -40.1023 over 235 frames.
LOG (gmm-acc-stats-twofeats[5.5.208~1-b0fc0]:main():gmm-acc-stats-twofeats.cc:140) Average like for this file is -46.5475 over 182 frames.
LOG (gmm-acc-stats-twofeats[5.5.208~1-b0fc0]:main():gmm-acc-stats-twofeats.cc:140) Average like for this file is -46.9213 over 388 frames.
LOG (gmm-acc-stats-twofeats[5.5.208~1-b0fc0]:main():gmm-acc-stats-twofeats.cc:140) Average like for this file is -45.2852 over 301 frames.
LOG (gmm-acc-stats-twofeats[5.5.208~1-b0fc0]:main():gmm-acc-stats-twofeats.cc:140) Average like for this file is -46.5618 over 294 frames.
LOG (gmm-acc-stats-twofeats[5.5.208~1-b0fc0]:main():gmm-acc-stats-twofeats.cc:140) Average like for this file is -45.2489 over 443 frames.
LOG (gmm-acc-stats-twofeats[5.5.208~1-b0fc0]:main():gmm-acc-stats-twofeats.cc:140) Average like for this file is -46.4501 over 342 frames.
LOG (gmm-acc-stats-twofeats[5.5.208~1-b0fc0]:main():gmm-acc-stats-twofeats.cc:140) Average like for this file is -45.7782 over 234 frames.
LOG (gmm-acc-stats-twofeats[5.5.208~1-b0fc0]:main():gmm-acc-stats-twofeats.cc:140) Average like for this file is -43.6144 over 236 frames.
LOG (gmm-acc-stats-twofeats[5.5.208~1-b0fc0]:main():gmm-acc-stats-twofeats.cc:140) Average like for this file is -45.3105 over 207 frames.
LOG (gmm-acc-stats-twofeats[5.5.208~1-b0fc0]:main():gmm-acc-stats-twofeats.cc:146) Avg like per frame so far is -46.3412
LOG (gmm-acc-stats-twofeats[5.5.208~1-b0fc0]:main():gmm-acc-stats-twofeats.cc:140) Average like for this file is -46.3086 over 219 frames.
LOG (gmm-acc-stats-twofeats[5.5.208~1-b0fc0]:main():gmm-acc-stats-twofeats.cc:140) Average like for this file is -46.7274 over 283 frames.
LOG (gmm-acc-stats-twofeats[5.5.208~1-b0fc0]:main():gmm-acc-stats-twofeats.cc:140) Average like for this file is -46.2666 over 226 frames.
LOG (gmm-acc-stats-twofeats[5.5.208~1-b0fc0]:main():gmm-acc-stats-twofeats.cc:140) Average like for this file is -41.855 over 97 frames.
LOG (gmm-acc-stats-twofeats[5.5.208~1-b0fc0]:main():gmm-acc-stats-twofeats.cc:140) Average like for this file is -46.4274 over 443 frames.
LOG (gmm-acc-stats-twofeats[5.5.208~1-b0fc0]:main():gmm-acc-stats-twofeats.cc:140) Average like for this file is -45.9986 over 230 frames.
LOG (gmm-acc-stats-twofeats[5.5.208~1-b0fc0]:main():gmm-acc-stats-twofeats.cc:140) Average like for this file is -45.3252 over 253 frames.
LOG (gmm-acc-stats-twofeats[5.5.208~1-b0fc0]:main():gmm-acc-stats-twofeats.cc:140) Average like for this file is -45.4223 over 251 frames.
LOG (gmm-acc-stats-twofeats[5.5.208~1-b0fc0]:main():gmm-acc-stats-twofeats.cc:140) Average like for this file is -48.7733 over 289 frames.
LOG (gmm-acc-stats-twofeats[5.5.208~1-b0fc0]:main():gmm-acc-stats-twofeats.cc:140) Average like for this file is -46.2578 over 293 frames.
LOG (gmm-acc-stats-twofeats[5.5.208~1-b0fc0]:main():gmm-acc-stats-twofeats.cc:146) Avg like per frame so far is -46.3328
LOG (gmm-acc-stats-twofeats[5.5.208~1-b0fc0]:main():gmm-acc-stats-twofeats.cc:140) Average like for this file is -47.1918 over 422 frames.
LOG (gmm-acc-stats-twofeats[5.5.208~1-b0fc0]:main():gmm-acc-stats-twofeats.cc:140) Average like for this file is -48.3367 over 207 frames.
LOG (gmm-acc-stats-twofeats[5.5.208~1-b0fc0]:main():gmm-acc-stats-twofeats.cc:140) Average like for this file is -45.6874 over 234 frames.
LOG (gmm-acc-stats-twofeats[5.5.208~1-b0fc0]:main():gmm-acc-stats-twofeats.cc:140) Average like for this file is -45.6364 over 408 frames.
LOG (gmm-acc-stats-twofeats[5.5.208~1-b0fc0]:main():gmm-acc-stats-twofeats.cc:140) Average like for this file is -49.0986 over 286 frames.
LOG (gmm-acc-stats-twofeats[5.5.208~1-b0fc0]:main():gmm-acc-stats-twofeats.cc:140) Average like for this file is -42.4954 over 233 frames.
LOG (gmm-acc-stats-twofeats[5.5.208~1-b0fc0]:main():gmm-acc-stats-twofeats.cc:140) Average like for this file is -44.8504 over 209 frames.
LOG (gmm-acc-stats-twofeats[5.5.208~1-b0fc0]:main():gmm-acc-stats-twofeats.cc:140) Average like for this file is -46.8931 over 227 frames.
LOG (gmm-acc-stats-twofeats[5.5.208~1-b0fc0]:main():gmm-acc-stats-twofeats.cc:140) Average like for this file is -45.6712 over 239 frames.
LOG (gmm-acc-stats-twofeats[5.5.208~1-b0fc0]:main():gmm-acc-stats-twofeats.cc:140) Average like for this file is -46.3014 over 405 frames.
LOG (gmm-acc-stats-twofeats[5.5.208~1-b0fc0]:main():gmm-acc-stats-twofeats.cc:146) Avg like per frame so far is -46.3285
LOG (gmm-acc-stats-twofeats[5.5.208~1-b0fc0]:main():gmm-acc-stats-twofeats.cc:140) Average like for this file is -47.9107 over 371 frames.
LOG (gmm-acc-stats-twofeats[5.5.208~1-b0fc0]:main():gmm-acc-stats-twofeats.cc:140) Average like for this file is -48.1038 over 205 frames.
LOG (gmm-acc-stats-twofeats[5.5.208~1-b0fc0]:main():gmm-acc-stats-twofeats.cc:140) Average like for this file is -47.9212 over 223 frames.
LOG (gmm-acc-stats-twofeats[5.5.208~1-b0fc0]:main():gmm-acc-stats-twofeats.cc:140) Average like for this file is -45.5177 over 197 frames.
LOG (gmm-acc-stats-twofeats[5.5.208~1-b0fc0]:main():gmm-acc-stats-twofeats.cc:140) Average like for this file is -50.2358 over 200 frames.
LOG (gmm-acc-stats-twofeats[5.5.208~1-b0fc0]:main():gmm-acc-stats-twofeats.cc:140) Average like for this file is -44.4693 over 204 frames.
LOG (gmm-acc-stats-twofeats[5.5.208~1-b0fc0]:main():gmm-acc-stats-twofeats.cc:140) Average like for this file is -46.602 over 440 frames.
LOG (gmm-acc-stats-twofeats[5.5.208~1-b0fc0]:main():gmm-acc-stats-twofeats.cc:140) Average like for this file is -46.7624 over 370 frames.
LOG (gmm-acc-stats-twofeats[5.5.208~1-b0fc0]:main():gmm-acc-stats-twofeats.cc:140) Average like for this file is -49.7749 over 277 frames.
LOG (gmm-acc-stats-twofeats[5.5.208~1-b0fc0]:main():gmm-acc-stats-twofeats.cc:140) Average like for this file is -47.7613 over 248 frames.
LOG (gmm-acc-stats-twofeats[5.5.208~1-b0fc0]:main():gmm-acc-stats-twofeats.cc:146) Avg like per frame so far is -46.4353
LOG (gmm-acc-stats-twofeats[5.5.208~1-b0fc0]:main():gmm-acc-stats-twofeats.cc:140) Average like for this file is -45.9514 over 240 frames.
LOG (gmm-acc-stats-twofeats[5.5.208~1-b0fc0]:main():gmm-acc-stats-twofeats.cc:140) Average like for this file is -49.4307 over 343 frames.
LOG (gmm-acc-stats-twofeats[5.5.208~1-b0fc0]:main():gmm-acc-stats-twofeats.cc:140) Average like for this file is -46.8474 over 308 frames.
LOG (gmm-acc-stats-twofeats[5.5.208~1-b0fc0]:main():gmm-acc-stats-twofeats.cc:140) Average like for this file is -46.082 over 305 frames.
LOG (gmm-acc-stats-twofeats[5.5.208~1-b0fc0]:main():gmm-acc-stats-twofeats.cc:140) Average like for this file is -45.0305 over 140 frames.
LOG (gmm-acc-stats-twofeats[5.5.208~1-b0fc0]:main():gmm-acc-stats-twofeats.cc:140) Average like for this file is -44.3429 over 189 frames.
LOG (gmm-acc-stats-twofeats[5.5.208~1-b0fc0]:main():gmm-acc-stats-twofeats.cc:140) Average like for this file is -44.1952 over 393 frames.
LOG (gmm-acc-stats-twofeats[5.5.208~1-b0fc0]:main():gmm-acc-stats-twofeats.cc:140) Average like for this file is -42.8169 over 219 frames.
LOG (gmm-acc-stats-twofeats[5.5.208~1-b0fc0]:main():gmm-acc-stats-twofeats.cc:140) Average like for this file is -47.4264 over 304 frames.
LOG (gmm-acc-stats-twofeats[5.5.208~1-b0fc0]:main():gmm-acc-stats-twofeats.cc:140) Average like for this file is -43.2643 over 479 frames.
LOG (gmm-acc-stats-twofeats[5.5.208~1-b0fc0]:main():gmm-acc-stats-twofeats.cc:146) Avg like per frame so far is -46.3563
LOG (gmm-acc-stats-twofeats[5.5.208~1-b0fc0]:main():gmm-acc-stats-twofeats.cc:140) Average like for this file is -45.1419 over 292 frames.
LOG (ali-to-post[5.5.208~1-b0fc0]:main():ali-to-post.cc:73) Converted 128 alignments.
LOG (gmm-acc-stats-twofeats[5.5.208~1-b0fc0]:main():gmm-acc-stats-twofeats.cc:140) Average like for this file is -48.0481 over 369 frames.
LOG (gmm-acc-stats-twofeats[5.5.208~1-b0fc0]:main():gmm-acc-stats-twofeats.cc:140) Average like for this file is -43.8387 over 281 frames.
LOG (gmm-acc-stats-twofeats[5.5.208~1-b0fc0]:main():gmm-acc-stats-twofeats.cc:140) Average like for this file is -42.7606 over 339 frames.
LOG (gmm-acc-stats-twofeats[5.5.208~1-b0fc0]:main():gmm-acc-stats-twofeats.cc:140) Average like for this file is -49.1066 over 268 frames.
LOG (gmm-acc-stats-twofeats[5.5.208~1-b0fc0]:main():gmm-acc-stats-twofeats.cc:140) Average like for this file is -47.8263 over 295 frames.
LOG (gmm-acc-stats-twofeats[5.5.208~1-b0fc0]:main():gmm-acc-stats-twofeats.cc:140) Average like for this file is -45.5778 over 234 frames.
LOG (gmm-acc-stats-twofeats[5.5.208~1-b0fc0]:main():gmm-acc-stats-twofeats.cc:140) Average like for this file is -43.5923 over 413 frames.
LOG (apply-cmvn[5.5.208~1-b0fc0]:main():apply-cmvn.cc:162) Applied cepstral mean normalization to 128 utterances, errors on 0
LOG (gmm-acc-stats-twofeats[5.5.208~1-b0fc0]:main():gmm-acc-stats-twofeats.cc:140) Average like for this file is -44.31 over 330 frames.
LOG (gmm-acc-stats-twofeats[5.5.208~1-b0fc0]:main():gmm-acc-stats-twofeats.cc:140) Average like for this file is -47.1522 over 231 frames.
LOG (gmm-acc-stats-twofeats[5.5.208~1-b0fc0]:main():gmm-acc-stats-twofeats.cc:146) Avg like per frame so far is -46.2912
LOG (apply-cmvn[5.5.208~1-b0fc0]:main():apply-cmvn.cc:162) Applied cepstral mean normalization to 128 utterances, errors on 0
LOG (gmm-acc-stats-twofeats[5.5.208~1-b0fc0]:main():gmm-acc-stats-twofeats.cc:140) Average like for this file is -47.7317 over 326 frames.
LOG (gmm-acc-stats-twofeats[5.5.208~1-b0fc0]:main():gmm-acc-stats-twofeats.cc:140) Average like for this file is -43.6714 over 140 frames.
LOG (gmm-acc-stats-twofeats[5.5.208~1-b0fc0]:main():gmm-acc-stats-twofeats.cc:140) Average like for this file is -48.6958 over 458 frames.
LOG (gmm-acc-stats-twofeats[5.5.208~1-b0fc0]:main():gmm-acc-stats-twofeats.cc:140) Average like for this file is -45.8616 over 234 frames.
LOG (transform-feats[5.5.208~1-b0fc0]:main():transform-feats.cc:158) Overall average [pseudo-]logdet is -88.6037 over 37788 frames.
LOG (transform-feats[5.5.208~1-b0fc0]:main():transform-feats.cc:161) Applied transform to 128 utterances; 0 had errors.
LOG (gmm-acc-stats-twofeats[5.5.208~1-b0fc0]:main():gmm-acc-stats-twofeats.cc:140) Average like for this file is -42.3736 over 192 frames.
LOG (gmm-acc-stats-twofeats[5.5.208~1-b0fc0]:main():gmm-acc-stats-twofeats.cc:140) Average like for this file is -47.5585 over 374 frames.
LOG (transform-feats[5.5.208~1-b0fc0]:main():transform-feats.cc:158) Overall average logdet is 2.20766 over 37788 frames.
LOG (transform-feats[5.5.208~1-b0fc0]:main():transform-feats.cc:161) Applied transform to 128 utterances; 0 had errors.
LOG (transform-feats[5.5.208~1-b0fc0]:main():transform-feats.cc:158) Overall average [pseudo-]logdet is -88.6037 over 37788 frames.
LOG (transform-feats[5.5.208~1-b0fc0]:main():transform-feats.cc:161) Applied transform to 128 utterances; 0 had errors.
LOG (gmm-acc-stats-twofeats[5.5.208~1-b0fc0]:main():gmm-acc-stats-twofeats.cc:140) Average like for this file is -48.7495 over 433 frames.
LOG (gmm-acc-stats-twofeats[5.5.208~1-b0fc0]:main():gmm-acc-stats-twofeats.cc:140) Average like for this file is -48.1053 over 279 frames.
LOG (gmm-acc-stats-twofeats[5.5.208~1-b0fc0]:main():gmm-acc-stats-twofeats.cc:150) Done 128 files, 0 with no posteriors, 0 with no second features, 0 with other errors.
LOG (gmm-acc-stats-twofeats[5.5.208~1-b0fc0]:main():gmm-acc-stats-twofeats.cc:155) Overall avg like per frame (Gaussian only) = -46.3546 over 37788 frames.
LOG (gmm-acc-stats-twofeats[5.5.208~1-b0fc0]:main():gmm-acc-stats-twofeats.cc:163) Written accs.
# Accounting: time=1 threads=1
# Ended (code 0) at Wed Feb 27 14:33:34 +07 2019, elapsed time 1 seconds
