# ali-to-post "ark:gunzip -c exp/tri3/ali.10.gz|" ark:- | gmm-acc-stats-twofeats exp/tri3/35.mdl "ark,s,cs:apply-cmvn  --utt2spk=ark:data/train/split30/10/utt2spk scp:data/train/split30/10/cmvn.scp scp:data/train/split30/10/feats.scp ark:- | splice-feats --left-context=3 --right-context=3 ark:- ark:- | transform-feats exp/tri2_ali/final.mat ark:- ark:- | transform-feats --utt2spk=ark:data/train/split30/10/utt2spk ark:exp/tri3/trans.10 ark:- ark:- |" "ark,s,cs:apply-cmvn  --utt2spk=ark:data/train/split30/10/utt2spk scp:data/train/split30/10/cmvn.scp scp:data/train/split30/10/feats.scp ark:- | splice-feats --left-context=3 --right-context=3 ark:- ark:- | transform-feats exp/tri2_ali/final.mat ark:- ark:- |" ark,s,cs:- exp/tri3/35.10.acc 
# Started at Wed Feb 27 14:33:31 +07 2019
#
gmm-acc-stats-twofeats exp/tri3/35.mdl 'ark,s,cs:apply-cmvn  --utt2spk=ark:data/train/split30/10/utt2spk scp:data/train/split30/10/cmvn.scp scp:data/train/split30/10/feats.scp ark:- | splice-feats --left-context=3 --right-context=3 ark:- ark:- | transform-feats exp/tri2_ali/final.mat ark:- ark:- | transform-feats --utt2spk=ark:data/train/split30/10/utt2spk ark:exp/tri3/trans.10 ark:- ark:- |' 'ark,s,cs:apply-cmvn  --utt2spk=ark:data/train/split30/10/utt2spk scp:data/train/split30/10/cmvn.scp scp:data/train/split30/10/feats.scp ark:- | splice-feats --left-context=3 --right-context=3 ark:- ark:- | transform-feats exp/tri2_ali/final.mat ark:- ark:- |' ark,s,cs:- exp/tri3/35.10.acc 
ali-to-post 'ark:gunzip -c exp/tri3/ali.10.gz|' ark:- 
transform-feats --utt2spk=ark:data/train/split30/10/utt2spk ark:exp/tri3/trans.10 ark:- ark:- 
transform-feats exp/tri2_ali/final.mat ark:- ark:- 
splice-feats --left-context=3 --right-context=3 ark:- ark:- 
apply-cmvn --utt2spk=ark:data/train/split30/10/utt2spk scp:data/train/split30/10/cmvn.scp scp:data/train/split30/10/feats.scp ark:- 
apply-cmvn --utt2spk=ark:data/train/split30/10/utt2spk scp:data/train/split30/10/cmvn.scp scp:data/train/split30/10/feats.scp ark:- 
transform-feats exp/tri2_ali/final.mat ark:- ark:- 
splice-feats --left-context=3 --right-context=3 ark:- ark:- 
LOG (gmm-acc-stats-twofeats[5.5.208~1-b0fc0]:main():gmm-acc-stats-twofeats.cc:140) Average like for this file is -44.1087 over 408 frames.
LOG (gmm-acc-stats-twofeats[5.5.208~1-b0fc0]:main():gmm-acc-stats-twofeats.cc:140) Average like for this file is -48.1537 over 253 frames.
LOG (gmm-acc-stats-twofeats[5.5.208~1-b0fc0]:main():gmm-acc-stats-twofeats.cc:140) Average like for this file is -47.4948 over 326 frames.
LOG (gmm-acc-stats-twofeats[5.5.208~1-b0fc0]:main():gmm-acc-stats-twofeats.cc:140) Average like for this file is -48.1133 over 274 frames.
LOG (gmm-acc-stats-twofeats[5.5.208~1-b0fc0]:main():gmm-acc-stats-twofeats.cc:140) Average like for this file is -49.3612 over 254 frames.
LOG (gmm-acc-stats-twofeats[5.5.208~1-b0fc0]:main():gmm-acc-stats-twofeats.cc:140) Average like for this file is -45.9899 over 288 frames.
LOG (gmm-acc-stats-twofeats[5.5.208~1-b0fc0]:main():gmm-acc-stats-twofeats.cc:140) Average like for this file is -46.3888 over 308 frames.
LOG (gmm-acc-stats-twofeats[5.5.208~1-b0fc0]:main():gmm-acc-stats-twofeats.cc:140) Average like for this file is -47.473 over 193 frames.
LOG (gmm-acc-stats-twofeats[5.5.208~1-b0fc0]:main():gmm-acc-stats-twofeats.cc:140) Average like for this file is -43.8536 over 414 frames.
LOG (gmm-acc-stats-twofeats[5.5.208~1-b0fc0]:main():gmm-acc-stats-twofeats.cc:140) Average like for this file is -46.2486 over 274 frames.
LOG (gmm-acc-stats-twofeats[5.5.208~1-b0fc0]:main():gmm-acc-stats-twofeats.cc:146) Avg like per frame so far is -46.4258
LOG (gmm-acc-stats-twofeats[5.5.208~1-b0fc0]:main():gmm-acc-stats-twofeats.cc:140) Average like for this file is -49.4108 over 243 frames.
LOG (gmm-acc-stats-twofeats[5.5.208~1-b0fc0]:main():gmm-acc-stats-twofeats.cc:140) Average like for this file is -47.3582 over 270 frames.
LOG (gmm-acc-stats-twofeats[5.5.208~1-b0fc0]:main():gmm-acc-stats-twofeats.cc:140) Average like for this file is -46.3134 over 201 frames.
LOG (gmm-acc-stats-twofeats[5.5.208~1-b0fc0]:main():gmm-acc-stats-twofeats.cc:140) Average like for this file is -46.6737 over 378 frames.
LOG (gmm-acc-stats-twofeats[5.5.208~1-b0fc0]:main():gmm-acc-stats-twofeats.cc:140) Average like for this file is -44.7445 over 357 frames.
LOG (gmm-acc-stats-twofeats[5.5.208~1-b0fc0]:main():gmm-acc-stats-twofeats.cc:140) Average like for this file is -44.7985 over 221 frames.
LOG (gmm-acc-stats-twofeats[5.5.208~1-b0fc0]:main():gmm-acc-stats-twofeats.cc:140) Average like for this file is -44.3004 over 148 frames.
LOG (gmm-acc-stats-twofeats[5.5.208~1-b0fc0]:main():gmm-acc-stats-twofeats.cc:140) Average like for this file is -45.1584 over 109 frames.
LOG (gmm-acc-stats-twofeats[5.5.208~1-b0fc0]:main():gmm-acc-stats-twofeats.cc:140) Average like for this file is -46.1528 over 393 frames.
LOG (gmm-acc-stats-twofeats[5.5.208~1-b0fc0]:main():gmm-acc-stats-twofeats.cc:140) Average like for this file is -41.4825 over 276 frames.
LOG (gmm-acc-stats-twofeats[5.5.208~1-b0fc0]:main():gmm-acc-stats-twofeats.cc:146) Avg like per frame so far is -46.0972
LOG (gmm-acc-stats-twofeats[5.5.208~1-b0fc0]:main():gmm-acc-stats-twofeats.cc:140) Average like for this file is -47.1926 over 284 frames.
LOG (gmm-acc-stats-twofeats[5.5.208~1-b0fc0]:main():gmm-acc-stats-twofeats.cc:140) Average like for this file is -43.439 over 300 frames.
LOG (gmm-acc-stats-twofeats[5.5.208~1-b0fc0]:main():gmm-acc-stats-twofeats.cc:140) Average like for this file is -49.669 over 237 frames.
LOG (gmm-acc-stats-twofeats[5.5.208~1-b0fc0]:main():gmm-acc-stats-twofeats.cc:140) Average like for this file is -45.7839 over 223 frames.
LOG (gmm-acc-stats-twofeats[5.5.208~1-b0fc0]:main():gmm-acc-stats-twofeats.cc:140) Average like for this file is -46.714 over 230 frames.
LOG (gmm-acc-stats-twofeats[5.5.208~1-b0fc0]:main():gmm-acc-stats-twofeats.cc:140) Average like for this file is -48.9997 over 433 frames.
LOG (gmm-acc-stats-twofeats[5.5.208~1-b0fc0]:main():gmm-acc-stats-twofeats.cc:140) Average like for this file is -49.3897 over 322 frames.
LOG (gmm-acc-stats-twofeats[5.5.208~1-b0fc0]:main():gmm-acc-stats-twofeats.cc:140) Average like for this file is -49.9942 over 426 frames.
LOG (gmm-acc-stats-twofeats[5.5.208~1-b0fc0]:main():gmm-acc-stats-twofeats.cc:140) Average like for this file is -49.8084 over 325 frames.
LOG (gmm-acc-stats-twofeats[5.5.208~1-b0fc0]:main():gmm-acc-stats-twofeats.cc:140) Average like for this file is -49.8047 over 301 frames.
LOG (gmm-acc-stats-twofeats[5.5.208~1-b0fc0]:main():gmm-acc-stats-twofeats.cc:146) Avg like per frame so far is -46.8737
LOG (gmm-acc-stats-twofeats[5.5.208~1-b0fc0]:main():gmm-acc-stats-twofeats.cc:140) Average like for this file is -47.4209 over 320 frames.
LOG (gmm-acc-stats-twofeats[5.5.208~1-b0fc0]:main():gmm-acc-stats-twofeats.cc:140) Average like for this file is -49.7462 over 370 frames.
LOG (gmm-acc-stats-twofeats[5.5.208~1-b0fc0]:main():gmm-acc-stats-twofeats.cc:140) Average like for this file is -44.6728 over 603 frames.
LOG (gmm-acc-stats-twofeats[5.5.208~1-b0fc0]:main():gmm-acc-stats-twofeats.cc:140) Average like for this file is -44.5322 over 303 frames.
LOG (gmm-acc-stats-twofeats[5.5.208~1-b0fc0]:main():gmm-acc-stats-twofeats.cc:140) Average like for this file is -44.0313 over 511 frames.
LOG (gmm-acc-stats-twofeats[5.5.208~1-b0fc0]:main():gmm-acc-stats-twofeats.cc:140) Average like for this file is -43.2705 over 408 frames.
LOG (gmm-acc-stats-twofeats[5.5.208~1-b0fc0]:main():gmm-acc-stats-twofeats.cc:140) Average like for this file is -45.8239 over 282 frames.
LOG (gmm-acc-stats-twofeats[5.5.208~1-b0fc0]:main():gmm-acc-stats-twofeats.cc:140) Average like for this file is -39.9344 over 249 frames.
LOG (gmm-acc-stats-twofeats[5.5.208~1-b0fc0]:main():gmm-acc-stats-twofeats.cc:140) Average like for this file is -49.0805 over 260 frames.
LOG (gmm-acc-stats-twofeats[5.5.208~1-b0fc0]:main():gmm-acc-stats-twofeats.cc:140) Average like for this file is -46.7148 over 245 frames.
LOG (gmm-acc-stats-twofeats[5.5.208~1-b0fc0]:main():gmm-acc-stats-twofeats.cc:146) Avg like per frame so far is -46.4473
LOG (gmm-acc-stats-twofeats[5.5.208~1-b0fc0]:main():gmm-acc-stats-twofeats.cc:140) Average like for this file is -47.4354 over 214 frames.
LOG (gmm-acc-stats-twofeats[5.5.208~1-b0fc0]:main():gmm-acc-stats-twofeats.cc:140) Average like for this file is -48.0799 over 296 frames.
LOG (gmm-acc-stats-twofeats[5.5.208~1-b0fc0]:main():gmm-acc-stats-twofeats.cc:140) Average like for this file is -47.0513 over 203 frames.
LOG (gmm-acc-stats-twofeats[5.5.208~1-b0fc0]:main():gmm-acc-stats-twofeats.cc:140) Average like for this file is -46.6418 over 174 frames.
LOG (gmm-acc-stats-twofeats[5.5.208~1-b0fc0]:main():gmm-acc-stats-twofeats.cc:140) Average like for this file is -48.962 over 162 frames.
LOG (gmm-acc-stats-twofeats[5.5.208~1-b0fc0]:main():gmm-acc-stats-twofeats.cc:140) Average like for this file is -46.1423 over 272 frames.
LOG (gmm-acc-stats-twofeats[5.5.208~1-b0fc0]:main():gmm-acc-stats-twofeats.cc:140) Average like for this file is -49.1242 over 262 frames.
LOG (gmm-acc-stats-twofeats[5.5.208~1-b0fc0]:main():gmm-acc-stats-twofeats.cc:140) Average like for this file is -50.0615 over 211 frames.
LOG (gmm-acc-stats-twofeats[5.5.208~1-b0fc0]:main():gmm-acc-stats-twofeats.cc:140) Average like for this file is -46.7315 over 485 frames.
LOG (gmm-acc-stats-twofeats[5.5.208~1-b0fc0]:main():gmm-acc-stats-twofeats.cc:140) Average like for this file is -48.0589 over 272 frames.
LOG (gmm-acc-stats-twofeats[5.5.208~1-b0fc0]:main():gmm-acc-stats-twofeats.cc:146) Avg like per frame so far is -46.665
LOG (gmm-acc-stats-twofeats[5.5.208~1-b0fc0]:main():gmm-acc-stats-twofeats.cc:140) Average like for this file is -46.3987 over 449 frames.
LOG (gmm-acc-stats-twofeats[5.5.208~1-b0fc0]:main():gmm-acc-stats-twofeats.cc:140) Average like for this file is -45.8761 over 370 frames.
LOG (gmm-acc-stats-twofeats[5.5.208~1-b0fc0]:main():gmm-acc-stats-twofeats.cc:140) Average like for this file is -45.1638 over 306 frames.
LOG (gmm-acc-stats-twofeats[5.5.208~1-b0fc0]:main():gmm-acc-stats-twofeats.cc:140) Average like for this file is -43.6006 over 237 frames.
LOG (gmm-acc-stats-twofeats[5.5.208~1-b0fc0]:main():gmm-acc-stats-twofeats.cc:140) Average like for this file is -47.4918 over 241 frames.
LOG (gmm-acc-stats-twofeats[5.5.208~1-b0fc0]:main():gmm-acc-stats-twofeats.cc:140) Average like for this file is -44.2243 over 262 frames.
LOG (gmm-acc-stats-twofeats[5.5.208~1-b0fc0]:main():gmm-acc-stats-twofeats.cc:140) Average like for this file is -43.3592 over 141 frames.
LOG (gmm-acc-stats-twofeats[5.5.208~1-b0fc0]:main():gmm-acc-stats-twofeats.cc:140) Average like for this file is -45.7637 over 217 frames.
LOG (gmm-acc-stats-twofeats[5.5.208~1-b0fc0]:main():gmm-acc-stats-twofeats.cc:140) Average like for this file is -47.9852 over 340 frames.
LOG (gmm-acc-stats-twofeats[5.5.208~1-b0fc0]:main():gmm-acc-stats-twofeats.cc:140) Average like for this file is -47.9418 over 230 frames.
LOG (gmm-acc-stats-twofeats[5.5.208~1-b0fc0]:main():gmm-acc-stats-twofeats.cc:146) Avg like per frame so far is -46.5536
LOG (gmm-acc-stats-twofeats[5.5.208~1-b0fc0]:main():gmm-acc-stats-twofeats.cc:140) Average like for this file is -43.5327 over 232 frames.
LOG (gmm-acc-stats-twofeats[5.5.208~1-b0fc0]:main():gmm-acc-stats-twofeats.cc:140) Average like for this file is -42.2585 over 216 frames.
LOG (gmm-acc-stats-twofeats[5.5.208~1-b0fc0]:main():gmm-acc-stats-twofeats.cc:140) Average like for this file is -44.8614 over 285 frames.
LOG (gmm-acc-stats-twofeats[5.5.208~1-b0fc0]:main():gmm-acc-stats-twofeats.cc:140) Average like for this file is -45.5332 over 260 frames.
LOG (gmm-acc-stats-twofeats[5.5.208~1-b0fc0]:main():gmm-acc-stats-twofeats.cc:140) Average like for this file is -44.9644 over 287 frames.
LOG (gmm-acc-stats-twofeats[5.5.208~1-b0fc0]:main():gmm-acc-stats-twofeats.cc:140) Average like for this file is -47.1079 over 209 frames.
LOG (gmm-acc-stats-twofeats[5.5.208~1-b0fc0]:main():gmm-acc-stats-twofeats.cc:140) Average like for this file is -45.1299 over 239 frames.
LOG (gmm-acc-stats-twofeats[5.5.208~1-b0fc0]:main():gmm-acc-stats-twofeats.cc:140) Average like for this file is -46.6382 over 292 frames.
LOG (gmm-acc-stats-twofeats[5.5.208~1-b0fc0]:main():gmm-acc-stats-twofeats.cc:140) Average like for this file is -36.5166 over 265 frames.
LOG (gmm-acc-stats-twofeats[5.5.208~1-b0fc0]:main():gmm-acc-stats-twofeats.cc:140) Average like for this file is -47.4135 over 433 frames.
LOG (gmm-acc-stats-twofeats[5.5.208~1-b0fc0]:main():gmm-acc-stats-twofeats.cc:146) Avg like per frame so far is -46.2914
LOG (gmm-acc-stats-twofeats[5.5.208~1-b0fc0]:main():gmm-acc-stats-twofeats.cc:140) Average like for this file is -47.4657 over 511 frames.
LOG (gmm-acc-stats-twofeats[5.5.208~1-b0fc0]:main():gmm-acc-stats-twofeats.cc:140) Average like for this file is -44.4106 over 292 frames.
LOG (gmm-acc-stats-twofeats[5.5.208~1-b0fc0]:main():gmm-acc-stats-twofeats.cc:140) Average like for this file is -46.0375 over 383 frames.
LOG (gmm-acc-stats-twofeats[5.5.208~1-b0fc0]:main():gmm-acc-stats-twofeats.cc:140) Average like for this file is -49.2957 over 118 frames.
LOG (gmm-acc-stats-twofeats[5.5.208~1-b0fc0]:main():gmm-acc-stats-twofeats.cc:140) Average like for this file is -45.3575 over 356 frames.
LOG (gmm-acc-stats-twofeats[5.5.208~1-b0fc0]:main():gmm-acc-stats-twofeats.cc:140) Average like for this file is -46.4913 over 370 frames.
LOG (gmm-acc-stats-twofeats[5.5.208~1-b0fc0]:main():gmm-acc-stats-twofeats.cc:140) Average like for this file is -46.8356 over 300 frames.
LOG (gmm-acc-stats-twofeats[5.5.208~1-b0fc0]:main():gmm-acc-stats-twofeats.cc:140) Average like for this file is -46.6439 over 347 frames.
LOG (gmm-acc-stats-twofeats[5.5.208~1-b0fc0]:main():gmm-acc-stats-twofeats.cc:140) Average like for this file is -45.4037 over 291 frames.
LOG (gmm-acc-stats-twofeats[5.5.208~1-b0fc0]:main():gmm-acc-stats-twofeats.cc:140) Average like for this file is -46.717 over 188 frames.
LOG (gmm-acc-stats-twofeats[5.5.208~1-b0fc0]:main():gmm-acc-stats-twofeats.cc:146) Avg like per frame so far is -46.2981
LOG (gmm-acc-stats-twofeats[5.5.208~1-b0fc0]:main():gmm-acc-stats-twofeats.cc:140) Average like for this file is -49.4522 over 446 frames.
LOG (gmm-acc-stats-twofeats[5.5.208~1-b0fc0]:main():gmm-acc-stats-twofeats.cc:140) Average like for this file is -48.5032 over 251 frames.
LOG (gmm-acc-stats-twofeats[5.5.208~1-b0fc0]:main():gmm-acc-stats-twofeats.cc:140) Average like for this file is -45.6624 over 191 frames.
LOG (gmm-acc-stats-twofeats[5.5.208~1-b0fc0]:main():gmm-acc-stats-twofeats.cc:140) Average like for this file is -46.4688 over 309 frames.
LOG (gmm-acc-stats-twofeats[5.5.208~1-b0fc0]:main():gmm-acc-stats-twofeats.cc:140) Average like for this file is -43.5603 over 225 frames.
LOG (gmm-acc-stats-twofeats[5.5.208~1-b0fc0]:main():gmm-acc-stats-twofeats.cc:140) Average like for this file is -46.4841 over 429 frames.
LOG (gmm-acc-stats-twofeats[5.5.208~1-b0fc0]:main():gmm-acc-stats-twofeats.cc:140) Average like for this file is -43.1118 over 189 frames.
LOG (gmm-acc-stats-twofeats[5.5.208~1-b0fc0]:main():gmm-acc-stats-twofeats.cc:140) Average like for this file is -46.4876 over 216 frames.
LOG (gmm-acc-stats-twofeats[5.5.208~1-b0fc0]:main():gmm-acc-stats-twofeats.cc:140) Average like for this file is -45.4928 over 265 frames.
LOG (gmm-acc-stats-twofeats[5.5.208~1-b0fc0]:main():gmm-acc-stats-twofeats.cc:140) Average like for this file is -47.4048 over 170 frames.
LOG (gmm-acc-stats-twofeats[5.5.208~1-b0fc0]:main():gmm-acc-stats-twofeats.cc:146) Avg like per frame so far is -46.3275
LOG (gmm-acc-stats-twofeats[5.5.208~1-b0fc0]:main():gmm-acc-stats-twofeats.cc:140) Average like for this file is -46.1139 over 401 frames.
LOG (gmm-acc-stats-twofeats[5.5.208~1-b0fc0]:main():gmm-acc-stats-twofeats.cc:140) Average like for this file is -51.2759 over 283 frames.
LOG (gmm-acc-stats-twofeats[5.5.208~1-b0fc0]:main():gmm-acc-stats-twofeats.cc:140) Average like for this file is -41.8588 over 166 frames.
LOG (gmm-acc-stats-twofeats[5.5.208~1-b0fc0]:main():gmm-acc-stats-twofeats.cc:140) Average like for this file is -47.8728 over 435 frames.
LOG (gmm-acc-stats-twofeats[5.5.208~1-b0fc0]:main():gmm-acc-stats-twofeats.cc:140) Average like for this file is -44.8115 over 271 frames.
LOG (gmm-acc-stats-twofeats[5.5.208~1-b0fc0]:main():gmm-acc-stats-twofeats.cc:140) Average like for this file is -43.5196 over 253 frames.
LOG (gmm-acc-stats-twofeats[5.5.208~1-b0fc0]:main():gmm-acc-stats-twofeats.cc:140) Average like for this file is -46.9591 over 325 frames.
LOG (gmm-acc-stats-twofeats[5.5.208~1-b0fc0]:main():gmm-acc-stats-twofeats.cc:140) Average like for this file is -45.3034 over 233 frames.
LOG (gmm-acc-stats-twofeats[5.5.208~1-b0fc0]:main():gmm-acc-stats-twofeats.cc:140) Average like for this file is -47.1789 over 385 frames.
LOG (gmm-acc-stats-twofeats[5.5.208~1-b0fc0]:main():gmm-acc-stats-twofeats.cc:140) Average like for this file is -49.2007 over 209 frames.
LOG (gmm-acc-stats-twofeats[5.5.208~1-b0fc0]:main():gmm-acc-stats-twofeats.cc:146) Avg like per frame so far is -46.3625
LOG (gmm-acc-stats-twofeats[5.5.208~1-b0fc0]:main():gmm-acc-stats-twofeats.cc:140) Average like for this file is -49.4386 over 232 frames.
LOG (gmm-acc-stats-twofeats[5.5.208~1-b0fc0]:main():gmm-acc-stats-twofeats.cc:140) Average like for this file is -46.6702 over 162 frames.
LOG (gmm-acc-stats-twofeats[5.5.208~1-b0fc0]:main():gmm-acc-stats-twofeats.cc:140) Average like for this file is -47.1438 over 212 frames.
LOG (gmm-acc-stats-twofeats[5.5.208~1-b0fc0]:main():gmm-acc-stats-twofeats.cc:140) Average like for this file is -46.7096 over 189 frames.
LOG (ali-to-post[5.5.208~1-b0fc0]:main():ali-to-post.cc:73) Converted 120 alignments.
LOG (gmm-acc-stats-twofeats[5.5.208~1-b0fc0]:main():gmm-acc-stats-twofeats.cc:140) Average like for this file is -46.39 over 168 frames.
LOG (gmm-acc-stats-twofeats[5.5.208~1-b0fc0]:main():gmm-acc-stats-twofeats.cc:140) Average like for this file is -45.4489 over 474 frames.
LOG (gmm-acc-stats-twofeats[5.5.208~1-b0fc0]:main():gmm-acc-stats-twofeats.cc:140) Average like for this file is -43.6595 over 314 frames.
LOG (gmm-acc-stats-twofeats[5.5.208~1-b0fc0]:main():gmm-acc-stats-twofeats.cc:140) Average like for this file is -43.7805 over 453 frames.
LOG (gmm-acc-stats-twofeats[5.5.208~1-b0fc0]:main():gmm-acc-stats-twofeats.cc:140) Average like for this file is -45.7684 over 232 frames.
LOG (apply-cmvn[5.5.208~1-b0fc0]:main():apply-cmvn.cc:162) Applied cepstral mean normalization to 120 utterances, errors on 0
LOG (gmm-acc-stats-twofeats[5.5.208~1-b0fc0]:main():gmm-acc-stats-twofeats.cc:140) Average like for this file is -45.2714 over 400 frames.
LOG (gmm-acc-stats-twofeats[5.5.208~1-b0fc0]:main():gmm-acc-stats-twofeats.cc:146) Avg like per frame so far is -46.299
LOG (gmm-acc-stats-twofeats[5.5.208~1-b0fc0]:main():gmm-acc-stats-twofeats.cc:140) Average like for this file is -50.2587 over 269 frames.
LOG (apply-cmvn[5.5.208~1-b0fc0]:main():apply-cmvn.cc:162) Applied cepstral mean normalization to 120 utterances, errors on 0
LOG (gmm-acc-stats-twofeats[5.5.208~1-b0fc0]:main():gmm-acc-stats-twofeats.cc:140) Average like for this file is -47.7957 over 275 frames.
LOG (gmm-acc-stats-twofeats[5.5.208~1-b0fc0]:main():gmm-acc-stats-twofeats.cc:140) Average like for this file is -45.6773 over 284 frames.
LOG (gmm-acc-stats-twofeats[5.5.208~1-b0fc0]:main():gmm-acc-stats-twofeats.cc:140) Average like for this file is -44.2298 over 225 frames.
LOG (gmm-acc-stats-twofeats[5.5.208~1-b0fc0]:main():gmm-acc-stats-twofeats.cc:140) Average like for this file is -47.8363 over 319 frames.
LOG (gmm-acc-stats-twofeats[5.5.208~1-b0fc0]:main():gmm-acc-stats-twofeats.cc:140) Average like for this file is -46.7764 over 318 frames.
LOG (transform-feats[5.5.208~1-b0fc0]:main():transform-feats.cc:158) Overall average [pseudo-]logdet is -88.6037 over 34672 frames.
LOG (transform-feats[5.5.208~1-b0fc0]:main():transform-feats.cc:161) Applied transform to 120 utterances; 0 had errors.
LOG (gmm-acc-stats-twofeats[5.5.208~1-b0fc0]:main():gmm-acc-stats-twofeats.cc:140) Average like for this file is -46.6764 over 168 frames.
LOG (gmm-acc-stats-twofeats[5.5.208~1-b0fc0]:main():gmm-acc-stats-twofeats.cc:140) Average like for this file is -48.5869 over 360 frames.
LOG (transform-feats[5.5.208~1-b0fc0]:main():transform-feats.cc:158) Overall average logdet is 2.77533 over 34672 frames.
LOG (transform-feats[5.5.208~1-b0fc0]:main():transform-feats.cc:161) Applied transform to 120 utterances; 0 had errors.
LOG (transform-feats[5.5.208~1-b0fc0]:main():transform-feats.cc:158) Overall average [pseudo-]logdet is -88.6037 over 34672 frames.
LOG (transform-feats[5.5.208~1-b0fc0]:main():transform-feats.cc:161) Applied transform to 120 utterances; 0 had errors.
LOG (gmm-acc-stats-twofeats[5.5.208~1-b0fc0]:main():gmm-acc-stats-twofeats.cc:140) Average like for this file is -46.8013 over 289 frames.
LOG (gmm-acc-stats-twofeats[5.5.208~1-b0fc0]:main():gmm-acc-stats-twofeats.cc:140) Average like for this file is -46.8367 over 239 frames.
LOG (gmm-acc-stats-twofeats[5.5.208~1-b0fc0]:main():gmm-acc-stats-twofeats.cc:146) Avg like per frame so far is -46.3751
LOG (gmm-acc-stats-twofeats[5.5.208~1-b0fc0]:main():gmm-acc-stats-twofeats.cc:150) Done 120 files, 0 with no posteriors, 0 with no second features, 0 with other errors.
LOG (gmm-acc-stats-twofeats[5.5.208~1-b0fc0]:main():gmm-acc-stats-twofeats.cc:155) Overall avg like per frame (Gaussian only) = -46.3751 over 34672 frames.
LOG (gmm-acc-stats-twofeats[5.5.208~1-b0fc0]:main():gmm-acc-stats-twofeats.cc:163) Written accs.
# Accounting: time=1 threads=1
# Ended (code 0) at Wed Feb 27 14:33:32 +07 2019, elapsed time 1 seconds
