# ali-to-post "ark:gunzip -c exp/tri3/ali.11.gz|" ark:- | gmm-acc-stats-twofeats exp/tri3/35.mdl "ark,s,cs:apply-cmvn  --utt2spk=ark:data/train/split30/11/utt2spk scp:data/train/split30/11/cmvn.scp scp:data/train/split30/11/feats.scp ark:- | splice-feats --left-context=3 --right-context=3 ark:- ark:- | transform-feats exp/tri2_ali/final.mat ark:- ark:- | transform-feats --utt2spk=ark:data/train/split30/11/utt2spk ark:exp/tri3/trans.11 ark:- ark:- |" "ark,s,cs:apply-cmvn  --utt2spk=ark:data/train/split30/11/utt2spk scp:data/train/split30/11/cmvn.scp scp:data/train/split30/11/feats.scp ark:- | splice-feats --left-context=3 --right-context=3 ark:- ark:- | transform-feats exp/tri2_ali/final.mat ark:- ark:- |" ark,s,cs:- exp/tri3/35.11.acc 
# Started at Wed Feb 27 14:33:31 +07 2019
#
gmm-acc-stats-twofeats exp/tri3/35.mdl 'ark,s,cs:apply-cmvn  --utt2spk=ark:data/train/split30/11/utt2spk scp:data/train/split30/11/cmvn.scp scp:data/train/split30/11/feats.scp ark:- | splice-feats --left-context=3 --right-context=3 ark:- ark:- | transform-feats exp/tri2_ali/final.mat ark:- ark:- | transform-feats --utt2spk=ark:data/train/split30/11/utt2spk ark:exp/tri3/trans.11 ark:- ark:- |' 'ark,s,cs:apply-cmvn  --utt2spk=ark:data/train/split30/11/utt2spk scp:data/train/split30/11/cmvn.scp scp:data/train/split30/11/feats.scp ark:- | splice-feats --left-context=3 --right-context=3 ark:- ark:- | transform-feats exp/tri2_ali/final.mat ark:- ark:- |' ark,s,cs:- exp/tri3/35.11.acc 
ali-to-post 'ark:gunzip -c exp/tri3/ali.11.gz|' ark:- 
transform-feats exp/tri2_ali/final.mat ark:- ark:- 
transform-feats --utt2spk=ark:data/train/split30/11/utt2spk ark:exp/tri3/trans.11 ark:- ark:- 
splice-feats --left-context=3 --right-context=3 ark:- ark:- 
apply-cmvn --utt2spk=ark:data/train/split30/11/utt2spk scp:data/train/split30/11/cmvn.scp scp:data/train/split30/11/feats.scp ark:- 
transform-feats exp/tri2_ali/final.mat ark:- ark:- 
apply-cmvn --utt2spk=ark:data/train/split30/11/utt2spk scp:data/train/split30/11/cmvn.scp scp:data/train/split30/11/feats.scp ark:- 
splice-feats --left-context=3 --right-context=3 ark:- ark:- 
LOG (gmm-acc-stats-twofeats[5.5.208~1-b0fc0]:main():gmm-acc-stats-twofeats.cc:140) Average like for this file is -46.431 over 477 frames.
LOG (gmm-acc-stats-twofeats[5.5.208~1-b0fc0]:main():gmm-acc-stats-twofeats.cc:140) Average like for this file is -44.2618 over 166 frames.
LOG (gmm-acc-stats-twofeats[5.5.208~1-b0fc0]:main():gmm-acc-stats-twofeats.cc:140) Average like for this file is -45.4351 over 146 frames.
LOG (gmm-acc-stats-twofeats[5.5.208~1-b0fc0]:main():gmm-acc-stats-twofeats.cc:140) Average like for this file is -44.433 over 329 frames.
LOG (gmm-acc-stats-twofeats[5.5.208~1-b0fc0]:main():gmm-acc-stats-twofeats.cc:140) Average like for this file is -46.6192 over 332 frames.
LOG (gmm-acc-stats-twofeats[5.5.208~1-b0fc0]:main():gmm-acc-stats-twofeats.cc:140) Average like for this file is -46.8411 over 258 frames.
LOG (gmm-acc-stats-twofeats[5.5.208~1-b0fc0]:main():gmm-acc-stats-twofeats.cc:140) Average like for this file is -47.6847 over 294 frames.
LOG (gmm-acc-stats-twofeats[5.5.208~1-b0fc0]:main():gmm-acc-stats-twofeats.cc:140) Average like for this file is -48.8463 over 295 frames.
LOG (gmm-acc-stats-twofeats[5.5.208~1-b0fc0]:main():gmm-acc-stats-twofeats.cc:140) Average like for this file is -46.8762 over 184 frames.
LOG (gmm-acc-stats-twofeats[5.5.208~1-b0fc0]:main():gmm-acc-stats-twofeats.cc:140) Average like for this file is -45.6837 over 305 frames.
LOG (gmm-acc-stats-twofeats[5.5.208~1-b0fc0]:main():gmm-acc-stats-twofeats.cc:146) Avg like per frame so far is -46.4097
LOG (gmm-acc-stats-twofeats[5.5.208~1-b0fc0]:main():gmm-acc-stats-twofeats.cc:140) Average like for this file is -44.9461 over 401 frames.
LOG (gmm-acc-stats-twofeats[5.5.208~1-b0fc0]:main():gmm-acc-stats-twofeats.cc:140) Average like for this file is -46.5041 over 300 frames.
LOG (gmm-acc-stats-twofeats[5.5.208~1-b0fc0]:main():gmm-acc-stats-twofeats.cc:140) Average like for this file is -45.3918 over 276 frames.
LOG (gmm-acc-stats-twofeats[5.5.208~1-b0fc0]:main():gmm-acc-stats-twofeats.cc:140) Average like for this file is -48.677 over 445 frames.
LOG (gmm-acc-stats-twofeats[5.5.208~1-b0fc0]:main():gmm-acc-stats-twofeats.cc:140) Average like for this file is -48.031 over 292 frames.
LOG (gmm-acc-stats-twofeats[5.5.208~1-b0fc0]:main():gmm-acc-stats-twofeats.cc:140) Average like for this file is -50.0868 over 381 frames.
LOG (gmm-acc-stats-twofeats[5.5.208~1-b0fc0]:main():gmm-acc-stats-twofeats.cc:140) Average like for this file is -45.0003 over 208 frames.
LOG (gmm-acc-stats-twofeats[5.5.208~1-b0fc0]:main():gmm-acc-stats-twofeats.cc:140) Average like for this file is -39.9357 over 277 frames.
LOG (gmm-acc-stats-twofeats[5.5.208~1-b0fc0]:main():gmm-acc-stats-twofeats.cc:140) Average like for this file is -47.9007 over 255 frames.
LOG (gmm-acc-stats-twofeats[5.5.208~1-b0fc0]:main():gmm-acc-stats-twofeats.cc:140) Average like for this file is -45.6625 over 280 frames.
LOG (gmm-acc-stats-twofeats[5.5.208~1-b0fc0]:main():gmm-acc-stats-twofeats.cc:146) Avg like per frame so far is -46.4314
LOG (gmm-acc-stats-twofeats[5.5.208~1-b0fc0]:main():gmm-acc-stats-twofeats.cc:140) Average like for this file is -43.7141 over 234 frames.
LOG (gmm-acc-stats-twofeats[5.5.208~1-b0fc0]:main():gmm-acc-stats-twofeats.cc:140) Average like for this file is -46.4274 over 349 frames.
LOG (gmm-acc-stats-twofeats[5.5.208~1-b0fc0]:main():gmm-acc-stats-twofeats.cc:140) Average like for this file is -47.2873 over 312 frames.
LOG (gmm-acc-stats-twofeats[5.5.208~1-b0fc0]:main():gmm-acc-stats-twofeats.cc:140) Average like for this file is -45.9414 over 257 frames.
LOG (gmm-acc-stats-twofeats[5.5.208~1-b0fc0]:main():gmm-acc-stats-twofeats.cc:140) Average like for this file is -47.437 over 365 frames.
LOG (gmm-acc-stats-twofeats[5.5.208~1-b0fc0]:main():gmm-acc-stats-twofeats.cc:140) Average like for this file is -45.7789 over 190 frames.
LOG (gmm-acc-stats-twofeats[5.5.208~1-b0fc0]:main():gmm-acc-stats-twofeats.cc:140) Average like for this file is -44.6214 over 250 frames.
LOG (gmm-acc-stats-twofeats[5.5.208~1-b0fc0]:main():gmm-acc-stats-twofeats.cc:140) Average like for this file is -47.7315 over 237 frames.
LOG (gmm-acc-stats-twofeats[5.5.208~1-b0fc0]:main():gmm-acc-stats-twofeats.cc:140) Average like for this file is -43.4876 over 210 frames.
LOG (gmm-acc-stats-twofeats[5.5.208~1-b0fc0]:main():gmm-acc-stats-twofeats.cc:140) Average like for this file is -47.5538 over 268 frames.
LOG (gmm-acc-stats-twofeats[5.5.208~1-b0fc0]:main():gmm-acc-stats-twofeats.cc:146) Avg like per frame so far is -46.348
LOG (gmm-acc-stats-twofeats[5.5.208~1-b0fc0]:main():gmm-acc-stats-twofeats.cc:140) Average like for this file is -46.2998 over 356 frames.
LOG (gmm-acc-stats-twofeats[5.5.208~1-b0fc0]:main():gmm-acc-stats-twofeats.cc:140) Average like for this file is -46.1031 over 185 frames.
LOG (gmm-acc-stats-twofeats[5.5.208~1-b0fc0]:main():gmm-acc-stats-twofeats.cc:140) Average like for this file is -49.6354 over 379 frames.
LOG (gmm-acc-stats-twofeats[5.5.208~1-b0fc0]:main():gmm-acc-stats-twofeats.cc:140) Average like for this file is -47.6928 over 144 frames.
LOG (gmm-acc-stats-twofeats[5.5.208~1-b0fc0]:main():gmm-acc-stats-twofeats.cc:140) Average like for this file is -51.4459 over 369 frames.
LOG (gmm-acc-stats-twofeats[5.5.208~1-b0fc0]:main():gmm-acc-stats-twofeats.cc:140) Average like for this file is -45.7472 over 177 frames.
LOG (gmm-acc-stats-twofeats[5.5.208~1-b0fc0]:main():gmm-acc-stats-twofeats.cc:140) Average like for this file is -49.3101 over 176 frames.
LOG (gmm-acc-stats-twofeats[5.5.208~1-b0fc0]:main():gmm-acc-stats-twofeats.cc:140) Average like for this file is -46.8658 over 127 frames.
LOG (gmm-acc-stats-twofeats[5.5.208~1-b0fc0]:main():gmm-acc-stats-twofeats.cc:140) Average like for this file is -47.4638 over 229 frames.
LOG (gmm-acc-stats-twofeats[5.5.208~1-b0fc0]:main():gmm-acc-stats-twofeats.cc:140) Average like for this file is -48.9453 over 170 frames.
LOG (gmm-acc-stats-twofeats[5.5.208~1-b0fc0]:main():gmm-acc-stats-twofeats.cc:146) Avg like per frame so far is -46.7556
LOG (gmm-acc-stats-twofeats[5.5.208~1-b0fc0]:main():gmm-acc-stats-twofeats.cc:140) Average like for this file is -46.5345 over 515 frames.
LOG (gmm-acc-stats-twofeats[5.5.208~1-b0fc0]:main():gmm-acc-stats-twofeats.cc:140) Average like for this file is -45.072 over 288 frames.
LOG (gmm-acc-stats-twofeats[5.5.208~1-b0fc0]:main():gmm-acc-stats-twofeats.cc:140) Average like for this file is -43.888 over 209 frames.
LOG (gmm-acc-stats-twofeats[5.5.208~1-b0fc0]:main():gmm-acc-stats-twofeats.cc:140) Average like for this file is -48.7608 over 359 frames.
LOG (gmm-acc-stats-twofeats[5.5.208~1-b0fc0]:main():gmm-acc-stats-twofeats.cc:140) Average like for this file is -47.3519 over 338 frames.
LOG (gmm-acc-stats-twofeats[5.5.208~1-b0fc0]:main():gmm-acc-stats-twofeats.cc:140) Average like for this file is -42.8765 over 282 frames.
LOG (gmm-acc-stats-twofeats[5.5.208~1-b0fc0]:main():gmm-acc-stats-twofeats.cc:140) Average like for this file is -47.7853 over 278 frames.
LOG (gmm-acc-stats-twofeats[5.5.208~1-b0fc0]:main():gmm-acc-stats-twofeats.cc:140) Average like for this file is -45.3318 over 321 frames.
LOG (gmm-acc-stats-twofeats[5.5.208~1-b0fc0]:main():gmm-acc-stats-twofeats.cc:140) Average like for this file is -47.3847 over 156 frames.
LOG (gmm-acc-stats-twofeats[5.5.208~1-b0fc0]:main():gmm-acc-stats-twofeats.cc:140) Average like for this file is -48.4814 over 269 frames.
LOG (gmm-acc-stats-twofeats[5.5.208~1-b0fc0]:main():gmm-acc-stats-twofeats.cc:146) Avg like per frame so far is -46.6851
LOG (gmm-acc-stats-twofeats[5.5.208~1-b0fc0]:main():gmm-acc-stats-twofeats.cc:140) Average like for this file is -45.6242 over 324 frames.
LOG (gmm-acc-stats-twofeats[5.5.208~1-b0fc0]:main():gmm-acc-stats-twofeats.cc:140) Average like for this file is -43.2755 over 287 frames.
LOG (gmm-acc-stats-twofeats[5.5.208~1-b0fc0]:main():gmm-acc-stats-twofeats.cc:140) Average like for this file is -44.0729 over 369 frames.
LOG (gmm-acc-stats-twofeats[5.5.208~1-b0fc0]:main():gmm-acc-stats-twofeats.cc:140) Average like for this file is -48.543 over 428 frames.
LOG (gmm-acc-stats-twofeats[5.5.208~1-b0fc0]:main():gmm-acc-stats-twofeats.cc:140) Average like for this file is -45.3078 over 342 frames.
LOG (gmm-acc-stats-twofeats[5.5.208~1-b0fc0]:main():gmm-acc-stats-twofeats.cc:140) Average like for this file is -44.4269 over 327 frames.
LOG (gmm-acc-stats-twofeats[5.5.208~1-b0fc0]:main():gmm-acc-stats-twofeats.cc:140) Average like for this file is -49.2453 over 565 frames.
LOG (gmm-acc-stats-twofeats[5.5.208~1-b0fc0]:main():gmm-acc-stats-twofeats.cc:140) Average like for this file is -45.838 over 541 frames.
LOG (gmm-acc-stats-twofeats[5.5.208~1-b0fc0]:main():gmm-acc-stats-twofeats.cc:140) Average like for this file is -48.0345 over 413 frames.
LOG (gmm-acc-stats-twofeats[5.5.208~1-b0fc0]:main():gmm-acc-stats-twofeats.cc:140) Average like for this file is -42.6549 over 226 frames.
LOG (gmm-acc-stats-twofeats[5.5.208~1-b0fc0]:main():gmm-acc-stats-twofeats.cc:146) Avg like per frame so far is -46.5686
LOG (gmm-acc-stats-twofeats[5.5.208~1-b0fc0]:main():gmm-acc-stats-twofeats.cc:140) Average like for this file is -45.0482 over 342 frames.
LOG (gmm-acc-stats-twofeats[5.5.208~1-b0fc0]:main():gmm-acc-stats-twofeats.cc:140) Average like for this file is -46.0268 over 371 frames.
LOG (gmm-acc-stats-twofeats[5.5.208~1-b0fc0]:main():gmm-acc-stats-twofeats.cc:140) Average like for this file is -47.5072 over 382 frames.
LOG (gmm-acc-stats-twofeats[5.5.208~1-b0fc0]:main():gmm-acc-stats-twofeats.cc:140) Average like for this file is -48.717 over 290 frames.
LOG (gmm-acc-stats-twofeats[5.5.208~1-b0fc0]:main():gmm-acc-stats-twofeats.cc:140) Average like for this file is -51.7367 over 408 frames.
LOG (gmm-acc-stats-twofeats[5.5.208~1-b0fc0]:main():gmm-acc-stats-twofeats.cc:140) Average like for this file is -50.0239 over 158 frames.
LOG (gmm-acc-stats-twofeats[5.5.208~1-b0fc0]:main():gmm-acc-stats-twofeats.cc:140) Average like for this file is -48.2089 over 175 frames.
LOG (gmm-acc-stats-twofeats[5.5.208~1-b0fc0]:main():gmm-acc-stats-twofeats.cc:140) Average like for this file is -48.0761 over 258 frames.
LOG (gmm-acc-stats-twofeats[5.5.208~1-b0fc0]:main():gmm-acc-stats-twofeats.cc:140) Average like for this file is -49.4781 over 246 frames.
LOG (gmm-acc-stats-twofeats[5.5.208~1-b0fc0]:main():gmm-acc-stats-twofeats.cc:140) Average like for this file is -44.3969 over 346 frames.
LOG (gmm-acc-stats-twofeats[5.5.208~1-b0fc0]:main():gmm-acc-stats-twofeats.cc:146) Avg like per frame so far is -46.7404
LOG (gmm-acc-stats-twofeats[5.5.208~1-b0fc0]:main():gmm-acc-stats-twofeats.cc:140) Average like for this file is -47.2279 over 378 frames.
LOG (gmm-acc-stats-twofeats[5.5.208~1-b0fc0]:main():gmm-acc-stats-twofeats.cc:140) Average like for this file is -45.5185 over 385 frames.
LOG (gmm-acc-stats-twofeats[5.5.208~1-b0fc0]:main():gmm-acc-stats-twofeats.cc:140) Average like for this file is -45.2429 over 268 frames.
LOG (gmm-acc-stats-twofeats[5.5.208~1-b0fc0]:main():gmm-acc-stats-twofeats.cc:140) Average like for this file is -44.4884 over 237 frames.
LOG (gmm-acc-stats-twofeats[5.5.208~1-b0fc0]:main():gmm-acc-stats-twofeats.cc:140) Average like for this file is -44.8613 over 260 frames.
LOG (gmm-acc-stats-twofeats[5.5.208~1-b0fc0]:main():gmm-acc-stats-twofeats.cc:140) Average like for this file is -48.3579 over 325 frames.
LOG (gmm-acc-stats-twofeats[5.5.208~1-b0fc0]:main():gmm-acc-stats-twofeats.cc:140) Average like for this file is -46.2829 over 328 frames.
LOG (gmm-acc-stats-twofeats[5.5.208~1-b0fc0]:main():gmm-acc-stats-twofeats.cc:140) Average like for this file is -44.8152 over 266 frames.
LOG (gmm-acc-stats-twofeats[5.5.208~1-b0fc0]:main():gmm-acc-stats-twofeats.cc:140) Average like for this file is -46.9103 over 273 frames.
LOG (gmm-acc-stats-twofeats[5.5.208~1-b0fc0]:main():gmm-acc-stats-twofeats.cc:140) Average like for this file is -45.9954 over 306 frames.
LOG (gmm-acc-stats-twofeats[5.5.208~1-b0fc0]:main():gmm-acc-stats-twofeats.cc:146) Avg like per frame so far is -46.6549
LOG (gmm-acc-stats-twofeats[5.5.208~1-b0fc0]:main():gmm-acc-stats-twofeats.cc:140) Average like for this file is -46.5117 over 204 frames.
LOG (gmm-acc-stats-twofeats[5.5.208~1-b0fc0]:main():gmm-acc-stats-twofeats.cc:140) Average like for this file is -44.4707 over 273 frames.
LOG (gmm-acc-stats-twofeats[5.5.208~1-b0fc0]:main():gmm-acc-stats-twofeats.cc:140) Average like for this file is -44.5335 over 310 frames.
LOG (gmm-acc-stats-twofeats[5.5.208~1-b0fc0]:main():gmm-acc-stats-twofeats.cc:140) Average like for this file is -46.5419 over 267 frames.
LOG (gmm-acc-stats-twofeats[5.5.208~1-b0fc0]:main():gmm-acc-stats-twofeats.cc:140) Average like for this file is -45.9256 over 207 frames.
LOG (gmm-acc-stats-twofeats[5.5.208~1-b0fc0]:main():gmm-acc-stats-twofeats.cc:140) Average like for this file is -48.9726 over 300 frames.
LOG (gmm-acc-stats-twofeats[5.5.208~1-b0fc0]:main():gmm-acc-stats-twofeats.cc:140) Average like for this file is -46.1652 over 303 frames.
LOG (gmm-acc-stats-twofeats[5.5.208~1-b0fc0]:main():gmm-acc-stats-twofeats.cc:140) Average like for this file is -47.0755 over 269 frames.
LOG (gmm-acc-stats-twofeats[5.5.208~1-b0fc0]:main():gmm-acc-stats-twofeats.cc:140) Average like for this file is -51.9777 over 395 frames.
LOG (gmm-acc-stats-twofeats[5.5.208~1-b0fc0]:main():gmm-acc-stats-twofeats.cc:140) Average like for this file is -51.2268 over 486 frames.
LOG (gmm-acc-stats-twofeats[5.5.208~1-b0fc0]:main():gmm-acc-stats-twofeats.cc:146) Avg like per frame so far is -46.7865
LOG (gmm-acc-stats-twofeats[5.5.208~1-b0fc0]:main():gmm-acc-stats-twofeats.cc:140) Average like for this file is -44.0841 over 475 frames.
LOG (gmm-acc-stats-twofeats[5.5.208~1-b0fc0]:main():gmm-acc-stats-twofeats.cc:140) Average like for this file is -45.778 over 381 frames.
LOG (gmm-acc-stats-twofeats[5.5.208~1-b0fc0]:main():gmm-acc-stats-twofeats.cc:140) Average like for this file is -45.0718 over 204 frames.
LOG (gmm-acc-stats-twofeats[5.5.208~1-b0fc0]:main():gmm-acc-stats-twofeats.cc:140) Average like for this file is -45.3468 over 251 frames.
LOG (gmm-acc-stats-twofeats[5.5.208~1-b0fc0]:main():gmm-acc-stats-twofeats.cc:140) Average like for this file is -43.3634 over 255 frames.
LOG (gmm-acc-stats-twofeats[5.5.208~1-b0fc0]:main():gmm-acc-stats-twofeats.cc:140) Average like for this file is -48.0363 over 262 frames.
LOG (gmm-acc-stats-twofeats[5.5.208~1-b0fc0]:main():gmm-acc-stats-twofeats.cc:140) Average like for this file is -45.5096 over 286 frames.
LOG (gmm-acc-stats-twofeats[5.5.208~1-b0fc0]:main():gmm-acc-stats-twofeats.cc:140) Average like for this file is -45.0829 over 263 frames.
LOG (gmm-acc-stats-twofeats[5.5.208~1-b0fc0]:main():gmm-acc-stats-twofeats.cc:140) Average like for this file is -47.3464 over 416 frames.
LOG (gmm-acc-stats-twofeats[5.5.208~1-b0fc0]:main():gmm-acc-stats-twofeats.cc:140) Average like for this file is -45.3742 over 254 frames.
LOG (gmm-acc-stats-twofeats[5.5.208~1-b0fc0]:main():gmm-acc-stats-twofeats.cc:146) Avg like per frame so far is -46.6568
LOG (gmm-acc-stats-twofeats[5.5.208~1-b0fc0]:main():gmm-acc-stats-twofeats.cc:140) Average like for this file is -45.3781 over 264 frames.
LOG (gmm-acc-stats-twofeats[5.5.208~1-b0fc0]:main():gmm-acc-stats-twofeats.cc:140) Average like for this file is -45.6928 over 237 frames.
LOG (gmm-acc-stats-twofeats[5.5.208~1-b0fc0]:main():gmm-acc-stats-twofeats.cc:140) Average like for this file is -43.0456 over 253 frames.
LOG (gmm-acc-stats-twofeats[5.5.208~1-b0fc0]:main():gmm-acc-stats-twofeats.cc:140) Average like for this file is -46.7221 over 287 frames.
LOG (gmm-acc-stats-twofeats[5.5.208~1-b0fc0]:main():gmm-acc-stats-twofeats.cc:140) Average like for this file is -44.6355 over 326 frames.
LOG (gmm-acc-stats-twofeats[5.5.208~1-b0fc0]:main():gmm-acc-stats-twofeats.cc:140) Average like for this file is -48.721 over 418 frames.
LOG (gmm-acc-stats-twofeats[5.5.208~1-b0fc0]:main():gmm-acc-stats-twofeats.cc:140) Average like for this file is -45.9365 over 524 frames.
LOG (gmm-acc-stats-twofeats[5.5.208~1-b0fc0]:main():gmm-acc-stats-twofeats.cc:140) Average like for this file is -45.606 over 284 frames.
LOG (gmm-acc-stats-twofeats[5.5.208~1-b0fc0]:main():gmm-acc-stats-twofeats.cc:140) Average like for this file is -44.246 over 315 frames.
LOG (gmm-acc-stats-twofeats[5.5.208~1-b0fc0]:main():gmm-acc-stats-twofeats.cc:140) Average like for this file is -44.844 over 458 frames.
LOG (gmm-acc-stats-twofeats[5.5.208~1-b0fc0]:main():gmm-acc-stats-twofeats.cc:146) Avg like per frame so far is -46.5506
LOG (gmm-acc-stats-twofeats[5.5.208~1-b0fc0]:main():gmm-acc-stats-twofeats.cc:140) Average like for this file is -48.1746 over 404 frames.
LOG (gmm-acc-stats-twofeats[5.5.208~1-b0fc0]:main():gmm-acc-stats-twofeats.cc:140) Average like for this file is -44.0986 over 337 frames.
LOG (ali-to-post[5.5.208~1-b0fc0]:main():ali-to-post.cc:73) Converted 128 alignments.
LOG (gmm-acc-stats-twofeats[5.5.208~1-b0fc0]:main():gmm-acc-stats-twofeats.cc:140) Average like for this file is -45.2104 over 501 frames.
LOG (gmm-acc-stats-twofeats[5.5.208~1-b0fc0]:main():gmm-acc-stats-twofeats.cc:140) Average like for this file is -48.0366 over 406 frames.
LOG (gmm-acc-stats-twofeats[5.5.208~1-b0fc0]:main():gmm-acc-stats-twofeats.cc:140) Average like for this file is -47.4705 over 189 frames.
LOG (gmm-acc-stats-twofeats[5.5.208~1-b0fc0]:main():gmm-acc-stats-twofeats.cc:140) Average like for this file is -47.4313 over 191 frames.
LOG (gmm-acc-stats-twofeats[5.5.208~1-b0fc0]:main():gmm-acc-stats-twofeats.cc:140) Average like for this file is -44.4399 over 339 frames.
LOG (apply-cmvn[5.5.208~1-b0fc0]:main():apply-cmvn.cc:162) Applied cepstral mean normalization to 128 utterances, errors on 0
LOG (gmm-acc-stats-twofeats[5.5.208~1-b0fc0]:main():gmm-acc-stats-twofeats.cc:140) Average like for this file is -46.1652 over 330 frames.
LOG (gmm-acc-stats-twofeats[5.5.208~1-b0fc0]:main():gmm-acc-stats-twofeats.cc:140) Average like for this file is -48.0529 over 239 frames.
LOG (apply-cmvn[5.5.208~1-b0fc0]:main():apply-cmvn.cc:162) Applied cepstral mean normalization to 128 utterances, errors on 0
LOG (gmm-acc-stats-twofeats[5.5.208~1-b0fc0]:main():gmm-acc-stats-twofeats.cc:140) Average like for this file is -46.4384 over 236 frames.
LOG (gmm-acc-stats-twofeats[5.5.208~1-b0fc0]:main():gmm-acc-stats-twofeats.cc:146) Avg like per frame so far is -46.5394
LOG (gmm-acc-stats-twofeats[5.5.208~1-b0fc0]:main():gmm-acc-stats-twofeats.cc:140) Average like for this file is -46.6087 over 166 frames.
LOG (gmm-acc-stats-twofeats[5.5.208~1-b0fc0]:main():gmm-acc-stats-twofeats.cc:140) Average like for this file is -46.544 over 410 frames.
LOG (gmm-acc-stats-twofeats[5.5.208~1-b0fc0]:main():gmm-acc-stats-twofeats.cc:140) Average like for this file is -45.7159 over 570 frames.
LOG (gmm-acc-stats-twofeats[5.5.208~1-b0fc0]:main():gmm-acc-stats-twofeats.cc:140) Average like for this file is -44.8841 over 248 frames.
LOG (transform-feats[5.5.208~1-b0fc0]:main():transform-feats.cc:158) Overall average [pseudo-]logdet is -88.6037 over 38833 frames.
LOG (transform-feats[5.5.208~1-b0fc0]:main():transform-feats.cc:161) Applied transform to 128 utterances; 0 had errors.
LOG (gmm-acc-stats-twofeats[5.5.208~1-b0fc0]:main():gmm-acc-stats-twofeats.cc:140) Average like for this file is -45.8455 over 344 frames.
LOG (gmm-acc-stats-twofeats[5.5.208~1-b0fc0]:main():gmm-acc-stats-twofeats.cc:140) Average like for this file is -46.8705 over 229 frames.
LOG (transform-feats[5.5.208~1-b0fc0]:main():transform-feats.cc:158) Overall average logdet is 4.27851 over 38833 frames.
LOG (transform-feats[5.5.208~1-b0fc0]:main():transform-feats.cc:161) Applied transform to 128 utterances; 0 had errors.
LOG (transform-feats[5.5.208~1-b0fc0]:main():transform-feats.cc:158) Overall average [pseudo-]logdet is -88.6037 over 38833 frames.
LOG (transform-feats[5.5.208~1-b0fc0]:main():transform-feats.cc:161) Applied transform to 128 utterances; 0 had errors.
LOG (gmm-acc-stats-twofeats[5.5.208~1-b0fc0]:main():gmm-acc-stats-twofeats.cc:140) Average like for this file is -48.773 over 280 frames.
LOG (gmm-acc-stats-twofeats[5.5.208~1-b0fc0]:main():gmm-acc-stats-twofeats.cc:140) Average like for this file is -45.8478 over 263 frames.
LOG (gmm-acc-stats-twofeats[5.5.208~1-b0fc0]:main():gmm-acc-stats-twofeats.cc:150) Done 128 files, 0 with no posteriors, 0 with no second features, 0 with other errors.
LOG (gmm-acc-stats-twofeats[5.5.208~1-b0fc0]:main():gmm-acc-stats-twofeats.cc:155) Overall avg like per frame (Gaussian only) = -46.5243 over 38833 frames.
LOG (gmm-acc-stats-twofeats[5.5.208~1-b0fc0]:main():gmm-acc-stats-twofeats.cc:163) Written accs.
# Accounting: time=1 threads=1
# Ended (code 0) at Wed Feb 27 14:33:32 +07 2019, elapsed time 1 seconds
