# ali-to-post "ark:gunzip -c exp/tri3/ali.9.gz|" ark:- | gmm-acc-stats-twofeats exp/tri3/35.mdl "ark,s,cs:apply-cmvn  --utt2spk=ark:data/train/split30/9/utt2spk scp:data/train/split30/9/cmvn.scp scp:data/train/split30/9/feats.scp ark:- | splice-feats --left-context=3 --right-context=3 ark:- ark:- | transform-feats exp/tri2_ali/final.mat ark:- ark:- | transform-feats --utt2spk=ark:data/train/split30/9/utt2spk ark:exp/tri3/trans.9 ark:- ark:- |" "ark,s,cs:apply-cmvn  --utt2spk=ark:data/train/split30/9/utt2spk scp:data/train/split30/9/cmvn.scp scp:data/train/split30/9/feats.scp ark:- | splice-feats --left-context=3 --right-context=3 ark:- ark:- | transform-feats exp/tri2_ali/final.mat ark:- ark:- |" ark,s,cs:- exp/tri3/35.9.acc 
# Started at Wed Feb 27 14:33:31 +07 2019
#
ali-to-post 'ark:gunzip -c exp/tri3/ali.9.gz|' ark:- 
gmm-acc-stats-twofeats exp/tri3/35.mdl 'ark,s,cs:apply-cmvn  --utt2spk=ark:data/train/split30/9/utt2spk scp:data/train/split30/9/cmvn.scp scp:data/train/split30/9/feats.scp ark:- | splice-feats --left-context=3 --right-context=3 ark:- ark:- | transform-feats exp/tri2_ali/final.mat ark:- ark:- | transform-feats --utt2spk=ark:data/train/split30/9/utt2spk ark:exp/tri3/trans.9 ark:- ark:- |' 'ark,s,cs:apply-cmvn  --utt2spk=ark:data/train/split30/9/utt2spk scp:data/train/split30/9/cmvn.scp scp:data/train/split30/9/feats.scp ark:- | splice-feats --left-context=3 --right-context=3 ark:- ark:- | transform-feats exp/tri2_ali/final.mat ark:- ark:- |' ark,s,cs:- exp/tri3/35.9.acc 
transform-feats exp/tri2_ali/final.mat ark:- ark:- 
transform-feats --utt2spk=ark:data/train/split30/9/utt2spk ark:exp/tri3/trans.9 ark:- ark:- 
apply-cmvn --utt2spk=ark:data/train/split30/9/utt2spk scp:data/train/split30/9/cmvn.scp scp:data/train/split30/9/feats.scp ark:- 
splice-feats --left-context=3 --right-context=3 ark:- ark:- 
apply-cmvn --utt2spk=ark:data/train/split30/9/utt2spk scp:data/train/split30/9/cmvn.scp scp:data/train/split30/9/feats.scp ark:- 
transform-feats exp/tri2_ali/final.mat ark:- ark:- 
splice-feats --left-context=3 --right-context=3 ark:- ark:- 
LOG (gmm-acc-stats-twofeats[5.5.208~1-b0fc0]:main():gmm-acc-stats-twofeats.cc:140) Average like for this file is -43.0714 over 286 frames.
LOG (gmm-acc-stats-twofeats[5.5.208~1-b0fc0]:main():gmm-acc-stats-twofeats.cc:140) Average like for this file is -42.6336 over 288 frames.
LOG (gmm-acc-stats-twofeats[5.5.208~1-b0fc0]:main():gmm-acc-stats-twofeats.cc:140) Average like for this file is -44.1653 over 331 frames.
LOG (gmm-acc-stats-twofeats[5.5.208~1-b0fc0]:main():gmm-acc-stats-twofeats.cc:140) Average like for this file is -45.8988 over 262 frames.
LOG (gmm-acc-stats-twofeats[5.5.208~1-b0fc0]:main():gmm-acc-stats-twofeats.cc:140) Average like for this file is -45.123 over 310 frames.
LOG (gmm-acc-stats-twofeats[5.5.208~1-b0fc0]:main():gmm-acc-stats-twofeats.cc:140) Average like for this file is -44.7132 over 256 frames.
LOG (gmm-acc-stats-twofeats[5.5.208~1-b0fc0]:main():gmm-acc-stats-twofeats.cc:140) Average like for this file is -46.0446 over 396 frames.
LOG (gmm-acc-stats-twofeats[5.5.208~1-b0fc0]:main():gmm-acc-stats-twofeats.cc:140) Average like for this file is -45.6044 over 269 frames.
LOG (gmm-acc-stats-twofeats[5.5.208~1-b0fc0]:main():gmm-acc-stats-twofeats.cc:140) Average like for this file is -46.157 over 548 frames.
LOG (gmm-acc-stats-twofeats[5.5.208~1-b0fc0]:main():gmm-acc-stats-twofeats.cc:140) Average like for this file is -46.3477 over 246 frames.
LOG (gmm-acc-stats-twofeats[5.5.208~1-b0fc0]:main():gmm-acc-stats-twofeats.cc:146) Avg like per frame so far is -45.0729
LOG (gmm-acc-stats-twofeats[5.5.208~1-b0fc0]:main():gmm-acc-stats-twofeats.cc:140) Average like for this file is -42.57 over 235 frames.
LOG (gmm-acc-stats-twofeats[5.5.208~1-b0fc0]:main():gmm-acc-stats-twofeats.cc:140) Average like for this file is -47.6758 over 366 frames.
LOG (gmm-acc-stats-twofeats[5.5.208~1-b0fc0]:main():gmm-acc-stats-twofeats.cc:140) Average like for this file is -44.291 over 453 frames.
LOG (gmm-acc-stats-twofeats[5.5.208~1-b0fc0]:main():gmm-acc-stats-twofeats.cc:140) Average like for this file is -43.0772 over 306 frames.
LOG (gmm-acc-stats-twofeats[5.5.208~1-b0fc0]:main():gmm-acc-stats-twofeats.cc:140) Average like for this file is -46.472 over 273 frames.
LOG (gmm-acc-stats-twofeats[5.5.208~1-b0fc0]:main():gmm-acc-stats-twofeats.cc:140) Average like for this file is -47.2738 over 225 frames.
LOG (gmm-acc-stats-twofeats[5.5.208~1-b0fc0]:main():gmm-acc-stats-twofeats.cc:140) Average like for this file is -44.0809 over 143 frames.
LOG (gmm-acc-stats-twofeats[5.5.208~1-b0fc0]:main():gmm-acc-stats-twofeats.cc:140) Average like for this file is -44.7409 over 250 frames.
LOG (gmm-acc-stats-twofeats[5.5.208~1-b0fc0]:main():gmm-acc-stats-twofeats.cc:140) Average like for this file is -46.4065 over 259 frames.
LOG (gmm-acc-stats-twofeats[5.5.208~1-b0fc0]:main():gmm-acc-stats-twofeats.cc:140) Average like for this file is -45.9481 over 246 frames.
LOG (gmm-acc-stats-twofeats[5.5.208~1-b0fc0]:main():gmm-acc-stats-twofeats.cc:146) Avg like per frame so far is -45.1759
LOG (gmm-acc-stats-twofeats[5.5.208~1-b0fc0]:main():gmm-acc-stats-twofeats.cc:140) Average like for this file is -48.8206 over 378 frames.
LOG (gmm-acc-stats-twofeats[5.5.208~1-b0fc0]:main():gmm-acc-stats-twofeats.cc:140) Average like for this file is -46.2703 over 404 frames.
LOG (gmm-acc-stats-twofeats[5.5.208~1-b0fc0]:main():gmm-acc-stats-twofeats.cc:140) Average like for this file is -47.5643 over 279 frames.
LOG (gmm-acc-stats-twofeats[5.5.208~1-b0fc0]:main():gmm-acc-stats-twofeats.cc:140) Average like for this file is -48.3561 over 362 frames.
LOG (gmm-acc-stats-twofeats[5.5.208~1-b0fc0]:main():gmm-acc-stats-twofeats.cc:140) Average like for this file is -44.7537 over 368 frames.
LOG (gmm-acc-stats-twofeats[5.5.208~1-b0fc0]:main():gmm-acc-stats-twofeats.cc:140) Average like for this file is -43.8696 over 426 frames.
LOG (gmm-acc-stats-twofeats[5.5.208~1-b0fc0]:main():gmm-acc-stats-twofeats.cc:140) Average like for this file is -45.2378 over 150 frames.
LOG (gmm-acc-stats-twofeats[5.5.208~1-b0fc0]:main():gmm-acc-stats-twofeats.cc:140) Average like for this file is -45.4276 over 281 frames.
LOG (gmm-acc-stats-twofeats[5.5.208~1-b0fc0]:main():gmm-acc-stats-twofeats.cc:140) Average like for this file is -45.0357 over 248 frames.
LOG (gmm-acc-stats-twofeats[5.5.208~1-b0fc0]:main():gmm-acc-stats-twofeats.cc:140) Average like for this file is -45.5349 over 447 frames.
LOG (gmm-acc-stats-twofeats[5.5.208~1-b0fc0]:main():gmm-acc-stats-twofeats.cc:146) Avg like per frame so far is -45.5129
LOG (gmm-acc-stats-twofeats[5.5.208~1-b0fc0]:main():gmm-acc-stats-twofeats.cc:140) Average like for this file is -47.1959 over 372 frames.
LOG (gmm-acc-stats-twofeats[5.5.208~1-b0fc0]:main():gmm-acc-stats-twofeats.cc:140) Average like for this file is -43.3621 over 342 frames.
LOG (gmm-acc-stats-twofeats[5.5.208~1-b0fc0]:main():gmm-acc-stats-twofeats.cc:140) Average like for this file is -49.5566 over 201 frames.
LOG (gmm-acc-stats-twofeats[5.5.208~1-b0fc0]:main():gmm-acc-stats-twofeats.cc:140) Average like for this file is -43.7928 over 214 frames.
LOG (gmm-acc-stats-twofeats[5.5.208~1-b0fc0]:main():gmm-acc-stats-twofeats.cc:140) Average like for this file is -49.4167 over 321 frames.
LOG (gmm-acc-stats-twofeats[5.5.208~1-b0fc0]:main():gmm-acc-stats-twofeats.cc:140) Average like for this file is -45.2604 over 253 frames.
LOG (gmm-acc-stats-twofeats[5.5.208~1-b0fc0]:main():gmm-acc-stats-twofeats.cc:140) Average like for this file is -45.8004 over 212 frames.
LOG (gmm-acc-stats-twofeats[5.5.208~1-b0fc0]:main():gmm-acc-stats-twofeats.cc:140) Average like for this file is -48.9121 over 198 frames.
LOG (gmm-acc-stats-twofeats[5.5.208~1-b0fc0]:main():gmm-acc-stats-twofeats.cc:140) Average like for this file is -48.6179 over 232 frames.
LOG (gmm-acc-stats-twofeats[5.5.208~1-b0fc0]:main():gmm-acc-stats-twofeats.cc:140) Average like for this file is -45.8879 over 237 frames.
LOG (gmm-acc-stats-twofeats[5.5.208~1-b0fc0]:main():gmm-acc-stats-twofeats.cc:146) Avg like per frame so far is -45.7713
LOG (gmm-acc-stats-twofeats[5.5.208~1-b0fc0]:main():gmm-acc-stats-twofeats.cc:140) Average like for this file is -45.4682 over 448 frames.
LOG (gmm-acc-stats-twofeats[5.5.208~1-b0fc0]:main():gmm-acc-stats-twofeats.cc:140) Average like for this file is -39.637 over 244 frames.
LOG (gmm-acc-stats-twofeats[5.5.208~1-b0fc0]:main():gmm-acc-stats-twofeats.cc:140) Average like for this file is -46.3934 over 415 frames.
LOG (gmm-acc-stats-twofeats[5.5.208~1-b0fc0]:main():gmm-acc-stats-twofeats.cc:140) Average like for this file is -48.4159 over 248 frames.
LOG (gmm-acc-stats-twofeats[5.5.208~1-b0fc0]:main():gmm-acc-stats-twofeats.cc:140) Average like for this file is -47.274 over 297 frames.
LOG (gmm-acc-stats-twofeats[5.5.208~1-b0fc0]:main():gmm-acc-stats-twofeats.cc:140) Average like for this file is -45.8602 over 216 frames.
LOG (gmm-acc-stats-twofeats[5.5.208~1-b0fc0]:main():gmm-acc-stats-twofeats.cc:140) Average like for this file is -44.4945 over 244 frames.
LOG (gmm-acc-stats-twofeats[5.5.208~1-b0fc0]:main():gmm-acc-stats-twofeats.cc:140) Average like for this file is -45.9058 over 246 frames.
LOG (gmm-acc-stats-twofeats[5.5.208~1-b0fc0]:main():gmm-acc-stats-twofeats.cc:140) Average like for this file is -42.129 over 225 frames.
LOG (gmm-acc-stats-twofeats[5.5.208~1-b0fc0]:main():gmm-acc-stats-twofeats.cc:140) Average like for this file is -43.942 over 262 frames.
LOG (gmm-acc-stats-twofeats[5.5.208~1-b0fc0]:main():gmm-acc-stats-twofeats.cc:146) Avg like per frame so far is -45.6469
LOG (gmm-acc-stats-twofeats[5.5.208~1-b0fc0]:main():gmm-acc-stats-twofeats.cc:140) Average like for this file is -45.344 over 457 frames.
LOG (gmm-acc-stats-twofeats[5.5.208~1-b0fc0]:main():gmm-acc-stats-twofeats.cc:140) Average like for this file is -43.4376 over 427 frames.
LOG (gmm-acc-stats-twofeats[5.5.208~1-b0fc0]:main():gmm-acc-stats-twofeats.cc:140) Average like for this file is -43.9987 over 276 frames.
LOG (gmm-acc-stats-twofeats[5.5.208~1-b0fc0]:main():gmm-acc-stats-twofeats.cc:140) Average like for this file is -45.1891 over 250 frames.
LOG (gmm-acc-stats-twofeats[5.5.208~1-b0fc0]:main():gmm-acc-stats-twofeats.cc:140) Average like for this file is -43.6146 over 242 frames.
LOG (gmm-acc-stats-twofeats[5.5.208~1-b0fc0]:main():gmm-acc-stats-twofeats.cc:140) Average like for this file is -45.2528 over 241 frames.
LOG (gmm-acc-stats-twofeats[5.5.208~1-b0fc0]:main():gmm-acc-stats-twofeats.cc:140) Average like for this file is -45.3137 over 468 frames.
LOG (gmm-acc-stats-twofeats[5.5.208~1-b0fc0]:main():gmm-acc-stats-twofeats.cc:140) Average like for this file is -45.8104 over 479 frames.
LOG (gmm-acc-stats-twofeats[5.5.208~1-b0fc0]:main():gmm-acc-stats-twofeats.cc:140) Average like for this file is -48.5557 over 262 frames.
LOG (gmm-acc-stats-twofeats[5.5.208~1-b0fc0]:main():gmm-acc-stats-twofeats.cc:140) Average like for this file is -46.0189 over 330 frames.
LOG (gmm-acc-stats-twofeats[5.5.208~1-b0fc0]:main():gmm-acc-stats-twofeats.cc:146) Avg like per frame so far is -45.5681
LOG (gmm-acc-stats-twofeats[5.5.208~1-b0fc0]:main():gmm-acc-stats-twofeats.cc:140) Average like for this file is -45.8284 over 285 frames.
LOG (gmm-acc-stats-twofeats[5.5.208~1-b0fc0]:main():gmm-acc-stats-twofeats.cc:140) Average like for this file is -42.3402 over 226 frames.
LOG (gmm-acc-stats-twofeats[5.5.208~1-b0fc0]:main():gmm-acc-stats-twofeats.cc:140) Average like for this file is -47.1444 over 251 frames.
LOG (gmm-acc-stats-twofeats[5.5.208~1-b0fc0]:main():gmm-acc-stats-twofeats.cc:140) Average like for this file is -43.0777 over 268 frames.
LOG (gmm-acc-stats-twofeats[5.5.208~1-b0fc0]:main():gmm-acc-stats-twofeats.cc:140) Average like for this file is -43.7835 over 166 frames.
LOG (gmm-acc-stats-twofeats[5.5.208~1-b0fc0]:main():gmm-acc-stats-twofeats.cc:140) Average like for this file is -47.5144 over 235 frames.
LOG (gmm-acc-stats-twofeats[5.5.208~1-b0fc0]:main():gmm-acc-stats-twofeats.cc:140) Average like for this file is -44.193 over 501 frames.
LOG (gmm-acc-stats-twofeats[5.5.208~1-b0fc0]:main():gmm-acc-stats-twofeats.cc:140) Average like for this file is -45.1218 over 242 frames.
LOG (gmm-acc-stats-twofeats[5.5.208~1-b0fc0]:main():gmm-acc-stats-twofeats.cc:140) Average like for this file is -43.2999 over 258 frames.
LOG (gmm-acc-stats-twofeats[5.5.208~1-b0fc0]:main():gmm-acc-stats-twofeats.cc:140) Average like for this file is -46.112 over 322 frames.
LOG (gmm-acc-stats-twofeats[5.5.208~1-b0fc0]:main():gmm-acc-stats-twofeats.cc:146) Avg like per frame so far is -45.4737
LOG (gmm-acc-stats-twofeats[5.5.208~1-b0fc0]:main():gmm-acc-stats-twofeats.cc:140) Average like for this file is -45.8299 over 330 frames.
LOG (gmm-acc-stats-twofeats[5.5.208~1-b0fc0]:main():gmm-acc-stats-twofeats.cc:140) Average like for this file is -45.1463 over 268 frames.
LOG (gmm-acc-stats-twofeats[5.5.208~1-b0fc0]:main():gmm-acc-stats-twofeats.cc:140) Average like for this file is -41.5775 over 280 frames.
LOG (gmm-acc-stats-twofeats[5.5.208~1-b0fc0]:main():gmm-acc-stats-twofeats.cc:140) Average like for this file is -46.7398 over 402 frames.
LOG (gmm-acc-stats-twofeats[5.5.208~1-b0fc0]:main():gmm-acc-stats-twofeats.cc:140) Average like for this file is -50.925 over 173 frames.
LOG (gmm-acc-stats-twofeats[5.5.208~1-b0fc0]:main():gmm-acc-stats-twofeats.cc:140) Average like for this file is -40.2467 over 247 frames.
LOG (gmm-acc-stats-twofeats[5.5.208~1-b0fc0]:main():gmm-acc-stats-twofeats.cc:140) Average like for this file is -57.3283 over 251 frames.
LOG (gmm-acc-stats-twofeats[5.5.208~1-b0fc0]:main():gmm-acc-stats-twofeats.cc:140) Average like for this file is -47.0814 over 378 frames.
LOG (gmm-acc-stats-twofeats[5.5.208~1-b0fc0]:main():gmm-acc-stats-twofeats.cc:140) Average like for this file is -47.5106 over 226 frames.
LOG (gmm-acc-stats-twofeats[5.5.208~1-b0fc0]:main():gmm-acc-stats-twofeats.cc:140) Average like for this file is -45.8032 over 189 frames.
LOG (gmm-acc-stats-twofeats[5.5.208~1-b0fc0]:main():gmm-acc-stats-twofeats.cc:146) Avg like per frame so far is -45.6093
LOG (gmm-acc-stats-twofeats[5.5.208~1-b0fc0]:main():gmm-acc-stats-twofeats.cc:140) Average like for this file is -45.9396 over 232 frames.
LOG (gmm-acc-stats-twofeats[5.5.208~1-b0fc0]:main():gmm-acc-stats-twofeats.cc:140) Average like for this file is -43.7501 over 187 frames.
LOG (gmm-acc-stats-twofeats[5.5.208~1-b0fc0]:main():gmm-acc-stats-twofeats.cc:140) Average like for this file is -45.604 over 339 frames.
LOG (gmm-acc-stats-twofeats[5.5.208~1-b0fc0]:main():gmm-acc-stats-twofeats.cc:140) Average like for this file is -43.3153 over 283 frames.
LOG (gmm-acc-stats-twofeats[5.5.208~1-b0fc0]:main():gmm-acc-stats-twofeats.cc:140) Average like for this file is -47.8811 over 336 frames.
LOG (gmm-acc-stats-twofeats[5.5.208~1-b0fc0]:main():gmm-acc-stats-twofeats.cc:140) Average like for this file is -48.3244 over 484 frames.
LOG (gmm-acc-stats-twofeats[5.5.208~1-b0fc0]:main():gmm-acc-stats-twofeats.cc:140) Average like for this file is -44.2341 over 331 frames.
LOG (gmm-acc-stats-twofeats[5.5.208~1-b0fc0]:main():gmm-acc-stats-twofeats.cc:140) Average like for this file is -48.8629 over 276 frames.
LOG (gmm-acc-stats-twofeats[5.5.208~1-b0fc0]:main():gmm-acc-stats-twofeats.cc:140) Average like for this file is -49.6701 over 419 frames.
LOG (gmm-acc-stats-twofeats[5.5.208~1-b0fc0]:main():gmm-acc-stats-twofeats.cc:140) Average like for this file is -42.5718 over 273 frames.
LOG (gmm-acc-stats-twofeats[5.5.208~1-b0fc0]:main():gmm-acc-stats-twofeats.cc:146) Avg like per frame so far is -45.7014
LOG (gmm-acc-stats-twofeats[5.5.208~1-b0fc0]:main():gmm-acc-stats-twofeats.cc:140) Average like for this file is -46.4872 over 428 frames.
LOG (gmm-acc-stats-twofeats[5.5.208~1-b0fc0]:main():gmm-acc-stats-twofeats.cc:140) Average like for this file is -46.7961 over 199 frames.
LOG (gmm-acc-stats-twofeats[5.5.208~1-b0fc0]:main():gmm-acc-stats-twofeats.cc:140) Average like for this file is -46.2393 over 298 frames.
LOG (gmm-acc-stats-twofeats[5.5.208~1-b0fc0]:main():gmm-acc-stats-twofeats.cc:140) Average like for this file is -37.7614 over 205 frames.
LOG (gmm-acc-stats-twofeats[5.5.208~1-b0fc0]:main():gmm-acc-stats-twofeats.cc:140) Average like for this file is -42.5432 over 225 frames.
LOG (gmm-acc-stats-twofeats[5.5.208~1-b0fc0]:main():gmm-acc-stats-twofeats.cc:140) Average like for this file is -48.8587 over 202 frames.
LOG (gmm-acc-stats-twofeats[5.5.208~1-b0fc0]:main():gmm-acc-stats-twofeats.cc:140) Average like for this file is -44.7894 over 138 frames.
LOG (gmm-acc-stats-twofeats[5.5.208~1-b0fc0]:main():gmm-acc-stats-twofeats.cc:140) Average like for this file is -48.282 over 282 frames.
LOG (gmm-acc-stats-twofeats[5.5.208~1-b0fc0]:main():gmm-acc-stats-twofeats.cc:140) Average like for this file is -46.6632 over 367 frames.
LOG (gmm-acc-stats-twofeats[5.5.208~1-b0fc0]:main():gmm-acc-stats-twofeats.cc:140) Average like for this file is -46.3044 over 305 frames.
LOG (gmm-acc-stats-twofeats[5.5.208~1-b0fc0]:main():gmm-acc-stats-twofeats.cc:146) Avg like per frame so far is -45.7066
LOG (gmm-acc-stats-twofeats[5.5.208~1-b0fc0]:main():gmm-acc-stats-twofeats.cc:140) Average like for this file is -46.2516 over 198 frames.
LOG (gmm-acc-stats-twofeats[5.5.208~1-b0fc0]:main():gmm-acc-stats-twofeats.cc:140) Average like for this file is -46.6862 over 244 frames.
LOG (gmm-acc-stats-twofeats[5.5.208~1-b0fc0]:main():gmm-acc-stats-twofeats.cc:140) Average like for this file is -45.5416 over 235 frames.
LOG (gmm-acc-stats-twofeats[5.5.208~1-b0fc0]:main():gmm-acc-stats-twofeats.cc:140) Average like for this file is -46.6138 over 248 frames.
LOG (ali-to-post[5.5.208~1-b0fc0]:main():ali-to-post.cc:73) Converted 120 alignments.
LOG (gmm-acc-stats-twofeats[5.5.208~1-b0fc0]:main():gmm-acc-stats-twofeats.cc:140) Average like for this file is -43.9263 over 449 frames.
LOG (gmm-acc-stats-twofeats[5.5.208~1-b0fc0]:main():gmm-acc-stats-twofeats.cc:140) Average like for this file is -48.4244 over 315 frames.
LOG (gmm-acc-stats-twofeats[5.5.208~1-b0fc0]:main():gmm-acc-stats-twofeats.cc:140) Average like for this file is -44.8193 over 478 frames.
LOG (gmm-acc-stats-twofeats[5.5.208~1-b0fc0]:main():gmm-acc-stats-twofeats.cc:140) Average like for this file is -48.2299 over 285 frames.
LOG (gmm-acc-stats-twofeats[5.5.208~1-b0fc0]:main():gmm-acc-stats-twofeats.cc:140) Average like for this file is -38.6035 over 194 frames.
LOG (gmm-acc-stats-twofeats[5.5.208~1-b0fc0]:main():gmm-acc-stats-twofeats.cc:140) Average like for this file is -42.2522 over 253 frames.
LOG (gmm-acc-stats-twofeats[5.5.208~1-b0fc0]:main():gmm-acc-stats-twofeats.cc:146) Avg like per frame so far is -45.6644
LOG (apply-cmvn[5.5.208~1-b0fc0]:main():apply-cmvn.cc:162) Applied cepstral mean normalization to 120 utterances, errors on 0
LOG (gmm-acc-stats-twofeats[5.5.208~1-b0fc0]:main():gmm-acc-stats-twofeats.cc:140) Average like for this file is -46.31 over 303 frames.
LOG (gmm-acc-stats-twofeats[5.5.208~1-b0fc0]:main():gmm-acc-stats-twofeats.cc:140) Average like for this file is -45.9689 over 317 frames.
LOG (apply-cmvn[5.5.208~1-b0fc0]:main():apply-cmvn.cc:162) Applied cepstral mean normalization to 120 utterances, errors on 0
LOG (gmm-acc-stats-twofeats[5.5.208~1-b0fc0]:main():gmm-acc-stats-twofeats.cc:140) Average like for this file is -47.357 over 183 frames.
LOG (gmm-acc-stats-twofeats[5.5.208~1-b0fc0]:main():gmm-acc-stats-twofeats.cc:140) Average like for this file is -46.2238 over 351 frames.
LOG (gmm-acc-stats-twofeats[5.5.208~1-b0fc0]:main():gmm-acc-stats-twofeats.cc:140) Average like for this file is -46.6092 over 281 frames.
LOG (gmm-acc-stats-twofeats[5.5.208~1-b0fc0]:main():gmm-acc-stats-twofeats.cc:140) Average like for this file is -47.8456 over 366 frames.
LOG (transform-feats[5.5.208~1-b0fc0]:main():transform-feats.cc:158) Overall average [pseudo-]logdet is -88.6037 over 35329 frames.
LOG (transform-feats[5.5.208~1-b0fc0]:main():transform-feats.cc:161) Applied transform to 120 utterances; 0 had errors.
LOG (gmm-acc-stats-twofeats[5.5.208~1-b0fc0]:main():gmm-acc-stats-twofeats.cc:140) Average like for this file is -43.533 over 327 frames.
LOG (gmm-acc-stats-twofeats[5.5.208~1-b0fc0]:main():gmm-acc-stats-twofeats.cc:140) Average like for this file is -44.9883 over 260 frames.
LOG (transform-feats[5.5.208~1-b0fc0]:main():transform-feats.cc:158) Overall average logdet is 3.05152 over 35329 frames.
LOG (transform-feats[5.5.208~1-b0fc0]:main():transform-feats.cc:158) Overall average [pseudo-]logdet is -88.6037 over 35329 frames.
LOG (transform-feats[5.5.208~1-b0fc0]:main():transform-feats.cc:161) Applied transform to 120 utterances; 0 had errors.
LOG (transform-feats[5.5.208~1-b0fc0]:main():transform-feats.cc:161) Applied transform to 120 utterances; 0 had errors.
LOG (gmm-acc-stats-twofeats[5.5.208~1-b0fc0]:main():gmm-acc-stats-twofeats.cc:140) Average like for this file is -48.5075 over 257 frames.
LOG (gmm-acc-stats-twofeats[5.5.208~1-b0fc0]:main():gmm-acc-stats-twofeats.cc:140) Average like for this file is -45.8402 over 328 frames.
LOG (gmm-acc-stats-twofeats[5.5.208~1-b0fc0]:main():gmm-acc-stats-twofeats.cc:146) Avg like per frame so far is -45.7147
LOG (gmm-acc-stats-twofeats[5.5.208~1-b0fc0]:main():gmm-acc-stats-twofeats.cc:150) Done 120 files, 0 with no posteriors, 0 with no second features, 0 with other errors.
LOG (gmm-acc-stats-twofeats[5.5.208~1-b0fc0]:main():gmm-acc-stats-twofeats.cc:155) Overall avg like per frame (Gaussian only) = -45.7147 over 35329 frames.
LOG (gmm-acc-stats-twofeats[5.5.208~1-b0fc0]:main():gmm-acc-stats-twofeats.cc:163) Written accs.
# Accounting: time=1 threads=1
# Ended (code 0) at Wed Feb 27 14:33:32 +07 2019, elapsed time 1 seconds
