# ali-to-post "ark:gunzip -c exp/tri3/ali.12.gz|" ark:- | weight-silence-post 0.0 1 exp/tri3/6.mdl ark:- ark:- | gmm-est-fmllr --fmllr-update-type=full --spk2utt=ark:data/train/split30/12/spk2utt exp/tri3/6.mdl "ark,s,cs:apply-cmvn  --utt2spk=ark:data/train/split30/12/utt2spk scp:data/train/split30/12/cmvn.scp scp:data/train/split30/12/feats.scp ark:- | splice-feats --left-context=3 --right-context=3 ark:- ark:- | transform-feats exp/tri2_ali/final.mat ark:- ark:- | transform-feats --utt2spk=ark:data/train/split30/12/utt2spk ark:exp/tri3/trans.12 ark:- ark:- |" ark:- ark:exp/tri3/tmp_trans.12 
# Started at Wed Feb 27 14:29:38 +07 2019
#
gmm-est-fmllr --fmllr-update-type=full --spk2utt=ark:data/train/split30/12/spk2utt exp/tri3/6.mdl 'ark,s,cs:apply-cmvn  --utt2spk=ark:data/train/split30/12/utt2spk scp:data/train/split30/12/cmvn.scp scp:data/train/split30/12/feats.scp ark:- | splice-feats --left-context=3 --right-context=3 ark:- ark:- | transform-feats exp/tri2_ali/final.mat ark:- ark:- | transform-feats --utt2spk=ark:data/train/split30/12/utt2spk ark:exp/tri3/trans.12 ark:- ark:- |' ark:- ark:exp/tri3/tmp_trans.12 
ali-to-post 'ark:gunzip -c exp/tri3/ali.12.gz|' ark:- 
weight-silence-post 0.0 1 exp/tri3/6.mdl ark:- ark:- 
splice-feats --left-context=3 --right-context=3 ark:- ark:- 
apply-cmvn --utt2spk=ark:data/train/split30/12/utt2spk scp:data/train/split30/12/cmvn.scp scp:data/train/split30/12/feats.scp ark:- 
transform-feats --utt2spk=ark:data/train/split30/12/utt2spk ark:exp/tri3/trans.12 ark:- ark:- 
transform-feats exp/tri2_ali/final.mat ark:- ark:- 
LOG (gmm-est-fmllr[5.5.208~1-b0fc0]:ComputeFmllrMatrixDiagGmmFull():fmllr-diag-gmm.cc:262) fMLLR objf improvement is 0.0874989 per frame over 1745 frames.
LOG (gmm-est-fmllr[5.5.208~1-b0fc0]:main():gmm-est-fmllr.cc:143) For speaker MCLM0, auxf-impr from fMLLR is 0.0874989, over 1745 frames.
LOG (gmm-est-fmllr[5.5.208~1-b0fc0]:ComputeFmllrMatrixDiagGmmFull():fmllr-diag-gmm.cc:262) fMLLR objf improvement is 0.0738838 per frame over 2006 frames.
LOG (gmm-est-fmllr[5.5.208~1-b0fc0]:main():gmm-est-fmllr.cc:143) For speaker MCPM0, auxf-impr from fMLLR is 0.0738838, over 2006 frames.
LOG (gmm-est-fmllr[5.5.208~1-b0fc0]:ComputeFmllrMatrixDiagGmmFull():fmllr-diag-gmm.cc:262) fMLLR objf improvement is 0.0661914 per frame over 2118 frames.
LOG (gmm-est-fmllr[5.5.208~1-b0fc0]:main():gmm-est-fmllr.cc:143) For speaker MCRE0, auxf-impr from fMLLR is 0.0661914, over 2118 frames.
LOG (gmm-est-fmllr[5.5.208~1-b0fc0]:ComputeFmllrMatrixDiagGmmFull():fmllr-diag-gmm.cc:262) fMLLR objf improvement is 0.0659324 per frame over 2329 frames.
LOG (gmm-est-fmllr[5.5.208~1-b0fc0]:main():gmm-est-fmllr.cc:143) For speaker MCSS0, auxf-impr from fMLLR is 0.0659324, over 2329 frames.
LOG (gmm-est-fmllr[5.5.208~1-b0fc0]:ComputeFmllrMatrixDiagGmmFull():fmllr-diag-gmm.cc:262) fMLLR objf improvement is 0.0710059 per frame over 2166 frames.
LOG (gmm-est-fmllr[5.5.208~1-b0fc0]:main():gmm-est-fmllr.cc:143) For speaker MCTH0, auxf-impr from fMLLR is 0.0710059, over 2166 frames.
LOG (gmm-est-fmllr[5.5.208~1-b0fc0]:ComputeFmllrMatrixDiagGmmFull():fmllr-diag-gmm.cc:262) fMLLR objf improvement is 0.0698739 per frame over 2111 frames.
LOG (gmm-est-fmllr[5.5.208~1-b0fc0]:main():gmm-est-fmllr.cc:143) For speaker MCTM0, auxf-impr from fMLLR is 0.069874, over 2111 frames.
LOG (gmm-est-fmllr[5.5.208~1-b0fc0]:ComputeFmllrMatrixDiagGmmFull():fmllr-diag-gmm.cc:262) fMLLR objf improvement is 0.0616911 per frame over 2144 frames.
LOG (gmm-est-fmllr[5.5.208~1-b0fc0]:main():gmm-est-fmllr.cc:143) For speaker MCXM0, auxf-impr from fMLLR is 0.0616911, over 2144 frames.
LOG (gmm-est-fmllr[5.5.208~1-b0fc0]:ComputeFmllrMatrixDiagGmmFull():fmllr-diag-gmm.cc:262) fMLLR objf improvement is 0.0758017 per frame over 2253 frames.
LOG (gmm-est-fmllr[5.5.208~1-b0fc0]:main():gmm-est-fmllr.cc:143) For speaker MDAC0, auxf-impr from fMLLR is 0.0758017, over 2253 frames.
LOG (gmm-est-fmllr[5.5.208~1-b0fc0]:ComputeFmllrMatrixDiagGmmFull():fmllr-diag-gmm.cc:262) fMLLR objf improvement is 0.0775544 per frame over 1958 frames.
LOG (gmm-est-fmllr[5.5.208~1-b0fc0]:main():gmm-est-fmllr.cc:143) For speaker MDAS0, auxf-impr from fMLLR is 0.0775544, over 1958 frames.
LOG (gmm-est-fmllr[5.5.208~1-b0fc0]:ComputeFmllrMatrixDiagGmmFull():fmllr-diag-gmm.cc:262) fMLLR objf improvement is 0.0704022 per frame over 2024 frames.
LOG (gmm-est-fmllr[5.5.208~1-b0fc0]:main():gmm-est-fmllr.cc:143) For speaker MDBB1, auxf-impr from fMLLR is 0.0704022, over 2024 frames.
LOG (gmm-est-fmllr[5.5.208~1-b0fc0]:ComputeFmllrMatrixDiagGmmFull():fmllr-diag-gmm.cc:262) fMLLR objf improvement is 0.0721102 per frame over 2387 frames.
LOG (gmm-est-fmllr[5.5.208~1-b0fc0]:main():gmm-est-fmllr.cc:143) For speaker MDBP0, auxf-impr from fMLLR is 0.0721102, over 2387 frames.
LOG (ali-to-post[5.5.208~1-b0fc0]:main():ali-to-post.cc:73) Converted 120 alignments.
LOG (gmm-est-fmllr[5.5.208~1-b0fc0]:ComputeFmllrMatrixDiagGmmFull():fmllr-diag-gmm.cc:262) fMLLR objf improvement is 0.0738183 per frame over 2102 frames.
LOG (gmm-est-fmllr[5.5.208~1-b0fc0]:main():gmm-est-fmllr.cc:143) For speaker MDCD0, auxf-impr from fMLLR is 0.0738183, over 2102 frames.
LOG (gmm-est-fmllr[5.5.208~1-b0fc0]:ComputeFmllrMatrixDiagGmmFull():fmllr-diag-gmm.cc:262) fMLLR objf improvement is 0.0599338 per frame over 2195 frames.
LOG (gmm-est-fmllr[5.5.208~1-b0fc0]:main():gmm-est-fmllr.cc:143) For speaker MDCM0, auxf-impr from fMLLR is 0.0599338, over 2195 frames.
LOG (weight-silence-post[5.5.208~1-b0fc0]:main():weight-silence-post.cc:95) Done 120 posteriors.
LOG (apply-cmvn[5.5.208~1-b0fc0]:main():apply-cmvn.cc:162) Applied cepstral mean normalization to 120 utterances, errors on 0
LOG (gmm-est-fmllr[5.5.208~1-b0fc0]:ComputeFmllrMatrixDiagGmmFull():fmllr-diag-gmm.cc:262) fMLLR objf improvement is 0.0750895 per frame over 2012 frames.
LOG (gmm-est-fmllr[5.5.208~1-b0fc0]:main():gmm-est-fmllr.cc:143) For speaker MDDC0, auxf-impr from fMLLR is 0.0750895, over 2012 frames.
LOG (transform-feats[5.5.208~1-b0fc0]:main():transform-feats.cc:158) Overall average [pseudo-]logdet is -88.6037 over 35253 frames.
LOG (transform-feats[5.5.208~1-b0fc0]:main():transform-feats.cc:161) Applied transform to 120 utterances; 0 had errors.
LOG (transform-feats[5.5.208~1-b0fc0]:main():transform-feats.cc:158) Overall average logdet is 2.9669 over 35253 frames.
LOG (transform-feats[5.5.208~1-b0fc0]:main():transform-feats.cc:161) Applied transform to 120 utterances; 0 had errors.
LOG (gmm-est-fmllr[5.5.208~1-b0fc0]:ComputeFmllrMatrixDiagGmmFull():fmllr-diag-gmm.cc:262) fMLLR objf improvement is 0.0700452 per frame over 2265 frames.
LOG (gmm-est-fmllr[5.5.208~1-b0fc0]:main():gmm-est-fmllr.cc:143) For speaker MDED0, auxf-impr from fMLLR is 0.0700452, over 2265 frames.
LOG (gmm-est-fmllr[5.5.208~1-b0fc0]:main():gmm-est-fmllr.cc:188) Done 120 files, 0 with no posts, 0 with other errors.
LOG (gmm-est-fmllr[5.5.208~1-b0fc0]:main():gmm-est-fmllr.cc:190) Overall fMLLR auxf impr per frame is 0.0710961 over 31815 frames.
# Accounting: time=5 threads=1
# Ended (code 0) at Wed Feb 27 14:29:43 +07 2019, elapsed time 5 seconds
