# ali-to-post "ark:gunzip -c exp/tri3/ali.11.gz|" ark:- | weight-silence-post 0.0 1 exp/tri3/2.mdl ark:- ark:- | gmm-est-fmllr --fmllr-update-type=full --spk2utt=ark:data/train/split30/11/spk2utt exp/tri3/2.mdl "ark,s,cs:apply-cmvn  --utt2spk=ark:data/train/split30/11/utt2spk scp:data/train/split30/11/cmvn.scp scp:data/train/split30/11/feats.scp ark:- | splice-feats --left-context=3 --right-context=3 ark:- ark:- | transform-feats exp/tri2_ali/final.mat ark:- ark:- | transform-feats --utt2spk=ark:data/train/split30/11/utt2spk ark,s,cs:exp/tri3/trans.11 ark:- ark:- |" ark:- ark:exp/tri3/tmp_trans.11 
# Started at Wed Feb 27 14:28:08 +07 2019
#
weight-silence-post 0.0 1 exp/tri3/2.mdl ark:- ark:- 
ali-to-post 'ark:gunzip -c exp/tri3/ali.11.gz|' ark:- 
gmm-est-fmllr --fmllr-update-type=full --spk2utt=ark:data/train/split30/11/spk2utt exp/tri3/2.mdl 'ark,s,cs:apply-cmvn  --utt2spk=ark:data/train/split30/11/utt2spk scp:data/train/split30/11/cmvn.scp scp:data/train/split30/11/feats.scp ark:- | splice-feats --left-context=3 --right-context=3 ark:- ark:- | transform-feats exp/tri2_ali/final.mat ark:- ark:- | transform-feats --utt2spk=ark:data/train/split30/11/utt2spk ark,s,cs:exp/tri3/trans.11 ark:- ark:- |' ark:- ark:exp/tri3/tmp_trans.11 
splice-feats --left-context=3 --right-context=3 ark:- ark:- 
transform-feats exp/tri2_ali/final.mat ark:- ark:- 
transform-feats --utt2spk=ark:data/train/split30/11/utt2spk ark,s,cs:exp/tri3/trans.11 ark:- ark:- 
apply-cmvn --utt2spk=ark:data/train/split30/11/utt2spk scp:data/train/split30/11/cmvn.scp scp:data/train/split30/11/feats.scp ark:- 
LOG (gmm-est-fmllr[5.5.208~1-b0fc0]:ComputeFmllrMatrixDiagGmmFull():fmllr-diag-gmm.cc:262) fMLLR objf improvement is 1.12489 per frame over 2152 frames.
LOG (gmm-est-fmllr[5.5.208~1-b0fc0]:main():gmm-est-fmllr.cc:143) For speaker MBMA0, auxf-impr from fMLLR is 1.12489, over 2152 frames.
LOG (gmm-est-fmllr[5.5.208~1-b0fc0]:ComputeFmllrMatrixDiagGmmFull():fmllr-diag-gmm.cc:262) fMLLR objf improvement is 1.0071 per frame over 2128 frames.
LOG (gmm-est-fmllr[5.5.208~1-b0fc0]:main():gmm-est-fmllr.cc:143) For speaker MBMA1, auxf-impr from fMLLR is 1.0071, over 2128 frames.
LOG (gmm-est-fmllr[5.5.208~1-b0fc0]:ComputeFmllrMatrixDiagGmmFull():fmllr-diag-gmm.cc:262) fMLLR objf improvement is 0.893285 per frame over 1949 frames.
LOG (gmm-est-fmllr[5.5.208~1-b0fc0]:main():gmm-est-fmllr.cc:143) For speaker MBML0, auxf-impr from fMLLR is 0.893285, over 1949 frames.
LOG (gmm-est-fmllr[5.5.208~1-b0fc0]:ComputeFmllrMatrixDiagGmmFull():fmllr-diag-gmm.cc:262) fMLLR objf improvement is 0.698003 per frame over 1908 frames.
LOG (gmm-est-fmllr[5.5.208~1-b0fc0]:main():gmm-est-fmllr.cc:143) For speaker MBOM0, auxf-impr from fMLLR is 0.698003, over 1908 frames.
LOG (gmm-est-fmllr[5.5.208~1-b0fc0]:ComputeFmllrMatrixDiagGmmFull():fmllr-diag-gmm.cc:262) fMLLR objf improvement is 0.797174 per frame over 1442 frames.
LOG (gmm-est-fmllr[5.5.208~1-b0fc0]:main():gmm-est-fmllr.cc:143) For speaker MBSB0, auxf-impr from fMLLR is 0.797174, over 1442 frames.
LOG (gmm-est-fmllr[5.5.208~1-b0fc0]:ComputeFmllrMatrixDiagGmmFull():fmllr-diag-gmm.cc:262) fMLLR objf improvement is 0.755577 per frame over 2349 frames.
LOG (gmm-est-fmllr[5.5.208~1-b0fc0]:main():gmm-est-fmllr.cc:143) For speaker MBTH0, auxf-impr from fMLLR is 0.755577, over 2349 frames.
LOG (gmm-est-fmllr[5.5.208~1-b0fc0]:ComputeFmllrMatrixDiagGmmFull():fmllr-diag-gmm.cc:262) fMLLR objf improvement is 0.885148 per frame over 2190 frames.
LOG (gmm-est-fmllr[5.5.208~1-b0fc0]:main():gmm-est-fmllr.cc:143) For speaker MBWP0, auxf-impr from fMLLR is 0.885148, over 2190 frames.
LOG (gmm-est-fmllr[5.5.208~1-b0fc0]:ComputeFmllrMatrixDiagGmmFull():fmllr-diag-gmm.cc:262) fMLLR objf improvement is 1.08876 per frame over 2857 frames.
LOG (gmm-est-fmllr[5.5.208~1-b0fc0]:main():gmm-est-fmllr.cc:143) For speaker MCAE0, auxf-impr from fMLLR is 1.08876, over 2857 frames.
LOG (gmm-est-fmllr[5.5.208~1-b0fc0]:ComputeFmllrMatrixDiagGmmFull():fmllr-diag-gmm.cc:262) fMLLR objf improvement is 1.06514 per frame over 2189 frames.
LOG (gmm-est-fmllr[5.5.208~1-b0fc0]:main():gmm-est-fmllr.cc:143) For speaker MCAL0, auxf-impr from fMLLR is 1.06514, over 2189 frames.
LOG (gmm-est-fmllr[5.5.208~1-b0fc0]:ComputeFmllrMatrixDiagGmmFull():fmllr-diag-gmm.cc:262) fMLLR objf improvement is 0.660571 per frame over 2078 frames.
LOG (gmm-est-fmllr[5.5.208~1-b0fc0]:main():gmm-est-fmllr.cc:143) For speaker MCDC0, auxf-impr from fMLLR is 0.660571, over 2078 frames.
LOG (gmm-est-fmllr[5.5.208~1-b0fc0]:ComputeFmllrMatrixDiagGmmFull():fmllr-diag-gmm.cc:262) fMLLR objf improvement is 0.956581 per frame over 1847 frames.
LOG (gmm-est-fmllr[5.5.208~1-b0fc0]:main():gmm-est-fmllr.cc:143) For speaker MCDD0, auxf-impr from fMLLR is 0.956581, over 1847 frames.
LOG (gmm-est-fmllr[5.5.208~1-b0fc0]:ComputeFmllrMatrixDiagGmmFull():fmllr-diag-gmm.cc:262) fMLLR objf improvement is 0.849194 per frame over 2473 frames.
LOG (gmm-est-fmllr[5.5.208~1-b0fc0]:main():gmm-est-fmllr.cc:143) For speaker MCDR0, auxf-impr from fMLLR is 0.849194, over 2473 frames.
LOG (ali-to-post[5.5.208~1-b0fc0]:main():ali-to-post.cc:73) Converted 128 alignments.
LOG (gmm-est-fmllr[5.5.208~1-b0fc0]:ComputeFmllrMatrixDiagGmmFull():fmllr-diag-gmm.cc:262) fMLLR objf improvement is 0.662988 per frame over 2049 frames.
LOG (gmm-est-fmllr[5.5.208~1-b0fc0]:main():gmm-est-fmllr.cc:143) For speaker MCEF0, auxf-impr from fMLLR is 0.662988, over 2049 frames.
LOG (gmm-est-fmllr[5.5.208~1-b0fc0]:ComputeFmllrMatrixDiagGmmFull():fmllr-diag-gmm.cc:262) fMLLR objf improvement is 0.907697 per frame over 2361 frames.
LOG (gmm-est-fmllr[5.5.208~1-b0fc0]:main():gmm-est-fmllr.cc:143) For speaker MCEW0, auxf-impr from fMLLR is 0.907697, over 2361 frames.
LOG (weight-silence-post[5.5.208~1-b0fc0]:main():weight-silence-post.cc:95) Done 128 posteriors.
LOG (apply-cmvn[5.5.208~1-b0fc0]:main():apply-cmvn.cc:162) Applied cepstral mean normalization to 128 utterances, errors on 0
LOG (gmm-est-fmllr[5.5.208~1-b0fc0]:ComputeFmllrMatrixDiagGmmFull():fmllr-diag-gmm.cc:262) fMLLR objf improvement is 1.01376 per frame over 2139 frames.
LOG (gmm-est-fmllr[5.5.208~1-b0fc0]:main():gmm-est-fmllr.cc:143) For speaker MCHL0, auxf-impr from fMLLR is 1.01376, over 2139 frames.
LOG (transform-feats[5.5.208~1-b0fc0]:main():transform-feats.cc:158) Overall average [pseudo-]logdet is -88.6037 over 38833 frames.
LOG (transform-feats[5.5.208~1-b0fc0]:main():transform-feats.cc:161) Applied transform to 128 utterances; 0 had errors.
LOG (transform-feats[5.5.208~1-b0fc0]:main():transform-feats.cc:158) Overall average logdet is 2.75564 over 38833 frames.
LOG (transform-feats[5.5.208~1-b0fc0]:main():transform-feats.cc:161) Applied transform to 128 utterances; 0 had errors.
LOG (gmm-est-fmllr[5.5.208~1-b0fc0]:ComputeFmllrMatrixDiagGmmFull():fmllr-diag-gmm.cc:262) fMLLR objf improvement is 0.639694 per frame over 2174 frames.
LOG (gmm-est-fmllr[5.5.208~1-b0fc0]:main():gmm-est-fmllr.cc:143) For speaker MCLK0, auxf-impr from fMLLR is 0.639694, over 2174 frames.
LOG (gmm-est-fmllr[5.5.208~1-b0fc0]:main():gmm-est-fmllr.cc:188) Done 128 files, 0 with no posts, 0 with other errors.
LOG (gmm-est-fmllr[5.5.208~1-b0fc0]:main():gmm-est-fmllr.cc:190) Overall fMLLR auxf impr per frame is 0.882073 over 34285 frames.
# Accounting: time=5 threads=1
# Ended (code 0) at Wed Feb 27 14:28:13 +07 2019, elapsed time 5 seconds
