# ali-to-post "ark:gunzip -c exp/tri3/ali.17.gz|" ark:- | weight-silence-post 0.0 1 exp/tri3/4.mdl ark:- ark:- | gmm-est-fmllr --fmllr-update-type=full --spk2utt=ark:data/train/split30/17/spk2utt exp/tri3/4.mdl "ark,s,cs:apply-cmvn  --utt2spk=ark:data/train/split30/17/utt2spk scp:data/train/split30/17/cmvn.scp scp:data/train/split30/17/feats.scp ark:- | splice-feats --left-context=3 --right-context=3 ark:- ark:- | transform-feats exp/tri2_ali/final.mat ark:- ark:- | transform-feats --utt2spk=ark:data/train/split30/17/utt2spk ark:exp/tri3/trans.17 ark:- ark:- |" ark:- ark:exp/tri3/tmp_trans.17 
# Started at Wed Feb 27 14:29:02 +07 2019
#
ali-to-post 'ark:gunzip -c exp/tri3/ali.17.gz|' ark:- 
weight-silence-post 0.0 1 exp/tri3/4.mdl ark:- ark:- 
gmm-est-fmllr --fmllr-update-type=full --spk2utt=ark:data/train/split30/17/spk2utt exp/tri3/4.mdl 'ark,s,cs:apply-cmvn  --utt2spk=ark:data/train/split30/17/utt2spk scp:data/train/split30/17/cmvn.scp scp:data/train/split30/17/feats.scp ark:- | splice-feats --left-context=3 --right-context=3 ark:- ark:- | transform-feats exp/tri2_ali/final.mat ark:- ark:- | transform-feats --utt2spk=ark:data/train/split30/17/utt2spk ark:exp/tri3/trans.17 ark:- ark:- |' ark:- ark:exp/tri3/tmp_trans.17 
transform-feats exp/tri2_ali/final.mat ark:- ark:- 
splice-feats --left-context=3 --right-context=3 ark:- ark:- 
transform-feats --utt2spk=ark:data/train/split30/17/utt2spk ark:exp/tri3/trans.17 ark:- ark:- 
apply-cmvn --utt2spk=ark:data/train/split30/17/utt2spk scp:data/train/split30/17/cmvn.scp scp:data/train/split30/17/feats.scp ark:- 
LOG (gmm-est-fmllr[5.5.208~1-b0fc0]:ComputeFmllrMatrixDiagGmmFull():fmllr-diag-gmm.cc:262) fMLLR objf improvement is 0.0414344 per frame over 1847 frames.
LOG (gmm-est-fmllr[5.5.208~1-b0fc0]:main():gmm-est-fmllr.cc:143) For speaker MILB0, auxf-impr from fMLLR is 0.0414344, over 1847 frames.
LOG (gmm-est-fmllr[5.5.208~1-b0fc0]:ComputeFmllrMatrixDiagGmmFull():fmllr-diag-gmm.cc:262) fMLLR objf improvement is 0.0477347 per frame over 2122 frames.
LOG (gmm-est-fmllr[5.5.208~1-b0fc0]:main():gmm-est-fmllr.cc:143) For speaker MJAC0, auxf-impr from fMLLR is 0.0477347, over 2122 frames.
LOG (gmm-est-fmllr[5.5.208~1-b0fc0]:ComputeFmllrMatrixDiagGmmFull():fmllr-diag-gmm.cc:262) fMLLR objf improvement is 0.0504334 per frame over 2308 frames.
LOG (gmm-est-fmllr[5.5.208~1-b0fc0]:main():gmm-est-fmllr.cc:143) For speaker MJAE0, auxf-impr from fMLLR is 0.0504334, over 2308 frames.
LOG (gmm-est-fmllr[5.5.208~1-b0fc0]:ComputeFmllrMatrixDiagGmmFull():fmllr-diag-gmm.cc:262) fMLLR objf improvement is 0.0457528 per frame over 2078 frames.
LOG (gmm-est-fmllr[5.5.208~1-b0fc0]:main():gmm-est-fmllr.cc:143) For speaker MJAI0, auxf-impr from fMLLR is 0.0457528, over 2078 frames.
LOG (gmm-est-fmllr[5.5.208~1-b0fc0]:ComputeFmllrMatrixDiagGmmFull():fmllr-diag-gmm.cc:262) fMLLR objf improvement is 0.0430883 per frame over 2222 frames.
LOG (gmm-est-fmllr[5.5.208~1-b0fc0]:main():gmm-est-fmllr.cc:143) For speaker MJBG0, auxf-impr from fMLLR is 0.0430883, over 2222 frames.
LOG (gmm-est-fmllr[5.5.208~1-b0fc0]:ComputeFmllrMatrixDiagGmmFull():fmllr-diag-gmm.cc:262) fMLLR objf improvement is 0.0462988 per frame over 1644 frames.
LOG (gmm-est-fmllr[5.5.208~1-b0fc0]:main():gmm-est-fmllr.cc:143) For speaker MJDA0, auxf-impr from fMLLR is 0.0462988, over 1644 frames.
LOG (gmm-est-fmllr[5.5.208~1-b0fc0]:ComputeFmllrMatrixDiagGmmFull():fmllr-diag-gmm.cc:262) fMLLR objf improvement is 0.0548863 per frame over 1842 frames.
LOG (gmm-est-fmllr[5.5.208~1-b0fc0]:main():gmm-est-fmllr.cc:143) For speaker MJDC0, auxf-impr from fMLLR is 0.0548863, over 1842 frames.
LOG (gmm-est-fmllr[5.5.208~1-b0fc0]:ComputeFmllrMatrixDiagGmmFull():fmllr-diag-gmm.cc:262) fMLLR objf improvement is 0.0412411 per frame over 2988 frames.
LOG (gmm-est-fmllr[5.5.208~1-b0fc0]:main():gmm-est-fmllr.cc:143) For speaker MJDE0, auxf-impr from fMLLR is 0.0412411, over 2988 frames.
LOG (gmm-est-fmllr[5.5.208~1-b0fc0]:ComputeFmllrMatrixDiagGmmFull():fmllr-diag-gmm.cc:262) fMLLR objf improvement is 0.0414221 per frame over 2126 frames.
LOG (gmm-est-fmllr[5.5.208~1-b0fc0]:main():gmm-est-fmllr.cc:143) For speaker MJDG0, auxf-impr from fMLLR is 0.0414221, over 2126 frames.
LOG (gmm-est-fmllr[5.5.208~1-b0fc0]:ComputeFmllrMatrixDiagGmmFull():fmllr-diag-gmm.cc:262) fMLLR objf improvement is 0.0390633 per frame over 2416 frames.
LOG (gmm-est-fmllr[5.5.208~1-b0fc0]:main():gmm-est-fmllr.cc:143) For speaker MJDM0, auxf-impr from fMLLR is 0.0390633, over 2416 frames.
LOG (gmm-est-fmllr[5.5.208~1-b0fc0]:ComputeFmllrMatrixDiagGmmFull():fmllr-diag-gmm.cc:262) fMLLR objf improvement is 0.0467811 per frame over 2121 frames.
LOG (gmm-est-fmllr[5.5.208~1-b0fc0]:main():gmm-est-fmllr.cc:143) For speaker MJEB0, auxf-impr from fMLLR is 0.0467811, over 2121 frames.
LOG (ali-to-post[5.5.208~1-b0fc0]:main():ali-to-post.cc:73) Converted 120 alignments.
LOG (gmm-est-fmllr[5.5.208~1-b0fc0]:ComputeFmllrMatrixDiagGmmFull():fmllr-diag-gmm.cc:262) fMLLR objf improvement is 0.0490248 per frame over 2214 frames.
LOG (gmm-est-fmllr[5.5.208~1-b0fc0]:main():gmm-est-fmllr.cc:143) For speaker MJEB1, auxf-impr from fMLLR is 0.0490249, over 2214 frames.
LOG (gmm-est-fmllr[5.5.208~1-b0fc0]:ComputeFmllrMatrixDiagGmmFull():fmllr-diag-gmm.cc:262) fMLLR objf improvement is 0.0425324 per frame over 2180 frames.
LOG (gmm-est-fmllr[5.5.208~1-b0fc0]:main():gmm-est-fmllr.cc:143) For speaker MJEE0, auxf-impr from fMLLR is 0.0425324, over 2180 frames.
LOG (weight-silence-post[5.5.208~1-b0fc0]:main():weight-silence-post.cc:95) Done 120 posteriors.
LOG (apply-cmvn[5.5.208~1-b0fc0]:main():apply-cmvn.cc:162) Applied cepstral mean normalization to 120 utterances, errors on 0
LOG (gmm-est-fmllr[5.5.208~1-b0fc0]:ComputeFmllrMatrixDiagGmmFull():fmllr-diag-gmm.cc:262) fMLLR objf improvement is 0.0432598 per frame over 1755 frames.
LOG (gmm-est-fmllr[5.5.208~1-b0fc0]:main():gmm-est-fmllr.cc:143) For speaker MJFH0, auxf-impr from fMLLR is 0.0432598, over 1755 frames.
LOG (transform-feats[5.5.208~1-b0fc0]:main():transform-feats.cc:158) Overall average [pseudo-]logdet is -88.6037 over 36391 frames.
LOG (transform-feats[5.5.208~1-b0fc0]:main():transform-feats.cc:161) Applied transform to 120 utterances; 0 had errors.
LOG (transform-feats[5.5.208~1-b0fc0]:main():transform-feats.cc:158) Overall average logdet is 3.42874 over 36391 frames.
LOG (transform-feats[5.5.208~1-b0fc0]:main():transform-feats.cc:161) Applied transform to 120 utterances; 0 had errors.
LOG (gmm-est-fmllr[5.5.208~1-b0fc0]:ComputeFmllrMatrixDiagGmmFull():fmllr-diag-gmm.cc:262) fMLLR objf improvement is 0.0415584 per frame over 2454 frames.
LOG (gmm-est-fmllr[5.5.208~1-b0fc0]:main():gmm-est-fmllr.cc:143) For speaker MJFR0, auxf-impr from fMLLR is 0.0415584, over 2454 frames.
LOG (gmm-est-fmllr[5.5.208~1-b0fc0]:main():gmm-est-fmllr.cc:188) Done 120 files, 0 with no posts, 0 with other errors.
LOG (gmm-est-fmllr[5.5.208~1-b0fc0]:main():gmm-est-fmllr.cc:190) Overall fMLLR auxf impr per frame is 0.044754 over 32317 frames.
# Accounting: time=5 threads=1
# Ended (code 0) at Wed Feb 27 14:29:07 +07 2019, elapsed time 5 seconds
