# ali-to-post "ark:gunzip -c exp/tri2_ali/ali.21.gz|" ark:- | weight-silence-post 0.0 1 exp/tri2_ali/final.mdl ark:- ark:- | gmm-est-fmllr --fmllr-update-type=full --spk2utt=ark:data/train/split30/21/spk2utt exp/tri2_ali/final.mdl "ark,s,cs:apply-cmvn  --utt2spk=ark:data/train/split30/21/utt2spk scp:data/train/split30/21/cmvn.scp scp:data/train/split30/21/feats.scp ark:- | splice-feats --left-context=3 --right-context=3 ark:- ark:- | transform-feats exp/tri2_ali/final.mat ark:- ark:- |" ark:- ark:exp/tri3/trans.21 
# Started at Wed Feb 27 14:27:31 +07 2019
#
weight-silence-post 0.0 1 exp/tri2_ali/final.mdl ark:- ark:- 
gmm-est-fmllr --fmllr-update-type=full --spk2utt=ark:data/train/split30/21/spk2utt exp/tri2_ali/final.mdl 'ark,s,cs:apply-cmvn  --utt2spk=ark:data/train/split30/21/utt2spk scp:data/train/split30/21/cmvn.scp scp:data/train/split30/21/feats.scp ark:- | splice-feats --left-context=3 --right-context=3 ark:- ark:- | transform-feats exp/tri2_ali/final.mat ark:- ark:- |' ark:- ark:exp/tri3/trans.21 
ali-to-post 'ark:gunzip -c exp/tri2_ali/ali.21.gz|' ark:- 
transform-feats exp/tri2_ali/final.mat ark:- ark:- 
apply-cmvn --utt2spk=ark:data/train/split30/21/utt2spk scp:data/train/split30/21/cmvn.scp scp:data/train/split30/21/feats.scp ark:- 
splice-feats --left-context=3 --right-context=3 ark:- ark:- 
LOG (gmm-est-fmllr[5.5.208~1-b0fc0]:ComputeFmllrMatrixDiagGmmFull():fmllr-diag-gmm.cc:262) fMLLR objf improvement is 2.66392 per frame over 1964 frames.
LOG (gmm-est-fmllr[5.5.208~1-b0fc0]:main():gmm-est-fmllr.cc:143) For speaker MLNS0, auxf-impr from fMLLR is 2.66392, over 1964 frames.
LOG (gmm-est-fmllr[5.5.208~1-b0fc0]:ComputeFmllrMatrixDiagGmmFull():fmllr-diag-gmm.cc:262) fMLLR objf improvement is 2.08457 per frame over 2374 frames.
LOG (gmm-est-fmllr[5.5.208~1-b0fc0]:main():gmm-est-fmllr.cc:143) For speaker MLSH0, auxf-impr from fMLLR is 2.08457, over 2374 frames.
LOG (gmm-est-fmllr[5.5.208~1-b0fc0]:ComputeFmllrMatrixDiagGmmFull():fmllr-diag-gmm.cc:262) fMLLR objf improvement is 2.24615 per frame over 2268 frames.
LOG (gmm-est-fmllr[5.5.208~1-b0fc0]:main():gmm-est-fmllr.cc:143) For speaker MMAA0, auxf-impr from fMLLR is 2.24615, over 2268 frames.
LOG (gmm-est-fmllr[5.5.208~1-b0fc0]:ComputeFmllrMatrixDiagGmmFull():fmllr-diag-gmm.cc:262) fMLLR objf improvement is 2.47196 per frame over 2378 frames.
LOG (gmm-est-fmllr[5.5.208~1-b0fc0]:main():gmm-est-fmllr.cc:143) For speaker MMAB1, auxf-impr from fMLLR is 2.47196, over 2378 frames.
LOG (gmm-est-fmllr[5.5.208~1-b0fc0]:ComputeFmllrMatrixDiagGmmFull():fmllr-diag-gmm.cc:262) fMLLR objf improvement is 2.32263 per frame over 2494 frames.
LOG (gmm-est-fmllr[5.5.208~1-b0fc0]:main():gmm-est-fmllr.cc:143) For speaker MMAG0, auxf-impr from fMLLR is 2.32263, over 2494 frames.
LOG (gmm-est-fmllr[5.5.208~1-b0fc0]:ComputeFmllrMatrixDiagGmmFull():fmllr-diag-gmm.cc:262) fMLLR objf improvement is 2.41913 per frame over 1871 frames.
LOG (gmm-est-fmllr[5.5.208~1-b0fc0]:main():gmm-est-fmllr.cc:143) For speaker MMAM0, auxf-impr from fMLLR is 2.41913, over 1871 frames.
LOG (gmm-est-fmllr[5.5.208~1-b0fc0]:ComputeFmllrMatrixDiagGmmFull():fmllr-diag-gmm.cc:262) fMLLR objf improvement is 2.0653 per frame over 2717 frames.
LOG (gmm-est-fmllr[5.5.208~1-b0fc0]:main():gmm-est-fmllr.cc:143) For speaker MMAR0, auxf-impr from fMLLR is 2.0653, over 2717 frames.
LOG (gmm-est-fmllr[5.5.208~1-b0fc0]:ComputeFmllrMatrixDiagGmmFull():fmllr-diag-gmm.cc:262) fMLLR objf improvement is 3.33818 per frame over 2347 frames.
LOG (gmm-est-fmllr[5.5.208~1-b0fc0]:main():gmm-est-fmllr.cc:143) For speaker MMBS0, auxf-impr from fMLLR is 3.33818, over 2347 frames.
LOG (gmm-est-fmllr[5.5.208~1-b0fc0]:ComputeFmllrMatrixDiagGmmFull():fmllr-diag-gmm.cc:262) fMLLR objf improvement is 3.49158 per frame over 2049 frames.
LOG (gmm-est-fmllr[5.5.208~1-b0fc0]:main():gmm-est-fmllr.cc:143) For speaker MMCC0, auxf-impr from fMLLR is 3.49158, over 2049 frames.
LOG (gmm-est-fmllr[5.5.208~1-b0fc0]:ComputeFmllrMatrixDiagGmmFull():fmllr-diag-gmm.cc:262) fMLLR objf improvement is 2.60441 per frame over 1886 frames.
LOG (gmm-est-fmllr[5.5.208~1-b0fc0]:main():gmm-est-fmllr.cc:143) For speaker MMDB0, auxf-impr from fMLLR is 2.60441, over 1886 frames.
LOG (gmm-est-fmllr[5.5.208~1-b0fc0]:ComputeFmllrMatrixDiagGmmFull():fmllr-diag-gmm.cc:262) fMLLR objf improvement is 2.12841 per frame over 2397 frames.
LOG (gmm-est-fmllr[5.5.208~1-b0fc0]:main():gmm-est-fmllr.cc:143) For speaker MMDG0, auxf-impr from fMLLR is 2.12841, over 2397 frames.
LOG (gmm-est-fmllr[5.5.208~1-b0fc0]:ComputeFmllrMatrixDiagGmmFull():fmllr-diag-gmm.cc:262) fMLLR objf improvement is 3.00611 per frame over 2166 frames.
LOG (gmm-est-fmllr[5.5.208~1-b0fc0]:main():gmm-est-fmllr.cc:143) For speaker MMDM0, auxf-impr from fMLLR is 3.00611, over 2166 frames.
LOG (ali-to-post[5.5.208~1-b0fc0]:main():ali-to-post.cc:73) Converted 128 alignments.
LOG (gmm-est-fmllr[5.5.208~1-b0fc0]:ComputeFmllrMatrixDiagGmmFull():fmllr-diag-gmm.cc:262) fMLLR objf improvement is 3.02686 per frame over 2207 frames.
LOG (gmm-est-fmllr[5.5.208~1-b0fc0]:main():gmm-est-fmllr.cc:143) For speaker MMDM1, auxf-impr from fMLLR is 3.02686, over 2207 frames.
LOG (gmm-est-fmllr[5.5.208~1-b0fc0]:ComputeFmllrMatrixDiagGmmFull():fmllr-diag-gmm.cc:262) fMLLR objf improvement is 2.44373 per frame over 1726 frames.
LOG (gmm-est-fmllr[5.5.208~1-b0fc0]:main():gmm-est-fmllr.cc:143) For speaker MMDS0, auxf-impr from fMLLR is 2.44373, over 1726 frames.
LOG (weight-silence-post[5.5.208~1-b0fc0]:main():weight-silence-post.cc:95) Done 128 posteriors.
LOG (gmm-est-fmllr[5.5.208~1-b0fc0]:ComputeFmllrMatrixDiagGmmFull():fmllr-diag-gmm.cc:262) fMLLR objf improvement is 3.17195 per frame over 1892 frames.
LOG (gmm-est-fmllr[5.5.208~1-b0fc0]:main():gmm-est-fmllr.cc:143) For speaker MMEA0, auxf-impr from fMLLR is 3.17195, over 1892 frames.
LOG (apply-cmvn[5.5.208~1-b0fc0]:main():apply-cmvn.cc:162) Applied cepstral mean normalization to 128 utterances, errors on 0
LOG (transform-feats[5.5.208~1-b0fc0]:main():transform-feats.cc:158) Overall average [pseudo-]logdet is -88.6037 over 38560 frames.
LOG (transform-feats[5.5.208~1-b0fc0]:main():transform-feats.cc:161) Applied transform to 128 utterances; 0 had errors.
LOG (gmm-est-fmllr[5.5.208~1-b0fc0]:ComputeFmllrMatrixDiagGmmFull():fmllr-diag-gmm.cc:262) fMLLR objf improvement is 2.84 per frame over 1941 frames.
LOG (gmm-est-fmllr[5.5.208~1-b0fc0]:main():gmm-est-fmllr.cc:143) For speaker MMEB0, auxf-impr from fMLLR is 2.84, over 1941 frames.
LOG (gmm-est-fmllr[5.5.208~1-b0fc0]:main():gmm-est-fmllr.cc:188) Done 128 files, 0 with no posts, 0 with other errors.
LOG (gmm-est-fmllr[5.5.208~1-b0fc0]:main():gmm-est-fmllr.cc:190) Overall fMLLR auxf impr per frame is 2.62449 over 34677 frames.
# Accounting: time=5 threads=1
# Ended (code 0) at Wed Feb 27 14:27:36 +07 2019, elapsed time 5 seconds
