# ali-to-post "ark:gunzip -c exp/tri2_ali/ali.30.gz|" ark:- | weight-silence-post 0.0 1 exp/tri2_ali/final.mdl ark:- ark:- | gmm-est-fmllr --fmllr-update-type=full --spk2utt=ark:data/train/split30/30/spk2utt exp/tri2_ali/final.mdl "ark,s,cs:apply-cmvn  --utt2spk=ark:data/train/split30/30/utt2spk scp:data/train/split30/30/cmvn.scp scp:data/train/split30/30/feats.scp ark:- | splice-feats --left-context=3 --right-context=3 ark:- ark:- | transform-feats exp/tri2_ali/final.mat ark:- ark:- |" ark:- ark:exp/tri3/trans.30 
# Started at Wed Feb 27 14:27:41 +07 2019
#
weight-silence-post 0.0 1 exp/tri2_ali/final.mdl ark:- ark:- 
gmm-est-fmllr --fmllr-update-type=full --spk2utt=ark:data/train/split30/30/spk2utt exp/tri2_ali/final.mdl 'ark,s,cs:apply-cmvn  --utt2spk=ark:data/train/split30/30/utt2spk scp:data/train/split30/30/cmvn.scp scp:data/train/split30/30/feats.scp ark:- | splice-feats --left-context=3 --right-context=3 ark:- ark:- | transform-feats exp/tri2_ali/final.mat ark:- ark:- |' ark:- ark:exp/tri3/trans.30 
ali-to-post 'ark:gunzip -c exp/tri2_ali/ali.30.gz|' ark:- 
splice-feats --left-context=3 --right-context=3 ark:- ark:- 
transform-feats exp/tri2_ali/final.mat ark:- ark:- 
apply-cmvn --utt2spk=ark:data/train/split30/30/utt2spk scp:data/train/split30/30/cmvn.scp scp:data/train/split30/30/feats.scp ark:- 
LOG (gmm-est-fmllr[5.5.208~1-b0fc0]:ComputeFmllrMatrixDiagGmmFull():fmllr-diag-gmm.cc:262) fMLLR objf improvement is 3.33354 per frame over 1999 frames.
LOG (gmm-est-fmllr[5.5.208~1-b0fc0]:main():gmm-est-fmllr.cc:143) For speaker MVJH0, auxf-impr from fMLLR is 3.33354, over 1999 frames.
LOG (gmm-est-fmllr[5.5.208~1-b0fc0]:ComputeFmllrMatrixDiagGmmFull():fmllr-diag-gmm.cc:262) fMLLR objf improvement is 2.32899 per frame over 2169 frames.
LOG (gmm-est-fmllr[5.5.208~1-b0fc0]:main():gmm-est-fmllr.cc:143) For speaker MVLO0, auxf-impr from fMLLR is 2.32899, over 2169 frames.
LOG (gmm-est-fmllr[5.5.208~1-b0fc0]:ComputeFmllrMatrixDiagGmmFull():fmllr-diag-gmm.cc:262) fMLLR objf improvement is 2.63152 per frame over 1742 frames.
LOG (gmm-est-fmllr[5.5.208~1-b0fc0]:main():gmm-est-fmllr.cc:143) For speaker MVRW0, auxf-impr from fMLLR is 2.63152, over 1742 frames.
LOG (gmm-est-fmllr[5.5.208~1-b0fc0]:ComputeFmllrMatrixDiagGmmFull():fmllr-diag-gmm.cc:262) fMLLR objf improvement is 3.36928 per frame over 2738 frames.
LOG (gmm-est-fmllr[5.5.208~1-b0fc0]:main():gmm-est-fmllr.cc:143) For speaker MWAC0, auxf-impr from fMLLR is 3.36928, over 2738 frames.
LOG (gmm-est-fmllr[5.5.208~1-b0fc0]:ComputeFmllrMatrixDiagGmmFull():fmllr-diag-gmm.cc:262) fMLLR objf improvement is 2.34853 per frame over 1621 frames.
LOG (gmm-est-fmllr[5.5.208~1-b0fc0]:main():gmm-est-fmllr.cc:143) For speaker MWAD0, auxf-impr from fMLLR is 2.34853, over 1621 frames.
LOG (gmm-est-fmllr[5.5.208~1-b0fc0]:ComputeFmllrMatrixDiagGmmFull():fmllr-diag-gmm.cc:262) fMLLR objf improvement is 2.43319 per frame over 2170 frames.
LOG (gmm-est-fmllr[5.5.208~1-b0fc0]:main():gmm-est-fmllr.cc:143) For speaker MWAR0, auxf-impr from fMLLR is 2.43319, over 2170 frames.
LOG (gmm-est-fmllr[5.5.208~1-b0fc0]:ComputeFmllrMatrixDiagGmmFull():fmllr-diag-gmm.cc:262) fMLLR objf improvement is 2.50376 per frame over 1747 frames.
LOG (gmm-est-fmllr[5.5.208~1-b0fc0]:main():gmm-est-fmllr.cc:143) For speaker MWCH0, auxf-impr from fMLLR is 2.50376, over 1747 frames.
LOG (gmm-est-fmllr[5.5.208~1-b0fc0]:ComputeFmllrMatrixDiagGmmFull():fmllr-diag-gmm.cc:262) fMLLR objf improvement is 2.12702 per frame over 2112 frames.
LOG (gmm-est-fmllr[5.5.208~1-b0fc0]:main():gmm-est-fmllr.cc:143) For speaker MWDK0, auxf-impr from fMLLR is 2.12702, over 2112 frames.
LOG (gmm-est-fmllr[5.5.208~1-b0fc0]:ComputeFmllrMatrixDiagGmmFull():fmllr-diag-gmm.cc:262) fMLLR objf improvement is 2.14438 per frame over 2263 frames.
LOG (gmm-est-fmllr[5.5.208~1-b0fc0]:main():gmm-est-fmllr.cc:143) For speaker MWEM0, auxf-impr from fMLLR is 2.14438, over 2263 frames.
LOG (gmm-est-fmllr[5.5.208~1-b0fc0]:ComputeFmllrMatrixDiagGmmFull():fmllr-diag-gmm.cc:262) fMLLR objf improvement is 2.81374 per frame over 2079 frames.
LOG (gmm-est-fmllr[5.5.208~1-b0fc0]:main():gmm-est-fmllr.cc:143) For speaker MWGR0, auxf-impr from fMLLR is 2.81374, over 2079 frames.
LOG (gmm-est-fmllr[5.5.208~1-b0fc0]:ComputeFmllrMatrixDiagGmmFull():fmllr-diag-gmm.cc:262) fMLLR objf improvement is 3.04305 per frame over 2011 frames.
LOG (gmm-est-fmllr[5.5.208~1-b0fc0]:main():gmm-est-fmllr.cc:143) For speaker MWRE0, auxf-impr from fMLLR is 3.04305, over 2011 frames.
LOG (ali-to-post[5.5.208~1-b0fc0]:main():ali-to-post.cc:73) Converted 120 alignments.
LOG (gmm-est-fmllr[5.5.208~1-b0fc0]:ComputeFmllrMatrixDiagGmmFull():fmllr-diag-gmm.cc:262) fMLLR objf improvement is 3.74332 per frame over 1815 frames.
LOG (gmm-est-fmllr[5.5.208~1-b0fc0]:main():gmm-est-fmllr.cc:143) For speaker MWRP0, auxf-impr from fMLLR is 3.74332, over 1815 frames.
LOG (gmm-est-fmllr[5.5.208~1-b0fc0]:ComputeFmllrMatrixDiagGmmFull():fmllr-diag-gmm.cc:262) fMLLR objf improvement is 2.73964 per frame over 1834 frames.
LOG (gmm-est-fmllr[5.5.208~1-b0fc0]:main():gmm-est-fmllr.cc:143) For speaker MWSB0, auxf-impr from fMLLR is 2.73964, over 1834 frames.
LOG (weight-silence-post[5.5.208~1-b0fc0]:main():weight-silence-post.cc:95) Done 120 posteriors.
LOG (gmm-est-fmllr[5.5.208~1-b0fc0]:ComputeFmllrMatrixDiagGmmFull():fmllr-diag-gmm.cc:262) fMLLR objf improvement is 1.78044 per frame over 2611 frames.
LOG (gmm-est-fmllr[5.5.208~1-b0fc0]:main():gmm-est-fmllr.cc:143) For speaker MWSH0, auxf-impr from fMLLR is 1.78044, over 2611 frames.
LOG (apply-cmvn[5.5.208~1-b0fc0]:main():apply-cmvn.cc:162) Applied cepstral mean normalization to 120 utterances, errors on 0
LOG (transform-feats[5.5.208~1-b0fc0]:main():transform-feats.cc:158) Overall average [pseudo-]logdet is -88.6037 over 35216 frames.
LOG (transform-feats[5.5.208~1-b0fc0]:main():transform-feats.cc:161) Applied transform to 120 utterances; 0 had errors.
LOG (gmm-est-fmllr[5.5.208~1-b0fc0]:ComputeFmllrMatrixDiagGmmFull():fmllr-diag-gmm.cc:262) fMLLR objf improvement is 2.41075 per frame over 2171 frames.
LOG (gmm-est-fmllr[5.5.208~1-b0fc0]:main():gmm-est-fmllr.cc:143) For speaker MZMB0, auxf-impr from fMLLR is 2.41075, over 2171 frames.
LOG (gmm-est-fmllr[5.5.208~1-b0fc0]:main():gmm-est-fmllr.cc:188) Done 120 files, 0 with no posts, 0 with other errors.
LOG (gmm-est-fmllr[5.5.208~1-b0fc0]:main():gmm-est-fmllr.cc:190) Overall fMLLR auxf impr per frame is 2.63822 over 31082 frames.
# Accounting: time=3 threads=1
# Ended (code 0) at Wed Feb 27 14:27:44 +07 2019, elapsed time 3 seconds
