# sgmm2-latgen-faster --spk-vecs=ark:exp/sgmm2_4_ali/vecs.14 --utt2spk=ark:data/train/split30/14/utt2spk "--gselect=ark,s,cs:gunzip -c exp/sgmm2_4_ali/gselect.14.gz|" --beam=18.0 --lattice-beam=10.0 --acoustic-scale=0.2 --max-mem=20000000 --max-active=5000 --word-symbol-table=data/lang/words.txt exp/sgmm2_4_ali/final.mdl exp/sgmm2_4_denlats/dengraph/HCLG.fst "ark,s,cs:apply-cmvn --utt2spk=ark:data/train/split30/14/split30utt/18/utt2spk scp:data/train/split30/14/split30utt/18/cmvn.scp scp:data/train/split30/14/split30utt/18/feats.scp ark:- | splice-feats --left-context=3 --right-context=3 ark:- ark:- | transform-feats exp/sgmm2_4_ali/final.mat ark:- ark:- | transform-feats --utt2spk=ark:data/train/split30/14/split30utt/18/utt2spk ark:exp/tri3_ali/trans.14 ark:- ark:- |" "ark:|gzip -c >exp/sgmm2_4_denlats/lat.14.18.gz" 
# Started at Wed Feb 27 15:37:07 +07 2019
#
sgmm2-latgen-faster --spk-vecs=ark:exp/sgmm2_4_ali/vecs.14 --utt2spk=ark:data/train/split30/14/utt2spk '--gselect=ark,s,cs:gunzip -c exp/sgmm2_4_ali/gselect.14.gz|' --beam=18.0 --lattice-beam=10.0 --acoustic-scale=0.2 --max-mem=20000000 --max-active=5000 --word-symbol-table=data/lang/words.txt exp/sgmm2_4_ali/final.mdl exp/sgmm2_4_denlats/dengraph/HCLG.fst 'ark,s,cs:apply-cmvn --utt2spk=ark:data/train/split30/14/split30utt/18/utt2spk scp:data/train/split30/14/split30utt/18/cmvn.scp scp:data/train/split30/14/split30utt/18/feats.scp ark:- | splice-feats --left-context=3 --right-context=3 ark:- ark:- | transform-feats exp/sgmm2_4_ali/final.mat ark:- ark:- | transform-feats --utt2spk=ark:data/train/split30/14/split30utt/18/utt2spk ark:exp/tri3_ali/trans.14 ark:- ark:- |' 'ark:|gzip -c >exp/sgmm2_4_denlats/lat.14.18.gz' 
transform-feats --utt2spk=ark:data/train/split30/14/split30utt/18/utt2spk ark:exp/tri3_ali/trans.14 ark:- ark:- 
transform-feats exp/sgmm2_4_ali/final.mat ark:- ark:- 
apply-cmvn --utt2spk=ark:data/train/split30/14/split30utt/18/utt2spk scp:data/train/split30/14/split30utt/18/cmvn.scp scp:data/train/split30/14/split30utt/18/feats.scp ark:- 
LOG (apply-cmvn[5.5.208~1-b0fc0]:main():apply-cmvn.cc:162) Applied cepstral mean normalization to 4 utterances, errors on 0
splice-feats --left-context=3 --right-context=3 ark:- ark:- 
LOG (transform-feats[5.5.208~1-b0fc0]:main():transform-feats.cc:158) Overall average [pseudo-]logdet is -88.6037 over 998 frames.
LOG (transform-feats[5.5.208~1-b0fc0]:main():transform-feats.cc:161) Applied transform to 4 utterances; 0 had errors.
MDTB0_SX210 sil jh eh f s cl t oy vcl g ow cl k aa r cl n eh v er w er cl t sil 
LOG (sgmm2-latgen-faster[5.5.208~1-b0fc0]:DecodeUtteranceLatticeFaster():decoder-wrappers.cc:289) Log-like per frame for utterance MDTB0_SX210 is -9.19847 over 216 frames.
LOG (sgmm2-latgen-faster[5.5.208~1-b0fc0]:main():sgmm2-latgen-faster.cc:209) Log-like per frame for utterance MDTB0_SX210 is -9.19847 over 216 frames.
MDTB0_SX300 sil ax m iy vcl b ih z cl ch ey n sh ey cl p cl k aa n s cl t ix n l iy sil 
LOG (sgmm2-latgen-faster[5.5.208~1-b0fc0]:DecodeUtteranceLatticeFaster():decoder-wrappers.cc:289) Log-like per frame for utterance MDTB0_SX300 is -9.80507 over 203 frames.
LOG (sgmm2-latgen-faster[5.5.208~1-b0fc0]:main():sgmm2-latgen-faster.cc:209) Log-like per frame for utterance MDTB0_SX300 is -9.80507 over 203 frames.
LOG (transform-feats[5.5.208~1-b0fc0]:main():transform-feats.cc:158) Overall average logdet is 2.36419 over 998 frames.
LOG (transform-feats[5.5.208~1-b0fc0]:main():transform-feats.cc:161) Applied transform to 4 utterances; 0 had errors.
MDTB0_SX321 sil dh ix vcl g r aw n hh ah vcl k l ih er l iy s ao hh ih sh ae dx ow vcl b ix cl s cl t ey dx aw cl ow n l iy ax m ow m ix cl t sil 
LOG (sgmm2-latgen-faster[5.5.208~1-b0fc0]:DecodeUtteranceLatticeFaster():decoder-wrappers.cc:289) Log-like per frame for utterance MDTB0_SX321 is -9.66626 over 337 frames.
LOG (sgmm2-latgen-faster[5.5.208~1-b0fc0]:main():sgmm2-latgen-faster.cc:209) Log-like per frame for utterance MDTB0_SX321 is -9.66626 over 337 frames.
MDTB0_SX390 sil hh iy cl p ih cl k cl t ah cl n ay n cl p ih r z ax v s aa cl s f er iy cl ch vcl b r ah dh er sil 
LOG (sgmm2-latgen-faster[5.5.208~1-b0fc0]:DecodeUtteranceLatticeFaster():decoder-wrappers.cc:289) Log-like per frame for utterance MDTB0_SX390 is -9.37021 over 242 frames.
LOG (sgmm2-latgen-faster[5.5.208~1-b0fc0]:main():sgmm2-latgen-faster.cc:209) Log-like per frame for utterance MDTB0_SX390 is -9.37021 over 242 frames.
LOG (sgmm2-latgen-faster[5.5.208~1-b0fc0]:main():sgmm2-latgen-faster.cc:252) Time taken [excluding initialization] 12.127s: real-time factor assuming 100 frames/sec is 1.21513
LOG (sgmm2-latgen-faster[5.5.208~1-b0fc0]:main():sgmm2-latgen-faster.cc:255) Done 4 utterances, failed for 0
LOG (sgmm2-latgen-faster[5.5.208~1-b0fc0]:main():sgmm2-latgen-faster.cc:257) Overall log-likelihood per frame = -9.52146 over 998 frames.
WARNING (sgmm2-latgen-faster[5.5.208~1-b0fc0]:Close():kaldi-io.cc:515) Pipe gunzip -c exp/sgmm2_4_ali/gselect.14.gz| had nonzero return status 36096
# Accounting: time=13 threads=1
# Ended (code 0) at Wed Feb 27 15:37:20 +07 2019, elapsed time 13 seconds
