# sgmm2-latgen-faster --spk-vecs=ark:exp/sgmm2_4_ali/vecs.14 --utt2spk=ark:data/train/split30/14/utt2spk "--gselect=ark,s,cs:gunzip -c exp/sgmm2_4_ali/gselect.14.gz|" --beam=18.0 --lattice-beam=10.0 --acoustic-scale=0.2 --max-mem=20000000 --max-active=5000 --word-symbol-table=data/lang/words.txt exp/sgmm2_4_ali/final.mdl exp/sgmm2_4_denlats/dengraph/HCLG.fst "ark,s,cs:apply-cmvn --utt2spk=ark:data/train/split30/14/split30utt/7/utt2spk scp:data/train/split30/14/split30utt/7/cmvn.scp scp:data/train/split30/14/split30utt/7/feats.scp ark:- | splice-feats --left-context=3 --right-context=3 ark:- ark:- | transform-feats exp/sgmm2_4_ali/final.mat ark:- ark:- | transform-feats --utt2spk=ark:data/train/split30/14/split30utt/7/utt2spk ark:exp/tri3_ali/trans.14 ark:- ark:- |" "ark:|gzip -c >exp/sgmm2_4_denlats/lat.14.7.gz" 
# Started at Wed Feb 27 15:36:28 +07 2019
#
sgmm2-latgen-faster --spk-vecs=ark:exp/sgmm2_4_ali/vecs.14 --utt2spk=ark:data/train/split30/14/utt2spk '--gselect=ark,s,cs:gunzip -c exp/sgmm2_4_ali/gselect.14.gz|' --beam=18.0 --lattice-beam=10.0 --acoustic-scale=0.2 --max-mem=20000000 --max-active=5000 --word-symbol-table=data/lang/words.txt exp/sgmm2_4_ali/final.mdl exp/sgmm2_4_denlats/dengraph/HCLG.fst 'ark,s,cs:apply-cmvn --utt2spk=ark:data/train/split30/14/split30utt/7/utt2spk scp:data/train/split30/14/split30utt/7/cmvn.scp scp:data/train/split30/14/split30utt/7/feats.scp ark:- | splice-feats --left-context=3 --right-context=3 ark:- ark:- | transform-feats exp/sgmm2_4_ali/final.mat ark:- ark:- | transform-feats --utt2spk=ark:data/train/split30/14/split30utt/7/utt2spk ark:exp/tri3_ali/trans.14 ark:- ark:- |' 'ark:|gzip -c >exp/sgmm2_4_denlats/lat.14.7.gz' 
splice-feats --left-context=3 --right-context=3 ark:- ark:- 
transform-feats --utt2spk=ark:data/train/split30/14/split30utt/7/utt2spk ark:exp/tri3_ali/trans.14 ark:- ark:- 
transform-feats exp/sgmm2_4_ali/final.mat ark:- ark:- 
apply-cmvn --utt2spk=ark:data/train/split30/14/split30utt/7/utt2spk scp:data/train/split30/14/split30utt/7/cmvn.scp scp:data/train/split30/14/split30utt/7/feats.scp ark:- 
LOG (apply-cmvn[5.5.208~1-b0fc0]:main():apply-cmvn.cc:162) Applied cepstral mean normalization to 4 utterances, errors on 0
LOG (transform-feats[5.5.208~1-b0fc0]:main():transform-feats.cc:158) Overall average [pseudo-]logdet is -88.6037 over 1068 frames.
LOG (transform-feats[5.5.208~1-b0fc0]:main():transform-feats.cc:161) Applied transform to 4 utterances; 0 had errors.
MDPS0_SI1651 sil sh iy l uh cl t ih m iy cl p r ax v aa cl k ix dx ix v l iy sil 
LOG (sgmm2-latgen-faster[5.5.208~1-b0fc0]:DecodeUtteranceLatticeFaster():decoder-wrappers.cc:289) Log-like per frame for utterance MDPS0_SI1651 is -9.56608 over 178 frames.
LOG (sgmm2-latgen-faster[5.5.208~1-b0fc0]:main():sgmm2-latgen-faster.cc:209) Log-like per frame for utterance MDPS0_SI1651 is -9.56608 over 178 frames.
MDPS0_SI1979 sil w iy w er ao f dh ax r ow vcl d sil g l iy m iy ng vcl b aa r vcl w ay er cl p uh l ix ng cl t ao sil 
LOG (sgmm2-latgen-faster[5.5.208~1-b0fc0]:DecodeUtteranceLatticeFaster():decoder-wrappers.cc:289) Log-like per frame for utterance MDPS0_SI1979 is -8.76687 over 327 frames.
LOG (sgmm2-latgen-faster[5.5.208~1-b0fc0]:main():sgmm2-latgen-faster.cc:209) Log-like per frame for utterance MDPS0_SI1979 is -8.76687 over 327 frames.
LOG (transform-feats[5.5.208~1-b0fc0]:main():transform-feats.cc:158) Overall average logdet is 3.68995 over 1068 frames.
LOG (transform-feats[5.5.208~1-b0fc0]:main():transform-feats.cc:161) Applied transform to 4 utterances; 0 had errors.
MDPS0_SI719 sil ih n d ih s cl t r iy ih n cl t r ih s cl t ix n s ey f cl t iy vcl g ow z iy v ix n f aa r dh er sil 
LOG (sgmm2-latgen-faster[5.5.208~1-b0fc0]:DecodeUtteranceLatticeFaster():decoder-wrappers.cc:289) Log-like per frame for utterance MDPS0_SI719 is -9.1532 over 273 frames.
LOG (sgmm2-latgen-faster[5.5.208~1-b0fc0]:main():sgmm2-latgen-faster.cc:209) Log-like per frame for utterance MDPS0_SI719 is -9.1532 over 273 frames.
MDPS0_SX179 sil w iy cl k ih vcl b eh r l iy s iy dh ix f y ao r vcl s th r uw dh ix s epi n ow f l er iy z sil 
LOG (sgmm2-latgen-faster[5.5.208~1-b0fc0]:DecodeUtteranceLatticeFaster():decoder-wrappers.cc:289) Log-like per frame for utterance MDPS0_SX179 is -9.06023 over 290 frames.
LOG (sgmm2-latgen-faster[5.5.208~1-b0fc0]:main():sgmm2-latgen-faster.cc:209) Log-like per frame for utterance MDPS0_SX179 is -9.06023 over 290 frames.
LOG (sgmm2-latgen-faster[5.5.208~1-b0fc0]:main():sgmm2-latgen-faster.cc:252) Time taken [excluding initialization] 12.6152s: real-time factor assuming 100 frames/sec is 1.1812
LOG (sgmm2-latgen-faster[5.5.208~1-b0fc0]:main():sgmm2-latgen-faster.cc:255) Done 4 utterances, failed for 0
LOG (sgmm2-latgen-faster[5.5.208~1-b0fc0]:main():sgmm2-latgen-faster.cc:257) Overall log-likelihood per frame = -9.07848 over 1068 frames.
WARNING (sgmm2-latgen-faster[5.5.208~1-b0fc0]:Close():kaldi-io.cc:515) Pipe gunzip -c exp/sgmm2_4_ali/gselect.14.gz| had nonzero return status 36096
# Accounting: time=14 threads=1
# Ended (code 0) at Wed Feb 27 15:36:42 +07 2019, elapsed time 14 seconds
