# sgmm2-latgen-faster --spk-vecs=ark:exp/sgmm2_4_ali/vecs.14 --utt2spk=ark:data/train/split30/14/utt2spk "--gselect=ark,s,cs:gunzip -c exp/sgmm2_4_ali/gselect.14.gz|" --beam=18.0 --lattice-beam=10.0 --acoustic-scale=0.2 --max-mem=20000000 --max-active=5000 --word-symbol-table=data/lang/words.txt exp/sgmm2_4_ali/final.mdl exp/sgmm2_4_denlats/dengraph/HCLG.fst "ark,s,cs:apply-cmvn --utt2spk=ark:data/train/split30/14/split30utt/26/utt2spk scp:data/train/split30/14/split30utt/26/cmvn.scp scp:data/train/split30/14/split30utt/26/feats.scp ark:- | splice-feats --left-context=3 --right-context=3 ark:- ark:- | transform-feats exp/sgmm2_4_ali/final.mat ark:- ark:- | transform-feats --utt2spk=ark:data/train/split30/14/split30utt/26/utt2spk ark:exp/tri3_ali/trans.14 ark:- ark:- |" "ark:|gzip -c >exp/sgmm2_4_denlats/lat.14.26.gz" 
# Started at Wed Feb 27 15:37:38 +07 2019
#
sgmm2-latgen-faster --spk-vecs=ark:exp/sgmm2_4_ali/vecs.14 --utt2spk=ark:data/train/split30/14/utt2spk '--gselect=ark,s,cs:gunzip -c exp/sgmm2_4_ali/gselect.14.gz|' --beam=18.0 --lattice-beam=10.0 --acoustic-scale=0.2 --max-mem=20000000 --max-active=5000 --word-symbol-table=data/lang/words.txt exp/sgmm2_4_ali/final.mdl exp/sgmm2_4_denlats/dengraph/HCLG.fst 'ark,s,cs:apply-cmvn --utt2spk=ark:data/train/split30/14/split30utt/26/utt2spk scp:data/train/split30/14/split30utt/26/cmvn.scp scp:data/train/split30/14/split30utt/26/feats.scp ark:- | splice-feats --left-context=3 --right-context=3 ark:- ark:- | transform-feats exp/sgmm2_4_ali/final.mat ark:- ark:- | transform-feats --utt2spk=ark:data/train/split30/14/split30utt/26/utt2spk ark:exp/tri3_ali/trans.14 ark:- ark:- |' 'ark:|gzip -c >exp/sgmm2_4_denlats/lat.14.26.gz' 
transform-feats --utt2spk=ark:data/train/split30/14/split30utt/26/utt2spk ark:exp/tri3_ali/trans.14 ark:- ark:- 
apply-cmvn --utt2spk=ark:data/train/split30/14/split30utt/26/utt2spk scp:data/train/split30/14/split30utt/26/cmvn.scp scp:data/train/split30/14/split30utt/26/feats.scp ark:- 
LOG (apply-cmvn[5.5.208~1-b0fc0]:main():apply-cmvn.cc:162) Applied cepstral mean normalization to 4 utterances, errors on 0
splice-feats --left-context=3 --right-context=3 ark:- ark:- 
transform-feats exp/sgmm2_4_ali/final.mat ark:- ark:- 
LOG (transform-feats[5.5.208~1-b0fc0]:main():transform-feats.cc:158) Overall average [pseudo-]logdet is -88.6037 over 1022 frames.
LOG (transform-feats[5.5.208~1-b0fc0]:main():transform-feats.cc:161) Applied transform to 4 utterances; 0 had errors.
MEAL0_SX197 sil d r ao iy cl ch vcl g r ae f ah n ey n uw ae cl s ix s sil 
LOG (sgmm2-latgen-faster[5.5.208~1-b0fc0]:DecodeUtteranceLatticeFaster():decoder-wrappers.cc:289) Log-like per frame for utterance MEAL0_SX197 is -8.97755 over 183 frames.
LOG (sgmm2-latgen-faster[5.5.208~1-b0fc0]:main():sgmm2-latgen-faster.cc:209) Log-like per frame for utterance MEAL0_SX197 is -8.97755 over 183 frames.
MEAL0_SX287 sil n ax l ao ng r ah n ix cl p ey z cl t ax vcl b ay cl k w ao l ax dx ix cl k l ow dh ix ng sil 
LOG (sgmm2-latgen-faster[5.5.208~1-b0fc0]:DecodeUtteranceLatticeFaster():decoder-wrappers.cc:289) Log-like per frame for utterance MEAL0_SX287 is -9.42184 over 260 frames.
LOG (sgmm2-latgen-faster[5.5.208~1-b0fc0]:main():sgmm2-latgen-faster.cc:209) Log-like per frame for utterance MEAL0_SX287 is -9.42184 over 260 frames.
LOG (transform-feats[5.5.208~1-b0fc0]:main():transform-feats.cc:158) Overall average logdet is 1.20895 over 1022 frames.
LOG (transform-feats[5.5.208~1-b0fc0]:main():transform-feats.cc:161) Applied transform to 4 utterances; 0 had errors.
MEAL0_SX347 sil dh ix cl p ey sh ix n t ix n dh ax s er vcl jh ix n er vcl b ow th er cl k uw cl p r eh dx iy ng f r m dh ix l eh ng th iy ah cl p er ey sh en sil 
LOG (sgmm2-latgen-faster[5.5.208~1-b0fc0]:DecodeUtteranceLatticeFaster():decoder-wrappers.cc:289) Log-like per frame for utterance MEAL0_SX347 is -9.62199 over 341 frames.
LOG (sgmm2-latgen-faster[5.5.208~1-b0fc0]:main():sgmm2-latgen-faster.cc:209) Log-like per frame for utterance MEAL0_SX347 is -9.62199 over 341 frames.
MEAL0_SX377 sil sh ix ow ix zh vcl jh ow cl k s vcl b ah cl t uw m ah cl ch vcl g aa r l ix cl k ix n ix z f uw vcl d sil 
LOG (sgmm2-latgen-faster[5.5.208~1-b0fc0]:DecodeUtteranceLatticeFaster():decoder-wrappers.cc:289) Log-like per frame for utterance MEAL0_SX377 is -9.94119 over 238 frames.
LOG (sgmm2-latgen-faster[5.5.208~1-b0fc0]:main():sgmm2-latgen-faster.cc:209) Log-like per frame for utterance MEAL0_SX377 is -9.94119 over 238 frames.
LOG (sgmm2-latgen-faster[5.5.208~1-b0fc0]:main():sgmm2-latgen-faster.cc:252) Time taken [excluding initialization] 12.8959s: real-time factor assuming 100 frames/sec is 1.26183
LOG (sgmm2-latgen-faster[5.5.208~1-b0fc0]:main():sgmm2-latgen-faster.cc:255) Done 4 utterances, failed for 0
LOG (sgmm2-latgen-faster[5.5.208~1-b0fc0]:main():sgmm2-latgen-faster.cc:257) Overall log-likelihood per frame = -9.53001 over 1022 frames.
WARNING (sgmm2-latgen-faster[5.5.208~1-b0fc0]:Close():kaldi-io.cc:515) Pipe gunzip -c exp/sgmm2_4_ali/gselect.14.gz| had nonzero return status 36096
# Accounting: time=14 threads=1
# Ended (code 0) at Wed Feb 27 15:37:52 +07 2019, elapsed time 14 seconds
