# sgmm2-latgen-faster --spk-vecs=ark:exp/sgmm2_4_ali/vecs.14 --utt2spk=ark:data/train/split30/14/utt2spk "--gselect=ark,s,cs:gunzip -c exp/sgmm2_4_ali/gselect.14.gz|" --beam=18.0 --lattice-beam=10.0 --acoustic-scale=0.2 --max-mem=20000000 --max-active=5000 --word-symbol-table=data/lang/words.txt exp/sgmm2_4_ali/final.mdl exp/sgmm2_4_denlats/dengraph/HCLG.fst "ark,s,cs:apply-cmvn --utt2spk=ark:data/train/split30/14/split30utt/27/utt2spk scp:data/train/split30/14/split30utt/27/cmvn.scp scp:data/train/split30/14/split30utt/27/feats.scp ark:- | splice-feats --left-context=3 --right-context=3 ark:- ark:- | transform-feats exp/sgmm2_4_ali/final.mat ark:- ark:- | transform-feats --utt2spk=ark:data/train/split30/14/split30utt/27/utt2spk ark:exp/tri3_ali/trans.14 ark:- ark:- |" "ark:|gzip -c >exp/sgmm2_4_denlats/lat.14.27.gz" 
# Started at Wed Feb 27 15:37:39 +07 2019
#
sgmm2-latgen-faster --spk-vecs=ark:exp/sgmm2_4_ali/vecs.14 --utt2spk=ark:data/train/split30/14/utt2spk '--gselect=ark,s,cs:gunzip -c exp/sgmm2_4_ali/gselect.14.gz|' --beam=18.0 --lattice-beam=10.0 --acoustic-scale=0.2 --max-mem=20000000 --max-active=5000 --word-symbol-table=data/lang/words.txt exp/sgmm2_4_ali/final.mdl exp/sgmm2_4_denlats/dengraph/HCLG.fst 'ark,s,cs:apply-cmvn --utt2spk=ark:data/train/split30/14/split30utt/27/utt2spk scp:data/train/split30/14/split30utt/27/cmvn.scp scp:data/train/split30/14/split30utt/27/feats.scp ark:- | splice-feats --left-context=3 --right-context=3 ark:- ark:- | transform-feats exp/sgmm2_4_ali/final.mat ark:- ark:- | transform-feats --utt2spk=ark:data/train/split30/14/split30utt/27/utt2spk ark:exp/tri3_ali/trans.14 ark:- ark:- |' 'ark:|gzip -c >exp/sgmm2_4_denlats/lat.14.27.gz' 
transform-feats exp/sgmm2_4_ali/final.mat ark:- ark:- 
transform-feats --utt2spk=ark:data/train/split30/14/split30utt/27/utt2spk ark:exp/tri3_ali/trans.14 ark:- ark:- 
apply-cmvn --utt2spk=ark:data/train/split30/14/split30utt/27/utt2spk scp:data/train/split30/14/split30utt/27/cmvn.scp scp:data/train/split30/14/split30utt/27/feats.scp ark:- 
LOG (apply-cmvn[5.5.208~1-b0fc0]:main():apply-cmvn.cc:162) Applied cepstral mean normalization to 4 utterances, errors on 0
splice-feats --left-context=3 --right-context=3 ark:- ark:- 
MEDR0_SI1374 sil dh ih s l iy v s dh iy ao r dx er ix ng ax v eh n cl t r iy z v eh r iy ix vcl b el sil 
LOG (sgmm2-latgen-faster[5.5.208~1-b0fc0]:DecodeUtteranceLatticeFaster():decoder-wrappers.cc:289) Log-like per frame for utterance MEDR0_SI1374 is -9.45491 over 225 frames.
LOG (sgmm2-latgen-faster[5.5.208~1-b0fc0]:main():sgmm2-latgen-faster.cc:209) Log-like per frame for utterance MEDR0_SI1374 is -9.45491 over 225 frames.
LOG (transform-feats[5.5.208~1-b0fc0]:main():transform-feats.cc:158) Overall average [pseudo-]logdet is -88.6037 over 1262 frames.
LOG (transform-feats[5.5.208~1-b0fc0]:main():transform-feats.cc:161) Applied transform to 4 utterances; 0 had errors.
MEDR0_SI2004 sil sh iy ih vcl jh ah m cl t ax w ey f r m hh ix sh ay cl t ah cl ch sil l ay cl k ix cl k ae cl t cl k en f ah n cl t ix vcl b ay s ay vcl w ay n vcl d er sil 
LOG (sgmm2-latgen-faster[5.5.208~1-b0fc0]:DecodeUtteranceLatticeFaster():decoder-wrappers.cc:289) Log-like per frame for utterance MEDR0_SI2004 is -9.97804 over 410 frames.
LOG (sgmm2-latgen-faster[5.5.208~1-b0fc0]:main():sgmm2-latgen-faster.cc:209) Log-like per frame for utterance MEDR0_SI2004 is -9.97804 over 410 frames.
LOG (transform-feats[5.5.208~1-b0fc0]:main():transform-feats.cc:158) Overall average logdet is 3.43776 over 1262 frames.
LOG (transform-feats[5.5.208~1-b0fc0]:main():transform-feats.cc:161) Applied transform to 4 utterances; 0 had errors.
MEDR0_SI744 sil g eh cl t cl k aa cl p er ao er th en w er m ah vcl g s dh ix cl k iy cl b ih er cl ch ih l vcl d sil ao r s uw cl p hh aa cl sil 
LOG (sgmm2-latgen-faster[5.5.208~1-b0fc0]:DecodeUtteranceLatticeFaster():decoder-wrappers.cc:289) Log-like per frame for utterance MEDR0_SI744 is -9.73482 over 376 frames.
LOG (sgmm2-latgen-faster[5.5.208~1-b0fc0]:main():sgmm2-latgen-faster.cc:209) Log-like per frame for utterance MEDR0_SI744 is -9.73482 over 376 frames.
MEDR0_SX114 sil dh ix k aa r cl t uw n f iy cl ch ix z ax m ah s cl k r ae cl en ix cl t ae vcl p ow l sil 
LOG (sgmm2-latgen-faster[5.5.208~1-b0fc0]:DecodeUtteranceLatticeFaster():decoder-wrappers.cc:289) Log-like per frame for utterance MEDR0_SX114 is -9.59666 over 251 frames.
LOG (sgmm2-latgen-faster[5.5.208~1-b0fc0]:main():sgmm2-latgen-faster.cc:209) Log-like per frame for utterance MEDR0_SX114 is -9.59666 over 251 frames.
LOG (sgmm2-latgen-faster[5.5.208~1-b0fc0]:main():sgmm2-latgen-faster.cc:252) Time taken [excluding initialization] 14.8409s: real-time factor assuming 100 frames/sec is 1.17598
LOG (sgmm2-latgen-faster[5.5.208~1-b0fc0]:main():sgmm2-latgen-faster.cc:255) Done 4 utterances, failed for 0
LOG (sgmm2-latgen-faster[5.5.208~1-b0fc0]:main():sgmm2-latgen-faster.cc:257) Overall log-likelihood per frame = -9.73645 over 1262 frames.
WARNING (sgmm2-latgen-faster[5.5.208~1-b0fc0]:Close():kaldi-io.cc:515) Pipe gunzip -c exp/sgmm2_4_ali/gselect.14.gz| had nonzero return status 36096
# Accounting: time=15 threads=1
# Ended (code 0) at Wed Feb 27 15:37:54 +07 2019, elapsed time 15 seconds
