# sgmm2-latgen-faster --spk-vecs=ark:exp/sgmm2_4_ali/vecs.14 --utt2spk=ark:data/train/split30/14/utt2spk "--gselect=ark,s,cs:gunzip -c exp/sgmm2_4_ali/gselect.14.gz|" --beam=18.0 --lattice-beam=10.0 --acoustic-scale=0.2 --max-mem=20000000 --max-active=5000 --word-symbol-table=data/lang/words.txt exp/sgmm2_4_ali/final.mdl exp/sgmm2_4_denlats/dengraph/HCLG.fst "ark,s,cs:apply-cmvn --utt2spk=ark:data/train/split30/14/split30utt/12/utt2spk scp:data/train/split30/14/split30utt/12/cmvn.scp scp:data/train/split30/14/split30utt/12/feats.scp ark:- | splice-feats --left-context=3 --right-context=3 ark:- ark:- | transform-feats exp/sgmm2_4_ali/final.mat ark:- ark:- | transform-feats --utt2spk=ark:data/train/split30/14/split30utt/12/utt2spk ark:exp/tri3_ali/trans.14 ark:- ark:- |" "ark:|gzip -c >exp/sgmm2_4_denlats/lat.14.12.gz" 
# Started at Wed Feb 27 15:36:43 +07 2019
#
sgmm2-latgen-faster --spk-vecs=ark:exp/sgmm2_4_ali/vecs.14 --utt2spk=ark:data/train/split30/14/utt2spk '--gselect=ark,s,cs:gunzip -c exp/sgmm2_4_ali/gselect.14.gz|' --beam=18.0 --lattice-beam=10.0 --acoustic-scale=0.2 --max-mem=20000000 --max-active=5000 --word-symbol-table=data/lang/words.txt exp/sgmm2_4_ali/final.mdl exp/sgmm2_4_denlats/dengraph/HCLG.fst 'ark,s,cs:apply-cmvn --utt2spk=ark:data/train/split30/14/split30utt/12/utt2spk scp:data/train/split30/14/split30utt/12/cmvn.scp scp:data/train/split30/14/split30utt/12/feats.scp ark:- | splice-feats --left-context=3 --right-context=3 ark:- ark:- | transform-feats exp/sgmm2_4_ali/final.mat ark:- ark:- | transform-feats --utt2spk=ark:data/train/split30/14/split30utt/12/utt2spk ark:exp/tri3_ali/trans.14 ark:- ark:- |' 'ark:|gzip -c >exp/sgmm2_4_denlats/lat.14.12.gz' 
splice-feats --left-context=3 --right-context=3 ark:- ark:- 
transform-feats --utt2spk=ark:data/train/split30/14/split30utt/12/utt2spk ark:exp/tri3_ali/trans.14 ark:- ark:- 
apply-cmvn --utt2spk=ark:data/train/split30/14/split30utt/12/utt2spk scp:data/train/split30/14/split30utt/12/cmvn.scp scp:data/train/split30/14/split30utt/12/feats.scp ark:- 
LOG (apply-cmvn[5.5.208~1-b0fc0]:main():apply-cmvn.cc:162) Applied cepstral mean normalization to 4 utterances, errors on 0
transform-feats exp/sgmm2_4_ali/final.mat ark:- ark:- 
MDSJ0_SX22 sil w ax n ao l eh l cl s f ey el z sil y uw z f ao r s sil 
LOG (sgmm2-latgen-faster[5.5.208~1-b0fc0]:DecodeUtteranceLatticeFaster():decoder-wrappers.cc:289) Log-like per frame for utterance MDSJ0_SX22 is -8.7887 over 227 frames.
LOG (sgmm2-latgen-faster[5.5.208~1-b0fc0]:main():sgmm2-latgen-faster.cc:209) Log-like per frame for utterance MDSJ0_SX22 is -8.7887 over 227 frames.
LOG (transform-feats[5.5.208~1-b0fc0]:main():transform-feats.cc:158) Overall average [pseudo-]logdet is -88.6037 over 1262 frames.
LOG (transform-feats[5.5.208~1-b0fc0]:main():transform-feats.cc:161) Applied transform to 4 utterances; 0 had errors.
MDSJ0_SX292 sil dh iy z ix cl k s cl k l uw s ix v vcl d aa cl k uw m ix cl s epi m ax s vcl b iy l aa cl t ah cl p ax dx ao l cl t ay m z sil 
LOG (sgmm2-latgen-faster[5.5.208~1-b0fc0]:DecodeUtteranceLatticeFaster():decoder-wrappers.cc:289) Log-like per frame for utterance MDSJ0_SX292 is -9.49639 over 347 frames.
LOG (sgmm2-latgen-faster[5.5.208~1-b0fc0]:main():sgmm2-latgen-faster.cc:209) Log-like per frame for utterance MDSJ0_SX292 is -9.49639 over 347 frames.
MDSJ0_SX382 sil jh ao r vcl jh ix z cl p er ix n oy dx ix vcl b aw dx ix f iy cl ch er vcl g ae sh ao r dx ix vcl jh sil 
LOG (sgmm2-latgen-faster[5.5.208~1-b0fc0]:DecodeUtteranceLatticeFaster():decoder-wrappers.cc:289) Log-like per frame for utterance MDSJ0_SX382 is -8.88346 over 264 frames.
LOG (sgmm2-latgen-faster[5.5.208~1-b0fc0]:main():sgmm2-latgen-faster.cc:209) Log-like per frame for utterance MDSJ0_SX382 is -8.88346 over 264 frames.
LOG (transform-feats[5.5.208~1-b0fc0]:main():transform-feats.cc:158) Overall average logdet is 1.74082 over 1262 frames.
LOG (transform-feats[5.5.208~1-b0fc0]:main():transform-feats.cc:161) Applied transform to 4 utterances; 0 had errors.
MDSJ0_SX438 sil sh ah sh aa cl k ao z vcl b ay sh r ae cl n el sil ix s ah m cl t ay m z cl k y er vcl th r uw vcl g r uw cl p dh ih er cl p iy sil 
LOG (sgmm2-latgen-faster[5.5.208~1-b0fc0]:DecodeUtteranceLatticeFaster():decoder-wrappers.cc:289) Log-like per frame for utterance MDSJ0_SX438 is -9.29556 over 424 frames.
LOG (sgmm2-latgen-faster[5.5.208~1-b0fc0]:main():sgmm2-latgen-faster.cc:209) Log-like per frame for utterance MDSJ0_SX438 is -9.29556 over 424 frames.
LOG (sgmm2-latgen-faster[5.5.208~1-b0fc0]:main():sgmm2-latgen-faster.cc:252) Time taken [excluding initialization] 14.441s: real-time factor assuming 100 frames/sec is 1.14429
LOG (sgmm2-latgen-faster[5.5.208~1-b0fc0]:main():sgmm2-latgen-faster.cc:255) Done 4 utterances, failed for 0
LOG (sgmm2-latgen-faster[5.5.208~1-b0fc0]:main():sgmm2-latgen-faster.cc:257) Overall log-likelihood per frame = -9.1734 over 1262 frames.
WARNING (sgmm2-latgen-faster[5.5.208~1-b0fc0]:Close():kaldi-io.cc:515) Pipe gunzip -c exp/sgmm2_4_ali/gselect.14.gz| had nonzero return status 36096
# Accounting: time=15 threads=1
# Ended (code 0) at Wed Feb 27 15:36:58 +07 2019, elapsed time 15 seconds
