# sgmm2-latgen-faster --spk-vecs=ark:exp/sgmm2_4_ali/vecs.23 --utt2spk=ark:data/train/split30/23/utt2spk "--gselect=ark,s,cs:gunzip -c exp/sgmm2_4_ali/gselect.23.gz|" --beam=18.0 --lattice-beam=10.0 --acoustic-scale=0.2 --max-mem=20000000 --max-active=5000 --word-symbol-table=data/lang/words.txt exp/sgmm2_4_ali/final.mdl exp/sgmm2_4_denlats/dengraph/HCLG.fst "ark,s,cs:apply-cmvn --utt2spk=ark:data/train/split30/23/split30utt/24/utt2spk scp:data/train/split30/23/split30utt/24/cmvn.scp scp:data/train/split30/23/split30utt/24/feats.scp ark:- | splice-feats --left-context=3 --right-context=3 ark:- ark:- | transform-feats exp/sgmm2_4_ali/final.mat ark:- ark:- | transform-feats --utt2spk=ark:data/train/split30/23/split30utt/24/utt2spk ark:exp/tri3_ali/trans.23 ark:- ark:- |" "ark:|gzip -c >exp/sgmm2_4_denlats/lat.23.24.gz" 
# Started at Wed Feb 27 15:47:11 +07 2019
#
sgmm2-latgen-faster --spk-vecs=ark:exp/sgmm2_4_ali/vecs.23 --utt2spk=ark:data/train/split30/23/utt2spk '--gselect=ark,s,cs:gunzip -c exp/sgmm2_4_ali/gselect.23.gz|' --beam=18.0 --lattice-beam=10.0 --acoustic-scale=0.2 --max-mem=20000000 --max-active=5000 --word-symbol-table=data/lang/words.txt exp/sgmm2_4_ali/final.mdl exp/sgmm2_4_denlats/dengraph/HCLG.fst 'ark,s,cs:apply-cmvn --utt2spk=ark:data/train/split30/23/split30utt/24/utt2spk scp:data/train/split30/23/split30utt/24/cmvn.scp scp:data/train/split30/23/split30utt/24/feats.scp ark:- | splice-feats --left-context=3 --right-context=3 ark:- ark:- | transform-feats exp/sgmm2_4_ali/final.mat ark:- ark:- | transform-feats --utt2spk=ark:data/train/split30/23/split30utt/24/utt2spk ark:exp/tri3_ali/trans.23 ark:- ark:- |' 'ark:|gzip -c >exp/sgmm2_4_denlats/lat.23.24.gz' 
splice-feats --left-context=3 --right-context=3 ark:- ark:- 
transform-feats exp/sgmm2_4_ali/final.mat ark:- ark:- 
transform-feats --utt2spk=ark:data/train/split30/23/split30utt/24/utt2spk ark:exp/tri3_ali/trans.23 ark:- ark:- 
apply-cmvn --utt2spk=ark:data/train/split30/23/split30utt/24/utt2spk scp:data/train/split30/23/split30utt/24/cmvn.scp scp:data/train/split30/23/split30utt/24/feats.scp ark:- 
LOG (apply-cmvn[5.5.208~1-b0fc0]:main():apply-cmvn.cc:162) Applied cepstral mean normalization to 4 utterances, errors on 0
LOG (transform-feats[5.5.208~1-b0fc0]:main():transform-feats.cc:158) Overall average [pseudo-]logdet is -88.6037 over 937 frames.
LOG (transform-feats[5.5.208~1-b0fc0]:main():transform-feats.cc:161) Applied transform to 4 utterances; 0 had errors.
MPSW0_SX24 sil aa l dh ow aa w ix z ax l ow n w ix s ax v ay v sil 
LOG (sgmm2-latgen-faster[5.5.208~1-b0fc0]:DecodeUtteranceLatticeFaster():decoder-wrappers.cc:289) Log-like per frame for utterance MPSW0_SX24 is -8.34694 over 184 frames.
LOG (sgmm2-latgen-faster[5.5.208~1-b0fc0]:main():sgmm2-latgen-faster.cc:209) Log-like per frame for utterance MPSW0_SX24 is -8.34694 over 184 frames.
MPSW0_SX257 sil w iy aa ow cl p ax n eh v r ix m ah n iy v n ix n sil 
LOG (sgmm2-latgen-faster[5.5.208~1-b0fc0]:DecodeUtteranceLatticeFaster():decoder-wrappers.cc:289) Log-like per frame for utterance MPSW0_SX257 is -7.49859 over 202 frames.
LOG (sgmm2-latgen-faster[5.5.208~1-b0fc0]:main():sgmm2-latgen-faster.cc:209) Log-like per frame for utterance MPSW0_SX257 is -7.49859 over 202 frames.
LOG (transform-feats[5.5.208~1-b0fc0]:main():transform-feats.cc:158) Overall average logdet is 3.0231 over 937 frames.
LOG (transform-feats[5.5.208~1-b0fc0]:main():transform-feats.cc:161) Applied transform to 4 utterances; 0 had errors.
MPSW0_SX437 sil dh ey y uw z vcl n ix vcl g r eh s ix v cl p l iy s epi m ax n cl t ax f l ae vcl th aa l ih s epi m ow dx er ix s cl s sil 
LOG (sgmm2-latgen-faster[5.5.208~1-b0fc0]:DecodeUtteranceLatticeFaster():decoder-wrappers.cc:289) Log-like per frame for utterance MPSW0_SX437 is -9.48499 over 305 frames.
LOG (sgmm2-latgen-faster[5.5.208~1-b0fc0]:main():sgmm2-latgen-faster.cc:209) Log-like per frame for utterance MPSW0_SX437 is -9.48499 over 305 frames.
MPSW0_SX77 sil b ae vcl p ay cl s ix n vcl b aa ng g ow z ix m y uw z ix cl k el ix n sh ax m ix n cl s sil 
LOG (sgmm2-latgen-faster[5.5.208~1-b0fc0]:DecodeUtteranceLatticeFaster():decoder-wrappers.cc:289) Log-like per frame for utterance MPSW0_SX77 is -9.52077 over 246 frames.
LOG (sgmm2-latgen-faster[5.5.208~1-b0fc0]:main():sgmm2-latgen-faster.cc:209) Log-like per frame for utterance MPSW0_SX77 is -9.52077 over 246 frames.
LOG (sgmm2-latgen-faster[5.5.208~1-b0fc0]:main():sgmm2-latgen-faster.cc:252) Time taken [excluding initialization] 13.3798s: real-time factor assuming 100 frames/sec is 1.42794
LOG (sgmm2-latgen-faster[5.5.208~1-b0fc0]:main():sgmm2-latgen-faster.cc:255) Done 4 utterances, failed for 0
LOG (sgmm2-latgen-faster[5.5.208~1-b0fc0]:main():sgmm2-latgen-faster.cc:257) Overall log-likelihood per frame = -8.84267 over 937 frames.
WARNING (sgmm2-latgen-faster[5.5.208~1-b0fc0]:Close():kaldi-io.cc:515) Pipe gunzip -c exp/sgmm2_4_ali/gselect.23.gz| had nonzero return status 36096
# Accounting: time=15 threads=1
# Ended (code 0) at Wed Feb 27 15:47:26 +07 2019, elapsed time 15 seconds
