# sgmm2-latgen-faster --spk-vecs=ark:exp/sgmm2_4_ali/vecs.23 --utt2spk=ark:data/train/split30/23/utt2spk "--gselect=ark,s,cs:gunzip -c exp/sgmm2_4_ali/gselect.23.gz|" --beam=18.0 --lattice-beam=10.0 --acoustic-scale=0.2 --max-mem=20000000 --max-active=5000 --word-symbol-table=data/lang/words.txt exp/sgmm2_4_ali/final.mdl exp/sgmm2_4_denlats/dengraph/HCLG.fst "ark,s,cs:apply-cmvn --utt2spk=ark:data/train/split30/23/split30utt/9/utt2spk scp:data/train/split30/23/split30utt/9/cmvn.scp scp:data/train/split30/23/split30utt/9/feats.scp ark:- | splice-feats --left-context=3 --right-context=3 ark:- ark:- | transform-feats exp/sgmm2_4_ali/final.mat ark:- ark:- | transform-feats --utt2spk=ark:data/train/split30/23/split30utt/9/utt2spk ark:exp/tri3_ali/trans.23 ark:- ark:- |" "ark:|gzip -c >exp/sgmm2_4_denlats/lat.23.9.gz" 
# Started at Wed Feb 27 15:46:12 +07 2019
#
sgmm2-latgen-faster --spk-vecs=ark:exp/sgmm2_4_ali/vecs.23 --utt2spk=ark:data/train/split30/23/utt2spk '--gselect=ark,s,cs:gunzip -c exp/sgmm2_4_ali/gselect.23.gz|' --beam=18.0 --lattice-beam=10.0 --acoustic-scale=0.2 --max-mem=20000000 --max-active=5000 --word-symbol-table=data/lang/words.txt exp/sgmm2_4_ali/final.mdl exp/sgmm2_4_denlats/dengraph/HCLG.fst 'ark,s,cs:apply-cmvn --utt2spk=ark:data/train/split30/23/split30utt/9/utt2spk scp:data/train/split30/23/split30utt/9/cmvn.scp scp:data/train/split30/23/split30utt/9/feats.scp ark:- | splice-feats --left-context=3 --right-context=3 ark:- ark:- | transform-feats exp/sgmm2_4_ali/final.mat ark:- ark:- | transform-feats --utt2spk=ark:data/train/split30/23/split30utt/9/utt2spk ark:exp/tri3_ali/trans.23 ark:- ark:- |' 'ark:|gzip -c >exp/sgmm2_4_denlats/lat.23.9.gz' 
transform-feats --utt2spk=ark:data/train/split30/23/split30utt/9/utt2spk ark:exp/tri3_ali/trans.23 ark:- ark:- 
apply-cmvn --utt2spk=ark:data/train/split30/23/split30utt/9/utt2spk scp:data/train/split30/23/split30utt/9/cmvn.scp scp:data/train/split30/23/split30utt/9/feats.scp ark:- 
transform-feats exp/sgmm2_4_ali/final.mat ark:- ark:- 
LOG (apply-cmvn[5.5.208~1-b0fc0]:main():apply-cmvn.cc:162) Applied cepstral mean normalization to 4 utterances, errors on 0
splice-feats --left-context=3 --right-context=3 ark:- ark:- 
MPGR1_SI1269 sil r ax s ih s cl t en s th ax m aa m ax dx er s sil 
LOG (sgmm2-latgen-faster[5.5.208~1-b0fc0]:DecodeUtteranceLatticeFaster():decoder-wrappers.cc:289) Log-like per frame for utterance MPGR1_SI1269 is -9.44858 over 171 frames.
LOG (sgmm2-latgen-faster[5.5.208~1-b0fc0]:main():sgmm2-latgen-faster.cc:209) Log-like per frame for utterance MPGR1_SI1269 is -9.44858 over 171 frames.
LOG (transform-feats[5.5.208~1-b0fc0]:main():transform-feats.cc:158) Overall average [pseudo-]logdet is -88.6037 over 1226 frames.
LOG (transform-feats[5.5.208~1-b0fc0]:main():transform-feats.cc:161) Applied transform to 4 utterances; 0 had errors.
MPGR1_SI1499 sil w ax z l ay cl f ay n el iy vcl g eh dx ix ng ix n cl t ax w ah n z ax ow n ay cl m eh er z cl t ax cl p ah m ix sh epi w ah n z vcl d r iy m z sil 
LOG (sgmm2-latgen-faster[5.5.208~1-b0fc0]:DecodeUtteranceLatticeFaster():decoder-wrappers.cc:289) Log-like per frame for utterance MPGR1_SI1499 is -9.24659 over 427 frames.
LOG (sgmm2-latgen-faster[5.5.208~1-b0fc0]:main():sgmm2-latgen-faster.cc:209) Log-like per frame for utterance MPGR1_SI1499 is -9.24659 over 427 frames.
LOG (transform-feats[5.5.208~1-b0fc0]:main():transform-feats.cc:158) Overall average logdet is 2.89362 over 1226 frames.
LOG (transform-feats[5.5.208~1-b0fc0]:main():transform-feats.cc:161) Applied transform to 4 utterances; 0 had errors.
MPGR1_SI2129 sil hh ix z vcl b aa dx iy cl p ih cl ch cl t vcl b ae cl k en f ao r th sil ax n dh ax vcl b eh n cl ch sil 
LOG (sgmm2-latgen-faster[5.5.208~1-b0fc0]:DecodeUtteranceLatticeFaster():decoder-wrappers.cc:289) Log-like per frame for utterance MPGR1_SI2129 is -9.52065 over 277 frames.
LOG (sgmm2-latgen-faster[5.5.208~1-b0fc0]:main():sgmm2-latgen-faster.cc:209) Log-like per frame for utterance MPGR1_SI2129 is -9.52065 over 277 frames.
MPGR1_SX149 sil el w ey dx iy ng f er cl ch ih cl p er sh ix cl k r ih s cl k r ao s cl z ax s cl k w eh r m eh n iy cl t ay m z sil 
LOG (sgmm2-latgen-faster[5.5.208~1-b0fc0]:DecodeUtteranceLatticeFaster():decoder-wrappers.cc:289) Log-like per frame for utterance MPGR1_SX149 is -9.6105 over 351 frames.
LOG (sgmm2-latgen-faster[5.5.208~1-b0fc0]:main():sgmm2-latgen-faster.cc:209) Log-like per frame for utterance MPGR1_SX149 is -9.6105 over 351 frames.
LOG (sgmm2-latgen-faster[5.5.208~1-b0fc0]:main():sgmm2-latgen-faster.cc:252) Time taken [excluding initialization] 14.6831s: real-time factor assuming 100 frames/sec is 1.19764
LOG (sgmm2-latgen-faster[5.5.208~1-b0fc0]:main():sgmm2-latgen-faster.cc:255) Done 4 utterances, failed for 0
LOG (sgmm2-latgen-faster[5.5.208~1-b0fc0]:main():sgmm2-latgen-faster.cc:257) Overall log-likelihood per frame = -9.44087 over 1226 frames.
WARNING (sgmm2-latgen-faster[5.5.208~1-b0fc0]:Close():kaldi-io.cc:515) Pipe gunzip -c exp/sgmm2_4_ali/gselect.23.gz| had nonzero return status 36096
# Accounting: time=15 threads=1
# Ended (code 0) at Wed Feb 27 15:46:27 +07 2019, elapsed time 15 seconds
