# sgmm2-latgen-faster --spk-vecs=ark:exp/sgmm2_4_ali/vecs.23 --utt2spk=ark:data/train/split30/23/utt2spk "--gselect=ark,s,cs:gunzip -c exp/sgmm2_4_ali/gselect.23.gz|" --beam=18.0 --lattice-beam=10.0 --acoustic-scale=0.2 --max-mem=20000000 --max-active=5000 --word-symbol-table=data/lang/words.txt exp/sgmm2_4_ali/final.mdl exp/sgmm2_4_denlats/dengraph/HCLG.fst "ark,s,cs:apply-cmvn --utt2spk=ark:data/train/split30/23/split30utt/21/utt2spk scp:data/train/split30/23/split30utt/21/cmvn.scp scp:data/train/split30/23/split30utt/21/feats.scp ark:- | splice-feats --left-context=3 --right-context=3 ark:- ark:- | transform-feats exp/sgmm2_4_ali/final.mat ark:- ark:- | transform-feats --utt2spk=ark:data/train/split30/23/split30utt/21/utt2spk ark:exp/tri3_ali/trans.23 ark:- ark:- |" "ark:|gzip -c >exp/sgmm2_4_denlats/lat.23.21.gz" 
# Started at Wed Feb 27 15:46:57 +07 2019
#
sgmm2-latgen-faster --spk-vecs=ark:exp/sgmm2_4_ali/vecs.23 --utt2spk=ark:data/train/split30/23/utt2spk '--gselect=ark,s,cs:gunzip -c exp/sgmm2_4_ali/gselect.23.gz|' --beam=18.0 --lattice-beam=10.0 --acoustic-scale=0.2 --max-mem=20000000 --max-active=5000 --word-symbol-table=data/lang/words.txt exp/sgmm2_4_ali/final.mdl exp/sgmm2_4_denlats/dengraph/HCLG.fst 'ark,s,cs:apply-cmvn --utt2spk=ark:data/train/split30/23/split30utt/21/utt2spk scp:data/train/split30/23/split30utt/21/cmvn.scp scp:data/train/split30/23/split30utt/21/feats.scp ark:- | splice-feats --left-context=3 --right-context=3 ark:- ark:- | transform-feats exp/sgmm2_4_ali/final.mat ark:- ark:- | transform-feats --utt2spk=ark:data/train/split30/23/split30utt/21/utt2spk ark:exp/tri3_ali/trans.23 ark:- ark:- |' 'ark:|gzip -c >exp/sgmm2_4_denlats/lat.23.21.gz' 
transform-feats exp/sgmm2_4_ali/final.mat ark:- ark:- 
transform-feats --utt2spk=ark:data/train/split30/23/split30utt/21/utt2spk ark:exp/tri3_ali/trans.23 ark:- ark:- 
splice-feats --left-context=3 --right-context=3 ark:- ark:- 
apply-cmvn --utt2spk=ark:data/train/split30/23/split30utt/21/utt2spk scp:data/train/split30/23/split30utt/21/cmvn.scp scp:data/train/split30/23/split30utt/21/feats.scp ark:- 
LOG (apply-cmvn[5.5.208~1-b0fc0]:main():apply-cmvn.cc:162) Applied cepstral mean normalization to 4 utterances, errors on 0
LOG (transform-feats[5.5.208~1-b0fc0]:main():transform-feats.cc:158) Overall average [pseudo-]logdet is -88.6037 over 1058 frames.
LOG (transform-feats[5.5.208~1-b0fc0]:main():transform-feats.cc:161) Applied transform to 4 utterances; 0 had errors.
MPRT0_SI1210 sil hh ae z w iy ax vcl s er v m ao r ax l ao ah n f ih z ix cl k el l ao dh ey ix cl p ih er eh z vcl b iy ix ng ih n eh v ix dx ax vcl b el sil 
LOG (sgmm2-latgen-faster[5.5.208~1-b0fc0]:DecodeUtteranceLatticeFaster():decoder-wrappers.cc:289) Log-like per frame for utterance MPRT0_SI1210 is -8.43643 over 392 frames.
LOG (sgmm2-latgen-faster[5.5.208~1-b0fc0]:main():sgmm2-latgen-faster.cc:209) Log-like per frame for utterance MPRT0_SI1210 is -8.43643 over 392 frames.
MPRT0_SI495 sil dh ey iy dh er w ao cl t er w er vcl d r ih v ax n sil 
LOG (sgmm2-latgen-faster[5.5.208~1-b0fc0]:DecodeUtteranceLatticeFaster():decoder-wrappers.cc:289) Log-like per frame for utterance MPRT0_SI495 is -9.09056 over 172 frames.
LOG (sgmm2-latgen-faster[5.5.208~1-b0fc0]:main():sgmm2-latgen-faster.cc:209) Log-like per frame for utterance MPRT0_SI495 is -9.09056 over 172 frames.
LOG (transform-feats[5.5.208~1-b0fc0]:main():transform-feats.cc:158) Overall average logdet is 2.30776 over 1058 frames.
LOG (transform-feats[5.5.208~1-b0fc0]:main():transform-feats.cc:161) Applied transform to 4 utterances; 0 had errors.
MPRT0_SI580 sil t uw ao f ah n ax n l eh s iy hh eh l z dh eh m dh ey cl p ae s ih m vcl b ay sil 
LOG (sgmm2-latgen-faster[5.5.208~1-b0fc0]:DecodeUtteranceLatticeFaster():decoder-wrappers.cc:289) Log-like per frame for utterance MPRT0_SI580 is -8.22906 over 278 frames.
LOG (sgmm2-latgen-faster[5.5.208~1-b0fc0]:main():sgmm2-latgen-faster.cc:209) Log-like per frame for utterance MPRT0_SI580 is -8.22906 over 278 frames.
MPRT0_SX130 sil hh iy ey cl f ao r eh cl s cl t r ax eh vcl z f er vcl b r eh cl f ix s cl t sil 
LOG (sgmm2-latgen-faster[5.5.208~1-b0fc0]:DecodeUtteranceLatticeFaster():decoder-wrappers.cc:289) Log-like per frame for utterance MPRT0_SX130 is -9.75362 over 216 frames.
LOG (sgmm2-latgen-faster[5.5.208~1-b0fc0]:main():sgmm2-latgen-faster.cc:209) Log-like per frame for utterance MPRT0_SX130 is -9.75362 over 216 frames.
LOG (sgmm2-latgen-faster[5.5.208~1-b0fc0]:main():sgmm2-latgen-faster.cc:252) Time taken [excluding initialization] 12.8173s: real-time factor assuming 100 frames/sec is 1.21147
LOG (sgmm2-latgen-faster[5.5.208~1-b0fc0]:main():sgmm2-latgen-faster.cc:255) Done 4 utterances, failed for 0
LOG (sgmm2-latgen-faster[5.5.208~1-b0fc0]:main():sgmm2-latgen-faster.cc:257) Overall log-likelihood per frame = -8.7572 over 1058 frames.
WARNING (sgmm2-latgen-faster[5.5.208~1-b0fc0]:Close():kaldi-io.cc:515) Pipe gunzip -c exp/sgmm2_4_ali/gselect.23.gz| had nonzero return status 36096
# Accounting: time=13 threads=1
# Ended (code 0) at Wed Feb 27 15:47:10 +07 2019, elapsed time 13 seconds
