# sgmm2-latgen-faster --spk-vecs=ark:exp/sgmm2_4_ali/vecs.23 --utt2spk=ark:data/train/split30/23/utt2spk "--gselect=ark,s,cs:gunzip -c exp/sgmm2_4_ali/gselect.23.gz|" --beam=18.0 --lattice-beam=10.0 --acoustic-scale=0.2 --max-mem=20000000 --max-active=5000 --word-symbol-table=data/lang/words.txt exp/sgmm2_4_ali/final.mdl exp/sgmm2_4_denlats/dengraph/HCLG.fst "ark,s,cs:apply-cmvn --utt2spk=ark:data/train/split30/23/split30utt/23/utt2spk scp:data/train/split30/23/split30utt/23/cmvn.scp scp:data/train/split30/23/split30utt/23/feats.scp ark:- | splice-feats --left-context=3 --right-context=3 ark:- ark:- | transform-feats exp/sgmm2_4_ali/final.mat ark:- ark:- | transform-feats --utt2spk=ark:data/train/split30/23/split30utt/23/utt2spk ark:exp/tri3_ali/trans.23 ark:- ark:- |" "ark:|gzip -c >exp/sgmm2_4_denlats/lat.23.23.gz" 
# Started at Wed Feb 27 15:47:10 +07 2019
#
sgmm2-latgen-faster --spk-vecs=ark:exp/sgmm2_4_ali/vecs.23 --utt2spk=ark:data/train/split30/23/utt2spk '--gselect=ark,s,cs:gunzip -c exp/sgmm2_4_ali/gselect.23.gz|' --beam=18.0 --lattice-beam=10.0 --acoustic-scale=0.2 --max-mem=20000000 --max-active=5000 --word-symbol-table=data/lang/words.txt exp/sgmm2_4_ali/final.mdl exp/sgmm2_4_denlats/dengraph/HCLG.fst 'ark,s,cs:apply-cmvn --utt2spk=ark:data/train/split30/23/split30utt/23/utt2spk scp:data/train/split30/23/split30utt/23/cmvn.scp scp:data/train/split30/23/split30utt/23/feats.scp ark:- | splice-feats --left-context=3 --right-context=3 ark:- ark:- | transform-feats exp/sgmm2_4_ali/final.mat ark:- ark:- | transform-feats --utt2spk=ark:data/train/split30/23/split30utt/23/utt2spk ark:exp/tri3_ali/trans.23 ark:- ark:- |' 'ark:|gzip -c >exp/sgmm2_4_denlats/lat.23.23.gz' 
splice-feats --left-context=3 --right-context=3 ark:- ark:- 
transform-feats exp/sgmm2_4_ali/final.mat ark:- ark:- 
apply-cmvn --utt2spk=ark:data/train/split30/23/split30utt/23/utt2spk scp:data/train/split30/23/split30utt/23/cmvn.scp scp:data/train/split30/23/split30utt/23/feats.scp ark:- 
LOG (apply-cmvn[5.5.208~1-b0fc0]:main():apply-cmvn.cc:162) Applied cepstral mean normalization to 4 utterances, errors on 0
transform-feats --utt2spk=ark:data/train/split30/23/split30utt/23/utt2spk ark:exp/tri3_ali/trans.23 ark:- ark:- 
LOG (transform-feats[5.5.208~1-b0fc0]:main():transform-feats.cc:158) Overall average [pseudo-]logdet is -88.6037 over 971 frames.
LOG (transform-feats[5.5.208~1-b0fc0]:main():transform-feats.cc:161) Applied transform to 4 utterances; 0 had errors.
MPSW0_SI1067 sil dh er vcl g ey cl ix z m cl p aa s epi el vcl d ax cl k en v ey ix n w er vcl d s sil 
LOG (sgmm2-latgen-faster[5.5.208~1-b0fc0]:DecodeUtteranceLatticeFaster():decoder-wrappers.cc:289) Log-like per frame for utterance MPSW0_SI1067 is -9.02256 over 233 frames.
LOG (sgmm2-latgen-faster[5.5.208~1-b0fc0]:main():sgmm2-latgen-faster.cc:209) Log-like per frame for utterance MPSW0_SI1067 is -9.02256 over 233 frames.
MPSW0_SI1697 sil w uw b ix n iy z iy vcl d uw ah vcl d eh n ix f ay z ow cl p iy ix m vcl b ay ix cl s ow dx er sil 
LOG (sgmm2-latgen-faster[5.5.208~1-b0fc0]:DecodeUtteranceLatticeFaster():decoder-wrappers.cc:289) Log-like per frame for utterance MPSW0_SI1697 is -9.05597 over 242 frames.
LOG (sgmm2-latgen-faster[5.5.208~1-b0fc0]:main():sgmm2-latgen-faster.cc:209) Log-like per frame for utterance MPSW0_SI1697 is -9.05597 over 242 frames.
LOG (transform-feats[5.5.208~1-b0fc0]:main():transform-feats.cc:158) Overall average logdet is 3.0231 over 971 frames.
LOG (transform-feats[5.5.208~1-b0fc0]:main():transform-feats.cc:161) Applied transform to 4 utterances; 0 had errors.
MPSW0_SI2327 sil m s aa r ix vcl eh sh el hh ae cl t ax s er cl ch ix z hh aw s sil 
LOG (sgmm2-latgen-faster[5.5.208~1-b0fc0]:DecodeUtteranceLatticeFaster():decoder-wrappers.cc:289) Log-like per frame for utterance MPSW0_SI2327 is -9.26109 over 207 frames.
LOG (sgmm2-latgen-faster[5.5.208~1-b0fc0]:main():sgmm2-latgen-faster.cc:209) Log-like per frame for utterance MPSW0_SI2327 is -9.26109 over 207 frames.
MPSW0_SX167 sil p l oy iy l ey aa f s cl k ow n s ay dx ix w ix th ix cl k ah m cl p ix n iy z r ix ow vcl ix n ix z ey sh en sil 
LOG (sgmm2-latgen-faster[5.5.208~1-b0fc0]:DecodeUtteranceLatticeFaster():decoder-wrappers.cc:289) Log-like per frame for utterance MPSW0_SX167 is -9.29049 over 289 frames.
LOG (sgmm2-latgen-faster[5.5.208~1-b0fc0]:main():sgmm2-latgen-faster.cc:209) Log-like per frame for utterance MPSW0_SX167 is -9.29049 over 289 frames.
LOG (sgmm2-latgen-faster[5.5.208~1-b0fc0]:main():sgmm2-latgen-faster.cc:252) Time taken [excluding initialization] 15.138s: real-time factor assuming 100 frames/sec is 1.55901
LOG (sgmm2-latgen-faster[5.5.208~1-b0fc0]:main():sgmm2-latgen-faster.cc:255) Done 4 utterances, failed for 0
LOG (sgmm2-latgen-faster[5.5.208~1-b0fc0]:main():sgmm2-latgen-faster.cc:257) Overall log-likelihood per frame = -9.16148 over 971 frames.
WARNING (sgmm2-latgen-faster[5.5.208~1-b0fc0]:Close():kaldi-io.cc:515) Pipe gunzip -c exp/sgmm2_4_ali/gselect.23.gz| had nonzero return status 36096
# Accounting: time=17 threads=1
# Ended (code 0) at Wed Feb 27 15:47:27 +07 2019, elapsed time 17 seconds
