# sgmm2-latgen-faster --spk-vecs=ark:exp/sgmm2_4_ali/vecs.22 --utt2spk=ark:data/train/split30/22/utt2spk "--gselect=ark,s,cs:gunzip -c exp/sgmm2_4_ali/gselect.22.gz|" --beam=18.0 --lattice-beam=10.0 --acoustic-scale=0.2 --max-mem=20000000 --max-active=5000 --word-symbol-table=data/lang/words.txt exp/sgmm2_4_ali/final.mdl exp/sgmm2_4_denlats/dengraph/HCLG.fst "ark,s,cs:apply-cmvn --utt2spk=ark:data/train/split30/22/split30utt/29/utt2spk scp:data/train/split30/22/split30utt/29/cmvn.scp scp:data/train/split30/22/split30utt/29/feats.scp ark:- | splice-feats --left-context=3 --right-context=3 ark:- ark:- | transform-feats exp/sgmm2_4_ali/final.mat ark:- ark:- | transform-feats --utt2spk=ark:data/train/split30/22/split30utt/29/utt2spk ark:exp/tri3_ali/trans.22 ark:- ark:- |" "ark:|gzip -c >exp/sgmm2_4_denlats/lat.22.29.gz" 
# Started at Wed Feb 27 15:45:40 +07 2019
#
sgmm2-latgen-faster --spk-vecs=ark:exp/sgmm2_4_ali/vecs.22 --utt2spk=ark:data/train/split30/22/utt2spk '--gselect=ark,s,cs:gunzip -c exp/sgmm2_4_ali/gselect.22.gz|' --beam=18.0 --lattice-beam=10.0 --acoustic-scale=0.2 --max-mem=20000000 --max-active=5000 --word-symbol-table=data/lang/words.txt exp/sgmm2_4_ali/final.mdl exp/sgmm2_4_denlats/dengraph/HCLG.fst 'ark,s,cs:apply-cmvn --utt2spk=ark:data/train/split30/22/split30utt/29/utt2spk scp:data/train/split30/22/split30utt/29/cmvn.scp scp:data/train/split30/22/split30utt/29/feats.scp ark:- | splice-feats --left-context=3 --right-context=3 ark:- ark:- | transform-feats exp/sgmm2_4_ali/final.mat ark:- ark:- | transform-feats --utt2spk=ark:data/train/split30/22/split30utt/29/utt2spk ark:exp/tri3_ali/trans.22 ark:- ark:- |' 'ark:|gzip -c >exp/sgmm2_4_denlats/lat.22.29.gz' 
transform-feats exp/sgmm2_4_ali/final.mat ark:- ark:- 
apply-cmvn --utt2spk=ark:data/train/split30/22/split30utt/29/utt2spk scp:data/train/split30/22/split30utt/29/cmvn.scp scp:data/train/split30/22/split30utt/29/feats.scp ark:- 
transform-feats --utt2spk=ark:data/train/split30/22/split30utt/29/utt2spk ark:exp/tri3_ali/trans.22 ark:- ark:- 
splice-feats --left-context=3 --right-context=3 ark:- ark:- 
LOG (apply-cmvn[5.5.208~1-b0fc0]:main():apply-cmvn.cc:162) Applied cepstral mean normalization to 4 utterances, errors on 0
MNTW0_SI1068 sil ih n iy ao r vcl ix n ih z ax n cl dh eh cl f ao l cl t er z ao r m ih s cl p er s iy z ix s ih vcl n ax l z sil er w iy cl k ix n z ix z vcl d ah n sil 
LOG (sgmm2-latgen-faster[5.5.208~1-b0fc0]:DecodeUtteranceLatticeFaster():decoder-wrappers.cc:289) Log-like per frame for utterance MNTW0_SI1068 is -9.04515 over 531 frames.
LOG (sgmm2-latgen-faster[5.5.208~1-b0fc0]:main():sgmm2-latgen-faster.cc:209) Log-like per frame for utterance MNTW0_SI1068 is -9.04515 over 531 frames.
LOG (transform-feats[5.5.208~1-b0fc0]:main():transform-feats.cc:158) Overall average [pseudo-]logdet is -88.6037 over 1438 frames.
LOG (transform-feats[5.5.208~1-b0fc0]:main():transform-feats.cc:161) Applied transform to 4 utterances; 0 had errors.
MNTW0_SI1698 sil s ax s ah m vcl b ah dx iy eh l s epi n uw w ah cl w ix vcl hh ae cl p ix n cl t uh hh er f aa dh er z epi m ah n iy ix f sh iy vcl d ay vcl d sil 
LOG (sgmm2-latgen-faster[5.5.208~1-b0fc0]:DecodeUtteranceLatticeFaster():decoder-wrappers.cc:289) Log-like per frame for utterance MNTW0_SI1698 is -8.71377 over 501 frames.
LOG (sgmm2-latgen-faster[5.5.208~1-b0fc0]:main():sgmm2-latgen-faster.cc:209) Log-like per frame for utterance MNTW0_SI1698 is -8.71377 over 501 frames.
LOG (transform-feats[5.5.208~1-b0fc0]:main():transform-feats.cc:158) Overall average logdet is 3.52142 over 1438 frames.
LOG (transform-feats[5.5.208~1-b0fc0]:main():transform-feats.cc:161) Applied transform to 4 utterances; 0 had errors.
MNTW0_SI2328 sil ow m ah dh er sil ay s ao dh eh m sil 
LOG (sgmm2-latgen-faster[5.5.208~1-b0fc0]:DecodeUtteranceLatticeFaster():decoder-wrappers.cc:289) Log-like per frame for utterance MNTW0_SI2328 is -9.16338 over 173 frames.
LOG (sgmm2-latgen-faster[5.5.208~1-b0fc0]:main():sgmm2-latgen-faster.cc:209) Log-like per frame for utterance MNTW0_SI2328 is -9.16338 over 173 frames.
MNTW0_SX168 sil hh uw cl t ih cl k vcl t ix cl k ay ae cl d aw n dh ax vcl b ay y uw sil 
LOG (sgmm2-latgen-faster[5.5.208~1-b0fc0]:DecodeUtteranceLatticeFaster():decoder-wrappers.cc:289) Log-like per frame for utterance MNTW0_SX168 is -8.37597 over 233 frames.
LOG (sgmm2-latgen-faster[5.5.208~1-b0fc0]:main():sgmm2-latgen-faster.cc:209) Log-like per frame for utterance MNTW0_SX168 is -8.37597 over 233 frames.
LOG (sgmm2-latgen-faster[5.5.208~1-b0fc0]:main():sgmm2-latgen-faster.cc:252) Time taken [excluding initialization] 14.2893s: real-time factor assuming 100 frames/sec is 0.993691
LOG (sgmm2-latgen-faster[5.5.208~1-b0fc0]:main():sgmm2-latgen-faster.cc:255) Done 4 utterances, failed for 0
LOG (sgmm2-latgen-faster[5.5.208~1-b0fc0]:main():sgmm2-latgen-faster.cc:257) Overall log-likelihood per frame = -8.83549 over 1438 frames.
WARNING (sgmm2-latgen-faster[5.5.208~1-b0fc0]:Close():kaldi-io.cc:515) Pipe gunzip -c exp/sgmm2_4_ali/gselect.22.gz| had nonzero return status 36096
# Accounting: time=15 threads=1
# Ended (code 0) at Wed Feb 27 15:45:55 +07 2019, elapsed time 15 seconds
