# sgmm2-latgen-faster --spk-vecs=ark:exp/sgmm2_4_ali/vecs.22 --utt2spk=ark:data/train/split30/22/utt2spk "--gselect=ark,s,cs:gunzip -c exp/sgmm2_4_ali/gselect.22.gz|" --beam=18.0 --lattice-beam=10.0 --acoustic-scale=0.2 --max-mem=20000000 --max-active=5000 --word-symbol-table=data/lang/words.txt exp/sgmm2_4_ali/final.mdl exp/sgmm2_4_denlats/dengraph/HCLG.fst "ark,s,cs:apply-cmvn --utt2spk=ark:data/train/split30/22/split30utt/15/utt2spk scp:data/train/split30/22/split30utt/15/cmvn.scp scp:data/train/split30/22/split30utt/15/feats.scp ark:- | splice-feats --left-context=3 --right-context=3 ark:- ark:- | transform-feats exp/sgmm2_4_ali/final.mat ark:- ark:- | transform-feats --utt2spk=ark:data/train/split30/22/split30utt/15/utt2spk ark:exp/tri3_ali/trans.22 ark:- ark:- |" "ark:|gzip -c >exp/sgmm2_4_denlats/lat.22.15.gz" 
# Started at Wed Feb 27 15:44:49 +07 2019
#
sgmm2-latgen-faster --spk-vecs=ark:exp/sgmm2_4_ali/vecs.22 --utt2spk=ark:data/train/split30/22/utt2spk '--gselect=ark,s,cs:gunzip -c exp/sgmm2_4_ali/gselect.22.gz|' --beam=18.0 --lattice-beam=10.0 --acoustic-scale=0.2 --max-mem=20000000 --max-active=5000 --word-symbol-table=data/lang/words.txt exp/sgmm2_4_ali/final.mdl exp/sgmm2_4_denlats/dengraph/HCLG.fst 'ark,s,cs:apply-cmvn --utt2spk=ark:data/train/split30/22/split30utt/15/utt2spk scp:data/train/split30/22/split30utt/15/cmvn.scp scp:data/train/split30/22/split30utt/15/feats.scp ark:- | splice-feats --left-context=3 --right-context=3 ark:- ark:- | transform-feats exp/sgmm2_4_ali/final.mat ark:- ark:- | transform-feats --utt2spk=ark:data/train/split30/22/split30utt/15/utt2spk ark:exp/tri3_ali/trans.22 ark:- ark:- |' 'ark:|gzip -c >exp/sgmm2_4_denlats/lat.22.15.gz' 
apply-cmvn --utt2spk=ark:data/train/split30/22/split30utt/15/utt2spk scp:data/train/split30/22/split30utt/15/cmvn.scp scp:data/train/split30/22/split30utt/15/feats.scp ark:- 
transform-feats exp/sgmm2_4_ali/final.mat ark:- ark:- 
transform-feats --utt2spk=ark:data/train/split30/22/split30utt/15/utt2spk ark:exp/tri3_ali/trans.22 ark:- ark:- 
splice-feats --left-context=3 --right-context=3 ark:- ark:- 
LOG (apply-cmvn[5.5.208~1-b0fc0]:main():apply-cmvn.cc:162) Applied cepstral mean normalization to 4 utterances, errors on 0
LOG (transform-feats[5.5.208~1-b0fc0]:main():transform-feats.cc:158) Overall average [pseudo-]logdet is -88.6037 over 1350 frames.
LOG (transform-feats[5.5.208~1-b0fc0]:main():transform-feats.cc:161) Applied transform to 4 utterances; 0 had errors.
MMSM0_SI1106 sil eh v r iy th ih ng ix n dh ax f ay n ax l ax n ae l s ix s r ix vcl d uw s cl t ax cl s eh l f cl t ax s eh cl sh uw el s ix m vcl b el ax z m sil 
LOG (sgmm2-latgen-faster[5.5.208~1-b0fc0]:DecodeUtteranceLatticeFaster():decoder-wrappers.cc:289) Log-like per frame for utterance MMSM0_SI1106 is -8.59192 over 423 frames.
LOG (sgmm2-latgen-faster[5.5.208~1-b0fc0]:main():sgmm2-latgen-faster.cc:209) Log-like per frame for utterance MMSM0_SI1106 is -8.59192 over 423 frames.
MMSM0_SI1736 sil dh ax cl p ao er sil ah n l ah cl k iy sil dh ax cl t eh l ax f ow n r ae ng sil 
LOG (sgmm2-latgen-faster[5.5.208~1-b0fc0]:DecodeUtteranceLatticeFaster():decoder-wrappers.cc:289) Log-like per frame for utterance MMSM0_SI1736 is -8.54259 over 265 frames.
LOG (sgmm2-latgen-faster[5.5.208~1-b0fc0]:main():sgmm2-latgen-faster.cc:209) Log-like per frame for utterance MMSM0_SI1736 is -8.54259 over 265 frames.
LOG (transform-feats[5.5.208~1-b0fc0]:main():transform-feats.cc:158) Overall average logdet is 3.51201 over 1350 frames.
LOG (transform-feats[5.5.208~1-b0fc0]:main():transform-feats.cc:161) Applied transform to 4 utterances; 0 had errors.
MMSM0_SI476 sil s ow f eh n iy vcl b ah dx iy s el ih s ix cl s vcl b ay f ow n sil m ey cl sh er y uw m ey l dh ax vcl d ow cl t ax dh iy ix vcl b ah v sil 
LOG (sgmm2-latgen-faster[5.5.208~1-b0fc0]:DecodeUtteranceLatticeFaster():decoder-wrappers.cc:289) Log-like per frame for utterance MMSM0_SI476 is -8.43299 over 436 frames.
LOG (sgmm2-latgen-faster[5.5.208~1-b0fc0]:main():sgmm2-latgen-faster.cc:209) Log-like per frame for utterance MMSM0_SI476 is -8.43299 over 436 frames.
MMSM0_SX116 sil k l ae s cl dh ax s cl k r uw ix n y er l eh f cl t hh ae n vcl sil 
LOG (sgmm2-latgen-faster[5.5.208~1-b0fc0]:DecodeUtteranceLatticeFaster():decoder-wrappers.cc:289) Log-like per frame for utterance MMSM0_SX116 is -8.74375 over 226 frames.
LOG (sgmm2-latgen-faster[5.5.208~1-b0fc0]:main():sgmm2-latgen-faster.cc:209) Log-like per frame for utterance MMSM0_SX116 is -8.74375 over 226 frames.
LOG (sgmm2-latgen-faster[5.5.208~1-b0fc0]:main():sgmm2-latgen-faster.cc:252) Time taken [excluding initialization] 15.4139s: real-time factor assuming 100 frames/sec is 1.14177
LOG (sgmm2-latgen-faster[5.5.208~1-b0fc0]:main():sgmm2-latgen-faster.cc:255) Done 4 utterances, failed for 0
LOG (sgmm2-latgen-faster[5.5.208~1-b0fc0]:main():sgmm2-latgen-faster.cc:257) Overall log-likelihood per frame = -8.55632 over 1350 frames.
WARNING (sgmm2-latgen-faster[5.5.208~1-b0fc0]:Close():kaldi-io.cc:515) Pipe gunzip -c exp/sgmm2_4_ali/gselect.22.gz| had nonzero return status 36096
# Accounting: time=16 threads=1
# Ended (code 0) at Wed Feb 27 15:45:05 +07 2019, elapsed time 16 seconds
