# sgmm2-latgen-faster --spk-vecs=ark:exp/sgmm2_4_ali/vecs.22 --utt2spk=ark:data/train/split30/22/utt2spk "--gselect=ark,s,cs:gunzip -c exp/sgmm2_4_ali/gselect.22.gz|" --beam=18.0 --lattice-beam=10.0 --acoustic-scale=0.2 --max-mem=20000000 --max-active=5000 --word-symbol-table=data/lang/words.txt exp/sgmm2_4_ali/final.mdl exp/sgmm2_4_denlats/dengraph/HCLG.fst "ark,s,cs:apply-cmvn --utt2spk=ark:data/train/split30/22/split30utt/23/utt2spk scp:data/train/split30/22/split30utt/23/cmvn.scp scp:data/train/split30/22/split30utt/23/feats.scp ark:- | splice-feats --left-context=3 --right-context=3 ark:- ark:- | transform-feats exp/sgmm2_4_ali/final.mat ark:- ark:- | transform-feats --utt2spk=ark:data/train/split30/22/split30utt/23/utt2spk ark:exp/tri3_ali/trans.22 ark:- ark:- |" "ark:|gzip -c >exp/sgmm2_4_denlats/lat.22.23.gz" 
# Started at Wed Feb 27 15:45:22 +07 2019
#
sgmm2-latgen-faster --spk-vecs=ark:exp/sgmm2_4_ali/vecs.22 --utt2spk=ark:data/train/split30/22/utt2spk '--gselect=ark,s,cs:gunzip -c exp/sgmm2_4_ali/gselect.22.gz|' --beam=18.0 --lattice-beam=10.0 --acoustic-scale=0.2 --max-mem=20000000 --max-active=5000 --word-symbol-table=data/lang/words.txt exp/sgmm2_4_ali/final.mdl exp/sgmm2_4_denlats/dengraph/HCLG.fst 'ark,s,cs:apply-cmvn --utt2spk=ark:data/train/split30/22/split30utt/23/utt2spk scp:data/train/split30/22/split30utt/23/cmvn.scp scp:data/train/split30/22/split30utt/23/feats.scp ark:- | splice-feats --left-context=3 --right-context=3 ark:- ark:- | transform-feats exp/sgmm2_4_ali/final.mat ark:- ark:- | transform-feats --utt2spk=ark:data/train/split30/22/split30utt/23/utt2spk ark:exp/tri3_ali/trans.22 ark:- ark:- |' 'ark:|gzip -c >exp/sgmm2_4_denlats/lat.22.23.gz' 
splice-feats --left-context=3 --right-context=3 ark:- ark:- 
transform-feats --utt2spk=ark:data/train/split30/22/split30utt/23/utt2spk ark:exp/tri3_ali/trans.22 ark:- ark:- 
apply-cmvn --utt2spk=ark:data/train/split30/22/split30utt/23/utt2spk scp:data/train/split30/22/split30utt/23/cmvn.scp scp:data/train/split30/22/split30utt/23/feats.scp ark:- 
LOG (apply-cmvn[5.5.208~1-b0fc0]:main():apply-cmvn.cc:162) Applied cepstral mean normalization to 4 utterances, errors on 0
transform-feats exp/sgmm2_4_ali/final.mat ark:- ark:- 
LOG (transform-feats[5.5.208~1-b0fc0]:main():transform-feats.cc:158) Overall average [pseudo-]logdet is -88.6037 over 1015 frames.
LOG (transform-feats[5.5.208~1-b0fc0]:main():transform-feats.cc:161) Applied transform to 4 utterances; 0 had errors.
MMWS1_SI1071 sil t uw m aa l z n ao r th iy s cl t sil dh eh n f ay vcl m aa l s aa th epi w eh s cl t sil dh ae cl s er dx ix th ix ng sil 
LOG (sgmm2-latgen-faster[5.5.208~1-b0fc0]:DecodeUtteranceLatticeFaster():decoder-wrappers.cc:289) Log-like per frame for utterance MMWS1_SI1071 is -8.78266 over 363 frames.
LOG (sgmm2-latgen-faster[5.5.208~1-b0fc0]:main():sgmm2-latgen-faster.cc:209) Log-like per frame for utterance MMWS1_SI1071 is -8.78266 over 363 frames.
MMWS1_SI1701 sil m ow sh ax l iy sil dh ey cl p eh n ih cl t r ey dx ix vcl hh ix m n aa dx ix dx ao l sil 
LOG (sgmm2-latgen-faster[5.5.208~1-b0fc0]:DecodeUtteranceLatticeFaster():decoder-wrappers.cc:289) Log-like per frame for utterance MMWS1_SI1701 is -8.88912 over 242 frames.
LOG (sgmm2-latgen-faster[5.5.208~1-b0fc0]:main():sgmm2-latgen-faster.cc:209) Log-like per frame for utterance MMWS1_SI1701 is -8.88912 over 242 frames.
LOG (transform-feats[5.5.208~1-b0fc0]:main():transform-feats.cc:158) Overall average logdet is 1.32831 over 1015 frames.
LOG (transform-feats[5.5.208~1-b0fc0]:main():transform-feats.cc:161) Applied transform to 4 utterances; 0 had errors.
MMWS1_SI2331 sil n aw f y cl p aa r vcl en iy sil ay w ow n cl k iy cl p ix m w ey dx ix ng sil 
LOG (sgmm2-latgen-faster[5.5.208~1-b0fc0]:DecodeUtteranceLatticeFaster():decoder-wrappers.cc:289) Log-like per frame for utterance MMWS1_SI2331 is -9.47045 over 221 frames.
LOG (sgmm2-latgen-faster[5.5.208~1-b0fc0]:main():sgmm2-latgen-faster.cc:209) Log-like per frame for utterance MMWS1_SI2331 is -9.47045 over 221 frames.
MMWS1_SX261 sil d y uw hh ae v ix y eh l ow oy m ix n cl r eh dx iy sil 
LOG (sgmm2-latgen-faster[5.5.208~1-b0fc0]:DecodeUtteranceLatticeFaster():decoder-wrappers.cc:289) Log-like per frame for utterance MMWS1_SX261 is -8.98116 over 189 frames.
LOG (sgmm2-latgen-faster[5.5.208~1-b0fc0]:main():sgmm2-latgen-faster.cc:209) Log-like per frame for utterance MMWS1_SX261 is -8.98116 over 189 frames.
LOG (sgmm2-latgen-faster[5.5.208~1-b0fc0]:main():sgmm2-latgen-faster.cc:252) Time taken [excluding initialization] 13.3568s: real-time factor assuming 100 frames/sec is 1.31595
LOG (sgmm2-latgen-faster[5.5.208~1-b0fc0]:main():sgmm2-latgen-faster.cc:255) Done 4 utterances, failed for 0
LOG (sgmm2-latgen-faster[5.5.208~1-b0fc0]:main():sgmm2-latgen-faster.cc:257) Overall log-likelihood per frame = -8.99476 over 1015 frames.
WARNING (sgmm2-latgen-faster[5.5.208~1-b0fc0]:Close():kaldi-io.cc:515) Pipe gunzip -c exp/sgmm2_4_ali/gselect.22.gz| had nonzero return status 36096
# Accounting: time=14 threads=1
# Ended (code 0) at Wed Feb 27 15:45:36 +07 2019, elapsed time 14 seconds
