# sgmm2-latgen-faster --spk-vecs=ark:exp/sgmm2_4_ali/vecs.22 --utt2spk=ark:data/train/split30/22/utt2spk "--gselect=ark,s,cs:gunzip -c exp/sgmm2_4_ali/gselect.22.gz|" --beam=18.0 --lattice-beam=10.0 --acoustic-scale=0.2 --max-mem=20000000 --max-active=5000 --word-symbol-table=data/lang/words.txt exp/sgmm2_4_ali/final.mdl exp/sgmm2_4_denlats/dengraph/HCLG.fst "ark,s,cs:apply-cmvn --utt2spk=ark:data/train/split30/22/split30utt/1/utt2spk scp:data/train/split30/22/split30utt/1/cmvn.scp scp:data/train/split30/22/split30utt/1/feats.scp ark:- | splice-feats --left-context=3 --right-context=3 ark:- ark:- | transform-feats exp/sgmm2_4_ali/final.mat ark:- ark:- | transform-feats --utt2spk=ark:data/train/split30/22/split30utt/1/utt2spk ark:exp/tri3_ali/trans.22 ark:- ark:- |" "ark:|gzip -c >exp/sgmm2_4_denlats/lat.22.1.gz" 
# Started at Wed Feb 27 15:44:04 +07 2019
#
sgmm2-latgen-faster --spk-vecs=ark:exp/sgmm2_4_ali/vecs.22 --utt2spk=ark:data/train/split30/22/utt2spk '--gselect=ark,s,cs:gunzip -c exp/sgmm2_4_ali/gselect.22.gz|' --beam=18.0 --lattice-beam=10.0 --acoustic-scale=0.2 --max-mem=20000000 --max-active=5000 --word-symbol-table=data/lang/words.txt exp/sgmm2_4_ali/final.mdl exp/sgmm2_4_denlats/dengraph/HCLG.fst 'ark,s,cs:apply-cmvn --utt2spk=ark:data/train/split30/22/split30utt/1/utt2spk scp:data/train/split30/22/split30utt/1/cmvn.scp scp:data/train/split30/22/split30utt/1/feats.scp ark:- | splice-feats --left-context=3 --right-context=3 ark:- ark:- | transform-feats exp/sgmm2_4_ali/final.mat ark:- ark:- | transform-feats --utt2spk=ark:data/train/split30/22/split30utt/1/utt2spk ark:exp/tri3_ali/trans.22 ark:- ark:- |' 'ark:|gzip -c >exp/sgmm2_4_denlats/lat.22.1.gz' 
transform-feats exp/sgmm2_4_ali/final.mat ark:- ark:- 
splice-feats --left-context=3 --right-context=3 ark:- ark:- 
apply-cmvn --utt2spk=ark:data/train/split30/22/split30utt/1/utt2spk scp:data/train/split30/22/split30utt/1/cmvn.scp scp:data/train/split30/22/split30utt/1/feats.scp ark:- 
transform-feats --utt2spk=ark:data/train/split30/22/split30utt/1/utt2spk ark:exp/tri3_ali/trans.22 ark:- ark:- 
LOG (apply-cmvn[5.5.208~1-b0fc0]:main():apply-cmvn.cc:162) Applied cepstral mean normalization to 4 utterances, errors on 0
LOG (transform-feats[5.5.208~1-b0fc0]:main():transform-feats.cc:158) Overall average [pseudo-]logdet is -88.6037 over 1219 frames.
LOG (transform-feats[5.5.208~1-b0fc0]:main():transform-feats.cc:161) Applied transform to 4 utterances; 0 had errors.
MMGC0_SI1305 sil ih f ey er n aa cl ih l ih cl s oy vcl s dh ix cl k ix n cl k l uw zh ix n z w el vcl b iy ih r iy z en ix vcl b el ax cl p r aa cl k s ax m ey sh en sil 
LOG (sgmm2-latgen-faster[5.5.208~1-b0fc0]:DecodeUtteranceLatticeFaster():decoder-wrappers.cc:289) Log-like per frame for utterance MMGC0_SI1305 is -9.56359 over 422 frames.
LOG (sgmm2-latgen-faster[5.5.208~1-b0fc0]:main():sgmm2-latgen-faster.cc:209) Log-like per frame for utterance MMGC0_SI1305 is -9.56359 over 422 frames.
MMGC0_SI1935 sil ih n m ay cl p l ey s y uw vcl f aa l ax s ah cl ch ix vcl v ay s ix zh uw vcl g ih v m iy sil 
LOG (sgmm2-latgen-faster[5.5.208~1-b0fc0]:DecodeUtteranceLatticeFaster():decoder-wrappers.cc:289) Log-like per frame for utterance MMGC0_SI1935 is -8.95944 over 331 frames.
LOG (sgmm2-latgen-faster[5.5.208~1-b0fc0]:main():sgmm2-latgen-faster.cc:209) Log-like per frame for utterance MMGC0_SI1935 is -8.95944 over 331 frames.
LOG (transform-feats[5.5.208~1-b0fc0]:main():transform-feats.cc:158) Overall average logdet is 2.0551 over 1219 frames.
LOG (transform-feats[5.5.208~1-b0fc0]:main():transform-feats.cc:161) Applied transform to 4 utterances; 0 had errors.
MMGC0_SI2184 sil iy dh ae cl sil ao r er v eh cl t er n eh r iy ix n sil 
LOG (sgmm2-latgen-faster[5.5.208~1-b0fc0]:DecodeUtteranceLatticeFaster():decoder-wrappers.cc:289) Log-like per frame for utterance MMGC0_SI2184 is -9.10806 over 184 frames.
LOG (sgmm2-latgen-faster[5.5.208~1-b0fc0]:main():sgmm2-latgen-faster.cc:209) Log-like per frame for utterance MMGC0_SI2184 is -9.10806 over 184 frames.
MMGC0_SX135 sil t eh cl n eh cl k el r ay dx er z cl k ix n ix vcl b r iy v iy ey dx ix n vcl b ih vcl b l ih aa vcl g er f iy z sil 
LOG (sgmm2-latgen-faster[5.5.208~1-b0fc0]:DecodeUtteranceLatticeFaster():decoder-wrappers.cc:289) Log-like per frame for utterance MMGC0_SX135 is -9.64824 over 282 frames.
LOG (sgmm2-latgen-faster[5.5.208~1-b0fc0]:main():sgmm2-latgen-faster.cc:209) Log-like per frame for utterance MMGC0_SX135 is -9.64824 over 282 frames.
LOG (sgmm2-latgen-faster[5.5.208~1-b0fc0]:main():sgmm2-latgen-faster.cc:252) Time taken [excluding initialization] 15.6249s: real-time factor assuming 100 frames/sec is 1.28178
LOG (sgmm2-latgen-faster[5.5.208~1-b0fc0]:main():sgmm2-latgen-faster.cc:255) Done 4 utterances, failed for 0
LOG (sgmm2-latgen-faster[5.5.208~1-b0fc0]:main():sgmm2-latgen-faster.cc:257) Overall log-likelihood per frame = -9.35036 over 1219 frames.
WARNING (sgmm2-latgen-faster[5.5.208~1-b0fc0]:Close():kaldi-io.cc:515) Pipe gunzip -c exp/sgmm2_4_ali/gselect.22.gz| had nonzero return status 36096
# Accounting: time=16 threads=1
# Ended (code 0) at Wed Feb 27 15:44:20 +07 2019, elapsed time 16 seconds
