# sgmm2-latgen-faster --spk-vecs=ark:exp/sgmm2_4_ali/vecs.30 --utt2spk=ark:data/train/split30/30/utt2spk "--gselect=ark,s,cs:gunzip -c exp/sgmm2_4_ali/gselect.30.gz|" --beam=18.0 --lattice-beam=10.0 --acoustic-scale=0.2 --max-mem=20000000 --max-active=5000 --word-symbol-table=data/lang/words.txt exp/sgmm2_4_ali/final.mdl exp/sgmm2_4_denlats/dengraph/HCLG.fst "ark,s,cs:apply-cmvn --utt2spk=ark:data/train/split30/30/split30utt/7/utt2spk scp:data/train/split30/30/split30utt/7/cmvn.scp scp:data/train/split30/30/split30utt/7/feats.scp ark:- | splice-feats --left-context=3 --right-context=3 ark:- ark:- | transform-feats exp/sgmm2_4_ali/final.mat ark:- ark:- | transform-feats --utt2spk=ark:data/train/split30/30/split30utt/7/utt2spk ark:exp/tri3_ali/trans.30 ark:- ark:- |" "ark:|gzip -c >exp/sgmm2_4_denlats/lat.30.7.gz" 
# Started at Wed Feb 27 15:52:15 +07 2019
#
sgmm2-latgen-faster --spk-vecs=ark:exp/sgmm2_4_ali/vecs.30 --utt2spk=ark:data/train/split30/30/utt2spk '--gselect=ark,s,cs:gunzip -c exp/sgmm2_4_ali/gselect.30.gz|' --beam=18.0 --lattice-beam=10.0 --acoustic-scale=0.2 --max-mem=20000000 --max-active=5000 --word-symbol-table=data/lang/words.txt exp/sgmm2_4_ali/final.mdl exp/sgmm2_4_denlats/dengraph/HCLG.fst 'ark,s,cs:apply-cmvn --utt2spk=ark:data/train/split30/30/split30utt/7/utt2spk scp:data/train/split30/30/split30utt/7/cmvn.scp scp:data/train/split30/30/split30utt/7/feats.scp ark:- | splice-feats --left-context=3 --right-context=3 ark:- ark:- | transform-feats exp/sgmm2_4_ali/final.mat ark:- ark:- | transform-feats --utt2spk=ark:data/train/split30/30/split30utt/7/utt2spk ark:exp/tri3_ali/trans.30 ark:- ark:- |' 'ark:|gzip -c >exp/sgmm2_4_denlats/lat.30.7.gz' 
transform-feats exp/sgmm2_4_ali/final.mat ark:- ark:- 
splice-feats --left-context=3 --right-context=3 ark:- ark:- 
transform-feats --utt2spk=ark:data/train/split30/30/split30utt/7/utt2spk ark:exp/tri3_ali/trans.30 ark:- ark:- 
apply-cmvn --utt2spk=ark:data/train/split30/30/split30utt/7/utt2spk scp:data/train/split30/30/split30utt/7/cmvn.scp scp:data/train/split30/30/split30utt/7/feats.scp ark:- 
LOG (apply-cmvn[5.5.208~1-b0fc0]:main():apply-cmvn.cc:162) Applied cepstral mean normalization to 4 utterances, errors on 0
MWAC0_SI1601 sil t uw cl k l aa dx ih vcl b ao l z ix cl k ah l er ax v m y uw cl k uh s r ow l vcl b ix cl t w iy n f ay r iy l ih vcl z sil 
LOG (sgmm2-latgen-faster[5.5.208~1-b0fc0]:DecodeUtteranceLatticeFaster():decoder-wrappers.cc:289) Log-like per frame for utterance MWAC0_SI1601 is -8.25313 over 463 frames.
LOG (sgmm2-latgen-faster[5.5.208~1-b0fc0]:main():sgmm2-latgen-faster.cc:209) Log-like per frame for utterance MWAC0_SI1601 is -8.25313 over 463 frames.
LOG (transform-feats[5.5.208~1-b0fc0]:main():transform-feats.cc:158) Overall average [pseudo-]logdet is -88.6037 over 1505 frames.
LOG (transform-feats[5.5.208~1-b0fc0]:main():transform-feats.cc:161) Applied transform to 4 utterances; 0 had errors.
MWAC0_SI2231 sil dh ey w er vcl b ow th epi w ao cl k ih ng cl t w ao r vcl z iy cl ch ah dh er sil ah n hh er iy vcl d sil 
LOG (sgmm2-latgen-faster[5.5.208~1-b0fc0]:DecodeUtteranceLatticeFaster():decoder-wrappers.cc:289) Log-like per frame for utterance MWAC0_SI2231 is -9.21351 over 328 frames.
LOG (sgmm2-latgen-faster[5.5.208~1-b0fc0]:main():sgmm2-latgen-faster.cc:209) Log-like per frame for utterance MWAC0_SI2231 is -9.21351 over 328 frames.
MWAC0_SI971 sil dh eh n ao f ah vcl g eh n sil r ah sh ix ng vcl d ix cl k iy cl p ah cl p sil 
LOG (sgmm2-latgen-faster[5.5.208~1-b0fc0]:DecodeUtteranceLatticeFaster():decoder-wrappers.cc:289) Log-like per frame for utterance MWAC0_SI971 is -8.28957 over 271 frames.
LOG (sgmm2-latgen-faster[5.5.208~1-b0fc0]:main():sgmm2-latgen-faster.cc:209) Log-like per frame for utterance MWAC0_SI971 is -8.28957 over 271 frames.
LOG (transform-feats[5.5.208~1-b0fc0]:main():transform-feats.cc:158) Overall average logdet is 2.72734 over 1505 frames.
LOG (transform-feats[5.5.208~1-b0fc0]:main():transform-feats.cc:161) Applied transform to 4 utterances; 0 had errors.
MWAC0_SX161 sil ae z ey cl p r iy cl k ao sh ah n dh iy aw l ao z vcl b ao cl g ah n cl p aw dx er f ao dh er sh cl t r ao ng hh ow l vcl d sil 
LOG (sgmm2-latgen-faster[5.5.208~1-b0fc0]:DecodeUtteranceLatticeFaster():decoder-wrappers.cc:289) Log-like per frame for utterance MWAC0_SX161 is -8.28565 over 443 frames.
LOG (sgmm2-latgen-faster[5.5.208~1-b0fc0]:main():sgmm2-latgen-faster.cc:209) Log-like per frame for utterance MWAC0_SX161 is -8.28565 over 443 frames.
LOG (sgmm2-latgen-faster[5.5.208~1-b0fc0]:main():sgmm2-latgen-faster.cc:252) Time taken [excluding initialization] 15.233s: real-time factor assuming 100 frames/sec is 1.01216
LOG (sgmm2-latgen-faster[5.5.208~1-b0fc0]:main():sgmm2-latgen-faster.cc:255) Done 4 utterances, failed for 0
LOG (sgmm2-latgen-faster[5.5.208~1-b0fc0]:main():sgmm2-latgen-faster.cc:257) Overall log-likelihood per frame = -8.47857 over 1505 frames.
WARNING (sgmm2-latgen-faster[5.5.208~1-b0fc0]:Close():kaldi-io.cc:515) Pipe gunzip -c exp/sgmm2_4_ali/gselect.30.gz| had nonzero return status 36096
# Accounting: time=16 threads=1
# Ended (code 0) at Wed Feb 27 15:52:31 +07 2019, elapsed time 16 seconds
