# sgmm2-latgen-faster --spk-vecs=ark:exp/sgmm2_4_ali/vecs.30 --utt2spk=ark:data/train/split30/30/utt2spk "--gselect=ark,s,cs:gunzip -c exp/sgmm2_4_ali/gselect.30.gz|" --beam=18.0 --lattice-beam=10.0 --acoustic-scale=0.2 --max-mem=20000000 --max-active=5000 --word-symbol-table=data/lang/words.txt exp/sgmm2_4_ali/final.mdl exp/sgmm2_4_denlats/dengraph/HCLG.fst "ark,s,cs:apply-cmvn --utt2spk=ark:data/train/split30/30/split30utt/23/utt2spk scp:data/train/split30/30/split30utt/23/cmvn.scp scp:data/train/split30/30/split30utt/23/feats.scp ark:- | splice-feats --left-context=3 --right-context=3 ark:- ark:- | transform-feats exp/sgmm2_4_ali/final.mat ark:- ark:- | transform-feats --utt2spk=ark:data/train/split30/30/split30utt/23/utt2spk ark:exp/tri3_ali/trans.30 ark:- ark:- |" "ark:|gzip -c >exp/sgmm2_4_denlats/lat.30.23.gz" 
# Started at Wed Feb 27 15:53:15 +07 2019
#
sgmm2-latgen-faster --spk-vecs=ark:exp/sgmm2_4_ali/vecs.30 --utt2spk=ark:data/train/split30/30/utt2spk '--gselect=ark,s,cs:gunzip -c exp/sgmm2_4_ali/gselect.30.gz|' --beam=18.0 --lattice-beam=10.0 --acoustic-scale=0.2 --max-mem=20000000 --max-active=5000 --word-symbol-table=data/lang/words.txt exp/sgmm2_4_ali/final.mdl exp/sgmm2_4_denlats/dengraph/HCLG.fst 'ark,s,cs:apply-cmvn --utt2spk=ark:data/train/split30/30/split30utt/23/utt2spk scp:data/train/split30/30/split30utt/23/cmvn.scp scp:data/train/split30/30/split30utt/23/feats.scp ark:- | splice-feats --left-context=3 --right-context=3 ark:- ark:- | transform-feats exp/sgmm2_4_ali/final.mat ark:- ark:- | transform-feats --utt2spk=ark:data/train/split30/30/split30utt/23/utt2spk ark:exp/tri3_ali/trans.30 ark:- ark:- |' 'ark:|gzip -c >exp/sgmm2_4_denlats/lat.30.23.gz' 
transform-feats exp/sgmm2_4_ali/final.mat ark:- ark:- 
transform-feats --utt2spk=ark:data/train/split30/30/split30utt/23/utt2spk ark:exp/tri3_ali/trans.30 ark:- ark:- 
apply-cmvn --utt2spk=ark:data/train/split30/30/split30utt/23/utt2spk scp:data/train/split30/30/split30utt/23/cmvn.scp scp:data/train/split30/30/split30utt/23/feats.scp ark:- 
splice-feats --left-context=3 --right-context=3 ark:- ark:- 
LOG (apply-cmvn[5.5.208~1-b0fc0]:main():apply-cmvn.cc:162) Applied cepstral mean normalization to 4 utterances, errors on 0
LOG (transform-feats[5.5.208~1-b0fc0]:main():transform-feats.cc:158) Overall average [pseudo-]logdet is -88.6037 over 1339 frames.
LOG (transform-feats[5.5.208~1-b0fc0]:main():transform-feats.cc:161) Applied transform to 4 utterances; 0 had errors.
MWRP0_SI1443 sil dh ix cl k aa m cl p aw n z er dx ix v ay dx ix dx ix cl k ao r dx ih ng cl t uw cl k aa m cl p ax z ih sh en ix n d ix s eh v ax n cl k ae dx ix vcl g ao r ix z sil 
LOG (sgmm2-latgen-faster[5.5.208~1-b0fc0]:DecodeUtteranceLatticeFaster():decoder-wrappers.cc:289) Log-like per frame for utterance MWRP0_SI1443 is -9.16217 over 424 frames.
LOG (sgmm2-latgen-faster[5.5.208~1-b0fc0]:main():sgmm2-latgen-faster.cc:209) Log-like per frame for utterance MWRP0_SI1443 is -9.16217 over 424 frames.
MWRP0_SI1525 sil m ey vcl iy dh ey aa r er dx iy vcl g aa dx ax m sil 
LOG (sgmm2-latgen-faster[5.5.208~1-b0fc0]:DecodeUtteranceLatticeFaster():decoder-wrappers.cc:289) Log-like per frame for utterance MWRP0_SI1525 is -7.76588 over 246 frames.
LOG (sgmm2-latgen-faster[5.5.208~1-b0fc0]:main():sgmm2-latgen-faster.cc:209) Log-like per frame for utterance MWRP0_SI1525 is -7.76588 over 246 frames.
LOG (transform-feats[5.5.208~1-b0fc0]:main():transform-feats.cc:158) Overall average logdet is 3.28878 over 1339 frames.
LOG (transform-feats[5.5.208~1-b0fc0]:main():transform-feats.cc:161) Applied transform to 4 utterances; 0 had errors.
MWRP0_SI2073 sil hh iy r ih cl d aw n ax s eh l ax f ih ng cl k eh r f el iy sil eh n l ey vcl th r iy vcl d ao vcl g z ah n dh ax cl t ix n f oy l sil 
LOG (sgmm2-latgen-faster[5.5.208~1-b0fc0]:DecodeUtteranceLatticeFaster():decoder-wrappers.cc:289) Log-like per frame for utterance MWRP0_SI2073 is -9.0749 over 386 frames.
LOG (sgmm2-latgen-faster[5.5.208~1-b0fc0]:main():sgmm2-latgen-faster.cc:209) Log-like per frame for utterance MWRP0_SI2073 is -9.0749 over 386 frames.
MWRP0_SX183 sil hh w ay eh l cl t s w ix vcl d ae n l aw ah dh er s cl t ix vcl g ow sil 
LOG (sgmm2-latgen-faster[5.5.208~1-b0fc0]:DecodeUtteranceLatticeFaster():decoder-wrappers.cc:289) Log-like per frame for utterance MWRP0_SX183 is -7.93119 over 283 frames.
LOG (sgmm2-latgen-faster[5.5.208~1-b0fc0]:main():sgmm2-latgen-faster.cc:209) Log-like per frame for utterance MWRP0_SX183 is -7.93119 over 283 frames.
LOG (sgmm2-latgen-faster[5.5.208~1-b0fc0]:main():sgmm2-latgen-faster.cc:252) Time taken [excluding initialization] 13.3139s: real-time factor assuming 100 frames/sec is 0.994319
LOG (sgmm2-latgen-faster[5.5.208~1-b0fc0]:main():sgmm2-latgen-faster.cc:255) Done 4 utterances, failed for 0
LOG (sgmm2-latgen-faster[5.5.208~1-b0fc0]:main():sgmm2-latgen-faster.cc:257) Overall log-likelihood per frame = -8.62032 over 1339 frames.
WARNING (sgmm2-latgen-faster[5.5.208~1-b0fc0]:Close():kaldi-io.cc:515) Pipe gunzip -c exp/sgmm2_4_ali/gselect.30.gz| had nonzero return status 36096
# Accounting: time=15 threads=1
# Ended (code 0) at Wed Feb 27 15:53:30 +07 2019, elapsed time 15 seconds
