# sgmm2-latgen-faster --spk-vecs=ark:exp/sgmm2_4_ali/vecs.30 --utt2spk=ark:data/train/split30/30/utt2spk "--gselect=ark,s,cs:gunzip -c exp/sgmm2_4_ali/gselect.30.gz|" --beam=18.0 --lattice-beam=10.0 --acoustic-scale=0.2 --max-mem=20000000 --max-active=5000 --word-symbol-table=data/lang/words.txt exp/sgmm2_4_ali/final.mdl exp/sgmm2_4_denlats/dengraph/HCLG.fst "ark,s,cs:apply-cmvn --utt2spk=ark:data/train/split30/30/split30utt/29/utt2spk scp:data/train/split30/30/split30utt/29/cmvn.scp scp:data/train/split30/30/split30utt/29/feats.scp ark:- | splice-feats --left-context=3 --right-context=3 ark:- ark:- | transform-feats exp/sgmm2_4_ali/final.mat ark:- ark:- | transform-feats --utt2spk=ark:data/train/split30/30/split30utt/29/utt2spk ark:exp/tri3_ali/trans.30 ark:- ark:- |" "ark:|gzip -c >exp/sgmm2_4_denlats/lat.30.29.gz" 
# Started at Wed Feb 27 15:53:31 +07 2019
#
sgmm2-latgen-faster --spk-vecs=ark:exp/sgmm2_4_ali/vecs.30 --utt2spk=ark:data/train/split30/30/utt2spk '--gselect=ark,s,cs:gunzip -c exp/sgmm2_4_ali/gselect.30.gz|' --beam=18.0 --lattice-beam=10.0 --acoustic-scale=0.2 --max-mem=20000000 --max-active=5000 --word-symbol-table=data/lang/words.txt exp/sgmm2_4_ali/final.mdl exp/sgmm2_4_denlats/dengraph/HCLG.fst 'ark,s,cs:apply-cmvn --utt2spk=ark:data/train/split30/30/split30utt/29/utt2spk scp:data/train/split30/30/split30utt/29/cmvn.scp scp:data/train/split30/30/split30utt/29/feats.scp ark:- | splice-feats --left-context=3 --right-context=3 ark:- ark:- | transform-feats exp/sgmm2_4_ali/final.mat ark:- ark:- | transform-feats --utt2spk=ark:data/train/split30/30/split30utt/29/utt2spk ark:exp/tri3_ali/trans.30 ark:- ark:- |' 'ark:|gzip -c >exp/sgmm2_4_denlats/lat.30.29.gz' 
transform-feats --utt2spk=ark:data/train/split30/30/split30utt/29/utt2spk ark:exp/tri3_ali/trans.30 ark:- ark:- 
apply-cmvn --utt2spk=ark:data/train/split30/30/split30utt/29/utt2spk scp:data/train/split30/30/split30utt/29/cmvn.scp scp:data/train/split30/30/split30utt/29/feats.scp ark:- 
LOG (apply-cmvn[5.5.208~1-b0fc0]:main():apply-cmvn.cc:162) Applied cepstral mean normalization to 4 utterances, errors on 0
transform-feats exp/sgmm2_4_ali/final.mat ark:- ark:- 
splice-feats --left-context=3 --right-context=3 ark:- ark:- 
LOG (transform-feats[5.5.208~1-b0fc0]:main():transform-feats.cc:158) Overall average [pseudo-]logdet is -88.6037 over 1295 frames.
LOG (transform-feats[5.5.208~1-b0fc0]:main():transform-feats.cc:161) Applied transform to 4 utterances; 0 had errors.
MZMB0_SI1166 sil ix n ix cl k ao r s ax v ix cl s ix n cl k w ay r iy sil ix cl t uh cl t eh s cl t m ow n iy f er m ow n l iy s eh v en w ih cl n ix s ix z sil 
LOG (sgmm2-latgen-faster[5.5.208~1-b0fc0]:DecodeUtteranceLatticeFaster():decoder-wrappers.cc:289) Log-like per frame for utterance MZMB0_SI1166 is -10.0022 over 386 frames.
LOG (sgmm2-latgen-faster[5.5.208~1-b0fc0]:main():sgmm2-latgen-faster.cc:209) Log-like per frame for utterance MZMB0_SI1166 is -10.0022 over 386 frames.
MZMB0_SI1796 sil hh ih z ay z vcl b er n vcl f iy v er sh l iy sil 
LOG (sgmm2-latgen-faster[5.5.208~1-b0fc0]:DecodeUtteranceLatticeFaster():decoder-wrappers.cc:289) Log-like per frame for utterance MZMB0_SI1796 is -8.00447 over 189 frames.
LOG (sgmm2-latgen-faster[5.5.208~1-b0fc0]:main():sgmm2-latgen-faster.cc:209) Log-like per frame for utterance MZMB0_SI1796 is -8.00447 over 189 frames.
LOG (transform-feats[5.5.208~1-b0fc0]:main():transform-feats.cc:158) Overall average logdet is 1.98714 over 1295 frames.
LOG (transform-feats[5.5.208~1-b0fc0]:main():transform-feats.cc:161) Applied transform to 4 utterances; 0 had errors.
MZMB0_SI536 sil s ow w iy n ow cl t ax cl p r uw v ix n l iy ax f r eh sh s ae m cl p el ah v y uw n ae n ih m ix cl t iy sil 
LOG (sgmm2-latgen-faster[5.5.208~1-b0fc0]:DecodeUtteranceLatticeFaster():decoder-wrappers.cc:289) Log-like per frame for utterance MZMB0_SI536 is -9.49262 over 354 frames.
LOG (sgmm2-latgen-faster[5.5.208~1-b0fc0]:main():sgmm2-latgen-faster.cc:209) Log-like per frame for utterance MZMB0_SI536 is -9.49262 over 354 frames.
MZMB0_SX176 sil b ay ix ng ix th er ax vcl b r eh vcl hh ao r s r ax cl k w ay er z ih n cl t uw ih sh ix n en eh cl sh cl p er cl t iy s sil 
LOG (sgmm2-latgen-faster[5.5.208~1-b0fc0]:DecodeUtteranceLatticeFaster():decoder-wrappers.cc:289) Log-like per frame for utterance MZMB0_SX176 is -9.14431 over 366 frames.
LOG (sgmm2-latgen-faster[5.5.208~1-b0fc0]:main():sgmm2-latgen-faster.cc:209) Log-like per frame for utterance MZMB0_SX176 is -9.14431 over 366 frames.
LOG (sgmm2-latgen-faster[5.5.208~1-b0fc0]:main():sgmm2-latgen-faster.cc:252) Time taken [excluding initialization] 7.59733s: real-time factor assuming 100 frames/sec is 0.586667
LOG (sgmm2-latgen-faster[5.5.208~1-b0fc0]:main():sgmm2-latgen-faster.cc:255) Done 4 utterances, failed for 0
LOG (sgmm2-latgen-faster[5.5.208~1-b0fc0]:main():sgmm2-latgen-faster.cc:257) Overall log-likelihood per frame = -9.32888 over 1295 frames.
# Accounting: time=8 threads=1
# Ended (code 0) at Wed Feb 27 15:53:39 +07 2019, elapsed time 8 seconds
