# sgmm2-latgen-faster --spk-vecs=ark:exp/sgmm2_4_ali/vecs.30 --utt2spk=ark:data/train/split30/30/utt2spk "--gselect=ark,s,cs:gunzip -c exp/sgmm2_4_ali/gselect.30.gz|" --beam=18.0 --lattice-beam=10.0 --acoustic-scale=0.2 --max-mem=20000000 --max-active=5000 --word-symbol-table=data/lang/words.txt exp/sgmm2_4_ali/final.mdl exp/sgmm2_4_denlats/dengraph/HCLG.fst "ark,s,cs:apply-cmvn --utt2spk=ark:data/train/split30/30/split30utt/26/utt2spk scp:data/train/split30/30/split30utt/26/cmvn.scp scp:data/train/split30/30/split30utt/26/feats.scp ark:- | splice-feats --left-context=3 --right-context=3 ark:- ark:- | transform-feats exp/sgmm2_4_ali/final.mat ark:- ark:- | transform-feats --utt2spk=ark:data/train/split30/30/split30utt/26/utt2spk ark:exp/tri3_ali/trans.30 ark:- ark:- |" "ark:|gzip -c >exp/sgmm2_4_denlats/lat.30.26.gz" 
# Started at Wed Feb 27 15:53:27 +07 2019
#
sgmm2-latgen-faster --spk-vecs=ark:exp/sgmm2_4_ali/vecs.30 --utt2spk=ark:data/train/split30/30/utt2spk '--gselect=ark,s,cs:gunzip -c exp/sgmm2_4_ali/gselect.30.gz|' --beam=18.0 --lattice-beam=10.0 --acoustic-scale=0.2 --max-mem=20000000 --max-active=5000 --word-symbol-table=data/lang/words.txt exp/sgmm2_4_ali/final.mdl exp/sgmm2_4_denlats/dengraph/HCLG.fst 'ark,s,cs:apply-cmvn --utt2spk=ark:data/train/split30/30/split30utt/26/utt2spk scp:data/train/split30/30/split30utt/26/cmvn.scp scp:data/train/split30/30/split30utt/26/feats.scp ark:- | splice-feats --left-context=3 --right-context=3 ark:- ark:- | transform-feats exp/sgmm2_4_ali/final.mat ark:- ark:- | transform-feats --utt2spk=ark:data/train/split30/30/split30utt/26/utt2spk ark:exp/tri3_ali/trans.30 ark:- ark:- |' 'ark:|gzip -c >exp/sgmm2_4_denlats/lat.30.26.gz' 
transform-feats exp/sgmm2_4_ali/final.mat ark:- ark:- 
splice-feats --left-context=3 --right-context=3 ark:- ark:- 
apply-cmvn --utt2spk=ark:data/train/split30/30/split30utt/26/utt2spk scp:data/train/split30/30/split30utt/26/cmvn.scp scp:data/train/split30/30/split30utt/26/feats.scp ark:- 
LOG (apply-cmvn[5.5.208~1-b0fc0]:main():apply-cmvn.cc:162) Applied cepstral mean normalization to 4 utterances, errors on 0
transform-feats --utt2spk=ark:data/train/split30/30/split30utt/26/utt2spk ark:exp/tri3_ali/trans.30 ark:- ark:- 
LOG (transform-feats[5.5.208~1-b0fc0]:main():transform-feats.cc:158) Overall average [pseudo-]logdet is -88.6037 over 983 frames.
LOG (transform-feats[5.5.208~1-b0fc0]:main():transform-feats.cc:161) Applied transform to 4 utterances; 0 had errors.
MWSB0_SX276 sil jh aa n z vcl b r ah dh er r iy cl p ey n ih vcl dh ix cl g er aa vcl jh vcl d ao r sil 
LOG (sgmm2-latgen-faster[5.5.208~1-b0fc0]:DecodeUtteranceLatticeFaster():decoder-wrappers.cc:289) Log-like per frame for utterance MWSB0_SX276 is -9.04059 over 200 frames.
LOG (sgmm2-latgen-faster[5.5.208~1-b0fc0]:main():sgmm2-latgen-faster.cc:209) Log-like per frame for utterance MWSB0_SX276 is -9.04059 over 200 frames.
MWSB0_SX366 sil w el y uw cl p l iy z cl k ix n f er m vcl g ah v er m ix n cl p aa l ax s iy r ix vcl g aa r dx ix ng w ey s cl t er m ow v el sil 
LOG (sgmm2-latgen-faster[5.5.208~1-b0fc0]:DecodeUtteranceLatticeFaster():decoder-wrappers.cc:289) Log-like per frame for utterance MWSB0_SX366 is -8.79712 over 331 frames.
LOG (sgmm2-latgen-faster[5.5.208~1-b0fc0]:main():sgmm2-latgen-faster.cc:209) Log-like per frame for utterance MWSB0_SX366 is -8.79712 over 331 frames.
LOG (transform-feats[5.5.208~1-b0fc0]:main():transform-feats.cc:158) Overall average logdet is 3.28585 over 983 frames.
LOG (transform-feats[5.5.208~1-b0fc0]:main():transform-feats.cc:161) Applied transform to 4 utterances; 0 had errors.
MWSB0_SX6 sil b r ey cl s ah n cl sh ay n sh ih m er z aa n ih ow sh en sil 
LOG (sgmm2-latgen-faster[5.5.208~1-b0fc0]:DecodeUtteranceLatticeFaster():decoder-wrappers.cc:289) Log-like per frame for utterance MWSB0_SX6 is -8.51266 over 204 frames.
LOG (sgmm2-latgen-faster[5.5.208~1-b0fc0]:main():sgmm2-latgen-faster.cc:209) Log-like per frame for utterance MWSB0_SX6 is -8.51266 over 204 frames.
MWSB0_SX96 sil m ae s cl k er ey cl p aa r dx iy z cl t ae cl s epi w ax n z ix m ae vcl jh ix n ey sh en sil 
LOG (sgmm2-latgen-faster[5.5.208~1-b0fc0]:DecodeUtteranceLatticeFaster():decoder-wrappers.cc:289) Log-like per frame for utterance MWSB0_SX96 is -8.72647 over 248 frames.
LOG (sgmm2-latgen-faster[5.5.208~1-b0fc0]:main():sgmm2-latgen-faster.cc:209) Log-like per frame for utterance MWSB0_SX96 is -8.72647 over 248 frames.
LOG (sgmm2-latgen-faster[5.5.208~1-b0fc0]:main():sgmm2-latgen-faster.cc:252) Time taken [excluding initialization] 6.29367s: real-time factor assuming 100 frames/sec is 0.640251
LOG (sgmm2-latgen-faster[5.5.208~1-b0fc0]:main():sgmm2-latgen-faster.cc:255) Done 4 utterances, failed for 0
LOG (sgmm2-latgen-faster[5.5.208~1-b0fc0]:main():sgmm2-latgen-faster.cc:257) Overall log-likelihood per frame = -8.7698 over 983 frames.
WARNING (sgmm2-latgen-faster[5.5.208~1-b0fc0]:Close():kaldi-io.cc:515) Pipe gunzip -c exp/sgmm2_4_ali/gselect.30.gz| had nonzero return status 36096
# Accounting: time=7 threads=1
# Ended (code 0) at Wed Feb 27 15:53:34 +07 2019, elapsed time 7 seconds
