# nnet-subset-egs --n=2000 --randomize-order=true --srand=5 ark:exp/tri4_nnet/egs/train_diagnostic.egs ark:- | nnet-combine-fast --use-gpu=no --num-threads=16 --verbose=3 --minibatch-size=125 exp/tri4_nnet/6.mdl ark:- exp/tri4_nnet/6.mdl 
# Started at Wed Feb 27 16:33:25 +07 2019
#
nnet-subset-egs --n=2000 --randomize-order=true --srand=5 ark:exp/tri4_nnet/egs/train_diagnostic.egs ark:- 
nnet-combine-fast --use-gpu=no --num-threads=16 --verbose=3 --minibatch-size=125 exp/tri4_nnet/6.mdl ark:- exp/tri4_nnet/6.mdl 
LOG (nnet-subset-egs[5.5.208~1-b0fc0]:main():nnet-subset-egs.cc:92) Selected a subset of 2000 out of 4000 neural-network training examples 
LOG (nnet-combine-fast[5.5.208~1-b0fc0]:main():nnet-combine-fast.cc:108) Read 2000 examples from the validation set.
VLOG[3] (nnet-combine-fast[5.5.208~1-b0fc0]:Propagate():nnet-update.cc:114) Stddev of data for component 0 for this minibatch is 1.9784
VLOG[3] (nnet-combine-fast[5.5.208~1-b0fc0]:Propagate():nnet-update.cc:114) Stddev of data for component 0 for this minibatch is 1.97014
VLOG[3] (nnet-combine-fast[5.5.208~1-b0fc0]:Propagate():nnet-update.cc:114) Stddev of data for component 0 for this minibatch is 2.11627
VLOG[3] (nnet-combine-fast[5.5.208~1-b0fc0]:Propagate():nnet-update.cc:114) Stddev of data for component 1 for this minibatch is 1.97014
VLOG[3] (nnet-combine-fast[5.5.208~1-b0fc0]:Propagate():nnet-update.cc:114) Stddev of data for component 1 for this minibatch is 1.9784
VLOG[3] (nnet-combine-fast[5.5.208~1-b0fc0]:Propagate():nnet-update.cc:114) Stddev of data for component 0 for this minibatch is 1.99499
VLOG[3] (nnet-combine-fast[5.5.208~1-b0fc0]:Propagate():nnet-update.cc:114) Stddev of data for component 2 for this minibatch is 0.130723
VLOG[3] (nnet-combine-fast[5.5.208~1-b0fc0]:Propagate():nnet-update.cc:114) Stddev of data for component 2 for this minibatch is 0.126503
VLOG[3] (nnet-combine-fast[5.5.208~1-b0fc0]:Propagate():nnet-update.cc:114) Stddev of data for component 3 for this minibatch is 4.08263
VLOG[3] (nnet-combine-fast[5.5.208~1-b0fc0]:Propagate():nnet-update.cc:114) Stddev of data for component 3 for this minibatch is 4.0022
VLOG[3] (nnet-combine-fast[5.5.208~1-b0fc0]:Propagate():nnet-update.cc:114) Stddev of data for component 1 for this minibatch is 1.99499
VLOG[3] (nnet-combine-fast[5.5.208~1-b0fc0]:Propagate():nnet-update.cc:114) Stddev of data for component 1 for this minibatch is 2.11627
VLOG[3] (nnet-combine-fast[5.5.208~1-b0fc0]:Propagate():nnet-update.cc:114) Stddev of data for component 0 for this minibatch is 1.99975
VLOG[3] (nnet-combine-fast[5.5.208~1-b0fc0]:Propagate():nnet-update.cc:114) Stddev of data for component 2 for this minibatch is 0.128103
VLOG[3] (nnet-combine-fast[5.5.208~1-b0fc0]:Propagate():nnet-update.cc:114) Stddev of data for component 2 for this minibatch is 0.133196
VLOG[3] (nnet-combine-fast[5.5.208~1-b0fc0]:Propagate():nnet-update.cc:114) Stddev of data for component 3 for this minibatch is 3.96592
VLOG[3] (nnet-combine-fast[5.5.208~1-b0fc0]:Propagate():nnet-update.cc:114) Stddev of data for component 3 for this minibatch is 4.20741
VLOG[3] (nnet-combine-fast[5.5.208~1-b0fc0]:Propagate():nnet-update.cc:114) Stddev of data for component 4 for this minibatch is 0.634575
VLOG[3] (nnet-combine-fast[5.5.208~1-b0fc0]:Propagate():nnet-update.cc:114) Stddev of data for component 5 for this minibatch is 6.08815
VLOG[3] (nnet-combine-fast[5.5.208~1-b0fc0]:Propagate():nnet-update.cc:114) Stddev of data for component 1 for this minibatch is 1.99975
VLOG[3] (nnet-combine-fast[5.5.208~1-b0fc0]:Propagate():nnet-update.cc:114) Stddev of data for component 4 for this minibatch is 0.643306
VLOG[3] (nnet-combine-fast[5.5.208~1-b0fc0]:Propagate():nnet-update.cc:114) Stddev of data for component 4 for this minibatch is 0.63529
VLOG[3] (nnet-combine-fast[5.5.208~1-b0fc0]:Propagate():nnet-update.cc:114) Stddev of data for component 5 for this minibatch is 6.22579
VLOG[3] (nnet-combine-fast[5.5.208~1-b0fc0]:Propagate():nnet-update.cc:114) Stddev of data for component 5 for this minibatch is 6.14292
VLOG[3] (nnet-combine-fast[5.5.208~1-b0fc0]:Propagate():nnet-update.cc:114) Stddev of data for component 2 for this minibatch is 0.127435
VLOG[3] (nnet-combine-fast[5.5.208~1-b0fc0]:Propagate():nnet-update.cc:114) Stddev of data for component 4 for this minibatch is 0.638478
VLOG[3] (nnet-combine-fast[5.5.208~1-b0fc0]:Propagate():nnet-update.cc:114) Stddev of data for component 5 for this minibatch is 6.18562
VLOG[3] (nnet-combine-fast[5.5.208~1-b0fc0]:Propagate():nnet-update.cc:114) Stddev of data for component 3 for this minibatch is 4.0785
VLOG[3] (nnet-combine-fast[5.5.208~1-b0fc0]:Propagate():nnet-update.cc:114) Stddev of data for component 4 for this minibatch is 0.638445
VLOG[3] (nnet-combine-fast[5.5.208~1-b0fc0]:Propagate():nnet-update.cc:114) Stddev of data for component 5 for this minibatch is 6.20829
VLOG[3] (nnet-combine-fast[5.5.208~1-b0fc0]:Propagate():nnet-update.cc:114) Stddev of data for component 6 for this minibatch is 0.709147
VLOG[3] (nnet-combine-fast[5.5.208~1-b0fc0]:Propagate():nnet-update.cc:114) Stddev of data for component 6 for this minibatch is 0.714565
VLOG[3] (nnet-combine-fast[5.5.208~1-b0fc0]:Propagate():nnet-update.cc:114) Stddev of data for component 6 for this minibatch is 0.711668
VLOG[3] (nnet-combine-fast[5.5.208~1-b0fc0]:Propagate():nnet-update.cc:114) Stddev of data for component 0 for this minibatch is 2.1386
VLOG[3] (nnet-combine-fast[5.5.208~1-b0fc0]:Propagate():nnet-update.cc:114) Stddev of data for component 0 for this minibatch is 2.11308
VLOG[3] (nnet-combine-fast[5.5.208~1-b0fc0]:Propagate():nnet-update.cc:114) Stddev of data for component 1 for this minibatch is 2.1386
VLOG[3] (nnet-combine-fast[5.5.208~1-b0fc0]:Propagate():nnet-update.cc:114) Stddev of data for component 2 for this minibatch is 0.132438
VLOG[3] (nnet-combine-fast[5.5.208~1-b0fc0]:Propagate():nnet-update.cc:114) Stddev of data for component 7 for this minibatch is 3.29055
VLOG[3] (nnet-combine-fast[5.5.208~1-b0fc0]:Propagate():nnet-update.cc:114) Stddev of data for component 6 for this minibatch is 0.714135
VLOG[3] (nnet-combine-fast[5.5.208~1-b0fc0]:Propagate():nnet-update.cc:114) Stddev of data for component 1 for this minibatch is 2.11308
VLOG[3] (nnet-combine-fast[5.5.208~1-b0fc0]:Propagate():nnet-update.cc:114) Stddev of data for component 3 for this minibatch is 4.17683
VLOG[3] (nnet-combine-fast[5.5.208~1-b0fc0]:Propagate():nnet-update.cc:114) Stddev of data for component 2 for this minibatch is 0.12957
VLOG[3] (nnet-combine-fast[5.5.208~1-b0fc0]:Propagate():nnet-update.cc:114) Stddev of data for component 3 for this minibatch is 4.07884
VLOG[3] (nnet-combine-fast[5.5.208~1-b0fc0]:Propagate():nnet-update.cc:114) Stddev of data for component 4 for this minibatch is 0.642846
VLOG[3] (nnet-combine-fast[5.5.208~1-b0fc0]:Propagate():nnet-update.cc:114) Stddev of data for component 5 for this minibatch is 6.19118
VLOG[3] (nnet-combine-fast[5.5.208~1-b0fc0]:Propagate():nnet-update.cc:114) Stddev of data for component 0 for this minibatch is 2.04162
VLOG[3] (nnet-combine-fast[5.5.208~1-b0fc0]:Propagate():nnet-update.cc:114) Stddev of data for component 7 for this minibatch is 3.3083
VLOG[3] (nnet-combine-fast[5.5.208~1-b0fc0]:Propagate():nnet-update.cc:114) Stddev of data for component 1 for this minibatch is 2.04161
VLOG[3] (nnet-combine-fast[5.5.208~1-b0fc0]:Propagate():nnet-update.cc:114) Stddev of data for component 0 for this minibatch is 1.98328
VLOG[3] (nnet-combine-fast[5.5.208~1-b0fc0]:Propagate():nnet-update.cc:114) Stddev of data for component 2 for this minibatch is 0.127917
VLOG[3] (nnet-combine-fast[5.5.208~1-b0fc0]:Propagate():nnet-update.cc:114) Stddev of data for component 6 for this minibatch is 0.712413
VLOG[3] (nnet-combine-fast[5.5.208~1-b0fc0]:Propagate():nnet-update.cc:114) Stddev of data for component 3 for this minibatch is 4.05767
VLOG[3] (nnet-combine-fast[5.5.208~1-b0fc0]:Propagate():nnet-update.cc:114) Stddev of data for component 4 for this minibatch is 0.640513
VLOG[3] (nnet-combine-fast[5.5.208~1-b0fc0]:Propagate():nnet-update.cc:114) Stddev of data for component 0 for this minibatch is 2.03269
VLOG[3] (nnet-combine-fast[5.5.208~1-b0fc0]:Propagate():nnet-update.cc:114) Stddev of data for component 0 for this minibatch is 2.03707
VLOG[3] (nnet-combine-fast[5.5.208~1-b0fc0]:Propagate():nnet-update.cc:114) Stddev of data for component 0 for this minibatch is 2.06365
VLOG[3] (nnet-combine-fast[5.5.208~1-b0fc0]:Propagate():nnet-update.cc:114) Stddev of data for component 1 for this minibatch is 1.98328
VLOG[3] (nnet-combine-fast[5.5.208~1-b0fc0]:Propagate():nnet-update.cc:114) Stddev of data for component 1 for this minibatch is 2.06365
VLOG[3] (nnet-combine-fast[5.5.208~1-b0fc0]:Propagate():nnet-update.cc:114) Stddev of data for component 1 for this minibatch is 2.03707
VLOG[3] (nnet-combine-fast[5.5.208~1-b0fc0]:Propagate():nnet-update.cc:114) Stddev of data for component 2 for this minibatch is 0.12674
VLOG[3] (nnet-combine-fast[5.5.208~1-b0fc0]:Propagate():nnet-update.cc:114) Stddev of data for component 3 for this minibatch is 3.99223
VLOG[3] (nnet-combine-fast[5.5.208~1-b0fc0]:Propagate():nnet-update.cc:114) Stddev of data for component 2 for this minibatch is 0.128441
VLOG[3] (nnet-combine-fast[5.5.208~1-b0fc0]:Propagate():nnet-update.cc:114) Stddev of data for component 2 for this minibatch is 0.133517
VLOG[3] (nnet-combine-fast[5.5.208~1-b0fc0]:Propagate():nnet-update.cc:114) Stddev of data for component 5 for this minibatch is 6.26113
VLOG[3] (nnet-combine-fast[5.5.208~1-b0fc0]:Propagate():nnet-update.cc:114) Stddev of data for component 4 for this minibatch is 0.637902
VLOG[3] (nnet-combine-fast[5.5.208~1-b0fc0]:Propagate():nnet-update.cc:114) Stddev of data for component 3 for this minibatch is 4.10369
VLOG[3] (nnet-combine-fast[5.5.208~1-b0fc0]:Propagate():nnet-update.cc:114) Stddev of data for component 5 for this minibatch is 6.2485
VLOG[3] (nnet-combine-fast[5.5.208~1-b0fc0]:Propagate():nnet-update.cc:114) Stddev of data for component 1 for this minibatch is 2.03269
VLOG[3] (nnet-combine-fast[5.5.208~1-b0fc0]:Propagate():nnet-update.cc:114) Stddev of data for component 0 for this minibatch is 1.99783
VLOG[3] (nnet-combine-fast[5.5.208~1-b0fc0]:Propagate():nnet-update.cc:114) Stddev of data for component 0 for this minibatch is 2.06559
VLOG[3] (nnet-combine-fast[5.5.208~1-b0fc0]:Propagate():nnet-update.cc:114) Stddev of data for component 4 for this minibatch is 0.638659
VLOG[3] (nnet-combine-fast[5.5.208~1-b0fc0]:Propagate():nnet-update.cc:114) Stddev of data for component 0 for this minibatch is 1.95505
VLOG[3] (nnet-combine-fast[5.5.208~1-b0fc0]:Propagate():nnet-update.cc:114) Stddev of data for component 0 for this minibatch is 2.04873
VLOG[3] (nnet-combine-fast[5.5.208~1-b0fc0]:Propagate():nnet-update.cc:114) Stddev of data for component 2 for this minibatch is 0.12874
VLOG[3] (nnet-combine-fast[5.5.208~1-b0fc0]:Propagate():nnet-update.cc:114) Stddev of data for component 3 for this minibatch is 4.10844
VLOG[3] (nnet-combine-fast[5.5.208~1-b0fc0]:Propagate():nnet-update.cc:114) Stddev of data for component 3 for this minibatch is 4.0878
VLOG[3] (nnet-combine-fast[5.5.208~1-b0fc0]:Propagate():nnet-update.cc:114) Stddev of data for component 1 for this minibatch is 1.95505
VLOG[3] (nnet-combine-fast[5.5.208~1-b0fc0]:Propagate():nnet-update.cc:114) Stddev of data for component 1 for this minibatch is 1.99783
VLOG[3] (nnet-combine-fast[5.5.208~1-b0fc0]:Propagate():nnet-update.cc:114) Stddev of data for component 2 for this minibatch is 0.124649
VLOG[3] (nnet-combine-fast[5.5.208~1-b0fc0]:Propagate():nnet-update.cc:114) Stddev of data for component 5 for this minibatch is 6.25182
VLOG[3] (nnet-combine-fast[5.5.208~1-b0fc0]:Propagate():nnet-update.cc:114) Stddev of data for component 1 for this minibatch is 2.04873
VLOG[3] (nnet-combine-fast[5.5.208~1-b0fc0]:Propagate():nnet-update.cc:114) Stddev of data for component 3 for this minibatch is 3.95221
VLOG[3] (nnet-combine-fast[5.5.208~1-b0fc0]:Propagate():nnet-update.cc:114) Stddev of data for component 6 for this minibatch is 0.715775
VLOG[3] (nnet-combine-fast[5.5.208~1-b0fc0]:Propagate():nnet-update.cc:114) Stddev of data for component 2 for this minibatch is 0.130314
VLOG[3] (nnet-combine-fast[5.5.208~1-b0fc0]:Propagate():nnet-update.cc:114) Stddev of data for component 3 for this minibatch is 4.19063
VLOG[3] (nnet-combine-fast[5.5.208~1-b0fc0]:Propagate():nnet-update.cc:114) Stddev of data for component 2 for this minibatch is 0.12806
VLOG[3] (nnet-combine-fast[5.5.208~1-b0fc0]:Propagate():nnet-update.cc:114) Stddev of data for component 3 for this minibatch is 4.02686
VLOG[3] (nnet-combine-fast[5.5.208~1-b0fc0]:Propagate():nnet-update.cc:114) Stddev of data for component 7 for this minibatch is 3.27445
VLOG[3] (nnet-combine-fast[5.5.208~1-b0fc0]:Propagate():nnet-update.cc:114) Stddev of data for component 1 for this minibatch is 2.06559
VLOG[3] (nnet-combine-fast[5.5.208~1-b0fc0]:Propagate():nnet-update.cc:114) Stddev of data for component 7 for this minibatch is 3.27385
VLOG[3] (nnet-combine-fast[5.5.208~1-b0fc0]:Propagate():nnet-update.cc:114) Stddev of data for component 2 for this minibatch is 0.132564
VLOG[3] (nnet-combine-fast[5.5.208~1-b0fc0]:Propagate():nnet-update.cc:114) Stddev of data for component 3 for this minibatch is 4.20664
VLOG[3] (nnet-combine-fast[5.5.208~1-b0fc0]:Propagate():nnet-update.cc:114) Stddev of data for component 4 for this minibatch is 0.646273
VLOG[3] (nnet-combine-fast[5.5.208~1-b0fc0]:Propagate():nnet-update.cc:114) Stddev of data for component 4 for this minibatch is 0.639906
VLOG[3] (nnet-combine-fast[5.5.208~1-b0fc0]:Propagate():nnet-update.cc:114) Stddev of data for component 5 for this minibatch is 6.30022
VLOG[3] (nnet-combine-fast[5.5.208~1-b0fc0]:Propagate():nnet-update.cc:114) Stddev of data for component 5 for this minibatch is 6.20363
VLOG[3] (nnet-combine-fast[5.5.208~1-b0fc0]:Propagate():nnet-update.cc:114) Stddev of data for component 7 for this minibatch is 3.24208
VLOG[3] (nnet-combine-fast[5.5.208~1-b0fc0]:Propagate():nnet-update.cc:114) Stddev of data for component 7 for this minibatch is 3.3237
VLOG[3] (nnet-combine-fast[5.5.208~1-b0fc0]:Propagate():nnet-update.cc:114) Stddev of data for component 4 for this minibatch is 0.637567
VLOG[3] (nnet-combine-fast[5.5.208~1-b0fc0]:Propagate():nnet-update.cc:114) Stddev of data for component 5 for this minibatch is 6.18246
VLOG[2] (nnet-combine-fast[5.5.208~1-b0fc0]:DoBackpropParallel():nnet-update-parallel.cc:264) Did backprop on 2000 examples, average log-prob per frame is -2.01559
LOG (nnet-combine-fast[5.5.208~1-b0fc0]:GetInitialModel():combine-nnet-fast.cc:403) Objective functions for the source neural nets are  [ -2.01559 ]
LOG (nnet-combine-fast[5.5.208~1-b0fc0]:GetInitialParams():combine-nnet-fast.cc:282) Initializing with neural net with index 0
VLOG[2] (nnet-combine-fast[5.5.208~1-b0fc0]:DoBackpropParallel():nnet-update-parallel.cc:264) Did backprop on 2000 examples, average log-prob per frame is -2.01559
VLOG[2] (nnet-combine-fast[5.5.208~1-b0fc0]:ComputeObjfAndGradient():combine-nnet-fast.cc:347) Objf is -2.01559, raw gradient is  [ 0.0483725 0.164426 0.849743 ]
VLOG[2] (nnet-combine-fast[5.5.208~1-b0fc0]:DoBackpropParallel():nnet-update-parallel.cc:264) Did backprop on 2000 examples, average log-prob per frame is -2.00595
VLOG[2] (nnet-combine-fast[5.5.208~1-b0fc0]:ComputeObjfAndGradient():combine-nnet-fast.cc:347) Objf is -2.00595, raw gradient is  [ 0.0462988 0.148213 0.8003 ]
VLOG[3] (nnet-combine-fast[5.5.208~1-b0fc0]:StepSizeIteration():optimization.cc:240) In step size iteration, function value changed -2.01559 to -2.00595
VLOG[3] (nnet-combine-fast[5.5.208~1-b0fc0]:StepSizeIteration():optimization.cc:323) d = 2, iter = 0, action = increase
VLOG[2] (nnet-combine-fast[5.5.208~1-b0fc0]:DoBackpropParallel():nnet-update-parallel.cc:264) Did backprop on 2000 examples, average log-prob per frame is -1.99702
VLOG[2] (nnet-combine-fast[5.5.208~1-b0fc0]:ComputeObjfAndGradient():combine-nnet-fast.cc:347) Objf is -1.99702, raw gradient is  [ 0.0443049 0.133445 0.752911 ]
VLOG[3] (nnet-combine-fast[5.5.208~1-b0fc0]:StepSizeIteration():optimization.cc:240) In step size iteration, function value changed -2.01559 to -1.99702
VLOG[3] (nnet-combine-fast[5.5.208~1-b0fc0]:StepSizeIteration():optimization.cc:323) d = 2, iter = 0, action = accept
VLOG[3] (nnet-combine-fast[5.5.208~1-b0fc0]:AcceptStep():optimization.cc:194) Accepted step; length was 0.040045, prod was -0.00281202
VLOG[2] (nnet-combine-fast[5.5.208~1-b0fc0]:DoBackpropParallel():nnet-update-parallel.cc:264) Did backprop on 2000 examples, average log-prob per frame is -3.07623
VLOG[2] (nnet-combine-fast[5.5.208~1-b0fc0]:ComputeObjfAndGradient():combine-nnet-fast.cc:347) Objf is -3.07623, raw gradient is  [ 0.204614 13.3768 1.71272 ]
VLOG[3] (nnet-combine-fast[5.5.208~1-b0fc0]:StepSizeIteration():optimization.cc:240) In step size iteration, function value changed -1.99702 to -3.07623
VLOG[3] (nnet-combine-fast[5.5.208~1-b0fc0]:StepSizeIteration():optimization.cc:323) d = 2, iter = 1, action = decrease
VLOG[2] (nnet-combine-fast[5.5.208~1-b0fc0]:DoBackpropParallel():nnet-update-parallel.cc:264) Did backprop on 2000 examples, average log-prob per frame is -1.96547
VLOG[2] (nnet-combine-fast[5.5.208~1-b0fc0]:ComputeObjfAndGradient():combine-nnet-fast.cc:347) Objf is -1.96547, raw gradient is  [ 0.0237974 0.376729 0.428178 ]
VLOG[3] (nnet-combine-fast[5.5.208~1-b0fc0]:StepSizeIteration():optimization.cc:240) In step size iteration, function value changed -1.99702 to -1.96547
VLOG[3] (nnet-combine-fast[5.5.208~1-b0fc0]:StepSizeIteration():optimization.cc:323) d = 2, iter = 1, action = accept
VLOG[3] (nnet-combine-fast[5.5.208~1-b0fc0]:AcceptStep():optimization.cc:194) Accepted step; length was 0.255147, prod was -0.182958
VLOG[2] (nnet-combine-fast[5.5.208~1-b0fc0]:DoBackpropParallel():nnet-update-parallel.cc:264) Did backprop on 2000 examples, average log-prob per frame is -1.91546
VLOG[2] (nnet-combine-fast[5.5.208~1-b0fc0]:ComputeObjfAndGradient():combine-nnet-fast.cc:347) Objf is -1.91546, raw gradient is  [ -0.0282815 -0.0299896 -0.0883323 ]
VLOG[3] (nnet-combine-fast[5.5.208~1-b0fc0]:StepSizeIteration():optimization.cc:240) In step size iteration, function value changed -1.96547 to -1.91546
VLOG[3] (nnet-combine-fast[5.5.208~1-b0fc0]:StepSizeIteration():optimization.cc:323) d = 2, iter = 2, action = accept
VLOG[3] (nnet-combine-fast[5.5.208~1-b0fc0]:AcceptStep():optimization.cc:194) Accepted step; length was 0.284388, prod was -0.201956
VLOG[2] (nnet-combine-fast[5.5.208~1-b0fc0]:DoBackpropParallel():nnet-update-parallel.cc:264) Did backprop on 2000 examples, average log-prob per frame is -1.91256
VLOG[2] (nnet-combine-fast[5.5.208~1-b0fc0]:ComputeObjfAndGradient():combine-nnet-fast.cc:347) Objf is -1.91256, raw gradient is  [ -0.0208845 -0.0133897 -0.0321863 ]
VLOG[3] (nnet-combine-fast[5.5.208~1-b0fc0]:StepSizeIteration():optimization.cc:240) In step size iteration, function value changed -1.91546 to -1.91256
VLOG[3] (nnet-combine-fast[5.5.208~1-b0fc0]:StepSizeIteration():optimization.cc:323) d = 2, iter = 3, action = accept
VLOG[3] (nnet-combine-fast[5.5.208~1-b0fc0]:AcceptStep():optimization.cc:194) Accepted step; length was 0.055942, prod was -0.00198831
VLOG[2] (nnet-combine-fast[5.5.208~1-b0fc0]:DoBackpropParallel():nnet-update-parallel.cc:264) Did backprop on 2000 examples, average log-prob per frame is -2.27731
VLOG[2] (nnet-combine-fast[5.5.208~1-b0fc0]:ComputeObjfAndGradient():combine-nnet-fast.cc:347) Objf is -2.27731, raw gradient is  [ 4.03646 0.578188 0.695341 ]
VLOG[3] (nnet-combine-fast[5.5.208~1-b0fc0]:StepSizeIteration():optimization.cc:240) In step size iteration, function value changed -1.91256 to -2.27731
VLOG[3] (nnet-combine-fast[5.5.208~1-b0fc0]:StepSizeIteration():optimization.cc:323) d = 2, iter = 4, action = decrease
VLOG[2] (nnet-combine-fast[5.5.208~1-b0fc0]:DoBackpropParallel():nnet-update-parallel.cc:264) Did backprop on 2000 examples, average log-prob per frame is -1.9174
VLOG[2] (nnet-combine-fast[5.5.208~1-b0fc0]:ComputeObjfAndGradient():combine-nnet-fast.cc:347) Objf is -1.9174, raw gradient is  [ 0.0934024 0.031169 0.0480689 ]
VLOG[3] (nnet-combine-fast[5.5.208~1-b0fc0]:StepSizeIteration():optimization.cc:240) In step size iteration, function value changed -1.91256 to -1.9174
VLOG[3] (nnet-combine-fast[5.5.208~1-b0fc0]:StepSizeIteration():optimization.cc:323) d = 2, iter = 4, action = decrease
VLOG[2] (nnet-combine-fast[5.5.208~1-b0fc0]:DoBackpropParallel():nnet-update-parallel.cc:264) Did backprop on 2000 examples, average log-prob per frame is -1.91055
VLOG[2] (nnet-combine-fast[5.5.208~1-b0fc0]:ComputeObjfAndGradient():combine-nnet-fast.cc:347) Objf is -1.91055, raw gradient is  [ 0.00113389 -0.00174922 -0.0120405 ]
VLOG[3] (nnet-combine-fast[5.5.208~1-b0fc0]:StepSizeIteration():optimization.cc:240) In step size iteration, function value changed -1.91256 to -1.91055
VLOG[3] (nnet-combine-fast[5.5.208~1-b0fc0]:StepSizeIteration():optimization.cc:323) d = 2, iter = 4, action = accept
VLOG[3] (nnet-combine-fast[5.5.208~1-b0fc0]:AcceptStep():optimization.cc:194) Accepted step; length was 0.0154111, prod was -0.00391386
LOG (nnet-combine-fast[5.5.208~1-b0fc0]:ComputeCurrentNnet():combine-nnet-fast.cc:373) Scale parameters are  [
  0.797465 1.01118 1.32053 ]
LOG (nnet-combine-fast[5.5.208~1-b0fc0]:FastNnetCombiner():combine-nnet-fast.cc:152) Combining nnets, objf per frame changed from -2.01559 to -1.91055
LOG (nnet-combine-fast[5.5.208~1-b0fc0]:main():nnet-combine-fast.cc:124) Finished combining neural nets, wrote model to exp/tri4_nnet/6.mdl
# Accounting: time=4 threads=1
# Ended (code 0) at Wed Feb 27 16:33:29 +07 2019, elapsed time 4 seconds
