# nnet-shuffle-egs --buffer-size=5000 --srand=1 ark:exp/tri4_nnet/egs/egs.18.0.ark ark:- | nnet-train-parallel --num-threads=16 --minibatch-size=128 --srand=1 "nnet-init --srand=1 exp/tri4_nnet/hidden.config - | nnet-insert exp/tri4_nnet/1.mdl - - |" ark:- exp/tri4_nnet/2.18.mdl 
# Started at Wed Feb 27 16:14:43 +07 2019
#
nnet-train-parallel --num-threads=16 --minibatch-size=128 --srand=1 'nnet-init --srand=1 exp/tri4_nnet/hidden.config - | nnet-insert exp/tri4_nnet/1.mdl - - |' ark:- exp/tri4_nnet/2.18.mdl 
nnet-shuffle-egs --buffer-size=5000 --srand=1 ark:exp/tri4_nnet/egs/egs.18.0.ark ark:- 
nnet-insert exp/tri4_nnet/1.mdl - - 
nnet-init --srand=1 exp/tri4_nnet/hidden.config - 
LOG (nnet-init[5.5.208~1-b0fc0]:main():nnet-init.cc:69) Initialized raw neural net and wrote it to -
LOG (nnet-insert[5.5.208~1-b0fc0]:main():nnet-insert.cc:106) Inserted 2 components at position 4
LOG (nnet-insert[5.5.208~1-b0fc0]:main():nnet-insert.cc:122) Randomized component index 6 with stddev 0.0057735
LOG (nnet-insert[5.5.208~1-b0fc0]:main():nnet-insert.cc:132) Write neural-net acoustic model to -
LOG (nnet-train-parallel[5.5.208~1-b0fc0]:GetScalingFactor():nnet-component.cc:1535) Limiting step size to 10 using scaling factor 0.990913, for component index 6
LOG (nnet-train-parallel[5.5.208~1-b0fc0]:GetScalingFactor():nnet-component.cc:1535) Limiting step size to 10 using scaling factor 0.983681, for component index 6
LOG (nnet-train-parallel[5.5.208~1-b0fc0]:GetScalingFactor():nnet-component.cc:1535) Limiting step size to 10 using scaling factor 0.996277, for component index 6
LOG (nnet-train-parallel[5.5.208~1-b0fc0]:GetScalingFactor():nnet-component.cc:1535) Limiting step size to 10 using scaling factor 0.998845, for component index 6
LOG (nnet-train-parallel[5.5.208~1-b0fc0]:GetScalingFactor():nnet-component.cc:1535) Limiting step size to 10 using scaling factor 0.974391, for component index 6
LOG (nnet-train-parallel[5.5.208~1-b0fc0]:GetScalingFactor():nnet-component.cc:1535) Limiting step size to 10 using scaling factor 0.991703, for component index 6
LOG (nnet-train-parallel[5.5.208~1-b0fc0]:GetScalingFactor():nnet-component.cc:1535) Limiting step size to 10 using scaling factor 0.951384, for component index 6
LOG (nnet-train-parallel[5.5.208~1-b0fc0]:GetScalingFactor():nnet-component.cc:1535) Limiting step size to 10 using scaling factor 0.993524, for component index 6
LOG (nnet-train-parallel[5.5.208~1-b0fc0]:GetScalingFactor():nnet-component.cc:1535) Limiting step size to 10 using scaling factor 0.989069, for component index 6
LOG (nnet-train-parallel[5.5.208~1-b0fc0]:GetScalingFactor():nnet-component.cc:1535) Limiting step size to 10 using scaling factor 0.998523, for component index 6
LOG (nnet-shuffle-egs[5.5.208~1-b0fc0]:main():nnet-shuffle-egs.cc:102) Shuffled order of 34418 neural-network training examples using a buffer (partial randomization)
LOG (nnet-train-parallel[5.5.208~1-b0fc0]:DoBackpropParallel():nnet-update-parallel.cc:194) Did backprop on 34418 examples, average log-prob per frame is -5.02483
LOG (nnet-train-parallel[5.5.208~1-b0fc0]:DoBackpropParallel():nnet-update-parallel.cc:196) [this line is to be parsed by a script:] log-prob-per-frame=-5.02483
LOG (nnet-train-parallel[5.5.208~1-b0fc0]:main():nnet-train-parallel.cc:102) Finished training, processed 34418 training examples (weighted).  Wrote model to exp/tri4_nnet/2.18.mdl
# Accounting: time=34 threads=1
# Ended (code 0) at Wed Feb 27 16:15:17 +07 2019, elapsed time 34 seconds
