# nnet-shuffle-egs --buffer-size=5000 --srand=0 ark:exp/tri4_nnet/egs/egs.13.0.ark ark:- | nnet-train-parallel --num-threads=16 --minibatch-size=128 --srand=0 exp/tri4_nnet/0.mdl ark:- exp/tri4_nnet/1.13.mdl 
# Started at Wed Feb 27 16:10:16 +07 2019
#
nnet-shuffle-egs --buffer-size=5000 --srand=0 ark:exp/tri4_nnet/egs/egs.13.0.ark ark:- 
nnet-train-parallel --num-threads=16 --minibatch-size=128 --srand=0 exp/tri4_nnet/0.mdl ark:- exp/tri4_nnet/1.13.mdl 
LOG (nnet-train-parallel[5.5.208~1-b0fc0]:GetScalingFactor():nnet-component.cc:1535) Limiting step size to 10 using scaling factor 0.651502, for component index 4
LOG (nnet-train-parallel[5.5.208~1-b0fc0]:GetScalingFactor():nnet-component.cc:1535) Limiting step size to 10 using scaling factor 0.633516, for component index 4
LOG (nnet-train-parallel[5.5.208~1-b0fc0]:GetScalingFactor():nnet-component.cc:1535) Limiting step size to 10 using scaling factor 0.638023, for component index 4
LOG (nnet-train-parallel[5.5.208~1-b0fc0]:GetScalingFactor():nnet-component.cc:1535) Limiting step size to 10 using scaling factor 0.641127, for component index 4
LOG (nnet-train-parallel[5.5.208~1-b0fc0]:GetScalingFactor():nnet-component.cc:1535) Limiting step size to 10 using scaling factor 0.658818, for component index 4
LOG (nnet-train-parallel[5.5.208~1-b0fc0]:GetScalingFactor():nnet-component.cc:1535) Limiting step size to 10 using scaling factor 0.636227, for component index 4
LOG (nnet-train-parallel[5.5.208~1-b0fc0]:GetScalingFactor():nnet-component.cc:1535) Limiting step size to 10 using scaling factor 0.643098, for component index 4
LOG (nnet-train-parallel[5.5.208~1-b0fc0]:GetScalingFactor():nnet-component.cc:1535) Limiting step size to 10 using scaling factor 0.653932, for component index 4
LOG (nnet-train-parallel[5.5.208~1-b0fc0]:GetScalingFactor():nnet-component.cc:1535) Limiting step size to 10 using scaling factor 0.645443, for component index 4
LOG (nnet-train-parallel[5.5.208~1-b0fc0]:GetScalingFactor():nnet-component.cc:1535) Limiting step size to 10 using scaling factor 0.673093, for component index 4
LOG (nnet-shuffle-egs[5.5.208~1-b0fc0]:main():nnet-shuffle-egs.cc:102) Shuffled order of 34420 neural-network training examples using a buffer (partial randomization)
LOG (nnet-train-parallel[5.5.208~1-b0fc0]:DoBackpropParallel():nnet-update-parallel.cc:194) Did backprop on 34420 examples, average log-prob per frame is -5.16765
LOG (nnet-train-parallel[5.5.208~1-b0fc0]:DoBackpropParallel():nnet-update-parallel.cc:196) [this line is to be parsed by a script:] log-prob-per-frame=-5.16765
LOG (nnet-train-parallel[5.5.208~1-b0fc0]:main():nnet-train-parallel.cc:102) Finished training, processed 34420 training examples (weighted).  Wrote model to exp/tri4_nnet/1.13.mdl
# Accounting: time=28 threads=1
# Ended (code 0) at Wed Feb 27 16:10:44 +07 2019, elapsed time 28 seconds
