# nnet-shuffle-egs --buffer-size=5000 --srand=0 ark:exp/tri4_nnet/egs/egs.8.0.ark ark:- | nnet-train-parallel --num-threads=16 --minibatch-size=128 --srand=0 exp/tri4_nnet/0.mdl ark:- exp/tri4_nnet/1.8.mdl 
# Started at Wed Feb 27 16:09:18 +07 2019
#
nnet-shuffle-egs --buffer-size=5000 --srand=0 ark:exp/tri4_nnet/egs/egs.8.0.ark ark:- 
nnet-train-parallel --num-threads=16 --minibatch-size=128 --srand=0 exp/tri4_nnet/0.mdl ark:- exp/tri4_nnet/1.8.mdl 
LOG (nnet-train-parallel[5.5.208~1-b0fc0]:GetScalingFactor():nnet-component.cc:1535) Limiting step size to 10 using scaling factor 0.657384, for component index 4
LOG (nnet-train-parallel[5.5.208~1-b0fc0]:GetScalingFactor():nnet-component.cc:1535) Limiting step size to 10 using scaling factor 0.671931, for component index 4
LOG (nnet-train-parallel[5.5.208~1-b0fc0]:GetScalingFactor():nnet-component.cc:1535) Limiting step size to 10 using scaling factor 0.664558, for component index 4
LOG (nnet-train-parallel[5.5.208~1-b0fc0]:GetScalingFactor():nnet-component.cc:1535) Limiting step size to 10 using scaling factor 0.667856, for component index 4
LOG (nnet-train-parallel[5.5.208~1-b0fc0]:GetScalingFactor():nnet-component.cc:1535) Limiting step size to 10 using scaling factor 0.636712, for component index 4
LOG (nnet-train-parallel[5.5.208~1-b0fc0]:GetScalingFactor():nnet-component.cc:1535) Limiting step size to 10 using scaling factor 0.647549, for component index 4
LOG (nnet-train-parallel[5.5.208~1-b0fc0]:GetScalingFactor():nnet-component.cc:1535) Limiting step size to 10 using scaling factor 0.641829, for component index 4
LOG (nnet-train-parallel[5.5.208~1-b0fc0]:GetScalingFactor():nnet-component.cc:1535) Limiting step size to 10 using scaling factor 0.655617, for component index 4
LOG (nnet-train-parallel[5.5.208~1-b0fc0]:GetScalingFactor():nnet-component.cc:1535) Limiting step size to 10 using scaling factor 0.650598, for component index 4
LOG (nnet-train-parallel[5.5.208~1-b0fc0]:GetScalingFactor():nnet-component.cc:1535) Limiting step size to 10 using scaling factor 0.651286, for component index 4
LOG (nnet-shuffle-egs[5.5.208~1-b0fc0]:main():nnet-shuffle-egs.cc:102) Shuffled order of 34425 neural-network training examples using a buffer (partial randomization)
LOG (nnet-train-parallel[5.5.208~1-b0fc0]:DoBackpropParallel():nnet-update-parallel.cc:194) Did backprop on 34425 examples, average log-prob per frame is -5.16775
LOG (nnet-train-parallel[5.5.208~1-b0fc0]:DoBackpropParallel():nnet-update-parallel.cc:196) [this line is to be parsed by a script:] log-prob-per-frame=-5.16775
LOG (nnet-train-parallel[5.5.208~1-b0fc0]:main():nnet-train-parallel.cc:102) Finished training, processed 34425 training examples (weighted).  Wrote model to exp/tri4_nnet/1.8.mdl
# Accounting: time=29 threads=1
# Ended (code 0) at Wed Feb 27 16:09:47 +07 2019, elapsed time 29 seconds
