# nnet-shuffle-egs --buffer-size=5000 --srand=0 ark:exp/tri4_nnet/egs/egs.18.0.ark ark:- | nnet-train-parallel --num-threads=16 --minibatch-size=128 --srand=0 exp/tri4_nnet/0.mdl ark:- exp/tri4_nnet/1.18.mdl 
# Started at Wed Feb 27 16:10:44 +07 2019
#
nnet-train-parallel --num-threads=16 --minibatch-size=128 --srand=0 exp/tri4_nnet/0.mdl ark:- exp/tri4_nnet/1.18.mdl 
nnet-shuffle-egs --buffer-size=5000 --srand=0 ark:exp/tri4_nnet/egs/egs.18.0.ark ark:- 
LOG (nnet-train-parallel[5.5.208~1-b0fc0]:GetScalingFactor():nnet-component.cc:1535) Limiting step size to 10 using scaling factor 0.651679, for component index 4
LOG (nnet-train-parallel[5.5.208~1-b0fc0]:GetScalingFactor():nnet-component.cc:1535) Limiting step size to 10 using scaling factor 0.669951, for component index 4
LOG (nnet-train-parallel[5.5.208~1-b0fc0]:GetScalingFactor():nnet-component.cc:1535) Limiting step size to 10 using scaling factor 0.644168, for component index 4
LOG (nnet-train-parallel[5.5.208~1-b0fc0]:GetScalingFactor():nnet-component.cc:1535) Limiting step size to 10 using scaling factor 0.645202, for component index 4
LOG (nnet-train-parallel[5.5.208~1-b0fc0]:GetScalingFactor():nnet-component.cc:1535) Limiting step size to 10 using scaling factor 0.650132, for component index 4
LOG (nnet-train-parallel[5.5.208~1-b0fc0]:GetScalingFactor():nnet-component.cc:1535) Limiting step size to 10 using scaling factor 0.658159, for component index 4
LOG (nnet-train-parallel[5.5.208~1-b0fc0]:GetScalingFactor():nnet-component.cc:1535) Limiting step size to 10 using scaling factor 0.644262, for component index 4
LOG (nnet-train-parallel[5.5.208~1-b0fc0]:GetScalingFactor():nnet-component.cc:1535) Limiting step size to 10 using scaling factor 0.656718, for component index 4
LOG (nnet-train-parallel[5.5.208~1-b0fc0]:GetScalingFactor():nnet-component.cc:1535) Limiting step size to 10 using scaling factor 0.656517, for component index 4
LOG (nnet-train-parallel[5.5.208~1-b0fc0]:GetScalingFactor():nnet-component.cc:1535) Limiting step size to 10 using scaling factor 0.658264, for component index 4
LOG (nnet-shuffle-egs[5.5.208~1-b0fc0]:main():nnet-shuffle-egs.cc:102) Shuffled order of 34418 neural-network training examples using a buffer (partial randomization)
LOG (nnet-train-parallel[5.5.208~1-b0fc0]:DoBackpropParallel():nnet-update-parallel.cc:194) Did backprop on 34418 examples, average log-prob per frame is -5.18557
LOG (nnet-train-parallel[5.5.208~1-b0fc0]:DoBackpropParallel():nnet-update-parallel.cc:196) [this line is to be parsed by a script:] log-prob-per-frame=-5.18557
LOG (nnet-train-parallel[5.5.208~1-b0fc0]:main():nnet-train-parallel.cc:102) Finished training, processed 34418 training examples (weighted).  Wrote model to exp/tri4_nnet/1.18.mdl
# Accounting: time=29 threads=1
# Ended (code 0) at Wed Feb 27 16:11:13 +07 2019, elapsed time 29 seconds
