asr1
nnet-train-frmshuff --cross-validate=false --randomize=true --verbose=0 --minibatch-size=256 --randomizer-size=32768 --randomizer-seed=777 --learn-rate=0.001 --momentum=0 --l1-penalty=0 --l2-penalty=0 --feature-transform=exp/dnn4_pretrain-dbn_dnn/final.feature_transform 'ark:copy-feats scp:exp/dnn4_pretrain-dbn_dnn/train.scp ark:- |' 'ark:ali-to-pdf exp/tri3_ali/final.mdl "ark:gunzip -c exp/tri3_ali/ali.*.gz |" ark:- | ali-to-post ark:- ark:- |' exp/dnn4_pretrain-dbn_dnn/nnet/nnet_dbn_dnn_iter06_learnrate0.002_tr0.9139_cv1.5713 exp/dnn4_pretrain-dbn_dnn/nnet/nnet_dbn_dnn_iter07 
WARNING (nnet-train-frmshuff[5.5.208~1-b0fc0]:SelectGpuId():cu-device.cc:203) Not in compute-exclusive mode.  Suggestion: use 'nvidia-smi -c 3' to set compute exclusive mode
LOG (nnet-train-frmshuff[5.5.208~1-b0fc0]:SelectGpuIdAuto():cu-device.cc:323) Selecting from 1 GPUs
LOG (nnet-train-frmshuff[5.5.208~1-b0fc0]:SelectGpuIdAuto():cu-device.cc:338) cudaSetDevice(0): Tesla K80	free:11354M, used:87M, total:11441M, free/total:0.992379
LOG (nnet-train-frmshuff[5.5.208~1-b0fc0]:SelectGpuIdAuto():cu-device.cc:385) Trying to select device: 0 (automatically), mem_ratio: 0.992379
LOG (nnet-train-frmshuff[5.5.208~1-b0fc0]:SelectGpuIdAuto():cu-device.cc:404) Success selecting device 0 free mem ratio: 0.992379
LOG (nnet-train-frmshuff[5.5.208~1-b0fc0]:FinalizeActiveGpu():cu-device.cc:258) The active GPU is [0]: Tesla K80	free:11306M, used:135M, total:11441M, free/total:0.988184 version 3.7
copy-feats scp:exp/dnn4_pretrain-dbn_dnn/train.scp ark:- 
LOG (nnet-train-frmshuff[5.5.208~1-b0fc0]:Init():nnet-randomizer.cc:32) Seeding by srand with : 777
LOG (nnet-train-frmshuff[5.5.208~1-b0fc0]:main():nnet-train-frmshuff.cc:163) TRAINING STARTED
ali-to-post ark:- ark:- 
ali-to-pdf exp/tri3_ali/final.mdl 'ark:gunzip -c exp/tri3_ali/ali.*.gz |' ark:- 
LOG (nnet-train-frmshuff[5.5.208~1-b0fc0]:main():nnet-train-frmshuff.cc:354) ### After 0 frames,
LOG (nnet-train-frmshuff[5.5.208~1-b0fc0]:main():nnet-train-frmshuff.cc:355) 
### FORWARD PROPAGATION BUFFER CONTENT :
[0] output of <Input>  ( min -6.72478, max 7.17793, mean 0.0128911, stddev 0.992444, skewness 0.0369906, kurtosis 2.03957 ) 
[1] output of <AffineTransform> ( min -39.9899, max 33.6263, mean -3.51786, stddev 5.05157, skewness 0.115243, kurtosis 1.61022 ) 
[2] output of <Sigmoid> ( min 4.29147e-18, max 1, mean 0.229467, stddev 0.343019, skewness 1.31993, kurtosis 0.138678 ) 
[3] output of <AffineTransform> ( min -28.689, max 20.0798, mean -4.05691, stddev 3.18875, skewness -0.0949202, kurtosis 1.82193 ) 
[4] output of <Sigmoid> ( min 3.4717e-13, max 1, mean 0.118812, stddev 0.223618, skewness 2.47571, kurtosis 5.4105 ) 
[5] output of <AffineTransform> ( min -14.1413, max 11.8247, mean -3.06485, stddev 2.11991, skewness 0.546123, kurtosis 2.07395 ) 
[6] output of <Sigmoid> ( min 7.21944e-07, max 0.999993, mean 0.124479, stddev 0.203274, skewness 2.54044, kurtosis 6.20587 ) 
[7] output of <AffineTransform> ( min -18.6935, max 14.0086, mean -1.8725, stddev 2.07899, skewness 0.238609, kurtosis 2.5599 ) 
[8] output of <Sigmoid> ( min 7.61256e-09, max 0.999999, mean 0.227006, stddev 0.253117, skewness 1.47903, kurtosis 1.28737 ) 
[9] output of <AffineTransform> ( min -16.4341, max 16.5986, mean -1.96577, stddev 2.87941, skewness 0.822638, kurtosis 1.68646 ) 
[10] output of <Sigmoid> ( min 7.29092e-08, max 1, mean 0.249806, stddev 0.313603, skewness 1.25595, kurtosis 0.183983 ) 
[11] output of <AffineTransform> ( min -32.3446, max 22.4518, mean -4.17599, stddev 4.12713, skewness 0.48704, kurtosis 1.82519 ) 
[12] output of <Sigmoid> ( min 8.97305e-15, max 1, mean 0.15183, stddev 0.299088, skewness 1.99873, kurtosis 2.44963 ) 
[13] output of <AffineTransform> ( min -14.8074, max 24.9762, mean -0.0128442, stddev 3.98543, skewness 0.546576, kurtosis 0.844997 ) 
[14] output of <Softmax> ( min 7.56697e-18, max 0.999163, mean 0.000514274, stddev 0.016565, skewness 45.5097, kurtosis 2273.38 ) 
### END FORWARD
LOG (nnet-train-frmshuff[5.5.208~1-b0fc0]:main():nnet-train-frmshuff.cc:357) 
### BACKWARD PROPAGATION BUFFER CONTENT :
[0] diff of <Input>  ( min -2.00719, max 2.31393, mean 0.00144401, stddev 0.0712626, skewness 0.431831, kurtosis 52.0585 ) 
[1] diff-output of <AffineTransform> ( min -0.535905, max 0.46425, mean -2.61158e-06, stddev 0.00984552, skewness -0.274323, kurtosis 127.707 ) 
[2] diff-output of <Sigmoid> ( min -2.43663, max 1.88775, mean -0.000356585, stddev 0.0922498, skewness 0.00979788, kurtosis 17.5588 ) 
[3] diff-output of <AffineTransform> ( min -0.403385, max 0.365171, mean 1.37025e-05, stddev 0.0122693, skewness -0.15514, kurtosis 89.1077 ) 
[4] diff-output of <Sigmoid> ( min -2.55523, max 2.52357, mean -8.11998e-05, stddev 0.121673, skewness -0.0643826, kurtosis 19.5032 ) 
[5] diff-output of <AffineTransform> ( min -0.64247, max 0.619258, mean 3.17694e-05, stddev 0.0135767, skewness 0.167825, kurtosis 105.452 ) 
[6] diff-output of <Sigmoid> ( min -2.72366, max 2.64241, mean 0.000208403, stddev 0.11537, skewness -0.0498857, kurtosis 16.9734 ) 
[7] diff-output of <AffineTransform> ( min -0.275572, max 0.240134, mean 9.55376e-06, stddev 0.0112295, skewness -0.133579, kurtosis 35.3238 ) 
[8] diff-output of <Sigmoid> ( min -1.17228, max 1.14407, mean 7.12332e-05, stddev 0.0739199, skewness -0.053579, kurtosis 12.5746 ) 
[9] diff-output of <AffineTransform> ( min -0.187115, max 0.201625, mean 1.66232e-05, stddev 0.00769535, skewness 0.120421, kurtosis 36.5671 ) 
[10] diff-output of <Sigmoid> ( min -0.875237, max 0.993963, mean -2.5287e-05, stddev 0.0567636, skewness -0.024558, kurtosis 11.0423 ) 
[11] diff-output of <AffineTransform> ( min -0.174107, max 0.225481, mean 3.20091e-05, stddev 0.00867992, skewness 0.281518, kurtosis 52.2241 ) 
[12] diff-output of <Sigmoid> ( min -2.20302, max 1.76755, mean -8.2945e-05, stddev 0.0949345, skewness -0.14778, kurtosis 8.28093 ) 
[13] diff-output of <AffineTransform> ( min -0.999897, max 0.993279, mean -3.90203e-10, stddev 0.015954, skewness -26.2097, kurtosis 2370.85 ) 
[14] diff-output of <Softmax> ( min -0.999897, max 0.993279, mean -3.90203e-10, stddev 0.015954, skewness -26.2097, kurtosis 2370.85 ) 
### END BACKWARD
LOG (nnet-train-frmshuff[5.5.208~1-b0fc0]:main():nnet-train-frmshuff.cc:358) 
### GRADIENT STATS :
Component 1 : <AffineTransform>, 
  linearity_grad ( min -1.95371, max 2.18667, mean 0.00102787, stddev 0.15496, skewness -0.0289569, kurtosis 3.40262 ) , lr-coef 1, max-norm 0
  bias_grad ( min -0.620139, max 0.831424, mean -0.000668553, stddev 0.161587, skewness 0.0452628, kurtosis 1.03395 ) , lr-coef 1
Component 2 : <Sigmoid>, 
Component 3 : <AffineTransform>, 
  linearity_grad ( min -1.13798, max 1.01786, mean 0.000578397, stddev 0.0824475, skewness 0.054575, kurtosis 4.56179 ) , lr-coef 1, max-norm 0
  bias_grad ( min -0.83087, max 0.760092, mean 0.00350788, stddev 0.20153, skewness 0.0115708, kurtosis 0.964229 ) , lr-coef 1
Component 4 : <Sigmoid>, 
Component 5 : <AffineTransform>, 
  linearity_grad ( min -0.732718, max 0.92528, mean 0.000863511, stddev 0.0572517, skewness 0.272784, kurtosis 9.60193 ) , lr-coef 1, max-norm 0
  bias_grad ( min -0.957027, max 1.07175, mean 0.00813292, stddev 0.241317, skewness 0.238287, kurtosis 1.88417 ) , lr-coef 1
Component 6 : <Sigmoid>, 
Component 7 : <AffineTransform>, 
  linearity_grad ( min -0.66833, max 0.867246, mean 0.000154354, stddev 0.0457687, skewness -0.00503407, kurtosis 7.99558 ) , lr-coef 1, max-norm 0
  bias_grad ( min -0.715767, max 1.11471, mean 0.0024458, stddev 0.206819, skewness 0.0735841, kurtosis 1.62579 ) , lr-coef 1
Component 8 : <Sigmoid>, 
Component 9 : <AffineTransform>, 
  linearity_grad ( min -0.411628, max 0.379848, mean 0.000766917, stddev 0.0442538, skewness 0.0977846, kurtosis 2.29738 ) , lr-coef 1, max-norm 0
  bias_grad ( min -0.406563, max 0.413985, mean 0.00425555, stddev 0.133036, skewness 0.0926114, kurtosis 0.250273 ) , lr-coef 1
Component 10 : <Sigmoid>, 
Component 11 : <AffineTransform>, 
  linearity_grad ( min -0.547715, max 0.500217, mean 0.0021052, stddev 0.0565835, skewness 0.0417105, kurtosis 3.23227 ) , lr-coef 1, max-norm 0
  bias_grad ( min -0.613956, max 0.518652, mean 0.00819431, stddev 0.140045, skewness -0.0358697, kurtosis 1.08119 ) , lr-coef 1
Component 12 : <Sigmoid>, 
Component 13 : <AffineTransform>, 
  linearity_grad ( min -2.83054, max 2.23482, mean -1.31155e-06, stddev 0.0885548, skewness -5.1745, kurtosis 100.265 ) , lr-coef 1, max-norm 0
  bias_grad ( min -2.52997, max 1.60937, mean -3.10058e-09, stddev 0.262371, skewness -2.19717, kurtosis 16.8611 ) , lr-coef 1
Component 14 : <Softmax>, 
### END GRADIENT
LOG (ali-to-pdf[5.5.208~1-b0fc0]:main():ali-to-pdf.cc:68) Converted 3696 alignments to pdf sequences.
LOG (ali-to-post[5.5.208~1-b0fc0]:main():ali-to-post.cc:73) Converted 3696 alignments.
LOG (copy-feats[5.5.208~1-b0fc0]:main():copy-feats.cc:143) Copied 3328 feature matrices.
LOG (nnet-train-frmshuff[5.5.208~1-b0fc0]:main():nnet-train-frmshuff.cc:384) ### After 1012992 frames,
LOG (nnet-train-frmshuff[5.5.208~1-b0fc0]:main():nnet-train-frmshuff.cc:385) 
### FORWARD PROPAGATION BUFFER CONTENT :
[0] output of <Input>  ( min -6.56583, max 6.93215, mean -0.0027099, stddev 0.995076, skewness 0.0695578, kurtosis 2.02742 ) 
[1] output of <AffineTransform> ( min -45.1337, max 28.0238, mean -3.5334, stddev 5.04715, skewness 0.120077, kurtosis 1.58691 ) 
[2] output of <Sigmoid> ( min 2.50421e-20, max 1, mean 0.229786, stddev 0.343419, skewness 1.31471, kurtosis 0.121616 ) 
[3] output of <AffineTransform> ( min -28.9456, max 17.8974, mean -4.0323, stddev 3.18515, skewness -0.0948709, kurtosis 1.79261 ) 
[4] output of <Sigmoid> ( min 2.68591e-13, max 1, mean 0.119932, stddev 0.224632, skewness 2.46201, kurtosis 5.34228 ) 
[5] output of <AffineTransform> ( min -14.7577, max 12.2636, mean -3.05613, stddev 2.1348, skewness 0.509022, kurtosis 1.97493 ) 
[6] output of <Sigmoid> ( min 3.89769e-07, max 0.999995, mean 0.125825, stddev 0.204005, skewness 2.51895, kurtosis 6.09411 ) 
[7] output of <AffineTransform> ( min -20.114, max 13.5045, mean -1.83894, stddev 2.0871, skewness 0.205143, kurtosis 2.56756 ) 
[8] output of <Sigmoid> ( min 1.83916e-09, max 0.999999, mean 0.231301, stddev 0.2543, skewness 1.44375, kurtosis 1.18037 ) 
[9] output of <AffineTransform> ( min -15.791, max 15.0726, mean -1.92859, stddev 2.89037, skewness 0.811596, kurtosis 1.67327 ) 
[10] output of <Sigmoid> ( min 1.38695e-07, max 1, mean 0.254176, stddev 0.314832, skewness 1.22487, kurtosis 0.106192 ) 
[11] output of <AffineTransform> ( min -30.8206, max 20.5648, mean -4.13457, stddev 4.14084, skewness 0.488717, kurtosis 1.80401 ) 
[12] output of <Sigmoid> ( min 4.11875e-14, max 1, mean 0.154365, stddev 0.300955, skewness 1.97328, kurtosis 2.34395 ) 
[13] output of <AffineTransform> ( min -16.3132, max 23.0137, mean -0.0151784, stddev 4.00458, skewness 0.560968, kurtosis 0.859892 ) 
[14] output of <Softmax> ( min 8.78681e-17, max 0.998488, mean 0.000514285, stddev 0.0170466, skewness 45.5445, kurtosis 2246.72 ) 
### END FORWARD
LOG (nnet-train-frmshuff[5.5.208~1-b0fc0]:main():nnet-train-frmshuff.cc:387) 
### BACKWARD PROPAGATION BUFFER CONTENT :
[0] diff of <Input>  ( min -2.14878, max 2.86437, mean -0.000672178, stddev 0.0595169, skewness -0.20965, kurtosis 111.708 ) 
[1] diff-output of <AffineTransform> ( min -0.395664, max 0.376317, mean 2.20136e-05, stddev 0.00822117, skewness 0.454052, kurtosis 113.673 ) 
[2] diff-output of <Sigmoid> ( min -1.72897, max 3.26049, mean 0.000365338, stddev 0.078104, skewness 0.875245, kurtosis 49.4007 ) 
[3] diff-output of <AffineTransform> ( min -0.478794, max 0.534526, mean 9.38408e-06, stddev 0.0104557, skewness 1.24832, kurtosis 154.638 ) 
[4] diff-output of <Sigmoid> ( min -1.9274, max 2.19997, mean 0.000209697, stddev 0.10301, skewness 0.18384, kurtosis 17.667 ) 
[5] diff-output of <AffineTransform> ( min -0.341167, max 0.45362, mean -1.10395e-05, stddev 0.0115074, skewness 0.553334, kurtosis 87.2076 ) 
[6] diff-output of <Sigmoid> ( min -1.42718, max 1.94696, mean -0.000251192, stddev 0.0977501, skewness 0.0447991, kurtosis 14.9772 ) 
[7] diff-output of <AffineTransform> ( min -0.233425, max 0.263303, mean -2.26433e-05, stddev 0.00941599, skewness 0.082823, kurtosis 40.0977 ) 
[8] diff-output of <Sigmoid> ( min -0.940764, max 1.11185, mean -8.20816e-05, stddev 0.061561, skewness 0.00864984, kurtosis 14.7398 ) 
[9] diff-output of <AffineTransform> ( min -0.130145, max 0.153619, mean -9.57392e-06, stddev 0.00639099, skewness -0.0140917, kurtosis 37.264 ) 
[10] diff-output of <Sigmoid> ( min -0.738138, max 0.898184, mean -0.000138607, stddev 0.0476255, skewness -0.0504874, kurtosis 14.5104 ) 
[11] diff-output of <AffineTransform> ( min -0.270739, max 0.302585, mean 5.71827e-06, stddev 0.00730406, skewness 0.315059, kurtosis 89.867 ) 
[12] diff-output of <Sigmoid> ( min -1.35558, max 2.99563, mean 0.000325437, stddev 0.0792503, skewness 0.0901917, kurtosis 19.1091 ) 
[13] diff-output of <AffineTransform> ( min -0.999243, max 0.963406, mean -3.15804e-10, stddev 0.0132702, skewness -32.819, kurtosis 3087.9 ) 
[14] diff-output of <Softmax> ( min -0.999243, max 0.963406, mean -3.15804e-10, stddev 0.0132702, skewness -32.819, kurtosis 3087.9 ) 
### END BACKWARD
LOG (nnet-train-frmshuff[5.5.208~1-b0fc0]:main():nnet-train-frmshuff.cc:388) 
### GRADIENT STATS :
Component 1 : <AffineTransform>, 
  linearity_grad ( min -1.4191, max 1.38427, mean 0.000450992, stddev 0.127207, skewness -0.0191726, kurtosis 1.9883 ) , lr-coef 1, max-norm 0
  bias_grad ( min -0.44946, max 0.541633, mean 0.00563549, stddev 0.127752, skewness 0.0458598, kurtosis 0.639083 ) , lr-coef 1
Component 2 : <Sigmoid>, 
Component 3 : <AffineTransform>, 
  linearity_grad ( min -0.798637, max 0.856719, mean 0.000616053, stddev 0.068477, skewness 0.153869, kurtosis 5.5688 ) , lr-coef 1, max-norm 0
  bias_grad ( min -0.750942, max 0.58074, mean 0.00240232, stddev 0.162518, skewness -0.118347, kurtosis 1.30714 ) , lr-coef 1
Component 4 : <Sigmoid>, 
Component 5 : <AffineTransform>, 
  linearity_grad ( min -0.624282, max 0.752365, mean -0.000234445, stddev 0.045951, skewness 0.0382884, kurtosis 7.98216 ) , lr-coef 1, max-norm 0
  bias_grad ( min -0.623907, max 0.82992, mean -0.00282617, stddev 0.172078, skewness -0.0805231, kurtosis 1.75249 ) , lr-coef 1
Component 6 : <Sigmoid>, 
Component 7 : <AffineTransform>, 
  linearity_grad ( min -0.397637, max 0.446367, mean -0.000752547, stddev 0.0350163, skewness -0.0765447, kurtosis 5.90914 ) , lr-coef 1, max-norm 0
  bias_grad ( min -0.471015, max 0.443837, mean -0.00579678, stddev 0.13488, skewness -0.0616624, kurtosis 0.583215 ) , lr-coef 1
Component 8 : <Sigmoid>, 
Component 9 : <AffineTransform>, 
  linearity_grad ( min -0.328625, max 0.28266, mean -0.000571858, stddev 0.0340676, skewness -0.051782, kurtosis 1.9643 ) , lr-coef 1, max-norm 0
  bias_grad ( min -0.428957, max 0.313158, mean -0.00245079, stddev 0.094296, skewness -0.0973539, kurtosis 0.338226 ) , lr-coef 1
Component 10 : <Sigmoid>, 
Component 11 : <AffineTransform>, 
  linearity_grad ( min -0.559991, max 0.522731, mean 0.000192398, stddev 0.0476193, skewness 0.010183, kurtosis 3.8084 ) , lr-coef 1, max-norm 0
  bias_grad ( min -0.527703, max 0.50397, mean 0.00146386, stddev 0.119871, skewness 0.0504351, kurtosis 1.49707 ) , lr-coef 1
Component 12 : <Sigmoid>, 
Component 13 : <AffineTransform>, 
  linearity_grad ( min -1.76328, max 1.55575, mean -1.10199e-06, stddev 0.0728311, skewness -5.0214, kurtosis 84.0488 ) , lr-coef 1, max-norm 0
  bias_grad ( min -1.4713, max 1.42173, mean -6.84311e-09, stddev 0.214122, skewness -1.7472, kurtosis 11.6732 ) , lr-coef 1
Component 14 : <Softmax>, 
### END GRADIENT
LOG (nnet-train-frmshuff[5.5.208~1-b0fc0]:main():nnet-train-frmshuff.cc:395) Done 3328 files, 0 with no tgt_mats, 0 with other errors. [TRAINING, RANDOMIZED, 0.773597 min, processing 21824.3 frames per sec; i/o time 1.68211%]
LOG (nnet-train-frmshuff[5.5.208~1-b0fc0]:main():nnet-train-frmshuff.cc:405) PER-CLASS PERFORMANCE:
@@@ Frames per-class: [ 37080 201 849 370 242 224 170 604 201 2387 860 113 1279 306 573 218 250 276 447 388 585 508 262 719 442 610 266 352 240 194 309 1010 146 205 1494 616 1928 1060 395 564 106 221 121 377 621 452 159 417 3018 14358 2440 67 2576 377 618 53041 228 599 743 206 703 419 100 468 590 3124 645 1707 410 1507 283 352 1382 305 628 1061 385 518 387 352 1960 293 729 379 466 219 396 723 252 276 433 775 618 584 282 382 554 416 256 434 941 277 632 356 763 712 319 322 995 1054 366 635 329 299 181 416 143 255 275 91 453 555 952 1560 241 136 303 333 2364 1073 317 557 405 613 352 704 224 234 169 751 323 154 480 1134 175 643 255 200 344 238 92 621 751 497 392 664 272 310 260 206 247 534 439 178 427 585 317 488 249 358 247 1524 1979 309 282 660 260 542 435 456 563 356 1095 961 777 455 103 496 175 179 325 506 812 780 148 182 262 543 535 481 372 228 603 549 388 415 318 325 351 594 631 139 453 293 299 266 334 214 238 478 253 187 335 411 189 1043 349 238 143 607 96 362 377 199 178 261 419 536 366 176 155 148 125 66 253 877 512 246 308 243 307 587 255 368 313 1520 444 228 231 952 359 566 540 997 443 181 410 157 420 954 113 217 357 209 2187 439 977 241 386 615 120 701 403 437 559 284 1101 251 213 583 287 395 86 394 300 413 406 298 133 112 527 446 1443 515 309 217 311 837 366 237 580 415 175 122 654 406 282 335 425 277 219 487 183 150 502 587 144 536 71 130 247 374 64 113 127 733 379 206 503 234 352 175 253 918 1301 326 289 325 282 325 231 365 410 373 1032 339 472 137 460 678 195 180 427 186 563 1347 472 221 346 294 355 569 225 313 285 271 227 290 830 101 133 286 213 442 820 176 347 231 473 268 110 279 176 215 134 356 339 496 475 336 1140 81 125 637 389 417 369 282 300 689 215 319 129 885 475 398 94 349 585 116 436 823 840 503 253 445 247 272 226 288 493 423 192 2747 1305 386 474 138 224 547 415 708 161 113 1629 321 603 281 176 202 91 286 250 232 85 160 351 471 388 532 823 291 273 285 398 212 480 328 173 150 632 118 177 739 292 155 229 206 759 190 245 426 212 161 693 246 1187 340 1368 98 347 206 291 799 445 355 799 335 502 336 465 162 1562 813 1513 481 613 408 354 341 349 78 113 360 237 206 290 147 894 492 161 226 1307 221 125 818 97 102 60 280 181 447 339 205 312 235 153 685 319 971 501 681 480 330 246 64 158 197 118 163 150 174 157 521 202 281 106 282 62 385 369 464 422 1525 262 638 408 313 468 159 432 329 407 369 171 310 150 361 186 205 440 279 595 1023 303 419 135 287 513 1132 358 383 403 163 468 1196 496 108 162 769 1112 299 293 66 228 737 415 235 283 863 344 266 477 253 401 1176 249 299 84 908 659 258 345 430 169 203 147 236 535 182 83 211 105 269 533 101 460 139 408 255 669 427 290 632 973 239 570 543 183 568 288 167 478 1683 516 1955 536 786 358 294 290 197 516 740 544 220 369 189 125 910 409 421 361 71 141 192 136 332 297 437 889 212 672 112 385 274 208 160 152 386 456 270 487 1541 345 109 182 414 235 407 458 1700 387 353 469 449 397 378 482 950 1043 428 85 646 669 286 427 277 242 425 99 421 138 131 300 180 374 1349 775 517 254 721 439 769 444 170 495 483 733 487 506 297 736 1782 643 550 328 311 155 126 257 205 174 142 335 246 155 144 540 405 321 503 186 394 163 267 711 665 194 202 904 580 569 487 354 55 163 284 440 153 95 277 621 517 322 215 250 869 259 104 710 235 353 524 232 141 163 285 250 565 209 794 218 328 279 161 404 432 269 868 111 230 476 430 228 518 391 154 498 458 409 544 562 400 185 688 264 183 451 405 453 247 622 154 958 688 358 363 505 310 261 809 639 232 520 209 196 903 155 193 307 270 221 433 293 439 363 259 629 161 383 536 116 164 216 434 932 525 219 278 155 248 313 792 420 1147 1404 630 501 156 1340 658 201 387 514 85 296 156 448 277 196 277 441 157 462 324 614 809 765 306 706 162 493 272 123 208 309 464 662 234 268 537 585 599 360 409 144 274 276 229 333 191 580 256 222 268 177 337 223 272 658 721 138 139 315 206 275 318 389 277 384 324 465 164 839 437 391 271 735 176 763 165 473 454 886 319 145 430 588 201 330 181 448 294 279 250 387 303 935 554 424 246 490 301 325 801 174 654 298 429 870 270 145 1056 534 264 277 569 442 235 239 336 19 636 169 687 86 243 786 701 467 342 122 757 720 83 1181 442 195 308 141 348 391 879 127 331 480 249 164 399 287 573 527 179 255 565 519 387 484 641 105 564 196 362 180 347 85 559 1016 190 221 544 308 425 431 765 574 293 480 306 810 179 290 345 128 610 1139 401 1262 519 177 164 322 82 347 274 383 501 287 349 226 510 404 816 376 216 196 191 584 113 209 1067 381 573 586 707 136 170 236 583 889 222 359 196 1193 626 1036 99 390 228 427 167 506 377 225 609 382 514 152 683 475 212 282 253 366 374 364 207 358 213 494 164 283 371 172 752 300 182 165 738 363 1640 350 966 1108 834 177 312 206 452 226 581 504 288 801 147 159 651 448 189 320 366 731 185 300 250 58 293 814 193 486 183 254 413 662 945 260 545 540 151 564 530 631 264 697 654 348 845 958 221 403 1895 190 107 162 140 951 853 743 157 236 451 187 447 218 590 125 151 200 420 855 1193 661 197 473 401 312 332 415 2326 466 199 48 204 221 143 164 1044 337 44 579 303 372 450 242 216 641 1010 393 181 108 538 400 392 165 1127 701 389 666 758 252 135 723 184 908 35 179 1265 619 241 568 381 1251 706 335 1391 283 616 324 1049 890 140 19 112 694 384 311 256 317 337 290 329 935 197 865 753 721 368 309 115 172 438 484 519 269 134 319 295 246 943 932 157 1272 191 635 150 575 907 410 545 487 90 558 468 397 420 391 260 216 850 1271 588 509 368 849 288 607 496 134 495 179 302 528 197 656 123 357 119 452 655 323 515 400 182 187 290 259 1165 492 223 174 679 708 741 217 216 401 714 658 249 290 859 702 257 292 149 428 553 537 790 324 1195 571 251 618 891 193 221 1363 95 548 389 645 955 448 675 331 494 306 598 753 110 628 336 343 487 381 214 483 577 922 313 162 100 333 304 356 68 350 194 343 235 496 173 1330 442 937 686 809 470 1350 267 247 309 195 1008 251 1324 483 632 724 423 205 538 737 129 133 598 576 456 1345 1293 166 189 270 373 539 690 150 570 666 437 378 176 404 966 501 247 265 346 35 286 294 885 161 286 608 682 561 502 602 376 152 1037 1813 417 477 510 243 418 342 541 373 572 530 439 527 528 475 382 84 373 561 599 607 493 291 1180 1094 487 156 775 273 335 1136 230 1645 398 606 504 688 159 145 162 187 623 667 395 596 487 442 161 1060 852 796 445 473 150 837 1153 123 342 309 250 161 290 253 502 299 592 394 1330 642 781 1369 2663 949 769 536 252 274 190 1082 720 479 505 735 380 253 520 661 432 222 1014 311 411 463 260 144 213 378 408 207 1254 213 155 303 362 568 809 530 321 757 379 367 662 170 248 290 473 675 546 251 452 520 193 279 461 272 381 1022 686 199 244 3326 319 234 2279 221 667 154 1207 172 87 632 597 578 150 281 388 521 833 298 208 455 635 598 440 608 1155 592 703 287 249 493 270 567 267 84 201 720 825 425 520 672 142 215 451 625 217 323 259 438 1119 511 1142 612 204 401 899 438 747 232 483 379 383 382 1027 480 571 879 480 238 143 170 368 1024 2019 606 489 362 467 294 1081 137 441 359 281 682 572 379 705 484 472 225 1100 1010 801 848 572 301 1021 186 157 746 942 379 275 854 459 304 1424 227 617 75 443 359 434 402 242 216 321 439 760 329 360 246 618 334 963 152 833 361 339 345 720 2886 265 237 1215 209 360 457 1070 508 432 503 149 143 578 607 962 257 154 130 554 593 3139 1355 251 300 331 1210 133 269 428 476 741 672 473 665 341 420 265 173 384 170 172 601 603 263 118 854 331 197 439 322 805 699 411 353 573 185 791 350 658 547 471 226 242 994 76 1102 564 256 298 286 161 691 173 107 605 264 130 898 1036 974 708 458 414 359 949 851 500 276 606 396 1025 309 458 305 432 579 250 154 601 638 212 604 547 207 959 355 358 277 282 861 492 751 599 334 1028 2587 402 913 749 336 301 999 355 410 1952 292 484 265 247 1191 337 617 310 284 807 587 534 639 616 376 654 700 1135 1052 470 371 431 857 181 239 342 2542 594 548 653 548 438 183 559 410 477 1052 762 529 168 915 457 1165 150 376 134 195 686 369 295 957 424 166 546 310 779 878 467 364 576 177 605 596 185 95 394 219 327 19 1314 519 387 180 408 791 1069 981 249 708 560 381 412 174 446 231 169 610 691 429 269 301 177 ]
@@@ Loss per-class: [ 0.374971 0.584242 0.563438 0.864127 0.744606 0.722739 1.46059 0.710372 0.637556 0.498067 0.393209 1.90666 0.645886 0.689855 1.13093 1.25394 1.31602 3.1241 0.912406 0.608075 0.690182 0.660799 0.511533 0.826132 0.931178 0.669865 0.828838 0.759667 0.852529 1.2246 0.927264 0.940725 0.755499 1.2103 0.275567 0.347195 0.39427 0.22604 0.799008 1.89724 1.30506 1.35822 1.45843 0.748942 0.593792 0.337821 0.640589 0.946911 0.687918 0.540969 0.241196 0.884406 0.405349 0.725817 0.885635 0.243289 0.918729 0.518138 0.892494 0.90258 0.829396 1.1313 1.71862 1.05 0.700086 0.921133 0.47018 0.592889 0.729751 0.306032 0.507629 0.714829 0.379053 0.549588 0.379086 0.512895 0.753277 1.1016 1.08672 1.19986 0.795068 1.06801 0.447811 1.25416 0.724402 1.10531 0.637502 0.50059 1.3493 0.923406 0.871867 1.03927 0.473177 0.88927 1.03804 0.737575 1.08432 1.25091 0.531302 0.532531 0.657917 1.733 0.632425 0.822955 0.568936 0.6079 1.5996 0.562972 1.01083 0.576781 0.798702 0.378579 0.95917 1.69715 0.884646 0.904438 1.62215 1.09184 0.693594 1.00901 0.598545 1.28904 1.34436 0.697492 0.864191 1.62567 1.52877 1.51925 0.560446 0.587427 0.679605 1.48224 1.10327 0.814347 0.397163 0.929666 0.362797 0.729911 1.73717 0.431951 1.01875 0.566986 0.722898 0.323871 1.32215 0.257237 0.759059 1.14245 0.940518 0.912011 0.988267 0.805902 0.913394 0.480847 0.666862 1.18295 0.751082 1.2272 1.43582 1.27586 1.73053 0.629601 1.18661 1.16984 0.725562 0.554311 0.754063 0.578137 1.21996 0.908721 0.82305 0.50641 0.973219 1.43135 1.19049 1.15088 0.852601 0.928542 0.890667 0.533559 0.677014 0.985874 0.732151 1.14432 0.733268 0.484025 1.19881 0.673986 1.00064 0.949721 0.986138 0.476733 0.484509 0.985041 1.50169 1.26608 0.583193 0.435746 0.862691 0.585178 0.565238 0.629706 1.09148 0.406822 0.551814 0.864689 0.72818 0.659954 0.803731 1.15951 0.849218 0.801884 0.876203 1.69743 0.6456 0.635114 1.40819 1.00337 1.22602 0.616879 0.68017 1.28588 0.514655 1.04573 1.35222 0.823282 1.60562 0.814965 0.855462 1.3819 0.964394 0.618418 0.332198 1.08443 1.06159 0.552784 0.572567 1.07289 0.82479 2.81491 1.23608 0.573014 0.802291 0.893906 0.863764 1.42218 1.22229 1.39557 2.06543 1.2659 0.421206 0.602681 0.557581 0.47158 1.1743 0.497405 0.466934 1.72395 0.707068 0.267871 0.876571 0.707278 0.874421 0.541104 0.570944 0.859674 1.33385 0.533587 0.421696 0.595646 1.1089 0.647593 0.972518 0.841539 1.02522 0.817238 0.49002 1.00155 0.92124 0.471619 0.903403 0.326187 0.630156 1.07381 1.52025 1.64133 0.843183 0.861043 0.874736 1.07648 0.859606 0.898102 0.98396 0.691529 0.749295 0.545239 0.582768 0.886062 1.11763 0.666199 0.988323 0.48157 1.03318 0.654606 1.05201 0.986457 0.596872 0.758854 0.889334 0.642574 0.503576 1.71431 0.92607 0.704305 0.351842 0.851366 0.323942 1.41007 0.637325 0.642789 0.698288 1.01478 1.86215 0.911468 1.25773 1.35442 1.20733 1.02851 1.28949 1.65579 0.738398 0.783565 1.41176 0.710962 1.37539 0.481841 1.16222 0.638771 0.472102 1.22536 0.689519 1.14035 0.997398 1.21802 0.362035 0.903702 0.920699 1.53729 1.36648 0.833774 0.781595 0.455166 0.815816 1.19727 0.237329 1.65223 0.861479 0.807263 0.576841 0.532469 0.821255 0.621078 1.74954 0.783303 0.43223 0.627575 0.782362 1.22604 1.09091 0.563627 0.97007 0.869341 0.774392 0.858874 0.56597 1.43335 0.876022 0.833662 0.923599 0.789801 1.01462 1.04294 0.743134 1.07119 0.724583 0.524033 0.532641 0.818336 1.10865 1.1518 0.99727 1.21578 0.676136 1.08314 2.00145 0.589584 1.25647 0.742681 0.569288 0.844871 0.643711 1.14289 1.06266 0.575925 0.729215 1.74939 1.07941 1.16826 0.702597 0.685804 0.955167 0.831793 0.877261 0.96462 1.10212 0.690444 0.798166 1.12328 1.01484 0.908558 1.24648 0.302716 0.725832 1.35023 0.788938 1.02763 0.959454 0.831198 0.707322 0.552164 1.00614 0.976887 1.58937 0.547207 0.683362 0.944742 0.913746 1.45734 1.09923 0.951695 0.833663 0.657644 0.876938 1.12986 0.482048 0.634718 0.69358 1.13285 1.80253 0.702074 1.22515 0.512637 1.12154 0.870406 1.82194 1.37766 0.612005 0.84238 0.778809 0.619446 0.497799 1.44659 0.521763 0.672113 0.426369 0.598761 0.576727 0.823876 1.32693 1.15159 0.847311 1.55846 0.984609 0.510486 1.08791 0.763632 0.594242 0.805177 0.612994 1.17295 0.799636 1.13725 0.997168 1.25509 0.309573 1.90749 1.17707 0.913317 0.627487 0.843562 0.963051 0.937962 1.10439 1.22775 1.08868 0.534445 0.969564 0.942166 0.645142 0.885506 1.07529 0.973619 0.767388 0.77572 0.812044 1.24464 0.844257 0.727406 0.718123 0.824796 0.71832 0.840058 0.963905 0.590032 0.753717 1.0235 1.00147 0.857978 1.01839 1.14397 1.0617 1.11411 1.35777 0.651825 1.03598 0.833448 1.08237 2.11672 1.97044 0.656631 1.62028 0.878013 1.11523 0.529407 0.702486 1.32564 0.538909 0.470917 0.72124 0.474365 1.02406 0.786182 0.639658 0.913925 1.07555 1.30538 0.833479 0.992436 1.58931 1.12589 0.909483 1.81455 0.596502 1.21223 0.492578 0.712758 1.34107 1.46824 0.991412 1.15346 0.692968 0.956414 0.504088 1.32675 1.35822 1.0225 0.567434 0.674635 0.760948 1.65653 0.63531 0.950168 1.6944 1.45126 0.965642 0.698528 1.15025 0.665622 0.955785 1.19693 0.903119 1.33221 0.431763 0.843696 0.860023 1.46785 1.61883 1.18681 1.22439 0.895282 1.28649 0.659011 0.873796 0.63498 0.824807 0.821095 0.534857 0.924033 0.964301 1.41077 0.902773 1.08301 0.721348 1.85454 0.739908 0.818808 0.631896 1.03991 0.384423 0.967113 0.957769 1.09352 0.579042 1.37529 0.505594 1.09135 0.539697 0.456382 0.922776 0.665632 0.49131 0.917017 1.02168 1.37549 1.15519 1.21582 0.768203 0.720473 0.431947 1.1731 1.13078 2.26571 0.895702 0.487133 1.33782 0.786949 0.982429 0.775772 0.461956 0.870135 1.03759 0.506287 1.06464 0.913711 0.84094 1.26073 1.00027 1.03454 1.58599 1.07543 0.463575 1.31785 0.499237 0.414841 1.47212 1.07105 0.828496 1.12917 1.23203 1.41051 1.73024 2.16293 1.06806 0.516469 0.427714 1.0401 0.992829 1.23195 1.44766 0.744972 0.796829 1.38984 0.605723 1.06168 0.746935 1.37694 1.56019 0.655025 1.11054 1.53939 0.808728 0.812115 0.80985 0.625539 1.98492 0.564353 0.793728 0.854009 1.00749 1.00111 0.966129 1.35994 0.802093 0.786327 0.862622 1.09251 1.01619 0.736847 0.514695 0.506454 1.44748 0.683408 1.16784 1.28749 0.482428 0.846194 0.766569 0.567453 0.973578 0.924013 1.31028 0.762904 0.950466 0.629157 0.756331 1.62019 0.759883 1.7195 0.826492 0.84469 1.37565 0.43504 0.723181 0.71991 1.53525 1.23711 0.822356 1.06891 1.12748 1.12895 0.916756 0.922391 0.878336 1.22228 0.869241 1.0559 1.18178 0.503175 0.601186 0.733239 1.36349 0.673941 0.777934 0.577171 0.504564 1.57296 0.821891 1.22191 0.940887 0.678045 0.753311 0.943007 0.845054 1.27867 0.874457 0.622378 1.15587 1.01145 1.0347 1.03341 0.855199 1.2478 0.756806 0.673979 1.57334 0.90444 0.663529 0.857503 0.746973 1.04247 0.353164 0.520632 0.606809 1.01542 0.967932 0.657521 2.01302 1.97635 0.856802 1.37187 1.53689 1.70028 0.368651 1.28081 0.8561 1.09872 0.862827 0.847382 0.912674 2.04913 0.752363 1.23298 0.815258 0.733279 1.55771 0.984498 1.00954 1.34332 0.825118 1.00609 0.89554 1.19124 1.176 1.24512 1.65373 1.09892 1.35755 0.796234 1.21444 0.667506 1.23939 0.69328 0.9074 0.99134 0.844033 0.639718 0.516732 0.632989 1.12246 1.04056 0.695786 0.700435 0.856972 1.02046 1.17895 0.502457 1.50835 1.22745 0.801693 0.960716 0.548534 1.02278 0.704013 0.753538 0.671395 0.559007 1.3032 0.923367 1.26148 0.960434 1.38178 1.27891 0.728218 0.932677 0.973454 1.26011 0.562309 0.748495 1.25178 1.05023 1.6896 0.898996 1.55124 0.571706 0.701087 0.9774 0.777756 0.990369 1.1366 1.35881 0.647616 1.05501 1.15295 1.90552 0.989201 0.473413 0.918118 1.0284 0.706956 2.00097 0.939742 0.562405 1.09159 0.963985 0.644375 0.504584 0.429848 0.41553 0.914063 1.60813 0.763219 1.19098 2.43571 0.997914 0.595908 0.723809 0.811193 1.36867 1.19003 0.977309 0.331854 0.814695 0.878579 0.731142 0.821861 0.856889 0.701472 0.908914 0.683396 0.834784 0.919317 2.45858 1.52969 0.929794 1.81458 0.86499 1.12091 0.974615 0.648705 1.17856 0.857805 0.767586 1.27079 0.442806 1.38567 0.666443 0.874091 0.44998 1.47397 0.796024 0.507037 1.10576 1.39242 1.06754 1.66183 0.593903 1.23168 1.93827 0.781534 0.662254 1.20227 0.740142 1.40439 1.19544 1.0181 1.18787 0.92889 1.91637 0.543903 0.983458 1.09917 1.1217 1.17263 0.722532 0.708823 0.609497 1.19959 1.05975 1.29568 1.33627 0.475717 1.19816 1.03809 0.469287 0.588645 0.811372 0.770947 1.04637 1.15868 0.960964 0.794885 1.23917 0.474208 1.0041 0.791135 0.695682 1.02147 1.10869 1.2349 1.01239 1.09947 1.12232 0.985304 1.29903 0.644587 0.642155 1.05866 1.2884 0.973326 1.7959 0.859112 1.76537 1.14778 1.23705 0.780182 0.537521 2.76103 0.707618 0.829112 0.807136 1.20013 0.646635 1.41504 0.796242 0.495199 0.706877 2.90826 1.07864 0.459889 0.906446 0.834175 0.601832 2.21491 0.869928 0.7414 1.53624 0.934411 0.449577 2.34041 2.93421 0.770631 1.42881 1.05622 0.955454 1.33131 0.910235 1.2246 0.77034 0.828594 0.717116 0.944376 0.615704 1.13294 2.0601 0.95557 1.16539 0.815354 1.00344 0.625489 0.924128 2.11555 0.94676 0.989581 1.60047 0.856646 1.54084 1.49264 0.572319 0.41711 1.5273 0.763795 0.714838 0.528927 0.847563 1.37593 0.815691 1.35306 0.853606 0.980994 1.4232 1.39249 0.936007 0.765609 1.0206 1.23039 0.914853 0.763021 2.0991 1.16374 0.993771 1.38743 0.783216 1.67083 1.49958 0.95198 1.55045 0.736273 0.365385 0.878516 1.37655 0.9255 0.50797 1.29798 1.0815 0.800216 0.956931 1.15861 1.30331 0.635314 1.10853 1.13935 0.780111 1.86104 1.09767 0.970359 0.835226 0.949537 0.772108 0.821464 0.436752 0.733178 1.48601 0.823501 1.0957 0.658936 0.734082 0.776664 1.1559 1.57912 1.92437 0.690833 1.02802 1.23121 0.915726 0.829782 0.971103 1.34866 0.762617 1.36092 0.519027 0.693671 2.77583 2.47642 0.92927 0.82954 1.00116 0.628567 0.752978 1.02195 0.806231 0.427822 0.727258 0.89085 0.479281 0.454857 1.05209 1.58451 1.50913 0.897119 0.966321 1.18641 0.787117 1.2941 1.07223 0.424782 0.537149 1.15483 0.855674 0.910332 1.06733 0.963427 1.11012 0.805909 1.26491 1.6366 0.708091 1.17794 0.806252 0.761693 0.909579 2.07228 0.671048 1.13263 1.27137 1.2793 0.746606 0.676033 1.33962 1.77446 0.890928 1.56971 0.788652 0.789212 0.748421 1.12174 0.619915 0.875691 1.18278 0.912729 1.34901 1.28499 1.24198 1.2671 1.36687 0.79456 0.664854 1.29424 0.80165 0.654469 1.33532 1.07389 0.452068 0.60319 1.2639 1.4431 0.791642 0.719777 0.791658 0.905031 0.869509 1.11289 1.8736 1.05154 0.802925 1.14454 0.970062 0.949482 0.84041 0.879684 0.53256 0.725118 0.433268 1.70598 0.861665 1.50023 0.60333 0.546992 0.784651 0.96515 0.432343 1.55195 1.26287 0.916695 1.29717 0.828062 0.625602 1.31482 1.06476 1.07105 0.739668 0.804869 0.770276 2.12605 0.77143 1.05652 1.20992 1.08196 0.701155 0.946179 0.929084 1.02064 1.49686 1.25444 1.278 1.2713 0.691124 1.7261 0.909331 1.47645 0.803526 0.64336 0.845737 0.783856 0.653177 0.451608 1.33686 1.21352 0.730874 1.51249 0.819888 1.30144 1.43465 0.653973 1.10184 1.00239 1.08862 2.40529 1.41914 1.05617 0.30094 0.853022 1.08713 1.2597 1.97298 0.896262 0.626456 0.673562 1.51857 1.61717 0.592108 0.738241 0.857425 1.88634 0.597124 0.640393 0.560683 0.97792 1.24672 1.5127 1.32589 1.34335 0.900955 1.54145 0.969234 0.535769 1.63835 1.20593 1.53583 1.26973 0.654378 0.385685 0.741138 1.3626 1.09826 1.26824 1.23283 0.58218 0.893167 1.07458 1.23079 0.942482 1.29969 0.813911 1.0202 1.06144 1.15514 0.774503 0.996147 2.00415 1.14141 0.546274 0.558809 0.592858 0.33122 0.371594 1.99612 1.14822 0.761223 1.83932 0.854789 0.826291 0.884128 1.02004 1.10564 1.1057 2.65226 2.68905 1.30919 1.97072 0.584629 0.781569 0.975382 1.73297 1.61607 0.550253 0.997167 1.73642 0.844002 1.36884 2.95275 1.24676 0.767858 1.2114 1.717 0.890161 2.03063 1.85659 1.70078 0.983049 0.884592 0.982358 0.634895 0.569405 0.928861 0.583521 1.35234 0.562308 1.28354 1.00157 1.23677 0.555169 0.908161 0.410196 1.38511 0.844309 0.387442 1.30801 0.934502 1.20565 0.809427 0.730315 1.32301 0.611383 0.861933 2.33743 1.22317 1.22961 0.468291 0.736597 0.802425 1.48625 1.12776 0.703977 0.876411 0.838955 0.884056 0.845656 0.666406 1.64701 0.91013 0.900568 0.909409 1.0052 1.32132 1.35371 0.733089 0.983139 3.67635 0.941404 3.23544 1.24326 0.756376 0.842413 0.783218 0.657639 0.902639 0.543506 0.942201 0.965412 1.19355 0.656046 1.27216 1.69911 0.556828 1.10899 1.19176 1.14378 0.878865 0.968025 1.10549 0.753699 0.408795 1.29776 0.986643 1.14242 1.89692 2.60736 0.873339 0.885449 0.764286 0.515668 1.49004 1.05007 0.94136 1.09225 0.589957 0.968936 0.74065 1.38314 0.792967 1.2057 0.700427 1.47729 1.60227 1.27947 1.00953 1.17386 2.4915 0.61222 1.64066 1.76223 1.39193 1.20316 0.566941 1.2679 1.28111 1.34897 0.621695 0.611372 0.474148 0.845317 2.09164 1.54488 0.765664 1.19595 0.743425 1.63371 0.907711 1.50255 1.10647 0.810683 0.862011 0.88422 1.04125 0.719779 1.12041 0.869243 0.61095 1.0714 0.839752 1.23343 0.770691 1.09835 1.21928 1.28567 0.967594 0.941905 0.444661 0.240991 1.14165 0.936374 0.950527 0.808086 0.939847 1.40342 0.91892 0.654211 1.45061 0.862495 1.44174 1.30818 1.34618 1.19297 1.40437 1.02841 1.46827 0.79008 1.76007 0.743699 1.50976 1.05785 0.928949 0.63979 0.938938 1.37608 0.80598 0.728418 1.0724 1.00925 0.717198 0.912638 1.24276 1.23189 1.4114 1.3014 1.26505 1.30458 0.995385 1.00898 1.14627 1.45059 0.432457 0.548404 0.928642 0.811653 0.899401 1.0105 0.701492 1.825 1.65708 1.29202 1.37777 1.18595 1.19192 0.852022 0.925193 0.66064 1.53051 1.47189 0.849859 1.26019 1.17593 2.69527 1.14004 1.00304 1.48179 1.85343 3.40902 2.31686 1.80673 1.1449 1.12292 0.787988 0.539252 0.453701 0.819096 1.25473 0.623629 0.884216 1.22198 0.980959 0.727246 0.762067 1.45669 1.73655 0.676312 1.39805 0.962272 1.50927 0.643457 0.566962 1.15829 1.49377 0.993179 0.756649 2.0146 0.863035 0.8828 0.796493 1.87862 0.949234 1.39131 1.59478 1.13564 0.655396 1.08769 1.2339 0.758586 1.27783 1.28716 1.73945 0.586378 1.17504 0.870859 0.625641 0.978908 0.771632 1.53175 1.74772 1.36151 0.924367 1.29081 1.89459 0.706202 1.99074 0.945151 1.5634 0.816257 0.903877 0.805445 0.806727 0.841168 1.29714 1.37369 1.36906 1.70239 0.889258 1.14829 0.988918 3.51109 0.70815 0.61119 0.922184 0.632497 1.07092 1.06653 0.935979 1.28142 0.828748 0.761965 1.23073 1.09161 1.4274 1.17273 1.16705 0.706489 1.04182 2.68683 0.63897 0.632767 0.741712 1.07607 0.55778 0.577647 0.603668 1.50265 1.16143 1.70666 0.923366 1.4939 0.800207 0.962565 2.19749 0.727213 1.0781 1.39636 1.28828 0.875583 1.36017 1.24381 1.35941 0.841148 2.26758 0.796299 0.919112 0.620311 0.969985 0.8648 0.692612 0.910158 1.71398 1.08833 1.40219 0.96238 1.48371 0.580561 0.614477 1.18343 0.933411 0.862566 2.13636 1.1262 2.51398 1.55775 0.980056 1.18161 1.38771 1.37077 1.22678 1.14379 0.736292 0.785134 0.639148 0.377191 3.0359 0.758671 2.07408 1.225 1.18478 1.17554 1.08796 1.26312 1.0666 1.07513 0.959011 1.7845 0.931066 0.895453 1.42244 0.845303 1.63394 1.06012 1.05782 0.928391 0.658944 0.80021 0.690561 1.04561 1.09818 0.95678 1.46856 1.02331 1.76199 0.776764 0.923946 1.37184 1.10471 1.07684 1.43891 0.580861 1.03581 0.818054 0.749088 1.0993 1.87124 1.20234 0.936289 0.647909 0.669176 1.14646 1.17026 0.783995 1.12007 0.872575 0.782481 2.4043 1.11391 1.28887 0.732984 1.10935 0.793529 1.58898 0.989714 1.97306 1.02741 1.16108 1.21392 2.1701 0.686516 0.80833 0.789903 1.63264 0.428127 1.38451 0.714601 1.1078 0.908236 1.02063 0.839649 0.817014 1.0137 0.624781 0.83888 1.44156 1.94524 0.613968 0.630584 1.99981 1.41361 2.31943 0.50784 1.08134 0.976929 1.38293 0.891442 0.647828 1.09445 1.1788 0.838643 1.99551 2.19876 1.02387 1.3247 2.19638 0.81972 0.83489 1.10818 1.03213 0.450348 0.751001 1.31962 0.368997 1.4705 1.06645 1.16011 0.73915 2.07611 0.841273 1.73281 1.12709 1.54976 0.692322 0.820982 1.9529 0.854985 0.723138 0.554705 1.52027 1.70276 1.23081 1.14008 0.905287 1.221 1.00215 1.84771 1.03878 0.697626 1.21667 0.769669 1.53436 1.68396 0.987483 0.543651 1.09074 0.498474 1.50959 1.1789 1.96915 0.781401 1.64748 0.665634 1.09687 1.10687 1.08175 2.195 1.46378 0.846616 1.25184 0.872345 1.04144 2.22519 1.01181 0.705857 1.04422 0.852699 0.978597 0.771806 0.78996 1.76331 0.529283 0.926491 1.27082 1.48518 1.07209 0.976062 0.749781 1.59849 0.6178 0.741876 1.04707 1.81176 0.641637 2.14711 0.915614 1.68944 1.73314 1.32418 1.03179 0.695487 0.96976 1.1597 2.40255 0.605314 1.24848 1.16115 2.18757 1.19944 2.64891 1.79885 1.50493 1.33846 1.50931 0.616929 1.03728 0.632199 1.01528 0.876539 1.24558 0.512761 0.921544 0.773334 1.60725 0.71901 1.06645 1.97229 0.981636 1.1663 0.86918 1.64565 2.26147 0.965359 0.770251 1.04196 2.38352 2.16245 1.80138 1.08407 0.9954 0.795515 1.92992 0.798862 1.42328 1.47691 1.55826 1.24523 0.938058 1.23586 1.47149 0.956523 0.876966 0.850873 1.80518 2.12138 1.61329 ]
@@@ Frame-accuracy per-class: [ 86.6871 82.3821 84.8735 69.0958 75.0515 78.3964 61.5836 82.3821 80.397 85.3613 90.2963 37.0044 77.6866 78.3034 63.8187 64.0732 66.6667 18.0832 75.0838 82.8829 81.4688 79.056 87.2381 76.164 72.5424 76.0033 72.045 76.8794 73.5967 64.7815 71.7286 67.0955 79.1809 71.0462 91.4687 90.1865 89.3959 92.6921 75.8534 44.4641 63.8498 59.5937 56.7901 70.9934 83.0249 88.8398 78.9969 73.0539 79.9072 82.6618 91.4567 71.1111 88.8026 77.0861 75.1819 91.2474 70.8972 85.5713 71.0155 72.155 75.6219 65.5542 49.7512 71.7182 76.2066 55.6249 86.4446 82.5769 79.659 91.476 88.8889 79.1489 88.5353 85.4337 88.6237 86.4814 75.227 62.8737 70.4516 60.1418 73.5017 66.0988 85.9493 59.025 77.8135 61.0478 81.4628 83.8977 55.0495 71.2477 74.0484 67.3114 87.6314 75.6202 65.4867 79.2157 68.1695 60.2641 84.6004 84.6951 79.8725 45.045 82.0553 74.0533 82.6457 80.9825 44.1315 83.1008 71.9237 84.6847 75.0341 89.6932 73.4446 39.7329 76.0331 73.2293 45.2962 70.4501 79.4918 68.8525 84.2337 60.306 59.2126 76.7062 71.6356 53.4799 46.458 54.5727 83.4849 80.9502 78.7402 43.2287 72.9963 74.8166 89.3617 67.4237 87.3051 81.0235 50.1475 87.8244 67.0788 84.7896 80.9573 89.5549 54.7009 92.4631 73.1898 62.3441 70.537 64.1509 68.1081 75.1408 65.4691 83.4171 82.0382 65.6132 74.8624 67.9549 50.2879 58.5956 42.8283 81.1974 63.9363 63.8655 78.3626 82.4936 76.8504 84.3398 68.5371 71.4086 69.899 85.7986 71.1291 53.3118 61.5929 66.919 75.6238 71.1521 73.0195 85.2136 81.9876 75.7363 75.1255 66.3547 78.7138 89.1328 66.6667 80.7654 67.2365 71.8663 73.1183 86.4758 86.6462 71.4926 43.771 56.9863 83.4286 86.8445 78.2446 82.243 82.4161 82.2757 69.4283 88.626 83.6551 72.4428 79.7488 79.2627 77.6671 56.8545 76.0095 75.2688 73.2084 51.448 83.1386 79.925 57.6981 65.2681 57.4423 83.1766 82.0513 56.5333 83.4575 65.6136 58.5752 78.1025 52.9328 76.3103 75.9582 44.7737 71.5026 81.1034 90.0662 66.6667 70.5882 84.13 84.1478 60.5778 75.8527 18.1303 63.0225 81.4815 82.0717 75.188 71.0059 54.7009 66.9268 60.0406 32.0908 68.9938 88.1301 85.2766 83.7573 85.2103 63.1579 85.3009 86.8391 46.3895 81.2095 93.5433 78.4423 78.376 72.1554 83.5088 84.1037 70.5234 60.4141 84.4444 88.9417 82.8706 71.3656 81.3793 71.8881 74.463 67.4743 78.9534 85.422 69.9793 72.1863 84.4842 75.5187 90.0927 81.7844 64.2286 59.16 47.4517 74.8071 77.9324 71.1944 67.5236 73.7391 76.8647 67.052 79.5944 78.8686 84.1596 80.4428 75.7119 68.9139 76.4444 72.6066 87.57 70.1074 79.5344 65.2666 63.4483 86.3563 78.5672 74.7613 81.2632 87.3385 46.4501 71.2251 81.6327 90.6035 75.7688 89.5575 60.5067 79.671 82.1622 78.3599 72.6154 42.5068 71.7608 63.2836 58.5532 61.5917 67.4744 72.7273 32.1839 75.5556 77.7036 55.814 78.4141 65.098 87.3892 65.3491 77.9661 88.3813 52.0256 79.4326 64.9573 64.6943 58.4649 89.4353 71.6692 74.6114 65.1306 55.9292 73.7327 75.162 83.4473 71.8636 70.6827 94.6247 46.539 76.8254 74.9091 84.6906 84.5984 73.6573 79.2244 46.3158 77.2118 88.3762 79.4805 75.5556 65.4628 63.2035 83.1919 73.4177 77.6119 78.4922 74.6411 83.0123 55.6169 73.4066 71.6007 75.7375 70.936 68.1648 67.3647 78.2201 69.3785 80.4388 83.8527 82.8777 77.3218 68.849 62.5698 67.8733 63.3274 81.0198 68.2135 40.1487 83.871 62.1502 76.3343 81.5983 69.5394 81.8939 68.7117 70.1195 83.7647 78.5623 43.3533 69.0122 59.823 80.5324 81.2183 73.7819 75.7433 69.4981 70.2428 68.5594 81.054 74.0741 66.6667 68.6593 73.8197 62.0848 92.0461 78.7626 55.4121 81.2623 69.5847 70.7071 80.367 78.5872 83.1889 67.8825 66.588 58.7013 85.5687 78.0544 75.2911 72.0759 54.1516 66.8151 72.6941 74.6089 80.5928 76.161 73.1278 86.6523 83.6703 79.7017 68.206 53.8244 78.5185 64.4809 83.4206 61.477 75.2688 51.462 61.0592 80.5121 76.14 78.7645 84.8826 86.5817 57.976 86.2888 78.1086 86.3237 83.7647 80.7492 76.1035 65.7061 69.7674 70.0395 53.1646 73.8028 86.1393 68.0342 73.955 82.3529 74.5763 80.5793 65.6168 78.2077 65.6506 64.4706 61.9195 91.2761 46.2475 64.7579 71.6593 79.7223 75.1269 68.777 68.2809 67.5815 56.5353 67.5645 84.3882 71.5447 70.0447 84.1791 71.9168 67.0247 76.3077 72.832 77.8119 73.2078 62.7207 77.9136 78.825 77.292 72.6208 81.5451 80.2548 72.2467 82.3856 74.9474 64.4068 71.2565 77.9661 66.4058 65.7868 71.2074 61.3687 60.2677 78.5553 69.3227 73.9157 64.6154 31.2195 38.0165 84.1355 46.281 76.2011 61.8557 81.2652 78.4 64.1189 82.7362 86.9438 81.3772 86.4642 66.2014 74.8349 77.8356 72.3147 70.5882 60.4651 76.9716 74.4304 50.6329 59.9388 75.7475 44.1261 86.3492 62.8955 86.4198 77.087 57.277 56.6372 73.6 67.1855 78.4844 74.704 87.3373 55.7194 64 68.9115 85.4345 79.1069 78.3351 43.8871 83.0058 73.4446 50.7975 61.4344 69.3878 84.058 67.7741 82.7109 70.2413 60.3406 70.3746 64.7585 88.3291 74.1573 74.1351 56.0191 47.9705 66.4348 61.149 75.4084 65.5509 78.4876 70.1363 83.1804 77.4813 75.0522 84.7936 78.341 70.7692 51.7219 71.2809 72.4541 76.661 52.6316 78.337 78.5085 81.5884 64.5435 87.478 68.2108 73.4398 63.7899 82.5131 58.3826 83.6862 65.1084 85.7715 86.4775 74.5562 80.7925 85.671 75.8221 70.3329 57.3751 64.3068 64.8649 73.2203 80.7611 88.3287 66.8493 63.4731 37.8251 74.8815 86.0853 60.3561 77.8325 68.8382 81.0036 84.4553 75.9295 65.8701 84.6784 66.0929 72.7273 72.6246 62.6305 69.7634 66.6053 50.1362 66.8426 88.3882 57.9104 86.7294 87.7933 54.0174 63.1552 76.6076 68.7858 68.6192 53.6503 52.3236 34.4304 65.6341 84.2674 89.4399 64.8526 71.1773 62.2691 52.5896 79.4069 75.7021 53.8553 79.9447 68.5315 73.4982 63.3766 48.3516 82.7068 65.5462 51.4286 74.3114 77.6471 73.9033 80.8889 43.3204 85.6102 78.6571 77.2586 70.1639 70.1164 72.9463 57.3013 72 74.7324 76.9899 70.3196 74.5205 82.0265 84.9257 84.4172 59.542 81.0938 65.5484 61.3861 85.41 73.4149 79.4969 84.8085 71.9171 68.7007 57.3071 73.0455 74.8538 82.2892 78.118 52.007 77.193 58.3784 75.8763 76.8508 55.2764 86.8327 79.4224 74.5247 55.2413 70.9141 77.4366 69.8777 67.3114 65.7005 69.1552 73.1809 76.678 64.4574 74.2407 65.1026 66.5994 87.0734 81.9359 79.5897 59.6249 78.6555 79.1582 83.9271 82.0513 57.9473 76.1035 64.8475 73.3119 79.8419 77.2816 64.7202 77.3639 62.4561 73.9195 82.7586 67.5241 64.3599 71.4154 70.5302 78.3826 59.9801 76.6756 80.3549 55.6575 71.4019 80.3935 73.3283 77.635 64.1975 90.2156 85.0991 82.3529 69.7436 72.4965 79.2793 28.7462 43.5852 70.1476 61.8893 56.5445 55.1351 89.1392 58.5507 79.6899 69.1415 77.0459 75.5607 74.7592 27.7512 77.8325 61.9958 76.3791 77.4071 47.7419 67.8445 66.055 59.5447 77.0459 64.5447 73.031 65.3241 64.5309 65.449 51.5206 61.3003 57.3548 76.0694 67.1614 80.3685 60.9865 76.7896 69.4648 72.4739 76.5864 79.2671 86.0792 84.1424 69.4082 68.4842 79.8535 71.0744 71.6444 66.9164 62.5337 83.9506 55.5766 59.9455 76.1905 69.7904 84.6748 71.1111 78.3936 74.4337 82.3161 82.4982 56.3459 71.2517 63.3037 68.599 60.0382 58.8017 81.3135 76.9892 77.2334 52.0286 85.4962 75.4842 53.3762 63.5659 43.5772 71.3494 55.5305 83.5063 80.4089 70.9898 74.0028 68.9788 66.2431 52.6316 80.3129 72.3206 63.5193 49.2401 66.9746 84.9252 70.3485 69.2674 79.7267 37.3429 75.8842 87.3239 68.5805 68.8959 82.0452 85.4031 86.9349 88.6598 73.7787 49.2013 77.6576 59.6811 34.7395 65.8065 84.1594 78.3626 77.2344 58.147 63.7681 72.0721 89.0585 75.6757 75.8777 74.2857 75.6757 76.4253 77.6241 69.9197 78.772 74.7145 72.753 35.0769 53.4954 69.7248 36.4372 72.4221 64.6204 72.5511 80.9057 60.9808 75.9777 70.6977 61.6567 87.9066 63.5229 81.0745 78.2007 87.0674 53.1646 73.2026 85.4573 65.7963 62.36 66.6667 49.4382 80.4469 59.7183 47.7037 73.8255 80 62.8702 75.5371 53.4296 67.3835 67.8288 68.2809 73.3212 39.8744 83.1836 71.3514 69.1808 64.7149 63.1579 79.6353 78.6182 82.9714 65.645 68.5083 58.4636 65.1558 85.7891 64.0483 69.6938 86.0286 82.7975 75.4304 74.9141 70.8479 64.7409 71.9603 73.8275 58.4022 85.3958 66.2139 80.1431 77.4451 71.2258 67.2158 64.3506 69.6123 64.5465 62.069 67.686 61.0282 82.3349 80.5989 68.1948 61.7265 77.0519 46.7986 74.5549 51.756 72.8522 58.779 75.0234 84.6881 23.0631 77.2608 76.1582 78.5563 65.1357 81.4264 51.2821 74.9411 84.9558 77.9636 17.341 68.9938 86.8404 75.1247 77.6471 77.9562 31.8367 73.1353 78.0014 53.8922 72.8735 85.1977 39.8977 25.9319 76.3251 56.241 70.4981 71.4042 62.7451 75.1131 65.3486 74.9499 73.5562 75.3442 70.9565 79.163 70.1422 42.3398 70.0587 63.6605 75.8422 69.9355 82.5593 71.0834 42.654 69.7963 73.2824 56.2759 72.5762 50.6475 54.9708 81.8588 89.1294 59.8425 74.0406 78.6042 82.658 74.5006 59.0962 75.6368 63.0113 70.8688 71.8002 53.8336 59.8396 61.2813 78.1411 71.4906 69.2607 68.9599 76.7003 48.8169 61.4653 71.2223 63.0986 80.8511 48.6822 55.7576 71.9424 47.3588 79.0091 89.1326 76.5217 60.0858 71.0817 84.427 63.7824 65.6461 74.3692 71.1316 60.5598 61.6188 80.9239 67.8414 65.8711 77.377 47.1822 63.4699 70.7587 72.2261 76.1905 75.6598 77.3784 87.9177 80.4947 54.8315 68.7065 66.1578 81.6925 76.2969 78.2441 60.3015 56.5941 40.7002 82.3392 61.4925 56.6634 69.6689 77.6053 73.1747 57.2549 74.8299 60.3279 82.9554 76.7613 28.7059 36.4602 68.6391 71.2142 69.1589 82.5789 78.0723 72.2455 70.2576 89.181 79.6353 74.4268 86.6756 85.7971 65.6478 37.2712 52.6027 74.9245 72.1733 61.8982 75.16 61.3409 69.1154 86.1525 84.9611 65.3521 76.48 73.1235 66.2983 74.1722 65.6922 75.9167 65.8579 52.277 85.4237 65.2038 77.053 78.4838 73.8786 39.6256 81.0368 65.0718 60.3774 60.5657 76.6467 78.6325 64.3952 44.4444 70.801 47.6876 79.0191 78.9784 78.1137 67.6226 83.5537 73.7044 62.8781 72.7105 63.3663 61.116 59.1894 64.9248 61.2476 77.8495 78.9916 57.9627 73.8025 79.0819 57.7878 66.9145 84.727 81.8898 62.3256 55.3846 74.0214 79.5586 76.0398 74.7814 71.746 71.8816 42.3034 66.1333 81.7877 64.9886 73.1583 76.494 70.6271 76.808 84.1855 80.4208 87.5576 50.7937 72.4051 50.0528 81.6936 85.12 78.1955 72.2022 86.7397 51.6613 69.6742 68.0412 63.0807 76.298 78.7456 63.8298 67.3049 67.2593 74.1573 77.1355 75.453 42.1477 77.6915 69.6907 70.2079 64.3804 79.2677 73.6976 67.2176 70.9677 54.7818 66.9164 64.7134 62.8399 79.3792 50.3207 70.8601 53.5634 76.203 81.9802 70.1107 74.9136 81.8428 86.8465 56.338 65.7382 76.7286 53.2688 74.1201 62.7968 60.5505 82.461 62.9866 68.2563 69.9964 25.7496 57.4209 67.1803 89.8523 74.3403 69.0391 51.2821 40 70.6983 82.7048 79.9358 56.9201 43.4646 82.0741 79.5181 76.783 43.9337 83.038 80.5315 84.8042 71.6563 59.9729 59.1276 56.2771 61.4493 76.6249 45.8204 70.4524 82.7458 57.9926 59.4679 52.1151 60.4462 79.2793 88.9008 74.9206 63.0255 70.4961 61.0543 63.7874 81.1468 71.6253 66.2607 65.4445 74.4615 62.9834 75.3805 71.0779 69.434 67.063 77.3946 71.785 39.7229 65.8436 83.7593 84.452 81.2561 91.1805 88.2872 39.5147 66.0082 76.9386 37.1747 71.8466 72.9805 76.3636 69.4418 69.3671 65.8035 22.6721 36.0839 56.9038 32.2652 82.3799 79.1345 70.805 54.1823 45.4795 82.1333 69.8795 42.7746 72.5869 61.1168 17.4497 66.4756 75.9382 62.8088 46.2576 77.7011 48.4988 46.5753 53.324 69.0964 72.1443 73.3219 83.3042 81.8505 66.0194 82.735 64.8829 84.7141 62.5113 62.5116 62.7451 82.8968 70.0125 88.189 57.6541 73.4034 88.0538 59.9483 76.298 61.3861 72.2513 81.8596 58.2798 81.6421 74.6206 34.3367 63.9526 63.9517 87.5632 80.5873 77.3601 51.6257 68.7783 79.0772 73.4027 69.5779 73.4359 77.3263 79.7203 49.2244 72.381 75.3388 77.193 75.6923 59.7015 59.97 78.4893 74.3338 10.219 75.0357 31.8766 57.0597 79.4055 78.147 77.2334 77.9406 74.5763 82.9867 73.5615 70.6609 63.5494 80.6368 65.7944 53.7374 84.0065 59.335 65.1463 61.6302 75.1982 67.8387 68.3004 74.3961 87.8394 61.3139 71.8663 64 38.61 37.4532 76.6917 75.8023 80.6134 84.4296 53.4983 73.8739 72.2955 65.4344 79.7858 72.1038 79.3628 57.8073 76.0736 67.967 76.5714 54.1612 58.9235 60.8158 69.0119 65.005 47.6768 80.9793 57.4315 56.338 58.9878 61.7997 84.0203 73.6842 61.082 50.6163 80.8791 81.5672 85.3731 74.5228 43.0279 55.082 75.6627 59.8291 76.1677 47.7487 70.1273 56.6735 66.9056 75.9124 73.1302 71.2182 67.4236 80.8671 63.4812 76.5877 80.4163 68.98 78.9542 59.1716 78.1794 63.4016 63.553 58.7654 67.2746 71.3551 88.3524 92.8278 65.4359 71.5655 70.5351 75.6856 67.3621 54.3775 73.3189 78.2133 58.7202 76.0099 56.0951 62.3094 61.442 63.2302 68.3077 68.2667 57.899 76.2547 50.5689 78.4577 57.2308 66.8927 71.2074 81.471 74.956 54.4884 79.2368 78.9863 64.4518 65.5522 80.0173 75.3036 63.0657 63.3279 59.8802 61.9195 64.716 62.3274 74.0299 71.4524 66.3291 56.0203 85.9827 81.4008 73.0646 74.5528 74.0004 70.2475 77.4529 48.0895 50.6931 57.1949 58.2677 61.8938 59.6808 74.4526 67.0623 80.8973 60.184 52.071 75.8886 56.5382 63.815 30.5618 62.2967 68.0578 61.4824 42.5027 13.8196 32.526 47.7752 68.6922 68.0539 77.5904 84.0175 86.6511 73.3119 65.5684 82.4828 74.7581 61.5195 74.0811 77.1384 77.0957 56.6535 49.7959 82.1132 60.4106 69.2153 62.9948 77.9303 84.53 67.3376 55.2684 70.2762 77.6177 43.9276 76.9231 75.8397 76.3303 45.8716 72.2738 58.2666 52.1303 68.7117 74.8835 61.3459 69.936 79.4472 55.5305 63.3708 47.8964 81.9876 63.1884 80 81.581 71.9665 72.9473 45.8472 54.7069 64.8649 73.6337 58.0684 47.9062 82.0144 39.517 73.8002 55.1378 77.412 74.281 76.4171 72.2363 74.2004 62.9565 59.3186 57.5481 54.3438 73.8326 65.4206 78.1065 9.92556 78.5566 79.7093 72.1504 80.8838 67.9554 68.7719 73.7819 63.1229 76.4189 68.5057 65.5332 64.7399 50.171 66.3689 65.8847 79.3873 71.6735 28.3619 81.1955 80.378 79.5895 66.6221 86.4516 81.9028 80.6324 58.4094 67.7124 54.0146 74.7138 55.1181 74.5878 69.719 41.5094 78.0488 67.4487 58.616 58.858 69.4726 59.1921 65.1685 61.2414 72.7273 38.0306 77.3925 74.9091 81.5402 70.9318 73.5346 80.7326 77.5546 50.3294 69.4543 54.902 70.2646 59.867 81.0541 82.2365 64.005 72.5987 73.5371 44.7761 67.5477 38.6059 59.0476 69.1226 62.9178 56.6535 56.2613 60.7373 68.1175 78.1609 78.5539 81.3187 88.9069 29.1391 77.1139 46.4534 66.0529 65.8385 72.1649 68.8222 63.4526 68.942 67.3241 69.8027 49.6533 70.1826 74.2118 52.3169 75.5579 55.082 70.4259 68.603 64.8012 83.3575 76.7523 79.3002 68.9266 63.5789 70.0946 50.5967 65.742 51.5847 74.0775 71.7797 62.659 66.9315 65.5518 64.1115 81.4175 66.6667 75.2208 76.5049 59.5469 44.4444 62.0379 68.5762 81.5735 79.0114 68.3897 66.5557 81.1463 64.7666 74.1573 78.2931 36.4061 69.0451 63.385 78.0669 64.4139 76.0331 55.9297 75.8621 43.6911 68.5879 69.1808 62.1701 35.3623 78.4705 76.7191 73.6243 44.7257 88.0047 60.0302 78.9873 64.1638 75.3488 66.4184 75.7684 75.0911 72.4187 82.3017 77.0889 57.3594 46.505 80.7897 79.8174 43.6903 56.0706 32.1649 84.364 66.6667 71.8367 58.8131 72.9045 81.742 68.7609 68.1115 76.3557 39.1931 46.5116 65.2353 68.0529 50.5747 76.4608 75.2533 64.0328 70.5716 86.8048 80.8203 64.5341 90.1527 55.9014 72.7273 67.9928 78.9777 37.831 77.4256 50.727 64.7764 51.7185 78.1503 75.2373 46.3074 80.2589 80.6318 83.7901 59.2941 49.4624 64.8402 65.5422 69.7238 60.4782 67.2245 47.5676 73.2743 78.816 63.9594 78.5096 38.1985 43.6472 72.2411 84.2899 64.3478 85.2764 52.7018 65.9733 44.4444 77.6388 48.6639 83.0694 60.589 60.1709 68.937 33.145 61.8182 72.5136 65.4815 75.1417 69.8873 29.877 69.7214 81.7021 67.9139 76.3096 68.9376 77.0252 76.3942 51.9629 84.2801 73.4442 62.0616 55.4509 72.7694 68.8047 78.7879 53.8622 85.5474 75.9882 65.4331 46.1258 84.1622 37.9216 67.2748 51.2262 54.1555 59.1961 65.9686 82.4703 72.1311 58.9235 40.9496 82.2501 64.4809 66.5809 32.5581 66.4011 33.4572 50.6394 55.6446 62.7876 52.4535 81.7755 69.258 86.4865 67.7036 78.2609 62.3477 86.8526 71.2299 79.0123 47.7016 80 72.9975 50.2934 68.4636 63.8743 74.5247 51.4806 40.3053 71.7949 78.1286 66.2175 31.7419 42.6593 46.5116 67.2142 71.9028 76.2099 50.9018 78.1934 55.843 55.5701 59.6364 61.3181 75.4759 61.3391 54.8673 73.8739 72.3066 69.383 49.7217 39.801 55.7746 ]
LOG (nnet-train-frmshuff[5.5.208~1-b0fc0]:main():nnet-train-frmshuff.cc:406) AvgLoss: 0.873945 (Xent), [AvgXent: 0.873945, AvgTargetEnt: 0]
progress: []
FRAME_ACCURACY >> 73.7248% <<
