asr1
nnet-train-frmshuff --cross-validate=false --randomize=true --verbose=0 --minibatch-size=256 --randomizer-size=32768 --randomizer-seed=777 --learn-rate=1.5625e-05 --momentum=0 --l1-penalty=0 --l2-penalty=0 --feature-transform=exp/dnn4_pretrain-dbn_dnn/final.feature_transform 'ark:copy-feats scp:exp/dnn4_pretrain-dbn_dnn/train.scp ark:- |' 'ark:ali-to-pdf exp/tri3_ali/final.mdl "ark:gunzip -c exp/tri3_ali/ali.*.gz |" ark:- | ali-to-post ark:- ark:- |' exp/dnn4_pretrain-dbn_dnn/nnet/nnet_dbn_dnn_iter12_learnrate3.125e-05_tr0.8363_cv1.4678 exp/dnn4_pretrain-dbn_dnn/nnet/nnet_dbn_dnn_iter13 
WARNING (nnet-train-frmshuff[5.5.208~1-b0fc0]:SelectGpuId():cu-device.cc:203) Not in compute-exclusive mode.  Suggestion: use 'nvidia-smi -c 3' to set compute exclusive mode
LOG (nnet-train-frmshuff[5.5.208~1-b0fc0]:SelectGpuIdAuto():cu-device.cc:323) Selecting from 1 GPUs
LOG (nnet-train-frmshuff[5.5.208~1-b0fc0]:SelectGpuIdAuto():cu-device.cc:338) cudaSetDevice(0): Tesla K80	free:11354M, used:87M, total:11441M, free/total:0.992379
LOG (nnet-train-frmshuff[5.5.208~1-b0fc0]:SelectGpuIdAuto():cu-device.cc:385) Trying to select device: 0 (automatically), mem_ratio: 0.992379
LOG (nnet-train-frmshuff[5.5.208~1-b0fc0]:SelectGpuIdAuto():cu-device.cc:404) Success selecting device 0 free mem ratio: 0.992379
LOG (nnet-train-frmshuff[5.5.208~1-b0fc0]:FinalizeActiveGpu():cu-device.cc:258) The active GPU is [0]: Tesla K80	free:11306M, used:135M, total:11441M, free/total:0.988184 version 3.7
copy-feats scp:exp/dnn4_pretrain-dbn_dnn/train.scp ark:- 
LOG (nnet-train-frmshuff[5.5.208~1-b0fc0]:Init():nnet-randomizer.cc:32) Seeding by srand with : 777
LOG (nnet-train-frmshuff[5.5.208~1-b0fc0]:main():nnet-train-frmshuff.cc:163) TRAINING STARTED
ali-to-post ark:- ark:- 
ali-to-pdf exp/tri3_ali/final.mdl 'ark:gunzip -c exp/tri3_ali/ali.*.gz |' ark:- 
LOG (nnet-train-frmshuff[5.5.208~1-b0fc0]:main():nnet-train-frmshuff.cc:354) ### After 0 frames,
LOG (nnet-train-frmshuff[5.5.208~1-b0fc0]:main():nnet-train-frmshuff.cc:355) 
### FORWARD PROPAGATION BUFFER CONTENT :
[0] output of <Input>  ( min -6.72478, max 7.17793, mean 0.0128911, stddev 0.992444, skewness 0.0369906, kurtosis 2.03957 ) 
[1] output of <AffineTransform> ( min -40.0625, max 32.9414, mean -3.52574, stddev 5.05335, skewness 0.110173, kurtosis 1.56396 ) 
[2] output of <Sigmoid> ( min 3.99107e-18, max 1, mean 0.22985, stddev 0.3433, skewness 1.31678, kurtosis 0.128083 ) 
[3] output of <AffineTransform> ( min -28.31, max 19.6584, mean -4.00676, stddev 3.15538, skewness -0.11169, kurtosis 1.80501 ) 
[4] output of <Sigmoid> ( min 5.07145e-13, max 1, mean 0.119896, stddev 0.222655, skewness 2.45254, kurtosis 5.32906 ) 
[5] output of <AffineTransform> ( min -14.0017, max 12.0344, mean -3.04781, stddev 2.10623, skewness 0.511307, kurtosis 1.99108 ) 
[6] output of <Sigmoid> ( min 8.30128e-07, max 0.999994, mean 0.12502, stddev 0.202131, skewness 2.53066, kurtosis 6.18141 ) 
[7] output of <AffineTransform> ( min -18.3578, max 14.0336, mean -1.81136, stddev 2.0642, skewness 0.207527, kurtosis 2.50681 ) 
[8] output of <Sigmoid> ( min 1.06487e-08, max 0.999999, mean 0.233675, stddev 0.254019, skewness 1.42493, kurtosis 1.12729 ) 
[9] output of <AffineTransform> ( min -16.6772, max 16.9216, mean -1.91642, stddev 2.88071, skewness 0.813205, kurtosis 1.6616 ) 
[10] output of <Sigmoid> ( min 5.71709e-08, max 1, mean 0.254689, stddev 0.31509, skewness 1.2241, kurtosis 0.101388 ) 
[11] output of <AffineTransform> ( min -31.5672, max 22.1313, mean -4.08307, stddev 4.16874, skewness 0.497297, kurtosis 1.78733 ) 
[12] output of <Sigmoid> ( min 1.95223e-14, max 1, mean 0.157658, stddev 0.304031, skewness 1.93753, kurtosis 2.19015 ) 
[13] output of <AffineTransform> ( min -15.9434, max 24.6857, mean -0.0136222, stddev 4.11056, skewness 0.534543, kurtosis 0.812065 ) 
[14] output of <Softmax> ( min 6.45506e-18, max 0.998428, mean 0.000514289, stddev 0.0168114, skewness 45.5998, kurtosis 2274.98 ) 
### END FORWARD
LOG (nnet-train-frmshuff[5.5.208~1-b0fc0]:main():nnet-train-frmshuff.cc:357) 
### BACKWARD PROPAGATION BUFFER CONTENT :
[0] diff of <Input>  ( min -1.62882, max 1.63324, mean 0.00106618, stddev 0.0654311, skewness 0.566166, kurtosis 42.6871 ) 
[1] diff-output of <AffineTransform> ( min -0.535987, max 0.410789, mean 1.86466e-05, stddev 0.00934267, skewness -0.411319, kurtosis 140.145 ) 
[2] diff-output of <Sigmoid> ( min -2.28842, max 2.75091, mean -0.000102983, stddev 0.0879496, skewness 0.354897, kurtosis 25.2392 ) 
[3] diff-output of <AffineTransform> ( min -0.35302, max 0.336756, mean 4.92689e-05, stddev 0.0117207, skewness 0.241446, kurtosis 87.8154 ) 
[4] diff-output of <Sigmoid> ( min -2.51455, max 2.24764, mean 0.000191101, stddev 0.116295, skewness -0.0142033, kurtosis 19.3983 ) 
[5] diff-output of <AffineTransform> ( min -0.670157, max 0.56476, mean 6.24449e-05, stddev 0.0129116, skewness 0.0410358, kurtosis 112.587 ) 
[6] diff-output of <Sigmoid> ( min -2.68778, max 2.46086, mean 0.000700406, stddev 0.110545, skewness -0.00692471, kurtosis 16.9816 ) 
[7] diff-output of <AffineTransform> ( min -0.340661, max 0.199705, mean 2.4472e-05, stddev 0.010669, skewness -0.270602, kurtosis 36.9391 ) 
[8] diff-output of <Sigmoid> ( min -1.41256, max 1.06895, mean 0.000244956, stddev 0.069707, skewness -0.103048, kurtosis 13.1048 ) 
[9] diff-output of <AffineTransform> ( min -0.16535, max 0.179587, mean 2.03122e-05, stddev 0.00722522, skewness -0.0333551, kurtosis 35.6631 ) 
[10] diff-output of <Sigmoid> ( min -0.880869, max 0.88481, mean 0.000200695, stddev 0.0532546, skewness -0.0897459, kurtosis 11.6709 ) 
[11] diff-output of <AffineTransform> ( min -0.242138, max 0.223864, mean 1.24965e-05, stddev 0.00816235, skewness -0.0818049, kurtosis 56.7458 ) 
[12] diff-output of <Sigmoid> ( min -1.32067, max 1.38902, mean -0.000189156, stddev 0.0878629, skewness -0.159673, kurtosis 7.94803 ) 
[13] diff-output of <AffineTransform> ( min -0.99989, max 0.984245, mean -3.31339e-10, stddev 0.0147047, skewness -29.9078, kurtosis 2633.93 ) 
[14] diff-output of <Softmax> ( min -0.99989, max 0.984245, mean -3.31339e-10, stddev 0.0147047, skewness -29.9078, kurtosis 2633.93 ) 
### END BACKWARD
LOG (nnet-train-frmshuff[5.5.208~1-b0fc0]:main():nnet-train-frmshuff.cc:358) 
### GRADIENT STATS :
Component 1 : <AffineTransform>, 
  linearity_grad ( min -1.79182, max 1.90368, mean 0.000309062, stddev 0.146373, skewness -0.0265889, kurtosis 3.40561 ) , lr-coef 1, max-norm 0
  bias_grad ( min -0.635412, max 0.543635, mean 0.00477359, stddev 0.146368, skewness 0.00381909, kurtosis 0.814476 ) , lr-coef 1
Component 2 : <Sigmoid>, 
Component 3 : <AffineTransform>, 
  linearity_grad ( min -0.804481, max 0.906715, mean 0.00270686, stddev 0.0769366, skewness 0.13622, kurtosis 3.95275 ) , lr-coef 1, max-norm 0
  bias_grad ( min -0.665355, max 0.90223, mean 0.0126127, stddev 0.181272, skewness 0.120625, kurtosis 1.15847 ) , lr-coef 1
Component 4 : <Sigmoid>, 
Component 5 : <AffineTransform>, 
  linearity_grad ( min -0.713985, max 1.0874, mean 0.00180108, stddev 0.0528722, skewness 0.242921, kurtosis 10.01 ) , lr-coef 1, max-norm 0
  bias_grad ( min -0.764436, max 1.07421, mean 0.0159858, stddev 0.212302, skewness 0.242491, kurtosis 1.99168 ) , lr-coef 1
Component 6 : <Sigmoid>, 
Component 7 : <AffineTransform>, 
  linearity_grad ( min -0.566016, max 0.710291, mean 0.00065843, stddev 0.0415805, skewness -0.0171586, kurtosis 6.71954 ) , lr-coef 1, max-norm 0
  bias_grad ( min -0.66236, max 0.906437, mean 0.00626488, stddev 0.179658, skewness 0.0908875, kurtosis 1.32401 ) , lr-coef 1
Component 8 : <Sigmoid>, 
Component 9 : <AffineTransform>, 
  linearity_grad ( min -0.331957, max 0.322864, mean 0.00104577, stddev 0.0403437, skewness 0.00965193, kurtosis 1.89636 ) , lr-coef 1, max-norm 0
  bias_grad ( min -0.351685, max 0.331454, mean 0.00519998, stddev 0.1149, skewness 0.0127192, kurtosis 0.108604 ) , lr-coef 1
Component 10 : <Sigmoid>, 
Component 11 : <AffineTransform>, 
  linearity_grad ( min -0.689491, max 0.388146, mean 0.000916905, stddev 0.053607, skewness -0.0659564, kurtosis 3.08412 ) , lr-coef 1, max-norm 0
  bias_grad ( min -0.749515, max 0.453635, mean 0.00319913, stddev 0.130693, skewness -0.187074, kurtosis 1.43772 ) , lr-coef 1
Component 12 : <Sigmoid>, 
Component 13 : <AffineTransform>, 
  linearity_grad ( min -2.06526, max 1.4079, mean -1.22663e-06, stddev 0.0829814, skewness -5.45837, kurtosis 95.7967 ) , lr-coef 1, max-norm 0
  bias_grad ( min -1.92323, max 1.32575, mean -5.54194e-09, stddev 0.236596, skewness -2.34213, kurtosis 14.9594 ) , lr-coef 1
Component 14 : <Softmax>, 
### END GRADIENT
LOG (ali-to-pdf[5.5.208~1-b0fc0]:main():ali-to-pdf.cc:68) Converted 3696 alignments to pdf sequences.
LOG (ali-to-post[5.5.208~1-b0fc0]:main():ali-to-post.cc:73) Converted 3696 alignments.
LOG (copy-feats[5.5.208~1-b0fc0]:main():copy-feats.cc:143) Copied 3328 feature matrices.
LOG (nnet-train-frmshuff[5.5.208~1-b0fc0]:main():nnet-train-frmshuff.cc:384) ### After 1012992 frames,
LOG (nnet-train-frmshuff[5.5.208~1-b0fc0]:main():nnet-train-frmshuff.cc:385) 
### FORWARD PROPAGATION BUFFER CONTENT :
[0] output of <Input>  ( min -6.56583, max 6.93215, mean -0.0027099, stddev 0.995076, skewness 0.0695578, kurtosis 2.02742 ) 
[1] output of <AffineTransform> ( min -44.6374, max 27.5964, mean -3.53645, stddev 5.04629, skewness 0.118546, kurtosis 1.5579 ) 
[2] output of <Sigmoid> ( min 4.11354e-20, max 1, mean 0.229989, stddev 0.34351, skewness 1.3131, kurtosis 0.116962 ) 
[3] output of <AffineTransform> ( min -28.3552, max 17.5428, mean -4.00608, stddev 3.16756, skewness -0.104588, kurtosis 1.7781 ) 
[4] output of <Sigmoid> ( min 4.84742e-13, max 1, mean 0.120475, stddev 0.224166, skewness 2.4514, kurtosis 5.30564 ) 
[5] output of <AffineTransform> ( min -14.8992, max 12.3317, mean -3.04953, stddev 2.12659, skewness 0.491491, kurtosis 1.92584 ) 
[6] output of <Sigmoid> ( min 3.3835e-07, max 0.999996, mean 0.12598, stddev 0.20328, skewness 2.51413, kurtosis 6.0868 ) 
[7] output of <AffineTransform> ( min -20.0795, max 13.6285, mean -1.80857, stddev 2.07819, skewness 0.188415, kurtosis 2.52567 ) 
[8] output of <Sigmoid> ( min 1.90357e-09, max 0.999999, mean 0.234617, stddev 0.254684, skewness 1.41694, kurtosis 1.10233 ) 
[9] output of <AffineTransform> ( min -15.8912, max 15.2731, mean -1.9103, stddev 2.88913, skewness 0.806187, kurtosis 1.65361 ) 
[10] output of <Sigmoid> ( min 1.25475e-07, max 1, mean 0.255982, stddev 0.315334, skewness 1.21298, kurtosis 0.0760605 ) 
[11] output of <AffineTransform> ( min -31.1534, max 20.5232, mean -4.07797, stddev 4.16049, skewness 0.494373, kurtosis 1.7759 ) 
[12] output of <Sigmoid> ( min 2.95303e-14, max 1, mean 0.157788, stddev 0.30396, skewness 1.93681, kurtosis 2.19002 ) 
[13] output of <AffineTransform> ( min -16.5688, max 23.8556, mean -0.0140606, stddev 4.07861, skewness 0.552771, kurtosis 0.839459 ) 
[14] output of <Softmax> ( min 7.71552e-17, max 0.998572, mean 0.000514296, stddev 0.0169956, skewness 45.5775, kurtosis 2257.4 ) 
### END FORWARD
LOG (nnet-train-frmshuff[5.5.208~1-b0fc0]:main():nnet-train-frmshuff.cc:387) 
### BACKWARD PROPAGATION BUFFER CONTENT :
[0] diff of <Input>  ( min -2.06714, max 1.95638, mean -0.000383711, stddev 0.0614949, skewness -0.32461, kurtosis 57.0251 ) 
[1] diff-output of <AffineTransform> ( min -0.313337, max 0.309882, mean 9.88363e-06, stddev 0.00864863, skewness -0.0829603, kurtosis 79.9516 ) 
[2] diff-output of <Sigmoid> ( min -3.35883, max 1.80923, mean 0.000295957, stddev 0.0819794, skewness -0.382004, kurtosis 28.6517 ) 
[3] diff-output of <AffineTransform> ( min -0.547194, max 0.402138, mean -2.38974e-05, stddev 0.0109934, skewness -0.407304, kurtosis 118.792 ) 
[4] diff-output of <Sigmoid> ( min -2.40578, max 2.10421, mean -7.71041e-05, stddev 0.109125, skewness -0.0856905, kurtosis 18.1816 ) 
[5] diff-output of <AffineTransform> ( min -0.572133, max 0.441072, mean -3.17264e-05, stddev 0.0121334, skewness -0.505786, kurtosis 98.461 ) 
[6] diff-output of <Sigmoid> ( min -2.31355, max 1.81675, mean -0.000516411, stddev 0.103097, skewness -0.18238, kurtosis 15.5946 ) 
[7] diff-output of <AffineTransform> ( min -0.274833, max 0.306121, mean -4.2138e-05, stddev 0.00988108, skewness -0.0608015, kurtosis 42.8076 ) 
[8] diff-output of <Sigmoid> ( min -1.10937, max 1.25163, mean -0.000158938, stddev 0.0642432, skewness 0.0173454, kurtosis 16.071 ) 
[9] diff-output of <AffineTransform> ( min -0.143314, max 0.165642, mean -2.23207e-05, stddev 0.00665592, skewness -0.0573585, kurtosis 38.1802 ) 
[10] diff-output of <Sigmoid> ( min -0.801023, max 0.952678, mean -0.000240867, stddev 0.0497873, skewness -0.0853404, kurtosis 16.0294 ) 
[11] diff-output of <AffineTransform> ( min -0.270679, max 0.469299, mean 1.05896e-05, stddev 0.0075946, skewness 1.31034, kurtosis 146.748 ) 
[12] diff-output of <Sigmoid> ( min -1.36582, max 3.05661, mean 0.000422238, stddev 0.0811895, skewness 0.199538, kurtosis 20.5607 ) 
[13] diff-output of <AffineTransform> ( min -0.999377, max 0.947229, mean -3.14552e-10, stddev 0.0133148, skewness -33.0334, kurtosis 3014.57 ) 
[14] diff-output of <Softmax> ( min -0.999377, max 0.947229, mean -3.14552e-10, stddev 0.0133148, skewness -33.0334, kurtosis 3014.57 ) 
### END BACKWARD
LOG (nnet-train-frmshuff[5.5.208~1-b0fc0]:main():nnet-train-frmshuff.cc:388) 
### GRADIENT STATS :
Component 1 : <AffineTransform>, 
  linearity_grad ( min -1.13704, max 1.73215, mean 0.00148389, stddev 0.133376, skewness 0.0570846, kurtosis 2.14592 ) , lr-coef 1, max-norm 0
  bias_grad ( min -0.568484, max 0.432189, mean 0.00253018, stddev 0.143973, skewness -0.0860676, kurtosis 0.544478 ) , lr-coef 1
Component 2 : <Sigmoid>, 
Component 3 : <AffineTransform>, 
  linearity_grad ( min -0.84687, max 0.880959, mean -0.00103123, stddev 0.0741523, skewness -0.0526234, kurtosis 4.7619 ) , lr-coef 1, max-norm 0
  bias_grad ( min -0.878783, max 0.72245, mean -0.00611769, stddev 0.187262, skewness -0.0974616, kurtosis 1.30748 ) , lr-coef 1
Component 4 : <Sigmoid>, 
Component 5 : <AffineTransform>, 
  linearity_grad ( min -1.47406, max 0.749487, mean -0.000749355, stddev 0.0498437, skewness -0.435327, kurtosis 12.8362 ) , lr-coef 1, max-norm 0
  bias_grad ( min -1.55384, max 0.694667, mean -0.00812191, stddev 0.202871, skewness -0.505787, kurtosis 3.86209 ) , lr-coef 1
Component 6 : <Sigmoid>, 
Component 7 : <AffineTransform>, 
  linearity_grad ( min -0.686201, max 0.716566, mean -0.00132027, stddev 0.0384741, skewness -0.141453, kurtosis 8.35814 ) , lr-coef 1, max-norm 0
  bias_grad ( min -0.680702, max 0.807499, mean -0.0107873, stddev 0.164703, skewness -0.0376376, kurtosis 1.29101 ) , lr-coef 1
Component 8 : <Sigmoid>, 
Component 9 : <AffineTransform>, 
  linearity_grad ( min -0.424988, max 0.318883, mean -0.00126694, stddev 0.0373861, skewness -0.067474, kurtosis 2.40927 ) , lr-coef 1, max-norm 0
  bias_grad ( min -0.457927, max 0.430955, mean -0.00571424, stddev 0.109268, skewness -0.102256, kurtosis 0.650713 ) , lr-coef 1
Component 10 : <Sigmoid>, 
Component 11 : <AffineTransform>, 
  linearity_grad ( min -0.689014, max 0.759442, mean 0.000456044, stddev 0.0501982, skewness 0.21318, kurtosis 6.19042 ) , lr-coef 1, max-norm 0
  bias_grad ( min -0.641815, max 0.937091, mean 0.00271095, stddev 0.131529, skewness 0.311964, kurtosis 3.84752 ) , lr-coef 1
Component 12 : <Sigmoid>, 
Component 13 : <AffineTransform>, 
  linearity_grad ( min -2.21323, max 1.95649, mean -1.01735e-06, stddev 0.074417, skewness -5.37709, kurtosis 95.2003 ) , lr-coef 1, max-norm 0
  bias_grad ( min -2.16785, max 1.82485, mean -4.12771e-09, stddev 0.221049, skewness -1.918, kurtosis 17.2063 ) , lr-coef 1
Component 14 : <Softmax>, 
### END GRADIENT
LOG (nnet-train-frmshuff[5.5.208~1-b0fc0]:main():nnet-train-frmshuff.cc:395) Done 3328 files, 0 with no tgt_mats, 0 with other errors. [TRAINING, RANDOMIZED, 0.772683 min, processing 21850.1 frames per sec; i/o time 1.38088%]
LOG (nnet-train-frmshuff[5.5.208~1-b0fc0]:main():nnet-train-frmshuff.cc:405) PER-CLASS PERFORMANCE:
@@@ Frames per-class: [ 37080 201 849 370 242 224 170 604 201 2387 860 113 1279 306 573 218 250 276 447 388 585 508 262 719 442 610 266 352 240 194 309 1010 146 205 1494 616 1928 1060 395 564 106 221 121 377 621 452 159 417 3018 14358 2440 67 2576 377 618 53041 228 599 743 206 703 419 100 468 590 3124 645 1707 410 1507 283 352 1382 305 628 1061 385 518 387 352 1960 293 729 379 466 219 396 723 252 276 433 775 618 584 282 382 554 416 256 434 941 277 632 356 763 712 319 322 995 1054 366 635 329 299 181 416 143 255 275 91 453 555 952 1560 241 136 303 333 2364 1073 317 557 405 613 352 704 224 234 169 751 323 154 480 1134 175 643 255 200 344 238 92 621 751 497 392 664 272 310 260 206 247 534 439 178 427 585 317 488 249 358 247 1524 1979 309 282 660 260 542 435 456 563 356 1095 961 777 455 103 496 175 179 325 506 812 780 148 182 262 543 535 481 372 228 603 549 388 415 318 325 351 594 631 139 453 293 299 266 334 214 238 478 253 187 335 411 189 1043 349 238 143 607 96 362 377 199 178 261 419 536 366 176 155 148 125 66 253 877 512 246 308 243 307 587 255 368 313 1520 444 228 231 952 359 566 540 997 443 181 410 157 420 954 113 217 357 209 2187 439 977 241 386 615 120 701 403 437 559 284 1101 251 213 583 287 395 86 394 300 413 406 298 133 112 527 446 1443 515 309 217 311 837 366 237 580 415 175 122 654 406 282 335 425 277 219 487 183 150 502 587 144 536 71 130 247 374 64 113 127 733 379 206 503 234 352 175 253 918 1301 326 289 325 282 325 231 365 410 373 1032 339 472 137 460 678 195 180 427 186 563 1347 472 221 346 294 355 569 225 313 285 271 227 290 830 101 133 286 213 442 820 176 347 231 473 268 110 279 176 215 134 356 339 496 475 336 1140 81 125 637 389 417 369 282 300 689 215 319 129 885 475 398 94 349 585 116 436 823 840 503 253 445 247 272 226 288 493 423 192 2747 1305 386 474 138 224 547 415 708 161 113 1629 321 603 281 176 202 91 286 250 232 85 160 351 471 388 532 823 291 273 285 398 212 480 328 173 150 632 118 177 739 292 155 229 206 759 190 245 426 212 161 693 246 1187 340 1368 98 347 206 291 799 445 355 799 335 502 336 465 162 1562 813 1513 481 613 408 354 341 349 78 113 360 237 206 290 147 894 492 161 226 1307 221 125 818 97 102 60 280 181 447 339 205 312 235 153 685 319 971 501 681 480 330 246 64 158 197 118 163 150 174 157 521 202 281 106 282 62 385 369 464 422 1525 262 638 408 313 468 159 432 329 407 369 171 310 150 361 186 205 440 279 595 1023 303 419 135 287 513 1132 358 383 403 163 468 1196 496 108 162 769 1112 299 293 66 228 737 415 235 283 863 344 266 477 253 401 1176 249 299 84 908 659 258 345 430 169 203 147 236 535 182 83 211 105 269 533 101 460 139 408 255 669 427 290 632 973 239 570 543 183 568 288 167 478 1683 516 1955 536 786 358 294 290 197 516 740 544 220 369 189 125 910 409 421 361 71 141 192 136 332 297 437 889 212 672 112 385 274 208 160 152 386 456 270 487 1541 345 109 182 414 235 407 458 1700 387 353 469 449 397 378 482 950 1043 428 85 646 669 286 427 277 242 425 99 421 138 131 300 180 374 1349 775 517 254 721 439 769 444 170 495 483 733 487 506 297 736 1782 643 550 328 311 155 126 257 205 174 142 335 246 155 144 540 405 321 503 186 394 163 267 711 665 194 202 904 580 569 487 354 55 163 284 440 153 95 277 621 517 322 215 250 869 259 104 710 235 353 524 232 141 163 285 250 565 209 794 218 328 279 161 404 432 269 868 111 230 476 430 228 518 391 154 498 458 409 544 562 400 185 688 264 183 451 405 453 247 622 154 958 688 358 363 505 310 261 809 639 232 520 209 196 903 155 193 307 270 221 433 293 439 363 259 629 161 383 536 116 164 216 434 932 525 219 278 155 248 313 792 420 1147 1404 630 501 156 1340 658 201 387 514 85 296 156 448 277 196 277 441 157 462 324 614 809 765 306 706 162 493 272 123 208 309 464 662 234 268 537 585 599 360 409 144 274 276 229 333 191 580 256 222 268 177 337 223 272 658 721 138 139 315 206 275 318 389 277 384 324 465 164 839 437 391 271 735 176 763 165 473 454 886 319 145 430 588 201 330 181 448 294 279 250 387 303 935 554 424 246 490 301 325 801 174 654 298 429 870 270 145 1056 534 264 277 569 442 235 239 336 19 636 169 687 86 243 786 701 467 342 122 757 720 83 1181 442 195 308 141 348 391 879 127 331 480 249 164 399 287 573 527 179 255 565 519 387 484 641 105 564 196 362 180 347 85 559 1016 190 221 544 308 425 431 765 574 293 480 306 810 179 290 345 128 610 1139 401 1262 519 177 164 322 82 347 274 383 501 287 349 226 510 404 816 376 216 196 191 584 113 209 1067 381 573 586 707 136 170 236 583 889 222 359 196 1193 626 1036 99 390 228 427 167 506 377 225 609 382 514 152 683 475 212 282 253 366 374 364 207 358 213 494 164 283 371 172 752 300 182 165 738 363 1640 350 966 1108 834 177 312 206 452 226 581 504 288 801 147 159 651 448 189 320 366 731 185 300 250 58 293 814 193 486 183 254 413 662 945 260 545 540 151 564 530 631 264 697 654 348 845 958 221 403 1895 190 107 162 140 951 853 743 157 236 451 187 447 218 590 125 151 200 420 855 1193 661 197 473 401 312 332 415 2326 466 199 48 204 221 143 164 1044 337 44 579 303 372 450 242 216 641 1010 393 181 108 538 400 392 165 1127 701 389 666 758 252 135 723 184 908 35 179 1265 619 241 568 381 1251 706 335 1391 283 616 324 1049 890 140 19 112 694 384 311 256 317 337 290 329 935 197 865 753 721 368 309 115 172 438 484 519 269 134 319 295 246 943 932 157 1272 191 635 150 575 907 410 545 487 90 558 468 397 420 391 260 216 850 1271 588 509 368 849 288 607 496 134 495 179 302 528 197 656 123 357 119 452 655 323 515 400 182 187 290 259 1165 492 223 174 679 708 741 217 216 401 714 658 249 290 859 702 257 292 149 428 553 537 790 324 1195 571 251 618 891 193 221 1363 95 548 389 645 955 448 675 331 494 306 598 753 110 628 336 343 487 381 214 483 577 922 313 162 100 333 304 356 68 350 194 343 235 496 173 1330 442 937 686 809 470 1350 267 247 309 195 1008 251 1324 483 632 724 423 205 538 737 129 133 598 576 456 1345 1293 166 189 270 373 539 690 150 570 666 437 378 176 404 966 501 247 265 346 35 286 294 885 161 286 608 682 561 502 602 376 152 1037 1813 417 477 510 243 418 342 541 373 572 530 439 527 528 475 382 84 373 561 599 607 493 291 1180 1094 487 156 775 273 335 1136 230 1645 398 606 504 688 159 145 162 187 623 667 395 596 487 442 161 1060 852 796 445 473 150 837 1153 123 342 309 250 161 290 253 502 299 592 394 1330 642 781 1369 2663 949 769 536 252 274 190 1082 720 479 505 735 380 253 520 661 432 222 1014 311 411 463 260 144 213 378 408 207 1254 213 155 303 362 568 809 530 321 757 379 367 662 170 248 290 473 675 546 251 452 520 193 279 461 272 381 1022 686 199 244 3326 319 234 2279 221 667 154 1207 172 87 632 597 578 150 281 388 521 833 298 208 455 635 598 440 608 1155 592 703 287 249 493 270 567 267 84 201 720 825 425 520 672 142 215 451 625 217 323 259 438 1119 511 1142 612 204 401 899 438 747 232 483 379 383 382 1027 480 571 879 480 238 143 170 368 1024 2019 606 489 362 467 294 1081 137 441 359 281 682 572 379 705 484 472 225 1100 1010 801 848 572 301 1021 186 157 746 942 379 275 854 459 304 1424 227 617 75 443 359 434 402 242 216 321 439 760 329 360 246 618 334 963 152 833 361 339 345 720 2886 265 237 1215 209 360 457 1070 508 432 503 149 143 578 607 962 257 154 130 554 593 3139 1355 251 300 331 1210 133 269 428 476 741 672 473 665 341 420 265 173 384 170 172 601 603 263 118 854 331 197 439 322 805 699 411 353 573 185 791 350 658 547 471 226 242 994 76 1102 564 256 298 286 161 691 173 107 605 264 130 898 1036 974 708 458 414 359 949 851 500 276 606 396 1025 309 458 305 432 579 250 154 601 638 212 604 547 207 959 355 358 277 282 861 492 751 599 334 1028 2587 402 913 749 336 301 999 355 410 1952 292 484 265 247 1191 337 617 310 284 807 587 534 639 616 376 654 700 1135 1052 470 371 431 857 181 239 342 2542 594 548 653 548 438 183 559 410 477 1052 762 529 168 915 457 1165 150 376 134 195 686 369 295 957 424 166 546 310 779 878 467 364 576 177 605 596 185 95 394 219 327 19 1314 519 387 180 408 791 1069 981 249 708 560 381 412 174 446 231 169 610 691 429 269 301 177 ]
@@@ Loss per-class: [ 0.357914 0.552326 0.576894 0.82551 0.774895 0.691778 1.38275 0.649894 0.610399 0.465 0.363397 1.83347 0.600211 0.644779 1.13204 1.17689 1.23629 2.95471 0.88695 0.587499 0.657602 0.596322 0.462764 0.794215 0.932413 0.64174 0.787639 0.720116 0.906147 1.15566 0.903455 1.00202 0.818556 1.13613 0.251433 0.313233 0.377072 0.224914 0.753815 1.8203 1.20803 1.2435 1.39851 0.711272 0.563443 0.327384 0.606646 0.933525 0.684103 0.504406 0.233032 0.771948 0.391028 0.733688 0.855431 0.229403 0.895521 0.487157 0.86707 0.899751 0.770303 1.07891 1.66887 0.963271 0.637895 0.894024 0.437488 0.553987 0.676452 0.286201 0.442878 0.691631 0.372858 0.493633 0.347786 0.467797 0.709636 1.02818 1.02959 1.28306 0.794014 1.01445 0.404283 1.21112 0.676231 1.16305 0.578148 0.504091 1.30529 0.867791 0.839832 1.00302 0.443992 0.818595 0.984723 0.717583 1.01487 1.19223 0.483451 0.485804 0.613958 1.6752 0.63351 0.763636 0.52757 0.559557 1.49748 0.536345 0.975774 0.5782 0.778741 0.355178 0.878845 1.64528 0.905858 0.882453 1.50902 1.03437 0.688259 0.892876 0.550901 1.32404 1.26631 0.676605 0.801527 1.58241 1.49647 1.48523 0.528131 0.56295 0.625394 1.39242 1.07165 0.782908 0.379321 0.911817 0.353601 0.627749 1.62983 0.394542 0.957416 0.519307 0.68115 0.308122 1.26855 0.253783 0.704774 1.06468 0.942442 0.946781 0.901056 0.738123 0.895439 0.448794 0.615124 1.10564 0.715636 1.18429 1.37427 1.15847 1.62473 0.628579 1.13192 1.09284 0.695152 0.510269 0.694016 0.513464 1.17655 0.860184 0.775934 0.486118 0.971598 1.44288 1.18348 1.07558 0.766567 0.920654 0.801451 0.52335 0.626777 0.944915 0.77769 1.06843 0.683545 0.426166 1.11712 0.643947 1.00784 0.902034 0.961875 0.456653 0.461321 0.947091 1.5564 1.25034 0.547082 0.402973 0.791761 0.538239 0.570448 0.652561 1.02716 0.386754 0.524167 0.81675 0.68992 0.641242 0.811121 1.1211 0.811525 0.814041 0.839041 1.68257 0.591155 0.615168 1.32167 0.962566 1.17008 0.580222 0.640625 1.19443 0.493865 1.05928 1.25457 0.753539 1.51178 0.77256 0.799269 1.36616 0.897763 0.57431 0.302196 1.0195 0.995016 0.528009 0.575459 1.03229 0.778483 2.78262 1.16535 0.532748 0.811422 0.81602 0.864946 1.43724 1.18665 1.34133 2.00362 1.15322 0.397641 0.601102 0.549977 0.436861 1.13158 0.464192 0.442716 1.66481 0.711845 0.236047 0.81263 0.694365 0.844463 0.511392 0.525289 0.798701 1.24794 0.492712 0.395078 0.563039 1.04558 0.609977 0.940046 0.785533 0.987461 0.791915 0.457081 0.95042 0.909368 0.447645 0.935963 0.29287 0.577032 1.04312 1.44011 1.58133 0.80085 0.833945 0.842892 0.975779 0.841885 0.890568 0.900696 0.649581 0.694141 0.502928 0.545487 0.821282 1.05488 0.55426 0.991185 0.44092 0.979174 0.616373 0.965666 0.97355 0.538913 0.710058 0.828857 0.57831 0.464549 1.59261 0.853223 0.682893 0.336429 0.838504 0.30585 1.31872 0.589721 0.606081 0.654312 1.02616 1.80727 0.877459 1.19718 1.25542 1.16946 1.0019 1.24459 1.68899 0.697443 0.731509 1.35663 0.656666 1.25333 0.45206 1.16427 0.601421 0.437595 1.17923 0.66043 1.10681 0.958726 1.20246 0.358444 0.832999 0.842019 1.44914 1.26991 0.744569 0.741244 0.400323 0.784651 1.13948 0.21627 1.57096 0.803547 0.720449 0.560986 0.501572 0.785183 0.602178 1.65503 0.757371 0.419902 0.602979 0.734565 1.2338 1.09284 0.508044 0.936297 0.805919 0.745639 0.847199 0.514673 1.3597 0.804178 0.785501 0.889007 0.799597 0.958979 0.9593 0.683301 1.06651 0.706537 0.479687 0.480432 0.777963 1.04293 1.10156 0.93273 1.24306 0.673741 1.02161 1.897 0.562638 1.17025 0.723073 0.533023 0.786402 0.617698 1.14344 1.00198 0.532351 0.743515 1.68959 1.01643 1.07072 0.679133 0.647255 0.989065 0.795805 0.837747 0.891785 1.04426 0.618025 0.763443 1.03766 0.946885 0.845743 1.20353 0.273592 0.703115 1.2892 0.712335 0.976828 0.912881 0.760454 0.651493 0.505018 0.948274 0.921579 1.54878 0.513313 0.647637 0.897102 0.904386 1.39387 1.0754 0.900715 0.746738 0.687222 0.813689 1.08172 0.446829 0.606251 0.693642 1.17789 1.66278 0.701652 1.11954 0.495607 1.11148 0.814795 1.75502 1.40475 0.561031 0.773932 0.752346 0.580874 0.451148 1.39201 0.463167 0.626608 0.401006 0.578182 0.535759 0.80377 1.26229 1.2605 0.785426 1.48657 0.894067 0.459238 0.994027 0.683724 0.544327 0.760766 0.564079 1.03833 0.812248 1.0458 0.937172 1.23034 0.282462 1.87058 1.12987 0.840511 0.594398 0.853479 0.886272 0.860719 1.01493 1.20813 1.05276 0.494526 0.93733 0.94848 0.600529 0.862711 1.00678 0.939866 0.727959 0.720173 0.794049 1.17824 0.805776 0.706963 0.686617 0.764788 0.693891 0.856595 0.925178 0.541012 0.688999 0.949455 0.92842 0.784364 0.95986 1.08429 0.95733 1.00785 1.29156 0.653003 0.905242 0.791908 1.02692 2.02576 2.3829 0.60407 1.54309 0.849218 1.06231 0.467057 0.677358 1.21299 0.494364 0.438552 0.660388 0.439321 0.955519 0.766586 0.632138 0.863197 0.975167 1.23305 0.711879 0.922933 1.53689 1.01012 0.86763 1.75961 0.589461 1.19012 0.458523 0.669335 1.36529 1.44033 0.945586 1.06524 0.667098 0.915028 0.466492 1.27352 1.24372 0.979977 0.51922 0.598375 0.749705 1.53504 0.588769 0.914847 1.60303 1.36972 0.947265 0.66033 1.12629 0.643006 0.930904 1.13505 0.841421 1.26394 0.412959 0.797002 0.797497 1.38234 1.56592 1.18707 1.15347 0.846638 1.20265 0.612279 0.80783 0.598882 0.802382 0.800528 0.489931 0.991565 0.866472 1.37212 0.854709 1.0221 0.687536 1.72138 0.719845 0.771936 0.603075 1.00931 0.352554 0.908136 0.913818 1.04973 0.563139 1.31259 0.477981 1.03775 0.499323 0.421713 0.856368 0.647096 0.456876 0.898314 0.977914 1.28917 1.12168 1.1285 0.795866 0.685159 0.460643 1.12813 1.12149 2.0942 0.878868 0.456669 1.38798 0.724405 0.960111 0.882605 0.454169 0.788711 0.971733 0.473194 1.07146 0.898479 0.783062 1.23557 0.951945 0.979985 1.53855 1.02036 0.461515 1.20188 0.472191 0.396264 1.37658 1.0525 0.765012 1.05908 1.22309 1.32651 1.66979 2.09416 1.00038 0.499783 0.403417 1.02971 0.935878 1.15945 1.25866 0.684203 0.779279 1.35014 0.56921 0.990544 0.683525 1.32778 1.46239 0.60581 1.01253 1.45681 0.7732 0.779412 0.789807 0.5546 1.99018 0.517192 0.755905 0.80125 0.998783 0.961461 0.901439 1.26773 0.724905 0.770882 0.785749 1.06422 0.964412 0.705024 0.476164 0.453063 1.31928 0.637868 1.10033 1.24663 0.440839 0.783369 0.760431 0.533983 0.903371 0.893701 1.24074 0.709464 0.909307 0.67912 0.774456 1.53249 0.712587 1.69161 0.788455 0.825502 1.21096 0.411602 0.64903 0.649105 1.47454 1.26378 0.791316 1.00663 1.05036 1.06657 0.857536 0.856589 0.863176 1.1922 0.817565 1.02971 1.0885 0.468118 0.570664 0.712517 1.26554 0.614173 0.725732 0.542344 0.524636 1.48804 0.738644 1.14952 0.927966 0.66124 0.663437 0.884915 0.790146 1.13448 0.820964 0.56542 1.06349 0.992679 1.01857 1.0309 0.829102 1.17791 0.697139 0.682834 1.51453 0.899695 0.631364 0.834227 0.711792 0.983434 0.334927 0.490295 0.576099 0.98406 0.963698 0.564122 2.04897 1.92272 0.795379 1.28959 1.42842 1.58864 0.341636 1.2391 0.789524 1.03447 0.791707 0.771807 0.852882 1.96481 0.710067 1.11085 0.76134 0.667113 1.51476 0.900219 1.03421 1.22454 0.784445 0.944776 0.795527 1.13683 1.10539 1.17968 1.66184 1.08888 1.2993 0.757784 1.20513 0.623609 1.17472 0.628466 0.858089 0.931127 0.809228 0.602137 0.492143 0.664937 1.08507 0.999752 0.648435 0.689691 0.839116 0.993872 1.07091 0.458047 1.44957 1.17431 0.762347 0.891144 0.507232 0.929333 0.705892 0.697892 0.640989 0.554375 1.22144 0.913669 1.18282 0.862863 1.34286 1.28366 0.732716 0.862304 0.919922 1.22113 0.505712 0.693164 1.28193 1.00069 1.57529 0.829409 1.48596 0.510375 0.672239 0.935418 0.721247 0.89506 1.11496 1.21361 0.618296 0.994556 1.14676 1.80425 0.925389 0.423942 0.881561 0.98323 0.66686 1.88689 0.942706 0.535496 1.03515 0.910542 0.579388 0.466672 0.393515 0.388199 0.853019 1.56071 0.716621 1.1485 2.33601 0.930894 0.559822 0.66493 0.758449 1.36443 1.14775 0.982897 0.308053 0.744835 0.82979 0.670012 0.788683 0.808517 0.64502 0.922879 0.679902 0.756464 0.877591 2.29496 1.42558 0.8922 1.69982 0.827457 1.09136 0.93559 0.618203 1.12666 0.803671 0.720919 1.1988 0.435212 1.28271 0.617929 0.799018 0.415615 1.40338 0.741144 0.470995 1.05652 1.34266 1.04861 1.63945 0.589078 1.16279 1.85901 0.721705 0.603213 1.12642 0.707025 1.35294 1.15244 0.936276 1.19466 0.858633 1.76145 0.513067 0.89901 1.02867 1.08106 1.12051 0.708786 0.682457 0.575475 1.16311 0.995751 1.24742 1.23055 0.453583 1.12025 0.969945 0.433927 0.546256 0.722948 0.798915 0.97427 1.10377 0.930711 0.743948 1.05582 0.431798 0.965244 0.809461 0.63648 0.950252 1.04749 1.19798 0.951549 1.06447 1.08065 0.967455 1.20713 0.629223 0.602432 1.01133 1.23584 0.939379 1.69266 0.824575 1.69647 1.17177 1.18023 0.7328 0.491834 2.64643 0.672835 0.780284 0.767868 1.1855 0.605301 1.17744 0.741888 0.445209 0.646241 2.72322 1.02419 0.430808 0.941022 0.787123 0.598746 2.15274 0.803828 0.70306 1.56846 0.903909 0.405179 2.39177 2.81882 0.689204 1.32372 1.02601 0.88169 1.25583 0.874269 1.22958 0.686889 0.926646 0.706461 0.889272 0.577172 1.06316 1.93638 0.925129 1.08628 0.829999 0.971216 0.5678 0.841429 2.0078 0.918773 0.935809 1.51621 0.776103 1.46048 1.42297 0.50116 0.385465 1.42292 0.725026 0.709321 0.516336 0.81884 1.38211 0.771611 1.29233 0.80995 0.924366 1.32574 1.30567 0.881811 0.691613 0.955132 1.16816 0.874978 0.715605 1.94406 1.20306 0.962361 1.33295 0.748274 1.63298 1.39684 0.90169 1.46568 0.687311 0.361018 0.799447 1.48488 0.886357 0.503264 1.19625 1.02257 0.746078 0.909682 1.10553 1.21621 0.594448 1.08954 1.06345 0.75679 1.71921 1.03195 0.908071 0.809958 0.949123 0.695794 0.790688 0.411844 0.712672 1.39322 0.75705 1.09382 0.607403 0.66582 0.713308 1.00997 1.51513 1.81319 0.636263 0.985205 1.16089 0.819311 0.781675 0.922591 1.27572 0.736691 1.2472 0.497891 0.693417 2.70362 2.38808 0.875642 0.824308 1.00168 0.578581 0.720148 0.973224 0.752191 0.407761 0.703609 0.947643 0.472847 0.398696 0.981553 1.49358 1.44344 0.819922 0.937295 1.09075 0.786687 1.20274 1.0921 0.390194 0.501481 1.04289 0.767997 0.864597 1.00094 0.902356 1.03993 0.750811 1.22489 1.56841 0.674499 1.41723 0.857078 0.724778 0.872333 2.06964 0.647012 1.07647 1.21354 1.22747 0.66581 0.784954 1.24138 1.74046 0.855001 1.49212 0.799284 0.762416 0.683546 1.06523 0.5984 0.829082 1.13573 0.877989 1.272 1.17618 1.1934 1.20792 1.28028 0.744682 0.644229 1.21104 0.752332 0.622797 1.44592 1.04257 0.443969 0.584947 1.17064 1.36582 0.743961 0.698693 0.740654 0.849459 0.827472 1.01297 1.78426 1.0701 0.75989 1.04118 0.907409 0.896633 0.761692 0.800887 0.507007 0.692063 0.441064 1.60432 0.794319 1.4316 0.547833 0.559797 0.738297 0.913916 0.424685 1.51217 1.19962 0.837491 1.28043 0.814946 0.525164 1.25862 1.00879 1.01672 0.655498 0.77249 0.691448 2.10752 0.787002 1.02808 1.20405 1.10019 0.671897 0.889259 0.979953 0.970365 1.42754 1.19183 1.27106 1.18586 0.653866 1.59917 0.828402 1.40609 0.740832 0.601869 0.858936 0.7653 0.609413 0.421999 1.27821 1.1503 0.731322 1.43971 0.761985 1.25718 1.37871 0.636895 1.06677 0.967397 1.03466 2.33577 1.34575 1.00094 0.27819 0.79397 1.01722 1.49505 1.92748 0.871611 0.557099 0.659925 1.45735 1.57509 0.5476 0.764962 0.841408 1.80445 0.519348 0.601834 0.523955 0.914792 1.19852 1.5178 1.25348 1.29959 0.846122 1.50341 0.890665 0.544148 1.54544 1.12394 1.44856 1.18585 0.607466 0.350996 0.708539 1.28165 1.03168 1.24045 1.15711 0.569804 0.89248 1.02545 1.16739 0.851333 1.21138 0.77187 0.95926 0.987326 1.07874 0.776138 1.00693 1.90915 1.07657 0.502307 0.506201 0.543427 0.318539 0.351331 1.90594 1.08839 0.708109 1.82335 0.785172 0.810317 0.827727 0.976646 1.12417 1.03252 2.52855 2.6459 1.36994 1.94117 0.546021 0.738986 0.958423 1.63375 1.58137 0.531981 0.89601 1.65611 0.844914 1.29107 2.88144 1.169 0.76353 1.13301 1.60615 0.884678 2.01281 1.73349 1.62177 0.902485 0.866747 0.995171 0.58648 0.519685 0.892208 0.537213 1.30447 0.511606 1.2913 0.931634 1.16332 0.506648 0.874369 0.373352 1.28188 0.768909 0.356158 1.21864 0.857236 1.22439 0.76956 0.681434 1.29954 0.582667 0.860102 2.25114 1.14324 1.13107 0.420235 0.679027 0.791431 1.43 0.992721 0.665136 0.856614 0.876464 0.846241 0.783548 0.639584 1.5804 0.872328 0.850405 0.947797 0.957974 1.28185 1.31625 0.673776 0.957976 3.5412 0.889525 3.15918 1.23731 0.683626 0.79467 0.758043 0.618705 0.900664 0.498459 0.861716 0.882334 1.12112 0.610611 1.22332 1.67057 0.5401 1.02296 1.11313 1.11735 0.844767 0.918115 1.08382 0.695353 0.405667 1.20967 0.962063 1.10035 1.81824 2.50564 0.844313 0.86138 0.697023 0.490215 1.46097 0.960654 0.910943 1.03594 0.548957 0.914947 0.691101 1.34556 0.778334 1.18486 0.670962 1.45768 1.57496 1.21863 0.961096 1.13278 2.40117 0.5816 1.54693 1.69295 1.3524 1.11425 0.545552 1.36592 1.26408 1.31444 0.585089 0.597919 0.438354 0.789289 2.01015 1.44179 0.73096 1.16272 0.702969 1.54195 0.8485 1.4765 1.02875 0.748852 0.833037 0.843799 1.02397 0.677235 1.05718 0.882654 0.55991 1.02651 0.813725 1.17539 0.736413 1.03403 1.15573 1.31702 0.897113 0.882741 0.415162 0.233487 1.05817 0.967312 0.889863 0.738739 0.876985 1.34706 0.823543 0.611047 1.43843 0.803642 1.34987 1.26189 1.24346 1.11805 1.30285 0.94931 1.49244 0.756899 1.62727 0.733097 1.44587 0.999147 0.907033 0.600722 0.899834 1.36675 0.777003 0.686398 0.9972 0.931185 0.676953 0.866815 1.21978 1.15899 1.38158 1.24264 1.28471 1.23627 0.939851 1.03308 1.10221 1.49174 0.396215 0.511655 0.883775 0.761697 0.852979 0.957328 0.663896 1.76844 1.54372 1.21551 1.3388 1.1592 1.12606 0.888591 0.863437 0.61172 1.47558 1.49435 0.847366 1.24076 1.10087 2.60518 1.08963 1.04311 1.36521 1.74943 3.40287 2.16 1.74729 1.07611 1.09113 0.783223 0.511449 0.424225 0.781024 1.17181 0.613057 0.824983 1.14011 0.955747 0.686252 0.730356 1.35078 1.71088 0.651771 1.36329 0.947772 1.61224 0.589478 0.528727 1.10158 1.42157 0.979568 0.706026 1.84634 0.769699 0.805766 0.779958 1.77911 0.896426 1.31111 1.45748 1.10543 0.642404 0.990691 1.2186 0.724207 1.18755 1.20459 1.593 0.587226 1.15001 0.887822 0.636601 0.926253 0.743342 1.63167 1.70572 1.2574 0.88706 1.22988 1.803 0.656384 1.92371 0.885595 1.47466 0.797185 0.825655 0.783212 0.730388 0.820748 1.25319 1.29143 1.27752 1.63855 0.844311 1.10971 0.934798 3.36641 0.654285 0.55923 0.89152 0.608212 1.01531 1.01577 0.884759 1.28406 0.796533 0.736265 1.21989 1.07687 1.34347 1.11827 1.12831 0.66638 0.978067 2.57399 0.596773 0.593032 0.734354 1.07258 0.559723 0.528258 0.56329 1.42203 1.06216 1.70803 0.855481 1.42699 0.754864 0.937504 2.13119 0.730312 0.981445 1.33906 1.2351 0.82791 1.38278 1.18142 1.40113 0.793039 2.16076 0.792034 0.841374 0.59994 0.899723 0.843342 0.645126 0.902023 1.64075 1.06417 1.39622 0.95202 1.3803 0.541092 0.582977 1.14123 0.887478 0.81489 2.04288 1.07216 2.44995 1.53058 0.933767 1.1361 1.35161 1.34543 1.15818 1.13954 0.773931 0.764936 0.60875 0.361474 2.83072 0.736255 1.98775 1.15001 1.15408 1.13002 1.00793 1.22958 1.00593 1.02012 0.963769 1.70345 0.904516 0.900876 1.3927 0.844186 1.50992 1.03505 1.01937 0.906316 0.598677 0.749258 0.64578 1.00526 1.00632 0.90539 1.32773 0.977875 1.6778 0.759509 0.86184 1.3011 1.03101 1.07724 1.31403 0.529716 0.977639 0.793855 0.656325 1.1474 1.78605 1.12899 0.879608 0.609201 0.631165 1.05851 1.16291 0.748927 1.06817 0.854653 0.747148 2.31501 1.07819 1.22358 0.683409 1.02774 0.735928 1.53085 0.921788 1.83636 1.00223 1.04889 1.12046 2.00632 0.636579 0.773054 0.726467 1.69789 0.40713 1.31504 0.774842 1.07901 0.884439 0.971566 0.810846 0.783816 1.06578 0.586032 0.792789 1.39111 1.83316 0.559772 0.595095 1.93324 1.3563 2.19699 0.481449 0.9595 0.954478 1.33632 0.859773 0.597196 1.11833 1.09083 0.830344 1.92869 2.14347 0.998527 1.23693 2.09089 0.773974 0.791719 1.05373 0.98496 0.432412 0.760568 1.29711 0.34677 1.41958 1.10281 1.08062 0.721102 1.99159 0.851833 1.6203 1.03093 1.53406 0.653918 0.831148 1.83408 0.828156 0.722058 0.527189 1.45505 1.62006 1.17733 1.1436 0.871293 1.17311 0.901377 1.76678 1.0309 0.637284 1.16222 0.729195 1.56933 1.60469 0.943787 0.513191 1.01193 0.480062 1.45535 1.12313 1.8716 0.77438 1.63293 0.644493 1.10822 1.07645 1.04517 2.12278 1.42793 0.832952 1.29846 0.872839 1.00948 2.16638 0.960108 0.688308 0.966336 0.857519 0.961349 0.738209 0.749383 1.69121 0.498319 0.869262 1.21955 1.39512 0.998491 0.910367 0.695074 1.5004 0.598392 0.697072 0.996373 1.75531 0.619474 2.02822 0.841222 1.64064 1.73799 1.21321 1.00741 0.673023 0.91285 1.09138 2.31234 0.577663 1.15765 1.12111 2.11778 1.14492 2.49168 1.76332 1.43546 1.26965 1.4356 0.587867 0.976407 0.548848 1.00244 0.845913 1.18622 0.474505 0.866485 0.725259 1.57511 0.673687 1.00774 1.90432 0.992833 1.07299 0.846438 1.56809 2.19767 0.880352 0.751398 1.001 2.26008 2.1338 1.66789 1.04953 0.926544 0.764809 1.81835 0.764833 1.3768 1.39249 1.51609 1.29547 0.944104 1.17717 1.38698 0.89113 0.82156 0.804442 1.71456 2.02689 1.64061 ]
@@@ Frame-accuracy per-class: [ 87.4719 82.3821 82.166 68.556 76.2887 79.7327 61.5836 83.3747 81.3896 85.7801 91.226 38.7665 78.7808 80.261 65.5623 70.0229 67.0659 20.6148 74.4134 81.5959 81.6396 82.2026 89.1429 77.2759 70.9605 76.4947 74.6717 77.7305 71.9335 68.3805 71.0824 63.6319 73.7201 71.0462 92.6062 90.6732 89.7589 93.2579 78.129 47.8299 70.4225 60.4966 59.2593 70.7285 86.243 90.3867 84.0125 71.8563 79.8079 84.1105 92.1123 82.963 89.4236 74.702 75.0202 91.7998 69.5842 86.5721 71.419 71.6707 78.1805 68.1764 52.7363 72.9989 79.5936 55.0808 87.684 83.5725 82.3386 91.675 89.5944 80.5674 88.6799 88.707 89.8966 87.5177 77.5616 65.9595 72.7742 57.305 73.9097 66.0988 88.1426 61.3966 80.8146 55.1253 82.4716 84.4506 59.802 73.0561 76.5859 68.472 88.1164 77.5021 70.4425 78.1699 70.6943 63.6255 86.5497 87.687 80.7223 44.6847 81.581 77.9804 83.4316 82.6667 51.3302 85.2713 72.1246 84.2105 76.1255 90.0079 74.0516 41.0684 73.2782 76.8307 47.3868 70.4501 77.677 72.1311 84.8953 57.0657 62.1522 75.9372 72.8778 52.0147 47.4465 53.6732 84.8382 82.9064 81.8898 45.5605 72.9963 76.4466 90.7801 69.127 89.5323 82.7292 53.6873 90.3526 71.0974 88.6731 81.3736 90.0837 59.8291 92.4631 77.8865 67.3317 70.2467 63.3124 73.5135 77.8761 64.4045 85.6281 82.8025 68.1716 75.9633 66.9887 52.2073 65.8596 48.8889 80.449 63.2537 64.986 79.7661 82.8352 80.6299 85.9775 68.5371 73.6402 72.7273 87.1761 70.5734 50.4039 63.0088 66.7676 78.3109 71.5207 74.6269 86.5279 82.8749 73.7728 72.7522 68.4347 81.5434 90.6696 68.599 81.3696 70.6553 71.3092 72.8111 86.6732 86.4 72.2614 35.0168 55.8904 85.3333 88.5005 80.4855 84.3198 82.1477 80.0875 71.251 88.444 83.3977 73.8869 80.3768 78.6482 77.9516 59.0412 77.593 75.9857 73.2084 45.9966 85.8097 82.5516 59.4918 68.9977 59.5388 84.4305 80.8679 58.1333 85.842 63.4265 58.5752 79.3483 56.0801 75.891 77.3519 41.9753 73.5751 81.6552 90.8609 69.6742 72.8291 83.7476 84.3862 61.8826 76.6712 18.6969 64.9518 84.8485 77.2908 72.1805 69.8225 53.3333 69.2683 61.2576 30.1459 69.8152 89.4309 84.9362 83.3659 86.8385 66.3477 86.1559 87.964 46.8271 79.4816 94.5932 79.5549 77.3169 71.4154 85.0125 84.3292 74.9311 62.8502 88.254 89.6552 83.8135 67.8414 82.2989 73.5664 75.4177 68.16 78.2708 86.6496 74.1201 72.9625 85.134 73.029 92.2309 84.2627 66.7429 60.5898 51.3181 75.3518 77.5348 74.4731 70.7798 72 76.359 71.6763 80.1014 78.203 85.6106 84.1328 77.0519 71.161 80.8889 72.0379 88.4658 71.0772 79.5344 71.0824 62.5287 88.2825 80.2388 75.0341 81.6842 87.8553 46.2094 71.2251 81.6327 91.2147 72.8167 90.9735 62.5931 81.7861 84.6847 79.7267 72 46.3215 69.7674 64.6766 60.4255 65.0519 67.4744 76.9231 33.7165 77.9798 79.8398 55.814 77.533 64.3137 88.2072 66.9302 80.8717 87.9841 57.9957 81.4184 68.9459 65.8777 58.1383 89.2048 75.0383 77.0294 66.0522 56.2832 76.1905 77.3218 86.7305 74.056 70.415 95.3027 50.3682 77.672 80 86.645 85.3353 77.7494 78.1163 49.1228 75.067 89.6185 80.3711 75.3439 66.3657 62.0491 85.9083 72.2925 79.3679 78.9357 73.6842 86.1646 55.6169 74.7253 71.9449 76.0987 72.9064 66.6667 71.2042 83.3724 69.6045 78.9762 86.119 85.4676 78.1857 70.5385 62.1974 71.4932 60.8229 81.0198 67.7494 43.1227 81.3464 64.2121 76.9386 82.4395 71.3224 83.2091 63.8037 74.1036 84.549 79.5892 48.1437 69.2828 63.0088 81.8636 82.0885 72.8538 75.4304 71.0425 74.1954 71.714 82.5596 75.1323 67.525 69.5132 75.5365 63.4593 94.3534 79.3575 57.994 82.4458 70.7071 72.3232 83.3028 82.1192 84.922 70.3141 69.4215 57.1429 86.151 79.4332 76.8435 72.4974 64.2599 68.5969 73.0594 77.2563 78.1934 77.3994 74.8899 87.8797 81.182 79.8674 64.2984 57.7904 80.9877 57.9235 85.1658 62.6747 73.5484 54.9708 61.0592 80.7966 78.685 81.3385 86.385 87.4317 59.0051 88.117 79.1594 87.0765 83.7647 83.4547 76.7123 68.0115 67.7741 70.0395 58.2278 73.2394 87.8972 70.7692 75.8842 87.5817 75.5448 82.8176 65.0919 75.7637 70.34 66.3529 62.5387 91.8529 47.0588 66.7789 73.4214 80.9646 72.0812 72.8058 71.1864 72.3842 55.4096 70.7071 87.4824 72.5453 67.6602 85.3731 71.3224 68.0988 75.6923 74.112 81.008 73.5382 65.6282 78.4026 79.3146 80.1128 74.6706 81.8312 77.707 75.7709 84.3273 77.4737 66.3438 69.8795 78.6441 70.2068 66.3959 74.3034 64.9007 60.8031 77.6524 74.9004 75.2596 65.641 35.122 23.1405 83.779 49.5868 77.095 65.0957 84.6715 78.72 66.6667 85.342 88.2567 79.8122 87.9053 67.5972 76.1555 78.6681 72.3147 70.5882 62.0155 82.0189 76.4557 48.9451 62.3853 79.0698 44.1261 85.7143 62.512 85.4321 77.7975 59.1549 56.9912 76.8 69.5201 79.0257 74.0581 88.284 58.0793 65.5238 72.3571 86.4137 79.7448 76.841 46.395 83.9306 72.8376 53.2515 60.3518 69.9708 84.058 69.103 82.9876 68.0965 60.8273 74.2338 67.6208 89.5046 76.1114 76.112 57.9261 51.6605 65.7391 65.2386 77.7042 70.0139 82.1382 71.6233 83.792 77.6948 76.9745 86.6062 74.6544 73.8462 50.9422 73.618 75.793 76.661 57.1429 79.6499 77.6949 82.7918 67.5159 89.9471 71.5692 72.5689 68.6679 82.9319 59.1716 87.1731 67.3183 87.7756 90.4841 75.7396 81.0127 86.4291 74.6615 72.9378 59.0012 64.3068 66.3391 71.1864 80.7611 87.7684 67.9452 56.2874 39.2435 72.0379 87.9406 56.4199 76.8473 71.2269 74.552 86.1689 75.9295 68.2599 85.848 67.1256 72.7273 75.2953 64.3006 71.6915 69.5492 52.861 66.3149 89.0815 62.6866 86.9383 88.4467 57.3088 63.5643 79.0308 70.1844 67.5035 54.3294 56.1102 40.5063 68.5382 84.1323 89.9908 66.2132 70.9066 66.4908 53.3865 81.274 77.1673 55.516 79.668 69.9301 75.6184 63.8961 52.7473 83.0075 69.916 53.2571 74.9859 79.0588 74.2007 82.6667 44.6174 86.7031 79.6163 74.7664 72.1311 74.5149 73.8226 63.9556 76.7179 75.5757 76.9899 73.9726 76.1644 82.7503 87.8981 86.6258 64.3402 83.0932 68.129 60.5375 85.836 74.9722 77.7358 85.0727 74.6114 68.5955 59.1279 73.5123 77.193 78.4223 78.7155 52.7051 76.9591 55.1351 76.701 78.4959 69.3467 87.07 78.7004 81.3688 57.5707 64.2659 79.0387 71.508 67.8272 66.2802 75.442 75.9529 76.678 65.757 76.0405 63.9296 68.4157 88.5212 83.2993 78.9744 62.5864 80 80.7875 84.0393 82.5175 61.3987 75.1903 64.2055 75.2412 79.0514 81.5534 67.1533 79.0831 64.5614 77.7943 84.787 68.1672 66.436 71.4154 72.9963 77.1384 60.9732 79.3566 80.3549 56.8807 69.1589 81.0963 75.432 79.6915 67.6543 90.2156 85.4436 81.8262 71.1795 71.086 81.0811 26.9113 44.9912 75.5959 63.1922 60.733 55.4955 90.9091 59.1304 78.7597 70.5336 80.2395 77.8608 72.8324 22.0096 79.9437 64.1189 78.3593 77.2164 47.3118 69.9647 65.4434 62.697 78.2435 68.435 75.4177 66.8345 66.8192 67.8843 55.814 60.0619 58.8381 76.5318 69.0167 81.0593 60.0897 80.6941 72.4029 76.6551 75.2735 81.1958 87.3563 80.2589 71.4142 70.6652 83.2723 71.0744 73.2444 69.1635 65.7682 88.1627 56.3327 58.8556 76.1905 71.0234 85.5568 72.7273 76.9478 77.6699 82.6291 81.3362 58.5774 73.4525 66.0732 75.0403 60.0382 57.8135 80.8444 78.2796 79.731 55.8473 88.0407 78.694 54.0193 65.1163 47.1545 74.6765 54.1761 86.0438 84.1567 71.6724 78.1293 71.2909 66.7196 55.7276 82.6597 73.439 64.3777 49.2401 69.746 88.8377 72.0643 68.8868 82.0046 42.3698 73.3119 88.9336 70.4944 70.2839 85.6124 86.7974 88.2876 88.977 75.3739 49.8403 78.7766 59.9848 36.7246 68.6452 85.9086 83.0409 77.2344 58.147 62.6533 69.9099 88.5496 77.1171 76.1042 77.4603 77.1892 73.9599 79.2514 69.302 77.5963 77.6509 73.3192 37.5385 55.5218 71.5596 40.4858 70.9832 63.0048 71.9053 81.2075 60.5544 78.2123 74.7907 62.3399 88.7406 66.5742 83.0281 78.8927 88.1603 55.3345 75.3813 86.3568 68.9295 65.2885 69.7856 43.1461 82.6816 65.9155 48 78.7472 80.7339 66.8185 76.2301 54.1516 68.1004 69.0967 68.7651 75.8621 43.3281 86.0077 72.7928 70.2211 69.3374 62.5134 78.4195 78.6182 85.4857 67.1775 69.9816 58.8715 68.5552 86.8369 66.4653 72.0169 87.1287 82.5719 78.8732 73.5395 72.7062 65.5905 71.9603 74.7352 67.2176 87.1795 66.5535 75.8497 77.8443 74.3226 67.5453 66.4885 72.1371 64.311 63.286 68.2977 61.6915 83.2565 82.5951 72.7794 64.1711 78.057 50.291 74.7846 49.1682 68.0412 60.7667 76.8943 85.8223 24.8649 78.3143 77.5141 77.707 65.9708 83.5067 66.6667 77.769 86.1357 81.0182 25.4335 67.3511 87.2219 73.5567 79.1444 76.7883 27.7551 75.3795 78.9729 41.9162 74.2277 87.4576 37.8517 25.9319 79.8587 59.6844 71.7752 73.4508 67.451 75.1131 62.435 78.5571 71.7325 74.0926 73.7391 81.9529 69.5735 44.0111 72.407 66.1362 73.3397 70.7097 84.8297 73.1099 41.7062 69.6191 75.827 59.5862 76.4543 53.2374 59.6491 84.7185 89.6212 60.8924 79.0068 79.3388 82.3339 75.2056 58.1692 75.2449 63.3594 72.5724 73.0489 57.4225 62.1838 67.4095 81.9277 72.6483 71.5953 70.7617 78.631 50.3113 59.7228 71.6073 62.5352 77.2036 47.1318 59.3939 72.2302 50.6375 80.8344 89.1326 77.5652 51.216 70.1987 83.8394 68.2324 68.218 76.494 71.1316 62.0865 67.3629 82.1215 71.3656 69.2124 76.3466 48.7549 64.6905 72.1228 72.7915 77.6557 77.4194 76.5328 88.6033 79.8201 60.2247 72.3227 66.6667 83.452 79.3296 81.2349 67.3367 58.8988 44.6389 84.6784 65.6716 60.0197 74.9669 81.153 73.831 59.6078 76.3848 62.9508 84.1258 78.0231 29.6471 38.5841 71.4004 69.5771 68.3578 83.4019 75.1807 73.9191 74.0047 88.5743 79.0274 72.6631 86.6756 87.5362 68.3056 39.2679 53.1507 75.5287 72.5796 63.8239 74.1237 66.4765 67.7703 87.6861 87.118 66.4789 76.48 75.5448 69.8343 76.3797 66.896 76.9078 66.8977 53.3999 86.7797 53.2915 75.6715 78.9298 74.934 38.6895 81.3097 65.4819 63.6119 61.8968 81.0379 73.5043 67.4617 44.0761 69.2506 52.0041 79.564 80.5501 81.0157 69.283 83.4479 74.4722 64.528 73.0805 65.3465 63.9504 60.132 64.9248 60.4915 79.5699 81.1306 59.9713 75.2218 80.8555 57.3363 66.4188 85.2546 83.9895 66.9767 60.9231 79.0036 77.877 77.3286 75.7229 73.0159 74.4186 46.0687 62.4 81.7877 69.1076 75.1905 78.0876 73.9274 78.3042 84.6611 79.6026 86.5522 53.0612 75.9494 50.0528 83.4371 83.84 78.1955 72.9242 87.5994 51.2326 68.1704 70.1031 60.1467 77.2009 88.5017 63.2219 69.5069 69.6296 71.9101 77.6531 77.43 41.0738 76.3596 68.4536 67.4365 64.848 79.9604 75.7306 65.5647 70.9677 56.2674 68.4145 64.7134 66.4653 80.6208 53.4569 74.4544 56.2641 78.0488 81.5842 71.5867 75.0518 81.3008 86.9565 59.1549 71.3092 76.4125 57.3043 80.3313 63.5004 60.5505 82.7807 65.5343 70.9389 72.0805 25.7496 60.1784 69.0293 91.3768 76.9231 74.0214 51.2821 39.1111 71.1303 84.5254 80.5778 55.7505 48.5039 82.963 79.8623 77.6935 46.0716 84.557 81.4558 86.3968 73.3195 63.772 61.0662 62.3377 63.1884 76.8529 47.2652 71.0298 80.8905 58.7361 62.2848 56.176 60.4462 80.4452 90.5094 76.8254 66.2475 70.4961 63.8867 65.1163 81.8419 70.5234 67.4787 68.9276 74.8718 60.7735 75.7386 72.572 69.6855 70.1546 76.6284 69.8656 43.418 67.137 84.4672 85.8114 81.6487 91.7232 88.8758 43.6742 66.9959 79.3555 36.4312 74.2684 76.3231 76.3636 71.5232 65.8228 68.6976 28.3401 36.0839 56.0669 30.2762 83.7529 80.9892 71.387 51.6854 50.411 80 74.3546 45.8574 74.7319 60.5076 17.4497 67.6218 76.674 66.1962 49.764 78.1609 46.6513 50.0623 54.7236 71.3743 72.9459 73.3219 84.7004 82.847 70.6796 83.0769 60.2007 85.4142 65.402 64.7442 65.7812 85.3621 70.5144 89.0639 63.6183 74.8585 88.5025 65.1163 75.395 59.7726 76.4398 83.3181 60.5905 83.5012 74.3066 36.7893 65.5811 67.27 87.9676 80.5873 76.6917 52.9529 73.3032 80.5091 72.8083 68.1223 72.6154 77.5885 79.7203 53.7746 74.8052 77.5068 74.3222 74.4615 57.7114 57.5712 78.4893 72.6508 11.6788 75.321 31.3625 56.7686 79.4055 79.5569 78.9625 79.5941 75.7062 84.6933 74.7269 73.1316 65.2497 82.488 65.0467 54.9495 85.622 63.9386 67.1294 67.1968 74.8962 68.8728 68.3004 77.5707 86.6588 64.7202 70.195 66.4407 38.61 42.6966 76.3576 78.0572 82.5849 84.8012 53.9621 73.8739 73.8786 67.2828 80.3213 75.2549 81.1007 59.1362 76.5995 65.2663 78.8571 55.218 56.6572 61.8047 69.6327 66.2014 48.4848 80.6026 58.5859 59.1549 60.733 65.8744 85.4884 68.1115 64.2234 53.903 82.0513 82.1015 86.3682 78.5062 41.9655 59.0164 77.8795 61.0973 76.6467 50.0524 72.478 59.5483 69.5341 79.4161 72.2068 74.1633 67.9476 82.7521 65.9841 74.1232 82.6868 72.7655 78.6928 60.355 79.7858 65.3606 65.5546 58.107 71.9352 72.0412 88.7759 93.1932 64.8205 70.2875 72.3404 77.5137 72.7273 56.4892 77.6573 80.7657 58.7202 77.9885 59.2666 65.3595 63.3229 65.2921 65.8462 69.8667 55.4932 76.2547 55.1201 76.6136 57.0256 68.4746 72.4458 82.7911 74.1349 53.7351 80.8081 78.9863 62.4585 67.5821 81.4911 72.8745 58.3942 68.1745 61.477 63.7771 64.0275 62.7219 74.2289 70.1169 66.6667 54.7529 87.4107 83.5798 74.0883 77.3275 75.352 72.8805 78.3626 49.2078 53.4653 59.0164 55.643 63.5566 64.1221 69.8644 69.4362 82.257 60.9724 51.2821 76.0807 58.8057 64.5087 32.3596 63.4795 66.7737 64.6416 45.3074 12.6679 35.9862 48.7119 71.5984 68.7882 76.6265 84.8147 86.1827 73.3119 69.1928 80.2759 75.4617 65.349 74.6466 80.5599 77.8878 59.2885 48.7075 82.566 62.1701 69.2153 55.7659 79.831 85.1221 67.7036 53.2803 72.2652 76.6571 48.5788 75.1342 79.0899 77.0642 46.6579 73.643 60.4516 58.6466 68.3027 77.078 65.7277 70.3625 80.2808 61.3995 63.5206 54.3689 82.7329 64.9275 76.5714 83.004 72.3013 73.6387 38.5382 53.286 68.2111 72.4832 60.8278 49.5812 82.9736 42.8101 74.2722 56.4745 75.8229 77.4035 78.148 76.4557 75.3376 63.6522 61.3226 61.3982 56.1922 75.0661 66.5421 75.7396 11.9107 79.1117 82.7377 71.9154 81.4601 69.145 72.2807 75.6381 63.3444 77.2182 73.5632 67.6971 66.6667 49.7149 66.2796 67.0577 80.2626 72 30.8068 80.4483 80.1556 80.7298 65.8194 89.8925 83.971 81.6864 62.3207 69.5425 51.9708 75.5463 56.8679 75.1563 69.0947 42.348 80.8362 66.2757 60.787 62.5671 72.2456 57.2135 64.3514 54.6207 74.0107 42.7844 77.485 77.8182 83.1257 73.4353 72.8242 82.4908 75.6332 52.1739 68.7456 54.902 67.7249 64.745 83.4166 83.622 64.3793 73.5415 73.0131 44.4444 67.6456 38.0697 60.9524 71.6678 63.7666 58.498 53.3575 64.5992 68.1175 75.2053 78.9049 83.956 88.4211 27.8146 77.5648 49.7914 67.664 65.3416 72.1649 71.1316 63.7636 70.3072 69.8225 70.7132 53.2594 70.5882 74.3735 53.8117 74.52 57.0492 71.3857 69.7095 67.1576 84.2258 76.891 81.5521 67.42 66.1053 71.4932 51.5513 67.6838 50.929 73.7039 70.7965 64.7399 69.3148 60.2007 64.8084 83.4918 67.6543 75.5325 79.6117 57.6052 45.977 64.9234 71.2721 82.7202 79.6754 71.9682 64.2263 81.448 67.1623 77.1536 78.2931 39.2065 69.0451 65.2731 80.7435 66.9483 77.5357 55.9297 77.2889 49.3409 67.4352 73.342 62.1701 41.7391 81.1305 78.8732 79.3169 40.5063 89.0579 60.6335 77.9747 66.2116 76.2791 67.784 74.9107 78.9793 67.0438 81.9529 77.628 58.8756 49.0728 82.612 80.7306 46.0233 58.7196 37.9381 86.5762 74.5098 72.0181 59.3446 74.4639 83.4171 70.8551 72.4458 76.5004 41.4986 46.5116 66.5566 67.6749 51.341 77.2398 77.2793 65.7773 70.5716 87.4591 79.3727 65.3686 91.3112 56.9583 69.1309 67.9928 78.648 41.1097 75.9629 52.6656 66.3032 52.7005 77.2254 74.3745 48.3034 80.9061 79.6342 84.26 59.7647 53.9289 67.3973 62.1687 72.0167 64.135 72.2455 49.009 71.1504 80.5572 65.1777 78.9088 35.6964 46.9357 72.9217 85.7198 64.3478 84.1817 54.8366 66.8648 48.0929 77.939 48.9451 81.8514 60.2305 64.2735 68.937 35.7815 63.4343 71.9261 62.5185 75.6275 68.599 31.6344 70.7121 81.0213 69.9719 76.9351 68.9376 77.5564 76.3942 54.9607 84.7204 74.5843 64.6121 58.681 75.5504 70.5539 77.686 53.8622 81.7518 76.6962 66.2742 45.7612 84.6213 39.7448 70.0114 51.7711 53.4406 62.8502 67.8534 82.6603 73.3115 62.1341 41.543 83.8886 66.2295 68.4685 31.8937 66.4011 33.4572 48.5934 58.7036 63.3288 53.8071 83.2376 69.9647 85.8859 67.8866 79.2271 63.5022 88.3324 73.1551 81.4815 46.1405 82.2535 73.493 49.1199 69.0027 70.1571 75.7921 53.303 40.3053 76.9231 79.4218 69.2974 34.0645 42.6593 49.694 68.7303 72.3703 77.1268 50.501 78.1934 55.4862 55.8322 60.1212 55.5874 75.9239 62.635 58.4071 75.8395 73.1743 68.9173 53.0612 41.791 51.831 ]
LOG (nnet-train-frmshuff[5.5.208~1-b0fc0]:main():nnet-train-frmshuff.cc:406) AvgLoss: 0.834903 (Xent), [AvgXent: 0.834903, AvgTargetEnt: 0]
progress: []
FRAME_ACCURACY >> 74.7941% <<
