asr1
nnet-train-frmshuff --cross-validate=false --randomize=true --verbose=0 --minibatch-size=256 --randomizer-size=32768 --randomizer-seed=777 --learn-rate=0.008 --momentum=0 --l1-penalty=0 --l2-penalty=0 --feature-transform=exp/dnn4_pretrain-dbn_dnn/final.feature_transform 'ark:copy-feats scp:exp/dnn4_pretrain-dbn_dnn/train.scp ark:- |' 'ark:ali-to-pdf exp/tri3_ali/final.mdl "ark:gunzip -c exp/tri3_ali/ali.*.gz |" ark:- | ali-to-post ark:- ark:- |' exp/dnn4_pretrain-dbn_dnn/nnet/nnet_dbn_dnn_iter01_learnrate0.008_tr2.1118_cv1.9034 exp/dnn4_pretrain-dbn_dnn/nnet/nnet_dbn_dnn_iter02 
WARNING (nnet-train-frmshuff[5.5.208~1-b0fc0]:SelectGpuId():cu-device.cc:203) Not in compute-exclusive mode.  Suggestion: use 'nvidia-smi -c 3' to set compute exclusive mode
LOG (nnet-train-frmshuff[5.5.208~1-b0fc0]:SelectGpuIdAuto():cu-device.cc:323) Selecting from 1 GPUs
LOG (nnet-train-frmshuff[5.5.208~1-b0fc0]:SelectGpuIdAuto():cu-device.cc:338) cudaSetDevice(0): Tesla K80	free:11354M, used:87M, total:11441M, free/total:0.992379
LOG (nnet-train-frmshuff[5.5.208~1-b0fc0]:SelectGpuIdAuto():cu-device.cc:385) Trying to select device: 0 (automatically), mem_ratio: 0.992379
LOG (nnet-train-frmshuff[5.5.208~1-b0fc0]:SelectGpuIdAuto():cu-device.cc:404) Success selecting device 0 free mem ratio: 0.992379
LOG (nnet-train-frmshuff[5.5.208~1-b0fc0]:FinalizeActiveGpu():cu-device.cc:258) The active GPU is [0]: Tesla K80	free:11306M, used:135M, total:11441M, free/total:0.988184 version 3.7
copy-feats scp:exp/dnn4_pretrain-dbn_dnn/train.scp ark:- 
LOG (nnet-train-frmshuff[5.5.208~1-b0fc0]:Init():nnet-randomizer.cc:32) Seeding by srand with : 777
LOG (nnet-train-frmshuff[5.5.208~1-b0fc0]:main():nnet-train-frmshuff.cc:163) TRAINING STARTED
ali-to-pdf exp/tri3_ali/final.mdl 'ark:gunzip -c exp/tri3_ali/ali.*.gz |' ark:- 
ali-to-post ark:- ark:- 
LOG (nnet-train-frmshuff[5.5.208~1-b0fc0]:main():nnet-train-frmshuff.cc:354) ### After 0 frames,
LOG (nnet-train-frmshuff[5.5.208~1-b0fc0]:main():nnet-train-frmshuff.cc:355) 
### FORWARD PROPAGATION BUFFER CONTENT :
[0] output of <Input>  ( min -6.72478, max 7.17793, mean 0.0128911, stddev 0.992444, skewness 0.0369906, kurtosis 2.03957 ) 
[1] output of <AffineTransform> ( min -29.7472, max 23.3291, mean -3.29225, stddev 3.86992, skewness 0.176132, kurtosis 1.73013 ) 
[2] output of <Sigmoid> ( min 1.20495e-13, max 1, mean 0.195816, stddev 0.304967, skewness 1.60074, kurtosis 1.146 ) 
[3] output of <AffineTransform> ( min -27.3105, max 16.2947, mean -3.46687, stddev 2.57528, skewness -0.00364905, kurtosis 2.56015 ) 
[4] output of <Sigmoid> ( min 1.37779e-12, max 1, mean 0.119441, stddev 0.208666, skewness 2.56064, kurtosis 6.15704 ) 
[5] output of <AffineTransform> ( min -14.417, max 10.7597, mean -3.0057, stddev 2.01209, skewness 0.682359, kurtosis 2.39637 ) 
[6] output of <Sigmoid> ( min 5.47996e-07, max 0.999979, mean 0.121875, stddev 0.200251, skewness 2.64657, kurtosis 6.81148 ) 
[7] output of <AffineTransform> ( min -20.1403, max 13.6887, mean -2.16113, stddev 2.00426, skewness 0.298175, kurtosis 3.06029 ) 
[8] output of <Sigmoid> ( min 1.79127e-09, max 0.999999, mean 0.190091, stddev 0.233673, skewness 1.82752, kurtosis 2.64223 ) 
[9] output of <AffineTransform> ( min -15.4715, max 14.1332, mean -2.21213, stddev 2.52595, skewness 0.918734, kurtosis 2.08073 ) 
[10] output of <Sigmoid> ( min 1.90905e-07, max 0.999999, mean 0.209729, stddev 0.282747, skewness 1.58569, kurtosis 1.30199 ) 
[11] output of <AffineTransform> ( min -30.2777, max 18.9515, mean -3.61985, stddev 3.27253, skewness 0.661473, kurtosis 2.49498 ) 
[12] output of <Sigmoid> ( min 7.08896e-14, max 1, mean 0.145646, stddev 0.279377, skewness 2.11116, kurtosis 3.05441 ) 
[13] output of <AffineTransform> ( min -11.7884, max 19.652, mean -0.010951, stddev 3.02241, skewness 0.649756, kurtosis 1.12534 ) 
[14] output of <Softmax> ( min 1.09199e-13, max 0.994349, mean 0.000514088, stddev 0.0141039, skewness 46.9682, kurtosis 2539.02 ) 
### END FORWARD
LOG (nnet-train-frmshuff[5.5.208~1-b0fc0]:main():nnet-train-frmshuff.cc:357) 
### BACKWARD PROPAGATION BUFFER CONTENT :
[0] diff of <Input>  ( min -1.12926, max 1.50395, mean 0.000413541, stddev 0.0516203, skewness 0.484526, kurtosis 36.8742 ) 
[1] diff-output of <AffineTransform> ( min -0.271155, max 0.303373, mean 5.8051e-06, stddev 0.00867968, skewness -0.311254, kurtosis 71.6168 ) 
[2] diff-output of <Sigmoid> ( min -1.36176, max 2.8876, mean 6.49876e-05, stddev 0.0760401, skewness 0.468405, kurtosis 27.9553 ) 
[3] diff-output of <AffineTransform> ( min -0.347044, max 0.376864, mean 4.94632e-05, stddev 0.00988324, skewness 0.564571, kurtosis 79.1167 ) 
[4] diff-output of <Sigmoid> ( min -1.49091, max 1.87886, mean 5.74766e-05, stddev 0.0884532, skewness 0.092404, kurtosis 12.4333 ) 
[5] diff-output of <AffineTransform> ( min -0.267706, max 0.394941, mean 6.06342e-05, stddev 0.0103396, skewness 0.758858, kurtosis 63.4271 ) 
[6] diff-output of <Sigmoid> ( min -1.37092, max 1.58062, mean 0.000286374, stddev 0.0843794, skewness -0.00770987, kurtosis 10.2425 ) 
[7] diff-output of <AffineTransform> ( min -0.184555, max 0.259979, mean 4.13424e-05, stddev 0.00907821, skewness 0.226873, kurtosis 29.8572 ) 
[8] diff-output of <Sigmoid> ( min -0.961095, max 1.22373, mean 0.000144612, stddev 0.0621736, skewness -0.00893009, kurtosis 8.64557 ) 
[9] diff-output of <AffineTransform> ( min -0.151161, max 0.141088, mean 4.44444e-05, stddev 0.00693638, skewness 0.103781, kurtosis 25.0351 ) 
[10] diff-output of <Sigmoid> ( min -0.660117, max 0.712807, mean 0.000114181, stddev 0.0513422, skewness -0.0464686, kurtosis 7.56779 ) 
[11] diff-output of <AffineTransform> ( min -0.252385, max 0.204138, mean 6.38348e-05, stddev 0.00867388, skewness 0.0380674, kurtosis 33.6902 ) 
[12] diff-output of <Sigmoid> ( min -1.57359, max 1.1429, mean 0.000803606, stddev 0.0909493, skewness -0.0935038, kurtosis 3.47164 ) 
[13] diff-output of <AffineTransform> ( min -0.999989, max 0.985849, mean -3.02797e-10, stddev 0.0190496, skewness -28.7856, kurtosis 1890.39 ) 
[14] diff-output of <Softmax> ( min -0.999989, max 0.985849, mean -3.02797e-10, stddev 0.0190496, skewness -28.7856, kurtosis 1890.39 ) 
### END BACKWARD
LOG (nnet-train-frmshuff[5.5.208~1-b0fc0]:main():nnet-train-frmshuff.cc:358) 
### GRADIENT STATS :
Component 1 : <AffineTransform>, 
  linearity_grad ( min -1.16034, max 1.58262, mean 0.000761237, stddev 0.136644, skewness 0.0649618, kurtosis 2.88402 ) , lr-coef 1, max-norm 0
  bias_grad ( min -0.55215, max 0.504494, mean 0.00148611, stddev 0.147216, skewness -0.116855, kurtosis 0.527686 ) , lr-coef 1
Component 2 : <Sigmoid>, 
Component 3 : <AffineTransform>, 
  linearity_grad ( min -0.849705, max 0.877886, mean 0.00191557, stddev 0.0597918, skewness 0.294027, kurtosis 8.17165 ) , lr-coef 1, max-norm 0
  bias_grad ( min -0.833077, max 0.805395, mean 0.0126626, stddev 0.172638, skewness 0.248648, kurtosis 2.57822 ) , lr-coef 1
Component 4 : <Sigmoid>, 
Component 5 : <AffineTransform>, 
  linearity_grad ( min -0.740765, max 1.36697, mean 0.00153827, stddev 0.0422719, skewness 0.582518, kurtosis 15.6386 ) , lr-coef 1, max-norm 0
  bias_grad ( min -0.782221, max 1.59927, mean 0.0155223, stddev 0.191774, skewness 0.626745, kurtosis 5.97227 ) , lr-coef 1
Component 6 : <Sigmoid>, 
Component 7 : <AffineTransform>, 
  linearity_grad ( min -0.62538, max 0.734313, mean 0.0010464, stddev 0.0366028, skewness 0.165538, kurtosis 10.8313 ) , lr-coef 1, max-norm 0
  bias_grad ( min -0.655524, max 0.890721, mean 0.0105836, stddev 0.169123, skewness 0.0255693, kurtosis 2.25315 ) , lr-coef 1
Component 8 : <Sigmoid>, 
Component 9 : <AffineTransform>, 
  linearity_grad ( min -0.348299, max 0.557284, mean 0.00197044, stddev 0.0352362, skewness 0.100917, kurtosis 3.69939 ) , lr-coef 1, max-norm 0
  bias_grad ( min -0.493122, max 0.662093, mean 0.0113778, stddev 0.121428, skewness 0.00249824, kurtosis 1.3991 ) , lr-coef 1
Component 10 : <Sigmoid>, 
Component 11 : <AffineTransform>, 
  linearity_grad ( min -0.765808, max 0.511309, mean 0.00354377, stddev 0.0510674, skewness 0.138072, kurtosis 4.56626 ) , lr-coef 1, max-norm 0
  bias_grad ( min -0.662562, max 0.499265, mean 0.0163416, stddev 0.145803, skewness -0.00440345, kurtosis 1.36716 ) , lr-coef 1
Component 12 : <Sigmoid>, 
Component 13 : <AffineTransform>, 
  linearity_grad ( min -2.87942, max 2.57951, mean -8.89238e-07, stddev 0.102514, skewness -4.85048, kurtosis 87.3111 ) , lr-coef 1, max-norm 0
  bias_grad ( min -2.88066, max 2.42277, mean -2.63875e-09, stddev 0.328698, skewness -1.69267, kurtosis 12.9791 ) , lr-coef 1
Component 14 : <Softmax>, 
### END GRADIENT
LOG (ali-to-pdf[5.5.208~1-b0fc0]:main():ali-to-pdf.cc:68) Converted 3696 alignments to pdf sequences.
LOG (ali-to-post[5.5.208~1-b0fc0]:main():ali-to-post.cc:73) Converted 3696 alignments.
LOG (copy-feats[5.5.208~1-b0fc0]:main():copy-feats.cc:143) Copied 3328 feature matrices.
LOG (nnet-train-frmshuff[5.5.208~1-b0fc0]:main():nnet-train-frmshuff.cc:384) ### After 1012992 frames,
LOG (nnet-train-frmshuff[5.5.208~1-b0fc0]:main():nnet-train-frmshuff.cc:385) 
### FORWARD PROPAGATION BUFFER CONTENT :
[0] output of <Input>  ( min -6.56583, max 6.93215, mean -0.0027099, stddev 0.995076, skewness 0.0695578, kurtosis 2.02742 ) 
[1] output of <AffineTransform> ( min -42.603, max 25.9417, mean -3.39213, stddev 4.5138, skewness 0.144331, kurtosis 1.73251 ) 
[2] output of <Sigmoid> ( min 3.14611e-19, max 1, mean 0.216055, stddev 0.32799, skewness 1.4249, kurtosis 0.490918 ) 
[3] output of <AffineTransform> ( min -28.8501, max 16.827, mean -3.7665, stddev 2.93197, skewness -0.0621484, kurtosis 2.12497 ) 
[4] output of <Sigmoid> ( min 2.95497e-13, max 1, mean 0.120961, stddev 0.220759, skewness 2.48394, kurtosis 5.52652 ) 
[5] output of <AffineTransform> ( min -14.2339, max 12.2833, mean -3.05721, stddev 2.10932, skewness 0.614193, kurtosis 2.1815 ) 
[6] output of <Sigmoid> ( min 6.58113e-07, max 0.999995, mean 0.123998, stddev 0.205088, skewness 2.57474, kurtosis 6.33313 ) 
[7] output of <AffineTransform> ( min -20.0622, max 13.6084, mean -2.08257, stddev 2.07347, skewness 0.300961, kurtosis 2.77736 ) 
[8] output of <Sigmoid> ( min 1.93688e-09, max 0.999999, mean 0.20238, stddev 0.243608, skewness 1.70242, kurtosis 2.08896 ) 
[9] output of <AffineTransform> ( min -15.1394, max 14.2452, mean -2.17803, stddev 2.68586, skewness 0.901783, kurtosis 1.95965 ) 
[10] output of <Sigmoid> ( min 2.66087e-07, max 0.999999, mean 0.220659, stddev 0.294501, skewness 1.48112, kurtosis 0.899328 ) 
[11] output of <AffineTransform> ( min -30.1467, max 19.8511, mean -3.98887, stddev 3.58582, skewness 0.57837, kurtosis 2.17847 ) 
[12] output of <Sigmoid> ( min 8.08067e-14, max 1, mean 0.140219, stddev 0.281307, skewness 2.15597, kurtosis 3.20554 ) 
[13] output of <AffineTransform> ( min -13.1426, max 21.2862, mean -0.00939525, stddev 3.37062, skewness 0.646504, kurtosis 1.10232 ) 
[14] output of <Softmax> ( min 7.1578e-15, max 0.999295, mean 0.000514202, stddev 0.0155609, skewness 46.1828, kurtosis 2388.7 ) 
### END FORWARD
LOG (nnet-train-frmshuff[5.5.208~1-b0fc0]:main():nnet-train-frmshuff.cc:387) 
### BACKWARD PROPAGATION BUFFER CONTENT :
[0] diff of <Input>  ( min -1.48883, max 0.981189, mean 2.5504e-05, stddev 0.050864, skewness -0.495437, kurtosis 32.9579 ) 
[1] diff-output of <AffineTransform> ( min -0.267577, max 0.221693, mean 6.00588e-05, stddev 0.00752283, skewness 0.303189, kurtosis 60.2054 ) 
[2] diff-output of <Sigmoid> ( min -1.21804, max 1.11824, mean 0.000545954, stddev 0.0679358, skewness 0.00501056, kurtosis 12.2692 ) 
[3] diff-output of <AffineTransform> ( min -0.251246, max 0.247233, mean 4.57897e-05, stddev 0.00895003, skewness 0.316513, kurtosis 62.4817 ) 
[4] diff-output of <Sigmoid> ( min -1.31449, max 1.18562, mean 0.000115026, stddev 0.0851323, skewness 0.0394894, kurtosis 11.0138 ) 
[5] diff-output of <AffineTransform> ( min -0.263245, max 0.266203, mean 6.60879e-05, stddev 0.00979148, skewness 0.166627, kurtosis 61.0222 ) 
[6] diff-output of <Sigmoid> ( min -1.18861, max 1.16759, mean 0.000399095, stddev 0.0817847, skewness -0.00289796, kurtosis 10.7389 ) 
[7] diff-output of <AffineTransform> ( min -0.209106, max 0.15168, mean 2.79144e-05, stddev 0.00848452, skewness -0.0223738, kurtosis 29.1928 ) 
[8] diff-output of <Sigmoid> ( min -0.855843, max 0.692374, mean 0.000145557, stddev 0.0579864, skewness -0.021251, kurtosis 9.4258 ) 
[9] diff-output of <AffineTransform> ( min -0.117061, max 0.111744, mean 1.71602e-05, stddev 0.00631506, skewness -0.0601149, kurtosis 29.4843 ) 
[10] diff-output of <Sigmoid> ( min -0.593237, max 0.581235, mean 3.0422e-05, stddev 0.0472119, skewness -0.131749, kurtosis 9.29606 ) 
[11] diff-output of <AffineTransform> ( min -0.250382, max 0.198922, mean 1.74157e-05, stddev 0.00755073, skewness 0.0691674, kurtosis 49.8857 ) 
[12] diff-output of <Sigmoid> ( min -1.14497, max 1.83694, mean 0.000826583, stddev 0.0821065, skewness -0.032726, kurtosis 6.68476 ) 
[13] diff-output of <AffineTransform> ( min -0.999827, max 0.949368, mean -3.78836e-10, stddev 0.0157581, skewness -30.6312, kurtosis 2375.31 ) 
[14] diff-output of <Softmax> ( min -0.999827, max 0.949368, mean -3.78836e-10, stddev 0.0157581, skewness -30.6312, kurtosis 2375.31 ) 
### END BACKWARD
LOG (nnet-train-frmshuff[5.5.208~1-b0fc0]:main():nnet-train-frmshuff.cc:388) 
### GRADIENT STATS :
Component 1 : <AffineTransform>, 
  linearity_grad ( min -0.953823, max 1.25824, mean 0.000126113, stddev 0.119051, skewness -0.00370356, kurtosis 2.03174 ) , lr-coef 1, max-norm 0
  bias_grad ( min -0.418093, max 0.600836, mean 0.0153751, stddev 0.128114, skewness 0.16016, kurtosis 1.11724 ) , lr-coef 1
Component 2 : <Sigmoid>, 
Component 3 : <AffineTransform>, 
  linearity_grad ( min -0.542257, max 0.70309, mean 0.00275716, stddev 0.0588487, skewness 0.37022, kurtosis 5.56981 ) , lr-coef 1, max-norm 0
  bias_grad ( min -0.55066, max 0.785146, mean 0.0117222, stddev 0.156511, skewness 0.399328, kurtosis 2.60894 ) , lr-coef 1
Component 4 : <Sigmoid>, 
Component 5 : <AffineTransform>, 
  linearity_grad ( min -0.823123, max 0.697367, mean 0.00218418, stddev 0.0404233, skewness 0.302215, kurtosis 9.41267 ) , lr-coef 1, max-norm 0
  bias_grad ( min -0.606947, max 0.91465, mean 0.0169185, stddev 0.163182, skewness 0.354745, kurtosis 2.38771 ) , lr-coef 1
Component 6 : <Sigmoid>, 
Component 7 : <AffineTransform>, 
  linearity_grad ( min -0.441377, max 0.479628, mean 0.000910429, stddev 0.0329212, skewness 0.181782, kurtosis 7.42325 ) , lr-coef 1, max-norm 0
  bias_grad ( min -0.490703, max 0.528836, mean 0.00714603, stddev 0.138346, skewness 0.13021, kurtosis 1.19173 ) , lr-coef 1
Component 8 : <Sigmoid>, 
Component 9 : <AffineTransform>, 
  linearity_grad ( min -0.291477, max 0.322821, mean 0.000939848, stddev 0.0321523, skewness 0.117978, kurtosis 2.87785 ) , lr-coef 1, max-norm 0
  bias_grad ( min -0.349964, max 0.376869, mean 0.00439302, stddev 0.101908, skewness 0.0877186, kurtosis 0.667014 ) , lr-coef 1
Component 10 : <Sigmoid>, 
Component 11 : <AffineTransform>, 
  linearity_grad ( min -0.567792, max 0.439487, mean 0.000751202, stddev 0.0455883, skewness 0.076964, kurtosis 4.03024 ) , lr-coef 1, max-norm 0
  bias_grad ( min -0.532647, max 0.520457, mean 0.00445841, stddev 0.126134, skewness 0.141711, kurtosis 1.30632 ) , lr-coef 1
Component 12 : <Sigmoid>, 
Component 13 : <AffineTransform>, 
  linearity_grad ( min -2.60766, max 3.08659, mean -3.38531e-07, stddev 0.0815334, skewness -4.85362, kurtosis 93.3515 ) , lr-coef 1, max-norm 0
  bias_grad ( min -2.43711, max 3.09615, mean -7.81276e-09, stddev 0.2623, skewness -1.17623, kurtosis 19.9848 ) , lr-coef 1
Component 14 : <Softmax>, 
### END GRADIENT
LOG (nnet-train-frmshuff[5.5.208~1-b0fc0]:main():nnet-train-frmshuff.cc:395) Done 3328 files, 0 with no tgt_mats, 0 with other errors. [TRAINING, RANDOMIZED, 0.773721 min, processing 21820.8 frames per sec; i/o time 1.39242%]
LOG (nnet-train-frmshuff[5.5.208~1-b0fc0]:main():nnet-train-frmshuff.cc:405) PER-CLASS PERFORMANCE:
@@@ Frames per-class: [ 37080 201 849 370 242 224 170 604 201 2387 860 113 1279 306 573 218 250 276 447 388 585 508 262 719 442 610 266 352 240 194 309 1010 146 205 1494 616 1928 1060 395 564 106 221 121 377 621 452 159 417 3018 14358 2440 67 2576 377 618 53041 228 599 743 206 703 419 100 468 590 3124 645 1707 410 1507 283 352 1382 305 628 1061 385 518 387 352 1960 293 729 379 466 219 396 723 252 276 433 775 618 584 282 382 554 416 256 434 941 277 632 356 763 712 319 322 995 1054 366 635 329 299 181 416 143 255 275 91 453 555 952 1560 241 136 303 333 2364 1073 317 557 405 613 352 704 224 234 169 751 323 154 480 1134 175 643 255 200 344 238 92 621 751 497 392 664 272 310 260 206 247 534 439 178 427 585 317 488 249 358 247 1524 1979 309 282 660 260 542 435 456 563 356 1095 961 777 455 103 496 175 179 325 506 812 780 148 182 262 543 535 481 372 228 603 549 388 415 318 325 351 594 631 139 453 293 299 266 334 214 238 478 253 187 335 411 189 1043 349 238 143 607 96 362 377 199 178 261 419 536 366 176 155 148 125 66 253 877 512 246 308 243 307 587 255 368 313 1520 444 228 231 952 359 566 540 997 443 181 410 157 420 954 113 217 357 209 2187 439 977 241 386 615 120 701 403 437 559 284 1101 251 213 583 287 395 86 394 300 413 406 298 133 112 527 446 1443 515 309 217 311 837 366 237 580 415 175 122 654 406 282 335 425 277 219 487 183 150 502 587 144 536 71 130 247 374 64 113 127 733 379 206 503 234 352 175 253 918 1301 326 289 325 282 325 231 365 410 373 1032 339 472 137 460 678 195 180 427 186 563 1347 472 221 346 294 355 569 225 313 285 271 227 290 830 101 133 286 213 442 820 176 347 231 473 268 110 279 176 215 134 356 339 496 475 336 1140 81 125 637 389 417 369 282 300 689 215 319 129 885 475 398 94 349 585 116 436 823 840 503 253 445 247 272 226 288 493 423 192 2747 1305 386 474 138 224 547 415 708 161 113 1629 321 603 281 176 202 91 286 250 232 85 160 351 471 388 532 823 291 273 285 398 212 480 328 173 150 632 118 177 739 292 155 229 206 759 190 245 426 212 161 693 246 1187 340 1368 98 347 206 291 799 445 355 799 335 502 336 465 162 1562 813 1513 481 613 408 354 341 349 78 113 360 237 206 290 147 894 492 161 226 1307 221 125 818 97 102 60 280 181 447 339 205 312 235 153 685 319 971 501 681 480 330 246 64 158 197 118 163 150 174 157 521 202 281 106 282 62 385 369 464 422 1525 262 638 408 313 468 159 432 329 407 369 171 310 150 361 186 205 440 279 595 1023 303 419 135 287 513 1132 358 383 403 163 468 1196 496 108 162 769 1112 299 293 66 228 737 415 235 283 863 344 266 477 253 401 1176 249 299 84 908 659 258 345 430 169 203 147 236 535 182 83 211 105 269 533 101 460 139 408 255 669 427 290 632 973 239 570 543 183 568 288 167 478 1683 516 1955 536 786 358 294 290 197 516 740 544 220 369 189 125 910 409 421 361 71 141 192 136 332 297 437 889 212 672 112 385 274 208 160 152 386 456 270 487 1541 345 109 182 414 235 407 458 1700 387 353 469 449 397 378 482 950 1043 428 85 646 669 286 427 277 242 425 99 421 138 131 300 180 374 1349 775 517 254 721 439 769 444 170 495 483 733 487 506 297 736 1782 643 550 328 311 155 126 257 205 174 142 335 246 155 144 540 405 321 503 186 394 163 267 711 665 194 202 904 580 569 487 354 55 163 284 440 153 95 277 621 517 322 215 250 869 259 104 710 235 353 524 232 141 163 285 250 565 209 794 218 328 279 161 404 432 269 868 111 230 476 430 228 518 391 154 498 458 409 544 562 400 185 688 264 183 451 405 453 247 622 154 958 688 358 363 505 310 261 809 639 232 520 209 196 903 155 193 307 270 221 433 293 439 363 259 629 161 383 536 116 164 216 434 932 525 219 278 155 248 313 792 420 1147 1404 630 501 156 1340 658 201 387 514 85 296 156 448 277 196 277 441 157 462 324 614 809 765 306 706 162 493 272 123 208 309 464 662 234 268 537 585 599 360 409 144 274 276 229 333 191 580 256 222 268 177 337 223 272 658 721 138 139 315 206 275 318 389 277 384 324 465 164 839 437 391 271 735 176 763 165 473 454 886 319 145 430 588 201 330 181 448 294 279 250 387 303 935 554 424 246 490 301 325 801 174 654 298 429 870 270 145 1056 534 264 277 569 442 235 239 336 19 636 169 687 86 243 786 701 467 342 122 757 720 83 1181 442 195 308 141 348 391 879 127 331 480 249 164 399 287 573 527 179 255 565 519 387 484 641 105 564 196 362 180 347 85 559 1016 190 221 544 308 425 431 765 574 293 480 306 810 179 290 345 128 610 1139 401 1262 519 177 164 322 82 347 274 383 501 287 349 226 510 404 816 376 216 196 191 584 113 209 1067 381 573 586 707 136 170 236 583 889 222 359 196 1193 626 1036 99 390 228 427 167 506 377 225 609 382 514 152 683 475 212 282 253 366 374 364 207 358 213 494 164 283 371 172 752 300 182 165 738 363 1640 350 966 1108 834 177 312 206 452 226 581 504 288 801 147 159 651 448 189 320 366 731 185 300 250 58 293 814 193 486 183 254 413 662 945 260 545 540 151 564 530 631 264 697 654 348 845 958 221 403 1895 190 107 162 140 951 853 743 157 236 451 187 447 218 590 125 151 200 420 855 1193 661 197 473 401 312 332 415 2326 466 199 48 204 221 143 164 1044 337 44 579 303 372 450 242 216 641 1010 393 181 108 538 400 392 165 1127 701 389 666 758 252 135 723 184 908 35 179 1265 619 241 568 381 1251 706 335 1391 283 616 324 1049 890 140 19 112 694 384 311 256 317 337 290 329 935 197 865 753 721 368 309 115 172 438 484 519 269 134 319 295 246 943 932 157 1272 191 635 150 575 907 410 545 487 90 558 468 397 420 391 260 216 850 1271 588 509 368 849 288 607 496 134 495 179 302 528 197 656 123 357 119 452 655 323 515 400 182 187 290 259 1165 492 223 174 679 708 741 217 216 401 714 658 249 290 859 702 257 292 149 428 553 537 790 324 1195 571 251 618 891 193 221 1363 95 548 389 645 955 448 675 331 494 306 598 753 110 628 336 343 487 381 214 483 577 922 313 162 100 333 304 356 68 350 194 343 235 496 173 1330 442 937 686 809 470 1350 267 247 309 195 1008 251 1324 483 632 724 423 205 538 737 129 133 598 576 456 1345 1293 166 189 270 373 539 690 150 570 666 437 378 176 404 966 501 247 265 346 35 286 294 885 161 286 608 682 561 502 602 376 152 1037 1813 417 477 510 243 418 342 541 373 572 530 439 527 528 475 382 84 373 561 599 607 493 291 1180 1094 487 156 775 273 335 1136 230 1645 398 606 504 688 159 145 162 187 623 667 395 596 487 442 161 1060 852 796 445 473 150 837 1153 123 342 309 250 161 290 253 502 299 592 394 1330 642 781 1369 2663 949 769 536 252 274 190 1082 720 479 505 735 380 253 520 661 432 222 1014 311 411 463 260 144 213 378 408 207 1254 213 155 303 362 568 809 530 321 757 379 367 662 170 248 290 473 675 546 251 452 520 193 279 461 272 381 1022 686 199 244 3326 319 234 2279 221 667 154 1207 172 87 632 597 578 150 281 388 521 833 298 208 455 635 598 440 608 1155 592 703 287 249 493 270 567 267 84 201 720 825 425 520 672 142 215 451 625 217 323 259 438 1119 511 1142 612 204 401 899 438 747 232 483 379 383 382 1027 480 571 879 480 238 143 170 368 1024 2019 606 489 362 467 294 1081 137 441 359 281 682 572 379 705 484 472 225 1100 1010 801 848 572 301 1021 186 157 746 942 379 275 854 459 304 1424 227 617 75 443 359 434 402 242 216 321 439 760 329 360 246 618 334 963 152 833 361 339 345 720 2886 265 237 1215 209 360 457 1070 508 432 503 149 143 578 607 962 257 154 130 554 593 3139 1355 251 300 331 1210 133 269 428 476 741 672 473 665 341 420 265 173 384 170 172 601 603 263 118 854 331 197 439 322 805 699 411 353 573 185 791 350 658 547 471 226 242 994 76 1102 564 256 298 286 161 691 173 107 605 264 130 898 1036 974 708 458 414 359 949 851 500 276 606 396 1025 309 458 305 432 579 250 154 601 638 212 604 547 207 959 355 358 277 282 861 492 751 599 334 1028 2587 402 913 749 336 301 999 355 410 1952 292 484 265 247 1191 337 617 310 284 807 587 534 639 616 376 654 700 1135 1052 470 371 431 857 181 239 342 2542 594 548 653 548 438 183 559 410 477 1052 762 529 168 915 457 1165 150 376 134 195 686 369 295 957 424 166 546 310 779 878 467 364 576 177 605 596 185 95 394 219 327 19 1314 519 387 180 408 791 1069 981 249 708 560 381 412 174 446 231 169 610 691 429 269 301 177 ]
@@@ Loss per-class: [ 0.625421 1.20845 1.00522 1.45822 1.18349 1.30059 2.06 1.15867 1.11921 0.812005 0.703676 2.72662 1.04185 1.14893 1.75308 1.99979 1.89833 4.06919 1.5665 1.08931 1.18346 1.25982 0.958697 1.36276 1.43865 0.999811 1.31455 1.38768 1.24606 2.07454 1.63271 1.3559 1.32405 2.22936 0.537522 0.636835 0.63268 0.41794 1.52799 2.74872 2.30666 2.27551 2.75731 1.36957 0.983017 0.652826 1.1793 1.47306 0.940034 1.08222 0.411039 1.60174 0.60642 1.23626 1.37767 0.390647 1.64007 0.829109 1.33873 1.49723 1.26658 1.73908 2.62856 1.79398 1.16673 1.22731 0.88154 0.877424 1.32826 0.541277 1.08537 1.2747 0.618099 0.774307 0.795213 1.01153 1.36858 1.72789 1.66673 1.7462 1.11663 1.74329 0.807317 1.94995 1.35008 1.57962 1.05673 0.886602 2.12451 1.55682 1.27263 1.52413 0.940323 1.57927 1.56564 1.16382 1.72707 1.90876 1.02682 0.921739 1.06965 2.55618 0.999545 1.50056 0.934724 1.05957 2.55025 1.00919 1.42524 1.00909 1.33028 0.680463 1.63122 2.30358 1.43303 1.53032 2.4707 1.74318 1.2912 1.57312 1.09943 1.91285 1.96991 1.01747 1.71311 2.24928 2.20957 2.22033 0.874139 0.918478 1.15787 2.08553 1.58362 1.21688 0.791527 1.40815 0.756856 1.40528 2.67848 0.812251 1.73262 1.03511 1.2033 0.606923 1.94126 0.436346 1.34327 2.14331 1.27289 1.2831 1.86314 1.43339 1.20934 0.903693 1.20995 1.78873 1.22946 1.86422 2.04391 2.46455 2.66289 1.12538 1.87986 2.09965 1.19103 1.00118 1.36938 0.99085 1.91792 1.45955 1.2498 0.844918 1.48876 2.11787 1.91653 1.73684 1.4327 1.44928 1.46277 0.970176 1.21745 1.51021 1.08985 1.73906 1.19281 0.932308 2.07542 1.22534 1.82045 1.57009 1.48653 0.871312 0.862334 1.46721 1.82578 1.70305 1.08194 0.782107 1.36446 0.947701 0.881075 1.09878 1.74397 0.743812 1.00025 1.29099 1.22065 1.28861 1.29649 1.70598 1.41407 1.24559 1.49219 2.42353 1.24366 1.04081 2.01259 1.6198 2.02404 0.972401 1.31259 1.98946 0.871285 1.56751 2.43842 1.38191 2.59574 1.45582 1.76892 1.89794 1.71026 1.09696 0.61418 1.87665 1.62891 1.06411 1.01485 1.50786 1.14836 3.96186 1.91397 1.00984 1.75588 1.64024 1.37511 1.9436 1.9893 2.18128 2.68646 2.07631 0.795349 1.02073 0.988862 0.924552 1.77679 0.779769 1.00606 2.58325 1.08282 0.610318 1.43633 1.05453 1.44154 0.93919 0.897137 1.46244 1.94567 1.01015 0.869638 0.988347 2.21337 1.06393 1.43369 1.40515 1.45124 1.47647 0.920211 1.68103 1.40274 0.790218 2.02986 0.660748 1.12308 1.5195 2.20132 2.37984 1.31611 1.60524 1.42662 1.79838 1.32262 1.37088 1.8644 1.22012 1.2856 0.909419 0.966484 1.62422 1.66394 1.20327 1.52264 1.07304 1.47994 1.12203 1.69651 1.65131 1.16352 1.29801 1.37431 1.23789 0.855473 2.62124 1.48459 1.35425 0.632053 1.48316 0.597672 2.16722 1.20169 1.12051 1.29641 1.59438 2.86641 1.41188 1.8445 2.29011 2.20785 1.52462 2.2089 2.58471 1.18673 1.35499 2.75148 1.60896 2.3308 0.8679 1.81968 1.062 0.889356 1.8739 1.11223 1.92396 1.38214 1.71538 0.579782 1.57582 1.39724 2.38278 1.97096 1.51083 1.4108 0.878865 1.38628 1.87052 0.440743 2.64522 1.50098 1.51879 1.01685 0.947925 1.40424 1.12467 2.74225 1.3242 0.708926 1.00138 1.33558 1.91405 1.81274 1.14292 1.65443 1.46296 1.48155 1.45041 1.15866 2.45045 1.48294 1.41249 1.48125 1.66145 1.6561 1.67444 1.26246 1.73721 1.29171 1.07863 0.895872 1.56636 1.74857 1.8739 1.71494 1.77098 1.25268 1.81281 3.10503 1.1566 2.12667 1.20575 0.966781 1.31498 1.09356 1.89272 1.77918 1.1128 1.11468 2.53093 1.85969 1.8823 1.31957 1.11808 1.25675 1.41768 1.68195 1.5755 1.66665 1.32368 1.56547 1.85515 1.59426 1.91628 1.85393 0.621694 1.09598 1.97205 1.60251 1.63761 1.56716 1.4872 1.41484 1.05543 1.61351 1.5996 2.41328 0.929795 1.03688 1.45372 1.40422 2.27899 1.88735 1.56388 1.36016 1.09783 1.51673 1.95233 0.730001 1.13907 1.1669 1.67726 2.76967 1.21598 1.83939 0.96894 1.87699 1.53408 2.71583 1.95311 1.2193 1.37817 1.24045 1.17665 0.937358 2.16739 0.989317 1.10983 0.699359 1.21983 0.923761 1.42483 1.86275 2.01487 1.42372 2.24762 1.66092 1.04397 1.91538 1.36056 1.17096 1.47945 1.04746 2.04014 1.31476 1.89958 1.61041 2.00108 0.569654 2.75369 1.76499 1.49299 0.994445 1.68269 1.54035 1.66198 1.88831 1.67718 1.75249 0.974775 1.43407 1.51173 1.13069 1.31451 1.68685 1.83191 1.18352 1.40484 1.18586 2.0012 1.45739 1.21976 1.24896 1.33647 1.20467 1.73839 2.0218 1.13257 1.26671 1.61728 1.84286 1.61951 1.54194 1.73913 1.80687 1.85194 1.93611 1.15078 1.96417 1.32376 1.95846 3.26377 2.7894 1.19953 2.38084 1.60198 1.83086 1.10739 1.1864 2.34891 1.12387 0.851415 1.29926 0.847741 1.80619 1.31735 1.09673 1.5309 1.78635 2.33076 1.42533 1.73379 2.8064 1.75649 1.51733 2.63763 1.25693 1.94435 1.17344 1.34558 2.01337 2.31186 2.02265 1.88329 1.17102 1.59041 0.890153 1.84971 2.28273 1.62804 0.997627 1.19443 1.33611 2.8466 1.17228 1.62259 2.51637 2.34115 1.56817 1.09577 1.93418 1.37513 1.49429 2.05445 1.51269 2.27929 0.760468 1.29852 1.60969 2.09696 2.62588 1.94821 1.82689 1.33795 2.15953 0.993867 1.4219 1.06131 1.35363 1.40817 0.929626 1.62654 1.70793 2.08114 1.43842 1.76036 1.03434 3.19104 1.25165 1.31206 1.1058 1.80745 0.789487 1.5227 1.48457 1.88055 1.02996 2.26919 0.889578 1.7352 1.31151 0.742961 1.68703 1.09036 0.83473 1.51537 1.74875 2.08648 1.90748 2.0652 1.54554 1.22038 0.745392 2.03109 1.93654 3.2809 1.87454 1.02341 1.76266 1.60415 1.63124 1.11114 0.917567 1.50909 1.67786 1.0469 1.76733 1.33559 1.2466 1.82021 1.5668 1.58141 2.46748 1.72595 0.896181 2.26051 0.888383 0.689606 2.24675 1.56493 1.27054 1.67602 1.7714 1.95635 2.70743 3.34852 1.64671 0.816795 0.866294 1.62459 1.61139 2.22393 2.37818 1.38038 1.45184 2.07773 0.963912 1.87529 1.32903 2.08381 2.52534 1.01581 1.928 2.23296 1.25569 1.41948 1.2682 1.3189 2.95476 1.03215 1.65824 1.37435 1.69713 1.60863 1.63074 2.03348 1.38649 1.14402 1.43757 1.89184 1.65412 1.25148 1.04093 0.974783 2.74089 1.15248 1.83975 1.97639 0.907461 1.66844 1.3116 1.05634 1.66776 1.34555 1.90593 1.38795 1.89597 0.97622 1.38983 2.39218 1.27314 2.52007 1.55433 1.23627 2.40771 0.925225 1.33443 1.39522 2.23061 1.9752 1.50697 1.64082 1.6941 1.6761 1.45218 1.6068 1.35032 1.81569 1.35713 1.74039 1.87695 0.940131 1.06381 1.29463 2.01571 1.20094 1.29608 0.992492 0.892683 2.47757 1.54072 1.80614 1.58057 1.45796 1.4278 1.67908 1.47885 2.33011 1.48528 1.04129 2.09466 1.55969 1.65442 1.72734 1.32667 1.89158 1.36047 1.17972 2.51194 1.42073 1.17686 1.23883 1.29549 1.71452 0.731043 1.00536 1.05184 1.56365 1.49954 1.37452 2.79044 2.88415 1.51894 1.98301 2.44627 2.58367 0.749924 1.88688 1.43925 1.81584 1.43531 1.47997 1.44897 2.93928 1.17538 2.32444 1.39576 1.34202 2.40676 1.49153 1.79577 2.34372 1.36587 1.57043 1.68818 1.85312 2.10931 1.8234 2.41774 1.86826 1.99604 1.34514 2.04838 0.980416 2.23097 1.34897 1.58341 1.65505 1.29561 1.09436 1.02981 1.13963 1.67755 1.69653 1.31612 1.18882 1.50124 1.84033 2.06622 0.838567 2.36883 2.00598 1.41068 1.66234 1.04371 1.6895 1.16095 1.58632 1.03966 1.02225 2.04116 1.54942 1.96687 1.61565 2.12492 1.6885 1.32668 1.65874 1.53189 2.02117 1.08396 1.27115 1.85894 1.49017 2.57626 1.54974 2.67365 1.13088 1.16744 1.61036 1.34248 1.65611 1.77064 2.31732 1.0764 1.75879 1.92613 3.12028 1.91063 0.949882 1.30868 1.64188 1.4334 2.86203 1.44009 1.08928 1.80354 1.48937 1.14966 0.892296 0.756329 0.711384 1.51503 2.50105 1.12602 1.70825 3.60553 1.67232 1.12633 1.51843 1.33251 2.28606 1.87698 1.5171 0.675762 1.61849 1.40687 1.30358 1.27392 1.60887 1.24633 1.30412 1.11372 1.45297 1.54045 3.67098 2.33458 1.58254 2.98026 1.66292 1.71668 1.67947 1.11854 1.7576 1.41377 1.3742 1.87687 0.805318 2.29733 1.20192 1.52605 0.879933 2.20709 1.47779 1.06346 1.83754 2.26352 1.6148 2.32856 1.19451 1.81642 2.91742 1.28326 1.16997 1.88143 1.1713 2.09663 2.0605 1.81963 1.99226 1.35681 2.80896 1.06396 1.71131 1.78492 1.65289 1.91272 1.39366 1.23298 1.15209 1.82207 1.72181 1.93711 2.3624 0.865772 1.98146 1.81822 0.968915 1.04453 1.45093 1.35128 1.58715 1.83662 1.62409 1.52899 2.51536 0.841555 1.67749 1.30537 1.21589 1.61846 2.02434 1.78171 1.7473 1.7482 1.69555 1.49939 2.13931 1.09652 1.09456 1.63107 2.02024 1.54043 2.60831 1.32274 2.65786 2.18282 1.75376 1.30724 1.08229 3.75638 1.29259 1.40703 1.39392 1.87387 1.24461 2.86819 1.38636 0.930699 1.08209 4.14173 1.60448 0.861201 1.39753 1.28231 1.00277 3.09545 1.44889 1.22659 2.63165 1.40968 0.927258 3.01345 4.27575 1.37696 2.37782 1.63207 1.64683 2.23418 1.40798 1.81434 1.43617 1.25509 1.11566 1.6219 1.0258 1.81167 3.04177 1.60073 1.72467 1.28487 1.56424 1.39191 1.33511 3.22845 1.42881 1.70818 2.41082 1.45213 2.28102 2.32074 0.980692 0.737932 2.44137 1.66104 1.19123 0.992144 1.3999 2.1236 1.35781 1.90354 1.62996 1.81468 2.20217 2.06075 1.8541 1.61108 1.67522 1.84476 1.46834 1.2296 2.99724 1.64516 1.61025 2.48615 1.42471 2.67132 2.30289 1.44871 2.15892 1.45457 0.686824 1.66379 2.11097 1.52971 0.89745 1.99729 1.77268 1.35351 1.81998 1.69423 2.09971 1.19752 1.81242 1.91624 1.25971 2.84301 1.66934 1.59478 1.28006 1.82588 1.32209 1.28491 0.803012 1.16952 2.14874 1.56901 1.61341 1.09711 1.2068 1.2708 1.98783 2.31738 3.05132 1.23088 1.65586 1.83857 1.51041 1.40493 1.55445 2.03312 1.20266 2.34008 0.877929 1.24732 3.9106 3.7575 1.95353 1.23066 1.7231 1.11437 1.40768 1.55461 1.40569 0.754676 1.27997 1.3209 0.935413 0.886137 1.59984 2.22835 2.60431 1.41518 1.49235 1.76019 1.19159 1.89288 1.72667 0.804385 0.867279 1.89974 1.59465 1.59275 1.79063 1.63421 1.75546 1.32107 2.00332 2.34328 1.21653 2.07201 1.43312 1.19923 1.68522 2.81537 1.18304 1.77013 2.03844 2.02133 1.34018 1.61643 2.24242 2.60685 1.54211 2.35458 1.33604 1.33194 1.29221 1.85077 1.03199 1.53723 1.86079 1.61913 2.47116 1.94772 1.94333 1.84917 2.27229 1.33402 1.11564 1.91068 1.32597 1.05075 2.05695 1.71359 0.706444 1.08533 2.16484 2.37519 1.59326 1.15428 1.26109 1.5141 1.57096 1.68533 2.75082 1.90268 1.38021 1.88436 1.4712 1.74748 1.69541 1.78537 1.10556 1.21505 0.720543 2.51506 1.60667 2.30804 1.25735 0.947522 1.34229 1.63862 0.692352 2.28775 1.95313 2.18222 2.05466 1.38538 1.48824 2.1236 1.66045 1.86988 1.45057 1.30975 1.61106 3.1923 1.24315 1.97038 1.96707 1.72375 1.14093 1.43936 1.54439 2.05649 2.31935 1.96317 1.90567 2.17339 1.16207 2.54852 1.68786 2.16241 1.51036 1.11763 1.45511 1.20722 1.30968 0.711444 2.49378 1.93605 1.17629 2.17555 1.39625 2.05127 2.25293 1.0284 1.61517 1.65648 1.65374 3.1739 2.01697 1.95354 0.6049 1.57892 1.74189 3.23046 3.18531 1.42966 1.17757 1.22563 2.43062 2.41107 1.06649 1.21979 1.26192 2.79906 1.14033 0.968156 1.03399 1.42334 2.00139 2.44068 2.30078 2.24771 1.49454 2.25524 1.55869 0.975713 2.68668 1.98853 2.34258 1.98102 1.06751 0.711725 1.52089 2.05084 1.91048 1.94968 1.92549 0.980568 1.33312 1.65905 1.94714 1.52313 2.55135 1.33233 1.51747 1.75819 1.71702 1.30301 1.94664 3.054 1.81635 0.86227 0.997822 1.05418 0.733416 0.751507 3.03606 1.775 1.28084 2.96569 1.39333 1.37804 1.49925 1.54456 1.69011 1.86444 4.2108 3.68922 2.11045 2.68303 1.13015 1.42779 1.52983 2.54201 2.32355 1.21205 1.70256 2.64013 1.31865 2.13705 4.31813 2.08688 1.34712 1.92868 2.64914 1.43809 2.96042 2.77182 2.62552 1.60844 1.65049 1.69566 1.09375 0.977425 1.52733 1.08077 2.06739 0.987485 1.84469 1.66119 1.81029 0.881575 1.39033 0.927234 2.22575 1.42618 0.63318 2.30526 1.70291 1.6121 1.67483 1.23869 1.82092 0.929256 1.21589 3.13431 1.8826 1.89613 0.899003 1.27787 1.3605 2.19893 2.12807 1.36948 1.52517 1.44505 1.44323 1.54137 1.23581 2.46781 1.56097 1.46064 1.34306 1.68514 2.3549 1.92097 1.34386 1.5654 5.2946 1.51409 4.30104 1.85302 1.31873 1.48466 1.35099 0.994369 1.43512 0.970128 1.53139 1.55889 1.88058 1.07355 2.21884 2.56297 1.06323 2.05228 1.80319 1.97118 1.23937 1.51709 1.71245 1.30509 0.762845 2.24025 1.58998 1.9065 2.93375 3.69062 1.53821 1.43175 1.42003 0.888648 1.99862 1.93927 1.72594 1.68548 1.14843 1.60722 1.18831 2.39981 1.26411 1.85937 1.2798 2.20259 2.59743 2.17369 1.62035 1.83919 3.40413 1.13887 2.43583 3.13694 2.34642 1.96635 0.918809 1.85816 1.99706 1.97611 1.20915 1.10316 0.954774 1.45714 3.02094 2.43724 1.23835 1.67579 1.293 2.42123 1.50679 2.51224 1.76288 1.64118 1.39969 1.47838 1.64519 1.24988 1.84577 1.43079 0.986041 1.88868 1.36868 2.33309 1.50319 1.75498 1.87137 1.77931 1.55228 1.71308 0.706255 0.462783 1.79755 1.63699 1.50379 1.31543 1.5109 1.9467 1.73375 1.12396 2.13529 1.42613 2.09902 2.00033 2.0802 2.17512 2.26555 1.79669 2.31166 1.21406 3.0274 1.27978 2.2033 1.66071 1.5437 1.01915 1.52375 1.94634 1.36926 1.32016 1.91733 1.49532 1.12685 1.37537 1.84038 1.96569 2.2223 2.10872 2.03418 2.00393 1.64567 1.62049 1.78025 2.25971 0.798695 0.923981 1.57562 1.28296 1.43911 1.6207 1.16295 2.71392 2.42379 1.97587 2.08559 1.76559 1.86669 1.28404 1.50512 1.14663 2.20431 2.0518 1.32092 1.82632 1.89571 3.69773 1.76757 1.63095 2.43275 2.71575 4.74063 3.25514 2.91059 1.88995 1.70059 1.57616 0.910843 0.81921 1.50222 1.91471 1.06474 1.56906 1.82401 1.60567 1.33501 1.2577 2.29397 2.56945 1.16874 2.23222 1.58303 2.47392 1.17065 0.934374 1.81411 2.46677 1.69453 1.28597 3.10134 1.55717 1.55963 1.28692 2.7106 1.4811 2.03694 2.61035 2.02191 0.869161 1.88766 2.02229 1.17955 2.32648 1.92834 2.79375 0.978372 1.98611 1.58865 1.03104 1.63145 1.2414 2.24246 2.70028 1.90987 1.49127 2.02005 2.78703 1.22324 2.80432 1.55231 2.29705 1.42901 1.65475 1.16703 1.45424 1.2257 2.03795 2.29554 2.10815 2.74257 1.33697 1.92785 1.77551 4.84405 1.2414 1.00813 1.6079 1.10049 1.78583 1.79127 1.68464 1.98434 1.27397 1.19857 1.90478 1.68929 2.10373 1.87716 1.70879 1.10087 1.49511 3.80966 1.0309 1.11041 1.33815 1.78384 1.0624 1.07434 1.16975 2.32461 1.85916 2.39982 1.72378 2.20811 1.18886 1.45858 3.1049 1.25638 1.73483 2.13195 1.94556 1.38196 2.05218 2.04756 2.16782 1.23633 3.34037 1.1553 1.70759 1.11817 1.71365 1.51781 1.15858 1.52257 2.71535 1.63441 2.11049 1.59554 2.48122 0.966519 1.05196 1.79988 1.54125 1.49395 3.20032 1.70332 3.43543 2.62082 1.56238 1.70688 2.21433 2.06653 1.85441 1.90513 1.14315 1.20902 1.22379 0.663923 4.11213 1.33013 3.03502 2.00878 1.91943 1.8868 1.87547 1.86787 1.58876 1.68115 1.64177 2.48288 1.5916 1.36178 2.24421 1.29407 2.68775 1.71831 1.77396 1.61923 1.15755 1.3472 1.13695 1.54241 2.06458 1.54777 2.34348 1.75007 2.69985 1.17641 1.54614 2.2469 1.83094 1.60817 2.41543 0.992642 1.67447 1.23568 1.14801 1.76225 2.93334 1.84585 1.5522 0.980816 1.15542 1.99292 1.76483 1.349 1.72059 1.69467 1.25489 3.63762 1.71754 1.96792 1.05659 1.83954 1.31032 2.4425 1.63113 2.9392 1.7529 1.78944 1.86235 3.66664 1.19896 1.32218 1.33942 2.32916 0.823889 2.17304 1.24352 1.59316 1.53498 1.6042 1.42319 1.30561 1.71352 1.01725 1.33991 2.11902 3.16915 1.16195 1.01352 3.01194 2.31338 3.33685 0.852886 1.87203 1.51227 2.07921 1.62226 1.43981 1.6426 1.91811 1.37051 3.03449 3.50795 1.72246 1.95604 3.51441 1.37801 1.39095 1.6428 1.63332 0.841207 1.30064 2.12046 0.748125 2.15541 1.66787 1.99257 1.18542 2.99689 1.3076 2.71671 1.88513 2.47358 1.08013 1.36556 3.03231 1.41375 1.1661 1.00557 2.42018 2.54205 1.8767 1.76609 1.35796 1.8502 1.56556 2.91889 1.68664 1.19907 1.85511 1.30132 2.16009 2.52251 1.66451 0.860602 1.71128 0.832308 2.27424 1.96576 2.9888 1.38053 2.57621 1.14444 1.5274 1.80428 1.72422 3.15484 2.46279 1.32643 1.84026 1.31553 1.72708 2.8831 1.52826 1.21579 1.68175 1.42102 1.60162 1.30188 1.30716 2.58747 0.894259 1.47984 1.85176 2.23036 1.7397 1.56793 1.40035 2.33603 1.19776 1.13096 1.67776 2.39393 1.05088 3.203 1.52906 2.59256 2.55641 2.15554 1.64388 1.0395 1.61654 1.68454 3.46344 0.907499 1.82794 1.75093 3.44085 1.93386 3.66319 2.63449 2.26056 2.1703 2.19516 0.99761 1.63874 1.41896 1.64856 1.35344 1.81257 0.959115 1.63398 1.26738 2.52732 1.35132 1.72342 2.89478 1.51494 1.74505 1.3983 2.50786 3.18516 3.16141 1.22462 1.69566 3.43367 3.44565 2.91656 1.70236 1.64815 1.28064 2.73226 1.35074 2.09213 2.22126 2.38381 2.00631 1.51467 2.07417 2.30635 1.61916 1.42376 1.46928 2.63808 3.01151 2.49443 ]
@@@ Frame-accuracy per-class: [ 76.8922 66.9975 73.1018 50.4723 63.5052 61.4699 47.5073 69.6443 65.0124 76.6911 81.4643 27.3128 66.6667 62.6427 46.905 47.5973 54.2914 9.76492 56.3128 65.3797 69.8548 63.3235 74.6667 59.0688 57.8531 65.1925 58.1614 56.4539 67.7755 45.2442 53.6349 54.9233 62.7986 42.3358 84.7106 82.7251 84.4179 88.9203 54.6144 27.1036 39.4366 32.5056 29.6296 53.7748 75.4626 81.326 59.5611 62.0359 72.2876 60.7236 86.4987 57.7778 82.7867 61.9868 60.4689 87.0073 45.9519 73.7281 58.2381 62.954 59.4172 52.6818 26.8657 55.0694 64.1829 44.4231 75.9101 74.4363 63.0938 85.3731 67.7249 62.1277 81.8083 79.2144 73.1901 73.2925 59.9222 45.9016 57.2903 43.6879 64.5754 47.0187 74.1604 38.4717 60.4502 49.6583 72.8878 72.4257 38.8119 53.5262 62.7451 53.5139 75.8286 59.5381 51.6814 58.5621 48.8729 43.4574 71.345 73.1876 68.6139 21.2613 74.4664 59.467 72.2986 70.4561 21.2833 69.7674 61.3762 73.5894 60.573 79.7797 57.0561 29.0484 66.6667 58.3433 29.9652 51.6634 63.8838 56.8306 69.0187 46.0846 44.5144 67.7988 46.7909 38.8278 26.3591 35.6822 75.2379 72.3801 65.1969 28.6996 59.926 62.1027 76.0284 52.3776 72.1604 65.6716 24.1888 74.3846 49.459 66.6667 65.1405 80.2997 39.886 88.4227 56.7515 35.4115 62.119 62.0545 47.5676 60.9815 54.6906 70.1508 69.2994 49.2099 60.1835 52.1739 34.9328 38.7409 23.4343 67.3527 44.8237 39.2157 63.1579 68.4885 56.378 75.3327 47.2946 53.8354 59.3939 75.369 54.6603 33.9257 43.5398 51.022 57.5816 56.2212 56.0276 71.4129 64.7737 57.784 62.8937 49.298 67.91 75.0823 41.5459 67.4723 49.5726 52.9248 60.2151 74.6298 77.2923 58.0397 45.1178 42.7397 70.8571 77.2769 62.9318 72.0665 73.0201 69.1466 51.8641 79.3449 70.7851 59.2058 64.3642 61.4439 66.5718 42.8932 57.6405 64.5161 56.8908 33.3901 66.4441 72.4203 40.3587 50.8159 36.8973 72.1003 65.8777 35.2 75.4098 52.0049 31.6623 62.0987 33.7625 59.5388 50.8711 32.0988 54.9223 65.931 82.1192 44.1103 53.2213 70.3633 73.8975 54.4268 64.6658 7.93201 43.7299 66.6667 47.8088 42.1053 67.8501 38.7464 50.1463 42.1907 18.8006 47.2279 75.122 72.3404 71.6243 71.9132 43.7002 75.633 71.766 29.7593 71.7063 84.5144 63.1433 65.3133 52.914 72.4812 74.6336 50.1377 45.067 68.5714 74.4352 70.0891 40.5286 70.8046 59.5804 58.7112 52.1143 60.2958 74.2711 56.3147 60.2846 75.2234 47.3029 81.2545 66.171 50.7429 43.9678 34.0949 61.0985 57.2565 52.459 50.7284 56.3478 65.2339 49.711 64.1318 65.5574 71.3422 69.3727 53.9363 55.4307 64.8889 58.1991 67.4132 59.231 64.9855 45.8805 51.4943 66.7737 63.5224 60.8458 69.4737 75.4522 25.5114 51.2821 63.6735 82.0474 56.8266 83.5398 38.7481 59.9295 67.027 60.1367 59.8974 24.5232 53.8206 48.3582 36.4255 40.8304 52.3765 54.5455 19.1571 62.6263 65.4206 29.4574 52.8634 36.8627 77.5733 47.6943 64.891 76.2661 41.791 67.8014 42.735 56.4103 45.1824 83.98 51.4548 63.2124 41.1674 38.5841 54.6851 53.5637 73.0506 58.2217 52.4766 88.4262 24.7423 59.4709 54.5455 69.924 74.5763 56.7775 67.036 28.538 57.9088 78.7933 68.4972 60.3175 49.6614 45.3102 64.5161 54.8523 60.4039 55.4324 59.6491 65.4991 32.7808 55.3846 53.012 62.0108 50.2463 49.4382 50.9599 60.4215 55.3672 63.7416 73.6544 74.5324 52.2678 52.1647 42.4581 59.7285 49.0161 60.0567 50.116 23.7918 68.7237 37.1134 65.0554 68.5594 61.8128 70.4077 51.5337 47.012 69.1765 67.2657 26.8263 48.7145 39.646 60.5657 68.4554 64.0371 59.4679 50.1931 51.1575 52.1556 60.7277 51.8519 48.3548 53.4586 48.927 50.1718 81.9672 69.8394 40.5164 60.7495 54.7699 52.9293 59.8165 56.9536 71.4038 53.2928 48.4061 31.1688 75.3048 67.9433 60.5433 57.9557 35.3791 47.216 54.7945 60.8905 68.0311 59.4427 51.9824 78.5517 70.9176 68.5998 52.9307 34.5609 65.1852 50.2732 67.7138 51.0978 55.914 30.4094 46.1059 66.0028 62.9905 66.6667 70.0469 71.524 41.8525 71.298 65.4991 77.7917 64.4706 74.5057 59.9696 51.8732 51.8272 54.0711 37.9747 55.7746 69.7769 45.812 53.3762 67.9739 55.2058 69.3878 39.3701 67.6171 45.9555 48.9412 45.8204 83.4895 32.4544 47.5789 55.2129 67.4461 53.8071 56.6906 56.1743 46.6552 44.1526 48.0359 71.1674 59.162 51.8629 72.2388 57.6523 49.4092 54.1538 58.368 60.2336 64.0899 49.0135 58.1907 63.4027 62.9055 62.3719 65.5222 44.586 45.815 69.9029 62.7368 47.4576 43.7177 52.2034 51.09 48.731 49.5356 43.7086 45.9656 66.3657 41.4343 60.5987 40 15.6098 33.0579 65.5971 26.9972 55.419 39.7644 65.6934 65.6 42.4628 65.798 76.8782 57.903 74.421 43.669 58.9875 65.3486 56.8835 48.2759 55.814 59.9369 57.7215 23.6287 42.2018 64.4518 29.7994 69.2063 47.1716 68.1481 61.1012 42.2535 34.6903 57.6 50.3243 66.8471 58.5576 76.9231 41.8879 36.5714 57.3218 69.033 61.882 60.8324 22.5705 63.3526 60.698 31.9018 41.4073 58.309 71.4976 47.8405 61.1342 55.2279 36.983 54.0295 46.8694 77.5819 62.4328 57.3311 37.9023 30.9963 45.2174 50.4382 63.0464 45.1883 71.9687 54.5229 71.5596 62.54 60.9277 74.5217 57.1429 53.5385 31.9688 56.6292 56.4274 66.0988 27.0677 65.6455 63.5932 68.8327 42.0382 78.6596 52.9241 55.1524 44.6529 71.2042 39.4477 71.9801 49.0438 64.1283 77.7963 55.6213 68.0242 75.815 61.8956 54.4139 42.0441 46.6077 44.7174 56.9492 67.2304 77.8711 43.2877 37.1257 24.5863 46.4455 72.7273 47.0478 48.2759 53.6374 68.8172 71.2362 57.5342 45.7058 64.5614 48.1928 60.7115 60.5033 53.8622 54.5136 52.9899 37.6022 50.8355 73.4835 42.9851 75.0261 81.4969 38.5286 48.3252 65.0513 56.7069 56.9038 40.4075 35.4561 16.2025 48.7899 75.8947 77.5023 48.0726 50.6089 41.6887 35.8566 60.0769 59.8291 39.8577 66.6667 50.3497 57.9505 42.5974 33.6996 72.1805 45.3782 31.3143 61.9449 63.0588 60.9665 56 26.978 67.3953 58.5132 59.8131 54.4262 55.6274 57.3932 45.1017 57.2308 66.3639 62.2287 44.7489 58.0822 69.9638 68.3652 72.1472 30.7525 68.4505 46.1935 43.5644 68.7966 49.6107 61.8868 68.9564 55.544 53.656 41.1116 57.8763 40.9357 72.6991 60.1942 34.555 61.2865 36.7568 53.1959 68.3901 38.191 74.2586 51.2635 55.5133 41.9301 55.4017 58.745 54.4646 52.6112 51.401 57.7603 52.6681 65.529 51.332 58.7177 42.2287 51.8668 73.6298 74.4376 64.8205 44.4225 58.4874 63.2722 72.8191 72.8827 38.8738 51.7504 52.6485 63.0225 56.917 59.0291 47.6886 59.5989 40.7018 55.4396 72.211 46.9453 50.519 56.7993 54.5006 67.4961 45.0844 64.3432 65.9062 34.8624 59.4393 68.1658 63.1104 58.6118 47.4074 79.4914 72.696 70.5882 58.2564 59.8025 66.6667 23.2416 31.283 54.4835 46.9055 37.6963 31.3514 77.8761 47.9227 59.5349 49.1879 59.0818 60.7246 59.3449 18.1818 69.81 35.6688 60.2546 56.6254 24.9462 57.2438 52.5994 34.676 65.0699 48.8064 55.8473 47.5771 40.2746 54.4901 39.356 44.582 39.3078 60.1156 45.269 72.0783 32.287 53.3623 54.1448 53.8908 61.2691 65.5738 73.3078 66.0194 55.5667 54.7437 64.2247 59.1368 51.2 46.9413 40.9704 76.398 36.2949 44.6866 63.1229 52.0345 68.3572 50.101 66.0241 56.3107 73.1351 69.862 37.9358 58.8721 50.8408 51.2077 47.8011 48.672 62.2361 62.3656 63.7848 31.9809 71.2468 60.321 40.5145 52.7132 23.7398 53.6044 31.1512 67.8201 67.4617 51.8771 58.0468 48.9403 53.2168 38.3901 67.2751 50.1398 48.927 26.7477 37.8753 70.6559 60.1609 45.0999 58.3144 21.1849 64.9518 71.2274 51.6746 52.8707 66.8252 74.8584 76.6109 79.3021 57.0289 28.754 66.1693 47.0767 19.3548 48.5161 68.4159 61.9883 61.3828 37.6997 45.039 59.4595 77.8626 57.6577 61.6082 57.7778 64.6486 53.0046 63.3035 59.4194 66.8844 60.0326 56.051 19.6923 30.1925 49.1743 17.8138 49.8801 49.7577 50.592 67.1698 45.629 60.3352 54.6977 45.2605 77.5646 41.3315 66.1783 58.8235 71.7668 35.443 50.5447 68.066 52.7415 39.9655 53.8012 38.6517 63.6872 51.831 27.5556 68.4564 65.3211 46.6211 65.1421 36.1011 44.4444 41.8384 47.4576 65.3358 21.6641 72.4005 54.0541 50.1951 52.3883 41.0311 58.9666 68.0167 64.6857 50.0639 57.4586 40.3807 45.3258 71.6437 45.3172 46.2513 73.2673 68.4715 59.1549 57.0447 61.5563 46.729 53.598 56.5809 29.7521 75.5853 44.8217 72.2719 63.8723 59.3548 41.8451 54.0887 53.2011 50.6478 44.2191 55.0459 40.1327 64.8233 66.126 52.149 46.6005 61.6415 30.5006 62.2631 27.7264 44.6735 45.2437 61.7399 69.9433 15.1351 58.6479 62.5989 61.1465 54.6973 63.2987 41.0256 58.9159 74.9263 68.8 12.7168 52.1561 74.7616 62.4376 64.5989 68.9051 19.5918 59.2739 64.2609 29.9401 62.2937 70.2825 26.087 8.10373 61.4841 36.4419 55.4278 49.4599 45.4902 59.1252 50.1561 56.513 65.0456 65.8323 51.4783 72.3627 50.9953 28.4123 57.9256 49.3369 62.7526 54.7097 59.8555 62.0421 28.436 57.0416 52.9262 36.6897 58.7258 35.3957 47.9532 72.0286 81.1608 33.0709 51.0158 62.9936 69.3679 57.1093 42.6419 60.2221 48.0418 55.1959 53.0697 40.1305 43.5534 33.9833 54.0448 52.9667 59.144 54.0541 63.0978 31.8804 48.1584 54.283 36.0563 61.3982 33.1783 32.7273 61.5827 30.2368 59.4524 80.5583 58.087 42.3462 56.5121 71.3026 51.4215 51.1941 57.9017 48.9607 48.3461 38.6423 63.6441 56.3877 44.8687 64.4496 23.5911 53.7053 55.0725 58.7986 57.8755 59.2375 63.0021 78.4919 71.7257 40.4494 47.8442 53.4351 68.2028 63.5275 63.6758 41.206 39.4366 21.8818 66.9006 44.7761 38.1046 56.4238 63.8581 59.8852 42.3529 62.1963 39.3443 74.7623 64.7739 16.4706 17.3451 48.1262 63.3015 50.4673 69.4102 60.241 57.4616 51.0539 78.4631 66.2614 55.7319 71.6016 72.4638 50.2326 29.6173 29.0411 62.2356 56.6012 45.6671 63.822 48.7874 51.94 76.1389 75.734 49.0141 61.44 53.753 45.3039 58.7196 47.4635 63.0327 45.0607 33.4373 71.8644 43.8871 59.8619 69.3423 55.409 29.9532 71.487 48.5304 40.9704 43.9268 63.0739 59.8291 46.3373 30.2026 43.9276 30.2158 64.3052 66.7976 64.3289 53.1321 72.3427 56.4299 51.879 55.5042 36.3036 42.6926 45.0518 50.1979 39.3195 62.3656 68.9076 43.0416 56.8894 70.3182 45.5982 48.8228 76.8135 70.8661 40 36.3077 59.7865 67.5775 63.9719 57.1621 50.7937 59.6195 25.9136 45.8667 63.9106 46.6819 62.3201 60.5578 49.505 54.3641 69.9168 67.5628 79.514 31.1413 41.519 32.3126 65.0062 76.48 59.2481 51.7449 78.9168 38.1565 55.1378 35.0515 38.1418 56.4334 55.0523 43.769 49.8803 41.7778 62.9213 62.6402 53.0478 20.4027 63.929 41.2371 50.3464 46.9213 63.4339 61.4994 52.3416 43.318 34.169 49.6879 48.9172 51.3595 67.1397 35.2103 52.8883 41.4104 60.3823 69.703 50.1845 60.6773 58.5366 79.0314 45.0704 51.2535 63.5322 40.3551 58.3851 42.7441 44.0367 71.2745 49.54 51.8629 55.4797 18.3422 45.0933 40.3698 81.9438 53.6777 46.9751 30.7692 17.7778 57.4514 68.4005 68.0578 38.5965 25.1969 72.8889 65.0602 68.2853 25.7616 65.3165 69.2085 71.2674 57.7963 44.7761 39.7415 34.632 40 59.7491 28.8958 48.7007 69.3878 31.2268 37.8717 38.5787 40.1623 70.2703 78.1769 54.6032 45.501 50.6527 48.9378 46.5116 68.8097 56.3085 53.106 46.7461 58.0513 39.779 60.1611 58.4845 48.5535 47.0868 59.2593 49.5202 25.4042 46.796 74.3217 72.8972 67.9097 79.5115 78.6345 22.5303 52.3457 62.0342 26.0223 55.9031 64.0669 59.1736 58.4674 52.1519 47.8294 10.5263 23.7762 42.6778 19.0055 68.1922 59.9691 55.8681 36.7041 31.7808 61.8667 58.864 25.4335 61.6045 42.2335 5.81655 45.2722 59.7498 42.6253 26.0283 61.6092 31.8707 24.9066 34.0098 54.0623 54.509 49.9139 72.0186 68.6121 48.1553 65.641 45.4849 68.6114 52.7552 44.093 50.0949 72.1109 60.3931 73.8408 41.3519 60.3072 80.6506 27.3902 61.3995 47.9648 43.9791 70.0091 46.2131 73.4314 65.3061 28.7625 52.5537 47.6621 73.003 66.2316 68.5046 37.1599 39.819 59.5068 55.2749 57.0597 55.3846 57.6671 61.0723 32.2647 56.6234 60.3794 65.3907 53.5385 34.8259 48.2759 61.7406 55.8205 1.45985 57.3466 13.8817 44.2504 67.5159 61.0272 65.7061 68.5457 61.0169 70.72 55.6446 55.0957 47.1838 69.5298 41.1215 34.7475 66.8821 42.9668 49.9752 38.9662 67.7237 52.3268 55.1779 54.1063 76.2692 33.09 55.5246 50.1695 20.0772 20.9738 57.3099 62.0989 59.5838 74.6191 39.1187 45.6456 52.2427 50.2773 59.9732 56.7192 69.2252 29.9003 64.8554 51.6129 62.1714 35.6671 44.1926 40.0494 51.5261 48.0558 28.6869 64.4068 40.6926 36.6197 38.0454 47.8778 76.3411 56.9659 41.1867 39.6056 62.7106 68.9225 70.4478 56.9295 26.5604 32.7869 62.4578 45.1061 64.4311 33.2984 54.2605 38.6037 50.1792 53.7226 57.0637 54.6185 52.9258 67.4835 47.554 60.4739 68.8742 48.5804 64.8366 33.1361 61.5797 45.0579 47.5396 47.572 53.9007 52.4871 81.3215 85.7012 46.5641 53.6741 53.9007 63.6197 53.9493 43.3788 51.6269 65.4512 45.9222 59.5218 42.8147 47.785 43.8871 43.299 49.2308 50.1333 41.8605 64.4195 25.0316 63.5373 41.4359 49.2655 50.1548 68.364 56.0704 36.5348 61.9529 61.0348 39.8671 50.7463 69.5275 63.9676 43.5036 47.1729 40.3194 42.1053 46.8158 42.6036 55.9204 59.4324 54.8523 34.981 73.8068 73.93 57.7095 62.1395 60.0338 56.6614 65.4971 30.1957 28.5149 43.3515 40.9449 47.1132 43.7196 60.2711 48.6647 66.2135 45.4665 40.6312 62.6321 45.6538 44.3931 19.7753 45.3425 52.6485 39.3682 25.6742 7.29367 19.3772 24.8244 52.576 50.4284 61.2048 74.452 79.1569 58.5209 46.7875 68.4138 56.6403 48.5485 55.0424 57.5428 63.7624 37.4177 31.0204 70.9434 48.6804 57.9477 45.4389 63.5692 74.1673 52.333 31.0139 52.5967 63.7848 29.4574 57.6029 54.8212 60.5505 29.882 57.5061 42.5346 35.589 43.3538 64.7828 42.2535 48.6141 67.4271 34.3115 44.1948 28.479 69.7308 45.7971 65.1429 73.6759 52.7197 63.9585 33.2226 38.3659 54.3115 57.1429 40.3119 27.1357 64.2686 25.0274 60.2675 40.2673 57.6617 53.41 66.2051 59.4093 65.3873 49.3913 39.2786 40.1216 34.3808 63.7885 49.3458 53.2544 1.48883 59.1256 68.08 53.584 68.0115 49.368 54.0351 52.4362 48.505 65.2278 62.5287 52.5502 53.1792 33.2953 48.2358 53.7634 67.8337 59.4286 9.29095 69.4894 66.9261 62.4857 50.9699 71.828 66.5977 65.6126 45.3716 51.7647 37.1776 49.1155 41.2948 63.3314 53.486 21.8029 64.1115 51.0264 37.7205 41.386 56.6477 44.188 44.7395 45.2414 63.1016 26.4856 67.3139 48.7273 67.7237 57.3018 54.7069 67.9853 61.31 34.5191 53.012 37.5645 54.6032 37.694 70.1499 68.382 47.2863 56.6883 61.1354 26.8657 53.0592 20.3753 30.4762 50.6363 48.0637 39.7892 41.3793 45.6407 50.272 67.3235 67.6027 66.8132 81.1336 30.4636 63.5851 33.1015 46.2601 48.1988 53.1959 47.1132 50.0778 53.2423 54.4379 58.5736 34.6741 49.0872 60.9539 31.988 64.6601 40 52.0696 46.1964 44.4772 71.78 65.0937 67.1748 56.4972 39.5789 55.2036 35.7995 42.9958 28.8525 63.1481 48.5742 43.0058 50.4469 56.1873 40.4181 73.1201 49.2181 62.4416 66.0194 51.1327 20.6897 43.6429 51.5586 70.9986 63.4452 52.8827 50.5824 63.3484 49.1532 47.191 61.9666 15.8693 52.256 47.6062 70.0372 45.4065 61.157 32.7965 57.3127 27.8719 47.2622 53.5761 46.3343 14.4928 63.8404 59.9834 56.5465 27.8481 76.419 45.5505 63.2911 52.5597 55.814 51.7691 60.0429 60.5103 52.0509 70.9677 61.9946 39.1661 28.2454 64.5406 68.6758 22.6935 36.2031 19.3814 75.7164 41.8301 58.1406 46.2356 55.3606 60.9715 62.1291 48.2972 61.0268 20.1729 23.2558 50.8671 48.0151 25.2874 62.1035 60.7815 47.6142 53.4933 74.8092 59.3486 45.0626 78.4623 39.9295 57.9421 46.2929 64.9629 24.2119 66.5041 31.9871 45.3653 34.0426 65.2023 64.0207 27.5449 60.1942 66.5004 70.0078 35.7647 33.0852 46.0274 50.6024 54.9244 50.6329 53.5565 21.6216 59.115 65.0029 50.5584 66.6667 26.1885 27.2048 54.0593 75.2077 49.9379 74.6579 36.5577 46.0624 29.5191 62.6313 27.8481 73.5688 50.4994 44.7863 53.0444 18.0791 42.4242 56.1477 49.4815 66.7206 51.8519 23.5501 57.3375 68.766 48.6436 63.018 48.013 64.2762 65.0879 35.2605 72.0387 58.3373 49.0967 39.3001 53.5342 55.5102 62.259 34.238 66.5693 65.6834 49.4533 35.3692 74.0627 17.8669 50.3991 27.248 35.7462 42.1437 51.0995 69.1686 56.918 42.8706 18.3976 73.621 51.5847 50.7079 15.2824 41.4343 17.8439 30.6905 38.3103 46.0081 33.8409 71.8538 55.1237 63.0631 48.4904 67.9549 48.4926 75.1281 56.6845 68.3128 30.1821 65.3521 54.6656 35.0377 52.8302 49.2147 61.597 34.6241 25.0382 35.8974 64.2069 51.0106 17.5484 25.4848 25.2142 53.8219 54.1374 64.4931 29.2585 61.6796 40.8564 36.6972 41.697 40.1146 63.3819 37.149 37.1681 54.8731 57.1222 53.3178 36.3636 22.5539 40.5634 ]
LOG (nnet-train-frmshuff[5.5.208~1-b0fc0]:main():nnet-train-frmshuff.cc:406) AvgLoss: 1.40164 (Xent), [AvgXent: 1.40164, AvgTargetEnt: 0]
progress: []
FRAME_ACCURACY >> 59.8891% <<
