asr1
nnet-train-frmshuff --cross-validate=false --randomize=true --verbose=0 --minibatch-size=256 --randomizer-size=32768 --randomizer-seed=777 --learn-rate=0.004 --momentum=0 --l1-penalty=0 --l2-penalty=0 --feature-transform=exp/dnn4_pretrain-dbn_dnn/final.feature_transform 'ark:copy-feats scp:exp/dnn4_pretrain-dbn_dnn/train.scp ark:- |' 'ark:ali-to-pdf exp/tri3_ali/final.mdl "ark:gunzip -c exp/tri3_ali/ali.*.gz |" ark:- | ali-to-post ark:- ark:- |' exp/dnn4_pretrain-dbn_dnn/nnet/nnet_dbn_dnn_iter03_learnrate0.008_tr1.1953_cv1.7558 exp/dnn4_pretrain-dbn_dnn/nnet/nnet_dbn_dnn_iter05 
WARNING (nnet-train-frmshuff[5.5.208~1-b0fc0]:SelectGpuId():cu-device.cc:203) Not in compute-exclusive mode.  Suggestion: use 'nvidia-smi -c 3' to set compute exclusive mode
LOG (nnet-train-frmshuff[5.5.208~1-b0fc0]:SelectGpuIdAuto():cu-device.cc:323) Selecting from 1 GPUs
LOG (nnet-train-frmshuff[5.5.208~1-b0fc0]:SelectGpuIdAuto():cu-device.cc:338) cudaSetDevice(0): Tesla K80	free:11354M, used:87M, total:11441M, free/total:0.992379
LOG (nnet-train-frmshuff[5.5.208~1-b0fc0]:SelectGpuIdAuto():cu-device.cc:385) Trying to select device: 0 (automatically), mem_ratio: 0.992379
LOG (nnet-train-frmshuff[5.5.208~1-b0fc0]:SelectGpuIdAuto():cu-device.cc:404) Success selecting device 0 free mem ratio: 0.992379
LOG (nnet-train-frmshuff[5.5.208~1-b0fc0]:FinalizeActiveGpu():cu-device.cc:258) The active GPU is [0]: Tesla K80	free:11306M, used:135M, total:11441M, free/total:0.988184 version 3.7
copy-feats scp:exp/dnn4_pretrain-dbn_dnn/train.scp ark:- 
LOG (nnet-train-frmshuff[5.5.208~1-b0fc0]:Init():nnet-randomizer.cc:32) Seeding by srand with : 777
LOG (nnet-train-frmshuff[5.5.208~1-b0fc0]:main():nnet-train-frmshuff.cc:163) TRAINING STARTED
ali-to-post ark:- ark:- 
ali-to-pdf exp/tri3_ali/final.mdl 'ark:gunzip -c exp/tri3_ali/ali.*.gz |' ark:- 
LOG (nnet-train-frmshuff[5.5.208~1-b0fc0]:main():nnet-train-frmshuff.cc:354) ### After 0 frames,
LOG (nnet-train-frmshuff[5.5.208~1-b0fc0]:main():nnet-train-frmshuff.cc:355) 
### FORWARD PROPAGATION BUFFER CONTENT :
[0] output of <Input>  ( min -6.72478, max 7.17793, mean 0.0128911, stddev 0.992444, skewness 0.0369906, kurtosis 2.03957 ) 
[1] output of <AffineTransform> ( min -39.4776, max 34.8406, mean -3.4721, stddev 4.98424, skewness 0.13687, kurtosis 1.67966 ) 
[2] output of <Sigmoid> ( min 7.16324e-18, max 1, mean 0.228305, stddev 0.341632, skewness 1.32997, kurtosis 0.171373 ) 
[3] output of <AffineTransform> ( min -29.9809, max 19.3442, mean -4.04996, stddev 3.20273, skewness -0.0836684, kurtosis 1.94247 ) 
[4] output of <Sigmoid> ( min 9.53773e-14, max 1, mean 0.119346, stddev 0.225921, skewness 2.47809, kurtosis 5.38206 ) 
[5] output of <AffineTransform> ( min -14.5167, max 11.6105, mean -3.11131, stddev 2.15246, skewness 0.601267, kurtosis 2.14865 ) 
[6] output of <Sigmoid> ( min 4.95998e-07, max 0.999991, mean 0.123089, stddev 0.205975, skewness 2.56533, kurtosis 6.25363 ) 
[7] output of <AffineTransform> ( min -18.928, max 13.7096, mean -2.05611, stddev 2.10175, skewness 0.315721, kurtosis 2.59184 ) 
[8] output of <Sigmoid> ( min 6.02087e-09, max 0.999999, mean 0.207377, stddev 0.248278, skewness 1.64649, kurtosis 1.84429 ) 
[9] output of <AffineTransform> ( min -15.8189, max 14.6308, mean -2.21048, stddev 2.80205, skewness 0.868765, kurtosis 1.80401 ) 
[10] output of <Sigmoid> ( min 1.3488e-07, max 1, mean 0.223499, stddev 0.301146, skewness 1.44669, kurtosis 0.748462 ) 
[11] output of <AffineTransform> ( min -32.8582, max 20.6418, mean -4.26033, stddev 3.85471, skewness 0.512655, kurtosis 1.98357 ) 
[12] output of <Sigmoid> ( min 5.36875e-15, max 1, mean 0.13777, stddev 0.283636, skewness 2.17439, kurtosis 3.24869 ) 
[13] output of <AffineTransform> ( min -13.9496, max 23.8391, mean -0.00859106, stddev 3.65514, skewness 0.599568, kurtosis 0.973645 ) 
[14] output of <Softmax> ( min 9.20733e-17, max 0.99843, mean 0.000514233, stddev 0.0157961, skewness 45.2473, kurtosis 2277.9 ) 
### END FORWARD
LOG (nnet-train-frmshuff[5.5.208~1-b0fc0]:main():nnet-train-frmshuff.cc:357) 
### BACKWARD PROPAGATION BUFFER CONTENT :
[0] diff of <Input>  ( min -2.10517, max 1.92426, mean 0.00127255, stddev 0.0714176, skewness 0.0401799, kurtosis 44.9817 ) 
[1] diff-output of <AffineTransform> ( min -0.377598, max 0.299661, mean -1.29035e-05, stddev 0.00958909, skewness -0.958437, kurtosis 92.4119 ) 
[2] diff-output of <Sigmoid> ( min -2.03454, max 1.63985, mean -0.000334318, stddev 0.0890969, skewness -0.149288, kurtosis 17.0182 ) 
[3] diff-output of <AffineTransform> ( min -0.387189, max 0.286311, mean 6.78248e-07, stddev 0.0115972, skewness -0.739606, kurtosis 83.1405 ) 
[4] diff-output of <Sigmoid> ( min -1.86731, max 1.72298, mean -0.000233839, stddev 0.112041, skewness -0.0627845, kurtosis 14.44 ) 
[5] diff-output of <AffineTransform> ( min -0.376571, max 0.451491, mean 3.49834e-05, stddev 0.0126859, skewness 0.341082, kurtosis 72.3857 ) 
[6] diff-output of <Sigmoid> ( min -1.70089, max 1.80718, mean 0.000195671, stddev 0.106541, skewness -0.0260329, kurtosis 13.3995 ) 
[7] diff-output of <AffineTransform> ( min -0.278666, max 0.255248, mean 1.73906e-05, stddev 0.0107669, skewness -0.0259907, kurtosis 38.5978 ) 
[8] diff-output of <Sigmoid> ( min -1.16089, max 1.0409, mean 3.84694e-05, stddev 0.0733362, skewness -0.0267919, kurtosis 11.7693 ) 
[9] diff-output of <AffineTransform> ( min -0.168579, max 0.185513, mean 2.74349e-05, stddev 0.00784546, skewness 0.204683, kurtosis 35.7602 ) 
[10] diff-output of <Sigmoid> ( min -0.913975, max 0.852183, mean -0.000102848, stddev 0.0593454, skewness -0.0105196, kurtosis 10.231 ) 
[11] diff-output of <AffineTransform> ( min -0.169851, max 0.247644, mean 5.29943e-05, stddev 0.00911917, skewness 0.317773, kurtosis 47.5499 ) 
[12] diff-output of <Sigmoid> ( min -3.19345, max 2.37629, mean 0.000466775, stddev 0.101811, skewness -0.184834, kurtosis 10.952 ) 
[13] diff-output of <AffineTransform> ( min -0.999986, max 0.996649, mean -4.51099e-10, stddev 0.0177519, skewness -24.7615, kurtosis 2057.6 ) 
[14] diff-output of <Softmax> ( min -0.999986, max 0.996649, mean -4.51099e-10, stddev 0.0177519, skewness -24.7615, kurtosis 2057.6 ) 
### END BACKWARD
LOG (nnet-train-frmshuff[5.5.208~1-b0fc0]:main():nnet-train-frmshuff.cc:358) 
### GRADIENT STATS :
Component 1 : <AffineTransform>, 
  linearity_grad ( min -1.44943, max 1.48813, mean 0.000751232, stddev 0.149553, skewness 0.0149399, kurtosis 2.25331 ) , lr-coef 1, max-norm 0
  bias_grad ( min -0.532478, max 0.496558, mean -0.00330325, stddev 0.157069, skewness -0.0150228, kurtosis 0.283032 ) , lr-coef 1
Component 2 : <Sigmoid>, 
Component 3 : <AffineTransform>, 
  linearity_grad ( min -0.958114, max 0.658121, mean -0.000315336, stddev 0.0776046, skewness -0.131099, kurtosis 3.72249 ) , lr-coef 1, max-norm 0
  bias_grad ( min -0.640355, max 0.601211, mean 0.000173493, stddev 0.19081, skewness -0.106984, kurtosis 0.506475 ) , lr-coef 1
Component 4 : <Sigmoid>, 
Component 5 : <AffineTransform>, 
  linearity_grad ( min -0.759763, max 0.831487, mean 0.000985743, stddev 0.0541389, skewness 0.331267, kurtosis 8.88619 ) , lr-coef 1, max-norm 0
  bias_grad ( min -0.94384, max 1.02569, mean 0.00895569, stddev 0.227567, skewness 0.337235, kurtosis 2.20834 ) , lr-coef 1
Component 6 : <Sigmoid>, 
Component 7 : <AffineTransform>, 
  linearity_grad ( min -0.654534, max 0.702279, mean 0.000407826, stddev 0.0443788, skewness 0.0310722, kurtosis 7.52638 ) , lr-coef 1, max-norm 0
  bias_grad ( min -0.614402, max 0.826085, mean 0.00445189, stddev 0.1996, skewness 0.0854528, kurtosis 0.669726 ) , lr-coef 1
Component 8 : <Sigmoid>, 
Component 9 : <AffineTransform>, 
  linearity_grad ( min -0.439315, max 0.397025, mean 0.00130683, stddev 0.0433044, skewness 0.159958, kurtosis 2.96704 ) , lr-coef 1, max-norm 0
  bias_grad ( min -0.451669, max 0.611611, mean 0.00702353, stddev 0.139273, skewness 0.174873, kurtosis 0.70289 ) , lr-coef 1
Component 10 : <Sigmoid>, 
Component 11 : <AffineTransform>, 
  linearity_grad ( min -0.502898, max 0.540919, mean 0.00288452, stddev 0.0566311, skewness 0.10327, kurtosis 3.8644 ) , lr-coef 1, max-norm 0
  bias_grad ( min -0.616461, max 0.660692, mean 0.0135666, stddev 0.153226, skewness 0.0272663, kurtosis 1.22362 ) , lr-coef 1
Component 12 : <Sigmoid>, 
Component 13 : <AffineTransform>, 
  linearity_grad ( min -3.89526, max 3.46227, mean -1.62248e-06, stddev 0.0938754, skewness -4.59845, kurtosis 110.064 ) , lr-coef 1, max-norm 0
  bias_grad ( min -3.53276, max 3.06162, mean -8.98937e-09, stddev 0.305445, skewness -1.66326, kurtosis 22.3981 ) , lr-coef 1
Component 14 : <Softmax>, 
### END GRADIENT
LOG (ali-to-pdf[5.5.208~1-b0fc0]:main():ali-to-pdf.cc:68) Converted 3696 alignments to pdf sequences.
LOG (ali-to-post[5.5.208~1-b0fc0]:main():ali-to-post.cc:73) Converted 3696 alignments.
LOG (copy-feats[5.5.208~1-b0fc0]:main():copy-feats.cc:143) Copied 3328 feature matrices.
LOG (nnet-train-frmshuff[5.5.208~1-b0fc0]:main():nnet-train-frmshuff.cc:384) ### After 1012992 frames,
LOG (nnet-train-frmshuff[5.5.208~1-b0fc0]:main():nnet-train-frmshuff.cc:385) 
### FORWARD PROPAGATION BUFFER CONTENT :
[0] output of <Input>  ( min -6.56583, max 6.93215, mean -0.0027099, stddev 0.995076, skewness 0.0695578, kurtosis 2.02742 ) 
[1] output of <AffineTransform> ( min -45.9163, max 28.7261, mean -3.51924, stddev 5.03808, skewness 0.127873, kurtosis 1.64767 ) 
[2] output of <Sigmoid> ( min 1.14497e-20, max 1, mean 0.229272, stddev 0.343039, skewness 1.31871, kurtosis 0.135131 ) 
[3] output of <AffineTransform> ( min -29.9759, max 17.9843, mean -4.07447, stddev 3.22368, skewness -0.0762136, kurtosis 1.80948 ) 
[4] output of <Sigmoid> ( min 9.58575e-14, max 1, mean 0.119565, stddev 0.226534, skewness 2.47086, kurtosis 5.3387 ) 
[5] output of <AffineTransform> ( min -14.8578, max 12.2469, mean -3.08192, stddev 2.15635, skewness 0.542258, kurtosis 2.02201 ) 
[6] output of <Sigmoid> ( min 3.5266e-07, max 0.999995, mean 0.125239, stddev 0.205957, skewness 2.52796, kurtosis 6.08634 ) 
[7] output of <AffineTransform> ( min -20.1037, max 13.4869, mean -1.93018, stddev 2.109, skewness 0.252305, kurtosis 2.57271 ) 
[8] output of <Sigmoid> ( min 1.8582e-09, max 0.999999, mean 0.221685, stddev 0.253011, skewness 1.52194, kurtosis 1.41553 ) 
[9] output of <AffineTransform> ( min -15.6722, max 14.8759, mean -2.03087, stddev 2.8775, skewness 0.830424, kurtosis 1.71402 ) 
[10] output of <Sigmoid> ( min 1.56188e-07, max 1, mean 0.243679, stddev 0.311134, skewness 1.29671, kurtosis 0.297941 ) 
[11] output of <AffineTransform> ( min -31.2242, max 20.7666, mean -4.21329, stddev 4.05512, skewness 0.492893, kurtosis 1.85757 ) 
[12] output of <Sigmoid> ( min 2.75117e-14, max 1, mean 0.147582, stddev 0.294579, skewness 2.05109, kurtosis 2.67218 ) 
[13] output of <AffineTransform> ( min -16.003, max 23.0237, mean -0.0115734, stddev 3.84877, skewness 0.584334, kurtosis 0.93678 ) 
[14] output of <Softmax> ( min 1.99378e-16, max 0.999064, mean 0.000514275, stddev 0.0167074, skewness 45.7175, kurtosis 2279.05 ) 
### END FORWARD
LOG (nnet-train-frmshuff[5.5.208~1-b0fc0]:main():nnet-train-frmshuff.cc:387) 
### BACKWARD PROPAGATION BUFFER CONTENT :
[0] diff of <Input>  ( min -2.03782, max 1.49207, mean -0.000361725, stddev 0.0568745, skewness -1.16842, kurtosis 49.8513 ) 
[1] diff-output of <AffineTransform> ( min -0.304394, max 0.18841, mean 2.992e-05, stddev 0.00766115, skewness -0.239464, kurtosis 67.5088 ) 
[2] diff-output of <Sigmoid> ( min -1.49592, max 1.3112, mean 0.000306888, stddev 0.0719273, skewness -0.0511884, kurtosis 12.9432 ) 
[3] diff-output of <AffineTransform> ( min -0.384509, max 0.296661, mean 2.40275e-05, stddev 0.00955756, skewness 0.127344, kurtosis 78.8635 ) 
[4] diff-output of <Sigmoid> ( min -1.63941, max 1.28248, mean 0.000176843, stddev 0.0953392, skewness 0.0115486, kurtosis 12.351 ) 
[5] diff-output of <AffineTransform> ( min -0.31916, max 0.327137, mean 1.45173e-05, stddev 0.0106942, skewness 0.0335437, kurtosis 65.3817 ) 
[6] diff-output of <Sigmoid> ( min -1.50168, max 1.311, mean -2.56596e-05, stddev 0.0912875, skewness -0.083012, kurtosis 12.7694 ) 
[7] diff-output of <AffineTransform> ( min -0.19926, max 0.175994, mean -8.57356e-06, stddev 0.00893264, skewness -0.161728, kurtosis 31.8507 ) 
[8] diff-output of <Sigmoid> ( min -0.81266, max 0.765379, mean -1.6622e-05, stddev 0.0597439, skewness -0.0662388, kurtosis 11.526 ) 
[9] diff-output of <AffineTransform> ( min -0.127418, max 0.141979, mean -1.64085e-06, stddev 0.00626029, skewness -0.0510735, kurtosis 34.0163 ) 
[10] diff-output of <Sigmoid> ( min -0.581456, max 0.623029, mean -7.2525e-05, stddev 0.047051, skewness -0.113297, kurtosis 11.2781 ) 
[11] diff-output of <AffineTransform> ( min -0.199657, max 0.153782, mean 7.9312e-06, stddev 0.00721778, skewness -0.0948692, kurtosis 60.5762 ) 
[12] diff-output of <Sigmoid> ( min -1.23627, max 2.5477, mean 0.000533264, stddev 0.0790693, skewness -0.00100432, kurtosis 12.7285 ) 
[13] diff-output of <AffineTransform> ( min -0.998852, max 0.974069, mean -3.37879e-10, stddev 0.0136839, skewness -32.6549, kurtosis 2928.57 ) 
[14] diff-output of <Softmax> ( min -0.998852, max 0.974069, mean -3.37879e-10, stddev 0.0136839, skewness -32.6549, kurtosis 2928.57 ) 
### END BACKWARD
LOG (nnet-train-frmshuff[5.5.208~1-b0fc0]:main():nnet-train-frmshuff.cc:388) 
### GRADIENT STATS :
Component 1 : <AffineTransform>, 
  linearity_grad ( min -0.96054, max 1.03885, mean 0.000124741, stddev 0.120079, skewness -0.0189146, kurtosis 1.8256 ) , lr-coef 1, max-norm 0
  bias_grad ( min -0.393567, max 0.400276, mean 0.00765956, stddev 0.117069, skewness 0.0730597, kurtosis 0.447877 ) , lr-coef 1
Component 2 : <Sigmoid>, 
Component 3 : <AffineTransform>, 
  linearity_grad ( min -0.64466, max 0.661348, mean 0.00132932, stddev 0.0624607, skewness 0.1183, kurtosis 4.02456 ) , lr-coef 1, max-norm 0
  bias_grad ( min -0.522204, max 0.591468, mean 0.00615107, stddev 0.146715, skewness -0.0177669, kurtosis 0.998783 ) , lr-coef 1
Component 4 : <Sigmoid>, 
Component 5 : <AffineTransform>, 
  linearity_grad ( min -0.657196, max 0.70759, mean 0.000492615, stddev 0.0428755, skewness 0.0661456, kurtosis 7.88093 ) , lr-coef 1, max-norm 0
  bias_grad ( min -0.664317, max 0.694137, mean 0.00371641, stddev 0.156498, skewness 0.0296679, kurtosis 2.41012 ) , lr-coef 1
Component 6 : <Sigmoid>, 
Component 7 : <AffineTransform>, 
  linearity_grad ( min -0.379839, max 0.392576, mean -0.000335679, stddev 0.0330327, skewness -0.0608872, kurtosis 5.46397 ) , lr-coef 1, max-norm 0
  bias_grad ( min -0.432043, max 0.483581, mean -0.00219485, stddev 0.124868, skewness -0.0805479, kurtosis 0.704617 ) , lr-coef 1
Component 8 : <Sigmoid>, 
Component 9 : <AffineTransform>, 
  linearity_grad ( min -0.283248, max 0.240193, mean -0.000134884, stddev 0.0326354, skewness -0.0207013, kurtosis 2.03951 ) , lr-coef 1, max-norm 0
  bias_grad ( min -0.377836, max 0.244159, mean -0.000420083, stddev 0.0920887, skewness -0.108371, kurtosis 0.394 ) , lr-coef 1
Component 10 : <Sigmoid>, 
Component 11 : <AffineTransform>, 
  linearity_grad ( min -0.367287, max 0.357894, mean 0.000287657, stddev 0.0460654, skewness -0.0272808, kurtosis 3.29118 ) , lr-coef 1, max-norm 0
  bias_grad ( min -0.43995, max 0.452452, mean 0.00203041, stddev 0.11574, skewness 0.0202978, kurtosis 1.00069 ) , lr-coef 1
Component 12 : <Sigmoid>, 
Component 13 : <AffineTransform>, 
  linearity_grad ( min -1.63356, max 1.29049, mean -7.50704e-07, stddev 0.0733108, skewness -5.1412, kurtosis 83.3885 ) , lr-coef 1, max-norm 0
  bias_grad ( min -1.46525, max 1.29276, mean -6.16857e-09, stddev 0.217862, skewness -1.83271, kurtosis 10.4085 ) , lr-coef 1
Component 14 : <Softmax>, 
### END GRADIENT
LOG (nnet-train-frmshuff[5.5.208~1-b0fc0]:main():nnet-train-frmshuff.cc:395) Done 3328 files, 0 with no tgt_mats, 0 with other errors. [TRAINING, RANDOMIZED, 0.772144 min, processing 21865.4 frames per sec; i/o time 1.39337%]
LOG (nnet-train-frmshuff[5.5.208~1-b0fc0]:main():nnet-train-frmshuff.cc:405) PER-CLASS PERFORMANCE:
@@@ Frames per-class: [ 37080 201 849 370 242 224 170 604 201 2387 860 113 1279 306 573 218 250 276 447 388 585 508 262 719 442 610 266 352 240 194 309 1010 146 205 1494 616 1928 1060 395 564 106 221 121 377 621 452 159 417 3018 14358 2440 67 2576 377 618 53041 228 599 743 206 703 419 100 468 590 3124 645 1707 410 1507 283 352 1382 305 628 1061 385 518 387 352 1960 293 729 379 466 219 396 723 252 276 433 775 618 584 282 382 554 416 256 434 941 277 632 356 763 712 319 322 995 1054 366 635 329 299 181 416 143 255 275 91 453 555 952 1560 241 136 303 333 2364 1073 317 557 405 613 352 704 224 234 169 751 323 154 480 1134 175 643 255 200 344 238 92 621 751 497 392 664 272 310 260 206 247 534 439 178 427 585 317 488 249 358 247 1524 1979 309 282 660 260 542 435 456 563 356 1095 961 777 455 103 496 175 179 325 506 812 780 148 182 262 543 535 481 372 228 603 549 388 415 318 325 351 594 631 139 453 293 299 266 334 214 238 478 253 187 335 411 189 1043 349 238 143 607 96 362 377 199 178 261 419 536 366 176 155 148 125 66 253 877 512 246 308 243 307 587 255 368 313 1520 444 228 231 952 359 566 540 997 443 181 410 157 420 954 113 217 357 209 2187 439 977 241 386 615 120 701 403 437 559 284 1101 251 213 583 287 395 86 394 300 413 406 298 133 112 527 446 1443 515 309 217 311 837 366 237 580 415 175 122 654 406 282 335 425 277 219 487 183 150 502 587 144 536 71 130 247 374 64 113 127 733 379 206 503 234 352 175 253 918 1301 326 289 325 282 325 231 365 410 373 1032 339 472 137 460 678 195 180 427 186 563 1347 472 221 346 294 355 569 225 313 285 271 227 290 830 101 133 286 213 442 820 176 347 231 473 268 110 279 176 215 134 356 339 496 475 336 1140 81 125 637 389 417 369 282 300 689 215 319 129 885 475 398 94 349 585 116 436 823 840 503 253 445 247 272 226 288 493 423 192 2747 1305 386 474 138 224 547 415 708 161 113 1629 321 603 281 176 202 91 286 250 232 85 160 351 471 388 532 823 291 273 285 398 212 480 328 173 150 632 118 177 739 292 155 229 206 759 190 245 426 212 161 693 246 1187 340 1368 98 347 206 291 799 445 355 799 335 502 336 465 162 1562 813 1513 481 613 408 354 341 349 78 113 360 237 206 290 147 894 492 161 226 1307 221 125 818 97 102 60 280 181 447 339 205 312 235 153 685 319 971 501 681 480 330 246 64 158 197 118 163 150 174 157 521 202 281 106 282 62 385 369 464 422 1525 262 638 408 313 468 159 432 329 407 369 171 310 150 361 186 205 440 279 595 1023 303 419 135 287 513 1132 358 383 403 163 468 1196 496 108 162 769 1112 299 293 66 228 737 415 235 283 863 344 266 477 253 401 1176 249 299 84 908 659 258 345 430 169 203 147 236 535 182 83 211 105 269 533 101 460 139 408 255 669 427 290 632 973 239 570 543 183 568 288 167 478 1683 516 1955 536 786 358 294 290 197 516 740 544 220 369 189 125 910 409 421 361 71 141 192 136 332 297 437 889 212 672 112 385 274 208 160 152 386 456 270 487 1541 345 109 182 414 235 407 458 1700 387 353 469 449 397 378 482 950 1043 428 85 646 669 286 427 277 242 425 99 421 138 131 300 180 374 1349 775 517 254 721 439 769 444 170 495 483 733 487 506 297 736 1782 643 550 328 311 155 126 257 205 174 142 335 246 155 144 540 405 321 503 186 394 163 267 711 665 194 202 904 580 569 487 354 55 163 284 440 153 95 277 621 517 322 215 250 869 259 104 710 235 353 524 232 141 163 285 250 565 209 794 218 328 279 161 404 432 269 868 111 230 476 430 228 518 391 154 498 458 409 544 562 400 185 688 264 183 451 405 453 247 622 154 958 688 358 363 505 310 261 809 639 232 520 209 196 903 155 193 307 270 221 433 293 439 363 259 629 161 383 536 116 164 216 434 932 525 219 278 155 248 313 792 420 1147 1404 630 501 156 1340 658 201 387 514 85 296 156 448 277 196 277 441 157 462 324 614 809 765 306 706 162 493 272 123 208 309 464 662 234 268 537 585 599 360 409 144 274 276 229 333 191 580 256 222 268 177 337 223 272 658 721 138 139 315 206 275 318 389 277 384 324 465 164 839 437 391 271 735 176 763 165 473 454 886 319 145 430 588 201 330 181 448 294 279 250 387 303 935 554 424 246 490 301 325 801 174 654 298 429 870 270 145 1056 534 264 277 569 442 235 239 336 19 636 169 687 86 243 786 701 467 342 122 757 720 83 1181 442 195 308 141 348 391 879 127 331 480 249 164 399 287 573 527 179 255 565 519 387 484 641 105 564 196 362 180 347 85 559 1016 190 221 544 308 425 431 765 574 293 480 306 810 179 290 345 128 610 1139 401 1262 519 177 164 322 82 347 274 383 501 287 349 226 510 404 816 376 216 196 191 584 113 209 1067 381 573 586 707 136 170 236 583 889 222 359 196 1193 626 1036 99 390 228 427 167 506 377 225 609 382 514 152 683 475 212 282 253 366 374 364 207 358 213 494 164 283 371 172 752 300 182 165 738 363 1640 350 966 1108 834 177 312 206 452 226 581 504 288 801 147 159 651 448 189 320 366 731 185 300 250 58 293 814 193 486 183 254 413 662 945 260 545 540 151 564 530 631 264 697 654 348 845 958 221 403 1895 190 107 162 140 951 853 743 157 236 451 187 447 218 590 125 151 200 420 855 1193 661 197 473 401 312 332 415 2326 466 199 48 204 221 143 164 1044 337 44 579 303 372 450 242 216 641 1010 393 181 108 538 400 392 165 1127 701 389 666 758 252 135 723 184 908 35 179 1265 619 241 568 381 1251 706 335 1391 283 616 324 1049 890 140 19 112 694 384 311 256 317 337 290 329 935 197 865 753 721 368 309 115 172 438 484 519 269 134 319 295 246 943 932 157 1272 191 635 150 575 907 410 545 487 90 558 468 397 420 391 260 216 850 1271 588 509 368 849 288 607 496 134 495 179 302 528 197 656 123 357 119 452 655 323 515 400 182 187 290 259 1165 492 223 174 679 708 741 217 216 401 714 658 249 290 859 702 257 292 149 428 553 537 790 324 1195 571 251 618 891 193 221 1363 95 548 389 645 955 448 675 331 494 306 598 753 110 628 336 343 487 381 214 483 577 922 313 162 100 333 304 356 68 350 194 343 235 496 173 1330 442 937 686 809 470 1350 267 247 309 195 1008 251 1324 483 632 724 423 205 538 737 129 133 598 576 456 1345 1293 166 189 270 373 539 690 150 570 666 437 378 176 404 966 501 247 265 346 35 286 294 885 161 286 608 682 561 502 602 376 152 1037 1813 417 477 510 243 418 342 541 373 572 530 439 527 528 475 382 84 373 561 599 607 493 291 1180 1094 487 156 775 273 335 1136 230 1645 398 606 504 688 159 145 162 187 623 667 395 596 487 442 161 1060 852 796 445 473 150 837 1153 123 342 309 250 161 290 253 502 299 592 394 1330 642 781 1369 2663 949 769 536 252 274 190 1082 720 479 505 735 380 253 520 661 432 222 1014 311 411 463 260 144 213 378 408 207 1254 213 155 303 362 568 809 530 321 757 379 367 662 170 248 290 473 675 546 251 452 520 193 279 461 272 381 1022 686 199 244 3326 319 234 2279 221 667 154 1207 172 87 632 597 578 150 281 388 521 833 298 208 455 635 598 440 608 1155 592 703 287 249 493 270 567 267 84 201 720 825 425 520 672 142 215 451 625 217 323 259 438 1119 511 1142 612 204 401 899 438 747 232 483 379 383 382 1027 480 571 879 480 238 143 170 368 1024 2019 606 489 362 467 294 1081 137 441 359 281 682 572 379 705 484 472 225 1100 1010 801 848 572 301 1021 186 157 746 942 379 275 854 459 304 1424 227 617 75 443 359 434 402 242 216 321 439 760 329 360 246 618 334 963 152 833 361 339 345 720 2886 265 237 1215 209 360 457 1070 508 432 503 149 143 578 607 962 257 154 130 554 593 3139 1355 251 300 331 1210 133 269 428 476 741 672 473 665 341 420 265 173 384 170 172 601 603 263 118 854 331 197 439 322 805 699 411 353 573 185 791 350 658 547 471 226 242 994 76 1102 564 256 298 286 161 691 173 107 605 264 130 898 1036 974 708 458 414 359 949 851 500 276 606 396 1025 309 458 305 432 579 250 154 601 638 212 604 547 207 959 355 358 277 282 861 492 751 599 334 1028 2587 402 913 749 336 301 999 355 410 1952 292 484 265 247 1191 337 617 310 284 807 587 534 639 616 376 654 700 1135 1052 470 371 431 857 181 239 342 2542 594 548 653 548 438 183 559 410 477 1052 762 529 168 915 457 1165 150 376 134 195 686 369 295 957 424 166 546 310 779 878 467 364 576 177 605 596 185 95 394 219 327 19 1314 519 387 180 408 791 1069 981 249 708 560 381 412 174 446 231 169 610 691 429 269 301 177 ]
@@@ Loss per-class: [ 0.433871 0.674519 0.665589 0.964474 0.79229 0.858602 1.64695 0.818915 0.770096 0.580819 0.473776 2.14891 0.750034 0.801844 1.33189 1.43719 1.47357 3.32873 1.05324 0.657679 0.807757 0.84091 0.599078 0.942003 1.0283 0.723754 0.893498 0.929165 0.922782 1.46979 1.09971 1.02333 0.835679 1.40344 0.347532 0.410879 0.458542 0.252773 0.997366 2.09178 1.50801 1.6059 1.78892 0.914188 0.695572 0.394136 0.753774 1.05179 0.772477 0.662908 0.282148 0.956587 0.458728 0.862737 0.989828 0.284359 1.07417 0.607301 1.03828 1.04673 0.93318 1.27898 1.93143 1.25386 0.827674 1.01272 0.572727 0.664554 0.884035 0.37588 0.622775 0.828034 0.425361 0.535493 0.467329 0.643048 0.91396 1.27167 1.27272 1.24509 0.858231 1.25108 0.526979 1.43385 0.882762 1.19102 0.741792 0.571001 1.56421 1.11232 0.939522 1.16314 0.564163 1.08462 1.1693 0.841412 1.27843 1.41306 0.650476 0.656669 0.769616 1.95831 0.730936 1.00317 0.660856 0.716635 1.86783 0.666069 1.0965 0.660497 0.932919 0.445688 1.13955 1.9031 1.00167 1.06763 1.85908 1.28173 0.859167 1.08432 0.728423 1.42352 1.54081 0.755036 1.04249 1.58783 1.68799 1.6972 0.660506 0.664943 0.816838 1.68457 1.21629 0.901351 0.486895 1.07675 0.448809 0.884735 1.87907 0.527047 1.22185 0.672945 0.808062 0.38551 1.46569 0.297697 0.877686 1.40297 0.960707 0.936425 1.10796 0.962698 0.979027 0.58299 0.792663 1.35977 0.883936 1.35919 1.59289 1.56905 2.0224 0.729928 1.31227 1.42734 0.838357 0.642809 0.913087 0.675134 1.28984 1.06269 0.909082 0.589513 1.0994 1.57927 1.36054 1.3236 1.0001 1.05229 1.07459 0.629307 0.804716 1.10849 0.812508 1.33061 0.8523 0.580355 1.35393 0.792996 1.18764 1.09164 1.10021 0.579728 0.564945 1.09241 1.50076 1.37649 0.659321 0.513659 1.00056 0.673008 0.612553 0.754765 1.27942 0.477707 0.67487 0.965265 0.836446 0.827099 0.911983 1.30797 1.00265 0.840233 1.02044 1.80659 0.786123 0.692406 1.5781 1.16545 1.43065 0.725747 0.821372 1.38526 0.61391 1.12856 1.67084 0.977794 1.86346 0.947954 1.05512 1.52329 1.03083 0.759613 0.409189 1.2478 1.23502 0.680338 0.639103 1.16629 0.897374 3.02111 1.37646 0.645954 1.05074 1.05805 0.911286 1.53488 1.40155 1.6227 2.14329 1.43888 0.510912 0.678764 0.633229 0.589581 1.33413 0.575821 0.598339 1.96029 0.781372 0.337882 1.02703 0.802272 1.01508 0.661961 0.671852 1.00371 1.5281 0.709592 0.514658 0.698202 1.39009 0.754339 1.07472 0.952783 1.13613 0.986117 0.589662 1.14729 1.04225 0.55898 1.12849 0.414916 0.784306 1.18809 1.7151 1.8454 0.976384 1.0257 1.03233 1.28059 0.954407 1.02597 1.18243 0.827226 0.877229 0.624744 0.685298 1.07777 1.24787 0.803298 1.09448 0.601297 1.16617 0.774164 1.21436 1.15767 0.743786 0.917652 0.992644 0.78476 0.599243 1.97444 1.0113 0.876378 0.422914 0.968582 0.348387 1.60348 0.764029 0.740097 0.821638 1.1454 2.17147 1.03917 1.42524 1.64199 1.44768 1.1554 1.46891 1.80748 0.826073 0.94887 1.69714 0.913352 1.59705 0.57888 1.29261 0.733575 0.584225 1.42282 0.807891 1.31985 1.02233 1.30345 0.413343 1.07712 1.00215 1.78882 1.52009 0.974964 0.867145 0.561211 0.944158 1.31597 0.291348 1.92883 1.00042 1.0039 0.665822 0.621763 0.93204 0.711267 1.96933 0.907133 0.480517 0.726209 0.928382 1.36842 1.2943 0.722583 1.12177 1.04214 0.948672 1.01805 0.67095 1.71378 1.0281 0.98973 1.05986 0.930215 1.1475 1.18594 0.860321 1.23333 0.864599 0.626222 0.624919 0.994531 1.29557 1.37765 1.16232 1.3003 0.826147 1.30069 2.25322 0.711521 1.52715 0.854428 0.657241 0.947897 0.753778 1.16082 1.19813 0.702202 0.835466 1.92056 1.29226 1.36716 0.794802 0.78889 0.922618 0.96331 1.00756 1.15855 1.26182 0.841209 0.927158 1.31408 1.18824 1.10124 1.36079 0.38424 0.806433 1.50992 0.971697 1.20355 1.11032 0.992814 0.857439 0.64956 1.12857 1.14555 1.73196 0.650336 0.780682 1.04615 1.04702 1.6391 1.3154 1.0947 0.988634 0.739417 1.04365 1.35168 0.556919 0.729329 0.781889 1.20355 2.06809 0.774872 1.24549 0.627795 1.25678 1.04246 2.09564 1.47346 0.76596 1.00515 0.850602 0.775085 0.617122 1.57191 0.604377 0.79783 0.49643 0.704673 0.649279 0.954711 1.39584 1.377 1.01211 1.734 1.1872 0.656142 1.31507 0.932195 0.74663 0.949755 0.718675 1.44725 0.841734 1.35057 1.13112 1.34737 0.372624 2.12853 1.33463 1.00733 0.735834 0.983911 1.13225 1.1134 1.26116 1.35897 1.22411 0.651533 1.07426 1.06144 0.785372 0.97857 1.24661 1.14298 0.886353 0.933642 0.905736 1.4615 0.973355 0.826698 0.848538 1.00056 0.805662 0.958521 1.18514 0.697785 0.888855 1.17555 1.18904 0.969734 1.18658 1.30864 1.26196 1.31697 1.52171 0.722901 1.23888 0.972303 1.28727 2.42578 1.98008 0.811849 1.85563 1.03507 1.24895 0.66133 0.814997 1.57468 0.668888 0.556104 0.841938 0.577881 1.22258 0.926043 0.746825 1.0759 1.23597 1.40215 0.994255 1.12287 1.80669 1.29772 1.08441 2.05695 0.690501 1.36666 0.661388 0.890007 1.45105 1.66424 1.21625 1.37308 0.816775 1.09327 0.620597 1.46726 1.60387 1.16857 0.657488 0.810427 0.877169 1.96518 0.774281 1.08946 1.97339 1.69291 1.06225 0.758603 1.28179 0.841569 1.03472 1.45332 1.02142 1.50485 0.51428 0.96083 1.0888 1.65793 1.79733 1.29753 1.34612 1.01077 1.513 0.723932 1.02896 0.686971 0.946455 0.959869 0.626374 0.995799 1.12541 1.60186 1.05236 1.25524 0.808912 2.1988 0.849608 0.939505 0.726875 1.20972 0.465552 1.13702 1.08339 1.29221 0.701956 1.56025 0.598758 1.28258 0.690338 0.520984 1.05337 0.768744 0.58846 1.01241 1.18832 1.58253 1.33384 1.47887 0.868031 0.848841 0.490488 1.40448 1.2156 2.52989 1.0762 0.613611 1.39945 0.963463 1.12885 0.756814 0.564941 1.03146 1.20496 0.631683 1.21026 1.02102 0.960536 1.32473 1.17511 1.20641 1.77972 1.24696 0.586454 1.47535 0.599334 0.493058 1.69689 1.22183 0.965259 1.29665 1.33166 1.56294 1.93198 2.44948 1.25284 0.586609 0.518967 1.16082 1.17597 1.40761 1.71943 0.920053 0.932952 1.57852 0.686478 1.13477 0.915393 1.50369 1.7684 0.736617 1.35024 1.75178 0.914357 0.950431 0.937491 0.780105 2.22509 0.658736 0.96093 0.999512 1.14788 1.13563 1.14966 1.53349 0.927263 0.881699 0.988665 1.27624 1.17234 0.855647 0.614476 0.595488 1.77233 0.81507 1.30117 1.5097 0.589558 1.04673 0.869347 0.717235 1.13293 1.05953 1.49688 0.932738 1.21573 0.66271 0.853485 1.81763 0.881582 1.88979 0.961964 0.912916 1.52926 0.528923 0.869405 0.877065 1.72491 1.323 0.930863 1.22971 1.30114 1.26991 1.06278 1.09975 0.992798 1.36058 0.983858 1.18804 1.4048 0.606007 0.726126 0.871276 1.56208 0.800531 0.928329 0.683735 0.566651 1.84486 1.00946 1.39925 1.04294 0.84739 0.944629 1.06967 0.985804 1.5357 1.01754 0.704965 1.38368 1.10515 1.1525 1.1901 0.957776 1.47916 0.872847 0.797539 1.84225 1.03083 0.801164 0.920003 0.842543 1.21576 0.448215 0.65822 0.704004 1.15117 1.0905 0.841291 2.13985 2.22255 1.0269 1.54849 1.72712 1.91566 0.47259 1.41698 0.976078 1.23511 1.00279 1.01572 1.01298 2.21384 0.854852 1.49051 1.00221 0.890254 1.7626 1.0727 1.16797 1.63053 0.912704 1.1669 1.07899 1.3784 1.38006 1.38882 1.75528 1.29961 1.51966 0.95255 1.41073 0.751217 1.45843 0.895276 1.06921 1.17346 0.955072 0.749384 0.645075 0.762072 1.24892 1.15466 0.833965 0.821863 0.996279 1.21262 1.33659 0.613321 1.72854 1.41902 0.931929 1.1366 0.657522 1.16632 0.81071 0.924548 0.774765 0.665582 1.52272 1.05152 1.48178 1.1897 1.49455 1.35364 0.848953 1.06118 1.10654 1.41232 0.679195 0.90535 1.35572 1.16044 1.92244 1.03086 1.83365 0.711101 0.837681 1.12067 0.947158 1.16876 1.25871 1.42074 0.714221 1.25782 1.21579 2.18483 1.21652 0.607178 1.0292 1.19534 0.853275 2.26466 0.933601 0.676795 1.28121 1.10016 0.783362 0.610337 0.507654 0.480371 1.07671 1.80903 0.860213 1.32042 2.71894 1.17711 0.728204 0.811464 0.948196 1.45327 1.33014 1.05547 0.391492 1.02644 1.02718 0.807131 0.937521 1.04494 0.841881 0.979355 0.793939 0.976328 1.07764 2.72632 1.76767 1.06853 2.17618 1.03851 1.23573 1.12989 0.715467 1.32898 1.0093 0.908427 1.44115 0.5192 1.63441 0.826484 1.03536 0.54313 1.67012 0.94193 0.650301 1.29089 1.63496 1.20748 1.8241 0.720377 1.29013 2.2169 0.910635 0.79123 1.37774 0.846428 1.51928 1.3059 1.20491 1.3424 1.02205 2.18575 0.659202 1.16855 1.26403 1.26764 1.36556 0.877093 0.836734 0.712713 1.27762 1.22921 1.45603 1.5938 0.562481 1.41119 1.26379 0.57296 0.703006 0.985048 0.931561 1.20547 1.33067 1.06464 0.935071 1.56677 0.577176 1.12216 0.875152 0.766203 1.20838 1.36714 1.35868 1.22049 1.25113 1.25833 1.0991 1.5226 0.697154 0.755129 1.21594 1.50567 1.12981 2.0341 0.987 1.99945 1.32511 1.38881 0.951769 0.678762 3.00832 0.876143 0.977648 0.970238 1.36986 0.787606 1.28659 0.982617 0.609688 0.818565 3.10922 1.18651 0.556186 0.984299 0.958127 0.690935 2.40759 1.01202 0.875922 1.75802 1.03129 0.556218 2.40901 3.29861 0.860945 1.70747 1.20107 1.15031 1.41482 1.04071 1.34185 0.926209 0.847971 0.833414 1.14096 0.699924 1.30988 2.36636 1.12278 1.36093 0.89526 1.0947 0.804688 1.04594 2.37485 1.05904 1.16565 1.8421 1.01665 1.74676 1.57061 0.654261 0.482746 1.74621 0.964638 0.852004 0.616816 0.97819 1.52516 0.946867 1.47344 1.03638 1.17421 1.62201 1.59343 1.18536 0.935694 1.18807 1.35123 1.07614 0.892757 2.36048 1.27164 1.12686 1.62457 0.86153 1.92709 1.65976 1.11035 1.73203 0.91942 0.444868 1.1022 1.48151 1.04889 0.600087 1.49213 1.25719 0.970292 1.14032 1.2673 1.48116 0.781893 1.27005 1.32742 0.874546 2.14031 1.23975 1.12377 0.952477 1.11597 0.942307 0.949569 0.501837 0.835585 1.66859 1.01832 1.20736 0.77038 0.851952 0.930489 1.38666 1.76853 2.25441 0.824154 1.1937 1.41512 1.06469 0.953953 1.09942 1.55534 0.875681 1.5829 0.606383 0.826525 3.02534 2.81827 1.18719 0.897927 1.15573 0.766883 0.887259 1.17455 0.957043 0.503385 0.900432 0.911097 0.591526 0.515898 1.20403 1.7894 1.78546 1.00935 1.09107 1.3453 0.87678 1.44199 1.20836 0.535754 0.623078 1.36911 1.02044 1.0603 1.27105 1.05816 1.32839 0.945742 1.45302 1.83603 0.813888 1.25786 0.898861 0.846922 1.05799 2.2303 0.776181 1.30115 1.47498 1.43482 0.915966 0.748149 1.52794 1.99378 1.01832 1.76846 0.879934 0.905797 0.893625 1.32684 0.716113 1.03162 1.36846 1.05833 1.6117 1.48064 1.41648 1.41417 1.58575 0.951101 0.777464 1.4573 0.93714 0.75632 1.33919 1.21087 0.520969 0.721514 1.46441 1.70142 0.940097 0.833905 0.894165 1.06585 1.04799 1.24376 2.13552 1.21088 0.921269 1.31997 1.11042 1.14493 1.02947 1.11289 0.639483 0.832337 0.505134 1.95009 1.04858 1.74404 0.729372 0.60369 0.897044 1.13728 0.492623 1.74763 1.46354 1.19421 1.49061 0.880373 0.805467 1.42833 1.22732 1.25504 0.85421 0.939069 0.968793 2.43232 0.851276 1.26928 1.37569 1.22406 0.819103 1.05814 1.02729 1.26148 1.73781 1.458 1.43966 1.47342 0.811622 1.97286 1.06802 1.67409 1.00294 0.746908 0.924913 0.852656 0.804616 0.520835 1.42649 1.37951 0.847344 1.68789 0.988897 1.46726 1.64413 0.74393 1.24232 1.1791 1.25151 2.57998 1.55087 1.30014 0.363372 1.04346 1.24185 1.40984 2.20001 1.02236 0.756975 0.794168 1.71839 1.84074 0.693453 0.818935 0.919998 2.13229 0.705014 0.733373 0.669409 1.07397 1.42314 1.75363 1.53779 1.54739 1.05926 1.73689 1.1208 0.631321 1.8867 1.40145 1.75237 1.43899 0.764642 0.46494 0.94352 1.56751 1.22139 1.43043 1.4164 0.633528 0.985326 1.23587 1.44158 1.07991 1.55443 0.921126 1.15628 1.23097 1.30167 0.865716 1.19348 2.23832 1.32188 0.633542 0.650103 0.67139 0.398986 0.452249 2.21937 1.34255 0.895056 2.1431 1.01954 0.88268 1.02848 1.16306 1.15035 1.31497 3.01486 2.94649 1.45389 2.15601 0.704862 0.943957 1.11228 1.93613 1.78042 0.676664 1.1943 1.97195 0.962044 1.57173 3.37312 1.39627 0.886867 1.41885 2.00336 0.977351 2.15195 2.12524 1.90281 1.14758 1.01906 1.12698 0.759653 0.680826 1.04892 0.700668 1.56608 0.66679 1.42058 1.19544 1.39868 0.655906 1.0353 0.514076 1.63516 1.00811 0.43713 1.52111 1.14762 1.29428 1.03569 0.825218 1.44156 0.701522 0.925408 2.47894 1.41311 1.41945 0.587364 0.905708 0.947188 1.65803 1.33099 0.885697 1.01115 0.933545 1.03772 1.02687 0.804161 1.86403 1.06975 1.06368 0.948545 1.16286 1.52407 1.41646 0.911272 1.15372 4.09301 1.12276 3.41961 1.37599 0.82516 0.992632 0.882982 0.759906 1.02046 0.65848 1.07172 1.14038 1.3749 0.768525 1.48743 1.88464 0.677472 1.36956 1.35473 1.26182 0.968766 1.10505 1.27778 0.914414 0.47685 1.49449 1.12459 1.34573 2.25845 2.89219 1.00987 1.02359 0.927173 0.61021 1.62764 1.27532 1.10363 1.25829 0.7383 1.11339 0.863503 1.56236 0.877433 1.32837 0.838625 1.64842 1.80805 1.5222 1.18639 1.30678 2.69794 0.713845 1.88846 2.01714 1.62818 1.4205 0.652581 1.27679 1.42094 1.49241 0.760871 0.723676 0.581052 1.0121 2.32362 1.82632 0.862109 1.31977 0.906959 1.87385 1.07749 1.69851 1.29995 0.976372 0.926128 1.04975 1.20461 0.828627 1.31566 0.964968 0.708379 1.26491 0.985322 1.3898 0.972288 1.25369 1.3996 1.41172 1.12494 1.13607 0.505507 0.289822 1.31918 1.0173 1.08217 0.938086 1.06814 1.56692 1.13128 0.771815 1.5595 0.978769 1.61263 1.49688 1.46999 1.43996 1.577 1.20749 1.64297 0.912377 2.13283 0.817342 1.69643 1.22809 1.08707 0.753431 1.09383 1.50378 0.944402 0.890415 1.25531 1.16891 0.822573 0.869368 1.34875 1.40873 1.5633 1.49261 1.45891 1.50322 1.09929 1.08315 1.29101 1.55338 0.531159 0.648348 1.10016 0.928294 1.04743 1.20543 0.830142 2.06043 1.88993 1.45475 1.50838 1.34749 1.39615 0.949196 1.07894 0.775743 1.71091 1.5757 0.954171 1.38776 1.38011 2.95485 1.30486 1.07413 1.72217 2.1053 3.68696 2.53277 2.09796 1.30428 1.25591 0.94039 0.620635 0.493458 0.984275 1.43813 0.731407 1.03526 1.39231 1.11888 0.872525 0.889681 1.66916 1.9036 0.805795 1.55035 1.04973 1.64596 0.757513 0.66505 1.33696 1.79027 1.13859 0.890686 2.30534 1.00628 1.06833 0.883268 2.12171 1.09798 1.57358 1.83491 1.33328 0.721227 1.30939 1.43108 0.876138 1.55122 1.47041 2.0048 0.68657 1.36563 0.847164 0.721749 1.12166 0.877305 1.52354 1.92201 1.52366 1.07012 1.4969 2.1493 0.832083 2.20752 1.11496 1.78346 0.955609 1.1001 0.912255 0.997273 0.938273 1.46496 1.59718 1.58871 2.00455 1.02307 1.34785 1.10839 3.86132 0.827774 0.72074 1.07443 0.721506 1.2694 1.22432 1.13733 1.38996 0.946305 0.835926 1.29682 1.21681 1.65043 1.34228 1.26119 0.823996 1.15746 2.94903 0.749491 0.77582 0.908099 1.23236 0.630606 0.705111 0.764156 1.77663 1.35788 1.82396 1.10999 1.67595 0.91524 1.06737 2.39016 0.827194 1.19642 1.55043 1.48583 1.02745 1.48201 1.42229 1.48349 0.956539 2.49238 0.880865 1.07828 0.693731 1.1529 0.954623 0.823962 1.04464 1.96151 1.19634 1.5927 1.10108 1.74521 0.691703 0.731926 1.37132 1.09797 1.01183 2.40811 1.31685 2.79015 1.72198 1.13893 1.33226 1.60356 1.55479 1.41269 1.29712 0.783713 0.886492 0.759618 0.457016 3.20633 0.860546 2.30878 1.41542 1.34667 1.34819 1.27719 1.41096 1.19438 1.2325 1.0899 1.93625 1.11166 1.00278 1.61688 0.937858 1.90398 1.21134 1.2633 1.02953 0.772837 0.928021 0.813115 1.11597 1.35135 1.13297 1.73507 1.22615 2.01012 0.878061 1.0863 1.58209 1.29659 1.0935 1.72873 0.697782 1.20944 0.916405 0.823798 1.16161 2.15348 1.37373 1.10747 0.747372 0.807065 1.34348 1.27249 0.85629 1.29712 1.0367 0.845698 2.72736 1.23448 1.46082 0.797109 1.30327 0.93456 1.81647 1.15301 2.24489 1.1307 1.3136 1.32752 2.58582 0.822177 0.902301 0.910741 1.75858 0.518939 1.53206 0.802709 1.19347 1.07903 1.16133 0.942656 0.951987 1.10421 0.704902 0.913292 1.62712 2.27902 0.754395 0.715303 2.27529 1.63142 2.6347 0.583914 1.28031 1.10379 1.54081 1.05692 0.779976 1.22695 1.30844 0.949799 2.27016 2.39391 1.1655 1.47417 2.46836 0.939877 0.978562 1.26754 1.17515 0.529464 0.834449 1.48094 0.460913 1.66586 1.17314 1.38231 0.823233 2.32626 0.920033 2.00492 1.33452 1.72667 0.781816 0.933333 2.27075 0.967636 0.782419 0.669588 1.75423 1.94724 1.39628 1.21162 1.02689 1.34298 1.11352 2.12129 1.16756 0.829456 1.37854 0.898417 1.64852 1.92144 1.16007 0.632075 1.24658 0.571137 1.72104 1.37235 2.1795 0.931451 1.87933 0.766116 1.18672 1.25167 1.24209 2.50995 1.76486 0.976195 1.37473 0.959584 1.16354 2.38973 1.14985 0.816716 1.20679 1.00202 1.15478 0.874884 0.91984 1.98992 0.636271 1.08743 1.38582 1.70904 1.23971 1.15304 0.922796 1.81365 0.735587 0.861687 1.23447 1.92723 0.747514 2.42915 1.08459 1.88316 1.89699 1.53164 1.16303 0.775795 1.15448 1.30976 2.68899 0.676209 1.39708 1.32781 2.49293 1.36732 3.00045 2.02008 1.71634 1.5184 1.68353 0.71759 1.15433 0.835558 1.19099 0.900095 1.42262 0.618356 1.0398 0.897193 1.83087 0.862364 1.25255 2.21552 1.04776 1.27733 0.967981 1.85219 2.50958 1.30323 0.885495 1.19712 2.70756 2.4665 2.12058 1.23169 1.17255 0.930986 2.16063 0.930302 1.59737 1.64934 1.71188 1.32377 1.01455 1.44771 1.59877 1.10988 0.998827 1.02229 2.01511 2.38357 1.78362 ]
@@@ Frame-accuracy per-class: [ 83.8662 80.397 81.5774 66.6667 74.2268 72.1604 55.7185 77.9156 77.4194 82.6806 87.8559 29.9559 75.5764 76.3458 59.2851 59.9542 62.2754 15.1899 70.6145 81.0811 78.9069 75.5162 84.1905 71.9944 71.6384 74.6929 69.0432 72.6241 76.0915 58.6118 65.9128 66.1059 73.7201 64.7202 89.9297 88.4023 87.4255 93.3522 70.2908 38.7954 54.4601 49.2099 50.2058 64.106 81.7377 86.8508 74.6082 72.8144 76.4949 78.0304 90.6781 71.1111 86.5903 73.6424 72.4333 89.7297 66.0832 81.7348 65.77 70.2179 69.2253 61.5018 43.7811 66.809 73.1583 53.0005 84.1208 80.8785 76.4921 89.4859 83.9506 77.4468 87.5949 86.4157 84.1687 83.561 72.6329 58.0521 65.5484 59.8582 71.5124 57.5809 83.8931 51.6469 75.2412 56.0364 77.6797 81.8245 48.3168 67.6311 74.2791 63.5719 86.3379 72.7117 62.3009 73.2026 63.4806 59.3037 83.0409 81.0127 76.3675 33.8739 78.5771 68.4432 79.7642 78.7368 35.6808 78.7597 69.2115 82.8829 70.9413 87.3328 69.8027 35.7262 76.0331 68.1873 38.3275 63.7965 74.4102 64.4809 80.4851 57.9658 54.9081 74.4633 67.0807 57.8755 41.1862 48.5757 80.2707 77.5966 73.7008 38.9238 70.5302 70.9046 85.9574 63.5912 85.5234 77.1855 46.6077 84.7638 61.2056 77.0227 77.2112 87.5275 50.7123 91.8415 71.6243 56.3591 69.3759 68.3438 64.8649 71.601 63.8723 79.397 79.2357 60.4966 71.5596 64.4122 46.0653 52.7845 34.3434 78.5781 58.9306 55.4622 73.9181 79.4193 71.811 82.2927 64.1283 63.8773 69.0909 82.4533 66.6835 50.4039 58.0531 60.863 71.4012 68.9401 66.3605 81.7087 76.4862 69.8457 72.2045 61.7785 73.955 85.6202 57.0048 77.5428 62.6781 68.5237 70.6605 84.1066 85.1692 68.6739 51.1785 53.6986 80 83.9006 73.7628 78.7124 81.6107 77.4617 62.3032 86.0783 80.0515 70.5174 75.0392 73.1183 72.2617 55.677 71.4173 80.2867 70.1213 49.7445 79.1319 78.424 49.6263 63.8695 53.2495 78.1609 79.2899 53.3333 81.073 63.6695 49.6042 74.3651 49.4993 71.6981 74.5645 44.4444 71.5026 76.6897 87.947 60.1504 63.3053 81.0707 83.1943 60.0186 74.2156 18.1303 59.164 78.7879 71.7131 64.6617 71.0059 51.6239 63.4146 54.7667 27.8768 59.9589 86.1789 82.8936 78.2779 80.8684 56.7783 82.144 80.7649 38.512 78.6177 91.8635 72.879 74.316 65.6799 80.7018 80.2706 66.1157 52.8624 78.7302 85.6124 79.2038 59.0308 78.1609 69.6503 71.599 64 72.3549 83.1714 67.0807 65.4592 82.0471 68.8797 86.5289 75.5886 60.8 55.5853 44.6397 69.8139 73.161 64.1686 63.4105 68.1739 74.842 65.896 75.2852 74.2097 82.2249 78.2288 69.3467 65.9176 74.6667 69.5735 81.9709 66.99 74.2968 61.0662 63.908 80.8989 74.0299 69.5771 79.1579 81.826 38.9892 68.9459 76.7347 88.0061 73.5547 88.8496 53.9493 76.8508 81.4414 71.5262 68.9231 34.3324 71.0963 57.3134 49.5319 53.2872 61.6962 75.5245 33.7165 73.1313 73.1642 44.9612 66.9604 54.1176 83.9809 61.9236 76.9976 83.0189 52.0256 77.4468 59.2593 63.1164 56.3963 88.0522 67.9939 74.266 57.4501 49.5575 70.0461 71.7063 81.5321 69.4275 66.3989 91.7191 37.7025 71.5344 66.1818 79.696 81.0612 71.0997 76.4543 42.1053 71.3137 86.6016 75.9184 70.8995 62.3025 60.0289 77.4194 68.6357 73.9245 69.1796 68.5805 80.2102 47.8821 65.0549 62.6506 71.4028 65.0246 62.1723 62.8272 73.0679 66.8927 76.4168 79.8867 80 70.4104 62.302 55.4935 66.9683 62.254 73.0878 63.5731 39.4052 78.8219 54.4919 74.1188 77.8128 67.162 80.228 62.5767 66.1355 80 74.4544 40.7186 65.2233 52.7434 77.5374 78.4627 74.71 69.4836 66.4093 64.3704 64.3533 76.537 69.8413 61.8026 63.0231 65.2361 58.4192 89.7389 77.2159 51.6385 76.1341 63.5241 63.0303 74.8624 73.7307 79.0295 65.6535 58.3235 49.8701 82.1474 75.9862 71.4101 67.8609 49.8195 62.8062 67.9452 72.4428 77.4876 67.4923 66.0793 83.8908 81.493 79.8674 67.1403 47.5921 77.037 62.2951 79.2321 60.2794 69.6774 47.9532 59.19 77.0982 72.7466 77.4775 80 82.5744 57.2899 82.9982 74.606 84.0652 81.8824 80.1249 74.277 61.6715 66.4452 64.3478 50.6329 67.0423 82.0825 60.8547 66.881 77.5599 70.2179 76.6294 51.9685 77.8004 63.0715 62.5882 59.4427 87.9596 45.0304 60.8 68.4288 75.7764 74.1117 64.7482 68.7651 63.4648 52.4078 64.6465 80.7314 69.5435 64.6796 81.791 67.162 63.3727 69.5385 68.16 72.2803 71.4239 58.7747 73.0236 75.153 71.086 69.3997 79.5422 75.1592 67.8414 79.889 72 63.9225 63.6833 71.1864 58.8038 60.1015 65.6347 57.8366 55.1434 78.1038 66.1355 70.2505 56.4103 28.2927 46.281 78.4314 39.1185 73.2961 60.3829 77.8589 76.48 57.7495 84.0391 84.7557 74.4914 82.5528 61.2164 69.6992 76.1707 65.9607 65.7201 63.5659 72.5552 71.8987 39.6624 55.6575 72.4252 38.9685 79.3651 59.8274 76.0494 73.1794 54.4601 50.6195 67.2 60.441 74.6955 69.5371 83.5503 50.9341 53.7143 65.6226 81.5177 74.3222 74.4931 35.7367 75.6069 72.2307 45.1534 55.4804 68.8047 82.4477 63.7874 75.242 73.4584 53.528 67.6504 62.9696 86.4819 71.9101 68.2043 47.199 44.2804 64 60.5648 71.6115 58.8563 76.9231 66.6667 82.5688 72.3586 71.8763 81.1682 75.576 65.8462 47.3034 67.5955 68.4474 73.2538 42.1053 76.5864 74.0339 79.9037 61.5711 87.478 63.6943 65.8926 59.2871 79.3717 53.6489 82.1918 58.7335 81.3627 85.1419 73.3728 76.4997 82.6384 70.793 65.4124 54.3554 60.177 57.9853 70.5085 74.8414 87.7684 58.0822 62.2754 34.9882 70.1422 82.0037 57.1696 71.9212 65.3637 79.5699 82.4969 73.1898 62.4347 80 62.6506 69.7233 69.3374 67.2234 64.1543 63.6615 46.8665 64.0281 81.8024 59.1045 82.5496 85.7143 49.9516 59.1665 72.1342 65.0985 68.0614 49.9151 49.9139 28.8608 60.4066 82.2417 85.2158 63.9456 64.9526 59.6306 45.4183 70.8402 73.2601 50.0593 74.9654 69.9301 72.7915 61.8182 49.0842 80 56.4706 46.8571 71.9505 72 70.9294 80 38.1323 80.8743 75.7794 69.7819 66.8852 65.9767 67.0318 55.8226 68.3077 72.7214 74.9638 63.9269 70.6849 79.1315 83.6518 82.6994 51.4722 77.095 60.129 52.3338 81.3632 66.5184 76.2264 77.9392 66.7358 64.4924 53.1864 70.245 64.3275 81.6705 75.4294 49.9127 74.6199 51.1712 69.2784 75.2056 57.2864 84.6975 72.9242 73.0038 51.9135 70.9141 75.3004 65.9504 62.2824 61.256 66.4047 67.0825 73.7201 62.898 69.2913 60.4106 63.5721 81.9028 80.2999 75.2821 53.5044 73.6134 74.9491 80.1683 82.3621 52.3161 67.8843 60.0321 70.0965 75.0988 68.7379 65.2068 72.7794 56.1404 67.6602 80.3245 59.164 62.2837 69.0102 67.5709 74.9611 53.0288 74.5308 77.5665 47.7064 68.785 76.5987 72.577 71.9794 63.7037 86.4566 80.2756 77.9631 66.2564 67.9831 75.6757 31.8043 39.7188 66.0613 57.9805 54.4503 46.1261 85.2776 56.8116 73.4884 64.0371 77.0459 70.1553 71.6763 25.8373 76.8473 54.7771 71.57 72.8313 40 67.8445 63.6086 52.5394 77.0459 59.9469 68.2578 59.786 62.2426 63.6225 51.8784 60.6811 53.3993 70.5202 58.256 76.6839 50.2242 69.4143 64.4281 67.8281 73.523 75.7956 84.2912 83.4951 68.004 66.5213 76.6789 69.4215 68.9778 64.9189 61.9946 81.3362 49.1493 58.8556 73.7542 63.8718 82.9107 67.8788 75.1807 71.8447 79.3949 79.4481 49.3724 69.0509 58.7537 57.3269 58.891 58.0605 78.0297 74.4086 73.391 50.5967 81.9338 70.725 55.3055 59.4315 40 68.7616 49.2099 80.7382 75.9796 67.3493 67.1252 63.1985 63.7014 52.6316 77.4446 65.2377 65.2361 44.3769 58.6605 81.473 66.7024 61.275 76.9932 32.316 73.955 82.8974 65.0718 62.5868 77.7646 82.1786 84.7277 86.7565 67.3978 43.4505 73.48 56.0364 29.7767 63.4839 78.5228 76.0234 70.8263 55.5911 60.2007 72.7928 87.5318 72.4324 71.5742 71.1111 73.7297 69.0293 72.7421 69.5491 75.1143 70.7993 68.2236 32 44.9848 66.789 30.7692 63.789 61.0662 65.0161 80.4528 55.4371 72.2533 68.093 57.7284 84.9041 60.4716 76.1905 71.2803 83.4244 48.8246 67.5381 79.4603 62.6632 55.814 63.9376 45.8427 77.8399 59.7183 40.2963 74.2729 78.8991 58.1625 73.3195 52.7076 61.6487 60.2219 61.0169 71.8693 36.1068 80.6162 65.9459 65.2796 61.6333 57.3577 73.5562 77.3079 78.6286 66.4112 65.5617 53.433 63.4561 82.7767 55.5891 61.6684 83.3883 76.819 72.3005 66.6667 68.0604 61.6822 68.9826 71.1044 52.3416 82.4972 63.1579 80.5009 74.6507 66.8387 57.6606 61.892 63.3003 61.4841 56.3895 64.6279 55.058 79.5699 76.2321 65.9026 57.9068 71.0218 44.2375 70.1895 43.2532 65.9794 54.7089 71.4687 80.1512 22.7027 69.7103 71.4124 74.7346 65.9708 76.0773 61.5385 70.542 83.1858 75.2 21.9653 65.7084 85.3147 72.8439 72.0856 77.6642 30.2041 70.099 73.6988 52.6946 69.9111 82.4859 39.8977 21.3938 73.4982 49.0674 64.8787 65.6055 62.7451 68.175 63.4755 70.9419 72.9483 73.0914 64.6957 78.4656 65.5924 39.5543 65.7534 58.0018 75.0722 66.5806 75.3354 66.8745 48.3412 66.6076 67.6845 48 69.2521 47.1942 60.8187 80.9651 87.6537 54.5932 69.0745 73.0946 81.3614 70.0353 57.4739 73.4161 61.2707 69.8467 65.3486 52.2023 53.9173 54.039 72.6334 64.5441 65.3696 64.2097 74.3308 42.8394 59.6436 67.18 56.9014 73.5562 44.031 53.3333 66.1871 44.0801 73.2725 87.338 70.9565 60.372 68.4327 80.7052 60.5686 63.1966 69.8539 65.5889 56.9975 57.9634 77.3311 71.3656 61.5752 75.1288 36.9594 62.075 66.6667 68.5512 73.2601 70.9677 73.5729 86.3753 78.3586 55.2809 62.8651 64.631 77.0842 73.1045 71.2012 53.2663 52.2407 37.1991 76.9591 54.9254 50.7404 65.6954 74.5011 69.5652 53.3333 71.9145 53.7705 83.3943 72.9758 25.8824 31.1504 65.8777 72.8513 63.2844 78.4636 74.2169 66.9456 67.9157 86.3498 76.5957 72.3104 83.1763 81.1594 60.9967 37.2712 46.5753 70.0906 66.7569 56.6713 72.7217 57.3466 66.6322 82.4538 82.5644 61.9718 72.96 66.8281 60.9945 72.8477 58.4695 71.9524 58.5789 46.7873 81.3559 62.6959 75.3645 76.7001 68.0739 38.3775 80.764 60.1504 51.2129 57.5707 74.2515 78.6325 58.6031 39.6562 67.7003 42.7544 77.3842 75.442 73.2769 64.7547 79.8519 68.714 59.7617 69.1952 57.4257 54.2073 54.6654 62.0744 55.5766 73.6918 77.1581 53.6585 68.1254 76.578 62.754 62.4535 82.6695 77.1654 53.9535 55.3846 74.7331 75.3547 72.4077 68.998 66.0317 69.3446 38.3167 61.8667 77.3184 60.4119 71.1262 71.7131 62.7063 68.3292 80.1427 75.7452 86.4684 43.6886 67.3418 44.3506 79.7011 86.08 70.9774 68.1107 85.2783 49.5177 66.1654 57.732 58.1907 73.1377 75.2613 59.5745 62.518 61.3333 69.6629 73.1665 69.8517 34.6309 74.3618 64.7423 62.8176 64.2245 75.2103 69.8856 65.5647 65.4378 49.2108 62.9213 59.8726 62.2356 75.4767 46.1867 69.3196 49.8125 70.1384 79.604 67.8967 72.5639 74.2547 84.4249 61.9718 64.0669 72.3825 50.8475 65.8385 57.8716 52.9489 79.5845 57.3248 63.7854 66.1157 25.0441 55.3122 59.4761 88.9948 68.95 64.0569 51.2821 34.6667 65.8027 79.5839 78.0096 53.8012 36.8504 80.5926 79.1738 73.7481 38.0545 76.4557 77.9896 82.2827 66.9439 56.9878 52.9887 57.1429 57.3913 71.8358 41.4861 64.1001 79.0353 52.7881 54.7731 49.0694 52.7383 77.0535 86.1126 67.9365 57.2102 67.8851 58.3792 55.814 80.6255 66.9972 59.6833 60.1283 72.4103 61.8785 71.7995 68.0896 62.6415 60.8799 70.2427 66.4107 37.8753 59.1417 81.5572 81.2234 79.0972 89.2809 85.9329 35.7019 60.2469 73.3132 32.7138 65.9939 77.9944 70.7438 66.7928 67.8481 61.3861 20.2429 33.007 56.9038 32.2652 79.4813 69.8609 66.7313 48.1898 41.0959 78.9333 67.1256 40.0771 69.4123 54.4162 12.9754 61.3181 72.7005 55.7516 38.9751 75.8621 47.1132 41.594 47.3058 64.5406 65.7315 68.8468 80.5119 77.4377 66.4078 80.3419 57.5251 81.4469 59.6206 56.5581 59.3295 78.8906 67.5031 83.2896 52.4851 70.3314 86.3713 55.2972 70.4289 58.2325 61.7801 79.1249 55.199 79.4733 74.8299 35.8974 60.1036 57.9186 81.9009 75.367 75.6892 49.2369 60.6335 74.463 70.4309 69.5779 68.1026 71.2975 76.4569 46.122 68.0519 71.4363 78.1499 67.6923 55.7214 59.97 71.9212 68.7237 4.37956 64.194 25.7069 54.7307 77.2824 73.9174 73.1988 74.2578 72.3164 78.9333 68.4632 62.3842 60.9989 77.9711 60.5607 48.4848 77.8675 53.7084 61.0808 57.2565 72.9332 62.4612 63.2411 69.0131 84.7698 53.0414 67.7809 61.9661 33.2046 29.9625 70.0084 70.425 73.3844 82.1999 49.4009 64.8649 66.4908 60.9982 73.6278 68.9527 77.4801 54.485 75.0219 65.4164 71.7714 53.6328 50.9915 55.1298 63.8386 61.4158 40.8081 77.5895 52.5253 59.1549 54.4503 59.4228 83.2298 73.065 55.8464 48.8085 76.7766 78.5396 82.7861 70.5394 39.3094 47.2131 73.0602 53.984 71.8563 43.1414 63.2713 51.7454 62.8435 71.5328 69.6214 66.6667 64.2795 78.4166 57.5654 74.6919 76.4428 65.1945 75.817 56.8047 71.7537 59.1273 57.7148 54.9794 62.8166 68.2676 86.2346 91.3659 60.7179 71.5655 66.0219 72.3949 64.9776 51.4738 68.1128 73.777 54.9561 73.2069 55.1041 58.3878 57.0533 58.4192 60.3077 62.4 53.8893 72.5094 42.4779 74.6018 53.5385 63.0508 66.2539 77.6049 69.7947 51.0986 74.0741 75.1848 57.1429 59.8209 76.2029 77.7328 56.6423 59.7738 57.0858 58.8235 59.8967 57.5937 69.6517 68.7813 63.4599 55.5133 82.2999 78.9105 68.3301 71.1939 69.9456 64.2443 75.5036 42.4977 40.7921 53.1876 56.168 57.552 54.9618 70.4901 62.5124 75.7308 59.6583 48.5207 73.391 55.0265 60.1156 22.9213 56.8753 66.1316 57.8372 37.5405 14.5873 30.4498 42.1546 63.6724 65.3611 74.2169 82.1841 87.5878 67.5241 62.603 78.6207 70.8883 57.6899 70.8765 68.1182 74.0594 52.7009 43.5374 78.7925 59.824 69.2153 61.2737 75.1848 81.1251 61.8481 46.5209 68.9503 73.1988 40.8269 74.7764 68.6891 74.1284 42.464 66.6993 53.0226 47.1178 63.3947 71.9375 57.59 66.5245 75.2358 48.7585 55.1311 43.3657 79.1718 62.029 81.1429 80 68.7866 71.7373 51.1628 49.7336 62.2909 67.6894 51.9496 43.2161 77.2182 37.3216 69.2368 48.9557 72.8717 70.1726 73.9939 68.8608 69.7939 60.8696 54.509 52.4823 47.3198 70.837 59.8131 74.5562 5.45906 73.8376 76.6808 69.5652 77.6177 63.0483 67.3684 66.3573 62.4585 73.3813 69.4253 66.7697 61.657 44.9259 61.456 62.3656 75.7112 68.5714 24.9389 77.4595 76.3758 73.4322 63.5452 82.5806 78.8004 75.6258 54.2373 62.4837 50.4136 68.2622 51.2686 71.0631 65.9729 38.5744 75.9582 63.9296 54.2741 53.7823 65.5113 56.3891 58.8355 59.8621 70.3743 39.3888 74.4337 71.2727 80.6342 67.5939 71.4032 75.3114 73.1878 46.3768 64.9185 49.5356 64.9735 55.4324 78.0554 77.9812 57.7667 68.1202 68.821 38.806 62.5551 35.3887 53.9683 63.3624 58.4615 55.336 54.4465 55.471 64.4178 75.8621 76.1671 78.6813 86.4777 37.0861 75.0846 43.6718 58.6881 59.6273 69.2784 63.2794 60.9642 63.7088 63.2479 67.9818 45.215 64.503 72.9184 49.3274 74.3124 48.5246 64.6671 60.0277 62.7393 80.7525 73.9764 76.1822 67.7966 56 65.0761 45.3461 59.6394 45.0273 70.9949 65.6834 58.4971 63.7537 72.9097 54.3554 79.1703 64.5267 70.4416 75.3398 66.6667 38.3142 58.431 65.7119 77.0186 73.6997 65.6064 64.2263 79.3363 58.9839 67.4157 77.551 31.0385 63.5887 58.1254 76.4312 59.7677 70.7739 47.1449 71.1058 38.4181 66.8588 65.5397 61.5836 26.6667 73.3167 74.3993 70.5882 44.7257 84.8449 58.2202 77.9747 61.8885 69.4574 66.915 73.4811 71.4459 71.0042 79.5118 73.8544 50.537 44.2225 76.8413 77.0776 39.0244 50.7726 28.866 83.2579 54.902 67.7551 56.1559 67.4464 77.3869 67.0157 63.1579 72.3066 34.5821 38.1395 64.5747 63.138 43.6782 72.8993 69.8505 59.1072 67.8899 84.1876 76.9602 58.4145 86.9932 52.7305 68.9311 60.7595 76.8343 34.0479 75.9629 45.8805 60.4144 50.0818 73.2948 75.2373 38.3234 78.3172 79.8005 79.5615 50.8235 46.8156 60.8219 64.5783 66.2845 63.5724 66.6667 40.3604 70.7965 75.2176 61.9289 75.4491 38.5321 39.4619 67.9631 81.971 59.3789 82.2113 46.8312 59.4354 43.4494 72.3362 43.038 81.3642 60.3329 58.1197 62.7451 29.0019 56.9697 67.3101 61.9259 74.8178 67.3108 30.58 65.1393 77.7872 60.9916 72.4003 64.0714 75.166 72.8801 47.252 80.9335 69.7387 60.1488 50.3365 66.5122 63.3236 72.7273 46.3466 78.2482 72.9204 60.0505 44.485 82.479 30.8113 63.854 45.2316 50.9383 54.0804 63.0366 78.4798 65.4426 53.8244 34.4214 80.0655 61.6393 61.2613 31.2292 57.6361 27.5093 42.4552 50.2549 56.8336 46.0237 79.3734 65.0177 82.2823 61.2992 77.2947 57.8576 84.3483 70.8021 76.2689 43.7121 74.3662 67.5475 43.9229 66.8464 67.0157 72.2433 48.7472 32.3664 61.5385 74.4009 63.5226 30.1935 35.4571 37.6989 64.4346 67.4147 73.9684 41.2826 75.6528 53.8805 47.7064 54.7879 57.3066 73.9082 51.4039 50.1475 68.1409 67.3897 65.1921 44.898 35.1575 54.6479 ]
LOG (nnet-train-frmshuff[5.5.208~1-b0fc0]:main():nnet-train-frmshuff.cc:406) AvgLoss: 1.00397 (Xent), [AvgXent: 1.00397, AvgTargetEnt: 0]
progress: []
FRAME_ACCURACY >> 70.1314% <<
