# sgmm2-latgen-faster --spk-vecs=ark:exp/sgmm2_4_ali/vecs.2 --utt2spk=ark:data/train/split30/2/utt2spk "--gselect=ark,s,cs:gunzip -c exp/sgmm2_4_ali/gselect.2.gz|" --beam=18.0 --lattice-beam=10.0 --acoustic-scale=0.2 --max-mem=20000000 --max-active=5000 --word-symbol-table=data/lang/words.txt exp/sgmm2_4_ali/final.mdl exp/sgmm2_4_denlats/dengraph/HCLG.fst "ark,s,cs:apply-cmvn --utt2spk=ark:data/train/split30/2/split30utt/25/utt2spk scp:data/train/split30/2/split30utt/25/cmvn.scp scp:data/train/split30/2/split30utt/25/feats.scp ark:- | splice-feats --left-context=3 --right-context=3 ark:- ark:- | transform-feats exp/sgmm2_4_ali/final.mat ark:- ark:- | transform-feats --utt2spk=ark:data/train/split30/2/split30utt/25/utt2spk ark:exp/tri3_ali/trans.2 ark:- ark:- |" "ark:|gzip -c >exp/sgmm2_4_denlats/lat.2.25.gz" 
# Started at Wed Feb 27 15:25:40 +07 2019
#
sgmm2-latgen-faster --spk-vecs=ark:exp/sgmm2_4_ali/vecs.2 --utt2spk=ark:data/train/split30/2/utt2spk '--gselect=ark,s,cs:gunzip -c exp/sgmm2_4_ali/gselect.2.gz|' --beam=18.0 --lattice-beam=10.0 --acoustic-scale=0.2 --max-mem=20000000 --max-active=5000 --word-symbol-table=data/lang/words.txt exp/sgmm2_4_ali/final.mdl exp/sgmm2_4_denlats/dengraph/HCLG.fst 'ark,s,cs:apply-cmvn --utt2spk=ark:data/train/split30/2/split30utt/25/utt2spk scp:data/train/split30/2/split30utt/25/cmvn.scp scp:data/train/split30/2/split30utt/25/feats.scp ark:- | splice-feats --left-context=3 --right-context=3 ark:- ark:- | transform-feats exp/sgmm2_4_ali/final.mat ark:- ark:- | transform-feats --utt2spk=ark:data/train/split30/2/split30utt/25/utt2spk ark:exp/tri3_ali/trans.2 ark:- ark:- |' 'ark:|gzip -c >exp/sgmm2_4_denlats/lat.2.25.gz' 
transform-feats --utt2spk=ark:data/train/split30/2/split30utt/25/utt2spk ark:exp/tri3_ali/trans.2 ark:- ark:- 
transform-feats exp/sgmm2_4_ali/final.mat ark:- ark:- 
apply-cmvn --utt2spk=ark:data/train/split30/2/split30utt/25/utt2spk scp:data/train/split30/2/split30utt/25/cmvn.scp scp:data/train/split30/2/split30utt/25/feats.scp ark:- 
splice-feats --left-context=3 --right-context=3 ark:- ark:- 
LOG (apply-cmvn[5.5.208~1-b0fc0]:main():apply-cmvn.cc:162) Applied cepstral mean normalization to 4 utterances, errors on 0
FDKN0_SI1081 sil aw r s ix cl k s eh s er z epi w el hh ae v ix n iy z iy er cl t ae epi s cl k sil 
LOG (sgmm2-latgen-faster[5.5.208~1-b0fc0]:DecodeUtteranceLatticeFaster():decoder-wrappers.cc:289) Log-like per frame for utterance FDKN0_SI1081 is -8.72284 over 299 frames.
LOG (sgmm2-latgen-faster[5.5.208~1-b0fc0]:main():sgmm2-latgen-faster.cc:209) Log-like per frame for utterance FDKN0_SI1081 is -8.72284 over 299 frames.
LOG (transform-feats[5.5.208~1-b0fc0]:main():transform-feats.cc:158) Overall average [pseudo-]logdet is -88.6037 over 1404 frames.
LOG (transform-feats[5.5.208~1-b0fc0]:main():transform-feats.cc:161) Applied transform to 4 utterances; 0 had errors.
FDKN0_SI1202 sil hh ih z aa r cl t ih s ix cl k ix k aa m p l ix sh epi m ax n s vcl g eh r ix n cl t iy vcl d hh ih m ix ih n cl t r iy ix n vcl d ix eh n iy s ow sh el vcl g ae dh ix r ix ng sil 
LOG (sgmm2-latgen-faster[5.5.208~1-b0fc0]:DecodeUtteranceLatticeFaster():decoder-wrappers.cc:289) Log-like per frame for utterance FDKN0_SI1202 is -8.94296 over 490 frames.
LOG (sgmm2-latgen-faster[5.5.208~1-b0fc0]:main():sgmm2-latgen-faster.cc:209) Log-like per frame for utterance FDKN0_SI1202 is -8.94296 over 490 frames.
LOG (transform-feats[5.5.208~1-b0fc0]:main():transform-feats.cc:158) Overall average logdet is 1.51078 over 1404 frames.
LOG (transform-feats[5.5.208~1-b0fc0]:main():transform-feats.cc:161) Applied transform to 4 utterances; 0 had errors.
FDKN0_SI1711 sil dh ih r vcl g oy n vcl d ix l aw s m iy ah cl p vcl g uh vcl sil 
LOG (sgmm2-latgen-faster[5.5.208~1-b0fc0]:DecodeUtteranceLatticeFaster():decoder-wrappers.cc:289) Log-like per frame for utterance FDKN0_SI1711 is -8.61517 over 209 frames.
LOG (sgmm2-latgen-faster[5.5.208~1-b0fc0]:main():sgmm2-latgen-faster.cc:209) Log-like per frame for utterance FDKN0_SI1711 is -8.61517 over 209 frames.
FDKN0_SX181 sil r ih cl ch l uh cl t f er s vcl b ao dx ix vcl hh ay iy n eh z ix n vcl jh ae vcl k w aa er z aa n ax s ax f aa r iy sil 
LOG (sgmm2-latgen-faster[5.5.208~1-b0fc0]:DecodeUtteranceLatticeFaster():decoder-wrappers.cc:289) Log-like per frame for utterance FDKN0_SX181 is -8.54864 over 406 frames.
LOG (sgmm2-latgen-faster[5.5.208~1-b0fc0]:main():sgmm2-latgen-faster.cc:209) Log-like per frame for utterance FDKN0_SX181 is -8.54864 over 406 frames.
LOG (sgmm2-latgen-faster[5.5.208~1-b0fc0]:main():sgmm2-latgen-faster.cc:252) Time taken [excluding initialization] 16.4916s: real-time factor assuming 100 frames/sec is 1.17462
LOG (sgmm2-latgen-faster[5.5.208~1-b0fc0]:main():sgmm2-latgen-faster.cc:255) Done 4 utterances, failed for 0
LOG (sgmm2-latgen-faster[5.5.208~1-b0fc0]:main():sgmm2-latgen-faster.cc:257) Overall log-likelihood per frame = -8.73326 over 1404 frames.
WARNING (sgmm2-latgen-faster[5.5.208~1-b0fc0]:Close():kaldi-io.cc:515) Pipe gunzip -c exp/sgmm2_4_ali/gselect.2.gz| had nonzero return status 36096
# Accounting: time=17 threads=1
# Ended (code 0) at Wed Feb 27 15:25:57 +07 2019, elapsed time 17 seconds
