# sgmm2-latgen-faster --spk-vecs=ark:exp/sgmm2_4_ali/vecs.2 --utt2spk=ark:data/train/split30/2/utt2spk "--gselect=ark,s,cs:gunzip -c exp/sgmm2_4_ali/gselect.2.gz|" --beam=18.0 --lattice-beam=10.0 --acoustic-scale=0.2 --max-mem=20000000 --max-active=5000 --word-symbol-table=data/lang/words.txt exp/sgmm2_4_ali/final.mdl exp/sgmm2_4_denlats/dengraph/HCLG.fst "ark,s,cs:apply-cmvn --utt2spk=ark:data/train/split30/2/split30utt/2/utt2spk scp:data/train/split30/2/split30utt/2/cmvn.scp scp:data/train/split30/2/split30utt/2/feats.scp ark:- | splice-feats --left-context=3 --right-context=3 ark:- ark:- | transform-feats exp/sgmm2_4_ali/final.mat ark:- ark:- | transform-feats --utt2spk=ark:data/train/split30/2/split30utt/2/utt2spk ark:exp/tri3_ali/trans.2 ark:- ark:- |" "ark:|gzip -c >exp/sgmm2_4_denlats/lat.2.2.gz" 
# Started at Wed Feb 27 15:24:18 +07 2019
#
sgmm2-latgen-faster --spk-vecs=ark:exp/sgmm2_4_ali/vecs.2 --utt2spk=ark:data/train/split30/2/utt2spk '--gselect=ark,s,cs:gunzip -c exp/sgmm2_4_ali/gselect.2.gz|' --beam=18.0 --lattice-beam=10.0 --acoustic-scale=0.2 --max-mem=20000000 --max-active=5000 --word-symbol-table=data/lang/words.txt exp/sgmm2_4_ali/final.mdl exp/sgmm2_4_denlats/dengraph/HCLG.fst 'ark,s,cs:apply-cmvn --utt2spk=ark:data/train/split30/2/split30utt/2/utt2spk scp:data/train/split30/2/split30utt/2/cmvn.scp scp:data/train/split30/2/split30utt/2/feats.scp ark:- | splice-feats --left-context=3 --right-context=3 ark:- ark:- | transform-feats exp/sgmm2_4_ali/final.mat ark:- ark:- | transform-feats --utt2spk=ark:data/train/split30/2/split30utt/2/utt2spk ark:exp/tri3_ali/trans.2 ark:- ark:- |' 'ark:|gzip -c >exp/sgmm2_4_denlats/lat.2.2.gz' 
transform-feats --utt2spk=ark:data/train/split30/2/split30utt/2/utt2spk ark:exp/tri3_ali/trans.2 ark:- ark:- 
splice-feats --left-context=3 --right-context=3 ark:- ark:- 
transform-feats exp/sgmm2_4_ali/final.mat ark:- ark:- 
apply-cmvn --utt2spk=ark:data/train/split30/2/split30utt/2/utt2spk scp:data/train/split30/2/split30utt/2/cmvn.scp scp:data/train/split30/2/split30utt/2/feats.scp ark:- 
LOG (apply-cmvn[5.5.208~1-b0fc0]:main():apply-cmvn.cc:162) Applied cepstral mean normalization to 4 utterances, errors on 0
LOG (transform-feats[5.5.208~1-b0fc0]:main():transform-feats.cc:158) Overall average [pseudo-]logdet is -88.6037 over 782 frames.
LOG (transform-feats[5.5.208~1-b0fc0]:main():transform-feats.cc:161) Applied transform to 4 utterances; 0 had errors.
FCJF0_SX217 sil hh aw cl p er m ix n eh n aa dh eh r eh cl k ix cl t z sil 
LOG (sgmm2-latgen-faster[5.5.208~1-b0fc0]:DecodeUtteranceLatticeFaster():decoder-wrappers.cc:289) Log-like per frame for utterance FCJF0_SX217 is -9.25799 over 171 frames.
LOG (sgmm2-latgen-faster[5.5.208~1-b0fc0]:main():sgmm2-latgen-faster.cc:209) Log-like per frame for utterance FCJF0_SX217 is -9.25799 over 171 frames.
FCJF0_SX307 sil dh ix m iy dx iy ng ix z epi n aw ix vcl jh er n vcl d sil 
LOG (sgmm2-latgen-faster[5.5.208~1-b0fc0]:DecodeUtteranceLatticeFaster():decoder-wrappers.cc:289) Log-like per frame for utterance FCJF0_SX307 is -8.77655 over 143 frames.
LOG (sgmm2-latgen-faster[5.5.208~1-b0fc0]:main():sgmm2-latgen-faster.cc:209) Log-like per frame for utterance FCJF0_SX307 is -8.77655 over 143 frames.
LOG (transform-feats[5.5.208~1-b0fc0]:main():transform-feats.cc:158) Overall average logdet is 4.02935 over 782 frames.
LOG (transform-feats[5.5.208~1-b0fc0]:main():transform-feats.cc:161) Applied transform to 4 utterances; 0 had errors.
FCJF0_SX37 sil k r ih dx ih cl k el ax cl k w ih m ix n iy vcl s cl p r aa cl p er m ey n cl t ix n ix n cl t s sil 
LOG (sgmm2-latgen-faster[5.5.208~1-b0fc0]:DecodeUtteranceLatticeFaster():decoder-wrappers.cc:289) Log-like per frame for utterance FCJF0_SX37 is -10.3382 over 225 frames.
LOG (sgmm2-latgen-faster[5.5.208~1-b0fc0]:main():sgmm2-latgen-faster.cc:209) Log-like per frame for utterance FCJF0_SX37 is -10.3382 over 225 frames.
FCJF0_SX397 sil t ih m cl t ey cl sh iy l ih cl t s iy m uw v ix z cl t w ay s ax w iy cl k sil 
LOG (sgmm2-latgen-faster[5.5.208~1-b0fc0]:DecodeUtteranceLatticeFaster():decoder-wrappers.cc:289) Log-like per frame for utterance FCJF0_SX397 is -9.31866 over 243 frames.
LOG (sgmm2-latgen-faster[5.5.208~1-b0fc0]:main():sgmm2-latgen-faster.cc:209) Log-like per frame for utterance FCJF0_SX397 is -9.31866 over 243 frames.
LOG (sgmm2-latgen-faster[5.5.208~1-b0fc0]:main():sgmm2-latgen-faster.cc:252) Time taken [excluding initialization] 10.7746s: real-time factor assuming 100 frames/sec is 1.37783
LOG (sgmm2-latgen-faster[5.5.208~1-b0fc0]:main():sgmm2-latgen-faster.cc:255) Done 4 utterances, failed for 0
LOG (sgmm2-latgen-faster[5.5.208~1-b0fc0]:main():sgmm2-latgen-faster.cc:257) Overall log-likelihood per frame = -9.49962 over 782 frames.
WARNING (sgmm2-latgen-faster[5.5.208~1-b0fc0]:Close():kaldi-io.cc:515) Pipe gunzip -c exp/sgmm2_4_ali/gselect.2.gz| had nonzero return status 36096
# Accounting: time=12 threads=1
# Ended (code 0) at Wed Feb 27 15:24:30 +07 2019, elapsed time 12 seconds
