# sgmm2-latgen-faster --spk-vecs=ark:exp/sgmm2_4_ali/vecs.2 --utt2spk=ark:data/train/split30/2/utt2spk "--gselect=ark,s,cs:gunzip -c exp/sgmm2_4_ali/gselect.2.gz|" --beam=18.0 --lattice-beam=10.0 --acoustic-scale=0.2 --max-mem=20000000 --max-active=5000 --word-symbol-table=data/lang/words.txt exp/sgmm2_4_ali/final.mdl exp/sgmm2_4_denlats/dengraph/HCLG.fst "ark,s,cs:apply-cmvn --utt2spk=ark:data/train/split30/2/split30utt/12/utt2spk scp:data/train/split30/2/split30utt/12/cmvn.scp scp:data/train/split30/2/split30utt/12/feats.scp ark:- | splice-feats --left-context=3 --right-context=3 ark:- ark:- | transform-feats exp/sgmm2_4_ali/final.mat ark:- ark:- | transform-feats --utt2spk=ark:data/train/split30/2/split30utt/12/utt2spk ark:exp/tri3_ali/trans.2 ark:- ark:- |" "ark:|gzip -c >exp/sgmm2_4_denlats/lat.2.12.gz" 
# Started at Wed Feb 27 15:24:48 +07 2019
#
sgmm2-latgen-faster --spk-vecs=ark:exp/sgmm2_4_ali/vecs.2 --utt2spk=ark:data/train/split30/2/utt2spk '--gselect=ark,s,cs:gunzip -c exp/sgmm2_4_ali/gselect.2.gz|' --beam=18.0 --lattice-beam=10.0 --acoustic-scale=0.2 --max-mem=20000000 --max-active=5000 --word-symbol-table=data/lang/words.txt exp/sgmm2_4_ali/final.mdl exp/sgmm2_4_denlats/dengraph/HCLG.fst 'ark,s,cs:apply-cmvn --utt2spk=ark:data/train/split30/2/split30utt/12/utt2spk scp:data/train/split30/2/split30utt/12/cmvn.scp scp:data/train/split30/2/split30utt/12/feats.scp ark:- | splice-feats --left-context=3 --right-context=3 ark:- ark:- | transform-feats exp/sgmm2_4_ali/final.mat ark:- ark:- | transform-feats --utt2spk=ark:data/train/split30/2/split30utt/12/utt2spk ark:exp/tri3_ali/trans.2 ark:- ark:- |' 'ark:|gzip -c >exp/sgmm2_4_denlats/lat.2.12.gz' 
transform-feats --utt2spk=ark:data/train/split30/2/split30utt/12/utt2spk ark:exp/tri3_ali/trans.2 ark:- ark:- 
splice-feats --left-context=3 --right-context=3 ark:- ark:- 
apply-cmvn --utt2spk=ark:data/train/split30/2/split30utt/12/utt2spk scp:data/train/split30/2/split30utt/12/cmvn.scp scp:data/train/split30/2/split30utt/12/feats.scp ark:- 
LOG (apply-cmvn[5.5.208~1-b0fc0]:main():apply-cmvn.cc:162) Applied cepstral mean normalization to 4 utterances, errors on 0
transform-feats exp/sgmm2_4_ali/final.mat ark:- ark:- 
LOG (transform-feats[5.5.208~1-b0fc0]:main():transform-feats.cc:158) Overall average [pseudo-]logdet is -88.6037 over 1166 frames.
LOG (transform-feats[5.5.208~1-b0fc0]:main():transform-feats.cc:161) Applied transform to 4 utterances; 0 had errors.
FCMM0_SX273 sil dh iy ae ng g er vcl b oy ae n s er vcl b ah cl d ih vcl en cl l uh cl k ah cl sil 
LOG (sgmm2-latgen-faster[5.5.208~1-b0fc0]:DecodeUtteranceLatticeFaster():decoder-wrappers.cc:289) Log-like per frame for utterance FCMM0_SX273 is -9.55311 over 247 frames.
LOG (sgmm2-latgen-faster[5.5.208~1-b0fc0]:main():sgmm2-latgen-faster.cc:209) Log-like per frame for utterance FCMM0_SX273 is -9.55311 over 247 frames.
FCMM0_SX363 sil dh ix cl k aw w aa n er vcl f er m ax f aa r m l ae n ix n vcl b iy cl k ey m l ao s cl t sil 
LOG (sgmm2-latgen-faster[5.5.208~1-b0fc0]:DecodeUtteranceLatticeFaster():decoder-wrappers.cc:289) Log-like per frame for utterance FCMM0_SX363 is -8.50932 over 290 frames.
LOG (sgmm2-latgen-faster[5.5.208~1-b0fc0]:main():sgmm2-latgen-faster.cc:209) Log-like per frame for utterance FCMM0_SX363 is -8.50932 over 290 frames.
LOG (transform-feats[5.5.208~1-b0fc0]:main():transform-feats.cc:158) Overall average logdet is 1.27974 over 1166 frames.
LOG (transform-feats[5.5.208~1-b0fc0]:main():transform-feats.cc:161) Applied transform to 4 utterances; 0 had errors.
FCMM0_SX420 sil s iy m epi s cl t r ix s ix z ix cl t ae cl ch z ih cl p er z epi w ax th ey th ih m vcl el cl n iy dx el eh n vcl th r eh vcl sil 
LOG (sgmm2-latgen-faster[5.5.208~1-b0fc0]:DecodeUtteranceLatticeFaster():decoder-wrappers.cc:289) Log-like per frame for utterance FCMM0_SX420 is -8.62683 over 413 frames.
LOG (sgmm2-latgen-faster[5.5.208~1-b0fc0]:main():sgmm2-latgen-faster.cc:209) Log-like per frame for utterance FCMM0_SX420 is -8.62683 over 413 frames.
FCMM0_SX93 sil k ah dx ih s m ao l cl k ao r n er ao f ix iy cl ch eh vcl jh sil 
LOG (sgmm2-latgen-faster[5.5.208~1-b0fc0]:DecodeUtteranceLatticeFaster():decoder-wrappers.cc:289) Log-like per frame for utterance FCMM0_SX93 is -9.12395 over 216 frames.
LOG (sgmm2-latgen-faster[5.5.208~1-b0fc0]:main():sgmm2-latgen-faster.cc:209) Log-like per frame for utterance FCMM0_SX93 is -9.12395 over 216 frames.
LOG (sgmm2-latgen-faster[5.5.208~1-b0fc0]:main():sgmm2-latgen-faster.cc:252) Time taken [excluding initialization] 14.1631s: real-time factor assuming 100 frames/sec is 1.21468
LOG (sgmm2-latgen-faster[5.5.208~1-b0fc0]:main():sgmm2-latgen-faster.cc:255) Done 4 utterances, failed for 0
LOG (sgmm2-latgen-faster[5.5.208~1-b0fc0]:main():sgmm2-latgen-faster.cc:257) Overall log-likelihood per frame = -8.88591 over 1166 frames.
WARNING (sgmm2-latgen-faster[5.5.208~1-b0fc0]:Close():kaldi-io.cc:515) Pipe gunzip -c exp/sgmm2_4_ali/gselect.2.gz| had nonzero return status 36096
# Accounting: time=15 threads=1
# Ended (code 0) at Wed Feb 27 15:25:03 +07 2019, elapsed time 15 seconds
