# sgmm2-latgen-faster --spk-vecs=ark:exp/sgmm2_4_ali/vecs.2 --utt2spk=ark:data/train/split30/2/utt2spk "--gselect=ark,s,cs:gunzip -c exp/sgmm2_4_ali/gselect.2.gz|" --beam=18.0 --lattice-beam=10.0 --acoustic-scale=0.2 --max-mem=20000000 --max-active=5000 --word-symbol-table=data/lang/words.txt exp/sgmm2_4_ali/final.mdl exp/sgmm2_4_denlats/dengraph/HCLG.fst "ark,s,cs:apply-cmvn --utt2spk=ark:data/train/split30/2/split30utt/27/utt2spk scp:data/train/split30/2/split30utt/27/cmvn.scp scp:data/train/split30/2/split30utt/27/feats.scp ark:- | splice-feats --left-context=3 --right-context=3 ark:- ark:- | transform-feats exp/sgmm2_4_ali/final.mat ark:- ark:- | transform-feats --utt2spk=ark:data/train/split30/2/split30utt/27/utt2spk ark:exp/tri3_ali/trans.2 ark:- ark:- |" "ark:|gzip -c >exp/sgmm2_4_denlats/lat.2.27.gz" 
# Started at Wed Feb 27 15:25:47 +07 2019
#
sgmm2-latgen-faster --spk-vecs=ark:exp/sgmm2_4_ali/vecs.2 --utt2spk=ark:data/train/split30/2/utt2spk '--gselect=ark,s,cs:gunzip -c exp/sgmm2_4_ali/gselect.2.gz|' --beam=18.0 --lattice-beam=10.0 --acoustic-scale=0.2 --max-mem=20000000 --max-active=5000 --word-symbol-table=data/lang/words.txt exp/sgmm2_4_ali/final.mdl exp/sgmm2_4_denlats/dengraph/HCLG.fst 'ark,s,cs:apply-cmvn --utt2spk=ark:data/train/split30/2/split30utt/27/utt2spk scp:data/train/split30/2/split30utt/27/cmvn.scp scp:data/train/split30/2/split30utt/27/feats.scp ark:- | splice-feats --left-context=3 --right-context=3 ark:- ark:- | transform-feats exp/sgmm2_4_ali/final.mat ark:- ark:- | transform-feats --utt2spk=ark:data/train/split30/2/split30utt/27/utt2spk ark:exp/tri3_ali/trans.2 ark:- ark:- |' 'ark:|gzip -c >exp/sgmm2_4_denlats/lat.2.27.gz' 
transform-feats exp/sgmm2_4_ali/final.mat ark:- ark:- 
transform-feats --utt2spk=ark:data/train/split30/2/split30utt/27/utt2spk ark:exp/tri3_ali/trans.2 ark:- ark:- 
apply-cmvn --utt2spk=ark:data/train/split30/2/split30utt/27/utt2spk scp:data/train/split30/2/split30utt/27/cmvn.scp scp:data/train/split30/2/split30utt/27/feats.scp ark:- 
LOG (apply-cmvn[5.5.208~1-b0fc0]:main():apply-cmvn.cc:162) Applied cepstral mean normalization to 4 utterances, errors on 0
splice-feats --left-context=3 --right-context=3 ark:- ark:- 
LOG (transform-feats[5.5.208~1-b0fc0]:main():transform-feats.cc:158) Overall average [pseudo-]logdet is -88.6037 over 1054 frames.
LOG (transform-feats[5.5.208~1-b0fc0]:main():transform-feats.cc:161) Applied transform to 4 utterances; 0 had errors.
FDML0_SI1149 sil dh ix r iy s cl p aa n cl s ix r iy ae cl sh en z vcl d aa m ey ix vcl d vcl b ay ix cl k ix n s er n f ax w ah dx ix z v ae n ih sh ix ng sil 
LOG (sgmm2-latgen-faster[5.5.208~1-b0fc0]:DecodeUtteranceLatticeFaster():decoder-wrappers.cc:289) Log-like per frame for utterance FDML0_SI1149 is -8.57414 over 360 frames.
LOG (sgmm2-latgen-faster[5.5.208~1-b0fc0]:main():sgmm2-latgen-faster.cc:209) Log-like per frame for utterance FDML0_SI1149 is -8.57414 over 360 frames.
FDML0_SI1779 sil dh ey y uw z vcl p iy ng cl t ae n ao cl k r iy m cl p aw vcl d er sil 
LOG (sgmm2-latgen-faster[5.5.208~1-b0fc0]:DecodeUtteranceLatticeFaster():decoder-wrappers.cc:289) Log-like per frame for utterance FDML0_SI1779 is -8.64459 over 251 frames.
LOG (sgmm2-latgen-faster[5.5.208~1-b0fc0]:main():sgmm2-latgen-faster.cc:209) Log-like per frame for utterance FDML0_SI1779 is -8.64459 over 251 frames.
LOG (transform-feats[5.5.208~1-b0fc0]:main():transform-feats.cc:158) Overall average logdet is 3.76452 over 1054 frames.
LOG (transform-feats[5.5.208~1-b0fc0]:main():transform-feats.cc:161) Applied transform to 4 utterances; 0 had errors.
FDML0_SI2075 sil n aw f ix vcl eh ao l dh ix s ah dh er sil 
LOG (sgmm2-latgen-faster[5.5.208~1-b0fc0]:DecodeUtteranceLatticeFaster():decoder-wrappers.cc:289) Log-like per frame for utterance FDML0_SI2075 is -9.45402 over 158 frames.
LOG (sgmm2-latgen-faster[5.5.208~1-b0fc0]:main():sgmm2-latgen-faster.cc:209) Log-like per frame for utterance FDML0_SI2075 is -9.45402 over 158 frames.
FDML0_SX159 sil dh ix vcl g ah v m ix n cl s ao ao th r ih z ey sh ix n ax v hh ih s ih dx ih z en sh ih cl sil 
LOG (sgmm2-latgen-faster[5.5.208~1-b0fc0]:DecodeUtteranceLatticeFaster():decoder-wrappers.cc:289) Log-like per frame for utterance FDML0_SX159 is -9.25615 over 285 frames.
LOG (sgmm2-latgen-faster[5.5.208~1-b0fc0]:main():sgmm2-latgen-faster.cc:209) Log-like per frame for utterance FDML0_SX159 is -9.25615 over 285 frames.
LOG (sgmm2-latgen-faster[5.5.208~1-b0fc0]:main():sgmm2-latgen-faster.cc:252) Time taken [excluding initialization] 13.8067s: real-time factor assuming 100 frames/sec is 1.30993
LOG (sgmm2-latgen-faster[5.5.208~1-b0fc0]:main():sgmm2-latgen-faster.cc:255) Done 4 utterances, failed for 0
LOG (sgmm2-latgen-faster[5.5.208~1-b0fc0]:main():sgmm2-latgen-faster.cc:257) Overall log-likelihood per frame = -8.90723 over 1054 frames.
WARNING (sgmm2-latgen-faster[5.5.208~1-b0fc0]:Close():kaldi-io.cc:515) Pipe gunzip -c exp/sgmm2_4_ali/gselect.2.gz| had nonzero return status 36096
# Accounting: time=15 threads=1
# Ended (code 0) at Wed Feb 27 15:26:02 +07 2019, elapsed time 15 seconds
