# sgmm2-latgen-faster --spk-vecs=ark:exp/sgmm2_4_ali/vecs.26 --utt2spk=ark:data/train/split30/26/utt2spk "--gselect=ark,s,cs:gunzip -c exp/sgmm2_4_ali/gselect.26.gz|" --beam=18.0 --lattice-beam=10.0 --acoustic-scale=0.2 --max-mem=20000000 --max-active=5000 --word-symbol-table=data/lang/words.txt exp/sgmm2_4_ali/final.mdl exp/sgmm2_4_denlats/dengraph/HCLG.fst "ark,s,cs:apply-cmvn --utt2spk=ark:data/train/split30/26/split30utt/1/utt2spk scp:data/train/split30/26/split30utt/1/cmvn.scp scp:data/train/split30/26/split30utt/1/feats.scp ark:- | splice-feats --left-context=3 --right-context=3 ark:- ark:- | transform-feats exp/sgmm2_4_ali/final.mat ark:- ark:- | transform-feats --utt2spk=ark:data/train/split30/26/split30utt/1/utt2spk ark:exp/tri3_ali/trans.26 ark:- ark:- |" "ark:|gzip -c >exp/sgmm2_4_denlats/lat.26.1.gz" 
# Started at Wed Feb 27 15:47:58 +07 2019
#
sgmm2-latgen-faster --spk-vecs=ark:exp/sgmm2_4_ali/vecs.26 --utt2spk=ark:data/train/split30/26/utt2spk '--gselect=ark,s,cs:gunzip -c exp/sgmm2_4_ali/gselect.26.gz|' --beam=18.0 --lattice-beam=10.0 --acoustic-scale=0.2 --max-mem=20000000 --max-active=5000 --word-symbol-table=data/lang/words.txt exp/sgmm2_4_ali/final.mdl exp/sgmm2_4_denlats/dengraph/HCLG.fst 'ark,s,cs:apply-cmvn --utt2spk=ark:data/train/split30/26/split30utt/1/utt2spk scp:data/train/split30/26/split30utt/1/cmvn.scp scp:data/train/split30/26/split30utt/1/feats.scp ark:- | splice-feats --left-context=3 --right-context=3 ark:- ark:- | transform-feats exp/sgmm2_4_ali/final.mat ark:- ark:- | transform-feats --utt2spk=ark:data/train/split30/26/split30utt/1/utt2spk ark:exp/tri3_ali/trans.26 ark:- ark:- |' 'ark:|gzip -c >exp/sgmm2_4_denlats/lat.26.1.gz' 
splice-feats --left-context=3 --right-context=3 ark:- ark:- 
transform-feats exp/sgmm2_4_ali/final.mat ark:- ark:- 
transform-feats --utt2spk=ark:data/train/split30/26/split30utt/1/utt2spk ark:exp/tri3_ali/trans.26 ark:- ark:- 
apply-cmvn --utt2spk=ark:data/train/split30/26/split30utt/1/utt2spk scp:data/train/split30/26/split30utt/1/cmvn.scp scp:data/train/split30/26/split30utt/1/feats.scp ark:- 
LOG (apply-cmvn[5.5.208~1-b0fc0]:main():apply-cmvn.cc:162) Applied cepstral mean normalization to 5 utterances, errors on 0
MRMH0_SI1021 sil dh ax cl k ae vcl b oy z sh uw m er s epi n ey m f r ax cl k aw vcl g iy v ix ng m ih l cl k w ah z ax m ih l cl p ix cl ch er sil 
LOG (sgmm2-latgen-faster[5.5.208~1-b0fc0]:DecodeUtteranceLatticeFaster():decoder-wrappers.cc:289) Log-like per frame for utterance MRMH0_SI1021 is -9.41245 over 376 frames.
LOG (sgmm2-latgen-faster[5.5.208~1-b0fc0]:main():sgmm2-latgen-faster.cc:209) Log-like per frame for utterance MRMH0_SI1021 is -9.41245 over 376 frames.
LOG (transform-feats[5.5.208~1-b0fc0]:main():transform-feats.cc:158) Overall average [pseudo-]logdet is -88.6037 over 1575 frames.
LOG (transform-feats[5.5.208~1-b0fc0]:main():transform-feats.cc:161) Applied transform to 5 utterances; 0 had errors.
MRMH0_SI1349 sil dh ih s ix cl s cl p l ey n s ah m vcl g r uw cl p eh n z ix n cl p er v ay z ix vcl jh ah s f cl k ey sh en ax dh er cl p r ay m ix s iy sil 
LOG (sgmm2-latgen-faster[5.5.208~1-b0fc0]:DecodeUtteranceLatticeFaster():decoder-wrappers.cc:289) Log-like per frame for utterance MRMH0_SI1349 is -9.23141 over 374 frames.
LOG (sgmm2-latgen-faster[5.5.208~1-b0fc0]:main():sgmm2-latgen-faster.cc:209) Log-like per frame for utterance MRMH0_SI1349 is -9.23141 over 374 frames.
MRMH0_SI2281 sil s ae m cl p el z sil hh iy w aa cl k ix n ax cl p aa n hh er ix n v ix cl t ey sh en sil 
LOG (sgmm2-latgen-faster[5.5.208~1-b0fc0]:DecodeUtteranceLatticeFaster():decoder-wrappers.cc:289) Log-like per frame for utterance MRMH0_SI2281 is -8.81542 over 300 frames.
LOG (sgmm2-latgen-faster[5.5.208~1-b0fc0]:main():sgmm2-latgen-faster.cc:209) Log-like per frame for utterance MRMH0_SI2281 is -8.81542 over 300 frames.
LOG (transform-feats[5.5.208~1-b0fc0]:main():transform-feats.cc:158) Overall average logdet is 2.04483 over 1575 frames.
LOG (transform-feats[5.5.208~1-b0fc0]:main():transform-feats.cc:161) Applied transform to 5 utterances; 0 had errors.
MRMH0_SX121 sil t r eh s cl p ae s ix ng ih z f er vcl b ih vcl en ix n s ah vcl jh ih cl t ax cl p eh n el cl t iy sil 
LOG (sgmm2-latgen-faster[5.5.208~1-b0fc0]:DecodeUtteranceLatticeFaster():decoder-wrappers.cc:289) Log-like per frame for utterance MRMH0_SX121 is -9.67279 over 276 frames.
LOG (sgmm2-latgen-faster[5.5.208~1-b0fc0]:main():sgmm2-latgen-faster.cc:209) Log-like per frame for utterance MRMH0_SX121 is -9.67279 over 276 frames.
MRMH0_SX211 sil ow l iy dh ix vcl b eh s cl p l ey er z ix n jh oy cl p aa cl p ix l eh er dx iy sil 
LOG (sgmm2-latgen-faster[5.5.208~1-b0fc0]:DecodeUtteranceLatticeFaster():decoder-wrappers.cc:289) Log-like per frame for utterance MRMH0_SX211 is -9.03173 over 249 frames.
LOG (sgmm2-latgen-faster[5.5.208~1-b0fc0]:main():sgmm2-latgen-faster.cc:209) Log-like per frame for utterance MRMH0_SX211 is -9.03173 over 249 frames.
LOG (sgmm2-latgen-faster[5.5.208~1-b0fc0]:main():sgmm2-latgen-faster.cc:252) Time taken [excluding initialization] 19.4599s: real-time factor assuming 100 frames/sec is 1.23555
LOG (sgmm2-latgen-faster[5.5.208~1-b0fc0]:main():sgmm2-latgen-faster.cc:255) Done 5 utterances, failed for 0
LOG (sgmm2-latgen-faster[5.5.208~1-b0fc0]:main():sgmm2-latgen-faster.cc:257) Overall log-likelihood per frame = -9.24117 over 1575 frames.
WARNING (sgmm2-latgen-faster[5.5.208~1-b0fc0]:Close():kaldi-io.cc:515) Pipe gunzip -c exp/sgmm2_4_ali/gselect.26.gz| had nonzero return status 36096
# Accounting: time=20 threads=1
# Ended (code 0) at Wed Feb 27 15:48:19 +07 2019, elapsed time 20 seconds
