# sgmm2-latgen-faster --spk-vecs=ark:exp/sgmm2_4_ali/vecs.26 --utt2spk=ark:data/train/split30/26/utt2spk "--gselect=ark,s,cs:gunzip -c exp/sgmm2_4_ali/gselect.26.gz|" --beam=18.0 --lattice-beam=10.0 --acoustic-scale=0.2 --max-mem=20000000 --max-active=5000 --word-symbol-table=data/lang/words.txt exp/sgmm2_4_ali/final.mdl exp/sgmm2_4_denlats/dengraph/HCLG.fst "ark,s,cs:apply-cmvn --utt2spk=ark:data/train/split30/26/split30utt/21/utt2spk scp:data/train/split30/26/split30utt/21/cmvn.scp scp:data/train/split30/26/split30utt/21/feats.scp ark:- | splice-feats --left-context=3 --right-context=3 ark:- ark:- | transform-feats exp/sgmm2_4_ali/final.mat ark:- ark:- | transform-feats --utt2spk=ark:data/train/split30/26/split30utt/21/utt2spk ark:exp/tri3_ali/trans.26 ark:- ark:- |" "ark:|gzip -c >exp/sgmm2_4_denlats/lat.26.21.gz" 
# Started at Wed Feb 27 15:49:18 +07 2019
#
sgmm2-latgen-faster --spk-vecs=ark:exp/sgmm2_4_ali/vecs.26 --utt2spk=ark:data/train/split30/26/utt2spk '--gselect=ark,s,cs:gunzip -c exp/sgmm2_4_ali/gselect.26.gz|' --beam=18.0 --lattice-beam=10.0 --acoustic-scale=0.2 --max-mem=20000000 --max-active=5000 --word-symbol-table=data/lang/words.txt exp/sgmm2_4_ali/final.mdl exp/sgmm2_4_denlats/dengraph/HCLG.fst 'ark,s,cs:apply-cmvn --utt2spk=ark:data/train/split30/26/split30utt/21/utt2spk scp:data/train/split30/26/split30utt/21/cmvn.scp scp:data/train/split30/26/split30utt/21/feats.scp ark:- | splice-feats --left-context=3 --right-context=3 ark:- ark:- | transform-feats exp/sgmm2_4_ali/final.mat ark:- ark:- | transform-feats --utt2spk=ark:data/train/split30/26/split30utt/21/utt2spk ark:exp/tri3_ali/trans.26 ark:- ark:- |' 'ark:|gzip -c >exp/sgmm2_4_denlats/lat.26.21.gz' 
transform-feats exp/sgmm2_4_ali/final.mat ark:- ark:- 
transform-feats --utt2spk=ark:data/train/split30/26/split30utt/21/utt2spk ark:exp/tri3_ali/trans.26 ark:- ark:- 
apply-cmvn --utt2spk=ark:data/train/split30/26/split30utt/21/utt2spk scp:data/train/split30/26/split30utt/21/cmvn.scp scp:data/train/split30/26/split30utt/21/feats.scp ark:- 
LOG (apply-cmvn[5.5.208~1-b0fc0]:main():apply-cmvn.cc:162) Applied cepstral mean normalization to 4 utterances, errors on 0
splice-feats --left-context=3 --right-context=3 ark:- ark:- 
LOG (transform-feats[5.5.208~1-b0fc0]:main():transform-feats.cc:158) Overall average [pseudo-]logdet is -88.6037 over 1139 frames.
LOG (transform-feats[5.5.208~1-b0fc0]:main():transform-feats.cc:161) Applied transform to 4 utterances; 0 had errors.
MRWS0_SI1102 sil dh ix vcl b iy n ih cl k s cl k r ey v ix s eh cl sh el cl s cl p ih r iy ix n s ix n w ix cl ch dh er hh ow l vcl b iy ix ng cl p er cl t ix s cl p ey cl t s sil 
LOG (sgmm2-latgen-faster[5.5.208~1-b0fc0]:DecodeUtteranceLatticeFaster():decoder-wrappers.cc:289) Log-like per frame for utterance MRWS0_SI1102 is -8.88506 over 423 frames.
LOG (sgmm2-latgen-faster[5.5.208~1-b0fc0]:main():sgmm2-latgen-faster.cc:209) Log-like per frame for utterance MRWS0_SI1102 is -8.88506 over 423 frames.
MRWS0_SI1732 sil vcl b ih dx er ah n r iy z n iy ng vcl jh eh l ax s iy sil 
LOG (sgmm2-latgen-faster[5.5.208~1-b0fc0]:DecodeUtteranceLatticeFaster():decoder-wrappers.cc:289) Log-like per frame for utterance MRWS0_SI1732 is -8.06281 over 170 frames.
LOG (sgmm2-latgen-faster[5.5.208~1-b0fc0]:main():sgmm2-latgen-faster.cc:209) Log-like per frame for utterance MRWS0_SI1732 is -8.06281 over 170 frames.
LOG (transform-feats[5.5.208~1-b0fc0]:main():transform-feats.cc:158) Overall average logdet is 3.60129 over 1139 frames.
LOG (transform-feats[5.5.208~1-b0fc0]:main():transform-feats.cc:161) Applied transform to 4 utterances; 0 had errors.
MRWS0_SI472 sil hh iy cl p l ey vcl b ae s cl k uw ao l dh eh r w aa l w er cl iy ng cl t ao r dx ax l ao dx ix vcl g r iy sil 
LOG (sgmm2-latgen-faster[5.5.208~1-b0fc0]:DecodeUtteranceLatticeFaster():decoder-wrappers.cc:289) Log-like per frame for utterance MRWS0_SI472 is -8.71759 over 282 frames.
LOG (sgmm2-latgen-faster[5.5.208~1-b0fc0]:main():sgmm2-latgen-faster.cc:209) Log-like per frame for utterance MRWS0_SI472 is -8.71759 over 282 frames.
MRWS0_SX112 sil t ah vcl b ow cl s er cl k ey cl ax vcl b el f hh ao l ix ng hh y uw vcl jh l ow vcl z sil 
LOG (sgmm2-latgen-faster[5.5.208~1-b0fc0]:DecodeUtteranceLatticeFaster():decoder-wrappers.cc:289) Log-like per frame for utterance MRWS0_SX112 is -8.89433 over 264 frames.
LOG (sgmm2-latgen-faster[5.5.208~1-b0fc0]:main():sgmm2-latgen-faster.cc:209) Log-like per frame for utterance MRWS0_SX112 is -8.89433 over 264 frames.
LOG (sgmm2-latgen-faster[5.5.208~1-b0fc0]:main():sgmm2-latgen-faster.cc:252) Time taken [excluding initialization] 12.4923s: real-time factor assuming 100 frames/sec is 1.09678
LOG (sgmm2-latgen-faster[5.5.208~1-b0fc0]:main():sgmm2-latgen-faster.cc:255) Done 4 utterances, failed for 0
LOG (sgmm2-latgen-faster[5.5.208~1-b0fc0]:main():sgmm2-latgen-faster.cc:257) Overall log-likelihood per frame = -8.72302 over 1139 frames.
WARNING (sgmm2-latgen-faster[5.5.208~1-b0fc0]:Close():kaldi-io.cc:515) Pipe gunzip -c exp/sgmm2_4_ali/gselect.26.gz| had nonzero return status 36096
# Accounting: time=13 threads=1
# Ended (code 0) at Wed Feb 27 15:49:31 +07 2019, elapsed time 13 seconds
