# sgmm2-latgen-faster --spk-vecs=ark:exp/sgmm2_4_ali/vecs.26 --utt2spk=ark:data/train/split30/26/utt2spk "--gselect=ark,s,cs:gunzip -c exp/sgmm2_4_ali/gselect.26.gz|" --beam=18.0 --lattice-beam=10.0 --acoustic-scale=0.2 --max-mem=20000000 --max-active=5000 --word-symbol-table=data/lang/words.txt exp/sgmm2_4_ali/final.mdl exp/sgmm2_4_denlats/dengraph/HCLG.fst "ark,s,cs:apply-cmvn --utt2spk=ark:data/train/split30/26/split30utt/4/utt2spk scp:data/train/split30/26/split30utt/4/cmvn.scp scp:data/train/split30/26/split30utt/4/feats.scp ark:- | splice-feats --left-context=3 --right-context=3 ark:- ark:- | transform-feats exp/sgmm2_4_ali/final.mat ark:- ark:- | transform-feats --utt2spk=ark:data/train/split30/26/split30utt/4/utt2spk ark:exp/tri3_ali/trans.26 ark:- ark:- |" "ark:|gzip -c >exp/sgmm2_4_denlats/lat.26.4.gz" 
# Started at Wed Feb 27 15:47:59 +07 2019
#
sgmm2-latgen-faster --spk-vecs=ark:exp/sgmm2_4_ali/vecs.26 --utt2spk=ark:data/train/split30/26/utt2spk '--gselect=ark,s,cs:gunzip -c exp/sgmm2_4_ali/gselect.26.gz|' --beam=18.0 --lattice-beam=10.0 --acoustic-scale=0.2 --max-mem=20000000 --max-active=5000 --word-symbol-table=data/lang/words.txt exp/sgmm2_4_ali/final.mdl exp/sgmm2_4_denlats/dengraph/HCLG.fst 'ark,s,cs:apply-cmvn --utt2spk=ark:data/train/split30/26/split30utt/4/utt2spk scp:data/train/split30/26/split30utt/4/cmvn.scp scp:data/train/split30/26/split30utt/4/feats.scp ark:- | splice-feats --left-context=3 --right-context=3 ark:- ark:- | transform-feats exp/sgmm2_4_ali/final.mat ark:- ark:- | transform-feats --utt2spk=ark:data/train/split30/26/split30utt/4/utt2spk ark:exp/tri3_ali/trans.26 ark:- ark:- |' 'ark:|gzip -c >exp/sgmm2_4_denlats/lat.26.4.gz' 
transform-feats exp/sgmm2_4_ali/final.mat ark:- ark:- 
splice-feats --left-context=3 --right-context=3 ark:- ark:- 
transform-feats --utt2spk=ark:data/train/split30/26/split30utt/4/utt2spk ark:exp/tri3_ali/trans.26 ark:- ark:- 
apply-cmvn --utt2spk=ark:data/train/split30/26/split30utt/4/utt2spk scp:data/train/split30/26/split30utt/4/cmvn.scp scp:data/train/split30/26/split30utt/4/feats.scp ark:- 
LOG (apply-cmvn[5.5.208~1-b0fc0]:main():apply-cmvn.cc:162) Applied cepstral mean normalization to 5 utterances, errors on 0
MRML0_SX71 sil p ao r cl k ix cl p ay n z r iy z eh m vcl b el s iy er cl ch ix n z sil 
LOG (sgmm2-latgen-faster[5.5.208~1-b0fc0]:DecodeUtteranceLatticeFaster():decoder-wrappers.cc:289) Log-like per frame for utterance MRML0_SX71 is -8.32012 over 307 frames.
LOG (sgmm2-latgen-faster[5.5.208~1-b0fc0]:main():sgmm2-latgen-faster.cc:209) Log-like per frame for utterance MRML0_SX71 is -8.32012 over 307 frames.
MRMS0_SI1113 sil w eh dh er hh ix s cl t ao er cl k l iy ax f ae cl t er n aa cl sil dh ax l eh vcl jh ix n d hh ae z ax s er en s ix m vcl b aa l ax cl v ae l y uw sil 
LOG (sgmm2-latgen-faster[5.5.208~1-b0fc0]:DecodeUtteranceLatticeFaster():decoder-wrappers.cc:289) Log-like per frame for utterance MRMS0_SI1113 is -9.16214 over 382 frames.
LOG (sgmm2-latgen-faster[5.5.208~1-b0fc0]:main():sgmm2-latgen-faster.cc:209) Log-like per frame for utterance MRMS0_SI1113 is -9.16214 over 382 frames.
LOG (transform-feats[5.5.208~1-b0fc0]:main():transform-feats.cc:158) Overall average [pseudo-]logdet is -88.6037 over 1659 frames.
LOG (transform-feats[5.5.208~1-b0fc0]:main():transform-feats.cc:161) Applied transform to 5 utterances; 0 had errors.
MRMS0_SI2057 sil hh iy s cl t r ow l vcl b ae cl t ix dh ix vcl d ao r sil w ih s epi l ix ng s ao f l iy sil hh ae n s cl t ih l cl k l ae s cl b ax hh ay n vcl d hh ix m sil 
LOG (sgmm2-latgen-faster[5.5.208~1-b0fc0]:DecodeUtteranceLatticeFaster():decoder-wrappers.cc:289) Log-like per frame for utterance MRMS0_SI2057 is -9.43799 over 433 frames.
LOG (sgmm2-latgen-faster[5.5.208~1-b0fc0]:main():sgmm2-latgen-faster.cc:209) Log-like per frame for utterance MRMS0_SI2057 is -9.43799 over 433 frames.
LOG (transform-feats[5.5.208~1-b0fc0]:main():transform-feats.cc:158) Overall average logdet is 0.466083 over 1659 frames.
LOG (transform-feats[5.5.208~1-b0fc0]:main():transform-feats.cc:161) Applied transform to 5 utterances; 0 had errors.
MRMS0_SI2100 sil dh eh n ae f t er ax w ay l sil sh iy w ah n cl t er er m eh er sil 
LOG (sgmm2-latgen-faster[5.5.208~1-b0fc0]:DecodeUtteranceLatticeFaster():decoder-wrappers.cc:289) Log-like per frame for utterance MRMS0_SI2100 is -9.08234 over 232 frames.
LOG (sgmm2-latgen-faster[5.5.208~1-b0fc0]:main():sgmm2-latgen-faster.cc:209) Log-like per frame for utterance MRMS0_SI2100 is -9.08234 over 232 frames.
MRMS0_SX120 sil dh ix cl k ay ow dx iy vcl b aa vcl k ae cl en hh ay iy n ax aa r w ay l vcl ae n ax m el z sil 
LOG (sgmm2-latgen-faster[5.5.208~1-b0fc0]:DecodeUtteranceLatticeFaster():decoder-wrappers.cc:289) Log-like per frame for utterance MRMS0_SX120 is -8.73932 over 305 frames.
LOG (sgmm2-latgen-faster[5.5.208~1-b0fc0]:main():sgmm2-latgen-faster.cc:209) Log-like per frame for utterance MRMS0_SX120 is -8.73932 over 305 frames.
LOG (sgmm2-latgen-faster[5.5.208~1-b0fc0]:main():sgmm2-latgen-faster.cc:252) Time taken [excluding initialization] 19.4754s: real-time factor assuming 100 frames/sec is 1.17393
LOG (sgmm2-latgen-faster[5.5.208~1-b0fc0]:main():sgmm2-latgen-faster.cc:255) Done 5 utterances, failed for 0
LOG (sgmm2-latgen-faster[5.5.208~1-b0fc0]:main():sgmm2-latgen-faster.cc:257) Overall log-likelihood per frame = -8.98943 over 1659 frames.
WARNING (sgmm2-latgen-faster[5.5.208~1-b0fc0]:Close():kaldi-io.cc:515) Pipe gunzip -c exp/sgmm2_4_ali/gselect.26.gz| had nonzero return status 36096
# Accounting: time=20 threads=1
# Ended (code 0) at Wed Feb 27 15:48:19 +07 2019, elapsed time 20 seconds
