# sgmm2-latgen-faster --spk-vecs=ark:exp/sgmm2_4_ali/vecs.26 --utt2spk=ark:data/train/split30/26/utt2spk "--gselect=ark,s,cs:gunzip -c exp/sgmm2_4_ali/gselect.26.gz|" --beam=18.0 --lattice-beam=10.0 --acoustic-scale=0.2 --max-mem=20000000 --max-active=5000 --word-symbol-table=data/lang/words.txt exp/sgmm2_4_ali/final.mdl exp/sgmm2_4_denlats/dengraph/HCLG.fst "ark,s,cs:apply-cmvn --utt2spk=ark:data/train/split30/26/split30utt/13/utt2spk scp:data/train/split30/26/split30utt/13/cmvn.scp scp:data/train/split30/26/split30utt/13/feats.scp ark:- | splice-feats --left-context=3 --right-context=3 ark:- ark:- | transform-feats exp/sgmm2_4_ali/final.mat ark:- ark:- | transform-feats --utt2spk=ark:data/train/split30/26/split30utt/13/utt2spk ark:exp/tri3_ali/trans.26 ark:- ark:- |" "ark:|gzip -c >exp/sgmm2_4_denlats/lat.26.13.gz" 
# Started at Wed Feb 27 15:48:49 +07 2019
#
sgmm2-latgen-faster --spk-vecs=ark:exp/sgmm2_4_ali/vecs.26 --utt2spk=ark:data/train/split30/26/utt2spk '--gselect=ark,s,cs:gunzip -c exp/sgmm2_4_ali/gselect.26.gz|' --beam=18.0 --lattice-beam=10.0 --acoustic-scale=0.2 --max-mem=20000000 --max-active=5000 --word-symbol-table=data/lang/words.txt exp/sgmm2_4_ali/final.mdl exp/sgmm2_4_denlats/dengraph/HCLG.fst 'ark,s,cs:apply-cmvn --utt2spk=ark:data/train/split30/26/split30utt/13/utt2spk scp:data/train/split30/26/split30utt/13/cmvn.scp scp:data/train/split30/26/split30utt/13/feats.scp ark:- | splice-feats --left-context=3 --right-context=3 ark:- ark:- | transform-feats exp/sgmm2_4_ali/final.mat ark:- ark:- | transform-feats --utt2spk=ark:data/train/split30/26/split30utt/13/utt2spk ark:exp/tri3_ali/trans.26 ark:- ark:- |' 'ark:|gzip -c >exp/sgmm2_4_denlats/lat.26.13.gz' 
apply-cmvn --utt2spk=ark:data/train/split30/26/split30utt/13/utt2spk scp:data/train/split30/26/split30utt/13/cmvn.scp scp:data/train/split30/26/split30utt/13/feats.scp ark:- 
splice-feats --left-context=3 --right-context=3 ark:- ark:- 
transform-feats --utt2spk=ark:data/train/split30/26/split30utt/13/utt2spk ark:exp/tri3_ali/trans.26 ark:- ark:- 
transform-feats exp/sgmm2_4_ali/final.mat ark:- ark:- 
LOG (apply-cmvn[5.5.208~1-b0fc0]:main():apply-cmvn.cc:162) Applied cepstral mean normalization to 4 utterances, errors on 0
LOG (transform-feats[5.5.208~1-b0fc0]:main():transform-feats.cc:158) Overall average [pseudo-]logdet is -88.6037 over 1418 frames.
LOG (transform-feats[5.5.208~1-b0fc0]:main():transform-feats.cc:161) Applied transform to 4 utterances; 0 had errors.
MRTC0_SI1458 sil ax vcl d ix m eh s cl t ih cl k ao dx ax m ae dx ix cl k w uh sh er dh ae w ih l vcl g ih v ix iy cl k w uh v el ix n r iy z ah l cl t s epi m ey vcl b iy y uw z vcl d sil 
LOG (sgmm2-latgen-faster[5.5.208~1-b0fc0]:DecodeUtteranceLatticeFaster():decoder-wrappers.cc:289) Log-like per frame for utterance MRTC0_SI1458 is -8.60753 over 466 frames.
LOG (sgmm2-latgen-faster[5.5.208~1-b0fc0]:main():sgmm2-latgen-faster.cc:209) Log-like per frame for utterance MRTC0_SI1458 is -8.60753 over 466 frames.
MRTC0_SI2088 sil hh iy vcl d hh ae vcl n ow ay vcl d iy ah hh aw ax n hh ae cl p iy hh ix s epi w iy cl p iy cl ch hh eh vcl b eh n sil 
LOG (sgmm2-latgen-faster[5.5.208~1-b0fc0]:DecodeUtteranceLatticeFaster():decoder-wrappers.cc:289) Log-like per frame for utterance MRTC0_SI2088 is -7.66001 over 371 frames.
LOG (sgmm2-latgen-faster[5.5.208~1-b0fc0]:main():sgmm2-latgen-faster.cc:209) Log-like per frame for utterance MRTC0_SI2088 is -7.66001 over 371 frames.
LOG (transform-feats[5.5.208~1-b0fc0]:main():transform-feats.cc:158) Overall average logdet is 5.20535 over 1418 frames.
LOG (transform-feats[5.5.208~1-b0fc0]:main():transform-feats.cc:161) Applied transform to 4 utterances; 0 had errors.
MRTC0_SI828 sil d r ah vcl g z cl k eh m ix cl k el n ey m sil d r ay vcl r uw m ix n vcl b ae cl t er iy ax sil 
LOG (sgmm2-latgen-faster[5.5.208~1-b0fc0]:DecodeUtteranceLatticeFaster():decoder-wrappers.cc:289) Log-like per frame for utterance MRTC0_SI828 is -9.12459 over 288 frames.
LOG (sgmm2-latgen-faster[5.5.208~1-b0fc0]:main():sgmm2-latgen-faster.cc:209) Log-like per frame for utterance MRTC0_SI828 is -9.12459 over 288 frames.
MRTC0_SX108 sil hh ih s cl k ae l cl p w ax z vcl b l ih s cl t er vcl f r m cl t ax vcl d ey z hh aa cl s ah n sil 
LOG (sgmm2-latgen-faster[5.5.208~1-b0fc0]:DecodeUtteranceLatticeFaster():decoder-wrappers.cc:289) Log-like per frame for utterance MRTC0_SX108 is -8.72235 over 293 frames.
LOG (sgmm2-latgen-faster[5.5.208~1-b0fc0]:main():sgmm2-latgen-faster.cc:209) Log-like per frame for utterance MRTC0_SX108 is -8.72235 over 293 frames.
LOG (sgmm2-latgen-faster[5.5.208~1-b0fc0]:main():sgmm2-latgen-faster.cc:252) Time taken [excluding initialization] 14.1871s: real-time factor assuming 100 frames/sec is 1.0005
LOG (sgmm2-latgen-faster[5.5.208~1-b0fc0]:main():sgmm2-latgen-faster.cc:255) Done 4 utterances, failed for 0
LOG (sgmm2-latgen-faster[5.5.208~1-b0fc0]:main():sgmm2-latgen-faster.cc:257) Overall log-likelihood per frame = -8.48837 over 1418 frames.
WARNING (sgmm2-latgen-faster[5.5.208~1-b0fc0]:Close():kaldi-io.cc:515) Pipe gunzip -c exp/sgmm2_4_ali/gselect.26.gz| had nonzero return status 36096
# Accounting: time=15 threads=1
# Ended (code 0) at Wed Feb 27 15:49:04 +07 2019, elapsed time 15 seconds
