# sgmm2-latgen-faster --spk-vecs=ark:exp/sgmm2_4_ali/vecs.26 --utt2spk=ark:data/train/split30/26/utt2spk "--gselect=ark,s,cs:gunzip -c exp/sgmm2_4_ali/gselect.26.gz|" --beam=18.0 --lattice-beam=10.0 --acoustic-scale=0.2 --max-mem=20000000 --max-active=5000 --word-symbol-table=data/lang/words.txt exp/sgmm2_4_ali/final.mdl exp/sgmm2_4_denlats/dengraph/HCLG.fst "ark,s,cs:apply-cmvn --utt2spk=ark:data/train/split30/26/split30utt/9/utt2spk scp:data/train/split30/26/split30utt/9/cmvn.scp scp:data/train/split30/26/split30utt/9/feats.scp ark:- | splice-feats --left-context=3 --right-context=3 ark:- ark:- | transform-feats exp/sgmm2_4_ali/final.mat ark:- ark:- | transform-feats --utt2spk=ark:data/train/split30/26/split30utt/9/utt2spk ark:exp/tri3_ali/trans.26 ark:- ark:- |" "ark:|gzip -c >exp/sgmm2_4_denlats/lat.26.9.gz" 
# Started at Wed Feb 27 15:48:30 +07 2019
#
sgmm2-latgen-faster --spk-vecs=ark:exp/sgmm2_4_ali/vecs.26 --utt2spk=ark:data/train/split30/26/utt2spk '--gselect=ark,s,cs:gunzip -c exp/sgmm2_4_ali/gselect.26.gz|' --beam=18.0 --lattice-beam=10.0 --acoustic-scale=0.2 --max-mem=20000000 --max-active=5000 --word-symbol-table=data/lang/words.txt exp/sgmm2_4_ali/final.mdl exp/sgmm2_4_denlats/dengraph/HCLG.fst 'ark,s,cs:apply-cmvn --utt2spk=ark:data/train/split30/26/split30utt/9/utt2spk scp:data/train/split30/26/split30utt/9/cmvn.scp scp:data/train/split30/26/split30utt/9/feats.scp ark:- | splice-feats --left-context=3 --right-context=3 ark:- ark:- | transform-feats exp/sgmm2_4_ali/final.mat ark:- ark:- | transform-feats --utt2spk=ark:data/train/split30/26/split30utt/9/utt2spk ark:exp/tri3_ali/trans.26 ark:- ark:- |' 'ark:|gzip -c >exp/sgmm2_4_denlats/lat.26.9.gz' 
apply-cmvn --utt2spk=ark:data/train/split30/26/split30utt/9/utt2spk scp:data/train/split30/26/split30utt/9/cmvn.scp scp:data/train/split30/26/split30utt/9/feats.scp ark:- 
splice-feats --left-context=3 --right-context=3 ark:- ark:- 
transform-feats exp/sgmm2_4_ali/final.mat ark:- ark:- 
transform-feats --utt2spk=ark:data/train/split30/26/split30utt/9/utt2spk ark:exp/tri3_ali/trans.26 ark:- ark:- 
LOG (apply-cmvn[5.5.208~1-b0fc0]:main():apply-cmvn.cc:162) Applied cepstral mean normalization to 4 utterances, errors on 0
LOG (transform-feats[5.5.208~1-b0fc0]:main():transform-feats.cc:158) Overall average [pseudo-]logdet is -88.6037 over 1537 frames.
LOG (transform-feats[5.5.208~1-b0fc0]:main():transform-feats.cc:161) Applied transform to 4 utterances; 0 had errors.
MRSO0_SI1206 sil ao l ax vcl b aw cl hh ih m epi s cl dh ih vcl t uw m s cl t ow n epi s sil hh ix z ow n s eh n s ix dx ih v vcl g r ey cl hh ae n z hh eh vcl d f ae sh en vcl d sil 
LOG (sgmm2-latgen-faster[5.5.208~1-b0fc0]:DecodeUtteranceLatticeFaster():decoder-wrappers.cc:289) Log-like per frame for utterance MRSO0_SI1206 is -8.87223 over 552 frames.
LOG (sgmm2-latgen-faster[5.5.208~1-b0fc0]:main():sgmm2-latgen-faster.cc:209) Log-like per frame for utterance MRSO0_SI1206 is -8.87223 over 552 frames.
MRSO0_SI1659 sil s ah m w eh r vcl b er vcl d z w er s epi w iy l ix cl k aa l ix ng sil w er ae n s er vcl sil 
LOG (sgmm2-latgen-faster[5.5.208~1-b0fc0]:DecodeUtteranceLatticeFaster():decoder-wrappers.cc:289) Log-like per frame for utterance MRSO0_SI1659 is -8.62092 over 372 frames.
LOG (sgmm2-latgen-faster[5.5.208~1-b0fc0]:main():sgmm2-latgen-faster.cc:209) Log-like per frame for utterance MRSO0_SI1659 is -8.62092 over 372 frames.
LOG (transform-feats[5.5.208~1-b0fc0]:main():transform-feats.cc:158) Overall average logdet is 4.6457 over 1537 frames.
LOG (transform-feats[5.5.208~1-b0fc0]:main():transform-feats.cc:161) Applied transform to 4 utterances; 0 had errors.
MRSO0_SI2289 sil f ay n l iy hh iy ae s cl t sil d ix y uw ax vcl jh eh cl t uw cl p ae dx ih ng sil 
LOG (sgmm2-latgen-faster[5.5.208~1-b0fc0]:DecodeUtteranceLatticeFaster():decoder-wrappers.cc:289) Log-like per frame for utterance MRSO0_SI2289 is -8.28795 over 289 frames.
LOG (sgmm2-latgen-faster[5.5.208~1-b0fc0]:main():sgmm2-latgen-faster.cc:209) Log-like per frame for utterance MRSO0_SI2289 is -8.28795 over 289 frames.
MRSO0_SX129 sil ae ng vcl g uh r ah cl k ae cl s aa r f er iy er dh eh n s ay m iy z sil 
LOG (sgmm2-latgen-faster[5.5.208~1-b0fc0]:DecodeUtteranceLatticeFaster():decoder-wrappers.cc:289) Log-like per frame for utterance MRSO0_SX129 is -7.94365 over 324 frames.
LOG (sgmm2-latgen-faster[5.5.208~1-b0fc0]:main():sgmm2-latgen-faster.cc:209) Log-like per frame for utterance MRSO0_SX129 is -7.94365 over 324 frames.
LOG (sgmm2-latgen-faster[5.5.208~1-b0fc0]:main():sgmm2-latgen-faster.cc:252) Time taken [excluding initialization] 17.7714s: real-time factor assuming 100 frames/sec is 1.15624
LOG (sgmm2-latgen-faster[5.5.208~1-b0fc0]:main():sgmm2-latgen-faster.cc:255) Done 4 utterances, failed for 0
LOG (sgmm2-latgen-faster[5.5.208~1-b0fc0]:main():sgmm2-latgen-faster.cc:257) Overall log-likelihood per frame = -8.5058 over 1537 frames.
WARNING (sgmm2-latgen-faster[5.5.208~1-b0fc0]:Close():kaldi-io.cc:515) Pipe gunzip -c exp/sgmm2_4_ali/gselect.26.gz| had nonzero return status 36096
# Accounting: time=19 threads=1
# Ended (code 0) at Wed Feb 27 15:48:49 +07 2019, elapsed time 19 seconds
