# sgmm2-latgen-faster --spk-vecs=ark:exp/sgmm2_4_ali/vecs.24 --utt2spk=ark:data/train/split30/24/utt2spk "--gselect=ark,s,cs:gunzip -c exp/sgmm2_4_ali/gselect.24.gz|" --beam=18.0 --lattice-beam=10.0 --acoustic-scale=0.2 --max-mem=20000000 --max-active=5000 --word-symbol-table=data/lang/words.txt exp/sgmm2_4_ali/final.mdl exp/sgmm2_4_denlats/dengraph/HCLG.fst "ark,s,cs:apply-cmvn --utt2spk=ark:data/train/split30/24/split30utt/26/utt2spk scp:data/train/split30/24/split30utt/26/cmvn.scp scp:data/train/split30/24/split30utt/26/feats.scp ark:- | splice-feats --left-context=3 --right-context=3 ark:- ark:- | transform-feats exp/sgmm2_4_ali/final.mat ark:- ark:- | transform-feats --utt2spk=ark:data/train/split30/24/split30utt/26/utt2spk ark:exp/tri3_ali/trans.24 ark:- ark:- |" "ark:|gzip -c >exp/sgmm2_4_denlats/lat.24.26.gz" 
# Started at Wed Feb 27 15:47:29 +07 2019
#
sgmm2-latgen-faster --spk-vecs=ark:exp/sgmm2_4_ali/vecs.24 --utt2spk=ark:data/train/split30/24/utt2spk '--gselect=ark,s,cs:gunzip -c exp/sgmm2_4_ali/gselect.24.gz|' --beam=18.0 --lattice-beam=10.0 --acoustic-scale=0.2 --max-mem=20000000 --max-active=5000 --word-symbol-table=data/lang/words.txt exp/sgmm2_4_ali/final.mdl exp/sgmm2_4_denlats/dengraph/HCLG.fst 'ark,s,cs:apply-cmvn --utt2spk=ark:data/train/split30/24/split30utt/26/utt2spk scp:data/train/split30/24/split30utt/26/cmvn.scp scp:data/train/split30/24/split30utt/26/feats.scp ark:- | splice-feats --left-context=3 --right-context=3 ark:- ark:- | transform-feats exp/sgmm2_4_ali/final.mat ark:- ark:- | transform-feats --utt2spk=ark:data/train/split30/24/split30utt/26/utt2spk ark:exp/tri3_ali/trans.24 ark:- ark:- |' 'ark:|gzip -c >exp/sgmm2_4_denlats/lat.24.26.gz' 
transform-feats --utt2spk=ark:data/train/split30/24/split30utt/26/utt2spk ark:exp/tri3_ali/trans.24 ark:- ark:- 
transform-feats exp/sgmm2_4_ali/final.mat ark:- ark:- 
splice-feats --left-context=3 --right-context=3 ark:- ark:- 
apply-cmvn --utt2spk=ark:data/train/split30/24/split30utt/26/utt2spk scp:data/train/split30/24/split30utt/26/cmvn.scp scp:data/train/split30/24/split30utt/26/feats.scp ark:- 
LOG (apply-cmvn[5.5.208~1-b0fc0]:main():apply-cmvn.cc:162) Applied cepstral mean normalization to 4 utterances, errors on 0
LOG (transform-feats[5.5.208~1-b0fc0]:main():transform-feats.cc:158) Overall average [pseudo-]logdet is -88.6037 over 970 frames.
LOG (transform-feats[5.5.208~1-b0fc0]:main():transform-feats.cc:161) Applied transform to 4 utterances; 0 had errors.
MRFK0_SX266 sil w ix vcl d r ao ow l iy ix z epi m ah cl ch epi m ah n iy ih zh uw n iy vcl sil 
LOG (sgmm2-latgen-faster[5.5.208~1-b0fc0]:DecodeUtteranceLatticeFaster():decoder-wrappers.cc:289) Log-like per frame for utterance MRFK0_SX266 is -8.66335 over 212 frames.
LOG (sgmm2-latgen-faster[5.5.208~1-b0fc0]:main():sgmm2-latgen-faster.cc:209) Log-like per frame for utterance MRFK0_SX266 is -8.66335 over 212 frames.
MRFK0_SX356 sil d ay ae n m ey s cl p l er vcl jh m vcl b ay ix cl t er cl k w oy z epi n eh cl k l ax s sil 
LOG (sgmm2-latgen-faster[5.5.208~1-b0fc0]:DecodeUtteranceLatticeFaster():decoder-wrappers.cc:289) Log-like per frame for utterance MRFK0_SX356 is -9.43738 over 285 frames.
LOG (sgmm2-latgen-faster[5.5.208~1-b0fc0]:main():sgmm2-latgen-faster.cc:209) Log-like per frame for utterance MRFK0_SX356 is -9.43738 over 285 frames.
LOG (transform-feats[5.5.208~1-b0fc0]:main():transform-feats.cc:158) Overall average logdet is 3.93013 over 970 frames.
LOG (transform-feats[5.5.208~1-b0fc0]:main():transform-feats.cc:161) Applied transform to 4 utterances; 0 had errors.
MRFK0_SX446 sil t aa m ax s th ix ng k s ax l aa r vcl jh er cl k l ae m cl p s aa l v z ax cl p r aa vcl b el sil 
LOG (sgmm2-latgen-faster[5.5.208~1-b0fc0]:DecodeUtteranceLatticeFaster():decoder-wrappers.cc:289) Log-like per frame for utterance MRFK0_SX446 is -9.65266 over 251 frames.
LOG (sgmm2-latgen-faster[5.5.208~1-b0fc0]:main():sgmm2-latgen-faster.cc:209) Log-like per frame for utterance MRFK0_SX446 is -9.65266 over 251 frames.
MRFK0_SX86 sil s cl p ae n ix cl k aa s cl t uw m z er cl k w ay cl k ah l er f el sil 
LOG (sgmm2-latgen-faster[5.5.208~1-b0fc0]:DecodeUtteranceLatticeFaster():decoder-wrappers.cc:289) Log-like per frame for utterance MRFK0_SX86 is -9.48676 over 222 frames.
LOG (sgmm2-latgen-faster[5.5.208~1-b0fc0]:main():sgmm2-latgen-faster.cc:209) Log-like per frame for utterance MRFK0_SX86 is -9.48676 over 222 frames.
LOG (sgmm2-latgen-faster[5.5.208~1-b0fc0]:main():sgmm2-latgen-faster.cc:252) Time taken [excluding initialization] 11.4483s: real-time factor assuming 100 frames/sec is 1.18024
LOG (sgmm2-latgen-faster[5.5.208~1-b0fc0]:main():sgmm2-latgen-faster.cc:255) Done 4 utterances, failed for 0
LOG (sgmm2-latgen-faster[5.5.208~1-b0fc0]:main():sgmm2-latgen-faster.cc:257) Overall log-likelihood per frame = -9.33521 over 970 frames.
WARNING (sgmm2-latgen-faster[5.5.208~1-b0fc0]:Close():kaldi-io.cc:515) Pipe gunzip -c exp/sgmm2_4_ali/gselect.24.gz| had nonzero return status 36096
# Accounting: time=12 threads=1
# Ended (code 0) at Wed Feb 27 15:47:41 +07 2019, elapsed time 12 seconds
