# sgmm2-latgen-faster --spk-vecs=ark:exp/sgmm2_4_ali/vecs.24 --utt2spk=ark:data/train/split30/24/utt2spk "--gselect=ark,s,cs:gunzip -c exp/sgmm2_4_ali/gselect.24.gz|" --beam=18.0 --lattice-beam=10.0 --acoustic-scale=0.2 --max-mem=20000000 --max-active=5000 --word-symbol-table=data/lang/words.txt exp/sgmm2_4_ali/final.mdl exp/sgmm2_4_denlats/dengraph/HCLG.fst "ark,s,cs:apply-cmvn --utt2spk=ark:data/train/split30/24/split30utt/17/utt2spk scp:data/train/split30/24/split30utt/17/cmvn.scp scp:data/train/split30/24/split30utt/17/feats.scp ark:- | splice-feats --left-context=3 --right-context=3 ark:- ark:- | transform-feats exp/sgmm2_4_ali/final.mat ark:- ark:- | transform-feats --utt2spk=ark:data/train/split30/24/split30utt/17/utt2spk ark:exp/tri3_ali/trans.24 ark:- ark:- |" "ark:|gzip -c >exp/sgmm2_4_denlats/lat.24.17.gz" 
# Started at Wed Feb 27 15:46:57 +07 2019
#
sgmm2-latgen-faster --spk-vecs=ark:exp/sgmm2_4_ali/vecs.24 --utt2spk=ark:data/train/split30/24/utt2spk '--gselect=ark,s,cs:gunzip -c exp/sgmm2_4_ali/gselect.24.gz|' --beam=18.0 --lattice-beam=10.0 --acoustic-scale=0.2 --max-mem=20000000 --max-active=5000 --word-symbol-table=data/lang/words.txt exp/sgmm2_4_ali/final.mdl exp/sgmm2_4_denlats/dengraph/HCLG.fst 'ark,s,cs:apply-cmvn --utt2spk=ark:data/train/split30/24/split30utt/17/utt2spk scp:data/train/split30/24/split30utt/17/cmvn.scp scp:data/train/split30/24/split30utt/17/feats.scp ark:- | splice-feats --left-context=3 --right-context=3 ark:- ark:- | transform-feats exp/sgmm2_4_ali/final.mat ark:- ark:- | transform-feats --utt2spk=ark:data/train/split30/24/split30utt/17/utt2spk ark:exp/tri3_ali/trans.24 ark:- ark:- |' 'ark:|gzip -c >exp/sgmm2_4_denlats/lat.24.17.gz' 
transform-feats --utt2spk=ark:data/train/split30/24/split30utt/17/utt2spk ark:exp/tri3_ali/trans.24 ark:- ark:- 
splice-feats --left-context=3 --right-context=3 ark:- ark:- 
transform-feats exp/sgmm2_4_ali/final.mat ark:- ark:- 
apply-cmvn --utt2spk=ark:data/train/split30/24/split30utt/17/utt2spk scp:data/train/split30/24/split30utt/17/cmvn.scp scp:data/train/split30/24/split30utt/17/feats.scp ark:- 
LOG (apply-cmvn[5.5.208~1-b0fc0]:main():apply-cmvn.cc:162) Applied cepstral mean normalization to 4 utterances, errors on 0
LOG (transform-feats[5.5.208~1-b0fc0]:main():transform-feats.cc:158) Overall average [pseudo-]logdet is -88.6037 over 1462 frames.
LOG (transform-feats[5.5.208~1-b0fc0]:main():transform-feats.cc:161) Applied transform to 4 utterances; 0 had errors.
MREE0_SI1104 sil dh ih s vcl g er l s uw n vcl d r aa cl s dh ax vcl b er zh w aa z ey s ix cl k ay ix cl t r ih s cl t hh uw vcl d ih s ax cl p r uw v z ax v hh er l ay f sil 
LOG (sgmm2-latgen-faster[5.5.208~1-b0fc0]:DecodeUtteranceLatticeFaster():decoder-wrappers.cc:289) Log-like per frame for utterance MREE0_SI1104 is -8.69958 over 456 frames.
LOG (sgmm2-latgen-faster[5.5.208~1-b0fc0]:main():sgmm2-latgen-faster.cc:209) Log-like per frame for utterance MREE0_SI1104 is -8.69958 over 456 frames.
MREE0_SI1734 sil ih w ah z n aa sil w ah dx eh v er cl t ey l w ax z cl t ow l vcl b ay cl t ey l z sil 
LOG (sgmm2-latgen-faster[5.5.208~1-b0fc0]:DecodeUtteranceLatticeFaster():decoder-wrappers.cc:289) Log-like per frame for utterance MREE0_SI1734 is -8.78555 over 324 frames.
LOG (sgmm2-latgen-faster[5.5.208~1-b0fc0]:main():sgmm2-latgen-faster.cc:209) Log-like per frame for utterance MREE0_SI1734 is -8.78555 over 324 frames.
LOG (transform-feats[5.5.208~1-b0fc0]:main():transform-feats.cc:158) Overall average logdet is 3.71538 over 1462 frames.
LOG (transform-feats[5.5.208~1-b0fc0]:main():transform-feats.cc:161) Applied transform to 4 utterances; 0 had errors.
MREE0_SI1959 sil hh iy eh vcl n aa cl k ah v er dx ah hh ah n d ix vcl d y aa r z vcl ax f ao er vcl g ah n cl k r ae sh cl t f r m s ah m w eh r vcl ih hh ay n vcl d sil 
LOG (sgmm2-latgen-faster[5.5.208~1-b0fc0]:DecodeUtteranceLatticeFaster():decoder-wrappers.cc:289) Log-like per frame for utterance MREE0_SI1959 is -8.89688 over 418 frames.
LOG (sgmm2-latgen-faster[5.5.208~1-b0fc0]:main():sgmm2-latgen-faster.cc:209) Log-like per frame for utterance MREE0_SI1959 is -8.89688 over 418 frames.
MREE0_SX114 sil dh ix cl k aa r cl t uw n f iy cl ch er z ax m ah s cl k r ae cl ix n ax n cl t ae vcl p ow l sil 
LOG (sgmm2-latgen-faster[5.5.208~1-b0fc0]:DecodeUtteranceLatticeFaster():decoder-wrappers.cc:289) Log-like per frame for utterance MREE0_SX114 is -9.19218 over 264 frames.
LOG (sgmm2-latgen-faster[5.5.208~1-b0fc0]:main():sgmm2-latgen-faster.cc:209) Log-like per frame for utterance MREE0_SX114 is -9.19218 over 264 frames.
LOG (sgmm2-latgen-faster[5.5.208~1-b0fc0]:main():sgmm2-latgen-faster.cc:252) Time taken [excluding initialization] 17.6554s: real-time factor assuming 100 frames/sec is 1.20762
LOG (sgmm2-latgen-faster[5.5.208~1-b0fc0]:main():sgmm2-latgen-faster.cc:255) Done 4 utterances, failed for 0
LOG (sgmm2-latgen-faster[5.5.208~1-b0fc0]:main():sgmm2-latgen-faster.cc:257) Overall log-likelihood per frame = -8.86399 over 1462 frames.
WARNING (sgmm2-latgen-faster[5.5.208~1-b0fc0]:Close():kaldi-io.cc:515) Pipe gunzip -c exp/sgmm2_4_ali/gselect.24.gz| had nonzero return status 36096
# Accounting: time=18 threads=1
# Ended (code 0) at Wed Feb 27 15:47:15 +07 2019, elapsed time 18 seconds
