# sgmm2-latgen-faster --spk-vecs=ark:exp/sgmm2_4_ali/vecs.24 --utt2spk=ark:data/train/split30/24/utt2spk "--gselect=ark,s,cs:gunzip -c exp/sgmm2_4_ali/gselect.24.gz|" --beam=18.0 --lattice-beam=10.0 --acoustic-scale=0.2 --max-mem=20000000 --max-active=5000 --word-symbol-table=data/lang/words.txt exp/sgmm2_4_ali/final.mdl exp/sgmm2_4_denlats/dengraph/HCLG.fst "ark,s,cs:apply-cmvn --utt2spk=ark:data/train/split30/24/split30utt/13/utt2spk scp:data/train/split30/24/split30utt/13/cmvn.scp scp:data/train/split30/24/split30utt/13/feats.scp ark:- | splice-feats --left-context=3 --right-context=3 ark:- ark:- | transform-feats exp/sgmm2_4_ali/final.mat ark:- ark:- | transform-feats --utt2spk=ark:data/train/split30/24/split30utt/13/utt2spk ark:exp/tri3_ali/trans.24 ark:- ark:- |" "ark:|gzip -c >exp/sgmm2_4_denlats/lat.24.13.gz" 
# Started at Wed Feb 27 15:46:39 +07 2019
#
sgmm2-latgen-faster --spk-vecs=ark:exp/sgmm2_4_ali/vecs.24 --utt2spk=ark:data/train/split30/24/utt2spk '--gselect=ark,s,cs:gunzip -c exp/sgmm2_4_ali/gselect.24.gz|' --beam=18.0 --lattice-beam=10.0 --acoustic-scale=0.2 --max-mem=20000000 --max-active=5000 --word-symbol-table=data/lang/words.txt exp/sgmm2_4_ali/final.mdl exp/sgmm2_4_denlats/dengraph/HCLG.fst 'ark,s,cs:apply-cmvn --utt2spk=ark:data/train/split30/24/split30utt/13/utt2spk scp:data/train/split30/24/split30utt/13/cmvn.scp scp:data/train/split30/24/split30utt/13/feats.scp ark:- | splice-feats --left-context=3 --right-context=3 ark:- ark:- | transform-feats exp/sgmm2_4_ali/final.mat ark:- ark:- | transform-feats --utt2spk=ark:data/train/split30/24/split30utt/13/utt2spk ark:exp/tri3_ali/trans.24 ark:- ark:- |' 'ark:|gzip -c >exp/sgmm2_4_denlats/lat.24.13.gz' 
splice-feats --left-context=3 --right-context=3 ark:- ark:- 
apply-cmvn --utt2spk=ark:data/train/split30/24/split30utt/13/utt2spk scp:data/train/split30/24/split30utt/13/cmvn.scp scp:data/train/split30/24/split30utt/13/feats.scp ark:- 
LOG (apply-cmvn[5.5.208~1-b0fc0]:main():apply-cmvn.cc:162) Applied cepstral mean normalization to 4 utterances, errors on 0
transform-feats exp/sgmm2_4_ali/final.mat ark:- ark:- 
transform-feats --utt2spk=ark:data/train/split30/24/split30utt/13/utt2spk ark:exp/tri3_ali/trans.24 ark:- ark:- 
LOG (transform-feats[5.5.208~1-b0fc0]:main():transform-feats.cc:158) Overall average [pseudo-]logdet is -88.6037 over 1273 frames.
LOG (transform-feats[5.5.208~1-b0fc0]:main():transform-feats.cc:161) Applied transform to 4 utterances; 0 had errors.
MRDM0_SI1044 sil r eh z ix dx ih n sh el ax s ow sh ey sh ax n s cl t r ah vcl g ax l sil t ax ix n s epi l ey cl dh ax m s eh l v z ix vcl ih n s cl t ix n cl t r uw zh en epi z sil 
LOG (sgmm2-latgen-faster[5.5.208~1-b0fc0]:DecodeUtteranceLatticeFaster():decoder-wrappers.cc:289) Log-like per frame for utterance MRDM0_SI1044 is -9.91005 over 418 frames.
LOG (sgmm2-latgen-faster[5.5.208~1-b0fc0]:main():sgmm2-latgen-faster.cc:209) Log-like per frame for utterance MRDM0_SI1044 is -9.91005 over 418 frames.
MRDM0_SI1595 sil ah cl k r uw vcl d l ae dx er r ae n vcl d aw n d ow w uh vcl en f l ao r sil 
LOG (sgmm2-latgen-faster[5.5.208~1-b0fc0]:DecodeUtteranceLatticeFaster():decoder-wrappers.cc:289) Log-like per frame for utterance MRDM0_SI1595 is -9.37327 over 250 frames.
LOG (sgmm2-latgen-faster[5.5.208~1-b0fc0]:main():sgmm2-latgen-faster.cc:209) Log-like per frame for utterance MRDM0_SI1595 is -9.37327 over 250 frames.
LOG (transform-feats[5.5.208~1-b0fc0]:main():transform-feats.cc:158) Overall average logdet is 4.07585 over 1273 frames.
LOG (transform-feats[5.5.208~1-b0fc0]:main():transform-feats.cc:161) Applied transform to 4 utterances; 0 had errors.
MRDM0_SI965 sil ax s ih n aa m iy ih z n ah dx ax s ih ng vcl el w ey v cl p ax dx ax s ih r ix z sil 
LOG (sgmm2-latgen-faster[5.5.208~1-b0fc0]:DecodeUtteranceLatticeFaster():decoder-wrappers.cc:289) Log-like per frame for utterance MRDM0_SI965 is -9.0847 over 273 frames.
LOG (sgmm2-latgen-faster[5.5.208~1-b0fc0]:main():sgmm2-latgen-faster.cc:209) Log-like per frame for utterance MRDM0_SI965 is -9.0847 over 273 frames.
MRDM0_SX155 sil dh ax w aa dx er cl k ix n cl t ey n vcl t uw m ix cl ch cl k l ao r ix n sil ax n cl s cl t ah ng hh ix z ay z sil 
LOG (sgmm2-latgen-faster[5.5.208~1-b0fc0]:DecodeUtteranceLatticeFaster():decoder-wrappers.cc:289) Log-like per frame for utterance MRDM0_SX155 is -9.70746 over 332 frames.
LOG (sgmm2-latgen-faster[5.5.208~1-b0fc0]:main():sgmm2-latgen-faster.cc:209) Log-like per frame for utterance MRDM0_SX155 is -9.70746 over 332 frames.
LOG (sgmm2-latgen-faster[5.5.208~1-b0fc0]:main():sgmm2-latgen-faster.cc:252) Time taken [excluding initialization] 17.0462s: real-time factor assuming 100 frames/sec is 1.33906
LOG (sgmm2-latgen-faster[5.5.208~1-b0fc0]:main():sgmm2-latgen-faster.cc:255) Done 4 utterances, failed for 0
LOG (sgmm2-latgen-faster[5.5.208~1-b0fc0]:main():sgmm2-latgen-faster.cc:257) Overall log-likelihood per frame = -9.5748 over 1273 frames.
WARNING (sgmm2-latgen-faster[5.5.208~1-b0fc0]:Close():kaldi-io.cc:515) Pipe gunzip -c exp/sgmm2_4_ali/gselect.24.gz| had nonzero return status 36096
# Accounting: time=18 threads=1
# Ended (code 0) at Wed Feb 27 15:46:57 +07 2019, elapsed time 18 seconds
