# sgmm2-latgen-faster --spk-vecs=ark:exp/sgmm2_4_ali/vecs.24 --utt2spk=ark:data/train/split30/24/utt2spk "--gselect=ark,s,cs:gunzip -c exp/sgmm2_4_ali/gselect.24.gz|" --beam=18.0 --lattice-beam=10.0 --acoustic-scale=0.2 --max-mem=20000000 --max-active=5000 --word-symbol-table=data/lang/words.txt exp/sgmm2_4_ali/final.mdl exp/sgmm2_4_denlats/dengraph/HCLG.fst "ark,s,cs:apply-cmvn --utt2spk=ark:data/train/split30/24/split30utt/22/utt2spk scp:data/train/split30/24/split30utt/22/cmvn.scp scp:data/train/split30/24/split30utt/22/feats.scp ark:- | splice-feats --left-context=3 --right-context=3 ark:- ark:- | transform-feats exp/sgmm2_4_ali/final.mat ark:- ark:- | transform-feats --utt2spk=ark:data/train/split30/24/split30utt/22/utt2spk ark:exp/tri3_ali/trans.24 ark:- ark:- |" "ark:|gzip -c >exp/sgmm2_4_denlats/lat.24.22.gz" 
# Started at Wed Feb 27 15:47:15 +07 2019
#
sgmm2-latgen-faster --spk-vecs=ark:exp/sgmm2_4_ali/vecs.24 --utt2spk=ark:data/train/split30/24/utt2spk '--gselect=ark,s,cs:gunzip -c exp/sgmm2_4_ali/gselect.24.gz|' --beam=18.0 --lattice-beam=10.0 --acoustic-scale=0.2 --max-mem=20000000 --max-active=5000 --word-symbol-table=data/lang/words.txt exp/sgmm2_4_ali/final.mdl exp/sgmm2_4_denlats/dengraph/HCLG.fst 'ark,s,cs:apply-cmvn --utt2spk=ark:data/train/split30/24/split30utt/22/utt2spk scp:data/train/split30/24/split30utt/22/cmvn.scp scp:data/train/split30/24/split30utt/22/feats.scp ark:- | splice-feats --left-context=3 --right-context=3 ark:- ark:- | transform-feats exp/sgmm2_4_ali/final.mat ark:- ark:- | transform-feats --utt2spk=ark:data/train/split30/24/split30utt/22/utt2spk ark:exp/tri3_ali/trans.24 ark:- ark:- |' 'ark:|gzip -c >exp/sgmm2_4_denlats/lat.24.22.gz' 
transform-feats exp/sgmm2_4_ali/final.mat ark:- ark:- 
apply-cmvn --utt2spk=ark:data/train/split30/24/split30utt/22/utt2spk scp:data/train/split30/24/split30utt/22/cmvn.scp scp:data/train/split30/24/split30utt/22/feats.scp ark:- 
LOG (apply-cmvn[5.5.208~1-b0fc0]:main():apply-cmvn.cc:162) Applied cepstral mean normalization to 4 utterances, errors on 0
splice-feats --left-context=3 --right-context=3 ark:- ark:- 
transform-feats --utt2spk=ark:data/train/split30/24/split30utt/22/utt2spk ark:exp/tri3_ali/trans.24 ark:- ark:- 
LOG (transform-feats[5.5.208~1-b0fc0]:main():transform-feats.cc:158) Overall average [pseudo-]logdet is -88.6037 over 1140 frames.
LOG (transform-feats[5.5.208~1-b0fc0]:main():transform-feats.cc:161) Applied transform to 4 utterances; 0 had errors.
MREM0_SX241 sil ax hh ao l w ey ow cl p n z ix n cl t ax w ix hh y uw vcl jh cl ch ey m vcl b er sil 
LOG (sgmm2-latgen-faster[5.5.208~1-b0fc0]:DecodeUtteranceLatticeFaster():decoder-wrappers.cc:289) Log-like per frame for utterance MREM0_SX241 is -9.71366 over 237 frames.
LOG (sgmm2-latgen-faster[5.5.208~1-b0fc0]:main():sgmm2-latgen-faster.cc:209) Log-like per frame for utterance MREM0_SX241 is -9.71366 over 237 frames.
MREM0_SX331 sil dh ix vcl b ih vcl d ao vcl sil l ah v cl t ix cl ch uw ao n dh iy ow l vcl r ae vcl d aa l sil 
LOG (sgmm2-latgen-faster[5.5.208~1-b0fc0]:DecodeUtteranceLatticeFaster():decoder-wrappers.cc:289) Log-like per frame for utterance MREM0_SX331 is -9.38105 over 314 frames.
LOG (sgmm2-latgen-faster[5.5.208~1-b0fc0]:main():sgmm2-latgen-faster.cc:209) Log-like per frame for utterance MREM0_SX331 is -9.38105 over 314 frames.
LOG (transform-feats[5.5.208~1-b0fc0]:main():transform-feats.cc:158) Overall average logdet is 2.83156 over 1140 frames.
LOG (transform-feats[5.5.208~1-b0fc0]:main():transform-feats.cc:161) Applied transform to 4 utterances; 0 had errors.
MREM0_SX421 sil dh ow z hh uw cl t iy cl ch v ae y uw z epi f er s cl t ix vcl b aa l ix sh cl ch iy dx ix ng sil 
LOG (sgmm2-latgen-faster[5.5.208~1-b0fc0]:DecodeUtteranceLatticeFaster():decoder-wrappers.cc:289) Log-like per frame for utterance MREM0_SX421 is -9.18477 over 286 frames.
LOG (sgmm2-latgen-faster[5.5.208~1-b0fc0]:main():sgmm2-latgen-faster.cc:209) Log-like per frame for utterance MREM0_SX421 is -9.18477 over 286 frames.
MREM0_SX61 sil ch aa cl k l ix en r ow z ix z epi n eh v er f ey l ax z r ax m ae n cl t ix cl g ih f cl t sil 
LOG (sgmm2-latgen-faster[5.5.208~1-b0fc0]:DecodeUtteranceLatticeFaster():decoder-wrappers.cc:289) Log-like per frame for utterance MREM0_SX61 is -10.1481 over 303 frames.
LOG (sgmm2-latgen-faster[5.5.208~1-b0fc0]:main():sgmm2-latgen-faster.cc:209) Log-like per frame for utterance MREM0_SX61 is -10.1481 over 303 frames.
LOG (sgmm2-latgen-faster[5.5.208~1-b0fc0]:main():sgmm2-latgen-faster.cc:252) Time taken [excluding initialization] 13.7854s: real-time factor assuming 100 frames/sec is 1.20925
LOG (sgmm2-latgen-faster[5.5.208~1-b0fc0]:main():sgmm2-latgen-faster.cc:255) Done 4 utterances, failed for 0
LOG (sgmm2-latgen-faster[5.5.208~1-b0fc0]:main():sgmm2-latgen-faster.cc:257) Overall log-likelihood per frame = -9.60483 over 1140 frames.
WARNING (sgmm2-latgen-faster[5.5.208~1-b0fc0]:Close():kaldi-io.cc:515) Pipe gunzip -c exp/sgmm2_4_ali/gselect.24.gz| had nonzero return status 36096
# Accounting: time=15 threads=1
# Ended (code 0) at Wed Feb 27 15:47:30 +07 2019, elapsed time 15 seconds
