# sgmm2-latgen-faster --spk-vecs=ark:exp/sgmm2_4_ali/vecs.28 --utt2spk=ark:data/train/split30/28/utt2spk "--gselect=ark,s,cs:gunzip -c exp/sgmm2_4_ali/gselect.28.gz|" --beam=18.0 --lattice-beam=10.0 --acoustic-scale=0.2 --max-mem=20000000 --max-active=5000 --word-symbol-table=data/lang/words.txt exp/sgmm2_4_ali/final.mdl exp/sgmm2_4_denlats/dengraph/HCLG.fst "ark,s,cs:apply-cmvn --utt2spk=ark:data/train/split30/28/split30utt/27/utt2spk scp:data/train/split30/28/split30utt/27/cmvn.scp scp:data/train/split30/28/split30utt/27/feats.scp ark:- | splice-feats --left-context=3 --right-context=3 ark:- ark:- | transform-feats exp/sgmm2_4_ali/final.mat ark:- ark:- | transform-feats --utt2spk=ark:data/train/split30/28/split30utt/27/utt2spk ark:exp/tri3_ali/trans.28 ark:- ark:- |" "ark:|gzip -c >exp/sgmm2_4_denlats/lat.28.27.gz" 
# Started at Wed Feb 27 15:51:37 +07 2019
#
sgmm2-latgen-faster --spk-vecs=ark:exp/sgmm2_4_ali/vecs.28 --utt2spk=ark:data/train/split30/28/utt2spk '--gselect=ark,s,cs:gunzip -c exp/sgmm2_4_ali/gselect.28.gz|' --beam=18.0 --lattice-beam=10.0 --acoustic-scale=0.2 --max-mem=20000000 --max-active=5000 --word-symbol-table=data/lang/words.txt exp/sgmm2_4_ali/final.mdl exp/sgmm2_4_denlats/dengraph/HCLG.fst 'ark,s,cs:apply-cmvn --utt2spk=ark:data/train/split30/28/split30utt/27/utt2spk scp:data/train/split30/28/split30utt/27/cmvn.scp scp:data/train/split30/28/split30utt/27/feats.scp ark:- | splice-feats --left-context=3 --right-context=3 ark:- ark:- | transform-feats exp/sgmm2_4_ali/final.mat ark:- ark:- | transform-feats --utt2spk=ark:data/train/split30/28/split30utt/27/utt2spk ark:exp/tri3_ali/trans.28 ark:- ark:- |' 'ark:|gzip -c >exp/sgmm2_4_denlats/lat.28.27.gz' 
transform-feats --utt2spk=ark:data/train/split30/28/split30utt/27/utt2spk ark:exp/tri3_ali/trans.28 ark:- ark:- 
apply-cmvn --utt2spk=ark:data/train/split30/28/split30utt/27/utt2spk scp:data/train/split30/28/split30utt/27/cmvn.scp scp:data/train/split30/28/split30utt/27/feats.scp ark:- 
transform-feats exp/sgmm2_4_ali/final.mat ark:- ark:- 
splice-feats --left-context=3 --right-context=3 ark:- ark:- 
LOG (apply-cmvn[5.5.208~1-b0fc0]:main():apply-cmvn.cc:162) Applied cepstral mean normalization to 4 utterances, errors on 0
LOG (transform-feats[5.5.208~1-b0fc0]:main():transform-feats.cc:158) Overall average [pseudo-]logdet is -88.6037 over 1451 frames.
LOG (transform-feats[5.5.208~1-b0fc0]:main():transform-feats.cc:161) Applied transform to 4 utterances; 0 had errors.
MTKD0_SI1187 sil hh iy ih vcl v ay z vcl d iy m iy dx iy ix cl hh aa s cl p ix dx ax l ax z ey sh en sil 
LOG (sgmm2-latgen-faster[5.5.208~1-b0fc0]:DecodeUtteranceLatticeFaster():decoder-wrappers.cc:289) Log-like per frame for utterance MTKD0_SI1187 is -8.33485 over 265 frames.
LOG (sgmm2-latgen-faster[5.5.208~1-b0fc0]:main():sgmm2-latgen-faster.cc:209) Log-like per frame for utterance MTKD0_SI1187 is -8.33485 over 265 frames.
MTKD0_SI1817 sil m ay vcl b ax l ah v uh vcl w ao r m ay cl p er r eh n iy ix l vcl g ae vcl f l ay s eh vcl dh ax w ay n iy n v oy s sil 
LOG (sgmm2-latgen-faster[5.5.208~1-b0fc0]:DecodeUtteranceLatticeFaster():decoder-wrappers.cc:289) Log-like per frame for utterance MTKD0_SI1817 is -8.58131 over 390 frames.
LOG (sgmm2-latgen-faster[5.5.208~1-b0fc0]:main():sgmm2-latgen-faster.cc:209) Log-like per frame for utterance MTKD0_SI1817 is -8.58131 over 390 frames.
LOG (transform-feats[5.5.208~1-b0fc0]:main():transform-feats.cc:158) Overall average logdet is 3.39694 over 1451 frames.
LOG (transform-feats[5.5.208~1-b0fc0]:main():transform-feats.cc:161) Applied transform to 4 utterances; 0 had errors.
MTKD0_SI630 sil w ah dx ih vcl d ih s cl k ah sh ix n cl k ae n ix n s uw w ix n dh ix cl t ay dx ax l ah v dh ih s cl t ay cl p ax v s ao ng ih z ix n cl k w eh s ch ix n sil 
LOG (sgmm2-latgen-faster[5.5.208~1-b0fc0]:DecodeUtteranceLatticeFaster():decoder-wrappers.cc:289) Log-like per frame for utterance MTKD0_SI630 is -8.57036 over 488 frames.
LOG (sgmm2-latgen-faster[5.5.208~1-b0fc0]:main():sgmm2-latgen-faster.cc:209) Log-like per frame for utterance MTKD0_SI630 is -8.57036 over 488 frames.
MTKD0_SX107 sil b er th t ih cl p aa r dx iy z hh ae v cl k ah cl k ey cl k s ae n d ay s cl k r iy m sil 
LOG (sgmm2-latgen-faster[5.5.208~1-b0fc0]:DecodeUtteranceLatticeFaster():decoder-wrappers.cc:289) Log-like per frame for utterance MTKD0_SX107 is -9.37052 over 308 frames.
LOG (sgmm2-latgen-faster[5.5.208~1-b0fc0]:main():sgmm2-latgen-faster.cc:209) Log-like per frame for utterance MTKD0_SX107 is -9.37052 over 308 frames.
LOG (sgmm2-latgen-faster[5.5.208~1-b0fc0]:main():sgmm2-latgen-faster.cc:252) Time taken [excluding initialization] 16.6609s: real-time factor assuming 100 frames/sec is 1.14824
LOG (sgmm2-latgen-faster[5.5.208~1-b0fc0]:main():sgmm2-latgen-faster.cc:255) Done 4 utterances, failed for 0
LOG (sgmm2-latgen-faster[5.5.208~1-b0fc0]:main():sgmm2-latgen-faster.cc:257) Overall log-likelihood per frame = -8.70014 over 1451 frames.
WARNING (sgmm2-latgen-faster[5.5.208~1-b0fc0]:Close():kaldi-io.cc:515) Pipe gunzip -c exp/sgmm2_4_ali/gselect.28.gz| had nonzero return status 36096
# Accounting: time=17 threads=1
# Ended (code 0) at Wed Feb 27 15:51:54 +07 2019, elapsed time 17 seconds
