# sgmm2-latgen-faster --spk-vecs=ark:exp/sgmm2_4_ali/vecs.28 --utt2spk=ark:data/train/split30/28/utt2spk "--gselect=ark,s,cs:gunzip -c exp/sgmm2_4_ali/gselect.28.gz|" --beam=18.0 --lattice-beam=10.0 --acoustic-scale=0.2 --max-mem=20000000 --max-active=5000 --word-symbol-table=data/lang/words.txt exp/sgmm2_4_ali/final.mdl exp/sgmm2_4_denlats/dengraph/HCLG.fst "ark,s,cs:apply-cmvn --utt2spk=ark:data/train/split30/28/split30utt/29/utt2spk scp:data/train/split30/28/split30utt/29/cmvn.scp scp:data/train/split30/28/split30utt/29/feats.scp ark:- | splice-feats --left-context=3 --right-context=3 ark:- ark:- | transform-feats exp/sgmm2_4_ali/final.mat ark:- ark:- | transform-feats --utt2spk=ark:data/train/split30/28/split30utt/29/utt2spk ark:exp/tri3_ali/trans.28 ark:- ark:- |" "ark:|gzip -c >exp/sgmm2_4_denlats/lat.28.29.gz" 
# Started at Wed Feb 27 15:51:40 +07 2019
#
sgmm2-latgen-faster --spk-vecs=ark:exp/sgmm2_4_ali/vecs.28 --utt2spk=ark:data/train/split30/28/utt2spk '--gselect=ark,s,cs:gunzip -c exp/sgmm2_4_ali/gselect.28.gz|' --beam=18.0 --lattice-beam=10.0 --acoustic-scale=0.2 --max-mem=20000000 --max-active=5000 --word-symbol-table=data/lang/words.txt exp/sgmm2_4_ali/final.mdl exp/sgmm2_4_denlats/dengraph/HCLG.fst 'ark,s,cs:apply-cmvn --utt2spk=ark:data/train/split30/28/split30utt/29/utt2spk scp:data/train/split30/28/split30utt/29/cmvn.scp scp:data/train/split30/28/split30utt/29/feats.scp ark:- | splice-feats --left-context=3 --right-context=3 ark:- ark:- | transform-feats exp/sgmm2_4_ali/final.mat ark:- ark:- | transform-feats --utt2spk=ark:data/train/split30/28/split30utt/29/utt2spk ark:exp/tri3_ali/trans.28 ark:- ark:- |' 'ark:|gzip -c >exp/sgmm2_4_denlats/lat.28.29.gz' 
apply-cmvn --utt2spk=ark:data/train/split30/28/split30utt/29/utt2spk scp:data/train/split30/28/split30utt/29/cmvn.scp scp:data/train/split30/28/split30utt/29/feats.scp ark:- 
transform-feats --utt2spk=ark:data/train/split30/28/split30utt/29/utt2spk ark:exp/tri3_ali/trans.28 ark:- ark:- 
transform-feats exp/sgmm2_4_ali/final.mat ark:- ark:- 
splice-feats --left-context=3 --right-context=3 ark:- ark:- 
LOG (apply-cmvn[5.5.208~1-b0fc0]:main():apply-cmvn.cc:162) Applied cepstral mean normalization to 4 utterances, errors on 0
MTKP0_SI1023 sil s ah cl ch ix n ae n ax m ao l w ax s eh vcl d ix vcl b iy m iy l iy n ow z vcl d sil 
LOG (sgmm2-latgen-faster[5.5.208~1-b0fc0]:DecodeUtteranceLatticeFaster():decoder-wrappers.cc:289) Log-like per frame for utterance MTKP0_SI1023 is -8.48682 over 296 frames.
LOG (sgmm2-latgen-faster[5.5.208~1-b0fc0]:main():sgmm2-latgen-faster.cc:209) Log-like per frame for utterance MTKP0_SI1023 is -8.48682 over 296 frames.
LOG (transform-feats[5.5.208~1-b0fc0]:main():transform-feats.cc:158) Overall average [pseudo-]logdet is -88.6037 over 1548 frames.
LOG (transform-feats[5.5.208~1-b0fc0]:main():transform-feats.cc:161) Applied transform to 4 utterances; 0 had errors.
MTKP0_SI2283 sil eh n uw z ay dx ix m z ax m ae n ax z l eh s aa f ix n sh aa dx ix n ax vcl b aa dx iy er hh eh vcl d sil dh ix n ih n ax s ah vcl b er vcl b z sil 
LOG (sgmm2-latgen-faster[5.5.208~1-b0fc0]:DecodeUtteranceLatticeFaster():decoder-wrappers.cc:289) Log-like per frame for utterance MTKP0_SI2283 is -8.55532 over 523 frames.
LOG (sgmm2-latgen-faster[5.5.208~1-b0fc0]:main():sgmm2-latgen-faster.cc:209) Log-like per frame for utterance MTKP0_SI2283 is -8.55532 over 523 frames.
LOG (transform-feats[5.5.208~1-b0fc0]:main():transform-feats.cc:158) Overall average logdet is 4.97614 over 1548 frames.
LOG (transform-feats[5.5.208~1-b0fc0]:main():transform-feats.cc:161) Applied transform to 4 utterances; 0 had errors.
MTKP0_SI454 sil ix f y uw vcl d ih s sh r oy cl k aa f ax n ax n s ix n vcl b ae ng cl k s sil y dx uw s ah m th ix ng cl t ix dh iy cl k aa n ix m iy hh iy s eh vcl sil 
LOG (sgmm2-latgen-faster[5.5.208~1-b0fc0]:DecodeUtteranceLatticeFaster():decoder-wrappers.cc:289) Log-like per frame for utterance MTKP0_SI454 is -9.58921 over 437 frames.
LOG (sgmm2-latgen-faster[5.5.208~1-b0fc0]:main():sgmm2-latgen-faster.cc:209) Log-like per frame for utterance MTKP0_SI454 is -9.58921 over 437 frames.
MTKP0_SX123 sil ax s cl k r uw vcl d r ay v er z m ey vcl f er m v aa vcl k ih n ao r n vcl jh vcl jh uw s sil 
LOG (sgmm2-latgen-faster[5.5.208~1-b0fc0]:DecodeUtteranceLatticeFaster():decoder-wrappers.cc:289) Log-like per frame for utterance MTKP0_SX123 is -8.88464 over 292 frames.
LOG (sgmm2-latgen-faster[5.5.208~1-b0fc0]:main():sgmm2-latgen-faster.cc:209) Log-like per frame for utterance MTKP0_SX123 is -8.88464 over 292 frames.
LOG (sgmm2-latgen-faster[5.5.208~1-b0fc0]:main():sgmm2-latgen-faster.cc:252) Time taken [excluding initialization] 17.1418s: real-time factor assuming 100 frames/sec is 1.10735
LOG (sgmm2-latgen-faster[5.5.208~1-b0fc0]:main():sgmm2-latgen-faster.cc:255) Done 4 utterances, failed for 0
LOG (sgmm2-latgen-faster[5.5.208~1-b0fc0]:main():sgmm2-latgen-faster.cc:257) Overall log-likelihood per frame = -8.89621 over 1548 frames.
# Accounting: time=18 threads=1
# Ended (code 0) at Wed Feb 27 15:51:58 +07 2019, elapsed time 18 seconds
