# sgmm2-latgen-faster --spk-vecs=ark:exp/sgmm2_4_ali/vecs.28 --utt2spk=ark:data/train/split30/28/utt2spk "--gselect=ark,s,cs:gunzip -c exp/sgmm2_4_ali/gselect.28.gz|" --beam=18.0 --lattice-beam=10.0 --acoustic-scale=0.2 --max-mem=20000000 --max-active=5000 --word-symbol-table=data/lang/words.txt exp/sgmm2_4_ali/final.mdl exp/sgmm2_4_denlats/dengraph/HCLG.fst "ark,s,cs:apply-cmvn --utt2spk=ark:data/train/split30/28/split30utt/5/utt2spk scp:data/train/split30/28/split30utt/5/cmvn.scp scp:data/train/split30/28/split30utt/5/feats.scp ark:- | splice-feats --left-context=3 --right-context=3 ark:- ark:- | transform-feats exp/sgmm2_4_ali/final.mat ark:- ark:- | transform-feats --utt2spk=ark:data/train/split30/28/split30utt/5/utt2spk ark:exp/tri3_ali/trans.28 ark:- ark:- |" "ark:|gzip -c >exp/sgmm2_4_denlats/lat.28.5.gz" 
# Started at Wed Feb 27 15:50:13 +07 2019
#
sgmm2-latgen-faster --spk-vecs=ark:exp/sgmm2_4_ali/vecs.28 --utt2spk=ark:data/train/split30/28/utt2spk '--gselect=ark,s,cs:gunzip -c exp/sgmm2_4_ali/gselect.28.gz|' --beam=18.0 --lattice-beam=10.0 --acoustic-scale=0.2 --max-mem=20000000 --max-active=5000 --word-symbol-table=data/lang/words.txt exp/sgmm2_4_ali/final.mdl exp/sgmm2_4_denlats/dengraph/HCLG.fst 'ark,s,cs:apply-cmvn --utt2spk=ark:data/train/split30/28/split30utt/5/utt2spk scp:data/train/split30/28/split30utt/5/cmvn.scp scp:data/train/split30/28/split30utt/5/feats.scp ark:- | splice-feats --left-context=3 --right-context=3 ark:- ark:- | transform-feats exp/sgmm2_4_ali/final.mat ark:- ark:- | transform-feats --utt2spk=ark:data/train/split30/28/split30utt/5/utt2spk ark:exp/tri3_ali/trans.28 ark:- ark:- |' 'ark:|gzip -c >exp/sgmm2_4_denlats/lat.28.5.gz' 
splice-feats --left-context=3 --right-context=3 ark:- ark:- 
transform-feats --utt2spk=ark:data/train/split30/28/split30utt/5/utt2spk ark:exp/tri3_ali/trans.28 ark:- ark:- 
apply-cmvn --utt2spk=ark:data/train/split30/28/split30utt/5/utt2spk scp:data/train/split30/28/split30utt/5/cmvn.scp scp:data/train/split30/28/split30utt/5/feats.scp ark:- 
transform-feats exp/sgmm2_4_ali/final.mat ark:- ark:- 
LOG (apply-cmvn[5.5.208~1-b0fc0]:main():apply-cmvn.cc:162) Applied cepstral mean normalization to 5 utterances, errors on 0
MTAS0_SX215 sil dh ax s er m ix n eh m f ax s ay z ix n iy vcl d f er f er m er n ix v ae cl sh en sil 
LOG (sgmm2-latgen-faster[5.5.208~1-b0fc0]:DecodeUtteranceLatticeFaster():decoder-wrappers.cc:289) Log-like per frame for utterance MTAS0_SX215 is -8.46278 over 272 frames.
LOG (sgmm2-latgen-faster[5.5.208~1-b0fc0]:main():sgmm2-latgen-faster.cc:209) Log-like per frame for utterance MTAS0_SX215 is -8.46278 over 272 frames.
MTAS0_SX305 sil k aa dx ix jh cl ch iy z w ix cl ch ay z ix z vcl d ax l ih sh ix s sil 
LOG (sgmm2-latgen-faster[5.5.208~1-b0fc0]:DecodeUtteranceLatticeFaster():decoder-wrappers.cc:289) Log-like per frame for utterance MTAS0_SX305 is -8.91595 over 219 frames.
LOG (sgmm2-latgen-faster[5.5.208~1-b0fc0]:main():sgmm2-latgen-faster.cc:209) Log-like per frame for utterance MTAS0_SX305 is -8.91595 over 219 frames.
LOG (transform-feats[5.5.208~1-b0fc0]:main():transform-feats.cc:158) Overall average [pseudo-]logdet is -88.6037 over 1407 frames.
LOG (transform-feats[5.5.208~1-b0fc0]:main():transform-feats.cc:161) Applied transform to 5 utterances; 0 had errors.
MTAS0_SX35 sil hh eh l cl s eh l ax vcl b r ey y er vcl b r ah dh er s ax cl k s eh s sil 
LOG (sgmm2-latgen-faster[5.5.208~1-b0fc0]:DecodeUtteranceLatticeFaster():decoder-wrappers.cc:289) Log-like per frame for utterance MTAS0_SX35 is -9.30776 over 193 frames.
LOG (sgmm2-latgen-faster[5.5.208~1-b0fc0]:main():sgmm2-latgen-faster.cc:209) Log-like per frame for utterance MTAS0_SX35 is -9.30776 over 193 frames.
MTAS0_SX395 sil ax cl t uh cl k hh er w er vcl d f ao er b ax dx ix sh iy r ih l iy vcl g ow n w ix f uw sil 
LOG (sgmm2-latgen-faster[5.5.208~1-b0fc0]:DecodeUtteranceLatticeFaster():decoder-wrappers.cc:289) Log-like per frame for utterance MTAS0_SX395 is -8.71227 over 268 frames.
LOG (sgmm2-latgen-faster[5.5.208~1-b0fc0]:main():sgmm2-latgen-faster.cc:209) Log-like per frame for utterance MTAS0_SX395 is -8.71227 over 268 frames.
LOG (transform-feats[5.5.208~1-b0fc0]:main():transform-feats.cc:158) Overall average logdet is 2.83108 over 1407 frames.
LOG (transform-feats[5.5.208~1-b0fc0]:main():transform-feats.cc:161) Applied transform to 5 utterances; 0 had errors.
MTAT0_SI1110 sil dh ix s iy z ix n vcl b ix cl t w iy n s cl p r ih ng ix n s ah m er sil b ax l ao ng s cl t ax l ay f ih n ix cl s cl k eh r f r iy ae s cl p eh cl t sil 
LOG (sgmm2-latgen-faster[5.5.208~1-b0fc0]:DecodeUtteranceLatticeFaster():decoder-wrappers.cc:289) Log-like per frame for utterance MTAT0_SI1110 is -8.8534 over 455 frames.
LOG (sgmm2-latgen-faster[5.5.208~1-b0fc0]:main():sgmm2-latgen-faster.cc:209) Log-like per frame for utterance MTAT0_SI1110 is -8.8534 over 455 frames.
LOG (sgmm2-latgen-faster[5.5.208~1-b0fc0]:main():sgmm2-latgen-faster.cc:252) Time taken [excluding initialization] 15.3281s: real-time factor assuming 100 frames/sec is 1.08942
LOG (sgmm2-latgen-faster[5.5.208~1-b0fc0]:main():sgmm2-latgen-faster.cc:255) Done 5 utterances, failed for 0
LOG (sgmm2-latgen-faster[5.5.208~1-b0fc0]:main():sgmm2-latgen-faster.cc:257) Overall log-likelihood per frame = -8.82306 over 1407 frames.
WARNING (sgmm2-latgen-faster[5.5.208~1-b0fc0]:Close():kaldi-io.cc:515) Pipe gunzip -c exp/sgmm2_4_ali/gselect.28.gz| had nonzero return status 36096
# Accounting: time=17 threads=1
# Ended (code 0) at Wed Feb 27 15:50:30 +07 2019, elapsed time 17 seconds
