# sgmm2-latgen-faster --spk-vecs=ark:exp/sgmm2_4_ali/vecs.28 --utt2spk=ark:data/train/split30/28/utt2spk "--gselect=ark,s,cs:gunzip -c exp/sgmm2_4_ali/gselect.28.gz|" --beam=18.0 --lattice-beam=10.0 --acoustic-scale=0.2 --max-mem=20000000 --max-active=5000 --word-symbol-table=data/lang/words.txt exp/sgmm2_4_ali/final.mdl exp/sgmm2_4_denlats/dengraph/HCLG.fst "ark,s,cs:apply-cmvn --utt2spk=ark:data/train/split30/28/split30utt/12/utt2spk scp:data/train/split30/28/split30utt/12/cmvn.scp scp:data/train/split30/28/split30utt/12/feats.scp ark:- | splice-feats --left-context=3 --right-context=3 ark:- ark:- | transform-feats exp/sgmm2_4_ali/final.mat ark:- ark:- | transform-feats --utt2spk=ark:data/train/split30/28/split30utt/12/utt2spk ark:exp/tri3_ali/trans.28 ark:- ark:- |" "ark:|gzip -c >exp/sgmm2_4_denlats/lat.28.12.gz" 
# Started at Wed Feb 27 15:50:38 +07 2019
#
sgmm2-latgen-faster --spk-vecs=ark:exp/sgmm2_4_ali/vecs.28 --utt2spk=ark:data/train/split30/28/utt2spk '--gselect=ark,s,cs:gunzip -c exp/sgmm2_4_ali/gselect.28.gz|' --beam=18.0 --lattice-beam=10.0 --acoustic-scale=0.2 --max-mem=20000000 --max-active=5000 --word-symbol-table=data/lang/words.txt exp/sgmm2_4_ali/final.mdl exp/sgmm2_4_denlats/dengraph/HCLG.fst 'ark,s,cs:apply-cmvn --utt2spk=ark:data/train/split30/28/split30utt/12/utt2spk scp:data/train/split30/28/split30utt/12/cmvn.scp scp:data/train/split30/28/split30utt/12/feats.scp ark:- | splice-feats --left-context=3 --right-context=3 ark:- ark:- | transform-feats exp/sgmm2_4_ali/final.mat ark:- ark:- | transform-feats --utt2spk=ark:data/train/split30/28/split30utt/12/utt2spk ark:exp/tri3_ali/trans.28 ark:- ark:- |' 'ark:|gzip -c >exp/sgmm2_4_denlats/lat.28.12.gz' 
transform-feats --utt2spk=ark:data/train/split30/28/split30utt/12/utt2spk ark:exp/tri3_ali/trans.28 ark:- ark:- 
apply-cmvn --utt2spk=ark:data/train/split30/28/split30utt/12/utt2spk scp:data/train/split30/28/split30utt/12/cmvn.scp scp:data/train/split30/28/split30utt/12/feats.scp ark:- 
LOG (apply-cmvn[5.5.208~1-b0fc0]:main():apply-cmvn.cc:162) Applied cepstral mean normalization to 4 utterances, errors on 0
transform-feats exp/sgmm2_4_ali/final.mat ark:- ark:- 
splice-feats --left-context=3 --right-context=3 ark:- ark:- 
LOG (transform-feats[5.5.208~1-b0fc0]:main():transform-feats.cc:158) Overall average [pseudo-]logdet is -88.6037 over 1253 frames.
LOG (transform-feats[5.5.208~1-b0fc0]:main():transform-feats.cc:161) Applied transform to 4 utterances; 0 had errors.
MTCS0_SX262 sil t ae n d iy ey vcl jh ih n s iy ow v er th r ow ey l iy ix n f ao r s ax s sil 
LOG (sgmm2-latgen-faster[5.5.208~1-b0fc0]:DecodeUtteranceLatticeFaster():decoder-wrappers.cc:289) Log-like per frame for utterance MTCS0_SX262 is -8.8337 over 237 frames.
LOG (sgmm2-latgen-faster[5.5.208~1-b0fc0]:main():sgmm2-latgen-faster.cc:209) Log-like per frame for utterance MTCS0_SX262 is -8.8337 over 237 frames.
MTCS0_SX352 sil ax cl k ao r dx ix n ax m ay n cl t er cl p er cl t ey sh en ax vcl ax cl p r aa vcl b m cl sil t uw l ay n z epi m ah s cl p iy cl p er cl p ix n vcl d ih cl k ix l er sil 
LOG (sgmm2-latgen-faster[5.5.208~1-b0fc0]:DecodeUtteranceLatticeFaster():decoder-wrappers.cc:289) Log-like per frame for utterance MTCS0_SX352 is -9.42274 over 394 frames.
LOG (sgmm2-latgen-faster[5.5.208~1-b0fc0]:main():sgmm2-latgen-faster.cc:209) Log-like per frame for utterance MTCS0_SX352 is -9.42274 over 394 frames.
LOG (transform-feats[5.5.208~1-b0fc0]:main():transform-feats.cc:158) Overall average logdet is 3.03866 over 1253 frames.
LOG (transform-feats[5.5.208~1-b0fc0]:main():transform-feats.cc:161) Applied transform to 4 utterances; 0 had errors.
MTCS0_SX442 sil s ax vcl b er vcl er n hh aw s epi w ay v z ao f cl t ix n s ah f er f r m dh ix vcl g ae vcl b hh ae vcl b ix cl t sil 
LOG (sgmm2-latgen-faster[5.5.208~1-b0fc0]:DecodeUtteranceLatticeFaster():decoder-wrappers.cc:289) Log-like per frame for utterance MTCS0_SX442 is -8.67882 over 353 frames.
LOG (sgmm2-latgen-faster[5.5.208~1-b0fc0]:main():sgmm2-latgen-faster.cc:209) Log-like per frame for utterance MTCS0_SX442 is -8.67882 over 353 frames.
MTCS0_SX82 sil g uh vcl s er v ih sh ih vcl b iy r ix w ao r dx ih vcl b ay vcl b ih vcl t ih cl p s sil 
LOG (sgmm2-latgen-faster[5.5.208~1-b0fc0]:DecodeUtteranceLatticeFaster():decoder-wrappers.cc:289) Log-like per frame for utterance MTCS0_SX82 is -8.34458 over 269 frames.
LOG (sgmm2-latgen-faster[5.5.208~1-b0fc0]:main():sgmm2-latgen-faster.cc:209) Log-like per frame for utterance MTCS0_SX82 is -8.34458 over 269 frames.
LOG (sgmm2-latgen-faster[5.5.208~1-b0fc0]:main():sgmm2-latgen-faster.cc:252) Time taken [excluding initialization] 14.4576s: real-time factor assuming 100 frames/sec is 1.15384
LOG (sgmm2-latgen-faster[5.5.208~1-b0fc0]:main():sgmm2-latgen-faster.cc:255) Done 4 utterances, failed for 0
LOG (sgmm2-latgen-faster[5.5.208~1-b0fc0]:main():sgmm2-latgen-faster.cc:257) Overall log-likelihood per frame = -8.87028 over 1253 frames.
WARNING (sgmm2-latgen-faster[5.5.208~1-b0fc0]:Close():kaldi-io.cc:515) Pipe gunzip -c exp/sgmm2_4_ali/gselect.28.gz| had nonzero return status 36096
# Accounting: time=15 threads=1
# Ended (code 0) at Wed Feb 27 15:50:53 +07 2019, elapsed time 15 seconds
