# sgmm2-acc-stats --utt2spk=ark:data/train/split30/1/utt2spk --update-flags=vwSct "--gselect=ark,s,cs:gunzip -c exp/sgmm2_4/gselect.1.gz|" --rand-prune=0.1 exp/sgmm2_4/2.mdl "ark,s,cs:apply-cmvn  --utt2spk=ark:data/train/split30/1/utt2spk scp:data/train/split30/1/cmvn.scp scp:data/train/split30/1/feats.scp ark:- | splice-feats --left-context=3 --right-context=3 ark:- ark:- | transform-feats exp/tri3_ali/final.mat ark:- ark:- | transform-feats --utt2spk=ark:data/train/split30/1/utt2spk ark,s,cs:exp/tri3_ali/trans.1 ark:- ark:- |" "ark,s,cs:gunzip -c exp/sgmm2_4/ali.1.gz | ali-to-post ark:- ark:-|" exp/sgmm2_4/2.1.acc 
# Started at Wed Feb 27 14:44:25 +07 2019
#
sgmm2-acc-stats --utt2spk=ark:data/train/split30/1/utt2spk --update-flags=vwSct '--gselect=ark,s,cs:gunzip -c exp/sgmm2_4/gselect.1.gz|' --rand-prune=0.1 exp/sgmm2_4/2.mdl 'ark,s,cs:apply-cmvn  --utt2spk=ark:data/train/split30/1/utt2spk scp:data/train/split30/1/cmvn.scp scp:data/train/split30/1/feats.scp ark:- | splice-feats --left-context=3 --right-context=3 ark:- ark:- | transform-feats exp/tri3_ali/final.mat ark:- ark:- | transform-feats --utt2spk=ark:data/train/split30/1/utt2spk ark,s,cs:exp/tri3_ali/trans.1 ark:- ark:- |' 'ark,s,cs:gunzip -c exp/sgmm2_4/ali.1.gz | ali-to-post ark:- ark:-|' exp/sgmm2_4/2.1.acc 
transform-feats --utt2spk=ark:data/train/split30/1/utt2spk ark,s,cs:exp/tri3_ali/trans.1 ark:- ark:- 
apply-cmvn --utt2spk=ark:data/train/split30/1/utt2spk scp:data/train/split30/1/cmvn.scp scp:data/train/split30/1/feats.scp ark:- 
transform-feats exp/tri3_ali/final.mat ark:- ark:- 
splice-feats --left-context=3 --right-context=3 ark:- ark:- 
ali-to-post ark:- ark:- 
LOG (sgmm2-acc-stats[5.5.208~1-b0fc0]:main():sgmm2-acc-stats.cc:194) Processed 50 utterances; for utterance FBCG1_SI2242 avg. like is -45.3694 over 206 frames.
LOG (sgmm2-acc-stats[5.5.208~1-b0fc0]:main():sgmm2-acc-stats.cc:194) Processed 100 utterances; for utterance FCAG0_SX153 avg. like is -46.9059 over 322 frames.
LOG (ali-to-post[5.5.208~1-b0fc0]:main():ali-to-post.cc:73) Converted 128 alignments.
LOG (apply-cmvn[5.5.208~1-b0fc0]:main():apply-cmvn.cc:162) Applied cepstral mean normalization to 128 utterances, errors on 0
LOG (transform-feats[5.5.208~1-b0fc0]:main():transform-feats.cc:158) Overall average [pseudo-]logdet is -88.6037 over 39971 frames.
LOG (transform-feats[5.5.208~1-b0fc0]:main():transform-feats.cc:161) Applied transform to 128 utterances; 0 had errors.
LOG (transform-feats[5.5.208~1-b0fc0]:main():transform-feats.cc:158) Overall average logdet is 2.27944 over 39971 frames.
LOG (transform-feats[5.5.208~1-b0fc0]:main():transform-feats.cc:161) Applied transform to 128 utterances; 0 had errors.
LOG (sgmm2-acc-stats[5.5.208~1-b0fc0]:main():sgmm2-acc-stats.cc:203) Overall like per frame (Gaussian only) = -46.2575 over 39971 frames.
LOG (sgmm2-acc-stats[5.5.208~1-b0fc0]:main():sgmm2-acc-stats.cc:206) Done 128 files, 0 with errors.
LOG (sgmm2-acc-stats[5.5.208~1-b0fc0]:main():sgmm2-acc-stats.cc:215) Written accs.
# Accounting: time=5 threads=1
# Ended (code 0) at Wed Feb 27 14:44:30 +07 2019, elapsed time 5 seconds
