# sgmm2-acc-stats --spk-vecs=ark:exp/sgmm2_4/vecs.22 --utt2spk=ark:data/train/split30/22/utt2spk --update-flags=vNwSctu "--gselect=ark,s,cs:gunzip -c exp/sgmm2_4/gselect.22.gz|" --rand-prune=0.1 exp/sgmm2_4/17.mdl "ark,s,cs:apply-cmvn  --utt2spk=ark:data/train/split30/22/utt2spk scp:data/train/split30/22/cmvn.scp scp:data/train/split30/22/feats.scp ark:- | splice-feats --left-context=3 --right-context=3 ark:- ark:- | transform-feats exp/tri3_ali/final.mat ark:- ark:- | transform-feats --utt2spk=ark:data/train/split30/22/utt2spk ark,s,cs:exp/tri3_ali/trans.22 ark:- ark:- |" "ark,s,cs:gunzip -c exp/sgmm2_4/ali.22.gz | ali-to-post ark:- ark:-|" exp/sgmm2_4/17.22.acc 
# Started at Wed Feb 27 15:04:17 +07 2019
#
sgmm2-acc-stats --spk-vecs=ark:exp/sgmm2_4/vecs.22 --utt2spk=ark:data/train/split30/22/utt2spk --update-flags=vNwSctu '--gselect=ark,s,cs:gunzip -c exp/sgmm2_4/gselect.22.gz|' --rand-prune=0.1 exp/sgmm2_4/17.mdl 'ark,s,cs:apply-cmvn  --utt2spk=ark:data/train/split30/22/utt2spk scp:data/train/split30/22/cmvn.scp scp:data/train/split30/22/feats.scp ark:- | splice-feats --left-context=3 --right-context=3 ark:- ark:- | transform-feats exp/tri3_ali/final.mat ark:- ark:- | transform-feats --utt2spk=ark:data/train/split30/22/utt2spk ark,s,cs:exp/tri3_ali/trans.22 ark:- ark:- |' 'ark,s,cs:gunzip -c exp/sgmm2_4/ali.22.gz | ali-to-post ark:- ark:-|' exp/sgmm2_4/17.22.acc 
transform-feats exp/tri3_ali/final.mat ark:- ark:- 
transform-feats --utt2spk=ark:data/train/split30/22/utt2spk ark,s,cs:exp/tri3_ali/trans.22 ark:- ark:- 
apply-cmvn --utt2spk=ark:data/train/split30/22/utt2spk scp:data/train/split30/22/cmvn.scp scp:data/train/split30/22/feats.scp ark:- 
splice-feats --left-context=3 --right-context=3 ark:- ark:- 
ali-to-post ark:- ark:- 
LOG (sgmm2-acc-stats[5.5.208~1-b0fc0]:main():sgmm2-acc-stats.cc:194) Processed 50 utterances; for utterance MMRP0_SI717 avg. like is -40.0758 over 247 frames.
LOG (sgmm2-acc-stats[5.5.208~1-b0fc0]:main():sgmm2-acc-stats.cc:194) Processed 100 utterances; for utterance MMXS0_SX156 avg. like is -43.6361 over 280 frames.
LOG (ali-to-post[5.5.208~1-b0fc0]:main():ali-to-post.cc:73) Converted 120 alignments.
LOG (apply-cmvn[5.5.208~1-b0fc0]:main():apply-cmvn.cc:162) Applied cepstral mean normalization to 120 utterances, errors on 0
LOG (transform-feats[5.5.208~1-b0fc0]:main():transform-feats.cc:158) Overall average [pseudo-]logdet is -88.6037 over 35861 frames.
LOG (transform-feats[5.5.208~1-b0fc0]:main():transform-feats.cc:161) Applied transform to 120 utterances; 0 had errors.
LOG (transform-feats[5.5.208~1-b0fc0]:main():transform-feats.cc:158) Overall average logdet is 2.82208 over 35861 frames.
LOG (transform-feats[5.5.208~1-b0fc0]:main():transform-feats.cc:161) Applied transform to 120 utterances; 0 had errors.
LOG (sgmm2-acc-stats[5.5.208~1-b0fc0]:main():sgmm2-acc-stats.cc:203) Overall like per frame (Gaussian only) = -42.1307 over 35861 frames.
LOG (sgmm2-acc-stats[5.5.208~1-b0fc0]:main():sgmm2-acc-stats.cc:206) Done 120 files, 0 with errors.
LOG (sgmm2-acc-stats[5.5.208~1-b0fc0]:main():sgmm2-acc-stats.cc:215) Written accs.
# Accounting: time=5 threads=1
# Ended (code 0) at Wed Feb 27 15:04:22 +07 2019, elapsed time 5 seconds
