# ali-to-post "ark:gunzip -c exp/sgmm2_4/ali.16.gz|" ark:- | sgmm2-post-to-gpost --spk-vecs=ark:exp/sgmm2_4/vecs.16 "--gselect=ark,s,cs:gunzip -c exp/sgmm2_4/gselect.16.gz|" --utt2spk=ark:data/train/split30/16/utt2spk exp/sgmm2_4/25.mdl "ark,s,cs:apply-cmvn  --utt2spk=ark:data/train/split30/16/utt2spk scp:data/train/split30/16/cmvn.scp scp:data/train/split30/16/feats.scp ark:- | splice-feats --left-context=3 --right-context=3 ark:- ark:- | transform-feats exp/tri3_ali/final.mat ark:- ark:- | transform-feats --utt2spk=ark:data/train/split30/16/utt2spk ark,s,cs:exp/tri3_ali/trans.16 ark:- ark:- |" ark,s,cs:- ark:- | sgmm2-acc-stats-gpost --rand-prune=0.1 --update-flags=vMwcS exp/sgmm2_4/27.alimdl "ark,s,cs:apply-cmvn  --utt2spk=ark:data/train/split30/16/utt2spk scp:data/train/split30/16/cmvn.scp scp:data/train/split30/16/feats.scp ark:- | splice-feats --left-context=3 --right-context=3 ark:- ark:- | transform-feats exp/tri3_ali/final.mat ark:- ark:- | transform-feats --utt2spk=ark:data/train/split30/16/utt2spk ark,s,cs:exp/tri3_ali/trans.16 ark:- ark:- |" ark,s,cs:- exp/sgmm2_4/27.16.aliacc 
# Started at Wed Feb 27 15:13:37 +07 2019
#
ali-to-post 'ark:gunzip -c exp/sgmm2_4/ali.16.gz|' ark:- 
sgmm2-post-to-gpost --spk-vecs=ark:exp/sgmm2_4/vecs.16 '--gselect=ark,s,cs:gunzip -c exp/sgmm2_4/gselect.16.gz|' --utt2spk=ark:data/train/split30/16/utt2spk exp/sgmm2_4/25.mdl 'ark,s,cs:apply-cmvn  --utt2spk=ark:data/train/split30/16/utt2spk scp:data/train/split30/16/cmvn.scp scp:data/train/split30/16/feats.scp ark:- | splice-feats --left-context=3 --right-context=3 ark:- ark:- | transform-feats exp/tri3_ali/final.mat ark:- ark:- | transform-feats --utt2spk=ark:data/train/split30/16/utt2spk ark,s,cs:exp/tri3_ali/trans.16 ark:- ark:- |' ark,s,cs:- ark:- 
sgmm2-acc-stats-gpost --rand-prune=0.1 --update-flags=vMwcS exp/sgmm2_4/27.alimdl 'ark,s,cs:apply-cmvn  --utt2spk=ark:data/train/split30/16/utt2spk scp:data/train/split30/16/cmvn.scp scp:data/train/split30/16/feats.scp ark:- | splice-feats --left-context=3 --right-context=3 ark:- ark:- | transform-feats exp/tri3_ali/final.mat ark:- ark:- | transform-feats --utt2spk=ark:data/train/split30/16/utt2spk ark,s,cs:exp/tri3_ali/trans.16 ark:- ark:- |' ark,s,cs:- exp/sgmm2_4/27.16.aliacc 
transform-feats --utt2spk=ark:data/train/split30/16/utt2spk ark,s,cs:exp/tri3_ali/trans.16 ark:- ark:- 
transform-feats exp/tri3_ali/final.mat ark:- ark:- 
apply-cmvn --utt2spk=ark:data/train/split30/16/utt2spk scp:data/train/split30/16/cmvn.scp scp:data/train/split30/16/feats.scp ark:- 
splice-feats --left-context=3 --right-context=3 ark:- ark:- 
apply-cmvn --utt2spk=ark:data/train/split30/16/utt2spk scp:data/train/split30/16/cmvn.scp scp:data/train/split30/16/feats.scp ark:- 
splice-feats --left-context=3 --right-context=3 ark:- ark:- 
transform-feats --utt2spk=ark:data/train/split30/16/utt2spk ark,s,cs:exp/tri3_ali/trans.16 ark:- ark:- 
transform-feats exp/tri3_ali/final.mat ark:- ark:- 
LOG (sgmm2-post-to-gpost[5.5.208~1-b0fc0]:main():sgmm2-post-to-gpost.cc:168) Avg like per frame so far is -41.1024
LOG (sgmm2-post-to-gpost[5.5.208~1-b0fc0]:main():sgmm2-post-to-gpost.cc:168) Avg like per frame so far is -41.5864
LOG (sgmm2-post-to-gpost[5.5.208~1-b0fc0]:main():sgmm2-post-to-gpost.cc:168) Avg like per frame so far is -41.6423
LOG (sgmm2-post-to-gpost[5.5.208~1-b0fc0]:main():sgmm2-post-to-gpost.cc:168) Avg like per frame so far is -41.2761
LOG (sgmm2-post-to-gpost[5.5.208~1-b0fc0]:main():sgmm2-post-to-gpost.cc:168) Avg like per frame so far is -41.5199
LOG (sgmm2-acc-stats-gpost[5.5.208~1-b0fc0]:main():sgmm2-acc-stats-gpost.cc:160) Processed 50 utterances
LOG (sgmm2-post-to-gpost[5.5.208~1-b0fc0]:main():sgmm2-post-to-gpost.cc:168) Avg like per frame so far is -41.5337
LOG (sgmm2-post-to-gpost[5.5.208~1-b0fc0]:main():sgmm2-post-to-gpost.cc:168) Avg like per frame so far is -41.7613
LOG (sgmm2-post-to-gpost[5.5.208~1-b0fc0]:main():sgmm2-post-to-gpost.cc:168) Avg like per frame so far is -41.8089
LOG (sgmm2-post-to-gpost[5.5.208~1-b0fc0]:main():sgmm2-post-to-gpost.cc:168) Avg like per frame so far is -41.7688
LOG (sgmm2-post-to-gpost[5.5.208~1-b0fc0]:main():sgmm2-post-to-gpost.cc:168) Avg like per frame so far is -41.716
LOG (sgmm2-acc-stats-gpost[5.5.208~1-b0fc0]:main():sgmm2-acc-stats-gpost.cc:160) Processed 100 utterances
LOG (sgmm2-post-to-gpost[5.5.208~1-b0fc0]:main():sgmm2-post-to-gpost.cc:168) Avg like per frame so far is -41.5129
LOG (ali-to-post[5.5.208~1-b0fc0]:main():ali-to-post.cc:73) Converted 128 alignments.
LOG (apply-cmvn[5.5.208~1-b0fc0]:main():apply-cmvn.cc:162) Applied cepstral mean normalization to 128 utterances, errors on 0
LOG (apply-cmvn[5.5.208~1-b0fc0]:main():apply-cmvn.cc:162) Applied cepstral mean normalization to 128 utterances, errors on 0
LOG (sgmm2-post-to-gpost[5.5.208~1-b0fc0]:main():sgmm2-post-to-gpost.cc:168) Avg like per frame so far is -41.7661
LOG (transform-feats[5.5.208~1-b0fc0]:main():transform-feats.cc:158) Overall average [pseudo-]logdet is -88.6037 over 38233 frames.
LOG (transform-feats[5.5.208~1-b0fc0]:main():transform-feats.cc:161) Applied transform to 128 utterances; 0 had errors.
LOG (transform-feats[5.5.208~1-b0fc0]:main():transform-feats.cc:158) Overall average [pseudo-]logdet is -88.6037 over 38233 frames.
LOG (transform-feats[5.5.208~1-b0fc0]:main():transform-feats.cc:161) Applied transform to 128 utterances; 0 had errors.
LOG (transform-feats[5.5.208~1-b0fc0]:main():transform-feats.cc:158) Overall average logdet is 2.82859 over 38233 frames.
LOG (transform-feats[5.5.208~1-b0fc0]:main():transform-feats.cc:161) Applied transform to 128 utterances; 0 had errors.
LOG (transform-feats[5.5.208~1-b0fc0]:main():transform-feats.cc:158) Overall average logdet is 2.82859 over 38233 frames.
LOG (transform-feats[5.5.208~1-b0fc0]:main():transform-feats.cc:161) Applied transform to 128 utterances; 0 had errors.
LOG (sgmm2-post-to-gpost[5.5.208~1-b0fc0]:main():sgmm2-post-to-gpost.cc:173) Overall like per frame (Gaussian only) = -41.8014 over 38233 frames.
LOG (sgmm2-post-to-gpost[5.5.208~1-b0fc0]:main():sgmm2-post-to-gpost.cc:176) Done 128 files, 0 with errors.
LOG (sgmm2-acc-stats-gpost[5.5.208~1-b0fc0]:main():sgmm2-acc-stats-gpost.cc:164) Overall number of frames is 38233
LOG (sgmm2-acc-stats-gpost[5.5.208~1-b0fc0]:main():sgmm2-acc-stats-gpost.cc:165) Done 128 files, 0 with errors.
LOG (sgmm2-acc-stats-gpost[5.5.208~1-b0fc0]:main():sgmm2-acc-stats-gpost.cc:173) Written accs.
# Accounting: time=7 threads=1
# Ended (code 0) at Wed Feb 27 15:13:44 +07 2019, elapsed time 7 seconds
