# sgmm2-gselect exp/sgmm2_4/0.mdl "ark,s,cs:apply-cmvn  --utt2spk=ark:data/train/split30/4/utt2spk scp:data/train/split30/4/cmvn.scp scp:data/train/split30/4/feats.scp ark:- | splice-feats --left-context=3 --right-context=3 ark:- ark:- | transform-feats exp/tri3_ali/final.mat ark:- ark:- | transform-feats --utt2spk=ark:data/train/split30/4/utt2spk ark,s,cs:exp/tri3_ali/trans.4 ark:- ark:- |" "ark,t:|gzip -c >exp/sgmm2_4/gselect.4.gz" 
# Started at Wed Feb 27 14:42:00 +07 2019
#
sgmm2-gselect exp/sgmm2_4/0.mdl 'ark,s,cs:apply-cmvn  --utt2spk=ark:data/train/split30/4/utt2spk scp:data/train/split30/4/cmvn.scp scp:data/train/split30/4/feats.scp ark:- | splice-feats --left-context=3 --right-context=3 ark:- ark:- | transform-feats exp/tri3_ali/final.mat ark:- ark:- | transform-feats --utt2spk=ark:data/train/split30/4/utt2spk ark,s,cs:exp/tri3_ali/trans.4 ark:- ark:- |' 'ark,t:|gzip -c >exp/sgmm2_4/gselect.4.gz' 
transform-feats exp/tri3_ali/final.mat ark:- ark:- 
transform-feats --utt2spk=ark:data/train/split30/4/utt2spk ark,s,cs:exp/tri3_ali/trans.4 ark:- ark:- 
apply-cmvn --utt2spk=ark:data/train/split30/4/utt2spk scp:data/train/split30/4/cmvn.scp scp:data/train/split30/4/feats.scp ark:- 
splice-feats --left-context=3 --right-context=3 ark:- ark:- 
LOG (sgmm2-gselect[5.5.208~1-b0fc0]:main():sgmm2-gselect.cc:86) For 0'th file, average UBM likelihood over 266 frames is -45.5212
LOG (sgmm2-gselect[5.5.208~1-b0fc0]:main():sgmm2-gselect.cc:86) For 10'th file, average UBM likelihood over 350 frames is -51.1476
LOG (sgmm2-gselect[5.5.208~1-b0fc0]:main():sgmm2-gselect.cc:86) For 20'th file, average UBM likelihood over 359 frames is -51.3775
LOG (sgmm2-gselect[5.5.208~1-b0fc0]:main():sgmm2-gselect.cc:86) For 30'th file, average UBM likelihood over 258 frames is -51.2085
LOG (sgmm2-gselect[5.5.208~1-b0fc0]:main():sgmm2-gselect.cc:86) For 40'th file, average UBM likelihood over 431 frames is -51.1978
LOG (sgmm2-gselect[5.5.208~1-b0fc0]:main():sgmm2-gselect.cc:86) For 50'th file, average UBM likelihood over 143 frames is -50.327
LOG (sgmm2-gselect[5.5.208~1-b0fc0]:main():sgmm2-gselect.cc:86) For 60'th file, average UBM likelihood over 403 frames is -53.4871
LOG (sgmm2-gselect[5.5.208~1-b0fc0]:main():sgmm2-gselect.cc:86) For 70'th file, average UBM likelihood over 358 frames is -50.3667
LOG (sgmm2-gselect[5.5.208~1-b0fc0]:main():sgmm2-gselect.cc:86) For 80'th file, average UBM likelihood over 246 frames is -53.8711
LOG (sgmm2-gselect[5.5.208~1-b0fc0]:main():sgmm2-gselect.cc:86) For 90'th file, average UBM likelihood over 369 frames is -49.4594
LOG (sgmm2-gselect[5.5.208~1-b0fc0]:main():sgmm2-gselect.cc:86) For 100'th file, average UBM likelihood over 250 frames is -53.9575
LOG (sgmm2-gselect[5.5.208~1-b0fc0]:main():sgmm2-gselect.cc:86) For 110'th file, average UBM likelihood over 372 frames is -53.7073
LOG (apply-cmvn[5.5.208~1-b0fc0]:main():apply-cmvn.cc:162) Applied cepstral mean normalization to 120 utterances, errors on 0
LOG (transform-feats[5.5.208~1-b0fc0]:main():transform-feats.cc:158) Overall average [pseudo-]logdet is -88.6037 over 37817 frames.
LOG (transform-feats[5.5.208~1-b0fc0]:main():transform-feats.cc:161) Applied transform to 120 utterances; 0 had errors.
LOG (transform-feats[5.5.208~1-b0fc0]:main():transform-feats.cc:158) Overall average logdet is 1.18574 over 37817 frames.
LOG (transform-feats[5.5.208~1-b0fc0]:main():transform-feats.cc:161) Applied transform to 120 utterances; 0 had errors.
LOG (sgmm2-gselect[5.5.208~1-b0fc0]:main():sgmm2-gselect.cc:97) Done 120 files, 0 with errors, average UBM log-likelihood is -50.616 over 37817 frames.
# Accounting: time=6 threads=1
# Ended (code 0) at Wed Feb 27 14:42:06 +07 2019, elapsed time 6 seconds
