# sgmm2-gselect exp/sgmm2_4/0.mdl "ark,s,cs:apply-cmvn  --utt2spk=ark:data/train/split30/23/utt2spk scp:data/train/split30/23/cmvn.scp scp:data/train/split30/23/feats.scp ark:- | splice-feats --left-context=3 --right-context=3 ark:- ark:- | transform-feats exp/tri3_ali/final.mat ark:- ark:- | transform-feats --utt2spk=ark:data/train/split30/23/utt2spk ark,s,cs:exp/tri3_ali/trans.23 ark:- ark:- |" "ark,t:|gzip -c >exp/sgmm2_4/gselect.23.gz" 
# Started at Wed Feb 27 14:42:35 +07 2019
#
sgmm2-gselect exp/sgmm2_4/0.mdl 'ark,s,cs:apply-cmvn  --utt2spk=ark:data/train/split30/23/utt2spk scp:data/train/split30/23/cmvn.scp scp:data/train/split30/23/feats.scp ark:- | splice-feats --left-context=3 --right-context=3 ark:- ark:- | transform-feats exp/tri3_ali/final.mat ark:- ark:- | transform-feats --utt2spk=ark:data/train/split30/23/utt2spk ark,s,cs:exp/tri3_ali/trans.23 ark:- ark:- |' 'ark,t:|gzip -c >exp/sgmm2_4/gselect.23.gz' 
transform-feats --utt2spk=ark:data/train/split30/23/utt2spk ark,s,cs:exp/tri3_ali/trans.23 ark:- ark:- 
apply-cmvn --utt2spk=ark:data/train/split30/23/utt2spk scp:data/train/split30/23/cmvn.scp scp:data/train/split30/23/feats.scp ark:- 
transform-feats exp/tri3_ali/final.mat ark:- ark:- 
splice-feats --left-context=3 --right-context=3 ark:- ark:- 
LOG (sgmm2-gselect[5.5.208~1-b0fc0]:main():sgmm2-gselect.cc:86) For 0'th file, average UBM likelihood over 143 frames is -49.8537
LOG (sgmm2-gselect[5.5.208~1-b0fc0]:main():sgmm2-gselect.cc:86) For 10'th file, average UBM likelihood over 418 frames is -51.4222
LOG (sgmm2-gselect[5.5.208~1-b0fc0]:main():sgmm2-gselect.cc:86) For 20'th file, average UBM likelihood over 324 frames is -49.9186
LOG (sgmm2-gselect[5.5.208~1-b0fc0]:main():sgmm2-gselect.cc:86) For 30'th file, average UBM likelihood over 203 frames is -52.635
LOG (sgmm2-gselect[5.5.208~1-b0fc0]:main():sgmm2-gselect.cc:86) For 40'th file, average UBM likelihood over 171 frames is -51.9451
LOG (sgmm2-gselect[5.5.208~1-b0fc0]:main():sgmm2-gselect.cc:86) For 50'th file, average UBM likelihood over 610 frames is -49.514
LOG (sgmm2-gselect[5.5.208~1-b0fc0]:main():sgmm2-gselect.cc:86) For 60'th file, average UBM likelihood over 294 frames is -47.1647
LOG (sgmm2-gselect[5.5.208~1-b0fc0]:main():sgmm2-gselect.cc:86) For 70'th file, average UBM likelihood over 273 frames is -48.7645
LOG (sgmm2-gselect[5.5.208~1-b0fc0]:main():sgmm2-gselect.cc:86) For 80'th file, average UBM likelihood over 600 frames is -49.2325
LOG (sgmm2-gselect[5.5.208~1-b0fc0]:main():sgmm2-gselect.cc:86) For 90'th file, average UBM likelihood over 278 frames is -48.0004
LOG (sgmm2-gselect[5.5.208~1-b0fc0]:main():sgmm2-gselect.cc:86) For 100'th file, average UBM likelihood over 184 frames is -48.2626
LOG (sgmm2-gselect[5.5.208~1-b0fc0]:main():sgmm2-gselect.cc:86) For 110'th file, average UBM likelihood over 315 frames is -56.2292
LOG (apply-cmvn[5.5.208~1-b0fc0]:main():apply-cmvn.cc:162) Applied cepstral mean normalization to 128 utterances, errors on 0
LOG (sgmm2-gselect[5.5.208~1-b0fc0]:main():sgmm2-gselect.cc:86) For 120'th file, average UBM likelihood over 148 frames is -50.8332
LOG (transform-feats[5.5.208~1-b0fc0]:main():transform-feats.cc:158) Overall average [pseudo-]logdet is -88.6037 over 39951 frames.
LOG (transform-feats[5.5.208~1-b0fc0]:main():transform-feats.cc:161) Applied transform to 128 utterances; 0 had errors.
LOG (transform-feats[5.5.208~1-b0fc0]:main():transform-feats.cc:158) Overall average logdet is 2.73442 over 39951 frames.
LOG (transform-feats[5.5.208~1-b0fc0]:main():transform-feats.cc:161) Applied transform to 128 utterances; 0 had errors.
LOG (sgmm2-gselect[5.5.208~1-b0fc0]:main():sgmm2-gselect.cc:97) Done 128 files, 0 with errors, average UBM log-likelihood is -51.2267 over 39951 frames.
# Accounting: time=8 threads=1
# Ended (code 0) at Wed Feb 27 14:42:43 +07 2019, elapsed time 8 seconds
