# sgmm2-gselect exp/sgmm2_4/0.mdl "ark,s,cs:apply-cmvn  --utt2spk=ark:data/train/split30/6/utt2spk scp:data/train/split30/6/cmvn.scp scp:data/train/split30/6/feats.scp ark:- | splice-feats --left-context=3 --right-context=3 ark:- ark:- | transform-feats exp/tri3_ali/final.mat ark:- ark:- | transform-feats --utt2spk=ark:data/train/split30/6/utt2spk ark,s,cs:exp/tri3_ali/trans.6 ark:- ark:- |" "ark,t:|gzip -c >exp/sgmm2_4/gselect.6.gz" 
# Started at Wed Feb 27 14:42:06 +07 2019
#
sgmm2-gselect exp/sgmm2_4/0.mdl 'ark,s,cs:apply-cmvn  --utt2spk=ark:data/train/split30/6/utt2spk scp:data/train/split30/6/cmvn.scp scp:data/train/split30/6/feats.scp ark:- | splice-feats --left-context=3 --right-context=3 ark:- ark:- | transform-feats exp/tri3_ali/final.mat ark:- ark:- | transform-feats --utt2spk=ark:data/train/split30/6/utt2spk ark,s,cs:exp/tri3_ali/trans.6 ark:- ark:- |' 'ark,t:|gzip -c >exp/sgmm2_4/gselect.6.gz' 
transform-feats exp/tri3_ali/final.mat ark:- ark:- 
splice-feats --left-context=3 --right-context=3 ark:- ark:- 
transform-feats --utt2spk=ark:data/train/split30/6/utt2spk ark,s,cs:exp/tri3_ali/trans.6 ark:- ark:- 
apply-cmvn --utt2spk=ark:data/train/split30/6/utt2spk scp:data/train/split30/6/cmvn.scp scp:data/train/split30/6/feats.scp ark:- 
LOG (sgmm2-gselect[5.5.208~1-b0fc0]:main():sgmm2-gselect.cc:86) For 0'th file, average UBM likelihood over 317 frames is -52.2284
LOG (sgmm2-gselect[5.5.208~1-b0fc0]:main():sgmm2-gselect.cc:86) For 10'th file, average UBM likelihood over 335 frames is -49.5297
LOG (sgmm2-gselect[5.5.208~1-b0fc0]:main():sgmm2-gselect.cc:86) For 20'th file, average UBM likelihood over 239 frames is -46.963
LOG (sgmm2-gselect[5.5.208~1-b0fc0]:main():sgmm2-gselect.cc:86) For 30'th file, average UBM likelihood over 269 frames is -53.5778
LOG (sgmm2-gselect[5.5.208~1-b0fc0]:main():sgmm2-gselect.cc:86) For 40'th file, average UBM likelihood over 209 frames is -54.6923
LOG (sgmm2-gselect[5.5.208~1-b0fc0]:main():sgmm2-gselect.cc:86) For 50'th file, average UBM likelihood over 472 frames is -48.9595
LOG (sgmm2-gselect[5.5.208~1-b0fc0]:main():sgmm2-gselect.cc:86) For 60'th file, average UBM likelihood over 185 frames is -46.6002
LOG (sgmm2-gselect[5.5.208~1-b0fc0]:main():sgmm2-gselect.cc:86) For 70'th file, average UBM likelihood over 512 frames is -51.5838
LOG (sgmm2-gselect[5.5.208~1-b0fc0]:main():sgmm2-gselect.cc:86) For 80'th file, average UBM likelihood over 234 frames is -48.813
LOG (sgmm2-gselect[5.5.208~1-b0fc0]:main():sgmm2-gselect.cc:86) For 90'th file, average UBM likelihood over 326 frames is -50.7939
LOG (sgmm2-gselect[5.5.208~1-b0fc0]:main():sgmm2-gselect.cc:86) For 100'th file, average UBM likelihood over 278 frames is -51.6606
LOG (sgmm2-gselect[5.5.208~1-b0fc0]:main():sgmm2-gselect.cc:86) For 110'th file, average UBM likelihood over 241 frames is -48.6814
LOG (apply-cmvn[5.5.208~1-b0fc0]:main():apply-cmvn.cc:162) Applied cepstral mean normalization to 128 utterances, errors on 0
LOG (sgmm2-gselect[5.5.208~1-b0fc0]:main():sgmm2-gselect.cc:86) For 120'th file, average UBM likelihood over 318 frames is -53.6005
LOG (transform-feats[5.5.208~1-b0fc0]:main():transform-feats.cc:158) Overall average [pseudo-]logdet is -88.6037 over 39835 frames.
LOG (transform-feats[5.5.208~1-b0fc0]:main():transform-feats.cc:161) Applied transform to 128 utterances; 0 had errors.
LOG (transform-feats[5.5.208~1-b0fc0]:main():transform-feats.cc:158) Overall average logdet is 1.16925 over 39835 frames.
LOG (transform-feats[5.5.208~1-b0fc0]:main():transform-feats.cc:161) Applied transform to 128 utterances; 0 had errors.
LOG (sgmm2-gselect[5.5.208~1-b0fc0]:main():sgmm2-gselect.cc:97) Done 128 files, 0 with errors, average UBM log-likelihood is -50.4605 over 39835 frames.
# Accounting: time=8 threads=1
# Ended (code 0) at Wed Feb 27 14:42:14 +07 2019, elapsed time 8 seconds
