# sgmm2-gselect exp/sgmm2_4/0.mdl "ark,s,cs:apply-cmvn  --utt2spk=ark:data/train/split30/17/utt2spk scp:data/train/split30/17/cmvn.scp scp:data/train/split30/17/feats.scp ark:- | splice-feats --left-context=3 --right-context=3 ark:- ark:- | transform-feats exp/tri3_ali/final.mat ark:- ark:- | transform-feats --utt2spk=ark:data/train/split30/17/utt2spk ark,s,cs:exp/tri3_ali/trans.17 ark:- ark:- |" "ark,t:|gzip -c >exp/sgmm2_4/gselect.17.gz" 
# Started at Wed Feb 27 14:42:27 +07 2019
#
sgmm2-gselect exp/sgmm2_4/0.mdl 'ark,s,cs:apply-cmvn  --utt2spk=ark:data/train/split30/17/utt2spk scp:data/train/split30/17/cmvn.scp scp:data/train/split30/17/feats.scp ark:- | splice-feats --left-context=3 --right-context=3 ark:- ark:- | transform-feats exp/tri3_ali/final.mat ark:- ark:- | transform-feats --utt2spk=ark:data/train/split30/17/utt2spk ark,s,cs:exp/tri3_ali/trans.17 ark:- ark:- |' 'ark,t:|gzip -c >exp/sgmm2_4/gselect.17.gz' 
transform-feats --utt2spk=ark:data/train/split30/17/utt2spk ark,s,cs:exp/tri3_ali/trans.17 ark:- ark:- 
transform-feats exp/tri3_ali/final.mat ark:- ark:- 
splice-feats --left-context=3 --right-context=3 ark:- ark:- 
apply-cmvn --utt2spk=ark:data/train/split30/17/utt2spk scp:data/train/split30/17/cmvn.scp scp:data/train/split30/17/feats.scp ark:- 
LOG (sgmm2-gselect[5.5.208~1-b0fc0]:main():sgmm2-gselect.cc:86) For 0'th file, average UBM likelihood over 246 frames is -52.1915
LOG (sgmm2-gselect[5.5.208~1-b0fc0]:main():sgmm2-gselect.cc:86) For 10'th file, average UBM likelihood over 442 frames is -49.9773
LOG (sgmm2-gselect[5.5.208~1-b0fc0]:main():sgmm2-gselect.cc:86) For 20'th file, average UBM likelihood over 285 frames is -46.0247
LOG (sgmm2-gselect[5.5.208~1-b0fc0]:main():sgmm2-gselect.cc:86) For 30'th file, average UBM likelihood over 223 frames is -48.8349
LOG (sgmm2-gselect[5.5.208~1-b0fc0]:main():sgmm2-gselect.cc:86) For 40'th file, average UBM likelihood over 122 frames is -49.4713
LOG (sgmm2-gselect[5.5.208~1-b0fc0]:main():sgmm2-gselect.cc:86) For 50'th file, average UBM likelihood over 584 frames is -53.247
LOG (sgmm2-gselect[5.5.208~1-b0fc0]:main():sgmm2-gselect.cc:86) For 60'th file, average UBM likelihood over 454 frames is -48.1818
LOG (sgmm2-gselect[5.5.208~1-b0fc0]:main():sgmm2-gselect.cc:86) For 70'th file, average UBM likelihood over 266 frames is -52.2211
LOG (sgmm2-gselect[5.5.208~1-b0fc0]:main():sgmm2-gselect.cc:86) For 80'th file, average UBM likelihood over 331 frames is -49.6875
LOG (sgmm2-gselect[5.5.208~1-b0fc0]:main():sgmm2-gselect.cc:86) For 90'th file, average UBM likelihood over 496 frames is -49.6514
LOG (sgmm2-gselect[5.5.208~1-b0fc0]:main():sgmm2-gselect.cc:86) For 100'th file, average UBM likelihood over 364 frames is -46.4156
LOG (apply-cmvn[5.5.208~1-b0fc0]:main():apply-cmvn.cc:162) Applied cepstral mean normalization to 120 utterances, errors on 0
LOG (sgmm2-gselect[5.5.208~1-b0fc0]:main():sgmm2-gselect.cc:86) For 110'th file, average UBM likelihood over 197 frames is -55.888
LOG (transform-feats[5.5.208~1-b0fc0]:main():transform-feats.cc:158) Overall average [pseudo-]logdet is -88.6037 over 36391 frames.
LOG (transform-feats[5.5.208~1-b0fc0]:main():transform-feats.cc:161) Applied transform to 120 utterances; 0 had errors.
LOG (transform-feats[5.5.208~1-b0fc0]:main():transform-feats.cc:158) Overall average logdet is 3.05776 over 36391 frames.
LOG (transform-feats[5.5.208~1-b0fc0]:main():transform-feats.cc:161) Applied transform to 120 utterances; 0 had errors.
LOG (sgmm2-gselect[5.5.208~1-b0fc0]:main():sgmm2-gselect.cc:97) Done 120 files, 0 with errors, average UBM log-likelihood is -50.3645 over 36391 frames.
# Accounting: time=7 threads=1
# Ended (code 0) at Wed Feb 27 14:42:34 +07 2019, elapsed time 7 seconds
