# sgmm2-gselect exp/sgmm2_4/0.mdl "ark,s,cs:apply-cmvn  --utt2spk=ark:data/train/split30/15/utt2spk scp:data/train/split30/15/cmvn.scp scp:data/train/split30/15/feats.scp ark:- | splice-feats --left-context=3 --right-context=3 ark:- ark:- | transform-feats exp/tri3_ali/final.mat ark:- ark:- | transform-feats --utt2spk=ark:data/train/split30/15/utt2spk ark,s,cs:exp/tri3_ali/trans.15 ark:- ark:- |" "ark,t:|gzip -c >exp/sgmm2_4/gselect.15.gz" 
# Started at Wed Feb 27 14:42:22 +07 2019
#
sgmm2-gselect exp/sgmm2_4/0.mdl 'ark,s,cs:apply-cmvn  --utt2spk=ark:data/train/split30/15/utt2spk scp:data/train/split30/15/cmvn.scp scp:data/train/split30/15/feats.scp ark:- | splice-feats --left-context=3 --right-context=3 ark:- ark:- | transform-feats exp/tri3_ali/final.mat ark:- ark:- | transform-feats --utt2spk=ark:data/train/split30/15/utt2spk ark,s,cs:exp/tri3_ali/trans.15 ark:- ark:- |' 'ark,t:|gzip -c >exp/sgmm2_4/gselect.15.gz' 
transform-feats --utt2spk=ark:data/train/split30/15/utt2spk ark,s,cs:exp/tri3_ali/trans.15 ark:- ark:- 
apply-cmvn --utt2spk=ark:data/train/split30/15/utt2spk scp:data/train/split30/15/cmvn.scp scp:data/train/split30/15/feats.scp ark:- 
transform-feats exp/tri3_ali/final.mat ark:- ark:- 
splice-feats --left-context=3 --right-context=3 ark:- ark:- 
LOG (sgmm2-gselect[5.5.208~1-b0fc0]:main():sgmm2-gselect.cc:86) For 0'th file, average UBM likelihood over 612 frames is -53.8111
LOG (sgmm2-gselect[5.5.208~1-b0fc0]:main():sgmm2-gselect.cc:86) For 10'th file, average UBM likelihood over 288 frames is -54.1778
LOG (sgmm2-gselect[5.5.208~1-b0fc0]:main():sgmm2-gselect.cc:86) For 20'th file, average UBM likelihood over 278 frames is -49.3622
LOG (sgmm2-gselect[5.5.208~1-b0fc0]:main():sgmm2-gselect.cc:86) For 30'th file, average UBM likelihood over 397 frames is -52.8071
LOG (sgmm2-gselect[5.5.208~1-b0fc0]:main():sgmm2-gselect.cc:86) For 40'th file, average UBM likelihood over 230 frames is -52.0189
LOG (sgmm2-gselect[5.5.208~1-b0fc0]:main():sgmm2-gselect.cc:86) For 50'th file, average UBM likelihood over 388 frames is -50.9899
LOG (sgmm2-gselect[5.5.208~1-b0fc0]:main():sgmm2-gselect.cc:86) For 60'th file, average UBM likelihood over 374 frames is -48.9371
LOG (sgmm2-gselect[5.5.208~1-b0fc0]:main():sgmm2-gselect.cc:86) For 70'th file, average UBM likelihood over 360 frames is -53.6145
LOG (sgmm2-gselect[5.5.208~1-b0fc0]:main():sgmm2-gselect.cc:86) For 80'th file, average UBM likelihood over 248 frames is -52.7286
LOG (sgmm2-gselect[5.5.208~1-b0fc0]:main():sgmm2-gselect.cc:86) For 90'th file, average UBM likelihood over 205 frames is -53.246
LOG (sgmm2-gselect[5.5.208~1-b0fc0]:main():sgmm2-gselect.cc:86) For 100'th file, average UBM likelihood over 137 frames is -49.6086
LOG (apply-cmvn[5.5.208~1-b0fc0]:main():apply-cmvn.cc:162) Applied cepstral mean normalization to 120 utterances, errors on 0
LOG (sgmm2-gselect[5.5.208~1-b0fc0]:main():sgmm2-gselect.cc:86) For 110'th file, average UBM likelihood over 227 frames is -49.1627
LOG (transform-feats[5.5.208~1-b0fc0]:main():transform-feats.cc:158) Overall average [pseudo-]logdet is -88.6037 over 34528 frames.
LOG (transform-feats[5.5.208~1-b0fc0]:main():transform-feats.cc:161) Applied transform to 120 utterances; 0 had errors.
LOG (transform-feats[5.5.208~1-b0fc0]:main():transform-feats.cc:158) Overall average logdet is 3.04136 over 34528 frames.
LOG (transform-feats[5.5.208~1-b0fc0]:main():transform-feats.cc:161) Applied transform to 120 utterances; 0 had errors.
LOG (sgmm2-gselect[5.5.208~1-b0fc0]:main():sgmm2-gselect.cc:97) Done 120 files, 0 with errors, average UBM log-likelihood is -51.0793 over 34528 frames.
# Accounting: time=6 threads=1
# Ended (code 0) at Wed Feb 27 14:42:28 +07 2019, elapsed time 6 seconds
