# ali-to-post "ark:gunzip -c exp/sgmm2_4/ali.12.gz|" ark:- | weight-silence-post 0.01 1 exp/sgmm2_4/5.mdl ark:- ark:- | sgmm2-est-spkvecs --rand-prune=0.1 --spk2utt=ark:data/train/split30/12/spk2utt "--gselect=ark,s,cs:gunzip -c exp/sgmm2_4/gselect.12.gz|" exp/sgmm2_4/5.mdl "ark,s,cs:apply-cmvn  --utt2spk=ark:data/train/split30/12/utt2spk scp:data/train/split30/12/cmvn.scp scp:data/train/split30/12/feats.scp ark:- | splice-feats --left-context=3 --right-context=3 ark:- ark:- | transform-feats exp/tri3_ali/final.mat ark:- ark:- | transform-feats --utt2spk=ark:data/train/split30/12/utt2spk ark,s,cs:exp/tri3_ali/trans.12 ark:- ark:- |" ark,s,cs:- ark:exp/sgmm2_4/tmp_vecs.12 && mv exp/sgmm2_4/tmp_vecs.12 exp/sgmm2_4/vecs.12 
# Started at Wed Feb 27 14:48:13 +07 2019
#
sgmm2-est-spkvecs --rand-prune=0.1 --spk2utt=ark:data/train/split30/12/spk2utt '--gselect=ark,s,cs:gunzip -c exp/sgmm2_4/gselect.12.gz|' exp/sgmm2_4/5.mdl 'ark,s,cs:apply-cmvn  --utt2spk=ark:data/train/split30/12/utt2spk scp:data/train/split30/12/cmvn.scp scp:data/train/split30/12/feats.scp ark:- | splice-feats --left-context=3 --right-context=3 ark:- ark:- | transform-feats exp/tri3_ali/final.mat ark:- ark:- | transform-feats --utt2spk=ark:data/train/split30/12/utt2spk ark,s,cs:exp/tri3_ali/trans.12 ark:- ark:- |' ark,s,cs:- ark:exp/sgmm2_4/tmp_vecs.12 
weight-silence-post 0.01 1 exp/sgmm2_4/5.mdl ark:- ark:- 
ali-to-post 'ark:gunzip -c exp/sgmm2_4/ali.12.gz|' ark:- 
transform-feats --utt2spk=ark:data/train/split30/12/utt2spk ark,s,cs:exp/tri3_ali/trans.12 ark:- ark:- 
splice-feats --left-context=3 --right-context=3 ark:- ark:- 
transform-feats exp/tri3_ali/final.mat ark:- ark:- 
apply-cmvn --utt2spk=ark:data/train/split30/12/utt2spk scp:data/train/split30/12/cmvn.scp scp:data/train/split30/12/feats.scp ark:- 
LOG (sgmm2-est-spkvecs[5.5.208~1-b0fc0]:UpdateWithU():estimate-am-sgmm2.cc:1937) *Objf impr for speaker vector is 0.0097968 per frame, over 1761.05 frames.
LOG (sgmm2-est-spkvecs[5.5.208~1-b0fc0]:main():sgmm2-est-spkvecs.cc:186) For speaker MCLM0, auxf-impr from speaker vector is 0.00979679, over 1761.05 frames.
LOG (sgmm2-est-spkvecs[5.5.208~1-b0fc0]:UpdateWithU():estimate-am-sgmm2.cc:1937) *Objf impr for speaker vector is 0.00795667 per frame, over 2025.39 frames.
LOG (sgmm2-est-spkvecs[5.5.208~1-b0fc0]:main():sgmm2-est-spkvecs.cc:186) For speaker MCPM0, auxf-impr from speaker vector is 0.00795667, over 2025.39 frames.
LOG (sgmm2-est-spkvecs[5.5.208~1-b0fc0]:UpdateWithU():estimate-am-sgmm2.cc:1937) *Objf impr for speaker vector is 0.0109748 per frame, over 2155.66 frames.
LOG (sgmm2-est-spkvecs[5.5.208~1-b0fc0]:main():sgmm2-est-spkvecs.cc:186) For speaker MCRE0, auxf-impr from speaker vector is 0.0109748, over 2155.66 frames.
LOG (sgmm2-est-spkvecs[5.5.208~1-b0fc0]:UpdateWithU():estimate-am-sgmm2.cc:1937) *Objf impr for speaker vector is 0.0120511 per frame, over 2351.76 frames.
LOG (sgmm2-est-spkvecs[5.5.208~1-b0fc0]:main():sgmm2-est-spkvecs.cc:186) For speaker MCSS0, auxf-impr from speaker vector is 0.0120511, over 2351.76 frames.
LOG (sgmm2-est-spkvecs[5.5.208~1-b0fc0]:UpdateWithU():estimate-am-sgmm2.cc:1937) *Objf impr for speaker vector is 0.0168136 per frame, over 2201.17 frames.
LOG (sgmm2-est-spkvecs[5.5.208~1-b0fc0]:main():sgmm2-est-spkvecs.cc:186) For speaker MCTH0, auxf-impr from speaker vector is 0.0168136, over 2201.17 frames.
LOG (sgmm2-est-spkvecs[5.5.208~1-b0fc0]:UpdateWithU():estimate-am-sgmm2.cc:1937) *Objf impr for speaker vector is 0.0103652 per frame, over 2133.03 frames.
LOG (sgmm2-est-spkvecs[5.5.208~1-b0fc0]:main():sgmm2-est-spkvecs.cc:186) For speaker MCTM0, auxf-impr from speaker vector is 0.0103652, over 2133.03 frames.
LOG (sgmm2-est-spkvecs[5.5.208~1-b0fc0]:UpdateWithU():estimate-am-sgmm2.cc:1937) *Objf impr for speaker vector is 0.0096449 per frame, over 2179.61 frames.
LOG (sgmm2-est-spkvecs[5.5.208~1-b0fc0]:main():sgmm2-est-spkvecs.cc:186) For speaker MCXM0, auxf-impr from speaker vector is 0.0096449, over 2179.61 frames.
LOG (sgmm2-est-spkvecs[5.5.208~1-b0fc0]:UpdateWithU():estimate-am-sgmm2.cc:1937) *Objf impr for speaker vector is 0.0132446 per frame, over 2271.9 frames.
LOG (sgmm2-est-spkvecs[5.5.208~1-b0fc0]:main():sgmm2-est-spkvecs.cc:186) For speaker MDAC0, auxf-impr from speaker vector is 0.0132446, over 2271.9 frames.
LOG (sgmm2-est-spkvecs[5.5.208~1-b0fc0]:UpdateWithU():estimate-am-sgmm2.cc:1937) *Objf impr for speaker vector is 0.0152179 per frame, over 1981.31 frames.
LOG (sgmm2-est-spkvecs[5.5.208~1-b0fc0]:main():sgmm2-est-spkvecs.cc:186) For speaker MDAS0, auxf-impr from speaker vector is 0.0152179, over 1981.31 frames.
LOG (sgmm2-est-spkvecs[5.5.208~1-b0fc0]:UpdateWithU():estimate-am-sgmm2.cc:1937) *Objf impr for speaker vector is 0.0165417 per frame, over 2055.37 frames.
LOG (sgmm2-est-spkvecs[5.5.208~1-b0fc0]:main():sgmm2-est-spkvecs.cc:186) For speaker MDBB1, auxf-impr from speaker vector is 0.0165417, over 2055.37 frames.
LOG (sgmm2-est-spkvecs[5.5.208~1-b0fc0]:UpdateWithU():estimate-am-sgmm2.cc:1937) *Objf impr for speaker vector is 0.0154421 per frame, over 2398.33 frames.
LOG (sgmm2-est-spkvecs[5.5.208~1-b0fc0]:main():sgmm2-est-spkvecs.cc:186) For speaker MDBP0, auxf-impr from speaker vector is 0.0154421, over 2398.33 frames.
LOG (ali-to-post[5.5.208~1-b0fc0]:main():ali-to-post.cc:73) Converted 120 alignments.
LOG (sgmm2-est-spkvecs[5.5.208~1-b0fc0]:UpdateWithU():estimate-am-sgmm2.cc:1937) *Objf impr for speaker vector is 0.0129066 per frame, over 2132.18 frames.
LOG (sgmm2-est-spkvecs[5.5.208~1-b0fc0]:main():sgmm2-est-spkvecs.cc:186) For speaker MDCD0, auxf-impr from speaker vector is 0.0129066, over 2132.18 frames.
LOG (sgmm2-est-spkvecs[5.5.208~1-b0fc0]:UpdateWithU():estimate-am-sgmm2.cc:1937) *Objf impr for speaker vector is 0.00791773 per frame, over 2244.6 frames.
LOG (sgmm2-est-spkvecs[5.5.208~1-b0fc0]:main():sgmm2-est-spkvecs.cc:186) For speaker MDCM0, auxf-impr from speaker vector is 0.00791773, over 2244.6 frames.
LOG (weight-silence-post[5.5.208~1-b0fc0]:main():weight-silence-post.cc:95) Done 120 posteriors.
LOG (apply-cmvn[5.5.208~1-b0fc0]:main():apply-cmvn.cc:162) Applied cepstral mean normalization to 120 utterances, errors on 0
LOG (sgmm2-est-spkvecs[5.5.208~1-b0fc0]:UpdateWithU():estimate-am-sgmm2.cc:1937) *Objf impr for speaker vector is 0.0144617 per frame, over 2036.58 frames.
LOG (sgmm2-est-spkvecs[5.5.208~1-b0fc0]:main():sgmm2-est-spkvecs.cc:186) For speaker MDDC0, auxf-impr from speaker vector is 0.0144617, over 2036.58 frames.
LOG (transform-feats[5.5.208~1-b0fc0]:main():transform-feats.cc:158) Overall average [pseudo-]logdet is -88.6037 over 35253 frames.
LOG (transform-feats[5.5.208~1-b0fc0]:main():transform-feats.cc:161) Applied transform to 120 utterances; 0 had errors.
LOG (transform-feats[5.5.208~1-b0fc0]:main():transform-feats.cc:158) Overall average logdet is 2.8244 over 35253 frames.
LOG (transform-feats[5.5.208~1-b0fc0]:main():transform-feats.cc:161) Applied transform to 120 utterances; 0 had errors.
LOG (sgmm2-est-spkvecs[5.5.208~1-b0fc0]:UpdateWithU():estimate-am-sgmm2.cc:1937) *Objf impr for speaker vector is 0.010995 per frame, over 2316.09 frames.
LOG (sgmm2-est-spkvecs[5.5.208~1-b0fc0]:main():sgmm2-est-spkvecs.cc:186) For speaker MDED0, auxf-impr from speaker vector is 0.010995, over 2316.09 frames.
LOG (sgmm2-est-spkvecs[5.5.208~1-b0fc0]:main():sgmm2-est-spkvecs.cc:250) Overall auxf impr per frame is 0.0123122 over 32244 frames.
LOG (sgmm2-est-spkvecs[5.5.208~1-b0fc0]:main():sgmm2-est-spkvecs.cc:252) Done 120 files, 0 with errors.
# Accounting: time=4 threads=1
# Ended (code 0) at Wed Feb 27 14:48:17 +07 2019, elapsed time 4 seconds
