# ali-to-post "ark:gunzip -c exp/sgmm2_4/ali.20.gz|" ark:- | weight-silence-post 0.01 1 exp/sgmm2_4/12.mdl ark:- ark:- | sgmm2-est-spkvecs --rand-prune=0.1 --spk2utt=ark:data/train/split30/20/spk2utt --spk-vecs=ark:exp/sgmm2_4/vecs.20 "--gselect=ark,s,cs:gunzip -c exp/sgmm2_4/gselect.20.gz|" exp/sgmm2_4/12.mdl "ark,s,cs:apply-cmvn  --utt2spk=ark:data/train/split30/20/utt2spk scp:data/train/split30/20/cmvn.scp scp:data/train/split30/20/feats.scp ark:- | splice-feats --left-context=3 --right-context=3 ark:- ark:- | transform-feats exp/tri3_ali/final.mat ark:- ark:- | transform-feats --utt2spk=ark:data/train/split30/20/utt2spk ark,s,cs:exp/tri3_ali/trans.20 ark:- ark:- |" ark,s,cs:- ark:exp/sgmm2_4/tmp_vecs.20 && mv exp/sgmm2_4/tmp_vecs.20 exp/sgmm2_4/vecs.20 
# Started at Wed Feb 27 14:57:08 +07 2019
#
weight-silence-post 0.01 1 exp/sgmm2_4/12.mdl ark:- ark:- 
sgmm2-est-spkvecs --rand-prune=0.1 --spk2utt=ark:data/train/split30/20/spk2utt --spk-vecs=ark:exp/sgmm2_4/vecs.20 '--gselect=ark,s,cs:gunzip -c exp/sgmm2_4/gselect.20.gz|' exp/sgmm2_4/12.mdl 'ark,s,cs:apply-cmvn  --utt2spk=ark:data/train/split30/20/utt2spk scp:data/train/split30/20/cmvn.scp scp:data/train/split30/20/feats.scp ark:- | splice-feats --left-context=3 --right-context=3 ark:- ark:- | transform-feats exp/tri3_ali/final.mat ark:- ark:- | transform-feats --utt2spk=ark:data/train/split30/20/utt2spk ark,s,cs:exp/tri3_ali/trans.20 ark:- ark:- |' ark,s,cs:- ark:exp/sgmm2_4/tmp_vecs.20 
ali-to-post 'ark:gunzip -c exp/sgmm2_4/ali.20.gz|' ark:- 
apply-cmvn --utt2spk=ark:data/train/split30/20/utt2spk scp:data/train/split30/20/cmvn.scp scp:data/train/split30/20/feats.scp ark:- 
transform-feats --utt2spk=ark:data/train/split30/20/utt2spk ark,s,cs:exp/tri3_ali/trans.20 ark:- ark:- 
transform-feats exp/tri3_ali/final.mat ark:- ark:- 
splice-feats --left-context=3 --right-context=3 ark:- ark:- 
LOG (sgmm2-est-spkvecs[5.5.208~1-b0fc0]:UpdateWithU():estimate-am-sgmm2.cc:1937) *Objf impr for speaker vector is 0.0539617 per frame, over 2244.17 frames.
LOG (sgmm2-est-spkvecs[5.5.208~1-b0fc0]:main():sgmm2-est-spkvecs.cc:186) For speaker MKDD0, auxf-impr from speaker vector is 0.0539617, over 2244.17 frames.
LOG (sgmm2-est-spkvecs[5.5.208~1-b0fc0]:UpdateWithU():estimate-am-sgmm2.cc:1937) *Objf impr for speaker vector is 0.0399759 per frame, over 2344.09 frames.
LOG (sgmm2-est-spkvecs[5.5.208~1-b0fc0]:main():sgmm2-est-spkvecs.cc:186) For speaker MKDT0, auxf-impr from speaker vector is 0.0399759, over 2344.09 frames.
LOG (sgmm2-est-spkvecs[5.5.208~1-b0fc0]:UpdateWithU():estimate-am-sgmm2.cc:1937) *Objf impr for speaker vector is 0.0343585 per frame, over 2506.17 frames.
LOG (sgmm2-est-spkvecs[5.5.208~1-b0fc0]:main():sgmm2-est-spkvecs.cc:186) For speaker MKES0, auxf-impr from speaker vector is 0.0343585, over 2506.17 frames.
LOG (sgmm2-est-spkvecs[5.5.208~1-b0fc0]:UpdateWithU():estimate-am-sgmm2.cc:1937) *Objf impr for speaker vector is 0.0287709 per frame, over 1923.67 frames.
LOG (sgmm2-est-spkvecs[5.5.208~1-b0fc0]:main():sgmm2-est-spkvecs.cc:186) For speaker MKJO0, auxf-impr from speaker vector is 0.0287709, over 1923.67 frames.
LOG (sgmm2-est-spkvecs[5.5.208~1-b0fc0]:UpdateWithU():estimate-am-sgmm2.cc:1937) *Objf impr for speaker vector is 0.029284 per frame, over 2133.19 frames.
LOG (sgmm2-est-spkvecs[5.5.208~1-b0fc0]:main():sgmm2-est-spkvecs.cc:186) For speaker MKLN0, auxf-impr from speaker vector is 0.029284, over 2133.19 frames.
LOG (sgmm2-est-spkvecs[5.5.208~1-b0fc0]:UpdateWithU():estimate-am-sgmm2.cc:1937) *Objf impr for speaker vector is 0.0462654 per frame, over 1769.74 frames.
LOG (sgmm2-est-spkvecs[5.5.208~1-b0fc0]:main():sgmm2-est-spkvecs.cc:186) For speaker MKLR0, auxf-impr from speaker vector is 0.0462654, over 1769.74 frames.
LOG (sgmm2-est-spkvecs[5.5.208~1-b0fc0]:UpdateWithU():estimate-am-sgmm2.cc:1937) *Objf impr for speaker vector is 0.0264148 per frame, over 2374.02 frames.
LOG (sgmm2-est-spkvecs[5.5.208~1-b0fc0]:main():sgmm2-est-spkvecs.cc:186) For speaker MKLS0, auxf-impr from speaker vector is 0.0264148, over 2374.02 frames.
LOG (sgmm2-est-spkvecs[5.5.208~1-b0fc0]:UpdateWithU():estimate-am-sgmm2.cc:1937) *Objf impr for speaker vector is 0.0495297 per frame, over 2124.48 frames.
LOG (sgmm2-est-spkvecs[5.5.208~1-b0fc0]:main():sgmm2-est-spkvecs.cc:186) For speaker MKLS1, auxf-impr from speaker vector is 0.0495297, over 2124.48 frames.
LOG (sgmm2-est-spkvecs[5.5.208~1-b0fc0]:UpdateWithU():estimate-am-sgmm2.cc:1937) *Objf impr for speaker vector is 0.0405679 per frame, over 2306.48 frames.
LOG (sgmm2-est-spkvecs[5.5.208~1-b0fc0]:main():sgmm2-est-spkvecs.cc:186) For speaker MKLW0, auxf-impr from speaker vector is 0.0405679, over 2306.48 frames.
LOG (sgmm2-est-spkvecs[5.5.208~1-b0fc0]:UpdateWithU():estimate-am-sgmm2.cc:1937) *Objf impr for speaker vector is 0.0621529 per frame, over 2114.27 frames.
LOG (sgmm2-est-spkvecs[5.5.208~1-b0fc0]:main():sgmm2-est-spkvecs.cc:186) For speaker MKRG0, auxf-impr from speaker vector is 0.0621529, over 2114.27 frames.
LOG (sgmm2-est-spkvecs[5.5.208~1-b0fc0]:UpdateWithU():estimate-am-sgmm2.cc:1937) *Objf impr for speaker vector is 0.0440956 per frame, over 2174.12 frames.
LOG (sgmm2-est-spkvecs[5.5.208~1-b0fc0]:main():sgmm2-est-spkvecs.cc:186) For speaker MKXL0, auxf-impr from speaker vector is 0.0440956, over 2174.12 frames.
LOG (sgmm2-est-spkvecs[5.5.208~1-b0fc0]:UpdateWithU():estimate-am-sgmm2.cc:1937) *Objf impr for speaker vector is 0.0306493 per frame, over 2185 frames.
LOG (sgmm2-est-spkvecs[5.5.208~1-b0fc0]:main():sgmm2-est-spkvecs.cc:186) For speaker MLBC0, auxf-impr from speaker vector is 0.0306493, over 2185 frames.
LOG (ali-to-post[5.5.208~1-b0fc0]:main():ali-to-post.cc:73) Converted 120 alignments.
LOG (sgmm2-est-spkvecs[5.5.208~1-b0fc0]:UpdateWithU():estimate-am-sgmm2.cc:1937) *Objf impr for speaker vector is 0.0402429 per frame, over 2359.2 frames.
LOG (sgmm2-est-spkvecs[5.5.208~1-b0fc0]:main():sgmm2-est-spkvecs.cc:186) For speaker MLEL0, auxf-impr from speaker vector is 0.0402429, over 2359.2 frames.
LOG (sgmm2-est-spkvecs[5.5.208~1-b0fc0]:UpdateWithU():estimate-am-sgmm2.cc:1937) *Objf impr for speaker vector is 0.0409644 per frame, over 2158.13 frames.
LOG (sgmm2-est-spkvecs[5.5.208~1-b0fc0]:main():sgmm2-est-spkvecs.cc:186) For speaker MLJC0, auxf-impr from speaker vector is 0.0409644, over 2158.13 frames.
LOG (weight-silence-post[5.5.208~1-b0fc0]:main():weight-silence-post.cc:95) Done 120 posteriors.
LOG (apply-cmvn[5.5.208~1-b0fc0]:main():apply-cmvn.cc:162) Applied cepstral mean normalization to 120 utterances, errors on 0
LOG (transform-feats[5.5.208~1-b0fc0]:main():transform-feats.cc:158) Overall average [pseudo-]logdet is -88.6037 over 36806 frames.
LOG (transform-feats[5.5.208~1-b0fc0]:main():transform-feats.cc:161) Applied transform to 120 utterances; 0 had errors.
LOG (transform-feats[5.5.208~1-b0fc0]:main():transform-feats.cc:158) Overall average logdet is 2.73779 over 36806 frames.
LOG (transform-feats[5.5.208~1-b0fc0]:main():transform-feats.cc:161) Applied transform to 120 utterances; 0 had errors.
LOG (sgmm2-est-spkvecs[5.5.208~1-b0fc0]:UpdateWithU():estimate-am-sgmm2.cc:1937) *Objf impr for speaker vector is 0.0503704 per frame, over 2833.46 frames.
LOG (sgmm2-est-spkvecs[5.5.208~1-b0fc0]:main():sgmm2-est-spkvecs.cc:186) For speaker MLJH0, auxf-impr from speaker vector is 0.0503704, over 2833.46 frames.
LOG (sgmm2-est-spkvecs[5.5.208~1-b0fc0]:main():sgmm2-est-spkvecs.cc:250) Overall auxf impr per frame is 0.0412047 over 33550.2 frames.
LOG (sgmm2-est-spkvecs[5.5.208~1-b0fc0]:main():sgmm2-est-spkvecs.cc:252) Done 120 files, 0 with errors.
# Accounting: time=4 threads=1
# Ended (code 0) at Wed Feb 27 14:57:12 +07 2019, elapsed time 4 seconds
