# ali-to-post "ark:gunzip -c exp/sgmm2_4/ali.21.gz|" ark:- | weight-silence-post 0.01 1 exp/sgmm2_4/5.mdl ark:- ark:- | sgmm2-est-spkvecs --rand-prune=0.1 --spk2utt=ark:data/train/split30/21/spk2utt "--gselect=ark,s,cs:gunzip -c exp/sgmm2_4/gselect.21.gz|" exp/sgmm2_4/5.mdl "ark,s,cs:apply-cmvn  --utt2spk=ark:data/train/split30/21/utt2spk scp:data/train/split30/21/cmvn.scp scp:data/train/split30/21/feats.scp ark:- | splice-feats --left-context=3 --right-context=3 ark:- ark:- | transform-feats exp/tri3_ali/final.mat ark:- ark:- | transform-feats --utt2spk=ark:data/train/split30/21/utt2spk ark,s,cs:exp/tri3_ali/trans.21 ark:- ark:- |" ark,s,cs:- ark:exp/sgmm2_4/tmp_vecs.21 && mv exp/sgmm2_4/tmp_vecs.21 exp/sgmm2_4/vecs.21 
# Started at Wed Feb 27 14:48:25 +07 2019
#
sgmm2-est-spkvecs --rand-prune=0.1 --spk2utt=ark:data/train/split30/21/spk2utt '--gselect=ark,s,cs:gunzip -c exp/sgmm2_4/gselect.21.gz|' exp/sgmm2_4/5.mdl 'ark,s,cs:apply-cmvn  --utt2spk=ark:data/train/split30/21/utt2spk scp:data/train/split30/21/cmvn.scp scp:data/train/split30/21/feats.scp ark:- | splice-feats --left-context=3 --right-context=3 ark:- ark:- | transform-feats exp/tri3_ali/final.mat ark:- ark:- | transform-feats --utt2spk=ark:data/train/split30/21/utt2spk ark,s,cs:exp/tri3_ali/trans.21 ark:- ark:- |' ark,s,cs:- ark:exp/sgmm2_4/tmp_vecs.21 
weight-silence-post 0.01 1 exp/sgmm2_4/5.mdl ark:- ark:- 
ali-to-post 'ark:gunzip -c exp/sgmm2_4/ali.21.gz|' ark:- 
apply-cmvn --utt2spk=ark:data/train/split30/21/utt2spk scp:data/train/split30/21/cmvn.scp scp:data/train/split30/21/feats.scp ark:- 
splice-feats --left-context=3 --right-context=3 ark:- ark:- 
transform-feats exp/tri3_ali/final.mat ark:- ark:- 
transform-feats --utt2spk=ark:data/train/split30/21/utt2spk ark,s,cs:exp/tri3_ali/trans.21 ark:- ark:- 
LOG (sgmm2-est-spkvecs[5.5.208~1-b0fc0]:UpdateWithU():estimate-am-sgmm2.cc:1937) *Objf impr for speaker vector is 0.020133 per frame, over 1984.81 frames.
LOG (sgmm2-est-spkvecs[5.5.208~1-b0fc0]:main():sgmm2-est-spkvecs.cc:186) For speaker MLNS0, auxf-impr from speaker vector is 0.020133, over 1984.81 frames.
LOG (sgmm2-est-spkvecs[5.5.208~1-b0fc0]:UpdateWithU():estimate-am-sgmm2.cc:1937) *Objf impr for speaker vector is 0.00928541 per frame, over 2399.84 frames.
LOG (sgmm2-est-spkvecs[5.5.208~1-b0fc0]:main():sgmm2-est-spkvecs.cc:186) For speaker MLSH0, auxf-impr from speaker vector is 0.00928541, over 2399.84 frames.
LOG (sgmm2-est-spkvecs[5.5.208~1-b0fc0]:UpdateWithU():estimate-am-sgmm2.cc:1937) *Objf impr for speaker vector is 0.00846964 per frame, over 2300.63 frames.
LOG (sgmm2-est-spkvecs[5.5.208~1-b0fc0]:main():sgmm2-est-spkvecs.cc:186) For speaker MMAA0, auxf-impr from speaker vector is 0.00846964, over 2300.63 frames.
LOG (sgmm2-est-spkvecs[5.5.208~1-b0fc0]:UpdateWithU():estimate-am-sgmm2.cc:1937) *Objf impr for speaker vector is 0.00979638 per frame, over 2399.16 frames.
LOG (sgmm2-est-spkvecs[5.5.208~1-b0fc0]:main():sgmm2-est-spkvecs.cc:186) For speaker MMAB1, auxf-impr from speaker vector is 0.00979638, over 2399.16 frames.
LOG (sgmm2-est-spkvecs[5.5.208~1-b0fc0]:UpdateWithU():estimate-am-sgmm2.cc:1937) *Objf impr for speaker vector is 0.0148033 per frame, over 2524.45 frames.
LOG (sgmm2-est-spkvecs[5.5.208~1-b0fc0]:main():sgmm2-est-spkvecs.cc:186) For speaker MMAG0, auxf-impr from speaker vector is 0.0148033, over 2524.45 frames.
LOG (sgmm2-est-spkvecs[5.5.208~1-b0fc0]:UpdateWithU():estimate-am-sgmm2.cc:1937) *Objf impr for speaker vector is 0.0251848 per frame, over 1893.14 frames.
LOG (sgmm2-est-spkvecs[5.5.208~1-b0fc0]:main():sgmm2-est-spkvecs.cc:186) For speaker MMAM0, auxf-impr from speaker vector is 0.0251848, over 1893.14 frames.
LOG (sgmm2-est-spkvecs[5.5.208~1-b0fc0]:UpdateWithU():estimate-am-sgmm2.cc:1937) *Objf impr for speaker vector is 0.0114892 per frame, over 2734.33 frames.
LOG (sgmm2-est-spkvecs[5.5.208~1-b0fc0]:main():sgmm2-est-spkvecs.cc:186) For speaker MMAR0, auxf-impr from speaker vector is 0.0114892, over 2734.33 frames.
LOG (sgmm2-est-spkvecs[5.5.208~1-b0fc0]:UpdateWithU():estimate-am-sgmm2.cc:1937) *Objf impr for speaker vector is 0.0118212 per frame, over 2372.79 frames.
LOG (sgmm2-est-spkvecs[5.5.208~1-b0fc0]:main():sgmm2-est-spkvecs.cc:186) For speaker MMBS0, auxf-impr from speaker vector is 0.0118212, over 2372.79 frames.
LOG (sgmm2-est-spkvecs[5.5.208~1-b0fc0]:UpdateWithU():estimate-am-sgmm2.cc:1937) *Objf impr for speaker vector is 0.0115527 per frame, over 2062.24 frames.
LOG (sgmm2-est-spkvecs[5.5.208~1-b0fc0]:main():sgmm2-est-spkvecs.cc:186) For speaker MMCC0, auxf-impr from speaker vector is 0.0115527, over 2062.24 frames.
LOG (sgmm2-est-spkvecs[5.5.208~1-b0fc0]:UpdateWithU():estimate-am-sgmm2.cc:1937) *Objf impr for speaker vector is 0.00618353 per frame, over 1905.89 frames.
LOG (sgmm2-est-spkvecs[5.5.208~1-b0fc0]:main():sgmm2-est-spkvecs.cc:186) For speaker MMDB0, auxf-impr from speaker vector is 0.00618353, over 1905.89 frames.
LOG (sgmm2-est-spkvecs[5.5.208~1-b0fc0]:UpdateWithU():estimate-am-sgmm2.cc:1937) *Objf impr for speaker vector is 0.0104562 per frame, over 2416.81 frames.
LOG (sgmm2-est-spkvecs[5.5.208~1-b0fc0]:main():sgmm2-est-spkvecs.cc:186) For speaker MMDG0, auxf-impr from speaker vector is 0.0104562, over 2416.81 frames.
LOG (sgmm2-est-spkvecs[5.5.208~1-b0fc0]:UpdateWithU():estimate-am-sgmm2.cc:1937) *Objf impr for speaker vector is 0.0141024 per frame, over 2182.04 frames.
LOG (sgmm2-est-spkvecs[5.5.208~1-b0fc0]:main():sgmm2-est-spkvecs.cc:186) For speaker MMDM0, auxf-impr from speaker vector is 0.0141024, over 2182.04 frames.
LOG (ali-to-post[5.5.208~1-b0fc0]:main():ali-to-post.cc:73) Converted 128 alignments.
LOG (sgmm2-est-spkvecs[5.5.208~1-b0fc0]:UpdateWithU():estimate-am-sgmm2.cc:1937) *Objf impr for speaker vector is 0.00819728 per frame, over 2225.1 frames.
LOG (sgmm2-est-spkvecs[5.5.208~1-b0fc0]:main():sgmm2-est-spkvecs.cc:186) For speaker MMDM1, auxf-impr from speaker vector is 0.00819728, over 2225.1 frames.
LOG (sgmm2-est-spkvecs[5.5.208~1-b0fc0]:UpdateWithU():estimate-am-sgmm2.cc:1937) *Objf impr for speaker vector is 0.0177961 per frame, over 1754.26 frames.
LOG (sgmm2-est-spkvecs[5.5.208~1-b0fc0]:main():sgmm2-est-spkvecs.cc:186) For speaker MMDS0, auxf-impr from speaker vector is 0.0177961, over 1754.26 frames.
LOG (weight-silence-post[5.5.208~1-b0fc0]:main():weight-silence-post.cc:95) Done 128 posteriors.
LOG (apply-cmvn[5.5.208~1-b0fc0]:main():apply-cmvn.cc:162) Applied cepstral mean normalization to 128 utterances, errors on 0
LOG (sgmm2-est-spkvecs[5.5.208~1-b0fc0]:UpdateWithU():estimate-am-sgmm2.cc:1937) *Objf impr for speaker vector is 0.0134797 per frame, over 1919.61 frames.
LOG (sgmm2-est-spkvecs[5.5.208~1-b0fc0]:main():sgmm2-est-spkvecs.cc:186) For speaker MMEA0, auxf-impr from speaker vector is 0.0134797, over 1919.61 frames.
LOG (transform-feats[5.5.208~1-b0fc0]:main():transform-feats.cc:158) Overall average [pseudo-]logdet is -88.6037 over 38560 frames.
LOG (transform-feats[5.5.208~1-b0fc0]:main():transform-feats.cc:161) Applied transform to 128 utterances; 0 had errors.
LOG (transform-feats[5.5.208~1-b0fc0]:main():transform-feats.cc:158) Overall average logdet is 3.03373 over 38560 frames.
LOG (transform-feats[5.5.208~1-b0fc0]:main():transform-feats.cc:161) Applied transform to 128 utterances; 0 had errors.
LOG (sgmm2-est-spkvecs[5.5.208~1-b0fc0]:UpdateWithU():estimate-am-sgmm2.cc:1937) *Objf impr for speaker vector is 0.0126773 per frame, over 1958.35 frames.
LOG (sgmm2-est-spkvecs[5.5.208~1-b0fc0]:main():sgmm2-est-spkvecs.cc:186) For speaker MMEB0, auxf-impr from speaker vector is 0.0126773, over 1958.35 frames.
LOG (sgmm2-est-spkvecs[5.5.208~1-b0fc0]:main():sgmm2-est-spkvecs.cc:250) Overall auxf impr per frame is 0.0126039 over 35033.4 frames.
LOG (sgmm2-est-spkvecs[5.5.208~1-b0fc0]:main():sgmm2-est-spkvecs.cc:252) Done 128 files, 0 with errors.
# Accounting: time=4 threads=1
# Ended (code 0) at Wed Feb 27 14:48:29 +07 2019, elapsed time 4 seconds
