# ali-to-post "ark:gunzip -c exp/sgmm2_4/ali.20.gz|" ark:- | weight-silence-post 0.01 1 exp/sgmm2_4/17.mdl ark:- ark:- | sgmm2-est-spkvecs --rand-prune=0.1 --spk2utt=ark:data/train/split30/20/spk2utt --spk-vecs=ark:exp/sgmm2_4/vecs.20 "--gselect=ark,s,cs:gunzip -c exp/sgmm2_4/gselect.20.gz|" exp/sgmm2_4/17.mdl "ark,s,cs:apply-cmvn  --utt2spk=ark:data/train/split30/20/utt2spk scp:data/train/split30/20/cmvn.scp scp:data/train/split30/20/feats.scp ark:- | splice-feats --left-context=3 --right-context=3 ark:- ark:- | transform-feats exp/tri3_ali/final.mat ark:- ark:- | transform-feats --utt2spk=ark:data/train/split30/20/utt2spk ark,s,cs:exp/tri3_ali/trans.20 ark:- ark:- |" ark,s,cs:- ark:exp/sgmm2_4/tmp_vecs.20 && mv exp/sgmm2_4/tmp_vecs.20 exp/sgmm2_4/vecs.20 
# Started at Wed Feb 27 15:03:36 +07 2019
#
ali-to-post 'ark:gunzip -c exp/sgmm2_4/ali.20.gz|' ark:- 
sgmm2-est-spkvecs --rand-prune=0.1 --spk2utt=ark:data/train/split30/20/spk2utt --spk-vecs=ark:exp/sgmm2_4/vecs.20 '--gselect=ark,s,cs:gunzip -c exp/sgmm2_4/gselect.20.gz|' exp/sgmm2_4/17.mdl 'ark,s,cs:apply-cmvn  --utt2spk=ark:data/train/split30/20/utt2spk scp:data/train/split30/20/cmvn.scp scp:data/train/split30/20/feats.scp ark:- | splice-feats --left-context=3 --right-context=3 ark:- ark:- | transform-feats exp/tri3_ali/final.mat ark:- ark:- | transform-feats --utt2spk=ark:data/train/split30/20/utt2spk ark,s,cs:exp/tri3_ali/trans.20 ark:- ark:- |' ark,s,cs:- ark:exp/sgmm2_4/tmp_vecs.20 
weight-silence-post 0.01 1 exp/sgmm2_4/17.mdl ark:- ark:- 
transform-feats --utt2spk=ark:data/train/split30/20/utt2spk ark,s,cs:exp/tri3_ali/trans.20 ark:- ark:- 
transform-feats exp/tri3_ali/final.mat ark:- ark:- 
splice-feats --left-context=3 --right-context=3 ark:- ark:- 
apply-cmvn --utt2spk=ark:data/train/split30/20/utt2spk scp:data/train/split30/20/cmvn.scp scp:data/train/split30/20/feats.scp ark:- 
LOG (sgmm2-est-spkvecs[5.5.208~1-b0fc0]:UpdateWithU():estimate-am-sgmm2.cc:1937) *Objf impr for speaker vector is 0.0238588 per frame, over 2243.03 frames.
LOG (sgmm2-est-spkvecs[5.5.208~1-b0fc0]:main():sgmm2-est-spkvecs.cc:186) For speaker MKDD0, auxf-impr from speaker vector is 0.0238588, over 2243.03 frames.
LOG (sgmm2-est-spkvecs[5.5.208~1-b0fc0]:UpdateWithU():estimate-am-sgmm2.cc:1937) *Objf impr for speaker vector is 0.0182516 per frame, over 2342.58 frames.
LOG (sgmm2-est-spkvecs[5.5.208~1-b0fc0]:main():sgmm2-est-spkvecs.cc:186) For speaker MKDT0, auxf-impr from speaker vector is 0.0182516, over 2342.58 frames.
LOG (sgmm2-est-spkvecs[5.5.208~1-b0fc0]:UpdateWithU():estimate-am-sgmm2.cc:1937) *Objf impr for speaker vector is 0.0186046 per frame, over 2508.19 frames.
LOG (sgmm2-est-spkvecs[5.5.208~1-b0fc0]:main():sgmm2-est-spkvecs.cc:186) For speaker MKES0, auxf-impr from speaker vector is 0.0186046, over 2508.19 frames.
LOG (sgmm2-est-spkvecs[5.5.208~1-b0fc0]:UpdateWithU():estimate-am-sgmm2.cc:1937) *Objf impr for speaker vector is 0.0204441 per frame, over 1926.72 frames.
LOG (sgmm2-est-spkvecs[5.5.208~1-b0fc0]:main():sgmm2-est-spkvecs.cc:186) For speaker MKJO0, auxf-impr from speaker vector is 0.0204441, over 1926.72 frames.
LOG (sgmm2-est-spkvecs[5.5.208~1-b0fc0]:UpdateWithU():estimate-am-sgmm2.cc:1937) *Objf impr for speaker vector is 0.0222565 per frame, over 2134.15 frames.
LOG (sgmm2-est-spkvecs[5.5.208~1-b0fc0]:main():sgmm2-est-spkvecs.cc:186) For speaker MKLN0, auxf-impr from speaker vector is 0.0222565, over 2134.15 frames.
LOG (sgmm2-est-spkvecs[5.5.208~1-b0fc0]:UpdateWithU():estimate-am-sgmm2.cc:1937) *Objf impr for speaker vector is 0.0216893 per frame, over 1765.98 frames.
LOG (sgmm2-est-spkvecs[5.5.208~1-b0fc0]:main():sgmm2-est-spkvecs.cc:186) For speaker MKLR0, auxf-impr from speaker vector is 0.0216893, over 1765.98 frames.
LOG (sgmm2-est-spkvecs[5.5.208~1-b0fc0]:UpdateWithU():estimate-am-sgmm2.cc:1937) *Objf impr for speaker vector is 0.015602 per frame, over 2379.48 frames.
LOG (sgmm2-est-spkvecs[5.5.208~1-b0fc0]:main():sgmm2-est-spkvecs.cc:186) For speaker MKLS0, auxf-impr from speaker vector is 0.015602, over 2379.48 frames.
LOG (sgmm2-est-spkvecs[5.5.208~1-b0fc0]:UpdateWithU():estimate-am-sgmm2.cc:1937) *Objf impr for speaker vector is 0.0326436 per frame, over 2129.56 frames.
LOG (sgmm2-est-spkvecs[5.5.208~1-b0fc0]:main():sgmm2-est-spkvecs.cc:186) For speaker MKLS1, auxf-impr from speaker vector is 0.0326436, over 2129.56 frames.
LOG (sgmm2-est-spkvecs[5.5.208~1-b0fc0]:UpdateWithU():estimate-am-sgmm2.cc:1937) *Objf impr for speaker vector is 0.0207478 per frame, over 2314.43 frames.
LOG (sgmm2-est-spkvecs[5.5.208~1-b0fc0]:main():sgmm2-est-spkvecs.cc:186) For speaker MKLW0, auxf-impr from speaker vector is 0.0207478, over 2314.43 frames.
LOG (sgmm2-est-spkvecs[5.5.208~1-b0fc0]:UpdateWithU():estimate-am-sgmm2.cc:1937) *Objf impr for speaker vector is 0.0231802 per frame, over 2112.99 frames.
LOG (sgmm2-est-spkvecs[5.5.208~1-b0fc0]:main():sgmm2-est-spkvecs.cc:186) For speaker MKRG0, auxf-impr from speaker vector is 0.0231803, over 2112.99 frames.
LOG (sgmm2-est-spkvecs[5.5.208~1-b0fc0]:UpdateWithU():estimate-am-sgmm2.cc:1937) *Objf impr for speaker vector is 0.0197814 per frame, over 2176.97 frames.
LOG (sgmm2-est-spkvecs[5.5.208~1-b0fc0]:main():sgmm2-est-spkvecs.cc:186) For speaker MKXL0, auxf-impr from speaker vector is 0.0197814, over 2176.97 frames.
LOG (sgmm2-est-spkvecs[5.5.208~1-b0fc0]:UpdateWithU():estimate-am-sgmm2.cc:1937) *Objf impr for speaker vector is 0.0161063 per frame, over 2185.98 frames.
LOG (sgmm2-est-spkvecs[5.5.208~1-b0fc0]:main():sgmm2-est-spkvecs.cc:186) For speaker MLBC0, auxf-impr from speaker vector is 0.0161063, over 2185.98 frames.
LOG (ali-to-post[5.5.208~1-b0fc0]:main():ali-to-post.cc:73) Converted 120 alignments.
LOG (sgmm2-est-spkvecs[5.5.208~1-b0fc0]:UpdateWithU():estimate-am-sgmm2.cc:1937) *Objf impr for speaker vector is 0.020784 per frame, over 2361.61 frames.
LOG (sgmm2-est-spkvecs[5.5.208~1-b0fc0]:main():sgmm2-est-spkvecs.cc:186) For speaker MLEL0, auxf-impr from speaker vector is 0.020784, over 2361.61 frames.
LOG (sgmm2-est-spkvecs[5.5.208~1-b0fc0]:UpdateWithU():estimate-am-sgmm2.cc:1937) *Objf impr for speaker vector is 0.022999 per frame, over 2167.08 frames.
LOG (sgmm2-est-spkvecs[5.5.208~1-b0fc0]:main():sgmm2-est-spkvecs.cc:186) For speaker MLJC0, auxf-impr from speaker vector is 0.022999, over 2167.08 frames.
LOG (weight-silence-post[5.5.208~1-b0fc0]:main():weight-silence-post.cc:95) Done 120 posteriors.
LOG (apply-cmvn[5.5.208~1-b0fc0]:main():apply-cmvn.cc:162) Applied cepstral mean normalization to 120 utterances, errors on 0
LOG (transform-feats[5.5.208~1-b0fc0]:main():transform-feats.cc:158) Overall average [pseudo-]logdet is -88.6037 over 36806 frames.
LOG (transform-feats[5.5.208~1-b0fc0]:main():transform-feats.cc:161) Applied transform to 120 utterances; 0 had errors.
LOG (transform-feats[5.5.208~1-b0fc0]:main():transform-feats.cc:158) Overall average logdet is 2.73779 over 36806 frames.
LOG (transform-feats[5.5.208~1-b0fc0]:main():transform-feats.cc:161) Applied transform to 120 utterances; 0 had errors.
LOG (sgmm2-est-spkvecs[5.5.208~1-b0fc0]:UpdateWithU():estimate-am-sgmm2.cc:1937) *Objf impr for speaker vector is 0.0280815 per frame, over 2838.25 frames.
LOG (sgmm2-est-spkvecs[5.5.208~1-b0fc0]:main():sgmm2-est-spkvecs.cc:186) For speaker MLJH0, auxf-impr from speaker vector is 0.0280815, over 2838.25 frames.
LOG (sgmm2-est-spkvecs[5.5.208~1-b0fc0]:main():sgmm2-est-spkvecs.cc:250) Overall auxf impr per frame is 0.0216949 over 33587 frames.
LOG (sgmm2-est-spkvecs[5.5.208~1-b0fc0]:main():sgmm2-est-spkvecs.cc:252) Done 120 files, 0 with errors.
# Accounting: time=5 threads=1
# Ended (code 0) at Wed Feb 27 15:03:41 +07 2019, elapsed time 5 seconds
