# ali-to-post "ark:gunzip -c exp/sgmm2_4/ali.7.gz|" ark:- | weight-silence-post 0.01 1 exp/sgmm2_4/12.mdl ark:- ark:- | sgmm2-est-spkvecs --rand-prune=0.1 --spk2utt=ark:data/train/split30/7/spk2utt --spk-vecs=ark:exp/sgmm2_4/vecs.7 "--gselect=ark,s,cs:gunzip -c exp/sgmm2_4/gselect.7.gz|" exp/sgmm2_4/12.mdl "ark,s,cs:apply-cmvn  --utt2spk=ark:data/train/split30/7/utt2spk scp:data/train/split30/7/cmvn.scp scp:data/train/split30/7/feats.scp ark:- | splice-feats --left-context=3 --right-context=3 ark:- ark:- | transform-feats exp/tri3_ali/final.mat ark:- ark:- | transform-feats --utt2spk=ark:data/train/split30/7/utt2spk ark,s,cs:exp/tri3_ali/trans.7 ark:- ark:- |" ark,s,cs:- ark:exp/sgmm2_4/tmp_vecs.7 && mv exp/sgmm2_4/tmp_vecs.7 exp/sgmm2_4/vecs.7 
# Started at Wed Feb 27 14:56:54 +07 2019
#
weight-silence-post 0.01 1 exp/sgmm2_4/12.mdl ark:- ark:- 
ali-to-post 'ark:gunzip -c exp/sgmm2_4/ali.7.gz|' ark:- 
sgmm2-est-spkvecs --rand-prune=0.1 --spk2utt=ark:data/train/split30/7/spk2utt --spk-vecs=ark:exp/sgmm2_4/vecs.7 '--gselect=ark,s,cs:gunzip -c exp/sgmm2_4/gselect.7.gz|' exp/sgmm2_4/12.mdl 'ark,s,cs:apply-cmvn  --utt2spk=ark:data/train/split30/7/utt2spk scp:data/train/split30/7/cmvn.scp scp:data/train/split30/7/feats.scp ark:- | splice-feats --left-context=3 --right-context=3 ark:- ark:- | transform-feats exp/tri3_ali/final.mat ark:- ark:- | transform-feats --utt2spk=ark:data/train/split30/7/utt2spk ark,s,cs:exp/tri3_ali/trans.7 ark:- ark:- |' ark,s,cs:- ark:exp/sgmm2_4/tmp_vecs.7 
transform-feats --utt2spk=ark:data/train/split30/7/utt2spk ark,s,cs:exp/tri3_ali/trans.7 ark:- ark:- 
splice-feats --left-context=3 --right-context=3 ark:- ark:- 
transform-feats exp/tri3_ali/final.mat ark:- ark:- 
apply-cmvn --utt2spk=ark:data/train/split30/7/utt2spk scp:data/train/split30/7/cmvn.scp scp:data/train/split30/7/feats.scp ark:- 
LOG (sgmm2-est-spkvecs[5.5.208~1-b0fc0]:UpdateWithU():estimate-am-sgmm2.cc:1937) *Objf impr for speaker vector is 0.0434894 per frame, over 2171.3 frames.
LOG (sgmm2-est-spkvecs[5.5.208~1-b0fc0]:main():sgmm2-est-spkvecs.cc:186) For speaker FNKL0, auxf-impr from speaker vector is 0.0434894, over 2171.3 frames.
LOG (sgmm2-est-spkvecs[5.5.208~1-b0fc0]:UpdateWithU():estimate-am-sgmm2.cc:1937) *Objf impr for speaker vector is 0.0439258 per frame, over 2074.92 frames.
LOG (sgmm2-est-spkvecs[5.5.208~1-b0fc0]:main():sgmm2-est-spkvecs.cc:186) For speaker FNTB0, auxf-impr from speaker vector is 0.0439258, over 2074.92 frames.
LOG (sgmm2-est-spkvecs[5.5.208~1-b0fc0]:UpdateWithU():estimate-am-sgmm2.cc:1937) *Objf impr for speaker vector is 0.0398397 per frame, over 2502.07 frames.
LOG (sgmm2-est-spkvecs[5.5.208~1-b0fc0]:main():sgmm2-est-spkvecs.cc:186) For speaker FPAB1, auxf-impr from speaker vector is 0.0398397, over 2502.07 frames.
LOG (sgmm2-est-spkvecs[5.5.208~1-b0fc0]:UpdateWithU():estimate-am-sgmm2.cc:1937) *Objf impr for speaker vector is 0.0402868 per frame, over 2422.76 frames.
LOG (sgmm2-est-spkvecs[5.5.208~1-b0fc0]:main():sgmm2-est-spkvecs.cc:186) For speaker FPAC0, auxf-impr from speaker vector is 0.0402868, over 2422.76 frames.
LOG (sgmm2-est-spkvecs[5.5.208~1-b0fc0]:UpdateWithU():estimate-am-sgmm2.cc:1937) *Objf impr for speaker vector is 0.0471692 per frame, over 2229.12 frames.
LOG (sgmm2-est-spkvecs[5.5.208~1-b0fc0]:main():sgmm2-est-spkvecs.cc:186) For speaker FPAD0, auxf-impr from speaker vector is 0.0471692, over 2229.12 frames.
LOG (sgmm2-est-spkvecs[5.5.208~1-b0fc0]:UpdateWithU():estimate-am-sgmm2.cc:1937) *Objf impr for speaker vector is 0.0504936 per frame, over 2115.78 frames.
LOG (sgmm2-est-spkvecs[5.5.208~1-b0fc0]:main():sgmm2-est-spkvecs.cc:186) For speaker FPAF0, auxf-impr from speaker vector is 0.0504936, over 2115.78 frames.
LOG (sgmm2-est-spkvecs[5.5.208~1-b0fc0]:UpdateWithU():estimate-am-sgmm2.cc:1937) *Objf impr for speaker vector is 0.0258338 per frame, over 2332.19 frames.
LOG (sgmm2-est-spkvecs[5.5.208~1-b0fc0]:main():sgmm2-est-spkvecs.cc:186) For speaker FPAZ0, auxf-impr from speaker vector is 0.0258338, over 2332.19 frames.
LOG (sgmm2-est-spkvecs[5.5.208~1-b0fc0]:UpdateWithU():estimate-am-sgmm2.cc:1937) *Objf impr for speaker vector is 0.0784395 per frame, over 2112.23 frames.
LOG (sgmm2-est-spkvecs[5.5.208~1-b0fc0]:main():sgmm2-est-spkvecs.cc:186) For speaker FPJF0, auxf-impr from speaker vector is 0.0784395, over 2112.23 frames.
LOG (sgmm2-est-spkvecs[5.5.208~1-b0fc0]:UpdateWithU():estimate-am-sgmm2.cc:1937) *Objf impr for speaker vector is 0.0384239 per frame, over 2075.33 frames.
LOG (sgmm2-est-spkvecs[5.5.208~1-b0fc0]:main():sgmm2-est-spkvecs.cc:186) For speaker FPLS0, auxf-impr from speaker vector is 0.0384239, over 2075.33 frames.
LOG (sgmm2-est-spkvecs[5.5.208~1-b0fc0]:UpdateWithU():estimate-am-sgmm2.cc:1937) *Objf impr for speaker vector is 0.0796306 per frame, over 2419.26 frames.
LOG (sgmm2-est-spkvecs[5.5.208~1-b0fc0]:main():sgmm2-est-spkvecs.cc:186) For speaker FPMY0, auxf-impr from speaker vector is 0.0796306, over 2419.26 frames.
LOG (sgmm2-est-spkvecs[5.5.208~1-b0fc0]:UpdateWithU():estimate-am-sgmm2.cc:1937) *Objf impr for speaker vector is 0.0381035 per frame, over 1960.33 frames.
LOG (sgmm2-est-spkvecs[5.5.208~1-b0fc0]:main():sgmm2-est-spkvecs.cc:186) For speaker FREH0, auxf-impr from speaker vector is 0.0381035, over 1960.33 frames.
LOG (ali-to-post[5.5.208~1-b0fc0]:main():ali-to-post.cc:73) Converted 120 alignments.
LOG (sgmm2-est-spkvecs[5.5.208~1-b0fc0]:UpdateWithU():estimate-am-sgmm2.cc:1937) *Objf impr for speaker vector is 0.0369899 per frame, over 2032.47 frames.
LOG (sgmm2-est-spkvecs[5.5.208~1-b0fc0]:main():sgmm2-est-spkvecs.cc:186) For speaker FRJB0, auxf-impr from speaker vector is 0.0369899, over 2032.47 frames.
LOG (sgmm2-est-spkvecs[5.5.208~1-b0fc0]:UpdateWithU():estimate-am-sgmm2.cc:1937) *Objf impr for speaker vector is 0.058788 per frame, over 2122.62 frames.
LOG (sgmm2-est-spkvecs[5.5.208~1-b0fc0]:main():sgmm2-est-spkvecs.cc:186) For speaker FRLL0, auxf-impr from speaker vector is 0.058788, over 2122.62 frames.
LOG (weight-silence-post[5.5.208~1-b0fc0]:main():weight-silence-post.cc:95) Done 120 posteriors.
LOG (apply-cmvn[5.5.208~1-b0fc0]:main():apply-cmvn.cc:162) Applied cepstral mean normalization to 120 utterances, errors on 0
LOG (sgmm2-est-spkvecs[5.5.208~1-b0fc0]:UpdateWithU():estimate-am-sgmm2.cc:1937) *Objf impr for speaker vector is 0.0470597 per frame, over 2598.55 frames.
LOG (sgmm2-est-spkvecs[5.5.208~1-b0fc0]:main():sgmm2-est-spkvecs.cc:186) For speaker FSAG0, auxf-impr from speaker vector is 0.0470597, over 2598.55 frames.
LOG (transform-feats[5.5.208~1-b0fc0]:main():transform-feats.cc:158) Overall average [pseudo-]logdet is -88.6037 over 37212 frames.
LOG (transform-feats[5.5.208~1-b0fc0]:main():transform-feats.cc:161) Applied transform to 120 utterances; 0 had errors.
LOG (transform-feats[5.5.208~1-b0fc0]:main():transform-feats.cc:158) Overall average logdet is 1.2741 over 37212 frames.
LOG (transform-feats[5.5.208~1-b0fc0]:main():transform-feats.cc:161) Applied transform to 120 utterances; 0 had errors.
LOG (sgmm2-est-spkvecs[5.5.208~1-b0fc0]:UpdateWithU():estimate-am-sgmm2.cc:1937) *Objf impr for speaker vector is 0.0564624 per frame, over 2281.92 frames.
LOG (sgmm2-est-spkvecs[5.5.208~1-b0fc0]:main():sgmm2-est-spkvecs.cc:186) For speaker FSAH0, auxf-impr from speaker vector is 0.0564624, over 2281.92 frames.
LOG (sgmm2-est-spkvecs[5.5.208~1-b0fc0]:main():sgmm2-est-spkvecs.cc:250) Overall auxf impr per frame is 0.0483978 over 33450.9 frames.
LOG (sgmm2-est-spkvecs[5.5.208~1-b0fc0]:main():sgmm2-est-spkvecs.cc:252) Done 120 files, 0 with errors.
# Accounting: time=5 threads=1
# Ended (code 0) at Wed Feb 27 14:56:59 +07 2019, elapsed time 5 seconds
