# ali-to-post "ark:gunzip -c exp/sgmm2_4/ali.21.gz|" ark:- | weight-silence-post 0.01 1 exp/sgmm2_4/12.mdl ark:- ark:- | sgmm2-est-spkvecs --rand-prune=0.1 --spk2utt=ark:data/train/split30/21/spk2utt --spk-vecs=ark:exp/sgmm2_4/vecs.21 "--gselect=ark,s,cs:gunzip -c exp/sgmm2_4/gselect.21.gz|" exp/sgmm2_4/12.mdl "ark,s,cs:apply-cmvn  --utt2spk=ark:data/train/split30/21/utt2spk scp:data/train/split30/21/cmvn.scp scp:data/train/split30/21/feats.scp ark:- | splice-feats --left-context=3 --right-context=3 ark:- ark:- | transform-feats exp/tri3_ali/final.mat ark:- ark:- | transform-feats --utt2spk=ark:data/train/split30/21/utt2spk ark,s,cs:exp/tri3_ali/trans.21 ark:- ark:- |" ark,s,cs:- ark:exp/sgmm2_4/tmp_vecs.21 && mv exp/sgmm2_4/tmp_vecs.21 exp/sgmm2_4/vecs.21 
# Started at Wed Feb 27 14:57:11 +07 2019
#
weight-silence-post 0.01 1 exp/sgmm2_4/12.mdl ark:- ark:- 
ali-to-post 'ark:gunzip -c exp/sgmm2_4/ali.21.gz|' ark:- 
sgmm2-est-spkvecs --rand-prune=0.1 --spk2utt=ark:data/train/split30/21/spk2utt --spk-vecs=ark:exp/sgmm2_4/vecs.21 '--gselect=ark,s,cs:gunzip -c exp/sgmm2_4/gselect.21.gz|' exp/sgmm2_4/12.mdl 'ark,s,cs:apply-cmvn  --utt2spk=ark:data/train/split30/21/utt2spk scp:data/train/split30/21/cmvn.scp scp:data/train/split30/21/feats.scp ark:- | splice-feats --left-context=3 --right-context=3 ark:- ark:- | transform-feats exp/tri3_ali/final.mat ark:- ark:- | transform-feats --utt2spk=ark:data/train/split30/21/utt2spk ark,s,cs:exp/tri3_ali/trans.21 ark:- ark:- |' ark,s,cs:- ark:exp/sgmm2_4/tmp_vecs.21 
apply-cmvn --utt2spk=ark:data/train/split30/21/utt2spk scp:data/train/split30/21/cmvn.scp scp:data/train/split30/21/feats.scp ark:- 
splice-feats --left-context=3 --right-context=3 ark:- ark:- 
transform-feats exp/tri3_ali/final.mat ark:- ark:- 
transform-feats --utt2spk=ark:data/train/split30/21/utt2spk ark,s,cs:exp/tri3_ali/trans.21 ark:- ark:- 
LOG (sgmm2-est-spkvecs[5.5.208~1-b0fc0]:UpdateWithU():estimate-am-sgmm2.cc:1937) *Objf impr for speaker vector is 0.0533194 per frame, over 1983.13 frames.
LOG (sgmm2-est-spkvecs[5.5.208~1-b0fc0]:main():sgmm2-est-spkvecs.cc:186) For speaker MLNS0, auxf-impr from speaker vector is 0.0533194, over 1983.13 frames.
LOG (sgmm2-est-spkvecs[5.5.208~1-b0fc0]:UpdateWithU():estimate-am-sgmm2.cc:1937) *Objf impr for speaker vector is 0.0667155 per frame, over 2404.11 frames.
LOG (sgmm2-est-spkvecs[5.5.208~1-b0fc0]:main():sgmm2-est-spkvecs.cc:186) For speaker MLSH0, auxf-impr from speaker vector is 0.0667155, over 2404.11 frames.
LOG (sgmm2-est-spkvecs[5.5.208~1-b0fc0]:UpdateWithU():estimate-am-sgmm2.cc:1937) *Objf impr for speaker vector is 0.0431436 per frame, over 2307.4 frames.
LOG (sgmm2-est-spkvecs[5.5.208~1-b0fc0]:main():sgmm2-est-spkvecs.cc:186) For speaker MMAA0, auxf-impr from speaker vector is 0.0431436, over 2307.4 frames.
LOG (sgmm2-est-spkvecs[5.5.208~1-b0fc0]:UpdateWithU():estimate-am-sgmm2.cc:1937) *Objf impr for speaker vector is 0.0339704 per frame, over 2408.7 frames.
LOG (sgmm2-est-spkvecs[5.5.208~1-b0fc0]:main():sgmm2-est-spkvecs.cc:186) For speaker MMAB1, auxf-impr from speaker vector is 0.0339704, over 2408.7 frames.
LOG (sgmm2-est-spkvecs[5.5.208~1-b0fc0]:UpdateWithU():estimate-am-sgmm2.cc:1937) *Objf impr for speaker vector is 0.0574075 per frame, over 2525.89 frames.
LOG (sgmm2-est-spkvecs[5.5.208~1-b0fc0]:main():sgmm2-est-spkvecs.cc:186) For speaker MMAG0, auxf-impr from speaker vector is 0.0574075, over 2525.89 frames.
LOG (sgmm2-est-spkvecs[5.5.208~1-b0fc0]:UpdateWithU():estimate-am-sgmm2.cc:1937) *Objf impr for speaker vector is 0.0267335 per frame, over 1894.95 frames.
LOG (sgmm2-est-spkvecs[5.5.208~1-b0fc0]:main():sgmm2-est-spkvecs.cc:186) For speaker MMAM0, auxf-impr from speaker vector is 0.0267335, over 1894.95 frames.
LOG (sgmm2-est-spkvecs[5.5.208~1-b0fc0]:UpdateWithU():estimate-am-sgmm2.cc:1937) *Objf impr for speaker vector is 0.0585578 per frame, over 2749.15 frames.
LOG (sgmm2-est-spkvecs[5.5.208~1-b0fc0]:main():sgmm2-est-spkvecs.cc:186) For speaker MMAR0, auxf-impr from speaker vector is 0.0585578, over 2749.15 frames.
LOG (sgmm2-est-spkvecs[5.5.208~1-b0fc0]:UpdateWithU():estimate-am-sgmm2.cc:1937) *Objf impr for speaker vector is 0.0672762 per frame, over 2379.89 frames.
LOG (sgmm2-est-spkvecs[5.5.208~1-b0fc0]:main():sgmm2-est-spkvecs.cc:186) For speaker MMBS0, auxf-impr from speaker vector is 0.0672762, over 2379.89 frames.
LOG (sgmm2-est-spkvecs[5.5.208~1-b0fc0]:UpdateWithU():estimate-am-sgmm2.cc:1937) *Objf impr for speaker vector is 0.0263806 per frame, over 2069.26 frames.
LOG (sgmm2-est-spkvecs[5.5.208~1-b0fc0]:main():sgmm2-est-spkvecs.cc:186) For speaker MMCC0, auxf-impr from speaker vector is 0.0263806, over 2069.26 frames.
LOG (sgmm2-est-spkvecs[5.5.208~1-b0fc0]:UpdateWithU():estimate-am-sgmm2.cc:1937) *Objf impr for speaker vector is 0.0404515 per frame, over 1919.61 frames.
LOG (sgmm2-est-spkvecs[5.5.208~1-b0fc0]:main():sgmm2-est-spkvecs.cc:186) For speaker MMDB0, auxf-impr from speaker vector is 0.0404515, over 1919.61 frames.
LOG (sgmm2-est-spkvecs[5.5.208~1-b0fc0]:UpdateWithU():estimate-am-sgmm2.cc:1937) *Objf impr for speaker vector is 0.055042 per frame, over 2411.69 frames.
LOG (sgmm2-est-spkvecs[5.5.208~1-b0fc0]:main():sgmm2-est-spkvecs.cc:186) For speaker MMDG0, auxf-impr from speaker vector is 0.055042, over 2411.69 frames.
LOG (sgmm2-est-spkvecs[5.5.208~1-b0fc0]:UpdateWithU():estimate-am-sgmm2.cc:1937) *Objf impr for speaker vector is 0.0350291 per frame, over 2186.47 frames.
LOG (sgmm2-est-spkvecs[5.5.208~1-b0fc0]:main():sgmm2-est-spkvecs.cc:186) For speaker MMDM0, auxf-impr from speaker vector is 0.0350291, over 2186.47 frames.
LOG (ali-to-post[5.5.208~1-b0fc0]:main():ali-to-post.cc:73) Converted 128 alignments.
LOG (sgmm2-est-spkvecs[5.5.208~1-b0fc0]:UpdateWithU():estimate-am-sgmm2.cc:1937) *Objf impr for speaker vector is 0.0372589 per frame, over 2231.75 frames.
LOG (sgmm2-est-spkvecs[5.5.208~1-b0fc0]:main():sgmm2-est-spkvecs.cc:186) For speaker MMDM1, auxf-impr from speaker vector is 0.0372589, over 2231.75 frames.
LOG (sgmm2-est-spkvecs[5.5.208~1-b0fc0]:UpdateWithU():estimate-am-sgmm2.cc:1937) *Objf impr for speaker vector is 0.0592519 per frame, over 1756.97 frames.
LOG (sgmm2-est-spkvecs[5.5.208~1-b0fc0]:main():sgmm2-est-spkvecs.cc:186) For speaker MMDS0, auxf-impr from speaker vector is 0.0592519, over 1756.97 frames.
LOG (weight-silence-post[5.5.208~1-b0fc0]:main():weight-silence-post.cc:95) Done 128 posteriors.
LOG (apply-cmvn[5.5.208~1-b0fc0]:main():apply-cmvn.cc:162) Applied cepstral mean normalization to 128 utterances, errors on 0
LOG (sgmm2-est-spkvecs[5.5.208~1-b0fc0]:UpdateWithU():estimate-am-sgmm2.cc:1937) *Objf impr for speaker vector is 0.0646523 per frame, over 1917.96 frames.
LOG (sgmm2-est-spkvecs[5.5.208~1-b0fc0]:main():sgmm2-est-spkvecs.cc:186) For speaker MMEA0, auxf-impr from speaker vector is 0.0646523, over 1917.96 frames.
LOG (transform-feats[5.5.208~1-b0fc0]:main():transform-feats.cc:158) Overall average [pseudo-]logdet is -88.6037 over 38560 frames.
LOG (transform-feats[5.5.208~1-b0fc0]:main():transform-feats.cc:161) Applied transform to 128 utterances; 0 had errors.
LOG (transform-feats[5.5.208~1-b0fc0]:main():transform-feats.cc:158) Overall average logdet is 3.03373 over 38560 frames.
LOG (transform-feats[5.5.208~1-b0fc0]:main():transform-feats.cc:161) Applied transform to 128 utterances; 0 had errors.
LOG (sgmm2-est-spkvecs[5.5.208~1-b0fc0]:UpdateWithU():estimate-am-sgmm2.cc:1937) *Objf impr for speaker vector is 0.0592382 per frame, over 1953.97 frames.
LOG (sgmm2-est-spkvecs[5.5.208~1-b0fc0]:main():sgmm2-est-spkvecs.cc:186) For speaker MMEB0, auxf-impr from speaker vector is 0.0592382, over 1953.97 frames.
LOG (sgmm2-est-spkvecs[5.5.208~1-b0fc0]:main():sgmm2-est-spkvecs.cc:250) Overall auxf impr per frame is 0.0493675 over 35100.9 frames.
LOG (sgmm2-est-spkvecs[5.5.208~1-b0fc0]:main():sgmm2-est-spkvecs.cc:252) Done 128 files, 0 with errors.
# Accounting: time=5 threads=1
# Ended (code 0) at Wed Feb 27 14:57:16 +07 2019, elapsed time 5 seconds
