# ali-to-post "ark:gunzip -c exp/sgmm2_4/ali.29.gz|" ark:- | weight-silence-post 0.01 1 exp/sgmm2_4/12.mdl ark:- ark:- | sgmm2-est-spkvecs --rand-prune=0.1 --spk2utt=ark:data/train/split30/29/spk2utt --spk-vecs=ark:exp/sgmm2_4/vecs.29 "--gselect=ark,s,cs:gunzip -c exp/sgmm2_4/gselect.29.gz|" exp/sgmm2_4/12.mdl "ark,s,cs:apply-cmvn  --utt2spk=ark:data/train/split30/29/utt2spk scp:data/train/split30/29/cmvn.scp scp:data/train/split30/29/feats.scp ark:- | splice-feats --left-context=3 --right-context=3 ark:- ark:- | transform-feats exp/tri3_ali/final.mat ark:- ark:- | transform-feats --utt2spk=ark:data/train/split30/29/utt2spk ark,s,cs:exp/tri3_ali/trans.29 ark:- ark:- |" ark,s,cs:- ark:exp/sgmm2_4/tmp_vecs.29 && mv exp/sgmm2_4/tmp_vecs.29 exp/sgmm2_4/vecs.29 
# Started at Wed Feb 27 14:57:20 +07 2019
#
weight-silence-post 0.01 1 exp/sgmm2_4/12.mdl ark:- ark:- 
ali-to-post 'ark:gunzip -c exp/sgmm2_4/ali.29.gz|' ark:- 
sgmm2-est-spkvecs --rand-prune=0.1 --spk2utt=ark:data/train/split30/29/spk2utt --spk-vecs=ark:exp/sgmm2_4/vecs.29 '--gselect=ark,s,cs:gunzip -c exp/sgmm2_4/gselect.29.gz|' exp/sgmm2_4/12.mdl 'ark,s,cs:apply-cmvn  --utt2spk=ark:data/train/split30/29/utt2spk scp:data/train/split30/29/cmvn.scp scp:data/train/split30/29/feats.scp ark:- | splice-feats --left-context=3 --right-context=3 ark:- ark:- | transform-feats exp/tri3_ali/final.mat ark:- ark:- | transform-feats --utt2spk=ark:data/train/split30/29/utt2spk ark,s,cs:exp/tri3_ali/trans.29 ark:- ark:- |' ark,s,cs:- ark:exp/sgmm2_4/tmp_vecs.29 
transform-feats --utt2spk=ark:data/train/split30/29/utt2spk ark,s,cs:exp/tri3_ali/trans.29 ark:- ark:- 
splice-feats --left-context=3 --right-context=3 ark:- ark:- 
apply-cmvn --utt2spk=ark:data/train/split30/29/utt2spk scp:data/train/split30/29/cmvn.scp scp:data/train/split30/29/feats.scp ark:- 
transform-feats exp/tri3_ali/final.mat ark:- ark:- 
LOG (sgmm2-est-spkvecs[5.5.208~1-b0fc0]:UpdateWithU():estimate-am-sgmm2.cc:1937) *Objf impr for speaker vector is 0.0288022 per frame, over 2312.73 frames.
LOG (sgmm2-est-spkvecs[5.5.208~1-b0fc0]:main():sgmm2-est-spkvecs.cc:186) For speaker MTLB0, auxf-impr from speaker vector is 0.0288022, over 2312.73 frames.
LOG (sgmm2-est-spkvecs[5.5.208~1-b0fc0]:UpdateWithU():estimate-am-sgmm2.cc:1937) *Objf impr for speaker vector is 0.0264056 per frame, over 1978.09 frames.
LOG (sgmm2-est-spkvecs[5.5.208~1-b0fc0]:main():sgmm2-est-spkvecs.cc:186) For speaker MTLC0, auxf-impr from speaker vector is 0.0264056, over 1978.09 frames.
LOG (sgmm2-est-spkvecs[5.5.208~1-b0fc0]:UpdateWithU():estimate-am-sgmm2.cc:1937) *Objf impr for speaker vector is 0.0439987 per frame, over 1945.02 frames.
LOG (sgmm2-est-spkvecs[5.5.208~1-b0fc0]:main():sgmm2-est-spkvecs.cc:186) For speaker MTML0, auxf-impr from speaker vector is 0.0439987, over 1945.02 frames.
LOG (sgmm2-est-spkvecs[5.5.208~1-b0fc0]:UpdateWithU():estimate-am-sgmm2.cc:1937) *Objf impr for speaker vector is 0.0486696 per frame, over 2435.77 frames.
LOG (sgmm2-est-spkvecs[5.5.208~1-b0fc0]:main():sgmm2-est-spkvecs.cc:186) For speaker MTMN0, auxf-impr from speaker vector is 0.0486696, over 2435.77 frames.
LOG (sgmm2-est-spkvecs[5.5.208~1-b0fc0]:UpdateWithU():estimate-am-sgmm2.cc:1937) *Objf impr for speaker vector is 0.0360775 per frame, over 2231.34 frames.
LOG (sgmm2-est-spkvecs[5.5.208~1-b0fc0]:main():sgmm2-est-spkvecs.cc:186) For speaker MTMT0, auxf-impr from speaker vector is 0.0360775, over 2231.34 frames.
LOG (sgmm2-est-spkvecs[5.5.208~1-b0fc0]:UpdateWithU():estimate-am-sgmm2.cc:1937) *Objf impr for speaker vector is 0.0916698 per frame, over 1856.63 frames.
LOG (sgmm2-est-spkvecs[5.5.208~1-b0fc0]:main():sgmm2-est-spkvecs.cc:186) For speaker MTPF0, auxf-impr from speaker vector is 0.0916698, over 1856.63 frames.
LOG (sgmm2-est-spkvecs[5.5.208~1-b0fc0]:UpdateWithU():estimate-am-sgmm2.cc:1937) *Objf impr for speaker vector is 0.0563915 per frame, over 1999.33 frames.
LOG (sgmm2-est-spkvecs[5.5.208~1-b0fc0]:main():sgmm2-est-spkvecs.cc:186) For speaker MTPG0, auxf-impr from speaker vector is 0.0563915, over 1999.33 frames.
LOG (sgmm2-est-spkvecs[5.5.208~1-b0fc0]:UpdateWithU():estimate-am-sgmm2.cc:1937) *Objf impr for speaker vector is 0.0670003 per frame, over 1950.34 frames.
LOG (sgmm2-est-spkvecs[5.5.208~1-b0fc0]:main():sgmm2-est-spkvecs.cc:186) For speaker MTPP0, auxf-impr from speaker vector is 0.0670003, over 1950.34 frames.
LOG (sgmm2-est-spkvecs[5.5.208~1-b0fc0]:UpdateWithU():estimate-am-sgmm2.cc:1937) *Objf impr for speaker vector is 0.0561434 per frame, over 2435.27 frames.
LOG (sgmm2-est-spkvecs[5.5.208~1-b0fc0]:main():sgmm2-est-spkvecs.cc:186) For speaker MTPR0, auxf-impr from speaker vector is 0.0561434, over 2435.27 frames.
LOG (sgmm2-est-spkvecs[5.5.208~1-b0fc0]:UpdateWithU():estimate-am-sgmm2.cc:1937) *Objf impr for speaker vector is 0.0565371 per frame, over 3027.57 frames.
LOG (sgmm2-est-spkvecs[5.5.208~1-b0fc0]:main():sgmm2-est-spkvecs.cc:186) For speaker MTQC0, auxf-impr from speaker vector is 0.0565371, over 3027.57 frames.
LOG (sgmm2-est-spkvecs[5.5.208~1-b0fc0]:UpdateWithU():estimate-am-sgmm2.cc:1937) *Objf impr for speaker vector is 0.0419614 per frame, over 1910.14 frames.
LOG (sgmm2-est-spkvecs[5.5.208~1-b0fc0]:main():sgmm2-est-spkvecs.cc:186) For speaker MTRC0, auxf-impr from speaker vector is 0.0419614, over 1910.14 frames.
LOG (ali-to-post[5.5.208~1-b0fc0]:main():ali-to-post.cc:73) Converted 120 alignments.
LOG (sgmm2-est-spkvecs[5.5.208~1-b0fc0]:UpdateWithU():estimate-am-sgmm2.cc:1937) *Objf impr for speaker vector is 0.0431491 per frame, over 2197.08 frames.
LOG (sgmm2-est-spkvecs[5.5.208~1-b0fc0]:main():sgmm2-est-spkvecs.cc:186) For speaker MTRR0, auxf-impr from speaker vector is 0.0431491, over 2197.08 frames.
LOG (sgmm2-est-spkvecs[5.5.208~1-b0fc0]:UpdateWithU():estimate-am-sgmm2.cc:1937) *Objf impr for speaker vector is 0.0946832 per frame, over 2104.17 frames.
LOG (sgmm2-est-spkvecs[5.5.208~1-b0fc0]:main():sgmm2-est-spkvecs.cc:186) For speaker MTRT0, auxf-impr from speaker vector is 0.0946831, over 2104.17 frames.
LOG (weight-silence-post[5.5.208~1-b0fc0]:main():weight-silence-post.cc:95) Done 120 posteriors.
LOG (apply-cmvn[5.5.208~1-b0fc0]:main():apply-cmvn.cc:162) Applied cepstral mean normalization to 120 utterances, errors on 0
LOG (sgmm2-est-spkvecs[5.5.208~1-b0fc0]:UpdateWithU():estimate-am-sgmm2.cc:1937) *Objf impr for speaker vector is 0.103602 per frame, over 1890.5 frames.
LOG (sgmm2-est-spkvecs[5.5.208~1-b0fc0]:main():sgmm2-est-spkvecs.cc:186) For speaker MTWH1, auxf-impr from speaker vector is 0.103602, over 1890.5 frames.
LOG (transform-feats[5.5.208~1-b0fc0]:main():transform-feats.cc:158) Overall average [pseudo-]logdet is -88.6037 over 36474 frames.
LOG (transform-feats[5.5.208~1-b0fc0]:main():transform-feats.cc:161) Applied transform to 120 utterances; 0 had errors.
LOG (transform-feats[5.5.208~1-b0fc0]:main():transform-feats.cc:158) Overall average logdet is 3.28861 over 36474 frames.
LOG (transform-feats[5.5.208~1-b0fc0]:main():transform-feats.cc:161) Applied transform to 120 utterances; 0 had errors.
LOG (sgmm2-est-spkvecs[5.5.208~1-b0fc0]:UpdateWithU():estimate-am-sgmm2.cc:1937) *Objf impr for speaker vector is 0.124206 per frame, over 2408.5 frames.
LOG (sgmm2-est-spkvecs[5.5.208~1-b0fc0]:main():sgmm2-est-spkvecs.cc:186) For speaker MTXS0, auxf-impr from speaker vector is 0.124206, over 2408.5 frames.
LOG (sgmm2-est-spkvecs[5.5.208~1-b0fc0]:main():sgmm2-est-spkvecs.cc:250) Overall auxf impr per frame is 0.0610166 over 32682.5 frames.
LOG (sgmm2-est-spkvecs[5.5.208~1-b0fc0]:main():sgmm2-est-spkvecs.cc:252) Done 120 files, 0 with errors.
# Accounting: time=3 threads=1
# Ended (code 0) at Wed Feb 27 14:57:23 +07 2019, elapsed time 3 seconds
