# ali-to-post "ark:gunzip -c exp/sgmm2_4/ali.3.gz|" ark:- | weight-silence-post 0.01 1 exp/sgmm2_4/17.mdl ark:- ark:- | sgmm2-est-spkvecs --rand-prune=0.1 --spk2utt=ark:data/train/split30/3/spk2utt --spk-vecs=ark:exp/sgmm2_4/vecs.3 "--gselect=ark,s,cs:gunzip -c exp/sgmm2_4/gselect.3.gz|" exp/sgmm2_4/17.mdl "ark,s,cs:apply-cmvn  --utt2spk=ark:data/train/split30/3/utt2spk scp:data/train/split30/3/cmvn.scp scp:data/train/split30/3/feats.scp ark:- | splice-feats --left-context=3 --right-context=3 ark:- ark:- | transform-feats exp/tri3_ali/final.mat ark:- ark:- | transform-feats --utt2spk=ark:data/train/split30/3/utt2spk ark,s,cs:exp/tri3_ali/trans.3 ark:- ark:- |" ark,s,cs:- ark:exp/sgmm2_4/tmp_vecs.3 && mv exp/sgmm2_4/tmp_vecs.3 exp/sgmm2_4/vecs.3 
# Started at Wed Feb 27 15:03:17 +07 2019
#
weight-silence-post 0.01 1 exp/sgmm2_4/17.mdl ark:- ark:- 
sgmm2-est-spkvecs --rand-prune=0.1 --spk2utt=ark:data/train/split30/3/spk2utt --spk-vecs=ark:exp/sgmm2_4/vecs.3 '--gselect=ark,s,cs:gunzip -c exp/sgmm2_4/gselect.3.gz|' exp/sgmm2_4/17.mdl 'ark,s,cs:apply-cmvn  --utt2spk=ark:data/train/split30/3/utt2spk scp:data/train/split30/3/cmvn.scp scp:data/train/split30/3/feats.scp ark:- | splice-feats --left-context=3 --right-context=3 ark:- ark:- | transform-feats exp/tri3_ali/final.mat ark:- ark:- | transform-feats --utt2spk=ark:data/train/split30/3/utt2spk ark,s,cs:exp/tri3_ali/trans.3 ark:- ark:- |' ark,s,cs:- ark:exp/sgmm2_4/tmp_vecs.3 
ali-to-post 'ark:gunzip -c exp/sgmm2_4/ali.3.gz|' ark:- 
transform-feats --utt2spk=ark:data/train/split30/3/utt2spk ark,s,cs:exp/tri3_ali/trans.3 ark:- ark:- 
transform-feats exp/tri3_ali/final.mat ark:- ark:- 
apply-cmvn --utt2spk=ark:data/train/split30/3/utt2spk scp:data/train/split30/3/cmvn.scp scp:data/train/split30/3/feats.scp ark:- 
splice-feats --left-context=3 --right-context=3 ark:- ark:- 
LOG (sgmm2-est-spkvecs[5.5.208~1-b0fc0]:UpdateWithU():estimate-am-sgmm2.cc:1937) *Objf impr for speaker vector is 0.0318787 per frame, over 2501.8 frames.
LOG (sgmm2-est-spkvecs[5.5.208~1-b0fc0]:main():sgmm2-est-spkvecs.cc:186) For speaker FDNC0, auxf-impr from speaker vector is 0.0318787, over 2501.8 frames.
LOG (sgmm2-est-spkvecs[5.5.208~1-b0fc0]:UpdateWithU():estimate-am-sgmm2.cc:1937) *Objf impr for speaker vector is 0.0311762 per frame, over 2429.96 frames.
LOG (sgmm2-est-spkvecs[5.5.208~1-b0fc0]:main():sgmm2-est-spkvecs.cc:186) For speaker FDTD0, auxf-impr from speaker vector is 0.0311762, over 2429.96 frames.
LOG (sgmm2-est-spkvecs[5.5.208~1-b0fc0]:UpdateWithU():estimate-am-sgmm2.cc:1937) *Objf impr for speaker vector is 0.0354173 per frame, over 1918.56 frames.
LOG (sgmm2-est-spkvecs[5.5.208~1-b0fc0]:main():sgmm2-est-spkvecs.cc:186) For speaker FDXW0, auxf-impr from speaker vector is 0.0354173, over 1918.56 frames.
LOG (sgmm2-est-spkvecs[5.5.208~1-b0fc0]:UpdateWithU():estimate-am-sgmm2.cc:1937) *Objf impr for speaker vector is 0.0214522 per frame, over 2279.94 frames.
LOG (sgmm2-est-spkvecs[5.5.208~1-b0fc0]:main():sgmm2-est-spkvecs.cc:186) For speaker FEAC0, auxf-impr from speaker vector is 0.0214522, over 2279.94 frames.
LOG (sgmm2-est-spkvecs[5.5.208~1-b0fc0]:UpdateWithU():estimate-am-sgmm2.cc:1937) *Objf impr for speaker vector is 0.0281781 per frame, over 2299.98 frames.
LOG (sgmm2-est-spkvecs[5.5.208~1-b0fc0]:main():sgmm2-est-spkvecs.cc:186) For speaker FEAR0, auxf-impr from speaker vector is 0.0281781, over 2299.98 frames.
LOG (sgmm2-est-spkvecs[5.5.208~1-b0fc0]:UpdateWithU():estimate-am-sgmm2.cc:1937) *Objf impr for speaker vector is 0.0201242 per frame, over 2549.78 frames.
LOG (sgmm2-est-spkvecs[5.5.208~1-b0fc0]:main():sgmm2-est-spkvecs.cc:186) For speaker FECD0, auxf-impr from speaker vector is 0.0201242, over 2549.78 frames.
LOG (sgmm2-est-spkvecs[5.5.208~1-b0fc0]:UpdateWithU():estimate-am-sgmm2.cc:1937) *Objf impr for speaker vector is 0.0227701 per frame, over 2322.49 frames.
LOG (sgmm2-est-spkvecs[5.5.208~1-b0fc0]:main():sgmm2-est-spkvecs.cc:186) For speaker FEEH0, auxf-impr from speaker vector is 0.0227701, over 2322.49 frames.
LOG (sgmm2-est-spkvecs[5.5.208~1-b0fc0]:UpdateWithU():estimate-am-sgmm2.cc:1937) *Objf impr for speaker vector is 0.0244559 per frame, over 2240.36 frames.
LOG (sgmm2-est-spkvecs[5.5.208~1-b0fc0]:main():sgmm2-est-spkvecs.cc:186) For speaker FEME0, auxf-impr from speaker vector is 0.0244559, over 2240.36 frames.
LOG (sgmm2-est-spkvecs[5.5.208~1-b0fc0]:UpdateWithU():estimate-am-sgmm2.cc:1937) *Objf impr for speaker vector is 0.0338465 per frame, over 2217.06 frames.
LOG (sgmm2-est-spkvecs[5.5.208~1-b0fc0]:main():sgmm2-est-spkvecs.cc:186) For speaker FETB0, auxf-impr from speaker vector is 0.0338465, over 2217.06 frames.
LOG (sgmm2-est-spkvecs[5.5.208~1-b0fc0]:UpdateWithU():estimate-am-sgmm2.cc:1937) *Objf impr for speaker vector is 0.0363292 per frame, over 2573.81 frames.
LOG (sgmm2-est-spkvecs[5.5.208~1-b0fc0]:main():sgmm2-est-spkvecs.cc:186) For speaker FEXM0, auxf-impr from speaker vector is 0.0363292, over 2573.81 frames.
LOG (sgmm2-est-spkvecs[5.5.208~1-b0fc0]:UpdateWithU():estimate-am-sgmm2.cc:1937) *Objf impr for speaker vector is 0.0224064 per frame, over 1987.85 frames.
LOG (sgmm2-est-spkvecs[5.5.208~1-b0fc0]:main():sgmm2-est-spkvecs.cc:186) For speaker FGCS0, auxf-impr from speaker vector is 0.0224064, over 1987.85 frames.
LOG (sgmm2-est-spkvecs[5.5.208~1-b0fc0]:UpdateWithU():estimate-am-sgmm2.cc:1937) *Objf impr for speaker vector is 0.0299574 per frame, over 2449.68 frames.
LOG (sgmm2-est-spkvecs[5.5.208~1-b0fc0]:main():sgmm2-est-spkvecs.cc:186) For speaker FGDP0, auxf-impr from speaker vector is 0.0299574, over 2449.68 frames.
LOG (ali-to-post[5.5.208~1-b0fc0]:main():ali-to-post.cc:73) Converted 128 alignments.
LOG (sgmm2-est-spkvecs[5.5.208~1-b0fc0]:UpdateWithU():estimate-am-sgmm2.cc:1937) *Objf impr for speaker vector is 0.0234355 per frame, over 2594.98 frames.
LOG (sgmm2-est-spkvecs[5.5.208~1-b0fc0]:main():sgmm2-est-spkvecs.cc:186) For speaker FGMB0, auxf-impr from speaker vector is 0.0234355, over 2594.98 frames.
LOG (sgmm2-est-spkvecs[5.5.208~1-b0fc0]:UpdateWithU():estimate-am-sgmm2.cc:1937) *Objf impr for speaker vector is 0.0218057 per frame, over 2487.02 frames.
LOG (sgmm2-est-spkvecs[5.5.208~1-b0fc0]:main():sgmm2-est-spkvecs.cc:186) For speaker FGRW0, auxf-impr from speaker vector is 0.0218057, over 2487.02 frames.
LOG (weight-silence-post[5.5.208~1-b0fc0]:main():weight-silence-post.cc:95) Done 128 posteriors.
LOG (sgmm2-est-spkvecs[5.5.208~1-b0fc0]:UpdateWithU():estimate-am-sgmm2.cc:1937) *Objf impr for speaker vector is 0.0222936 per frame, over 2211.75 frames.
LOG (sgmm2-est-spkvecs[5.5.208~1-b0fc0]:main():sgmm2-est-spkvecs.cc:186) For speaker FHLM0, auxf-impr from speaker vector is 0.0222936, over 2211.75 frames.
LOG (apply-cmvn[5.5.208~1-b0fc0]:main():apply-cmvn.cc:162) Applied cepstral mean normalization to 128 utterances, errors on 0
LOG (transform-feats[5.5.208~1-b0fc0]:main():transform-feats.cc:158) Overall average [pseudo-]logdet is -88.6037 over 41786 frames.
LOG (transform-feats[5.5.208~1-b0fc0]:main():transform-feats.cc:161) Applied transform to 128 utterances; 0 had errors.
LOG (transform-feats[5.5.208~1-b0fc0]:main():transform-feats.cc:158) Overall average logdet is 1.65482 over 41786 frames.
LOG (transform-feats[5.5.208~1-b0fc0]:main():transform-feats.cc:161) Applied transform to 128 utterances; 0 had errors.
LOG (sgmm2-est-spkvecs[5.5.208~1-b0fc0]:UpdateWithU():estimate-am-sgmm2.cc:1937) *Objf impr for speaker vector is 0.0258515 per frame, over 2405.88 frames.
LOG (sgmm2-est-spkvecs[5.5.208~1-b0fc0]:main():sgmm2-est-spkvecs.cc:186) For speaker FHXS0, auxf-impr from speaker vector is 0.0258515, over 2405.88 frames.
LOG (sgmm2-est-spkvecs[5.5.208~1-b0fc0]:main():sgmm2-est-spkvecs.cc:250) Overall auxf impr per frame is 0.0269325 over 37470.9 frames.
LOG (sgmm2-est-spkvecs[5.5.208~1-b0fc0]:main():sgmm2-est-spkvecs.cc:252) Done 128 files, 0 with errors.
# Accounting: time=6 threads=1
# Ended (code 0) at Wed Feb 27 15:03:23 +07 2019, elapsed time 6 seconds
