# sgmm2-est --update-flags=vMwcS --remove-speaker-space=true --power=0.25 exp/sgmm2_4/27.alimdl "sgmm2-sum-accs - exp/sgmm2_4/27.*.aliacc|" exp/sgmm2_4/28.alimdl 
# Started at Wed Feb 27 15:14:08 +07 2019
#
sgmm2-est --update-flags=vMwcS --remove-speaker-space=true --power=0.25 exp/sgmm2_4/27.alimdl 'sgmm2-sum-accs - exp/sgmm2_4/27.*.aliacc|' exp/sgmm2_4/28.alimdl 
sgmm2-sum-accs - exp/sgmm2_4/27.1.aliacc exp/sgmm2_4/27.10.aliacc exp/sgmm2_4/27.11.aliacc exp/sgmm2_4/27.12.aliacc exp/sgmm2_4/27.13.aliacc exp/sgmm2_4/27.14.aliacc exp/sgmm2_4/27.15.aliacc exp/sgmm2_4/27.16.aliacc exp/sgmm2_4/27.17.aliacc exp/sgmm2_4/27.18.aliacc exp/sgmm2_4/27.19.aliacc exp/sgmm2_4/27.2.aliacc exp/sgmm2_4/27.20.aliacc exp/sgmm2_4/27.21.aliacc exp/sgmm2_4/27.22.aliacc exp/sgmm2_4/27.23.aliacc exp/sgmm2_4/27.24.aliacc exp/sgmm2_4/27.25.aliacc exp/sgmm2_4/27.26.aliacc exp/sgmm2_4/27.27.aliacc exp/sgmm2_4/27.28.aliacc exp/sgmm2_4/27.29.aliacc exp/sgmm2_4/27.3.aliacc exp/sgmm2_4/27.30.aliacc exp/sgmm2_4/27.4.aliacc exp/sgmm2_4/27.5.aliacc exp/sgmm2_4/27.6.aliacc exp/sgmm2_4/27.7.aliacc exp/sgmm2_4/27.8.aliacc exp/sgmm2_4/27.9.aliacc 
LOG (sgmm2-sum-accs[5.5.208~1-b0fc0]:main():sgmm2-sum-accs.cc:87) Written stats to -
LOG (sgmm2-est[5.5.208~1-b0fc0]:Check():estimate-am-sgmm2.cc:216) Sgmm2PdfModel: J1 = 1400, J2 = 5684, D = 40, S = 41, T = 0, I = 400
LOG (sgmm2-est[5.5.208~1-b0fc0]:Check():estimate-am-sgmm2.cc:362) Subspace GMM model properties: Y: yes, nonzero. Z, R: no.  S: yes, nonzero. y: yes, nonzero. a: no.  gamma: yes.  gamma: yes, nonzero. gamma_c: yes, nonzero. t: no.  U: no.  
LOG (sgmm2-est[5.5.208~1-b0fc0]:UpdatePhoneVectors():estimate-am-sgmm2.cc:788) Updating phone vectors
LOG (sgmm2-est[5.5.208~1-b0fc0]:UpdatePhoneVectorsInternal():estimate-am-sgmm2.cc:934) Auxf impr for j = 0 m = 0 is 2.49058e-05 per frame over 2342.37 frames.
LOG (sgmm2-est[5.5.208~1-b0fc0]:UpdatePhoneVectorsInternal():estimate-am-sgmm2.cc:934) Auxf impr for j = 0 m = 1 is 1.62963e-05 per frame over 2334.63 frames.
LOG (sgmm2-est[5.5.208~1-b0fc0]:UpdatePhoneVectorsInternal():estimate-am-sgmm2.cc:934) Auxf impr for j = 0 m = 2 is 1.15931e-05 per frame over 1290.27 frames.
LOG (sgmm2-est[5.5.208~1-b0fc0]:UpdatePhoneVectorsInternal():estimate-am-sgmm2.cc:934) Auxf impr for j = 1 m = 0 is 0.00136946 per frame over 82.6639 frames.
LOG (sgmm2-est[5.5.208~1-b0fc0]:UpdatePhoneVectorsInternal():estimate-am-sgmm2.cc:934) Auxf impr for j = 1 m = 1 is 0.00289174 per frame over 24.1033 frames.
LOG (sgmm2-est[5.5.208~1-b0fc0]:UpdatePhoneVectorsInternal():estimate-am-sgmm2.cc:934) Auxf impr for j = 1 m = 2 is 0.000861014 per frame over 115.441 frames.
LOG (sgmm2-est[5.5.208~1-b0fc0]:UpdatePhoneVectorsInternal():estimate-am-sgmm2.cc:934) Auxf impr for j = 2 m = 0 is 0.000472126 per frame over 77.4313 frames.
LOG (sgmm2-est[5.5.208~1-b0fc0]:UpdatePhoneVectorsInternal():estimate-am-sgmm2.cc:934) Auxf impr for j = 2 m = 1 is 0.000366392 per frame over 135.101 frames.
LOG (sgmm2-est[5.5.208~1-b0fc0]:UpdatePhoneVectorsInternal():estimate-am-sgmm2.cc:934) Auxf impr for j = 2 m = 2 is 0.00186014 per frame over 83.8137 frames.
LOG (sgmm2-est[5.5.208~1-b0fc0]:UpdatePhoneVectors():estimate-am-sgmm2.cc:800) **Overall auxf impr for v is 0.000549651 over 1.12478e+06 frames
LOG (sgmm2-est[5.5.208~1-b0fc0]:SolveQuadraticMatrixProblem():sp-matrix.cc:786) Solving matrix problem for M: floored 13 eigenvalues. 
LOG (sgmm2-est[5.5.208~1-b0fc0]:SolveQuadraticMatrixProblem():sp-matrix.cc:786) Solving matrix problem for M: floored 20 eigenvalues. 
LOG (sgmm2-est[5.5.208~1-b0fc0]:SolveQuadraticMatrixProblem():sp-matrix.cc:786) Solving matrix problem for M: floored 3 eigenvalues. 
LOG (sgmm2-est[5.5.208~1-b0fc0]:UpdateM():estimate-am-sgmm2.cc:1074) Overall objective function improvement for model projections M is 0.00767241 over 1.12478e+06 frames
LOG (sgmm2-est[5.5.208~1-b0fc0]:UpdateW():estimate-am-sgmm2.cc:1325) Updating weight projections
LOG (sgmm2-est[5.5.208~1-b0fc0]:UpdateW():estimate-am-sgmm2.cc:1379) Predicted objf impr for w, iter = 0, i = 0 is 2.19096e-05 per frame over 4028.62 frames.
LOG (sgmm2-est[5.5.208~1-b0fc0]:UpdateW():estimate-am-sgmm2.cc:1379) Predicted objf impr for w, iter = 0, i = 1 is 1.42727e-05 per frame over 3235.4 frames.
LOG (sgmm2-est[5.5.208~1-b0fc0]:UpdateW():estimate-am-sgmm2.cc:1379) Predicted objf impr for w, iter = 0, i = 2 is 1.7568e-05 per frame over 4445.73 frames.
LOG (sgmm2-est[5.5.208~1-b0fc0]:UpdateW():estimate-am-sgmm2.cc:1379) Predicted objf impr for w, iter = 0, i = 3 is 2.36952e-05 per frame over 5478.04 frames.
LOG (sgmm2-est[5.5.208~1-b0fc0]:UpdateW():estimate-am-sgmm2.cc:1379) Predicted objf impr for w, iter = 0, i = 4 is 2.02074e-05 per frame over 4063.6 frames.
LOG (sgmm2-est[5.5.208~1-b0fc0]:UpdateW():estimate-am-sgmm2.cc:1379) Predicted objf impr for w, iter = 0, i = 5 is 3.63343e-05 per frame over 2823.78 frames.
LOG (sgmm2-est[5.5.208~1-b0fc0]:UpdateW():estimate-am-sgmm2.cc:1379) Predicted objf impr for w, iter = 0, i = 6 is 2.77454e-05 per frame over 4094.36 frames.
LOG (sgmm2-est[5.5.208~1-b0fc0]:UpdateW():estimate-am-sgmm2.cc:1379) Predicted objf impr for w, iter = 0, i = 7 is 1.50165e-05 per frame over 6323.09 frames.
LOG (sgmm2-est[5.5.208~1-b0fc0]:UpdateW():estimate-am-sgmm2.cc:1379) Predicted objf impr for w, iter = 0, i = 8 is 1.43081e-05 per frame over 2816.21 frames.
LOG (sgmm2-est[5.5.208~1-b0fc0]:UpdateW():estimate-am-sgmm2.cc:1379) Predicted objf impr for w, iter = 0, i = 9 is 1.9263e-05 per frame over 4369.68 frames.
LOG (sgmm2-est[5.5.208~1-b0fc0]:UpdateW():estimate-am-sgmm2.cc:1379) Predicted objf impr for w, iter = 1, i = 0 is 1.53653e-05 per frame over 4028.62 frames.
LOG (sgmm2-est[5.5.208~1-b0fc0]:UpdateW():estimate-am-sgmm2.cc:1379) Predicted objf impr for w, iter = 1, i = 1 is 1.53064e-05 per frame over 3235.4 frames.
LOG (sgmm2-est[5.5.208~1-b0fc0]:UpdateW():estimate-am-sgmm2.cc:1379) Predicted objf impr for w, iter = 1, i = 2 is 1.50581e-05 per frame over 4445.73 frames.
LOG (sgmm2-est[5.5.208~1-b0fc0]:UpdateW():estimate-am-sgmm2.cc:1379) Predicted objf impr for w, iter = 1, i = 3 is 1.4373e-05 per frame over 5478.04 frames.
LOG (sgmm2-est[5.5.208~1-b0fc0]:UpdateW():estimate-am-sgmm2.cc:1379) Predicted objf impr for w, iter = 1, i = 4 is 1.29889e-05 per frame over 4063.6 frames.
LOG (sgmm2-est[5.5.208~1-b0fc0]:UpdateW():estimate-am-sgmm2.cc:1379) Predicted objf impr for w, iter = 1, i = 5 is 9.91867e-06 per frame over 2823.78 frames.
LOG (sgmm2-est[5.5.208~1-b0fc0]:UpdateW():estimate-am-sgmm2.cc:1379) Predicted objf impr for w, iter = 1, i = 6 is 9.31852e-06 per frame over 4094.36 frames.
LOG (sgmm2-est[5.5.208~1-b0fc0]:UpdateW():estimate-am-sgmm2.cc:1379) Predicted objf impr for w, iter = 1, i = 7 is 1.04528e-05 per frame over 6323.09 frames.
LOG (sgmm2-est[5.5.208~1-b0fc0]:UpdateW():estimate-am-sgmm2.cc:1379) Predicted objf impr for w, iter = 1, i = 8 is 1.02209e-05 per frame over 2816.21 frames.
LOG (sgmm2-est[5.5.208~1-b0fc0]:UpdateW():estimate-am-sgmm2.cc:1379) Predicted objf impr for w, iter = 1, i = 9 is 1.03118e-05 per frame over 4369.68 frames.
LOG (sgmm2-est[5.5.208~1-b0fc0]:UpdateW():estimate-am-sgmm2.cc:1379) Predicted objf impr for w, iter = 2, i = 0 is 1.40706e-05 per frame over 4028.62 frames.
LOG (sgmm2-est[5.5.208~1-b0fc0]:UpdateW():estimate-am-sgmm2.cc:1379) Predicted objf impr for w, iter = 2, i = 1 is 1.42007e-05 per frame over 3235.4 frames.
LOG (sgmm2-est[5.5.208~1-b0fc0]:UpdateW():estimate-am-sgmm2.cc:1379) Predicted objf impr for w, iter = 2, i = 2 is 1.38699e-05 per frame over 4445.73 frames.
LOG (sgmm2-est[5.5.208~1-b0fc0]:UpdateW():estimate-am-sgmm2.cc:1379) Predicted objf impr for w, iter = 2, i = 3 is 1.30153e-05 per frame over 5478.04 frames.
LOG (sgmm2-est[5.5.208~1-b0fc0]:UpdateW():estimate-am-sgmm2.cc:1379) Predicted objf impr for w, iter = 2, i = 4 is 1.15237e-05 per frame over 4063.6 frames.
LOG (sgmm2-est[5.5.208~1-b0fc0]:UpdateW():estimate-am-sgmm2.cc:1379) Predicted objf impr for w, iter = 2, i = 5 is 7.80321e-06 per frame over 2823.78 frames.
LOG (sgmm2-est[5.5.208~1-b0fc0]:SolveQuadraticProblem<double>():sp-matrix.cc:686) Solving quadratic problem for w: floored 1 eigenvalues. 
LOG (sgmm2-est[5.5.208~1-b0fc0]:UpdateW():estimate-am-sgmm2.cc:1379) Predicted objf impr for w, iter = 2, i = 6 is 6.47856e-06 per frame over 4094.36 frames.
LOG (sgmm2-est[5.5.208~1-b0fc0]:UpdateW():estimate-am-sgmm2.cc:1379) Predicted objf impr for w, iter = 2, i = 7 is 9.38134e-06 per frame over 6323.09 frames.
LOG (sgmm2-est[5.5.208~1-b0fc0]:UpdateW():estimate-am-sgmm2.cc:1379) Predicted objf impr for w, iter = 2, i = 8 is 9.03111e-06 per frame over 2816.21 frames.
LOG (sgmm2-est[5.5.208~1-b0fc0]:UpdateW():estimate-am-sgmm2.cc:1379) Predicted objf impr for w, iter = 2, i = 9 is 9.27279e-06 per frame over 4369.68 frames.
LOG (sgmm2-est[5.5.208~1-b0fc0]:UpdateW():estimate-am-sgmm2.cc:1433) **Overall objf impr for w is 8.34746e-05, actual 0.000129607, over 1.12478e+06 frames
WARNING (sgmm2-est[5.5.208~1-b0fc0]:UpdateVars():estimate-am-sgmm2.cc:1649) For Gaussian component 1: Floored 2 covariance eigenvalues.
WARNING (sgmm2-est[5.5.208~1-b0fc0]:UpdateVars():estimate-am-sgmm2.cc:1649) For Gaussian component 6: Floored 2 covariance eigenvalues.
WARNING (sgmm2-est[5.5.208~1-b0fc0]:UpdateVars():estimate-am-sgmm2.cc:1649) For Gaussian component 36: Floored 1 covariance eigenvalues.
WARNING (sgmm2-est[5.5.208~1-b0fc0]:UpdateVars():estimate-am-sgmm2.cc:1649) For Gaussian component 38: Floored 5 covariance eigenvalues.
WARNING (sgmm2-est[5.5.208~1-b0fc0]:UpdateVars():estimate-am-sgmm2.cc:1649) For Gaussian component 41: Floored 3 covariance eigenvalues.
WARNING (sgmm2-est[5.5.208~1-b0fc0]:UpdateVars():estimate-am-sgmm2.cc:1649) For Gaussian component 42: Floored 5 covariance eigenvalues.
WARNING (sgmm2-est[5.5.208~1-b0fc0]:UpdateVars():estimate-am-sgmm2.cc:1649) For Gaussian component 49: Floored 1 covariance eigenvalues.
WARNING (sgmm2-est[5.5.208~1-b0fc0]:UpdateVars():estimate-am-sgmm2.cc:1649) For Gaussian component 50: Floored 2 covariance eigenvalues.
WARNING (sgmm2-est[5.5.208~1-b0fc0]:UpdateVars():estimate-am-sgmm2.cc:1649) For Gaussian component 51: Floored 2 covariance eigenvalues.
WARNING (sgmm2-est[5.5.208~1-b0fc0]:UpdateVars():estimate-am-sgmm2.cc:1649) For Gaussian component 68: Floored 2 covariance eigenvalues.
WARNING (sgmm2-est[5.5.208~1-b0fc0]:UpdateVars():estimate-am-sgmm2.cc:1649) For Gaussian component 76: Floored 3 covariance eigenvalues.
WARNING (sgmm2-est[5.5.208~1-b0fc0]:UpdateVars():estimate-am-sgmm2.cc:1649) For Gaussian component 80: Floored 2 covariance eigenvalues.
WARNING (sgmm2-est[5.5.208~1-b0fc0]:UpdateVars():estimate-am-sgmm2.cc:1649) For Gaussian component 84: Floored 1 covariance eigenvalues.
WARNING (sgmm2-est[5.5.208~1-b0fc0]:UpdateVars():estimate-am-sgmm2.cc:1649) For Gaussian component 85: Floored 4 covariance eigenvalues.
WARNING (sgmm2-est[5.5.208~1-b0fc0]:UpdateVars():estimate-am-sgmm2.cc:1649) For Gaussian component 86: Floored 2 covariance eigenvalues.
WARNING (sgmm2-est[5.5.208~1-b0fc0]:UpdateVars():estimate-am-sgmm2.cc:1649) For Gaussian component 94: Floored 1 covariance eigenvalues.
WARNING (sgmm2-est[5.5.208~1-b0fc0]:UpdateVars():estimate-am-sgmm2.cc:1649) For Gaussian component 95: Floored 2 covariance eigenvalues.
WARNING (sgmm2-est[5.5.208~1-b0fc0]:UpdateVars():estimate-am-sgmm2.cc:1649) For Gaussian component 96: Floored 5 covariance eigenvalues.
WARNING (sgmm2-est[5.5.208~1-b0fc0]:UpdateVars():estimate-am-sgmm2.cc:1649) For Gaussian component 97: Floored 2 covariance eigenvalues.
WARNING (sgmm2-est[5.5.208~1-b0fc0]:UpdateVars():estimate-am-sgmm2.cc:1649) For Gaussian component 108: Floored 1 covariance eigenvalues.
WARNING (sgmm2-est[5.5.208~1-b0fc0]:UpdateVars():estimate-am-sgmm2.cc:1649) For Gaussian component 109: Floored 4 covariance eigenvalues.
WARNING (sgmm2-est[5.5.208~1-b0fc0]:UpdateVars():estimate-am-sgmm2.cc:1649) For Gaussian component 116: Floored 2 covariance eigenvalues.
WARNING (sgmm2-est[5.5.208~1-b0fc0]:UpdateVars():estimate-am-sgmm2.cc:1649) For Gaussian component 135: Floored 2 covariance eigenvalues.
WARNING (sgmm2-est[5.5.208~1-b0fc0]:UpdateVars():estimate-am-sgmm2.cc:1649) For Gaussian component 144: Floored 5 covariance eigenvalues.
WARNING (sgmm2-est[5.5.208~1-b0fc0]:UpdateVars():estimate-am-sgmm2.cc:1649) For Gaussian component 145: Floored 4 covariance eigenvalues.
WARNING (sgmm2-est[5.5.208~1-b0fc0]:UpdateVars():estimate-am-sgmm2.cc:1649) For Gaussian component 147: Floored 3 covariance eigenvalues.
WARNING (sgmm2-est[5.5.208~1-b0fc0]:UpdateVars():estimate-am-sgmm2.cc:1649) For Gaussian component 148: Floored 1 covariance eigenvalues.
WARNING (sgmm2-est[5.5.208~1-b0fc0]:UpdateVars():estimate-am-sgmm2.cc:1649) For Gaussian component 150: Floored 3 covariance eigenvalues.
WARNING (sgmm2-est[5.5.208~1-b0fc0]:UpdateVars():estimate-am-sgmm2.cc:1649) For Gaussian component 151: Floored 2 covariance eigenvalues.
WARNING (sgmm2-est[5.5.208~1-b0fc0]:UpdateVars():estimate-am-sgmm2.cc:1649) For Gaussian component 156: Floored 1 covariance eigenvalues.
WARNING (sgmm2-est[5.5.208~1-b0fc0]:UpdateVars():estimate-am-sgmm2.cc:1649) For Gaussian component 174: Floored 3 covariance eigenvalues.
WARNING (sgmm2-est[5.5.208~1-b0fc0]:UpdateVars():estimate-am-sgmm2.cc:1649) For Gaussian component 176: Floored 2 covariance eigenvalues.
WARNING (sgmm2-est[5.5.208~1-b0fc0]:UpdateVars():estimate-am-sgmm2.cc:1649) For Gaussian component 178: Floored 2 covariance eigenvalues.
WARNING (sgmm2-est[5.5.208~1-b0fc0]:UpdateVars():estimate-am-sgmm2.cc:1649) For Gaussian component 179: Floored 2 covariance eigenvalues.
WARNING (sgmm2-est[5.5.208~1-b0fc0]:UpdateVars():estimate-am-sgmm2.cc:1649) For Gaussian component 185: Floored 3 covariance eigenvalues.
WARNING (sgmm2-est[5.5.208~1-b0fc0]:UpdateVars():estimate-am-sgmm2.cc:1649) For Gaussian component 186: Floored 6 covariance eigenvalues.
WARNING (sgmm2-est[5.5.208~1-b0fc0]:UpdateVars():estimate-am-sgmm2.cc:1649) For Gaussian component 187: Floored 3 covariance eigenvalues.
WARNING (sgmm2-est[5.5.208~1-b0fc0]:UpdateVars():estimate-am-sgmm2.cc:1649) For Gaussian component 218: Floored 1 covariance eigenvalues.
WARNING (sgmm2-est[5.5.208~1-b0fc0]:UpdateVars():estimate-am-sgmm2.cc:1649) For Gaussian component 220: Floored 1 covariance eigenvalues.
WARNING (sgmm2-est[5.5.208~1-b0fc0]:UpdateVars():estimate-am-sgmm2.cc:1649) For Gaussian component 232: Floored 3 covariance eigenvalues.
WARNING (sgmm2-est[5.5.208~1-b0fc0]:UpdateVars():estimate-am-sgmm2.cc:1649) For Gaussian component 235: Floored 3 covariance eigenvalues.
WARNING (sgmm2-est[5.5.208~1-b0fc0]:UpdateVars():estimate-am-sgmm2.cc:1649) For Gaussian component 236: Floored 2 covariance eigenvalues.
WARNING (sgmm2-est[5.5.208~1-b0fc0]:UpdateVars():estimate-am-sgmm2.cc:1649) For Gaussian component 238: Floored 1 covariance eigenvalues.
WARNING (sgmm2-est[5.5.208~1-b0fc0]:UpdateVars():estimate-am-sgmm2.cc:1649) For Gaussian component 247: Floored 2 covariance eigenvalues.
WARNING (sgmm2-est[5.5.208~1-b0fc0]:UpdateVars():estimate-am-sgmm2.cc:1649) For Gaussian component 248: Floored 4 covariance eigenvalues.
WARNING (sgmm2-est[5.5.208~1-b0fc0]:UpdateVars():estimate-am-sgmm2.cc:1649) For Gaussian component 262: Floored 2 covariance eigenvalues.
WARNING (sgmm2-est[5.5.208~1-b0fc0]:UpdateVars():estimate-am-sgmm2.cc:1649) For Gaussian component 269: Floored 1 covariance eigenvalues.
WARNING (sgmm2-est[5.5.208~1-b0fc0]:UpdateVars():estimate-am-sgmm2.cc:1649) For Gaussian component 276: Floored 1 covariance eigenvalues.
WARNING (sgmm2-est[5.5.208~1-b0fc0]:UpdateVars():estimate-am-sgmm2.cc:1649) For Gaussian component 294: Floored 1 covariance eigenvalues.
WARNING (sgmm2-est[5.5.208~1-b0fc0]:UpdateVars():estimate-am-sgmm2.cc:1649) For Gaussian component 295: Floored 3 covariance eigenvalues.
WARNING (sgmm2-est[5.5.208~1-b0fc0]:UpdateVars():estimate-am-sgmm2.cc:1649) For Gaussian component 296: Floored 2 covariance eigenvalues.
WARNING (sgmm2-est[5.5.208~1-b0fc0]:UpdateVars():estimate-am-sgmm2.cc:1649) For Gaussian component 297: Floored 6 covariance eigenvalues.
WARNING (sgmm2-est[5.5.208~1-b0fc0]:UpdateVars():estimate-am-sgmm2.cc:1649) For Gaussian component 298: Floored 3 covariance eigenvalues.
WARNING (sgmm2-est[5.5.208~1-b0fc0]:UpdateVars():estimate-am-sgmm2.cc:1649) For Gaussian component 300: Floored 1 covariance eigenvalues.
WARNING (sgmm2-est[5.5.208~1-b0fc0]:UpdateVars():estimate-am-sgmm2.cc:1649) For Gaussian component 306: Floored 1 covariance eigenvalues.
WARNING (sgmm2-est[5.5.208~1-b0fc0]:UpdateVars():estimate-am-sgmm2.cc:1649) For Gaussian component 310: Floored 1 covariance eigenvalues.
WARNING (sgmm2-est[5.5.208~1-b0fc0]:UpdateVars():estimate-am-sgmm2.cc:1649) For Gaussian component 311: Floored 3 covariance eigenvalues.
WARNING (sgmm2-est[5.5.208~1-b0fc0]:UpdateVars():estimate-am-sgmm2.cc:1649) For Gaussian component 312: Floored 1 covariance eigenvalues.
WARNING (sgmm2-est[5.5.208~1-b0fc0]:UpdateVars():estimate-am-sgmm2.cc:1649) For Gaussian component 326: Floored 4 covariance eigenvalues.
WARNING (sgmm2-est[5.5.208~1-b0fc0]:UpdateVars():estimate-am-sgmm2.cc:1649) For Gaussian component 343: Floored 1 covariance eigenvalues.
WARNING (sgmm2-est[5.5.208~1-b0fc0]:UpdateVars():estimate-am-sgmm2.cc:1649) For Gaussian component 346: Floored 2 covariance eigenvalues.
WARNING (sgmm2-est[5.5.208~1-b0fc0]:UpdateVars():estimate-am-sgmm2.cc:1649) For Gaussian component 351: Floored 2 covariance eigenvalues.
WARNING (sgmm2-est[5.5.208~1-b0fc0]:UpdateVars():estimate-am-sgmm2.cc:1649) For Gaussian component 352: Floored 3 covariance eigenvalues.
WARNING (sgmm2-est[5.5.208~1-b0fc0]:UpdateVars():estimate-am-sgmm2.cc:1649) For Gaussian component 353: Floored 1 covariance eigenvalues.
WARNING (sgmm2-est[5.5.208~1-b0fc0]:UpdateVars():estimate-am-sgmm2.cc:1649) For Gaussian component 360: Floored 1 covariance eigenvalues.
WARNING (sgmm2-est[5.5.208~1-b0fc0]:UpdateVars():estimate-am-sgmm2.cc:1649) For Gaussian component 370: Floored 2 covariance eigenvalues.
WARNING (sgmm2-est[5.5.208~1-b0fc0]:UpdateVars():estimate-am-sgmm2.cc:1649) For Gaussian component 373: Floored 6 covariance eigenvalues.
WARNING (sgmm2-est[5.5.208~1-b0fc0]:UpdateVars():estimate-am-sgmm2.cc:1649) For Gaussian component 378: Floored 3 covariance eigenvalues.
WARNING (sgmm2-est[5.5.208~1-b0fc0]:UpdateVars():estimate-am-sgmm2.cc:1649) For Gaussian component 381: Floored 3 covariance eigenvalues.
WARNING (sgmm2-est[5.5.208~1-b0fc0]:UpdateVars():estimate-am-sgmm2.cc:1649) For Gaussian component 382: Floored 3 covariance eigenvalues.
WARNING (sgmm2-est[5.5.208~1-b0fc0]:UpdateVars():estimate-am-sgmm2.cc:1649) For Gaussian component 384: Floored 1 covariance eigenvalues.
WARNING (sgmm2-est[5.5.208~1-b0fc0]:UpdateVars():estimate-am-sgmm2.cc:1649) For Gaussian component 399: Floored 2 covariance eigenvalues.
LOG (sgmm2-est[5.5.208~1-b0fc0]:UpdateVars():estimate-am-sgmm2.cc:1675) **Overall objf impr for variance update = 0.000636163 over 1.12478e+06 frames
LOG (sgmm2-est[5.5.208~1-b0fc0]:UpdateSubstateWeights():estimate-am-sgmm2.cc:1684) Updating substate mixture weights
LOG (sgmm2-est[5.5.208~1-b0fc0]:UpdateSubstateWeights():estimate-am-sgmm2.cc:1707) **Overall objf impr for c is 0, over 1.12478e+06 frames.
LOG (sgmm2-est[5.5.208~1-b0fc0]:RenormalizeV():estimate-am-sgmm2.cc:969) Scatter of vectors v is : 
LOG (sgmm2-est[5.5.208~1-b0fc0]:PrintEigs():matrix/sp-matrix.h:207) PrintEigs: Sigma:  [ 1.00166 1.0014 0.998515 0.99866 1.00123 1.00122 1.00109 1.00097 0.998856 0.998956 1.00085 1.00077 1.00065 1.00068 1.00067 1.00055 1.00049 1.00044 1.0004 1.00031 1.00028 1.00023 1.00018 1.00013 1.00011 1.00003 1.00003 0.999936 0.999904 0.99985 0.999783 0.999717 0.999698 0.99916 0.999111 0.999563 0.999497 0.999222 0.999314 0.999413 0.999382 ]
LOG (sgmm2-est[5.5.208~1-b0fc0]:RenormalizeV():estimate-am-sgmm2.cc:991) Note on the next diagnostic: the first number is generally not that meaningful as it relates to the static offset
LOG (sgmm2-est[5.5.208~1-b0fc0]:PrintEigs():matrix/sp-matrix.h:207) PrintEigs: H_sm_proj (Significance of dims in vector space.. note):  [ 87.4155 10.2982 9.08864 7.23498 5.79604 5.6333 4.84947 5.07701 4.37443 4.05571 3.93284 3.70214 3.43769 3.24607 2.92102 2.98094 2.76324 2.66682 2.57866 2.52061 2.29389 2.17454 2.0944 2.04511 1.93991 0.838513 0.920255 1.02291 1.85275 1.08315 1.1574 1.25129 1.28765 1.38639 1.35391 1.75695 1.65864 1.67154 1.47855 1.56725 1.51784 ]
LOG (sgmm2-est[5.5.208~1-b0fc0]:RenormalizeV():estimate-am-sgmm2.cc:1037) Renormalized subspace.
LOG (sgmm2-est[5.5.208~1-b0fc0]:Update():estimate-am-sgmm2.cc:673) *Overall auxf improvement, combining all parameters, is 0.00898783
LOG (sgmm2-est[5.5.208~1-b0fc0]:Update():estimate-am-sgmm2.cc:676) ***Overall data likelihood is 0 over 1.12478e+06 frames.
LOG (sgmm2-est[5.5.208~1-b0fc0]:main():sgmm2-est.cc:144) Removing speaker space (projections N_)
LOG (sgmm2-est[5.5.208~1-b0fc0]:ComputeNormalizers():am-sgmm2.cc:858) Computing normalizers
LOG (sgmm2-est[5.5.208~1-b0fc0]:ComputeNormalizers():am-sgmm2.cc:865) Entropy of weights in substates is 2.10168 over 9475 substates, equivalent to perplexity of 8.17986
LOG (sgmm2-est[5.5.208~1-b0fc0]:ComputeNormalizers():am-sgmm2.cc:869) Done computing normalizers
LOG (sgmm2-est[5.5.208~1-b0fc0]:main():sgmm2-est.cc:158) Written model to exp/sgmm2_4/28.alimdl
# Accounting: time=15 threads=1
# Ended (code 0) at Wed Feb 27 15:14:23 +07 2019, elapsed time 15 seconds
