# sgmm2-est --update-flags=vNwSctu --split-substates=8995 --power=0.25 --write-occs=exp/sgmm2_4/22.occs exp/sgmm2_4/21.mdl "sgmm2-sum-accs - exp/sgmm2_4/21.*.acc|" exp/sgmm2_4/22.mdl 
# Started at Wed Feb 27 15:08:06 +07 2019
#
sgmm2-est --update-flags=vNwSctu --split-substates=8995 --power=0.25 --write-occs=exp/sgmm2_4/22.occs exp/sgmm2_4/21.mdl 'sgmm2-sum-accs - exp/sgmm2_4/21.*.acc|' exp/sgmm2_4/22.mdl 
sgmm2-sum-accs - exp/sgmm2_4/21.1.acc exp/sgmm2_4/21.10.acc exp/sgmm2_4/21.11.acc exp/sgmm2_4/21.12.acc exp/sgmm2_4/21.13.acc exp/sgmm2_4/21.14.acc exp/sgmm2_4/21.15.acc exp/sgmm2_4/21.16.acc exp/sgmm2_4/21.17.acc exp/sgmm2_4/21.18.acc exp/sgmm2_4/21.19.acc exp/sgmm2_4/21.2.acc exp/sgmm2_4/21.20.acc exp/sgmm2_4/21.21.acc exp/sgmm2_4/21.22.acc exp/sgmm2_4/21.23.acc exp/sgmm2_4/21.24.acc exp/sgmm2_4/21.25.acc exp/sgmm2_4/21.26.acc exp/sgmm2_4/21.27.acc exp/sgmm2_4/21.28.acc exp/sgmm2_4/21.29.acc exp/sgmm2_4/21.3.acc exp/sgmm2_4/21.30.acc exp/sgmm2_4/21.4.acc exp/sgmm2_4/21.5.acc exp/sgmm2_4/21.6.acc exp/sgmm2_4/21.7.acc exp/sgmm2_4/21.8.acc exp/sgmm2_4/21.9.acc 
LOG (sgmm2-sum-accs[5.5.208~1-b0fc0]:main():sgmm2-sum-accs.cc:87) Written stats to -
LOG (sgmm2-est[5.5.208~1-b0fc0]:MleUpdate():transition-model.cc:528) TransitionModel::Update, objf change is 9.2203e-12 per frame over 1.12482e+06 frames. 
LOG (sgmm2-est[5.5.208~1-b0fc0]:MleUpdate():transition-model.cc:531) 44 probabilities floored, 16 out of 5704 transition-states skipped due to insuffient data (it is normal to have some skipped.)
LOG (sgmm2-est[5.5.208~1-b0fc0]:main():sgmm2-est.cc:109) Transition model update: Overall 9.2203e-12 log-like improvement per frame over 1.12482e+06 frames.
LOG (sgmm2-est[5.5.208~1-b0fc0]:Check():estimate-am-sgmm2.cc:216) Sgmm2PdfModel: J1 = 1400, J2 = 5684, D = 40, S = 41, T = 40, I = 400
LOG (sgmm2-est[5.5.208~1-b0fc0]:Check():estimate-am-sgmm2.cc:362) Subspace GMM model properties: Y: yes, nonzero. Z: yes, nonzero. R: yes, nonzero. gamma_s: yes, zero. S: yes, nonzero. y: yes, nonzero. a: yes.  a: yes, nonzero. gamma: yes.  gamma: yes, nonzero. gamma_c: yes, nonzero. t: yes, nonzero. t: yes, nonzero. 
LOG (sgmm2-est[5.5.208~1-b0fc0]:UpdatePhoneVectors():estimate-am-sgmm2.cc:788) Updating phone vectors
LOG (sgmm2-est[5.5.208~1-b0fc0]:UpdatePhoneVectorsInternal():estimate-am-sgmm2.cc:934) Auxf impr for j = 0 m = 0 is 0.000636521 per frame over 2395.39 frames.
LOG (sgmm2-est[5.5.208~1-b0fc0]:UpdatePhoneVectorsInternal():estimate-am-sgmm2.cc:934) Auxf impr for j = 0 m = 1 is 0.000948215 per frame over 2355.77 frames.
LOG (sgmm2-est[5.5.208~1-b0fc0]:UpdatePhoneVectorsInternal():estimate-am-sgmm2.cc:934) Auxf impr for j = 0 m = 2 is 0.00304468 per frame over 1253.54 frames.
LOG (sgmm2-est[5.5.208~1-b0fc0]:UpdatePhoneVectorsInternal():estimate-am-sgmm2.cc:934) Auxf impr for j = 1 m = 0 is 0.00950963 per frame over 82.4435 frames.
LOG (sgmm2-est[5.5.208~1-b0fc0]:UpdatePhoneVectorsInternal():estimate-am-sgmm2.cc:934) Auxf impr for j = 1 m = 1 is 0.0430619 per frame over 26.0676 frames.
LOG (sgmm2-est[5.5.208~1-b0fc0]:UpdatePhoneVectorsInternal():estimate-am-sgmm2.cc:934) Auxf impr for j = 1 m = 2 is 0.00704745 per frame over 113.918 frames.
LOG (sgmm2-est[5.5.208~1-b0fc0]:UpdatePhoneVectorsInternal():estimate-am-sgmm2.cc:934) Auxf impr for j = 2 m = 0 is 0.0124655 per frame over 81.5823 frames.
LOG (sgmm2-est[5.5.208~1-b0fc0]:UpdatePhoneVectorsInternal():estimate-am-sgmm2.cc:934) Auxf impr for j = 2 m = 1 is 0.00821046 per frame over 134.129 frames.
LOG (sgmm2-est[5.5.208~1-b0fc0]:UpdatePhoneVectorsInternal():estimate-am-sgmm2.cc:934) Auxf impr for j = 2 m = 2 is 0.00909328 per frame over 83.559 frames.
LOG (sgmm2-est[5.5.208~1-b0fc0]:UpdatePhoneVectors():estimate-am-sgmm2.cc:800) **Overall auxf impr for v is 0.0083429 over 1.12479e+06 frames
LOG (sgmm2-est[5.5.208~1-b0fc0]:UpdateW():estimate-am-sgmm2.cc:1325) Updating weight projections
LOG (sgmm2-est[5.5.208~1-b0fc0]:UpdateW():estimate-am-sgmm2.cc:1379) Predicted objf impr for w, iter = 0, i = 0 is 0.00010474 per frame over 4094.15 frames.
LOG (sgmm2-est[5.5.208~1-b0fc0]:UpdateW():estimate-am-sgmm2.cc:1379) Predicted objf impr for w, iter = 0, i = 1 is 8.11836e-05 per frame over 3234.52 frames.
LOG (sgmm2-est[5.5.208~1-b0fc0]:UpdateW():estimate-am-sgmm2.cc:1379) Predicted objf impr for w, iter = 0, i = 2 is 5.16944e-05 per frame over 4387.54 frames.
LOG (sgmm2-est[5.5.208~1-b0fc0]:UpdateW():estimate-am-sgmm2.cc:1379) Predicted objf impr for w, iter = 0, i = 3 is 5.38451e-05 per frame over 5502.65 frames.
LOG (sgmm2-est[5.5.208~1-b0fc0]:UpdateW():estimate-am-sgmm2.cc:1379) Predicted objf impr for w, iter = 0, i = 4 is 0.000171267 per frame over 4028.38 frames.
LOG (sgmm2-est[5.5.208~1-b0fc0]:UpdateW():estimate-am-sgmm2.cc:1379) Predicted objf impr for w, iter = 0, i = 5 is 0.000237106 per frame over 2819.36 frames.
LOG (sgmm2-est[5.5.208~1-b0fc0]:UpdateW():estimate-am-sgmm2.cc:1379) Predicted objf impr for w, iter = 0, i = 6 is 0.000138627 per frame over 4075.56 frames.
LOG (sgmm2-est[5.5.208~1-b0fc0]:UpdateW():estimate-am-sgmm2.cc:1379) Predicted objf impr for w, iter = 0, i = 7 is 0.000180337 per frame over 6497.19 frames.
LOG (sgmm2-est[5.5.208~1-b0fc0]:UpdateW():estimate-am-sgmm2.cc:1379) Predicted objf impr for w, iter = 0, i = 8 is 0.000128859 per frame over 2793.31 frames.
LOG (sgmm2-est[5.5.208~1-b0fc0]:UpdateW():estimate-am-sgmm2.cc:1379) Predicted objf impr for w, iter = 0, i = 9 is 0.000131518 per frame over 4386.45 frames.
LOG (sgmm2-est[5.5.208~1-b0fc0]:UpdateW():estimate-am-sgmm2.cc:1379) Predicted objf impr for w, iter = 1, i = 0 is 2.56812e-05 per frame over 4094.15 frames.
LOG (sgmm2-est[5.5.208~1-b0fc0]:UpdateW():estimate-am-sgmm2.cc:1379) Predicted objf impr for w, iter = 1, i = 1 is 2.18585e-05 per frame over 3234.52 frames.
LOG (sgmm2-est[5.5.208~1-b0fc0]:UpdateW():estimate-am-sgmm2.cc:1379) Predicted objf impr for w, iter = 1, i = 2 is 2.31559e-05 per frame over 4387.54 frames.
LOG (sgmm2-est[5.5.208~1-b0fc0]:UpdateW():estimate-am-sgmm2.cc:1379) Predicted objf impr for w, iter = 1, i = 3 is 2.06555e-05 per frame over 5502.65 frames.
LOG (sgmm2-est[5.5.208~1-b0fc0]:UpdateW():estimate-am-sgmm2.cc:1379) Predicted objf impr for w, iter = 1, i = 4 is 2.23059e-05 per frame over 4028.38 frames.
LOG (sgmm2-est[5.5.208~1-b0fc0]:UpdateW():estimate-am-sgmm2.cc:1379) Predicted objf impr for w, iter = 1, i = 5 is 1.76407e-05 per frame over 2819.36 frames.
LOG (sgmm2-est[5.5.208~1-b0fc0]:UpdateW():estimate-am-sgmm2.cc:1379) Predicted objf impr for w, iter = 1, i = 6 is 8.69459e-06 per frame over 4075.56 frames.
LOG (sgmm2-est[5.5.208~1-b0fc0]:UpdateW():estimate-am-sgmm2.cc:1379) Predicted objf impr for w, iter = 1, i = 7 is 1.34659e-05 per frame over 6497.19 frames.
LOG (sgmm2-est[5.5.208~1-b0fc0]:UpdateW():estimate-am-sgmm2.cc:1379) Predicted objf impr for w, iter = 1, i = 8 is 1.26117e-05 per frame over 2793.31 frames.
LOG (sgmm2-est[5.5.208~1-b0fc0]:UpdateW():estimate-am-sgmm2.cc:1379) Predicted objf impr for w, iter = 1, i = 9 is 9.27383e-06 per frame over 4386.45 frames.
LOG (sgmm2-est[5.5.208~1-b0fc0]:UpdateW():estimate-am-sgmm2.cc:1379) Predicted objf impr for w, iter = 2, i = 0 is 2.26283e-05 per frame over 4094.15 frames.
LOG (sgmm2-est[5.5.208~1-b0fc0]:UpdateW():estimate-am-sgmm2.cc:1379) Predicted objf impr for w, iter = 2, i = 1 is 2.03819e-05 per frame over 3234.52 frames.
LOG (sgmm2-est[5.5.208~1-b0fc0]:UpdateW():estimate-am-sgmm2.cc:1379) Predicted objf impr for w, iter = 2, i = 2 is 2.0961e-05 per frame over 4387.54 frames.
LOG (sgmm2-est[5.5.208~1-b0fc0]:UpdateW():estimate-am-sgmm2.cc:1379) Predicted objf impr for w, iter = 2, i = 3 is 1.85457e-05 per frame over 5502.65 frames.
LOG (sgmm2-est[5.5.208~1-b0fc0]:UpdateW():estimate-am-sgmm2.cc:1379) Predicted objf impr for w, iter = 2, i = 4 is 1.60133e-05 per frame over 4028.38 frames.
LOG (sgmm2-est[5.5.208~1-b0fc0]:UpdateW():estimate-am-sgmm2.cc:1379) Predicted objf impr for w, iter = 2, i = 5 is 1.2505e-05 per frame over 2819.36 frames.
LOG (sgmm2-est[5.5.208~1-b0fc0]:UpdateW():estimate-am-sgmm2.cc:1379) Predicted objf impr for w, iter = 2, i = 6 is 1.53307e-06 per frame over 4075.56 frames.
LOG (sgmm2-est[5.5.208~1-b0fc0]:UpdateW():estimate-am-sgmm2.cc:1379) Predicted objf impr for w, iter = 2, i = 7 is 1.02932e-05 per frame over 6497.19 frames.
LOG (sgmm2-est[5.5.208~1-b0fc0]:UpdateW():estimate-am-sgmm2.cc:1379) Predicted objf impr for w, iter = 2, i = 8 is 7.43393e-06 per frame over 2793.31 frames.
LOG (sgmm2-est[5.5.208~1-b0fc0]:UpdateW():estimate-am-sgmm2.cc:1379) Predicted objf impr for w, iter = 2, i = 9 is 7.54407e-06 per frame over 4386.45 frames.
LOG (sgmm2-est[5.5.208~1-b0fc0]:UpdateW():estimate-am-sgmm2.cc:1433) **Overall objf impr for w is 0.00022031, actual 0.00032679, over 1.12479e+06 frames
WARNING (sgmm2-est[5.5.208~1-b0fc0]:UpdateVars():estimate-am-sgmm2.cc:1649) For Gaussian component 1: Floored 2 covariance eigenvalues.
WARNING (sgmm2-est[5.5.208~1-b0fc0]:UpdateVars():estimate-am-sgmm2.cc:1649) For Gaussian component 6: Floored 2 covariance eigenvalues.
WARNING (sgmm2-est[5.5.208~1-b0fc0]:UpdateVars():estimate-am-sgmm2.cc:1649) For Gaussian component 36: Floored 1 covariance eigenvalues.
WARNING (sgmm2-est[5.5.208~1-b0fc0]:UpdateVars():estimate-am-sgmm2.cc:1649) For Gaussian component 38: Floored 5 covariance eigenvalues.
WARNING (sgmm2-est[5.5.208~1-b0fc0]:UpdateVars():estimate-am-sgmm2.cc:1649) For Gaussian component 41: Floored 3 covariance eigenvalues.
WARNING (sgmm2-est[5.5.208~1-b0fc0]:UpdateVars():estimate-am-sgmm2.cc:1649) For Gaussian component 42: Floored 5 covariance eigenvalues.
WARNING (sgmm2-est[5.5.208~1-b0fc0]:UpdateVars():estimate-am-sgmm2.cc:1649) For Gaussian component 49: Floored 1 covariance eigenvalues.
WARNING (sgmm2-est[5.5.208~1-b0fc0]:UpdateVars():estimate-am-sgmm2.cc:1649) For Gaussian component 50: Floored 2 covariance eigenvalues.
WARNING (sgmm2-est[5.5.208~1-b0fc0]:UpdateVars():estimate-am-sgmm2.cc:1649) For Gaussian component 51: Floored 2 covariance eigenvalues.
WARNING (sgmm2-est[5.5.208~1-b0fc0]:UpdateVars():estimate-am-sgmm2.cc:1649) For Gaussian component 68: Floored 2 covariance eigenvalues.
WARNING (sgmm2-est[5.5.208~1-b0fc0]:UpdateVars():estimate-am-sgmm2.cc:1649) For Gaussian component 76: Floored 3 covariance eigenvalues.
WARNING (sgmm2-est[5.5.208~1-b0fc0]:UpdateVars():estimate-am-sgmm2.cc:1649) For Gaussian component 80: Floored 2 covariance eigenvalues.
WARNING (sgmm2-est[5.5.208~1-b0fc0]:UpdateVars():estimate-am-sgmm2.cc:1649) For Gaussian component 84: Floored 1 covariance eigenvalues.
WARNING (sgmm2-est[5.5.208~1-b0fc0]:UpdateVars():estimate-am-sgmm2.cc:1649) For Gaussian component 85: Floored 4 covariance eigenvalues.
WARNING (sgmm2-est[5.5.208~1-b0fc0]:UpdateVars():estimate-am-sgmm2.cc:1649) For Gaussian component 86: Floored 2 covariance eigenvalues.
WARNING (sgmm2-est[5.5.208~1-b0fc0]:UpdateVars():estimate-am-sgmm2.cc:1649) For Gaussian component 94: Floored 1 covariance eigenvalues.
WARNING (sgmm2-est[5.5.208~1-b0fc0]:UpdateVars():estimate-am-sgmm2.cc:1649) For Gaussian component 95: Floored 2 covariance eigenvalues.
WARNING (sgmm2-est[5.5.208~1-b0fc0]:UpdateVars():estimate-am-sgmm2.cc:1649) For Gaussian component 96: Floored 5 covariance eigenvalues.
WARNING (sgmm2-est[5.5.208~1-b0fc0]:UpdateVars():estimate-am-sgmm2.cc:1649) For Gaussian component 97: Floored 2 covariance eigenvalues.
WARNING (sgmm2-est[5.5.208~1-b0fc0]:UpdateVars():estimate-am-sgmm2.cc:1649) For Gaussian component 108: Floored 1 covariance eigenvalues.
WARNING (sgmm2-est[5.5.208~1-b0fc0]:UpdateVars():estimate-am-sgmm2.cc:1649) For Gaussian component 109: Floored 4 covariance eigenvalues.
WARNING (sgmm2-est[5.5.208~1-b0fc0]:UpdateVars():estimate-am-sgmm2.cc:1649) For Gaussian component 116: Floored 2 covariance eigenvalues.
WARNING (sgmm2-est[5.5.208~1-b0fc0]:UpdateVars():estimate-am-sgmm2.cc:1649) For Gaussian component 135: Floored 2 covariance eigenvalues.
WARNING (sgmm2-est[5.5.208~1-b0fc0]:UpdateVars():estimate-am-sgmm2.cc:1649) For Gaussian component 144: Floored 5 covariance eigenvalues.
WARNING (sgmm2-est[5.5.208~1-b0fc0]:UpdateVars():estimate-am-sgmm2.cc:1649) For Gaussian component 145: Floored 4 covariance eigenvalues.
WARNING (sgmm2-est[5.5.208~1-b0fc0]:UpdateVars():estimate-am-sgmm2.cc:1649) For Gaussian component 147: Floored 3 covariance eigenvalues.
WARNING (sgmm2-est[5.5.208~1-b0fc0]:UpdateVars():estimate-am-sgmm2.cc:1649) For Gaussian component 148: Floored 1 covariance eigenvalues.
WARNING (sgmm2-est[5.5.208~1-b0fc0]:UpdateVars():estimate-am-sgmm2.cc:1649) For Gaussian component 150: Floored 3 covariance eigenvalues.
WARNING (sgmm2-est[5.5.208~1-b0fc0]:UpdateVars():estimate-am-sgmm2.cc:1649) For Gaussian component 151: Floored 2 covariance eigenvalues.
WARNING (sgmm2-est[5.5.208~1-b0fc0]:UpdateVars():estimate-am-sgmm2.cc:1649) For Gaussian component 156: Floored 1 covariance eigenvalues.
WARNING (sgmm2-est[5.5.208~1-b0fc0]:UpdateVars():estimate-am-sgmm2.cc:1649) For Gaussian component 174: Floored 3 covariance eigenvalues.
WARNING (sgmm2-est[5.5.208~1-b0fc0]:UpdateVars():estimate-am-sgmm2.cc:1649) For Gaussian component 176: Floored 2 covariance eigenvalues.
WARNING (sgmm2-est[5.5.208~1-b0fc0]:UpdateVars():estimate-am-sgmm2.cc:1649) For Gaussian component 178: Floored 2 covariance eigenvalues.
WARNING (sgmm2-est[5.5.208~1-b0fc0]:UpdateVars():estimate-am-sgmm2.cc:1649) For Gaussian component 179: Floored 2 covariance eigenvalues.
WARNING (sgmm2-est[5.5.208~1-b0fc0]:UpdateVars():estimate-am-sgmm2.cc:1649) For Gaussian component 185: Floored 3 covariance eigenvalues.
WARNING (sgmm2-est[5.5.208~1-b0fc0]:UpdateVars():estimate-am-sgmm2.cc:1649) For Gaussian component 186: Floored 6 covariance eigenvalues.
WARNING (sgmm2-est[5.5.208~1-b0fc0]:UpdateVars():estimate-am-sgmm2.cc:1649) For Gaussian component 187: Floored 3 covariance eigenvalues.
WARNING (sgmm2-est[5.5.208~1-b0fc0]:UpdateVars():estimate-am-sgmm2.cc:1649) For Gaussian component 218: Floored 1 covariance eigenvalues.
WARNING (sgmm2-est[5.5.208~1-b0fc0]:UpdateVars():estimate-am-sgmm2.cc:1649) For Gaussian component 220: Floored 1 covariance eigenvalues.
WARNING (sgmm2-est[5.5.208~1-b0fc0]:UpdateVars():estimate-am-sgmm2.cc:1649) For Gaussian component 232: Floored 4 covariance eigenvalues.
WARNING (sgmm2-est[5.5.208~1-b0fc0]:UpdateVars():estimate-am-sgmm2.cc:1649) For Gaussian component 235: Floored 3 covariance eigenvalues.
WARNING (sgmm2-est[5.5.208~1-b0fc0]:UpdateVars():estimate-am-sgmm2.cc:1649) For Gaussian component 236: Floored 2 covariance eigenvalues.
WARNING (sgmm2-est[5.5.208~1-b0fc0]:UpdateVars():estimate-am-sgmm2.cc:1649) For Gaussian component 238: Floored 1 covariance eigenvalues.
WARNING (sgmm2-est[5.5.208~1-b0fc0]:UpdateVars():estimate-am-sgmm2.cc:1649) For Gaussian component 247: Floored 2 covariance eigenvalues.
WARNING (sgmm2-est[5.5.208~1-b0fc0]:UpdateVars():estimate-am-sgmm2.cc:1649) For Gaussian component 248: Floored 4 covariance eigenvalues.
WARNING (sgmm2-est[5.5.208~1-b0fc0]:UpdateVars():estimate-am-sgmm2.cc:1649) For Gaussian component 262: Floored 1 covariance eigenvalues.
WARNING (sgmm2-est[5.5.208~1-b0fc0]:UpdateVars():estimate-am-sgmm2.cc:1649) For Gaussian component 269: Floored 1 covariance eigenvalues.
WARNING (sgmm2-est[5.5.208~1-b0fc0]:UpdateVars():estimate-am-sgmm2.cc:1649) For Gaussian component 276: Floored 1 covariance eigenvalues.
WARNING (sgmm2-est[5.5.208~1-b0fc0]:UpdateVars():estimate-am-sgmm2.cc:1649) For Gaussian component 294: Floored 1 covariance eigenvalues.
WARNING (sgmm2-est[5.5.208~1-b0fc0]:UpdateVars():estimate-am-sgmm2.cc:1649) For Gaussian component 295: Floored 3 covariance eigenvalues.
WARNING (sgmm2-est[5.5.208~1-b0fc0]:UpdateVars():estimate-am-sgmm2.cc:1649) For Gaussian component 296: Floored 2 covariance eigenvalues.
WARNING (sgmm2-est[5.5.208~1-b0fc0]:UpdateVars():estimate-am-sgmm2.cc:1649) For Gaussian component 297: Floored 6 covariance eigenvalues.
WARNING (sgmm2-est[5.5.208~1-b0fc0]:UpdateVars():estimate-am-sgmm2.cc:1649) For Gaussian component 298: Floored 2 covariance eigenvalues.
WARNING (sgmm2-est[5.5.208~1-b0fc0]:UpdateVars():estimate-am-sgmm2.cc:1649) For Gaussian component 300: Floored 1 covariance eigenvalues.
WARNING (sgmm2-est[5.5.208~1-b0fc0]:UpdateVars():estimate-am-sgmm2.cc:1649) For Gaussian component 306: Floored 1 covariance eigenvalues.
WARNING (sgmm2-est[5.5.208~1-b0fc0]:UpdateVars():estimate-am-sgmm2.cc:1649) For Gaussian component 310: Floored 1 covariance eigenvalues.
WARNING (sgmm2-est[5.5.208~1-b0fc0]:UpdateVars():estimate-am-sgmm2.cc:1649) For Gaussian component 311: Floored 3 covariance eigenvalues.
WARNING (sgmm2-est[5.5.208~1-b0fc0]:UpdateVars():estimate-am-sgmm2.cc:1649) For Gaussian component 312: Floored 1 covariance eigenvalues.
WARNING (sgmm2-est[5.5.208~1-b0fc0]:UpdateVars():estimate-am-sgmm2.cc:1649) For Gaussian component 326: Floored 3 covariance eigenvalues.
WARNING (sgmm2-est[5.5.208~1-b0fc0]:UpdateVars():estimate-am-sgmm2.cc:1649) For Gaussian component 346: Floored 2 covariance eigenvalues.
WARNING (sgmm2-est[5.5.208~1-b0fc0]:UpdateVars():estimate-am-sgmm2.cc:1649) For Gaussian component 351: Floored 2 covariance eigenvalues.
WARNING (sgmm2-est[5.5.208~1-b0fc0]:UpdateVars():estimate-am-sgmm2.cc:1649) For Gaussian component 352: Floored 3 covariance eigenvalues.
WARNING (sgmm2-est[5.5.208~1-b0fc0]:UpdateVars():estimate-am-sgmm2.cc:1649) For Gaussian component 353: Floored 1 covariance eigenvalues.
WARNING (sgmm2-est[5.5.208~1-b0fc0]:UpdateVars():estimate-am-sgmm2.cc:1649) For Gaussian component 360: Floored 1 covariance eigenvalues.
WARNING (sgmm2-est[5.5.208~1-b0fc0]:UpdateVars():estimate-am-sgmm2.cc:1649) For Gaussian component 370: Floored 2 covariance eigenvalues.
WARNING (sgmm2-est[5.5.208~1-b0fc0]:UpdateVars():estimate-am-sgmm2.cc:1649) For Gaussian component 373: Floored 6 covariance eigenvalues.
WARNING (sgmm2-est[5.5.208~1-b0fc0]:UpdateVars():estimate-am-sgmm2.cc:1649) For Gaussian component 378: Floored 3 covariance eigenvalues.
WARNING (sgmm2-est[5.5.208~1-b0fc0]:UpdateVars():estimate-am-sgmm2.cc:1649) For Gaussian component 381: Floored 3 covariance eigenvalues.
WARNING (sgmm2-est[5.5.208~1-b0fc0]:UpdateVars():estimate-am-sgmm2.cc:1649) For Gaussian component 382: Floored 3 covariance eigenvalues.
WARNING (sgmm2-est[5.5.208~1-b0fc0]:UpdateVars():estimate-am-sgmm2.cc:1649) For Gaussian component 384: Floored 1 covariance eigenvalues.
WARNING (sgmm2-est[5.5.208~1-b0fc0]:UpdateVars():estimate-am-sgmm2.cc:1649) For Gaussian component 399: Floored 2 covariance eigenvalues.
LOG (sgmm2-est[5.5.208~1-b0fc0]:UpdateVars():estimate-am-sgmm2.cc:1675) **Overall objf impr for variance update = 0.00229656 over 1.12479e+06 frames
LOG (sgmm2-est[5.5.208~1-b0fc0]:UpdateSubstateWeights():estimate-am-sgmm2.cc:1684) Updating substate mixture weights
LOG (sgmm2-est[5.5.208~1-b0fc0]:UpdateSubstateWeights():estimate-am-sgmm2.cc:1707) **Overall objf impr for c is 0.00018436, over 1.12479e+06 frames.
LOG (sgmm2-est[5.5.208~1-b0fc0]:UpdateN():estimate-am-sgmm2.cc:1512) Objf impr for spk projection N for i = 0, is 0.0136095 over 4094.15 frames
LOG (sgmm2-est[5.5.208~1-b0fc0]:UpdateN():estimate-am-sgmm2.cc:1512) Objf impr for spk projection N for i = 1, is 0.0180707 over 3234.52 frames
LOG (sgmm2-est[5.5.208~1-b0fc0]:UpdateN():estimate-am-sgmm2.cc:1512) Objf impr for spk projection N for i = 2, is 0.0171645 over 4387.54 frames
LOG (sgmm2-est[5.5.208~1-b0fc0]:UpdateN():estimate-am-sgmm2.cc:1512) Objf impr for spk projection N for i = 3, is 0.0114013 over 5502.65 frames
LOG (sgmm2-est[5.5.208~1-b0fc0]:UpdateN():estimate-am-sgmm2.cc:1512) Objf impr for spk projection N for i = 4, is 0.0143889 over 4028.38 frames
LOG (sgmm2-est[5.5.208~1-b0fc0]:UpdateN():estimate-am-sgmm2.cc:1512) Objf impr for spk projection N for i = 5, is 0.0129971 over 2819.36 frames
LOG (sgmm2-est[5.5.208~1-b0fc0]:UpdateN():estimate-am-sgmm2.cc:1512) Objf impr for spk projection N for i = 6, is 0.00807098 over 4075.56 frames
LOG (sgmm2-est[5.5.208~1-b0fc0]:UpdateN():estimate-am-sgmm2.cc:1512) Objf impr for spk projection N for i = 7, is 0.0181082 over 6497.19 frames
LOG (sgmm2-est[5.5.208~1-b0fc0]:UpdateN():estimate-am-sgmm2.cc:1512) Objf impr for spk projection N for i = 8, is 0.0223453 over 2793.31 frames
LOG (sgmm2-est[5.5.208~1-b0fc0]:UpdateN():estimate-am-sgmm2.cc:1512) Objf impr for spk projection N for i = 9, is 0.0170819 over 4386.45 frames
LOG (sgmm2-est[5.5.208~1-b0fc0]:UpdateN():estimate-am-sgmm2.cc:1520) **Overall objf impr for N is 0.00634534 over 1.12479e+06 frames
LOG (sgmm2-est[5.5.208~1-b0fc0]:UpdateU():estimate-am-sgmm2.cc:1473) Objf impr for spk weight-projection u for i = 0, is 0.000481864 over 4094.15 frames
LOG (sgmm2-est[5.5.208~1-b0fc0]:UpdateU():estimate-am-sgmm2.cc:1473) Objf impr for spk weight-projection u for i = 1, is 0.000303658 over 3234.52 frames
LOG (sgmm2-est[5.5.208~1-b0fc0]:UpdateU():estimate-am-sgmm2.cc:1473) Objf impr for spk weight-projection u for i = 2, is 0.000355901 over 4387.54 frames
LOG (sgmm2-est[5.5.208~1-b0fc0]:UpdateU():estimate-am-sgmm2.cc:1473) Objf impr for spk weight-projection u for i = 3, is 0.000257461 over 5502.65 frames
LOG (sgmm2-est[5.5.208~1-b0fc0]:UpdateU():estimate-am-sgmm2.cc:1473) Objf impr for spk weight-projection u for i = 4, is 0.000339216 over 4028.38 frames
LOG (sgmm2-est[5.5.208~1-b0fc0]:UpdateU():estimate-am-sgmm2.cc:1473) Objf impr for spk weight-projection u for i = 5, is 0.00019741 over 2819.36 frames
LOG (sgmm2-est[5.5.208~1-b0fc0]:UpdateU():estimate-am-sgmm2.cc:1473) Objf impr for spk weight-projection u for i = 6, is 0.000186889 over 4075.56 frames
LOG (sgmm2-est[5.5.208~1-b0fc0]:UpdateU():estimate-am-sgmm2.cc:1473) Objf impr for spk weight-projection u for i = 7, is 0.000512741 over 6497.19 frames
LOG (sgmm2-est[5.5.208~1-b0fc0]:UpdateU():estimate-am-sgmm2.cc:1473) Objf impr for spk weight-projection u for i = 8, is 0.000466059 over 2793.31 frames
LOG (sgmm2-est[5.5.208~1-b0fc0]:UpdateU():estimate-am-sgmm2.cc:1473) Objf impr for spk weight-projection u for i = 9, is 0.00030944 over 4386.45 frames
LOG (sgmm2-est[5.5.208~1-b0fc0]:UpdateU():estimate-am-sgmm2.cc:1481) **Overall objf impr for u is 0.000105289, over 1.12479e+06 frames
LOG (sgmm2-est[5.5.208~1-b0fc0]:RenormalizeV():estimate-am-sgmm2.cc:969) Scatter of vectors v is : 
LOG (sgmm2-est[5.5.208~1-b0fc0]:PrintEigs():matrix/sp-matrix.h:207) PrintEigs: Sigma:  [ 1.01024 1.00781 0.990092 0.990727 1.00716 1.00595 0.992137 1.00493 0.992849 1.00434 1.00414 1.00337 1.00271 1.00267 1.00249 1.00206 1.00168 1.00188 1.00131 1.00106 1.00088 1.0004 0.994292 1.00006 0.999694 0.999458 0.999069 0.998834 0.998551 0.998239 0.997864 0.997956 0.99509 0.995363 0.995553 0.995935 0.996261 0.996758 0.996908 0.997358 0.997248 ]
LOG (sgmm2-est[5.5.208~1-b0fc0]:RenormalizeV():estimate-am-sgmm2.cc:991) Note on the next diagnostic: the first number is generally not that meaningful as it relates to the static offset
LOG (sgmm2-est[5.5.208~1-b0fc0]:PrintEigs():matrix/sp-matrix.h:207) PrintEigs: H_sm_proj (Significance of dims in vector space.. note):  [ 116.018 12.0225 10.7925 8.7568 7.67907 6.30442 6.19158 5.35512 5.2885 4.46963 4.27589 4.07955 3.74131 3.60185 3.32839 3.21902 3.07538 2.75215 2.69438 2.57131 2.50953 2.42868 2.39125 2.27923 0.930461 1.05678 1.12613 2.09247 1.98027 1.94764 1.84999 1.79599 1.78682 1.68469 1.21486 1.27625 1.62131 1.30355 1.44246 1.38832 1.50843 ]
LOG (sgmm2-est[5.5.208~1-b0fc0]:RenormalizeV():estimate-am-sgmm2.cc:1037) Renormalized subspace.
LOG (sgmm2-est[5.5.208~1-b0fc0]:Update():estimate-am-sgmm2.cc:673) *Overall auxf improvement, combining all parameters, is 0.0176012
LOG (sgmm2-est[5.5.208~1-b0fc0]:Update():estimate-am-sgmm2.cc:676) ***Overall data likelihood is -41.8029 over 1.12479e+06 frames.
WARNING (sgmm2-est[5.5.208~1-b0fc0]:ComputeHsmFromModel():am-sgmm2.cc:1289) Limited 4 eigenvalues of H_sm
LOG (sgmm2-est[5.5.208~1-b0fc0]:ComputeHsmFromModel():am-sgmm2.cc:1294) total count is 1.12478e+06
LOG (sgmm2-est[5.5.208~1-b0fc0]:SplitSubstates():am-sgmm2.cc:692) Getting rid of normalizers as they will no longer be valid
LOG (sgmm2-est[5.5.208~1-b0fc0]:SplitSubstates():am-sgmm2.cc:694) Split 9474 substates to 9475
LOG (sgmm2-est[5.5.208~1-b0fc0]:ComputeNormalizers():am-sgmm2.cc:858) Computing normalizers
LOG (sgmm2-est[5.5.208~1-b0fc0]:ComputeNormalizers():am-sgmm2.cc:865) Entropy of weights in substates is 2.08206 over 9475 substates, equivalent to perplexity of 8.02097
LOG (sgmm2-est[5.5.208~1-b0fc0]:ComputeNormalizers():am-sgmm2.cc:869) Done computing normalizers
LOG (sgmm2-est[5.5.208~1-b0fc0]:main():sgmm2-est.cc:158) Written model to exp/sgmm2_4/22.mdl
# Accounting: time=16 threads=1
# Ended (code 0) at Wed Feb 27 15:08:22 +07 2019, elapsed time 16 seconds
