# sgmm2-est --update-flags=vNwSctu --split-substates=8995 --power=0.25 --write-occs=exp/sgmm2_4/20.occs exp/sgmm2_4/19.mdl "sgmm2-sum-accs - exp/sgmm2_4/19.*.acc|" exp/sgmm2_4/20.mdl 
# Started at Wed Feb 27 15:06:18 +07 2019
#
sgmm2-est --update-flags=vNwSctu --split-substates=8995 --power=0.25 --write-occs=exp/sgmm2_4/20.occs exp/sgmm2_4/19.mdl 'sgmm2-sum-accs - exp/sgmm2_4/19.*.acc|' exp/sgmm2_4/20.mdl 
sgmm2-sum-accs - exp/sgmm2_4/19.1.acc exp/sgmm2_4/19.10.acc exp/sgmm2_4/19.11.acc exp/sgmm2_4/19.12.acc exp/sgmm2_4/19.13.acc exp/sgmm2_4/19.14.acc exp/sgmm2_4/19.15.acc exp/sgmm2_4/19.16.acc exp/sgmm2_4/19.17.acc exp/sgmm2_4/19.18.acc exp/sgmm2_4/19.19.acc exp/sgmm2_4/19.2.acc exp/sgmm2_4/19.20.acc exp/sgmm2_4/19.21.acc exp/sgmm2_4/19.22.acc exp/sgmm2_4/19.23.acc exp/sgmm2_4/19.24.acc exp/sgmm2_4/19.25.acc exp/sgmm2_4/19.26.acc exp/sgmm2_4/19.27.acc exp/sgmm2_4/19.28.acc exp/sgmm2_4/19.29.acc exp/sgmm2_4/19.3.acc exp/sgmm2_4/19.30.acc exp/sgmm2_4/19.4.acc exp/sgmm2_4/19.5.acc exp/sgmm2_4/19.6.acc exp/sgmm2_4/19.7.acc exp/sgmm2_4/19.8.acc exp/sgmm2_4/19.9.acc 
LOG (sgmm2-sum-accs[5.5.208~1-b0fc0]:main():sgmm2-sum-accs.cc:87) Written stats to -
LOG (sgmm2-est[5.5.208~1-b0fc0]:MleUpdate():transition-model.cc:528) TransitionModel::Update, objf change is 9.2203e-12 per frame over 1.12482e+06 frames. 
LOG (sgmm2-est[5.5.208~1-b0fc0]:MleUpdate():transition-model.cc:531) 44 probabilities floored, 16 out of 5704 transition-states skipped due to insuffient data (it is normal to have some skipped.)
LOG (sgmm2-est[5.5.208~1-b0fc0]:main():sgmm2-est.cc:109) Transition model update: Overall 9.2203e-12 log-like improvement per frame over 1.12482e+06 frames.
LOG (sgmm2-est[5.5.208~1-b0fc0]:Check():estimate-am-sgmm2.cc:216) Sgmm2PdfModel: J1 = 1400, J2 = 5684, D = 40, S = 41, T = 40, I = 400
LOG (sgmm2-est[5.5.208~1-b0fc0]:Check():estimate-am-sgmm2.cc:362) Subspace GMM model properties: Y: yes, nonzero. Z: yes, nonzero. R: yes, nonzero. gamma_s: yes, zero. S: yes, nonzero. y: yes, nonzero. a: yes.  a: yes, nonzero. gamma: yes.  gamma: yes, nonzero. gamma_c: yes, nonzero. t: yes, nonzero. t: yes, nonzero. 
LOG (sgmm2-est[5.5.208~1-b0fc0]:UpdatePhoneVectors():estimate-am-sgmm2.cc:788) Updating phone vectors
LOG (sgmm2-est[5.5.208~1-b0fc0]:UpdatePhoneVectorsInternal():estimate-am-sgmm2.cc:934) Auxf impr for j = 0 m = 0 is 0.000960149 per frame over 2401.67 frames.
LOG (sgmm2-est[5.5.208~1-b0fc0]:UpdatePhoneVectorsInternal():estimate-am-sgmm2.cc:934) Auxf impr for j = 0 m = 1 is 0.000887561 per frame over 2377.92 frames.
LOG (sgmm2-est[5.5.208~1-b0fc0]:UpdatePhoneVectorsInternal():estimate-am-sgmm2.cc:934) Auxf impr for j = 0 m = 2 is 0.0028819 per frame over 1238.26 frames.
LOG (sgmm2-est[5.5.208~1-b0fc0]:UpdatePhoneVectorsInternal():estimate-am-sgmm2.cc:934) Auxf impr for j = 1 m = 0 is 0.0107104 per frame over 83.0267 frames.
LOG (sgmm2-est[5.5.208~1-b0fc0]:UpdatePhoneVectorsInternal():estimate-am-sgmm2.cc:934) Auxf impr for j = 1 m = 1 is 0.127339 per frame over 26.8469 frames.
LOG (sgmm2-est[5.5.208~1-b0fc0]:UpdatePhoneVectorsInternal():estimate-am-sgmm2.cc:934) Auxf impr for j = 1 m = 2 is 0.010125 per frame over 112.383 frames.
LOG (sgmm2-est[5.5.208~1-b0fc0]:UpdatePhoneVectorsInternal():estimate-am-sgmm2.cc:934) Auxf impr for j = 2 m = 0 is 0.0329602 per frame over 83.6452 frames.
LOG (sgmm2-est[5.5.208~1-b0fc0]:UpdatePhoneVectorsInternal():estimate-am-sgmm2.cc:934) Auxf impr for j = 2 m = 1 is 0.00758064 per frame over 133.06 frames.
LOG (sgmm2-est[5.5.208~1-b0fc0]:UpdatePhoneVectorsInternal():estimate-am-sgmm2.cc:934) Auxf impr for j = 2 m = 2 is 0.0109211 per frame over 84.2377 frames.
LOG (sgmm2-est[5.5.208~1-b0fc0]:UpdatePhoneVectors():estimate-am-sgmm2.cc:800) **Overall auxf impr for v is 0.0107697 over 1.12482e+06 frames
LOG (sgmm2-est[5.5.208~1-b0fc0]:UpdateW():estimate-am-sgmm2.cc:1325) Updating weight projections
LOG (sgmm2-est[5.5.208~1-b0fc0]:UpdateW():estimate-am-sgmm2.cc:1379) Predicted objf impr for w, iter = 0, i = 0 is 0.000192219 per frame over 4092.79 frames.
LOG (sgmm2-est[5.5.208~1-b0fc0]:UpdateW():estimate-am-sgmm2.cc:1379) Predicted objf impr for w, iter = 0, i = 1 is 4.81777e-05 per frame over 3215.98 frames.
LOG (sgmm2-est[5.5.208~1-b0fc0]:UpdateW():estimate-am-sgmm2.cc:1379) Predicted objf impr for w, iter = 0, i = 2 is 9.87016e-05 per frame over 4372.43 frames.
LOG (sgmm2-est[5.5.208~1-b0fc0]:UpdateW():estimate-am-sgmm2.cc:1379) Predicted objf impr for w, iter = 0, i = 3 is 8.74537e-05 per frame over 5530.66 frames.
LOG (sgmm2-est[5.5.208~1-b0fc0]:UpdateW():estimate-am-sgmm2.cc:1379) Predicted objf impr for w, iter = 0, i = 4 is 0.000110633 per frame over 4014.21 frames.
LOG (sgmm2-est[5.5.208~1-b0fc0]:UpdateW():estimate-am-sgmm2.cc:1379) Predicted objf impr for w, iter = 0, i = 5 is 0.000233462 per frame over 2803.79 frames.
LOG (sgmm2-est[5.5.208~1-b0fc0]:UpdateW():estimate-am-sgmm2.cc:1379) Predicted objf impr for w, iter = 0, i = 6 is 0.000117438 per frame over 4066.88 frames.
LOG (sgmm2-est[5.5.208~1-b0fc0]:UpdateW():estimate-am-sgmm2.cc:1379) Predicted objf impr for w, iter = 0, i = 7 is 0.00025653 per frame over 6643.9 frames.
LOG (sgmm2-est[5.5.208~1-b0fc0]:UpdateW():estimate-am-sgmm2.cc:1379) Predicted objf impr for w, iter = 0, i = 8 is 0.00018416 per frame over 2789.27 frames.
LOG (sgmm2-est[5.5.208~1-b0fc0]:UpdateW():estimate-am-sgmm2.cc:1379) Predicted objf impr for w, iter = 0, i = 9 is 0.000214111 per frame over 4379.47 frames.
LOG (sgmm2-est[5.5.208~1-b0fc0]:UpdateW():estimate-am-sgmm2.cc:1379) Predicted objf impr for w, iter = 1, i = 0 is 3.45902e-05 per frame over 4092.79 frames.
LOG (sgmm2-est[5.5.208~1-b0fc0]:UpdateW():estimate-am-sgmm2.cc:1379) Predicted objf impr for w, iter = 1, i = 1 is 2.73511e-05 per frame over 3215.98 frames.
LOG (sgmm2-est[5.5.208~1-b0fc0]:UpdateW():estimate-am-sgmm2.cc:1379) Predicted objf impr for w, iter = 1, i = 2 is 3.50015e-05 per frame over 4372.43 frames.
LOG (sgmm2-est[5.5.208~1-b0fc0]:UpdateW():estimate-am-sgmm2.cc:1379) Predicted objf impr for w, iter = 1, i = 3 is 2.70991e-05 per frame over 5530.66 frames.
LOG (sgmm2-est[5.5.208~1-b0fc0]:UpdateW():estimate-am-sgmm2.cc:1379) Predicted objf impr for w, iter = 1, i = 4 is 2.73275e-05 per frame over 4014.21 frames.
LOG (sgmm2-est[5.5.208~1-b0fc0]:UpdateW():estimate-am-sgmm2.cc:1379) Predicted objf impr for w, iter = 1, i = 5 is 2.14096e-05 per frame over 2803.79 frames.
LOG (sgmm2-est[5.5.208~1-b0fc0]:UpdateW():estimate-am-sgmm2.cc:1379) Predicted objf impr for w, iter = 1, i = 6 is 1.03834e-05 per frame over 4066.88 frames.
LOG (sgmm2-est[5.5.208~1-b0fc0]:UpdateW():estimate-am-sgmm2.cc:1379) Predicted objf impr for w, iter = 1, i = 7 is 1.83391e-05 per frame over 6643.9 frames.
LOG (sgmm2-est[5.5.208~1-b0fc0]:UpdateW():estimate-am-sgmm2.cc:1379) Predicted objf impr for w, iter = 1, i = 8 is 2.08902e-05 per frame over 2789.27 frames.
LOG (sgmm2-est[5.5.208~1-b0fc0]:UpdateW():estimate-am-sgmm2.cc:1379) Predicted objf impr for w, iter = 1, i = 9 is 1.45481e-05 per frame over 4379.47 frames.
LOG (sgmm2-est[5.5.208~1-b0fc0]:UpdateW():estimate-am-sgmm2.cc:1379) Predicted objf impr for w, iter = 2, i = 0 is 2.87992e-05 per frame over 4092.79 frames.
LOG (sgmm2-est[5.5.208~1-b0fc0]:UpdateW():estimate-am-sgmm2.cc:1379) Predicted objf impr for w, iter = 2, i = 1 is 2.6316e-05 per frame over 3215.98 frames.
LOG (sgmm2-est[5.5.208~1-b0fc0]:UpdateW():estimate-am-sgmm2.cc:1379) Predicted objf impr for w, iter = 2, i = 2 is 2.84173e-05 per frame over 4372.43 frames.
LOG (sgmm2-est[5.5.208~1-b0fc0]:UpdateW():estimate-am-sgmm2.cc:1379) Predicted objf impr for w, iter = 2, i = 3 is 2.40016e-05 per frame over 5530.66 frames.
LOG (sgmm2-est[5.5.208~1-b0fc0]:UpdateW():estimate-am-sgmm2.cc:1379) Predicted objf impr for w, iter = 2, i = 4 is 2.11277e-05 per frame over 4014.21 frames.
LOG (sgmm2-est[5.5.208~1-b0fc0]:UpdateW():estimate-am-sgmm2.cc:1379) Predicted objf impr for w, iter = 2, i = 5 is 1.56539e-05 per frame over 2803.79 frames.
LOG (sgmm2-est[5.5.208~1-b0fc0]:UpdateW():estimate-am-sgmm2.cc:1379) Predicted objf impr for w, iter = 2, i = 6 is 3.03672e-06 per frame over 4066.88 frames.
LOG (sgmm2-est[5.5.208~1-b0fc0]:UpdateW():estimate-am-sgmm2.cc:1379) Predicted objf impr for w, iter = 2, i = 7 is 1.32326e-05 per frame over 6643.9 frames.
LOG (sgmm2-est[5.5.208~1-b0fc0]:UpdateW():estimate-am-sgmm2.cc:1379) Predicted objf impr for w, iter = 2, i = 8 is 1.00403e-05 per frame over 2789.27 frames.
LOG (sgmm2-est[5.5.208~1-b0fc0]:UpdateW():estimate-am-sgmm2.cc:1379) Predicted objf impr for w, iter = 2, i = 9 is 1.03905e-05 per frame over 4379.47 frames.
LOG (sgmm2-est[5.5.208~1-b0fc0]:UpdateW():estimate-am-sgmm2.cc:1433) **Overall objf impr for w is 0.000269972, actual 0.000401017, over 1.12482e+06 frames
WARNING (sgmm2-est[5.5.208~1-b0fc0]:UpdateVars():estimate-am-sgmm2.cc:1649) For Gaussian component 1: Floored 2 covariance eigenvalues.
WARNING (sgmm2-est[5.5.208~1-b0fc0]:UpdateVars():estimate-am-sgmm2.cc:1649) For Gaussian component 6: Floored 2 covariance eigenvalues.
WARNING (sgmm2-est[5.5.208~1-b0fc0]:UpdateVars():estimate-am-sgmm2.cc:1649) For Gaussian component 36: Floored 1 covariance eigenvalues.
WARNING (sgmm2-est[5.5.208~1-b0fc0]:UpdateVars():estimate-am-sgmm2.cc:1649) For Gaussian component 38: Floored 5 covariance eigenvalues.
WARNING (sgmm2-est[5.5.208~1-b0fc0]:UpdateVars():estimate-am-sgmm2.cc:1649) For Gaussian component 41: Floored 3 covariance eigenvalues.
WARNING (sgmm2-est[5.5.208~1-b0fc0]:UpdateVars():estimate-am-sgmm2.cc:1649) For Gaussian component 42: Floored 5 covariance eigenvalues.
WARNING (sgmm2-est[5.5.208~1-b0fc0]:UpdateVars():estimate-am-sgmm2.cc:1649) For Gaussian component 49: Floored 1 covariance eigenvalues.
WARNING (sgmm2-est[5.5.208~1-b0fc0]:UpdateVars():estimate-am-sgmm2.cc:1649) For Gaussian component 50: Floored 2 covariance eigenvalues.
WARNING (sgmm2-est[5.5.208~1-b0fc0]:UpdateVars():estimate-am-sgmm2.cc:1649) For Gaussian component 51: Floored 2 covariance eigenvalues.
WARNING (sgmm2-est[5.5.208~1-b0fc0]:UpdateVars():estimate-am-sgmm2.cc:1649) For Gaussian component 68: Floored 2 covariance eigenvalues.
WARNING (sgmm2-est[5.5.208~1-b0fc0]:UpdateVars():estimate-am-sgmm2.cc:1649) For Gaussian component 76: Floored 3 covariance eigenvalues.
WARNING (sgmm2-est[5.5.208~1-b0fc0]:UpdateVars():estimate-am-sgmm2.cc:1649) For Gaussian component 80: Floored 2 covariance eigenvalues.
WARNING (sgmm2-est[5.5.208~1-b0fc0]:UpdateVars():estimate-am-sgmm2.cc:1649) For Gaussian component 84: Floored 1 covariance eigenvalues.
WARNING (sgmm2-est[5.5.208~1-b0fc0]:UpdateVars():estimate-am-sgmm2.cc:1649) For Gaussian component 85: Floored 4 covariance eigenvalues.
WARNING (sgmm2-est[5.5.208~1-b0fc0]:UpdateVars():estimate-am-sgmm2.cc:1649) For Gaussian component 86: Floored 2 covariance eigenvalues.
WARNING (sgmm2-est[5.5.208~1-b0fc0]:UpdateVars():estimate-am-sgmm2.cc:1649) For Gaussian component 94: Floored 1 covariance eigenvalues.
WARNING (sgmm2-est[5.5.208~1-b0fc0]:UpdateVars():estimate-am-sgmm2.cc:1649) For Gaussian component 95: Floored 2 covariance eigenvalues.
WARNING (sgmm2-est[5.5.208~1-b0fc0]:UpdateVars():estimate-am-sgmm2.cc:1649) For Gaussian component 96: Floored 5 covariance eigenvalues.
WARNING (sgmm2-est[5.5.208~1-b0fc0]:UpdateVars():estimate-am-sgmm2.cc:1649) For Gaussian component 97: Floored 2 covariance eigenvalues.
WARNING (sgmm2-est[5.5.208~1-b0fc0]:UpdateVars():estimate-am-sgmm2.cc:1649) For Gaussian component 108: Floored 1 covariance eigenvalues.
WARNING (sgmm2-est[5.5.208~1-b0fc0]:UpdateVars():estimate-am-sgmm2.cc:1649) For Gaussian component 109: Floored 4 covariance eigenvalues.
WARNING (sgmm2-est[5.5.208~1-b0fc0]:UpdateVars():estimate-am-sgmm2.cc:1649) For Gaussian component 116: Floored 2 covariance eigenvalues.
WARNING (sgmm2-est[5.5.208~1-b0fc0]:UpdateVars():estimate-am-sgmm2.cc:1649) For Gaussian component 135: Floored 2 covariance eigenvalues.
WARNING (sgmm2-est[5.5.208~1-b0fc0]:UpdateVars():estimate-am-sgmm2.cc:1649) For Gaussian component 144: Floored 5 covariance eigenvalues.
WARNING (sgmm2-est[5.5.208~1-b0fc0]:UpdateVars():estimate-am-sgmm2.cc:1649) For Gaussian component 145: Floored 4 covariance eigenvalues.
WARNING (sgmm2-est[5.5.208~1-b0fc0]:UpdateVars():estimate-am-sgmm2.cc:1649) For Gaussian component 147: Floored 3 covariance eigenvalues.
WARNING (sgmm2-est[5.5.208~1-b0fc0]:UpdateVars():estimate-am-sgmm2.cc:1649) For Gaussian component 148: Floored 1 covariance eigenvalues.
WARNING (sgmm2-est[5.5.208~1-b0fc0]:UpdateVars():estimate-am-sgmm2.cc:1649) For Gaussian component 150: Floored 3 covariance eigenvalues.
WARNING (sgmm2-est[5.5.208~1-b0fc0]:UpdateVars():estimate-am-sgmm2.cc:1649) For Gaussian component 151: Floored 2 covariance eigenvalues.
WARNING (sgmm2-est[5.5.208~1-b0fc0]:UpdateVars():estimate-am-sgmm2.cc:1649) For Gaussian component 156: Floored 1 covariance eigenvalues.
WARNING (sgmm2-est[5.5.208~1-b0fc0]:UpdateVars():estimate-am-sgmm2.cc:1649) For Gaussian component 174: Floored 3 covariance eigenvalues.
WARNING (sgmm2-est[5.5.208~1-b0fc0]:UpdateVars():estimate-am-sgmm2.cc:1649) For Gaussian component 176: Floored 2 covariance eigenvalues.
WARNING (sgmm2-est[5.5.208~1-b0fc0]:UpdateVars():estimate-am-sgmm2.cc:1649) For Gaussian component 178: Floored 2 covariance eigenvalues.
WARNING (sgmm2-est[5.5.208~1-b0fc0]:UpdateVars():estimate-am-sgmm2.cc:1649) For Gaussian component 179: Floored 2 covariance eigenvalues.
WARNING (sgmm2-est[5.5.208~1-b0fc0]:UpdateVars():estimate-am-sgmm2.cc:1649) For Gaussian component 185: Floored 3 covariance eigenvalues.
WARNING (sgmm2-est[5.5.208~1-b0fc0]:UpdateVars():estimate-am-sgmm2.cc:1649) For Gaussian component 186: Floored 6 covariance eigenvalues.
WARNING (sgmm2-est[5.5.208~1-b0fc0]:UpdateVars():estimate-am-sgmm2.cc:1649) For Gaussian component 187: Floored 3 covariance eigenvalues.
WARNING (sgmm2-est[5.5.208~1-b0fc0]:UpdateVars():estimate-am-sgmm2.cc:1649) For Gaussian component 218: Floored 1 covariance eigenvalues.
WARNING (sgmm2-est[5.5.208~1-b0fc0]:UpdateVars():estimate-am-sgmm2.cc:1649) For Gaussian component 220: Floored 1 covariance eigenvalues.
WARNING (sgmm2-est[5.5.208~1-b0fc0]:UpdateVars():estimate-am-sgmm2.cc:1649) For Gaussian component 232: Floored 4 covariance eigenvalues.
WARNING (sgmm2-est[5.5.208~1-b0fc0]:UpdateVars():estimate-am-sgmm2.cc:1649) For Gaussian component 235: Floored 3 covariance eigenvalues.
WARNING (sgmm2-est[5.5.208~1-b0fc0]:UpdateVars():estimate-am-sgmm2.cc:1649) For Gaussian component 236: Floored 2 covariance eigenvalues.
WARNING (sgmm2-est[5.5.208~1-b0fc0]:UpdateVars():estimate-am-sgmm2.cc:1649) For Gaussian component 238: Floored 1 covariance eigenvalues.
WARNING (sgmm2-est[5.5.208~1-b0fc0]:UpdateVars():estimate-am-sgmm2.cc:1649) For Gaussian component 247: Floored 2 covariance eigenvalues.
WARNING (sgmm2-est[5.5.208~1-b0fc0]:UpdateVars():estimate-am-sgmm2.cc:1649) For Gaussian component 248: Floored 4 covariance eigenvalues.
WARNING (sgmm2-est[5.5.208~1-b0fc0]:UpdateVars():estimate-am-sgmm2.cc:1649) For Gaussian component 262: Floored 1 covariance eigenvalues.
WARNING (sgmm2-est[5.5.208~1-b0fc0]:UpdateVars():estimate-am-sgmm2.cc:1649) For Gaussian component 269: Floored 1 covariance eigenvalues.
WARNING (sgmm2-est[5.5.208~1-b0fc0]:UpdateVars():estimate-am-sgmm2.cc:1649) For Gaussian component 276: Floored 1 covariance eigenvalues.
WARNING (sgmm2-est[5.5.208~1-b0fc0]:UpdateVars():estimate-am-sgmm2.cc:1649) For Gaussian component 294: Floored 1 covariance eigenvalues.
WARNING (sgmm2-est[5.5.208~1-b0fc0]:UpdateVars():estimate-am-sgmm2.cc:1649) For Gaussian component 295: Floored 3 covariance eigenvalues.
WARNING (sgmm2-est[5.5.208~1-b0fc0]:UpdateVars():estimate-am-sgmm2.cc:1649) For Gaussian component 296: Floored 2 covariance eigenvalues.
WARNING (sgmm2-est[5.5.208~1-b0fc0]:UpdateVars():estimate-am-sgmm2.cc:1649) For Gaussian component 297: Floored 6 covariance eigenvalues.
WARNING (sgmm2-est[5.5.208~1-b0fc0]:UpdateVars():estimate-am-sgmm2.cc:1649) For Gaussian component 298: Floored 2 covariance eigenvalues.
WARNING (sgmm2-est[5.5.208~1-b0fc0]:UpdateVars():estimate-am-sgmm2.cc:1649) For Gaussian component 300: Floored 1 covariance eigenvalues.
WARNING (sgmm2-est[5.5.208~1-b0fc0]:UpdateVars():estimate-am-sgmm2.cc:1649) For Gaussian component 306: Floored 1 covariance eigenvalues.
WARNING (sgmm2-est[5.5.208~1-b0fc0]:UpdateVars():estimate-am-sgmm2.cc:1649) For Gaussian component 310: Floored 1 covariance eigenvalues.
WARNING (sgmm2-est[5.5.208~1-b0fc0]:UpdateVars():estimate-am-sgmm2.cc:1649) For Gaussian component 311: Floored 3 covariance eigenvalues.
WARNING (sgmm2-est[5.5.208~1-b0fc0]:UpdateVars():estimate-am-sgmm2.cc:1649) For Gaussian component 312: Floored 1 covariance eigenvalues.
WARNING (sgmm2-est[5.5.208~1-b0fc0]:UpdateVars():estimate-am-sgmm2.cc:1649) For Gaussian component 326: Floored 3 covariance eigenvalues.
WARNING (sgmm2-est[5.5.208~1-b0fc0]:UpdateVars():estimate-am-sgmm2.cc:1649) For Gaussian component 346: Floored 2 covariance eigenvalues.
WARNING (sgmm2-est[5.5.208~1-b0fc0]:UpdateVars():estimate-am-sgmm2.cc:1649) For Gaussian component 351: Floored 2 covariance eigenvalues.
WARNING (sgmm2-est[5.5.208~1-b0fc0]:UpdateVars():estimate-am-sgmm2.cc:1649) For Gaussian component 352: Floored 3 covariance eigenvalues.
WARNING (sgmm2-est[5.5.208~1-b0fc0]:UpdateVars():estimate-am-sgmm2.cc:1649) For Gaussian component 353: Floored 1 covariance eigenvalues.
WARNING (sgmm2-est[5.5.208~1-b0fc0]:UpdateVars():estimate-am-sgmm2.cc:1649) For Gaussian component 360: Floored 1 covariance eigenvalues.
WARNING (sgmm2-est[5.5.208~1-b0fc0]:UpdateVars():estimate-am-sgmm2.cc:1649) For Gaussian component 370: Floored 2 covariance eigenvalues.
WARNING (sgmm2-est[5.5.208~1-b0fc0]:UpdateVars():estimate-am-sgmm2.cc:1649) For Gaussian component 373: Floored 6 covariance eigenvalues.
WARNING (sgmm2-est[5.5.208~1-b0fc0]:UpdateVars():estimate-am-sgmm2.cc:1649) For Gaussian component 378: Floored 3 covariance eigenvalues.
WARNING (sgmm2-est[5.5.208~1-b0fc0]:UpdateVars():estimate-am-sgmm2.cc:1649) For Gaussian component 381: Floored 3 covariance eigenvalues.
WARNING (sgmm2-est[5.5.208~1-b0fc0]:UpdateVars():estimate-am-sgmm2.cc:1649) For Gaussian component 382: Floored 3 covariance eigenvalues.
WARNING (sgmm2-est[5.5.208~1-b0fc0]:UpdateVars():estimate-am-sgmm2.cc:1649) For Gaussian component 384: Floored 1 covariance eigenvalues.
WARNING (sgmm2-est[5.5.208~1-b0fc0]:UpdateVars():estimate-am-sgmm2.cc:1649) For Gaussian component 399: Floored 2 covariance eigenvalues.
LOG (sgmm2-est[5.5.208~1-b0fc0]:UpdateVars():estimate-am-sgmm2.cc:1675) **Overall objf impr for variance update = 0.00264964 over 1.12482e+06 frames
LOG (sgmm2-est[5.5.208~1-b0fc0]:UpdateSubstateWeights():estimate-am-sgmm2.cc:1684) Updating substate mixture weights
LOG (sgmm2-est[5.5.208~1-b0fc0]:UpdateSubstateWeights():estimate-am-sgmm2.cc:1707) **Overall objf impr for c is 0.00025098, over 1.12482e+06 frames.
LOG (sgmm2-est[5.5.208~1-b0fc0]:UpdateN():estimate-am-sgmm2.cc:1512) Objf impr for spk projection N for i = 0, is 0.0184651 over 4092.79 frames
LOG (sgmm2-est[5.5.208~1-b0fc0]:UpdateN():estimate-am-sgmm2.cc:1512) Objf impr for spk projection N for i = 1, is 0.0178835 over 3215.98 frames
LOG (sgmm2-est[5.5.208~1-b0fc0]:UpdateN():estimate-am-sgmm2.cc:1512) Objf impr for spk projection N for i = 2, is 0.0208933 over 4372.43 frames
LOG (sgmm2-est[5.5.208~1-b0fc0]:UpdateN():estimate-am-sgmm2.cc:1512) Objf impr for spk projection N for i = 3, is 0.0143707 over 5530.66 frames
LOG (sgmm2-est[5.5.208~1-b0fc0]:UpdateN():estimate-am-sgmm2.cc:1512) Objf impr for spk projection N for i = 4, is 0.0167625 over 4014.21 frames
LOG (sgmm2-est[5.5.208~1-b0fc0]:UpdateN():estimate-am-sgmm2.cc:1512) Objf impr for spk projection N for i = 5, is 0.013601 over 2803.79 frames
LOG (sgmm2-est[5.5.208~1-b0fc0]:UpdateN():estimate-am-sgmm2.cc:1512) Objf impr for spk projection N for i = 6, is 0.00830319 over 4066.88 frames
LOG (sgmm2-est[5.5.208~1-b0fc0]:UpdateN():estimate-am-sgmm2.cc:1512) Objf impr for spk projection N for i = 7, is 0.0247298 over 6643.9 frames
LOG (sgmm2-est[5.5.208~1-b0fc0]:UpdateN():estimate-am-sgmm2.cc:1512) Objf impr for spk projection N for i = 8, is 0.0241933 over 2789.27 frames
LOG (sgmm2-est[5.5.208~1-b0fc0]:UpdateN():estimate-am-sgmm2.cc:1512) Objf impr for spk projection N for i = 9, is 0.0212559 over 4379.47 frames
LOG (sgmm2-est[5.5.208~1-b0fc0]:UpdateN():estimate-am-sgmm2.cc:1520) **Overall objf impr for N is 0.00809076 over 1.12482e+06 frames
LOG (sgmm2-est[5.5.208~1-b0fc0]:UpdateU():estimate-am-sgmm2.cc:1473) Objf impr for spk weight-projection u for i = 0, is 0.000312848 over 4092.79 frames
LOG (sgmm2-est[5.5.208~1-b0fc0]:UpdateU():estimate-am-sgmm2.cc:1473) Objf impr for spk weight-projection u for i = 1, is 0.000410547 over 3215.98 frames
LOG (sgmm2-est[5.5.208~1-b0fc0]:UpdateU():estimate-am-sgmm2.cc:1473) Objf impr for spk weight-projection u for i = 2, is 0.000429843 over 4372.43 frames
LOG (sgmm2-est[5.5.208~1-b0fc0]:UpdateU():estimate-am-sgmm2.cc:1473) Objf impr for spk weight-projection u for i = 3, is 0.00031377 over 5530.66 frames
LOG (sgmm2-est[5.5.208~1-b0fc0]:UpdateU():estimate-am-sgmm2.cc:1473) Objf impr for spk weight-projection u for i = 4, is 0.00035207 over 4014.21 frames
LOG (sgmm2-est[5.5.208~1-b0fc0]:UpdateU():estimate-am-sgmm2.cc:1473) Objf impr for spk weight-projection u for i = 5, is 0.000274848 over 2803.79 frames
LOG (sgmm2-est[5.5.208~1-b0fc0]:UpdateU():estimate-am-sgmm2.cc:1473) Objf impr for spk weight-projection u for i = 6, is 0.000178862 over 4066.88 frames
LOG (sgmm2-est[5.5.208~1-b0fc0]:UpdateU():estimate-am-sgmm2.cc:1473) Objf impr for spk weight-projection u for i = 7, is 0.000599527 over 6643.9 frames
LOG (sgmm2-est[5.5.208~1-b0fc0]:UpdateU():estimate-am-sgmm2.cc:1473) Objf impr for spk weight-projection u for i = 8, is 0.000665569 over 2789.27 frames
LOG (sgmm2-est[5.5.208~1-b0fc0]:UpdateU():estimate-am-sgmm2.cc:1473) Objf impr for spk weight-projection u for i = 9, is 0.000400117 over 4379.47 frames
LOG (sgmm2-est[5.5.208~1-b0fc0]:UpdateU():estimate-am-sgmm2.cc:1481) **Overall objf impr for u is 0.00013769, over 1.12482e+06 frames
LOG (sgmm2-est[5.5.208~1-b0fc0]:RenormalizeV():estimate-am-sgmm2.cc:969) Scatter of vectors v is : 
LOG (sgmm2-est[5.5.208~1-b0fc0]:PrintEigs():matrix/sp-matrix.h:207) PrintEigs: Sigma:  [ 1.01199 0.989514 0.989947 0.991208 1.00827 1.00821 1.00683 1.00619 0.99279 1.00547 1.00478 1.00486 1.00393 1.00403 0.993708 1.00325 1.00263 1.00235 1.00226 1.00206 1.00132 1.00148 1.0009 1.00048 0.99448 0.99503 0.995415 1.00014 0.999726 0.999375 0.999491 0.998748 0.998463 0.998285 0.996025 0.997926 0.996538 0.996706 0.996979 0.997571 0.997353 ]
LOG (sgmm2-est[5.5.208~1-b0fc0]:RenormalizeV():estimate-am-sgmm2.cc:991) Note on the next diagnostic: the first number is generally not that meaningful as it relates to the static offset
LOG (sgmm2-est[5.5.208~1-b0fc0]:PrintEigs():matrix/sp-matrix.h:207) PrintEigs: H_sm_proj (Significance of dims in vector space.. note):  [ 113.772 11.5369 10.3166 8.26742 7.13506 6.03647 5.71376 4.93615 4.86164 4.23398 4.03565 3.6603 3.51805 3.25914 3.10031 2.97554 2.90269 2.60755 2.49035 2.40121 2.33844 2.30593 2.17115 2.21717 0.885512 0.997583 1.06415 1.13141 1.20938 1.2336 1.29574 1.34796 1.97038 1.87408 1.82255 1.7278 1.66981 1.63998 1.5389 1.59189 1.42336 ]
LOG (sgmm2-est[5.5.208~1-b0fc0]:RenormalizeV():estimate-am-sgmm2.cc:1037) Renormalized subspace.
LOG (sgmm2-est[5.5.208~1-b0fc0]:Update():estimate-am-sgmm2.cc:673) *Overall auxf improvement, combining all parameters, is 0.0222997
LOG (sgmm2-est[5.5.208~1-b0fc0]:Update():estimate-am-sgmm2.cc:676) ***Overall data likelihood is -41.8524 over 1.12482e+06 frames.
WARNING (sgmm2-est[5.5.208~1-b0fc0]:ComputeHsmFromModel():am-sgmm2.cc:1289) Limited 4 eigenvalues of H_sm
LOG (sgmm2-est[5.5.208~1-b0fc0]:ComputeHsmFromModel():am-sgmm2.cc:1294) total count is 1.12481e+06
LOG (sgmm2-est[5.5.208~1-b0fc0]:SplitSubstates():am-sgmm2.cc:692) Getting rid of normalizers as they will no longer be valid
LOG (sgmm2-est[5.5.208~1-b0fc0]:SplitSubstates():am-sgmm2.cc:694) Split 9473 substates to 9474
LOG (sgmm2-est[5.5.208~1-b0fc0]:ComputeNormalizers():am-sgmm2.cc:858) Computing normalizers
LOG (sgmm2-est[5.5.208~1-b0fc0]:ComputeNormalizers():am-sgmm2.cc:865) Entropy of weights in substates is 2.08855 over 9474 substates, equivalent to perplexity of 8.07321
LOG (sgmm2-est[5.5.208~1-b0fc0]:ComputeNormalizers():am-sgmm2.cc:869) Done computing normalizers
LOG (sgmm2-est[5.5.208~1-b0fc0]:main():sgmm2-est.cc:158) Written model to exp/sgmm2_4/20.mdl
# Accounting: time=16 threads=1
# Ended (code 0) at Wed Feb 27 15:06:34 +07 2019, elapsed time 16 seconds
