# sgmm2-est --update-flags=vMwSctu --split-substates=8995 --power=0.25 --write-occs=exp/sgmm2_4/21.occs exp/sgmm2_4/20.mdl "sgmm2-sum-accs - exp/sgmm2_4/20.*.acc|" exp/sgmm2_4/21.mdl 
# Started at Wed Feb 27 15:07:11 +07 2019
#
sgmm2-est --update-flags=vMwSctu --split-substates=8995 --power=0.25 --write-occs=exp/sgmm2_4/21.occs exp/sgmm2_4/20.mdl 'sgmm2-sum-accs - exp/sgmm2_4/20.*.acc|' exp/sgmm2_4/21.mdl 
sgmm2-sum-accs - exp/sgmm2_4/20.1.acc exp/sgmm2_4/20.10.acc exp/sgmm2_4/20.11.acc exp/sgmm2_4/20.12.acc exp/sgmm2_4/20.13.acc exp/sgmm2_4/20.14.acc exp/sgmm2_4/20.15.acc exp/sgmm2_4/20.16.acc exp/sgmm2_4/20.17.acc exp/sgmm2_4/20.18.acc exp/sgmm2_4/20.19.acc exp/sgmm2_4/20.2.acc exp/sgmm2_4/20.20.acc exp/sgmm2_4/20.21.acc exp/sgmm2_4/20.22.acc exp/sgmm2_4/20.23.acc exp/sgmm2_4/20.24.acc exp/sgmm2_4/20.25.acc exp/sgmm2_4/20.26.acc exp/sgmm2_4/20.27.acc exp/sgmm2_4/20.28.acc exp/sgmm2_4/20.29.acc exp/sgmm2_4/20.3.acc exp/sgmm2_4/20.30.acc exp/sgmm2_4/20.4.acc exp/sgmm2_4/20.5.acc exp/sgmm2_4/20.6.acc exp/sgmm2_4/20.7.acc exp/sgmm2_4/20.8.acc exp/sgmm2_4/20.9.acc 
LOG (sgmm2-sum-accs[5.5.208~1-b0fc0]:main():sgmm2-sum-accs.cc:87) Written stats to -
LOG (sgmm2-est[5.5.208~1-b0fc0]:MleUpdate():transition-model.cc:528) TransitionModel::Update, objf change is 9.2203e-12 per frame over 1.12482e+06 frames. 
LOG (sgmm2-est[5.5.208~1-b0fc0]:MleUpdate():transition-model.cc:531) 44 probabilities floored, 16 out of 5704 transition-states skipped due to insuffient data (it is normal to have some skipped.)
LOG (sgmm2-est[5.5.208~1-b0fc0]:main():sgmm2-est.cc:109) Transition model update: Overall 9.2203e-12 log-like improvement per frame over 1.12482e+06 frames.
LOG (sgmm2-est[5.5.208~1-b0fc0]:Check():estimate-am-sgmm2.cc:216) Sgmm2PdfModel: J1 = 1400, J2 = 5684, D = 40, S = 41, T = 40, I = 400
LOG (sgmm2-est[5.5.208~1-b0fc0]:Check():estimate-am-sgmm2.cc:362) Subspace GMM model properties: Y: yes, nonzero. Z, R: no.  S: yes, nonzero. y: yes, nonzero. a: yes.  a: yes, nonzero. gamma: yes.  gamma: yes, nonzero. gamma_c: yes, nonzero. t: yes, nonzero. t: yes, nonzero. 
LOG (sgmm2-est[5.5.208~1-b0fc0]:UpdatePhoneVectors():estimate-am-sgmm2.cc:788) Updating phone vectors
LOG (sgmm2-est[5.5.208~1-b0fc0]:UpdatePhoneVectorsInternal():estimate-am-sgmm2.cc:934) Auxf impr for j = 0 m = 0 is 0.00081356 per frame over 2386.19 frames.
LOG (sgmm2-est[5.5.208~1-b0fc0]:UpdatePhoneVectorsInternal():estimate-am-sgmm2.cc:934) Auxf impr for j = 0 m = 1 is 0.0011 per frame over 2355.48 frames.
LOG (sgmm2-est[5.5.208~1-b0fc0]:UpdatePhoneVectorsInternal():estimate-am-sgmm2.cc:934) Auxf impr for j = 0 m = 2 is 0.00216829 per frame over 1235.64 frames.
LOG (sgmm2-est[5.5.208~1-b0fc0]:UpdatePhoneVectorsInternal():estimate-am-sgmm2.cc:934) Auxf impr for j = 1 m = 0 is 0.00145724 per frame over 83.4721 frames.
LOG (sgmm2-est[5.5.208~1-b0fc0]:UpdatePhoneVectorsInternal():estimate-am-sgmm2.cc:934) Auxf impr for j = 1 m = 1 is 0.00704984 per frame over 26.6068 frames.
LOG (sgmm2-est[5.5.208~1-b0fc0]:UpdatePhoneVectorsInternal():estimate-am-sgmm2.cc:934) Auxf impr for j = 1 m = 2 is 0.0021696 per frame over 112.79 frames.
LOG (sgmm2-est[5.5.208~1-b0fc0]:UpdatePhoneVectorsInternal():estimate-am-sgmm2.cc:934) Auxf impr for j = 2 m = 0 is 0.0225644 per frame over 83.2145 frames.
LOG (sgmm2-est[5.5.208~1-b0fc0]:UpdatePhoneVectorsInternal():estimate-am-sgmm2.cc:934) Auxf impr for j = 2 m = 1 is 0.00177604 per frame over 133.499 frames.
LOG (sgmm2-est[5.5.208~1-b0fc0]:UpdatePhoneVectorsInternal():estimate-am-sgmm2.cc:934) Auxf impr for j = 2 m = 2 is 0.00346012 per frame over 83.7021 frames.
LOG (sgmm2-est[5.5.208~1-b0fc0]:UpdatePhoneVectors():estimate-am-sgmm2.cc:800) **Overall auxf impr for v is 0.00439685 over 1.12491e+06 frames
LOG (sgmm2-est[5.5.208~1-b0fc0]:SolveQuadraticMatrixProblem():sp-matrix.cc:786) Solving matrix problem for M: floored 14 eigenvalues. 
LOG (sgmm2-est[5.5.208~1-b0fc0]:SolveQuadraticMatrixProblem():sp-matrix.cc:786) Solving matrix problem for M: floored 22 eigenvalues. 
LOG (sgmm2-est[5.5.208~1-b0fc0]:SolveQuadraticMatrixProblem():sp-matrix.cc:786) Solving matrix problem for M: floored 3 eigenvalues. 
LOG (sgmm2-est[5.5.208~1-b0fc0]:UpdateM():estimate-am-sgmm2.cc:1074) Overall objective function improvement for model projections M is 0.0137632 over 1.12491e+06 frames
LOG (sgmm2-est[5.5.208~1-b0fc0]:UpdateW():estimate-am-sgmm2.cc:1325) Updating weight projections
LOG (sgmm2-est[5.5.208~1-b0fc0]:UpdateW():estimate-am-sgmm2.cc:1379) Predicted objf impr for w, iter = 0, i = 0 is 0.00014521 per frame over 4080.03 frames.
LOG (sgmm2-est[5.5.208~1-b0fc0]:UpdateW():estimate-am-sgmm2.cc:1379) Predicted objf impr for w, iter = 0, i = 1 is 4.90284e-05 per frame over 3249.48 frames.
LOG (sgmm2-est[5.5.208~1-b0fc0]:UpdateW():estimate-am-sgmm2.cc:1379) Predicted objf impr for w, iter = 0, i = 2 is 0.000117612 per frame over 4390.94 frames.
LOG (sgmm2-est[5.5.208~1-b0fc0]:UpdateW():estimate-am-sgmm2.cc:1379) Predicted objf impr for w, iter = 0, i = 3 is 0.000224079 per frame over 5479.37 frames.
LOG (sgmm2-est[5.5.208~1-b0fc0]:UpdateW():estimate-am-sgmm2.cc:1379) Predicted objf impr for w, iter = 0, i = 4 is 0.000110188 per frame over 4042.04 frames.
LOG (sgmm2-est[5.5.208~1-b0fc0]:UpdateW():estimate-am-sgmm2.cc:1379) Predicted objf impr for w, iter = 0, i = 5 is 0.000284826 per frame over 2798.34 frames.
LOG (sgmm2-est[5.5.208~1-b0fc0]:UpdateW():estimate-am-sgmm2.cc:1379) Predicted objf impr for w, iter = 0, i = 6 is 7.98308e-05 per frame over 4063.57 frames.
LOG (sgmm2-est[5.5.208~1-b0fc0]:UpdateW():estimate-am-sgmm2.cc:1379) Predicted objf impr for w, iter = 0, i = 7 is 0.000158244 per frame over 6554.56 frames.
LOG (sgmm2-est[5.5.208~1-b0fc0]:UpdateW():estimate-am-sgmm2.cc:1379) Predicted objf impr for w, iter = 0, i = 8 is 0.000206724 per frame over 2793.03 frames.
LOG (sgmm2-est[5.5.208~1-b0fc0]:UpdateW():estimate-am-sgmm2.cc:1379) Predicted objf impr for w, iter = 0, i = 9 is 5.46221e-05 per frame over 4369.65 frames.
LOG (sgmm2-est[5.5.208~1-b0fc0]:UpdateW():estimate-am-sgmm2.cc:1379) Predicted objf impr for w, iter = 1, i = 0 is 2.84666e-05 per frame over 4080.03 frames.
LOG (sgmm2-est[5.5.208~1-b0fc0]:UpdateW():estimate-am-sgmm2.cc:1379) Predicted objf impr for w, iter = 1, i = 1 is 2.35612e-05 per frame over 3249.48 frames.
LOG (sgmm2-est[5.5.208~1-b0fc0]:UpdateW():estimate-am-sgmm2.cc:1379) Predicted objf impr for w, iter = 1, i = 2 is 2.75985e-05 per frame over 4390.94 frames.
LOG (sgmm2-est[5.5.208~1-b0fc0]:UpdateW():estimate-am-sgmm2.cc:1379) Predicted objf impr for w, iter = 1, i = 3 is 2.3886e-05 per frame over 5479.37 frames.
LOG (sgmm2-est[5.5.208~1-b0fc0]:UpdateW():estimate-am-sgmm2.cc:1379) Predicted objf impr for w, iter = 1, i = 4 is 2.23263e-05 per frame over 4042.04 frames.
LOG (sgmm2-est[5.5.208~1-b0fc0]:UpdateW():estimate-am-sgmm2.cc:1379) Predicted objf impr for w, iter = 1, i = 5 is 2.27617e-05 per frame over 2798.34 frames.
LOG (sgmm2-est[5.5.208~1-b0fc0]:UpdateW():estimate-am-sgmm2.cc:1379) Predicted objf impr for w, iter = 1, i = 6 is 5.37746e-06 per frame over 4063.57 frames.
LOG (sgmm2-est[5.5.208~1-b0fc0]:UpdateW():estimate-am-sgmm2.cc:1379) Predicted objf impr for w, iter = 1, i = 7 is 1.58427e-05 per frame over 6554.56 frames.
LOG (sgmm2-est[5.5.208~1-b0fc0]:UpdateW():estimate-am-sgmm2.cc:1379) Predicted objf impr for w, iter = 1, i = 8 is 1.34167e-05 per frame over 2793.03 frames.
LOG (sgmm2-est[5.5.208~1-b0fc0]:UpdateW():estimate-am-sgmm2.cc:1379) Predicted objf impr for w, iter = 1, i = 9 is 1.0376e-05 per frame over 4369.65 frames.
LOG (sgmm2-est[5.5.208~1-b0fc0]:UpdateW():estimate-am-sgmm2.cc:1379) Predicted objf impr for w, iter = 2, i = 0 is 2.55997e-05 per frame over 4080.03 frames.
LOG (sgmm2-est[5.5.208~1-b0fc0]:UpdateW():estimate-am-sgmm2.cc:1379) Predicted objf impr for w, iter = 2, i = 1 is 2.388e-05 per frame over 3249.48 frames.
LOG (sgmm2-est[5.5.208~1-b0fc0]:UpdateW():estimate-am-sgmm2.cc:1379) Predicted objf impr for w, iter = 2, i = 2 is 2.4771e-05 per frame over 4390.94 frames.
LOG (sgmm2-est[5.5.208~1-b0fc0]:UpdateW():estimate-am-sgmm2.cc:1379) Predicted objf impr for w, iter = 2, i = 3 is 2.14008e-05 per frame over 5479.37 frames.
LOG (sgmm2-est[5.5.208~1-b0fc0]:UpdateW():estimate-am-sgmm2.cc:1379) Predicted objf impr for w, iter = 2, i = 4 is 1.91214e-05 per frame over 4042.04 frames.
LOG (sgmm2-est[5.5.208~1-b0fc0]:UpdateW():estimate-am-sgmm2.cc:1379) Predicted objf impr for w, iter = 2, i = 5 is 1.55403e-05 per frame over 2798.34 frames.
LOG (sgmm2-est[5.5.208~1-b0fc0]:UpdateW():estimate-am-sgmm2.cc:1379) Predicted objf impr for w, iter = 2, i = 6 is 1.39197e-06 per frame over 4063.57 frames.
LOG (sgmm2-est[5.5.208~1-b0fc0]:UpdateW():estimate-am-sgmm2.cc:1379) Predicted objf impr for w, iter = 2, i = 7 is 1.2352e-05 per frame over 6554.56 frames.
LOG (sgmm2-est[5.5.208~1-b0fc0]:UpdateW():estimate-am-sgmm2.cc:1379) Predicted objf impr for w, iter = 2, i = 8 is 8.81243e-06 per frame over 2793.03 frames.
LOG (sgmm2-est[5.5.208~1-b0fc0]:UpdateW():estimate-am-sgmm2.cc:1379) Predicted objf impr for w, iter = 2, i = 9 is 9.17977e-06 per frame over 4369.65 frames.
LOG (sgmm2-est[5.5.208~1-b0fc0]:UpdateW():estimate-am-sgmm2.cc:1433) **Overall objf impr for w is 0.000194343, actual 0.000298997, over 1.12491e+06 frames
WARNING (sgmm2-est[5.5.208~1-b0fc0]:UpdateVars():estimate-am-sgmm2.cc:1649) For Gaussian component 1: Floored 2 covariance eigenvalues.
WARNING (sgmm2-est[5.5.208~1-b0fc0]:UpdateVars():estimate-am-sgmm2.cc:1649) For Gaussian component 6: Floored 2 covariance eigenvalues.
WARNING (sgmm2-est[5.5.208~1-b0fc0]:UpdateVars():estimate-am-sgmm2.cc:1649) For Gaussian component 36: Floored 1 covariance eigenvalues.
WARNING (sgmm2-est[5.5.208~1-b0fc0]:UpdateVars():estimate-am-sgmm2.cc:1649) For Gaussian component 38: Floored 5 covariance eigenvalues.
WARNING (sgmm2-est[5.5.208~1-b0fc0]:UpdateVars():estimate-am-sgmm2.cc:1649) For Gaussian component 41: Floored 3 covariance eigenvalues.
WARNING (sgmm2-est[5.5.208~1-b0fc0]:UpdateVars():estimate-am-sgmm2.cc:1649) For Gaussian component 42: Floored 5 covariance eigenvalues.
WARNING (sgmm2-est[5.5.208~1-b0fc0]:UpdateVars():estimate-am-sgmm2.cc:1649) For Gaussian component 49: Floored 1 covariance eigenvalues.
WARNING (sgmm2-est[5.5.208~1-b0fc0]:UpdateVars():estimate-am-sgmm2.cc:1649) For Gaussian component 50: Floored 2 covariance eigenvalues.
WARNING (sgmm2-est[5.5.208~1-b0fc0]:UpdateVars():estimate-am-sgmm2.cc:1649) For Gaussian component 51: Floored 2 covariance eigenvalues.
WARNING (sgmm2-est[5.5.208~1-b0fc0]:UpdateVars():estimate-am-sgmm2.cc:1649) For Gaussian component 68: Floored 2 covariance eigenvalues.
WARNING (sgmm2-est[5.5.208~1-b0fc0]:UpdateVars():estimate-am-sgmm2.cc:1649) For Gaussian component 76: Floored 3 covariance eigenvalues.
WARNING (sgmm2-est[5.5.208~1-b0fc0]:UpdateVars():estimate-am-sgmm2.cc:1649) For Gaussian component 80: Floored 2 covariance eigenvalues.
WARNING (sgmm2-est[5.5.208~1-b0fc0]:UpdateVars():estimate-am-sgmm2.cc:1649) For Gaussian component 84: Floored 1 covariance eigenvalues.
WARNING (sgmm2-est[5.5.208~1-b0fc0]:UpdateVars():estimate-am-sgmm2.cc:1649) For Gaussian component 85: Floored 4 covariance eigenvalues.
WARNING (sgmm2-est[5.5.208~1-b0fc0]:UpdateVars():estimate-am-sgmm2.cc:1649) For Gaussian component 86: Floored 2 covariance eigenvalues.
WARNING (sgmm2-est[5.5.208~1-b0fc0]:UpdateVars():estimate-am-sgmm2.cc:1649) For Gaussian component 94: Floored 1 covariance eigenvalues.
WARNING (sgmm2-est[5.5.208~1-b0fc0]:UpdateVars():estimate-am-sgmm2.cc:1649) For Gaussian component 95: Floored 2 covariance eigenvalues.
WARNING (sgmm2-est[5.5.208~1-b0fc0]:UpdateVars():estimate-am-sgmm2.cc:1649) For Gaussian component 96: Floored 5 covariance eigenvalues.
WARNING (sgmm2-est[5.5.208~1-b0fc0]:UpdateVars():estimate-am-sgmm2.cc:1649) For Gaussian component 97: Floored 2 covariance eigenvalues.
WARNING (sgmm2-est[5.5.208~1-b0fc0]:UpdateVars():estimate-am-sgmm2.cc:1649) For Gaussian component 108: Floored 1 covariance eigenvalues.
WARNING (sgmm2-est[5.5.208~1-b0fc0]:UpdateVars():estimate-am-sgmm2.cc:1649) For Gaussian component 109: Floored 4 covariance eigenvalues.
WARNING (sgmm2-est[5.5.208~1-b0fc0]:UpdateVars():estimate-am-sgmm2.cc:1649) For Gaussian component 116: Floored 2 covariance eigenvalues.
WARNING (sgmm2-est[5.5.208~1-b0fc0]:UpdateVars():estimate-am-sgmm2.cc:1649) For Gaussian component 135: Floored 2 covariance eigenvalues.
WARNING (sgmm2-est[5.5.208~1-b0fc0]:UpdateVars():estimate-am-sgmm2.cc:1649) For Gaussian component 144: Floored 5 covariance eigenvalues.
WARNING (sgmm2-est[5.5.208~1-b0fc0]:UpdateVars():estimate-am-sgmm2.cc:1649) For Gaussian component 145: Floored 4 covariance eigenvalues.
WARNING (sgmm2-est[5.5.208~1-b0fc0]:UpdateVars():estimate-am-sgmm2.cc:1649) For Gaussian component 147: Floored 3 covariance eigenvalues.
WARNING (sgmm2-est[5.5.208~1-b0fc0]:UpdateVars():estimate-am-sgmm2.cc:1649) For Gaussian component 148: Floored 1 covariance eigenvalues.
WARNING (sgmm2-est[5.5.208~1-b0fc0]:UpdateVars():estimate-am-sgmm2.cc:1649) For Gaussian component 150: Floored 3 covariance eigenvalues.
WARNING (sgmm2-est[5.5.208~1-b0fc0]:UpdateVars():estimate-am-sgmm2.cc:1649) For Gaussian component 151: Floored 2 covariance eigenvalues.
WARNING (sgmm2-est[5.5.208~1-b0fc0]:UpdateVars():estimate-am-sgmm2.cc:1649) For Gaussian component 156: Floored 1 covariance eigenvalues.
WARNING (sgmm2-est[5.5.208~1-b0fc0]:UpdateVars():estimate-am-sgmm2.cc:1649) For Gaussian component 174: Floored 3 covariance eigenvalues.
WARNING (sgmm2-est[5.5.208~1-b0fc0]:UpdateVars():estimate-am-sgmm2.cc:1649) For Gaussian component 176: Floored 2 covariance eigenvalues.
WARNING (sgmm2-est[5.5.208~1-b0fc0]:UpdateVars():estimate-am-sgmm2.cc:1649) For Gaussian component 178: Floored 2 covariance eigenvalues.
WARNING (sgmm2-est[5.5.208~1-b0fc0]:UpdateVars():estimate-am-sgmm2.cc:1649) For Gaussian component 179: Floored 2 covariance eigenvalues.
WARNING (sgmm2-est[5.5.208~1-b0fc0]:UpdateVars():estimate-am-sgmm2.cc:1649) For Gaussian component 185: Floored 3 covariance eigenvalues.
WARNING (sgmm2-est[5.5.208~1-b0fc0]:UpdateVars():estimate-am-sgmm2.cc:1649) For Gaussian component 186: Floored 6 covariance eigenvalues.
WARNING (sgmm2-est[5.5.208~1-b0fc0]:UpdateVars():estimate-am-sgmm2.cc:1649) For Gaussian component 187: Floored 3 covariance eigenvalues.
WARNING (sgmm2-est[5.5.208~1-b0fc0]:UpdateVars():estimate-am-sgmm2.cc:1649) For Gaussian component 218: Floored 1 covariance eigenvalues.
WARNING (sgmm2-est[5.5.208~1-b0fc0]:UpdateVars():estimate-am-sgmm2.cc:1649) For Gaussian component 220: Floored 1 covariance eigenvalues.
WARNING (sgmm2-est[5.5.208~1-b0fc0]:UpdateVars():estimate-am-sgmm2.cc:1649) For Gaussian component 232: Floored 4 covariance eigenvalues.
WARNING (sgmm2-est[5.5.208~1-b0fc0]:UpdateVars():estimate-am-sgmm2.cc:1649) For Gaussian component 235: Floored 3 covariance eigenvalues.
WARNING (sgmm2-est[5.5.208~1-b0fc0]:UpdateVars():estimate-am-sgmm2.cc:1649) For Gaussian component 236: Floored 2 covariance eigenvalues.
WARNING (sgmm2-est[5.5.208~1-b0fc0]:UpdateVars():estimate-am-sgmm2.cc:1649) For Gaussian component 238: Floored 1 covariance eigenvalues.
WARNING (sgmm2-est[5.5.208~1-b0fc0]:UpdateVars():estimate-am-sgmm2.cc:1649) For Gaussian component 247: Floored 2 covariance eigenvalues.
WARNING (sgmm2-est[5.5.208~1-b0fc0]:UpdateVars():estimate-am-sgmm2.cc:1649) For Gaussian component 248: Floored 4 covariance eigenvalues.
WARNING (sgmm2-est[5.5.208~1-b0fc0]:UpdateVars():estimate-am-sgmm2.cc:1649) For Gaussian component 262: Floored 1 covariance eigenvalues.
WARNING (sgmm2-est[5.5.208~1-b0fc0]:UpdateVars():estimate-am-sgmm2.cc:1649) For Gaussian component 269: Floored 1 covariance eigenvalues.
WARNING (sgmm2-est[5.5.208~1-b0fc0]:UpdateVars():estimate-am-sgmm2.cc:1649) For Gaussian component 276: Floored 1 covariance eigenvalues.
WARNING (sgmm2-est[5.5.208~1-b0fc0]:UpdateVars():estimate-am-sgmm2.cc:1649) For Gaussian component 294: Floored 1 covariance eigenvalues.
WARNING (sgmm2-est[5.5.208~1-b0fc0]:UpdateVars():estimate-am-sgmm2.cc:1649) For Gaussian component 295: Floored 3 covariance eigenvalues.
WARNING (sgmm2-est[5.5.208~1-b0fc0]:UpdateVars():estimate-am-sgmm2.cc:1649) For Gaussian component 296: Floored 2 covariance eigenvalues.
WARNING (sgmm2-est[5.5.208~1-b0fc0]:UpdateVars():estimate-am-sgmm2.cc:1649) For Gaussian component 297: Floored 6 covariance eigenvalues.
WARNING (sgmm2-est[5.5.208~1-b0fc0]:UpdateVars():estimate-am-sgmm2.cc:1649) For Gaussian component 298: Floored 2 covariance eigenvalues.
WARNING (sgmm2-est[5.5.208~1-b0fc0]:UpdateVars():estimate-am-sgmm2.cc:1649) For Gaussian component 300: Floored 1 covariance eigenvalues.
WARNING (sgmm2-est[5.5.208~1-b0fc0]:UpdateVars():estimate-am-sgmm2.cc:1649) For Gaussian component 306: Floored 1 covariance eigenvalues.
WARNING (sgmm2-est[5.5.208~1-b0fc0]:UpdateVars():estimate-am-sgmm2.cc:1649) For Gaussian component 310: Floored 1 covariance eigenvalues.
WARNING (sgmm2-est[5.5.208~1-b0fc0]:UpdateVars():estimate-am-sgmm2.cc:1649) For Gaussian component 311: Floored 3 covariance eigenvalues.
WARNING (sgmm2-est[5.5.208~1-b0fc0]:UpdateVars():estimate-am-sgmm2.cc:1649) For Gaussian component 312: Floored 1 covariance eigenvalues.
WARNING (sgmm2-est[5.5.208~1-b0fc0]:UpdateVars():estimate-am-sgmm2.cc:1649) For Gaussian component 326: Floored 3 covariance eigenvalues.
WARNING (sgmm2-est[5.5.208~1-b0fc0]:UpdateVars():estimate-am-sgmm2.cc:1649) For Gaussian component 346: Floored 2 covariance eigenvalues.
WARNING (sgmm2-est[5.5.208~1-b0fc0]:UpdateVars():estimate-am-sgmm2.cc:1649) For Gaussian component 351: Floored 2 covariance eigenvalues.
WARNING (sgmm2-est[5.5.208~1-b0fc0]:UpdateVars():estimate-am-sgmm2.cc:1649) For Gaussian component 352: Floored 3 covariance eigenvalues.
WARNING (sgmm2-est[5.5.208~1-b0fc0]:UpdateVars():estimate-am-sgmm2.cc:1649) For Gaussian component 353: Floored 1 covariance eigenvalues.
WARNING (sgmm2-est[5.5.208~1-b0fc0]:UpdateVars():estimate-am-sgmm2.cc:1649) For Gaussian component 360: Floored 1 covariance eigenvalues.
WARNING (sgmm2-est[5.5.208~1-b0fc0]:UpdateVars():estimate-am-sgmm2.cc:1649) For Gaussian component 370: Floored 2 covariance eigenvalues.
WARNING (sgmm2-est[5.5.208~1-b0fc0]:UpdateVars():estimate-am-sgmm2.cc:1649) For Gaussian component 373: Floored 6 covariance eigenvalues.
WARNING (sgmm2-est[5.5.208~1-b0fc0]:UpdateVars():estimate-am-sgmm2.cc:1649) For Gaussian component 378: Floored 3 covariance eigenvalues.
WARNING (sgmm2-est[5.5.208~1-b0fc0]:UpdateVars():estimate-am-sgmm2.cc:1649) For Gaussian component 381: Floored 3 covariance eigenvalues.
WARNING (sgmm2-est[5.5.208~1-b0fc0]:UpdateVars():estimate-am-sgmm2.cc:1649) For Gaussian component 382: Floored 3 covariance eigenvalues.
WARNING (sgmm2-est[5.5.208~1-b0fc0]:UpdateVars():estimate-am-sgmm2.cc:1649) For Gaussian component 384: Floored 1 covariance eigenvalues.
WARNING (sgmm2-est[5.5.208~1-b0fc0]:UpdateVars():estimate-am-sgmm2.cc:1649) For Gaussian component 399: Floored 2 covariance eigenvalues.
LOG (sgmm2-est[5.5.208~1-b0fc0]:UpdateVars():estimate-am-sgmm2.cc:1675) **Overall objf impr for variance update = 0.00230183 over 1.12491e+06 frames
LOG (sgmm2-est[5.5.208~1-b0fc0]:UpdateSubstateWeights():estimate-am-sgmm2.cc:1684) Updating substate mixture weights
LOG (sgmm2-est[5.5.208~1-b0fc0]:UpdateSubstateWeights():estimate-am-sgmm2.cc:1707) **Overall objf impr for c is 0.000180195, over 1.12491e+06 frames.
LOG (sgmm2-est[5.5.208~1-b0fc0]:UpdateU():estimate-am-sgmm2.cc:1473) Objf impr for spk weight-projection u for i = 0, is 0.000223481 over 4080.03 frames
LOG (sgmm2-est[5.5.208~1-b0fc0]:UpdateU():estimate-am-sgmm2.cc:1473) Objf impr for spk weight-projection u for i = 1, is 0.000444852 over 3249.48 frames
LOG (sgmm2-est[5.5.208~1-b0fc0]:UpdateU():estimate-am-sgmm2.cc:1473) Objf impr for spk weight-projection u for i = 2, is 0.00041818 over 4390.94 frames
LOG (sgmm2-est[5.5.208~1-b0fc0]:UpdateU():estimate-am-sgmm2.cc:1473) Objf impr for spk weight-projection u for i = 3, is 0.000234193 over 5479.37 frames
LOG (sgmm2-est[5.5.208~1-b0fc0]:UpdateU():estimate-am-sgmm2.cc:1473) Objf impr for spk weight-projection u for i = 4, is 0.000321574 over 4042.04 frames
LOG (sgmm2-est[5.5.208~1-b0fc0]:UpdateU():estimate-am-sgmm2.cc:1473) Objf impr for spk weight-projection u for i = 5, is 0.000261156 over 2798.34 frames
LOG (sgmm2-est[5.5.208~1-b0fc0]:UpdateU():estimate-am-sgmm2.cc:1473) Objf impr for spk weight-projection u for i = 6, is 0.000122075 over 4063.57 frames
LOG (sgmm2-est[5.5.208~1-b0fc0]:UpdateU():estimate-am-sgmm2.cc:1473) Objf impr for spk weight-projection u for i = 7, is 0.0007844 over 6554.56 frames
LOG (sgmm2-est[5.5.208~1-b0fc0]:UpdateU():estimate-am-sgmm2.cc:1473) Objf impr for spk weight-projection u for i = 8, is 0.000581097 over 2793.03 frames
LOG (sgmm2-est[5.5.208~1-b0fc0]:UpdateU():estimate-am-sgmm2.cc:1473) Objf impr for spk weight-projection u for i = 9, is 0.000431636 over 4369.65 frames
LOG (sgmm2-est[5.5.208~1-b0fc0]:UpdateU():estimate-am-sgmm2.cc:1481) **Overall objf impr for u is 0.000136128, over 1.12491e+06 frames
LOG (sgmm2-est[5.5.208~1-b0fc0]:RenormalizeV():estimate-am-sgmm2.cc:969) Scatter of vectors v is : 
LOG (sgmm2-est[5.5.208~1-b0fc0]:PrintEigs():matrix/sp-matrix.h:207) PrintEigs: Sigma:  [ 1.00827 1.00717 1.00706 1.00664 1.0063 1.00611 1.00576 1.00538 1.00507 0.998732 1.00485 1.00423 1.00411 1.00414 1.00394 0.999017 1.00366 1.0034 1.0033 1.00318 1.00294 1.00282 1.0026 1.00244 1.00232 1.00215 0.999631 0.999858 0.999956 1.0001 1.00024 1.00052 1.00056 1.00061 1.00092 1.00176 1.00166 1.00152 1.00144 1.00115 1.00123 ]
LOG (sgmm2-est[5.5.208~1-b0fc0]:RenormalizeV():estimate-am-sgmm2.cc:991) Note on the next diagnostic: the first number is generally not that meaningful as it relates to the static offset
LOG (sgmm2-est[5.5.208~1-b0fc0]:PrintEigs():matrix/sp-matrix.h:207) PrintEigs: H_sm_proj (Significance of dims in vector space.. note):  [ 114.63 11.6458 10.415 8.36128 7.24456 6.08885 5.77326 4.93633 4.98975 4.27027 4.07888 3.70741 3.5487 3.28862 3.00265 3.12776 2.92919 2.63938 2.52232 2.42729 2.36628 2.32778 2.23857 2.19756 0.896403 1.99379 1.89356 1.85131 1.00996 1.07707 1.1447 1.74565 1.6936 1.65977 1.60835 1.55292 1.22364 1.24689 1.31065 1.36178 1.4389 ]
LOG (sgmm2-est[5.5.208~1-b0fc0]:RenormalizeV():estimate-am-sgmm2.cc:1037) Renormalized subspace.
LOG (sgmm2-est[5.5.208~1-b0fc0]:Update():estimate-am-sgmm2.cc:673) *Overall auxf improvement, combining all parameters, is 0.0210772
LOG (sgmm2-est[5.5.208~1-b0fc0]:Update():estimate-am-sgmm2.cc:676) ***Overall data likelihood is -41.8304 over 1.12491e+06 frames.
WARNING (sgmm2-est[5.5.208~1-b0fc0]:ComputeHsmFromModel():am-sgmm2.cc:1289) Limited 4 eigenvalues of H_sm
LOG (sgmm2-est[5.5.208~1-b0fc0]:ComputeHsmFromModel():am-sgmm2.cc:1294) total count is 1.1249e+06
LOG (sgmm2-est[5.5.208~1-b0fc0]:SplitSubstates():am-sgmm2.cc:688) Not splitting substates; current #substates is 9474 and target is 8995
LOG (sgmm2-est[5.5.208~1-b0fc0]:ComputeNormalizers():am-sgmm2.cc:858) Computing normalizers
LOG (sgmm2-est[5.5.208~1-b0fc0]:ComputeNormalizers():am-sgmm2.cc:865) Entropy of weights in substates is 2.08593 over 9474 substates, equivalent to perplexity of 8.05205
LOG (sgmm2-est[5.5.208~1-b0fc0]:ComputeNormalizers():am-sgmm2.cc:869) Done computing normalizers
LOG (sgmm2-est[5.5.208~1-b0fc0]:main():sgmm2-est.cc:158) Written model to exp/sgmm2_4/21.mdl
# Accounting: time=16 threads=1
# Ended (code 0) at Wed Feb 27 15:07:27 +07 2019, elapsed time 16 seconds
