# sgmm2-est --update-flags=vNwSctu --split-substates=7665 --power=0.25 --write-occs=exp/sgmm2_4/6.occs exp/sgmm2_4/5.mdl "sgmm2-sum-accs - exp/sgmm2_4/5.*.acc|" exp/sgmm2_4/6.mdl 
# Started at Wed Feb 27 14:49:18 +07 2019
#
sgmm2-est --update-flags=vNwSctu --split-substates=7665 --power=0.25 --write-occs=exp/sgmm2_4/6.occs exp/sgmm2_4/5.mdl 'sgmm2-sum-accs - exp/sgmm2_4/5.*.acc|' exp/sgmm2_4/6.mdl 
sgmm2-sum-accs - exp/sgmm2_4/5.1.acc exp/sgmm2_4/5.10.acc exp/sgmm2_4/5.11.acc exp/sgmm2_4/5.12.acc exp/sgmm2_4/5.13.acc exp/sgmm2_4/5.14.acc exp/sgmm2_4/5.15.acc exp/sgmm2_4/5.16.acc exp/sgmm2_4/5.17.acc exp/sgmm2_4/5.18.acc exp/sgmm2_4/5.19.acc exp/sgmm2_4/5.2.acc exp/sgmm2_4/5.20.acc exp/sgmm2_4/5.21.acc exp/sgmm2_4/5.22.acc exp/sgmm2_4/5.23.acc exp/sgmm2_4/5.24.acc exp/sgmm2_4/5.25.acc exp/sgmm2_4/5.26.acc exp/sgmm2_4/5.27.acc exp/sgmm2_4/5.28.acc exp/sgmm2_4/5.29.acc exp/sgmm2_4/5.3.acc exp/sgmm2_4/5.30.acc exp/sgmm2_4/5.4.acc exp/sgmm2_4/5.5.acc exp/sgmm2_4/5.6.acc exp/sgmm2_4/5.7.acc exp/sgmm2_4/5.8.acc exp/sgmm2_4/5.9.acc 
LOG (sgmm2-sum-accs[5.5.208~1-b0fc0]:main():sgmm2-sum-accs.cc:87) Written stats to -
LOG (sgmm2-est[5.5.208~1-b0fc0]:MleUpdate():transition-model.cc:528) TransitionModel::Update, objf change is 0.00126834 per frame over 1.12482e+06 frames. 
LOG (sgmm2-est[5.5.208~1-b0fc0]:MleUpdate():transition-model.cc:531) 56 probabilities floored, 13 out of 5704 transition-states skipped due to insuffient data (it is normal to have some skipped.)
LOG (sgmm2-est[5.5.208~1-b0fc0]:main():sgmm2-est.cc:109) Transition model update: Overall 0.00126834 log-like improvement per frame over 1.12482e+06 frames.
LOG (sgmm2-est[5.5.208~1-b0fc0]:Check():estimate-am-sgmm2.cc:216) Sgmm2PdfModel: J1 = 1400, J2 = 5684, D = 40, S = 41, T = 40, I = 400
LOG (sgmm2-est[5.5.208~1-b0fc0]:Check():estimate-am-sgmm2.cc:362) Subspace GMM model properties: Y: yes, nonzero. Z: yes, nonzero. R: yes, nonzero. gamma_s: yes, zero. S: yes, nonzero. y: yes, nonzero. a: yes.  a: yes, nonzero. gamma: yes.  gamma: yes, nonzero. gamma_c: yes, nonzero. t: yes, nonzero. t: yes, nonzero. 
LOG (sgmm2-est[5.5.208~1-b0fc0]:UpdatePhoneVectors():estimate-am-sgmm2.cc:788) Updating phone vectors
LOG (sgmm2-est[5.5.208~1-b0fc0]:UpdatePhoneVectorsInternal():estimate-am-sgmm2.cc:934) Auxf impr for j = 0 m = 0 is 0.0112805 per frame over 2448.86 frames.
LOG (sgmm2-est[5.5.208~1-b0fc0]:UpdatePhoneVectorsInternal():estimate-am-sgmm2.cc:934) Auxf impr for j = 0 m = 1 is 0.0112078 per frame over 2473.93 frames.
LOG (sgmm2-est[5.5.208~1-b0fc0]:UpdatePhoneVectorsInternal():estimate-am-sgmm2.cc:934) Auxf impr for j = 0 m = 2 is 0.0105745 per frame over 2486.53 frames.
LOG (sgmm2-est[5.5.208~1-b0fc0]:UpdatePhoneVectorsInternal():estimate-am-sgmm2.cc:934) Auxf impr for j = 1 m = 0 is 0.109269 per frame over 120.064 frames.
LOG (sgmm2-est[5.5.208~1-b0fc0]:UpdatePhoneVectorsInternal():estimate-am-sgmm2.cc:934) Auxf impr for j = 1 m = 1 is 0.543697 per frame over 26.5967 frames.
LOG (sgmm2-est[5.5.208~1-b0fc0]:UpdatePhoneVectorsInternal():estimate-am-sgmm2.cc:934) Auxf impr for j = 1 m = 2 is 0.0932614 per frame over 126.801 frames.
LOG (sgmm2-est[5.5.208~1-b0fc0]:UpdatePhoneVectorsInternal():estimate-am-sgmm2.cc:934) Auxf impr for j = 2 m = 0 is 0.107839 per frame over 140.355 frames.
LOG (sgmm2-est[5.5.208~1-b0fc0]:UpdatePhoneVectorsInternal():estimate-am-sgmm2.cc:934) Auxf impr for j = 2 m = 1 is 0.181784 per frame over 98.6138 frames.
LOG (sgmm2-est[5.5.208~1-b0fc0]:UpdatePhoneVectorsInternal():estimate-am-sgmm2.cc:934) Auxf impr for j = 2 m = 2 is 0.107348 per frame over 97.8349 frames.
LOG (sgmm2-est[5.5.208~1-b0fc0]:UpdatePhoneVectors():estimate-am-sgmm2.cc:800) **Overall auxf impr for v is 0.0906946 over 1.12468e+06 frames
LOG (sgmm2-est[5.5.208~1-b0fc0]:UpdateW():estimate-am-sgmm2.cc:1325) Updating weight projections
LOG (sgmm2-est[5.5.208~1-b0fc0]:UpdateW():estimate-am-sgmm2.cc:1379) Predicted objf impr for w, iter = 0, i = 0 is 0.00599229 per frame over 4588.19 frames.
LOG (sgmm2-est[5.5.208~1-b0fc0]:UpdateW():estimate-am-sgmm2.cc:1379) Predicted objf impr for w, iter = 0, i = 1 is 0.0107291 per frame over 3442.36 frames.
LOG (sgmm2-est[5.5.208~1-b0fc0]:UpdateW():estimate-am-sgmm2.cc:1379) Predicted objf impr for w, iter = 0, i = 2 is 0.00225811 per frame over 3903.76 frames.
LOG (sgmm2-est[5.5.208~1-b0fc0]:UpdateW():estimate-am-sgmm2.cc:1379) Predicted objf impr for w, iter = 0, i = 3 is 0.00374528 per frame over 5737.98 frames.
LOG (sgmm2-est[5.5.208~1-b0fc0]:UpdateW():estimate-am-sgmm2.cc:1379) Predicted objf impr for w, iter = 0, i = 4 is 0.00943306 per frame over 3774.3 frames.
LOG (sgmm2-est[5.5.208~1-b0fc0]:UpdateW():estimate-am-sgmm2.cc:1379) Predicted objf impr for w, iter = 0, i = 5 is 0.0114455 per frame over 2730.2 frames.
LOG (sgmm2-est[5.5.208~1-b0fc0]:UpdateW():estimate-am-sgmm2.cc:1379) Predicted objf impr for w, iter = 0, i = 6 is 0.00237874 per frame over 4196.48 frames.
LOG (sgmm2-est[5.5.208~1-b0fc0]:UpdateW():estimate-am-sgmm2.cc:1379) Predicted objf impr for w, iter = 0, i = 7 is 0.00241956 per frame over 7720.09 frames.
LOG (sgmm2-est[5.5.208~1-b0fc0]:UpdateW():estimate-am-sgmm2.cc:1379) Predicted objf impr for w, iter = 0, i = 8 is 0.00692355 per frame over 3231.16 frames.
LOG (sgmm2-est[5.5.208~1-b0fc0]:UpdateW():estimate-am-sgmm2.cc:1379) Predicted objf impr for w, iter = 0, i = 9 is 0.0202976 per frame over 4244.04 frames.
LOG (sgmm2-est[5.5.208~1-b0fc0]:UpdateW():estimate-am-sgmm2.cc:1379) Predicted objf impr for w, iter = 1, i = 0 is 0.00112854 per frame over 4588.19 frames.
LOG (sgmm2-est[5.5.208~1-b0fc0]:UpdateW():estimate-am-sgmm2.cc:1379) Predicted objf impr for w, iter = 1, i = 1 is 0.00132867 per frame over 3442.36 frames.
LOG (sgmm2-est[5.5.208~1-b0fc0]:UpdateW():estimate-am-sgmm2.cc:1379) Predicted objf impr for w, iter = 1, i = 2 is 0.000504272 per frame over 3903.76 frames.
LOG (sgmm2-est[5.5.208~1-b0fc0]:UpdateW():estimate-am-sgmm2.cc:1379) Predicted objf impr for w, iter = 1, i = 3 is 0.000489654 per frame over 5737.98 frames.
LOG (sgmm2-est[5.5.208~1-b0fc0]:UpdateW():estimate-am-sgmm2.cc:1379) Predicted objf impr for w, iter = 1, i = 4 is 0.00125222 per frame over 3774.3 frames.
LOG (sgmm2-est[5.5.208~1-b0fc0]:UpdateW():estimate-am-sgmm2.cc:1379) Predicted objf impr for w, iter = 1, i = 5 is 0.000741837 per frame over 2730.2 frames.
LOG (sgmm2-est[5.5.208~1-b0fc0]:UpdateW():estimate-am-sgmm2.cc:1379) Predicted objf impr for w, iter = 1, i = 6 is 0.00026599 per frame over 4196.48 frames.
LOG (sgmm2-est[5.5.208~1-b0fc0]:UpdateW():estimate-am-sgmm2.cc:1379) Predicted objf impr for w, iter = 1, i = 7 is 0.000233357 per frame over 7720.09 frames.
LOG (sgmm2-est[5.5.208~1-b0fc0]:UpdateW():estimate-am-sgmm2.cc:1379) Predicted objf impr for w, iter = 1, i = 8 is 0.000834613 per frame over 3231.16 frames.
LOG (sgmm2-est[5.5.208~1-b0fc0]:UpdateW():estimate-am-sgmm2.cc:1379) Predicted objf impr for w, iter = 1, i = 9 is 0.00107915 per frame over 4244.04 frames.
LOG (sgmm2-est[5.5.208~1-b0fc0]:UpdateW():estimate-am-sgmm2.cc:1379) Predicted objf impr for w, iter = 2, i = 0 is 0.000501564 per frame over 4588.19 frames.
LOG (sgmm2-est[5.5.208~1-b0fc0]:UpdateW():estimate-am-sgmm2.cc:1379) Predicted objf impr for w, iter = 2, i = 1 is 0.000254582 per frame over 3442.36 frames.
LOG (sgmm2-est[5.5.208~1-b0fc0]:UpdateW():estimate-am-sgmm2.cc:1379) Predicted objf impr for w, iter = 2, i = 2 is 0.000295477 per frame over 3903.76 frames.
LOG (sgmm2-est[5.5.208~1-b0fc0]:UpdateW():estimate-am-sgmm2.cc:1379) Predicted objf impr for w, iter = 2, i = 3 is 0.000275837 per frame over 5737.98 frames.
LOG (sgmm2-est[5.5.208~1-b0fc0]:UpdateW():estimate-am-sgmm2.cc:1379) Predicted objf impr for w, iter = 2, i = 4 is 0.000392803 per frame over 3774.3 frames.
LOG (sgmm2-est[5.5.208~1-b0fc0]:UpdateW():estimate-am-sgmm2.cc:1379) Predicted objf impr for w, iter = 2, i = 5 is 0.000203252 per frame over 2730.2 frames.
LOG (sgmm2-est[5.5.208~1-b0fc0]:UpdateW():estimate-am-sgmm2.cc:1379) Predicted objf impr for w, iter = 2, i = 6 is 0.000100412 per frame over 4196.48 frames.
LOG (sgmm2-est[5.5.208~1-b0fc0]:UpdateW():estimate-am-sgmm2.cc:1379) Predicted objf impr for w, iter = 2, i = 7 is 0.000168074 per frame over 7720.09 frames.
LOG (sgmm2-est[5.5.208~1-b0fc0]:UpdateW():estimate-am-sgmm2.cc:1379) Predicted objf impr for w, iter = 2, i = 8 is 0.000288299 per frame over 3231.16 frames.
LOG (sgmm2-est[5.5.208~1-b0fc0]:UpdateW():estimate-am-sgmm2.cc:1379) Predicted objf impr for w, iter = 2, i = 9 is 0.000183904 per frame over 4244.04 frames.
LOG (sgmm2-est[5.5.208~1-b0fc0]:UpdateW():estimate-am-sgmm2.cc:1433) **Overall objf impr for w is 0.00572365, actual 0.00814531, over 1.12468e+06 frames
WARNING (sgmm2-est[5.5.208~1-b0fc0]:UpdateVars():estimate-am-sgmm2.cc:1649) For Gaussian component 1: Floored 2 covariance eigenvalues.
WARNING (sgmm2-est[5.5.208~1-b0fc0]:UpdateVars():estimate-am-sgmm2.cc:1649) For Gaussian component 6: Floored 3 covariance eigenvalues.
WARNING (sgmm2-est[5.5.208~1-b0fc0]:UpdateVars():estimate-am-sgmm2.cc:1649) For Gaussian component 38: Floored 5 covariance eigenvalues.
WARNING (sgmm2-est[5.5.208~1-b0fc0]:UpdateVars():estimate-am-sgmm2.cc:1649) For Gaussian component 41: Floored 3 covariance eigenvalues.
WARNING (sgmm2-est[5.5.208~1-b0fc0]:UpdateVars():estimate-am-sgmm2.cc:1649) For Gaussian component 42: Floored 5 covariance eigenvalues.
WARNING (sgmm2-est[5.5.208~1-b0fc0]:UpdateVars():estimate-am-sgmm2.cc:1649) For Gaussian component 49: Floored 1 covariance eigenvalues.
WARNING (sgmm2-est[5.5.208~1-b0fc0]:UpdateVars():estimate-am-sgmm2.cc:1649) For Gaussian component 50: Floored 2 covariance eigenvalues.
WARNING (sgmm2-est[5.5.208~1-b0fc0]:UpdateVars():estimate-am-sgmm2.cc:1649) For Gaussian component 51: Floored 2 covariance eigenvalues.
WARNING (sgmm2-est[5.5.208~1-b0fc0]:UpdateVars():estimate-am-sgmm2.cc:1649) For Gaussian component 68: Floored 2 covariance eigenvalues.
WARNING (sgmm2-est[5.5.208~1-b0fc0]:UpdateVars():estimate-am-sgmm2.cc:1649) For Gaussian component 76: Floored 3 covariance eigenvalues.
WARNING (sgmm2-est[5.5.208~1-b0fc0]:UpdateVars():estimate-am-sgmm2.cc:1649) For Gaussian component 80: Floored 2 covariance eigenvalues.
WARNING (sgmm2-est[5.5.208~1-b0fc0]:UpdateVars():estimate-am-sgmm2.cc:1649) For Gaussian component 85: Floored 3 covariance eigenvalues.
WARNING (sgmm2-est[5.5.208~1-b0fc0]:UpdateVars():estimate-am-sgmm2.cc:1649) For Gaussian component 86: Floored 2 covariance eigenvalues.
WARNING (sgmm2-est[5.5.208~1-b0fc0]:UpdateVars():estimate-am-sgmm2.cc:1649) For Gaussian component 94: Floored 1 covariance eigenvalues.
WARNING (sgmm2-est[5.5.208~1-b0fc0]:UpdateVars():estimate-am-sgmm2.cc:1649) For Gaussian component 95: Floored 2 covariance eigenvalues.
WARNING (sgmm2-est[5.5.208~1-b0fc0]:UpdateVars():estimate-am-sgmm2.cc:1649) For Gaussian component 96: Floored 5 covariance eigenvalues.
WARNING (sgmm2-est[5.5.208~1-b0fc0]:UpdateVars():estimate-am-sgmm2.cc:1649) For Gaussian component 97: Floored 2 covariance eigenvalues.
WARNING (sgmm2-est[5.5.208~1-b0fc0]:UpdateVars():estimate-am-sgmm2.cc:1649) For Gaussian component 109: Floored 3 covariance eigenvalues.
WARNING (sgmm2-est[5.5.208~1-b0fc0]:UpdateVars():estimate-am-sgmm2.cc:1649) For Gaussian component 116: Floored 2 covariance eigenvalues.
WARNING (sgmm2-est[5.5.208~1-b0fc0]:UpdateVars():estimate-am-sgmm2.cc:1649) For Gaussian component 135: Floored 2 covariance eigenvalues.
WARNING (sgmm2-est[5.5.208~1-b0fc0]:UpdateVars():estimate-am-sgmm2.cc:1649) For Gaussian component 144: Floored 5 covariance eigenvalues.
WARNING (sgmm2-est[5.5.208~1-b0fc0]:UpdateVars():estimate-am-sgmm2.cc:1649) For Gaussian component 145: Floored 4 covariance eigenvalues.
WARNING (sgmm2-est[5.5.208~1-b0fc0]:UpdateVars():estimate-am-sgmm2.cc:1649) For Gaussian component 147: Floored 3 covariance eigenvalues.
WARNING (sgmm2-est[5.5.208~1-b0fc0]:UpdateVars():estimate-am-sgmm2.cc:1649) For Gaussian component 148: Floored 2 covariance eigenvalues.
WARNING (sgmm2-est[5.5.208~1-b0fc0]:UpdateVars():estimate-am-sgmm2.cc:1649) For Gaussian component 150: Floored 3 covariance eigenvalues.
WARNING (sgmm2-est[5.5.208~1-b0fc0]:UpdateVars():estimate-am-sgmm2.cc:1649) For Gaussian component 151: Floored 2 covariance eigenvalues.
WARNING (sgmm2-est[5.5.208~1-b0fc0]:UpdateVars():estimate-am-sgmm2.cc:1649) For Gaussian component 156: Floored 2 covariance eigenvalues.
WARNING (sgmm2-est[5.5.208~1-b0fc0]:UpdateVars():estimate-am-sgmm2.cc:1649) For Gaussian component 174: Floored 3 covariance eigenvalues.
WARNING (sgmm2-est[5.5.208~1-b0fc0]:UpdateVars():estimate-am-sgmm2.cc:1649) For Gaussian component 176: Floored 2 covariance eigenvalues.
WARNING (sgmm2-est[5.5.208~1-b0fc0]:UpdateVars():estimate-am-sgmm2.cc:1649) For Gaussian component 178: Floored 3 covariance eigenvalues.
WARNING (sgmm2-est[5.5.208~1-b0fc0]:UpdateVars():estimate-am-sgmm2.cc:1649) For Gaussian component 179: Floored 2 covariance eigenvalues.
WARNING (sgmm2-est[5.5.208~1-b0fc0]:UpdateVars():estimate-am-sgmm2.cc:1649) For Gaussian component 185: Floored 3 covariance eigenvalues.
WARNING (sgmm2-est[5.5.208~1-b0fc0]:UpdateVars():estimate-am-sgmm2.cc:1649) For Gaussian component 186: Floored 6 covariance eigenvalues.
WARNING (sgmm2-est[5.5.208~1-b0fc0]:UpdateVars():estimate-am-sgmm2.cc:1649) For Gaussian component 187: Floored 3 covariance eigenvalues.
WARNING (sgmm2-est[5.5.208~1-b0fc0]:UpdateVars():estimate-am-sgmm2.cc:1649) For Gaussian component 218: Floored 1 covariance eigenvalues.
WARNING (sgmm2-est[5.5.208~1-b0fc0]:UpdateVars():estimate-am-sgmm2.cc:1649) For Gaussian component 220: Floored 1 covariance eigenvalues.
WARNING (sgmm2-est[5.5.208~1-b0fc0]:UpdateVars():estimate-am-sgmm2.cc:1649) For Gaussian component 232: Floored 3 covariance eigenvalues.
WARNING (sgmm2-est[5.5.208~1-b0fc0]:UpdateVars():estimate-am-sgmm2.cc:1649) For Gaussian component 235: Floored 3 covariance eigenvalues.
WARNING (sgmm2-est[5.5.208~1-b0fc0]:UpdateVars():estimate-am-sgmm2.cc:1649) For Gaussian component 236: Floored 2 covariance eigenvalues.
WARNING (sgmm2-est[5.5.208~1-b0fc0]:UpdateVars():estimate-am-sgmm2.cc:1649) For Gaussian component 238: Floored 1 covariance eigenvalues.
WARNING (sgmm2-est[5.5.208~1-b0fc0]:UpdateVars():estimate-am-sgmm2.cc:1649) For Gaussian component 247: Floored 2 covariance eigenvalues.
WARNING (sgmm2-est[5.5.208~1-b0fc0]:UpdateVars():estimate-am-sgmm2.cc:1649) For Gaussian component 248: Floored 3 covariance eigenvalues.
WARNING (sgmm2-est[5.5.208~1-b0fc0]:UpdateVars():estimate-am-sgmm2.cc:1649) For Gaussian component 262: Floored 1 covariance eigenvalues.
WARNING (sgmm2-est[5.5.208~1-b0fc0]:UpdateVars():estimate-am-sgmm2.cc:1649) For Gaussian component 269: Floored 1 covariance eigenvalues.
WARNING (sgmm2-est[5.5.208~1-b0fc0]:UpdateVars():estimate-am-sgmm2.cc:1649) For Gaussian component 276: Floored 1 covariance eigenvalues.
WARNING (sgmm2-est[5.5.208~1-b0fc0]:UpdateVars():estimate-am-sgmm2.cc:1649) For Gaussian component 294: Floored 1 covariance eigenvalues.
WARNING (sgmm2-est[5.5.208~1-b0fc0]:UpdateVars():estimate-am-sgmm2.cc:1649) For Gaussian component 295: Floored 3 covariance eigenvalues.
WARNING (sgmm2-est[5.5.208~1-b0fc0]:UpdateVars():estimate-am-sgmm2.cc:1649) For Gaussian component 296: Floored 2 covariance eigenvalues.
WARNING (sgmm2-est[5.5.208~1-b0fc0]:UpdateVars():estimate-am-sgmm2.cc:1649) For Gaussian component 297: Floored 5 covariance eigenvalues.
WARNING (sgmm2-est[5.5.208~1-b0fc0]:UpdateVars():estimate-am-sgmm2.cc:1649) For Gaussian component 298: Floored 2 covariance eigenvalues.
WARNING (sgmm2-est[5.5.208~1-b0fc0]:UpdateVars():estimate-am-sgmm2.cc:1649) For Gaussian component 306: Floored 1 covariance eigenvalues.
WARNING (sgmm2-est[5.5.208~1-b0fc0]:UpdateVars():estimate-am-sgmm2.cc:1649) For Gaussian component 310: Floored 1 covariance eigenvalues.
WARNING (sgmm2-est[5.5.208~1-b0fc0]:UpdateVars():estimate-am-sgmm2.cc:1649) For Gaussian component 311: Floored 3 covariance eigenvalues.
WARNING (sgmm2-est[5.5.208~1-b0fc0]:UpdateVars():estimate-am-sgmm2.cc:1649) For Gaussian component 312: Floored 1 covariance eigenvalues.
WARNING (sgmm2-est[5.5.208~1-b0fc0]:UpdateVars():estimate-am-sgmm2.cc:1649) For Gaussian component 326: Floored 3 covariance eigenvalues.
WARNING (sgmm2-est[5.5.208~1-b0fc0]:UpdateVars():estimate-am-sgmm2.cc:1649) For Gaussian component 343: Floored 1 covariance eigenvalues.
WARNING (sgmm2-est[5.5.208~1-b0fc0]:UpdateVars():estimate-am-sgmm2.cc:1649) For Gaussian component 346: Floored 2 covariance eigenvalues.
WARNING (sgmm2-est[5.5.208~1-b0fc0]:UpdateVars():estimate-am-sgmm2.cc:1649) For Gaussian component 351: Floored 2 covariance eigenvalues.
WARNING (sgmm2-est[5.5.208~1-b0fc0]:UpdateVars():estimate-am-sgmm2.cc:1649) For Gaussian component 352: Floored 3 covariance eigenvalues.
WARNING (sgmm2-est[5.5.208~1-b0fc0]:UpdateVars():estimate-am-sgmm2.cc:1649) For Gaussian component 353: Floored 1 covariance eigenvalues.
WARNING (sgmm2-est[5.5.208~1-b0fc0]:UpdateVars():estimate-am-sgmm2.cc:1649) For Gaussian component 360: Floored 1 covariance eigenvalues.
WARNING (sgmm2-est[5.5.208~1-b0fc0]:UpdateVars():estimate-am-sgmm2.cc:1649) For Gaussian component 370: Floored 2 covariance eigenvalues.
WARNING (sgmm2-est[5.5.208~1-b0fc0]:UpdateVars():estimate-am-sgmm2.cc:1649) For Gaussian component 373: Floored 6 covariance eigenvalues.
WARNING (sgmm2-est[5.5.208~1-b0fc0]:UpdateVars():estimate-am-sgmm2.cc:1649) For Gaussian component 378: Floored 3 covariance eigenvalues.
WARNING (sgmm2-est[5.5.208~1-b0fc0]:UpdateVars():estimate-am-sgmm2.cc:1649) For Gaussian component 381: Floored 3 covariance eigenvalues.
WARNING (sgmm2-est[5.5.208~1-b0fc0]:UpdateVars():estimate-am-sgmm2.cc:1649) For Gaussian component 382: Floored 2 covariance eigenvalues.
WARNING (sgmm2-est[5.5.208~1-b0fc0]:UpdateVars():estimate-am-sgmm2.cc:1649) For Gaussian component 384: Floored 1 covariance eigenvalues.
WARNING (sgmm2-est[5.5.208~1-b0fc0]:UpdateVars():estimate-am-sgmm2.cc:1649) For Gaussian component 399: Floored 2 covariance eigenvalues.
LOG (sgmm2-est[5.5.208~1-b0fc0]:UpdateVars():estimate-am-sgmm2.cc:1675) **Overall objf impr for variance update = 0.138074 over 1.12468e+06 frames
LOG (sgmm2-est[5.5.208~1-b0fc0]:UpdateSubstateWeights():estimate-am-sgmm2.cc:1684) Updating substate mixture weights
LOG (sgmm2-est[5.5.208~1-b0fc0]:UpdateSubstateWeights():estimate-am-sgmm2.cc:1707) **Overall objf impr for c is 0.00771821, over 1.12468e+06 frames.
LOG (sgmm2-est[5.5.208~1-b0fc0]:UpdateN():estimate-am-sgmm2.cc:1512) Objf impr for spk projection N for i = 0, is 1.26361 over 4588.19 frames
LOG (sgmm2-est[5.5.208~1-b0fc0]:UpdateN():estimate-am-sgmm2.cc:1512) Objf impr for spk projection N for i = 1, is 0.915504 over 3442.36 frames
LOG (sgmm2-est[5.5.208~1-b0fc0]:UpdateN():estimate-am-sgmm2.cc:1512) Objf impr for spk projection N for i = 2, is 0.777629 over 3903.76 frames
LOG (sgmm2-est[5.5.208~1-b0fc0]:UpdateN():estimate-am-sgmm2.cc:1512) Objf impr for spk projection N for i = 3, is 0.62643 over 5737.98 frames
LOG (sgmm2-est[5.5.208~1-b0fc0]:UpdateN():estimate-am-sgmm2.cc:1512) Objf impr for spk projection N for i = 4, is 0.523416 over 3774.3 frames
LOG (sgmm2-est[5.5.208~1-b0fc0]:UpdateN():estimate-am-sgmm2.cc:1512) Objf impr for spk projection N for i = 5, is 0.835416 over 2730.2 frames
LOG (sgmm2-est[5.5.208~1-b0fc0]:UpdateN():estimate-am-sgmm2.cc:1512) Objf impr for spk projection N for i = 6, is 0.57621 over 4196.48 frames
LOG (sgmm2-est[5.5.208~1-b0fc0]:UpdateN():estimate-am-sgmm2.cc:1512) Objf impr for spk projection N for i = 7, is 0.869195 over 7720.09 frames
LOG (sgmm2-est[5.5.208~1-b0fc0]:UpdateN():estimate-am-sgmm2.cc:1512) Objf impr for spk projection N for i = 8, is 0.629329 over 3231.16 frames
LOG (sgmm2-est[5.5.208~1-b0fc0]:UpdateN():estimate-am-sgmm2.cc:1512) Objf impr for spk projection N for i = 9, is 0.607336 over 4244.04 frames
LOG (sgmm2-est[5.5.208~1-b0fc0]:UpdateN():estimate-am-sgmm2.cc:1520) **Overall objf impr for N is 0.624123 over 1.12468e+06 frames
LOG (sgmm2-est[5.5.208~1-b0fc0]:UpdateU():estimate-am-sgmm2.cc:1473) Objf impr for spk weight-projection u for i = 0, is 0.0982895 over 4588.19 frames
LOG (sgmm2-est[5.5.208~1-b0fc0]:UpdateU():estimate-am-sgmm2.cc:1473) Objf impr for spk weight-projection u for i = 1, is 0.0378405 over 3442.36 frames
LOG (sgmm2-est[5.5.208~1-b0fc0]:UpdateU():estimate-am-sgmm2.cc:1473) Objf impr for spk weight-projection u for i = 2, is 0.0478632 over 3903.76 frames
LOG (sgmm2-est[5.5.208~1-b0fc0]:UpdateU():estimate-am-sgmm2.cc:1473) Objf impr for spk weight-projection u for i = 3, is 0.0351902 over 5737.98 frames
LOG (sgmm2-est[5.5.208~1-b0fc0]:UpdateU():estimate-am-sgmm2.cc:1473) Objf impr for spk weight-projection u for i = 4, is 0.0158072 over 3774.3 frames
LOG (sgmm2-est[5.5.208~1-b0fc0]:UpdateU():estimate-am-sgmm2.cc:1473) Objf impr for spk weight-projection u for i = 5, is 0.0204007 over 2730.2 frames
LOG (sgmm2-est[5.5.208~1-b0fc0]:UpdateU():estimate-am-sgmm2.cc:1473) Objf impr for spk weight-projection u for i = 6, is 0.00593841 over 4196.48 frames
LOG (sgmm2-est[5.5.208~1-b0fc0]:UpdateU():estimate-am-sgmm2.cc:1473) Objf impr for spk weight-projection u for i = 7, is 0.0803698 over 7720.09 frames
LOG (sgmm2-est[5.5.208~1-b0fc0]:UpdateU():estimate-am-sgmm2.cc:1473) Objf impr for spk weight-projection u for i = 8, is 0.019263 over 3231.16 frames
LOG (sgmm2-est[5.5.208~1-b0fc0]:UpdateU():estimate-am-sgmm2.cc:1473) Objf impr for spk weight-projection u for i = 9, is 0.0241111 over 4244.04 frames
WARNING (sgmm2-est[5.5.208~1-b0fc0]:UpdateU():estimate-am-sgmm2.cc:1460) Updating speaker weight projections u, for Gaussian index 10, impr/frame is 0.365175 over 5127.95 frames, scaling back to not exceed 0.25
WARNING (sgmm2-est[5.5.208~1-b0fc0]:UpdateU():estimate-am-sgmm2.cc:1460) Updating speaker weight projections u, for Gaussian index 14, impr/frame is 0.976557 over 3586.69 frames, scaling back to not exceed 0.25
WARNING (sgmm2-est[5.5.208~1-b0fc0]:UpdateU():estimate-am-sgmm2.cc:1460) Updating speaker weight projections u, for Gaussian index 16, impr/frame is 0.292961 over 3037.34 frames, scaling back to not exceed 0.25
LOG (sgmm2-est[5.5.208~1-b0fc0]:UpdateU():estimate-am-sgmm2.cc:1481) **Overall objf impr for u is 0.0204127, over 1.12468e+06 frames
LOG (sgmm2-est[5.5.208~1-b0fc0]:RenormalizeV():estimate-am-sgmm2.cc:969) Scatter of vectors v is : 
LOG (sgmm2-est[5.5.208~1-b0fc0]:PrintEigs():matrix/sp-matrix.h:207) PrintEigs: Sigma:  [ 0.919489 1.10373 1.08221 1.07715 0.961141 0.963168 0.964491 0.966593 0.967789 0.972023 0.976031 0.978207 0.981448 0.983715 0.987697 0.989067 0.990548 0.993837 0.996133 0.999737 0.998384 1.0021 1.00336 1.01356 1.0122 1.01505 1.01859 1.0174 1.02093 1.02619 1.02905 1.03057 1.03521 1.03806 1.07038 1.04363 1.04774 1.05362 1.05092 1.05166 1.0595 ]
LOG (sgmm2-est[5.5.208~1-b0fc0]:RenormalizeV():estimate-am-sgmm2.cc:991) Note on the next diagnostic: the first number is generally not that meaningful as it relates to the static offset
LOG (sgmm2-est[5.5.208~1-b0fc0]:PrintEigs():matrix/sp-matrix.h:207) PrintEigs: H_sm_proj (Significance of dims in vector space.. note):  [ 71.0837 4.55619 3.90145 2.89226 2.33067 2.07111 1.84594 1.68948 1.50096 1.36427 1.26672 1.16469 1.09727 0.972868 0.866034 0.850926 0.786996 0.77777 0.748816 0.70389 0.679216 0.651499 0.598452 0.589685 0.562065 0.493243 0.45443 0.428782 0.419173 0.407277 0.393579 0.219211 0.359742 0.345841 0.340797 0.324662 0.241539 0.311273 0.256265 0.268519 0.291034 ]
LOG (sgmm2-est[5.5.208~1-b0fc0]:RenormalizeV():estimate-am-sgmm2.cc:1037) Renormalized subspace.
LOG (sgmm2-est[5.5.208~1-b0fc0]:Update():estimate-am-sgmm2.cc:673) *Overall auxf improvement, combining all parameters, is 0.889167
LOG (sgmm2-est[5.5.208~1-b0fc0]:Update():estimate-am-sgmm2.cc:676) ***Overall data likelihood is -44.4338 over 1.12468e+06 frames.
WARNING (sgmm2-est[5.5.208~1-b0fc0]:ComputeHsmFromModel():am-sgmm2.cc:1289) Limited 22 eigenvalues of H_sm
LOG (sgmm2-est[5.5.208~1-b0fc0]:ComputeHsmFromModel():am-sgmm2.cc:1294) total count is 1.12467e+06
LOG (sgmm2-est[5.5.208~1-b0fc0]:SplitSubstates():am-sgmm2.cc:692) Getting rid of normalizers as they will no longer be valid
LOG (sgmm2-est[5.5.208~1-b0fc0]:SplitSubstates():am-sgmm2.cc:694) Split 8259 substates to 8368
LOG (sgmm2-est[5.5.208~1-b0fc0]:ComputeNormalizers():am-sgmm2.cc:858) Computing normalizers
LOG (sgmm2-est[5.5.208~1-b0fc0]:ComputeNormalizers():am-sgmm2.cc:865) Entropy of weights in substates is 2.19254 over 8368 substates, equivalent to perplexity of 8.95795
LOG (sgmm2-est[5.5.208~1-b0fc0]:ComputeNormalizers():am-sgmm2.cc:869) Done computing normalizers
LOG (sgmm2-est[5.5.208~1-b0fc0]:main():sgmm2-est.cc:158) Written model to exp/sgmm2_4/6.mdl
# Accounting: time=15 threads=1
# Ended (code 0) at Wed Feb 27 14:49:33 +07 2019, elapsed time 15 seconds
