# gmm-est --mix-up=6500 --power=0.25 --write-occs=exp/tri1/10.occs exp/tri1/9.mdl "gmm-sum-accs - exp/tri1/9.*.acc |" exp/tri1/10.mdl 
# Started at Wed Feb 27 14:14:51 +07 2019
#
gmm-est --mix-up=6500 --power=0.25 --write-occs=exp/tri1/10.occs exp/tri1/9.mdl 'gmm-sum-accs - exp/tri1/9.*.acc |' exp/tri1/10.mdl 
gmm-sum-accs - exp/tri1/9.1.acc exp/tri1/9.10.acc exp/tri1/9.11.acc exp/tri1/9.12.acc exp/tri1/9.13.acc exp/tri1/9.14.acc exp/tri1/9.15.acc exp/tri1/9.16.acc exp/tri1/9.17.acc exp/tri1/9.18.acc exp/tri1/9.19.acc exp/tri1/9.2.acc exp/tri1/9.20.acc exp/tri1/9.21.acc exp/tri1/9.22.acc exp/tri1/9.23.acc exp/tri1/9.24.acc exp/tri1/9.25.acc exp/tri1/9.26.acc exp/tri1/9.27.acc exp/tri1/9.28.acc exp/tri1/9.29.acc exp/tri1/9.3.acc exp/tri1/9.30.acc exp/tri1/9.4.acc exp/tri1/9.5.acc exp/tri1/9.6.acc exp/tri1/9.7.acc exp/tri1/9.8.acc exp/tri1/9.9.acc 
LOG (gmm-sum-accs[5.5.208~1-b0fc0]:main():gmm-sum-accs.cc:63) Summed 30 stats, total count 1.12482e+06, avg like/frame -97.8847
LOG (gmm-sum-accs[5.5.208~1-b0fc0]:main():gmm-sum-accs.cc:66) Total count of stats is 1.12482e+06
LOG (gmm-sum-accs[5.5.208~1-b0fc0]:main():gmm-sum-accs.cc:67) Written stats to -
LOG (gmm-est[5.5.208~1-b0fc0]:MleUpdate():transition-model.cc:528) TransitionModel::Update, objf change is -4.00606e-11 per frame over 1.12482e+06 frames. 
LOG (gmm-est[5.5.208~1-b0fc0]:MleUpdate():transition-model.cc:531) 9 probabilities floored, 0 out of 1929 transition-states skipped due to insuffient data (it is normal to have some skipped.)
LOG (gmm-est[5.5.208~1-b0fc0]:main():gmm-est.cc:102) Transition model update: Overall -4.00606e-11 log-like improvement per frame over 1.12482e+06 frames.
WARNING (gmm-est[5.5.208~1-b0fc0]:MleDiagGmmUpdate():mle-diag-gmm.cc:365) Gaussian has too little data but not removing it because it is the last Gaussian: i = 0, occ = 10, weight = 1
LOG (gmm-est[5.5.208~1-b0fc0]:MleAmDiagGmmUpdate():mle-am-diag-gmm.cc:225) 0 variance elements floored in 0 Gaussians, out of 6000
LOG (gmm-est[5.5.208~1-b0fc0]:MleAmDiagGmmUpdate():mle-am-diag-gmm.cc:229) Removed 0 Gaussians due to counts < --min-gaussian-occupancy=10 and --remove-low-count-gaussians=true
LOG (gmm-est[5.5.208~1-b0fc0]:main():gmm-est.cc:113) GMM update: Overall 0.149511 objective function improvement per frame over 1.12482e+06 frames
LOG (gmm-est[5.5.208~1-b0fc0]:main():gmm-est.cc:116) GMM update: Overall avg like per frame = -97.8847 over 1.12482e+06 frames.
LOG (gmm-est[5.5.208~1-b0fc0]:SplitByCount():am-diag-gmm.cc:116) Split 1888 states with target = 6500, power = 0.25, perturb_factor = 0.01 and min_count = 20, split #Gauss from 6000 to 6500
LOG (gmm-est[5.5.208~1-b0fc0]:main():gmm-est.cc:146) Written model to exp/tri1/10.mdl
# Accounting: time=1 threads=1
# Ended (code 0) at Wed Feb 27 14:14:52 +07 2019, elapsed time 1 seconds
