# sgmm2-latgen-faster --spk-vecs=ark:exp/sgmm2_4_ali/vecs.27 --utt2spk=ark:data/train/split30/27/utt2spk "--gselect=ark,s,cs:gunzip -c exp/sgmm2_4_ali/gselect.27.gz|" --beam=18.0 --lattice-beam=10.0 --acoustic-scale=0.2 --max-mem=20000000 --max-active=5000 --word-symbol-table=data/lang/words.txt exp/sgmm2_4_ali/final.mdl exp/sgmm2_4_denlats/dengraph/HCLG.fst "ark,s,cs:apply-cmvn --utt2spk=ark:data/train/split30/27/split30utt/22/utt2spk scp:data/train/split30/27/split30utt/22/cmvn.scp scp:data/train/split30/27/split30utt/22/feats.scp ark:- | splice-feats --left-context=3 --right-context=3 ark:- ark:- | transform-feats exp/sgmm2_4_ali/final.mat ark:- ark:- | transform-feats --utt2spk=ark:data/train/split30/27/split30utt/22/utt2spk ark:exp/tri3_ali/trans.27 ark:- ark:- |" "ark:|gzip -c >exp/sgmm2_4_denlats/lat.27.22.gz" 
# Started at Wed Feb 27 15:50:53 +07 2019
#
sgmm2-latgen-faster --spk-vecs=ark:exp/sgmm2_4_ali/vecs.27 --utt2spk=ark:data/train/split30/27/utt2spk '--gselect=ark,s,cs:gunzip -c exp/sgmm2_4_ali/gselect.27.gz|' --beam=18.0 --lattice-beam=10.0 --acoustic-scale=0.2 --max-mem=20000000 --max-active=5000 --word-symbol-table=data/lang/words.txt exp/sgmm2_4_ali/final.mdl exp/sgmm2_4_denlats/dengraph/HCLG.fst 'ark,s,cs:apply-cmvn --utt2spk=ark:data/train/split30/27/split30utt/22/utt2spk scp:data/train/split30/27/split30utt/22/cmvn.scp scp:data/train/split30/27/split30utt/22/feats.scp ark:- | splice-feats --left-context=3 --right-context=3 ark:- ark:- | transform-feats exp/sgmm2_4_ali/final.mat ark:- ark:- | transform-feats --utt2spk=ark:data/train/split30/27/split30utt/22/utt2spk ark:exp/tri3_ali/trans.27 ark:- ark:- |' 'ark:|gzip -c >exp/sgmm2_4_denlats/lat.27.22.gz' 
transform-feats exp/sgmm2_4_ali/final.mat ark:- ark:- 
apply-cmvn --utt2spk=ark:data/train/split30/27/split30utt/22/utt2spk scp:data/train/split30/27/split30utt/22/cmvn.scp scp:data/train/split30/27/split30utt/22/feats.scp ark:- 
splice-feats --left-context=3 --right-context=3 ark:- ark:- 
transform-feats --utt2spk=ark:data/train/split30/27/split30utt/22/utt2spk ark:exp/tri3_ali/trans.27 ark:- ark:- 
LOG (apply-cmvn[5.5.208~1-b0fc0]:main():apply-cmvn.cc:162) Applied cepstral mean normalization to 4 utterances, errors on 0
LOG (transform-feats[5.5.208~1-b0fc0]:main():transform-feats.cc:158) Overall average [pseudo-]logdet is -88.6037 over 1045 frames.
LOG (transform-feats[5.5.208~1-b0fc0]:main():transform-feats.cc:161) Applied transform to 4 utterances; 0 had errors.
MSMR0_SX235 sil ay ay dx ax m ay z ao l ix cl k aw n cl s ix n m ay ey vcl jh ix n s iy sil 
LOG (sgmm2-latgen-faster[5.5.208~1-b0fc0]:DecodeUtteranceLatticeFaster():decoder-wrappers.cc:289) Log-like per frame for utterance MSMR0_SX235 is -7.97558 over 294 frames.
LOG (sgmm2-latgen-faster[5.5.208~1-b0fc0]:main():sgmm2-latgen-faster.cc:209) Log-like per frame for utterance MSMR0_SX235 is -7.97558 over 294 frames.
MSMR0_SX325 sil dh ix f uh l m uw n sh ow n vcl b r ay l iy dh ae cl n ay cl sil 
LOG (sgmm2-latgen-faster[5.5.208~1-b0fc0]:DecodeUtteranceLatticeFaster():decoder-wrappers.cc:289) Log-like per frame for utterance MSMR0_SX325 is -8.12414 over 230 frames.
LOG (sgmm2-latgen-faster[5.5.208~1-b0fc0]:main():sgmm2-latgen-faster.cc:209) Log-like per frame for utterance MSMR0_SX325 is -8.12414 over 230 frames.
LOG (transform-feats[5.5.208~1-b0fc0]:main():transform-feats.cc:158) Overall average logdet is 0.734258 over 1045 frames.
LOG (transform-feats[5.5.208~1-b0fc0]:main():transform-feats.cc:161) Applied transform to 4 utterances; 0 had errors.
MSMR0_SX415 sil m uw v dh ix vcl g aa r vcl ix vcl jh epi n ih er cl t ix dh ax l aa r vcl jh w ih n ow sil 
LOG (sgmm2-latgen-faster[5.5.208~1-b0fc0]:DecodeUtteranceLatticeFaster():decoder-wrappers.cc:289) Log-like per frame for utterance MSMR0_SX415 is -8.5053 over 241 frames.
LOG (sgmm2-latgen-faster[5.5.208~1-b0fc0]:main():sgmm2-latgen-faster.cc:209) Log-like per frame for utterance MSMR0_SX415 is -8.5053 over 241 frames.
MSMR0_SX55 sil dh ax l ae cl ah v f iy cl k aa m cl p aw n vcl ix vcl dh ix cl t eh n ix n cl s vcl g r iy v en s ix z sil 
LOG (sgmm2-latgen-faster[5.5.208~1-b0fc0]:DecodeUtteranceLatticeFaster():decoder-wrappers.cc:289) Log-like per frame for utterance MSMR0_SX55 is -9.03024 over 280 frames.
LOG (sgmm2-latgen-faster[5.5.208~1-b0fc0]:main():sgmm2-latgen-faster.cc:209) Log-like per frame for utterance MSMR0_SX55 is -9.03024 over 280 frames.
LOG (sgmm2-latgen-faster[5.5.208~1-b0fc0]:main():sgmm2-latgen-faster.cc:252) Time taken [excluding initialization] 11.9692s: real-time factor assuming 100 frames/sec is 1.14538
LOG (sgmm2-latgen-faster[5.5.208~1-b0fc0]:main():sgmm2-latgen-faster.cc:255) Done 4 utterances, failed for 0
LOG (sgmm2-latgen-faster[5.5.208~1-b0fc0]:main():sgmm2-latgen-faster.cc:257) Overall log-likelihood per frame = -8.41303 over 1045 frames.
WARNING (sgmm2-latgen-faster[5.5.208~1-b0fc0]:Close():kaldi-io.cc:515) Pipe gunzip -c exp/sgmm2_4_ali/gselect.27.gz| had nonzero return status 36096
# Accounting: time=13 threads=1
# Ended (code 0) at Wed Feb 27 15:51:06 +07 2019, elapsed time 13 seconds
