# sgmm2-latgen-faster --spk-vecs=ark:exp/sgmm2_4_ali/vecs.27 --utt2spk=ark:data/train/split30/27/utt2spk "--gselect=ark,s,cs:gunzip -c exp/sgmm2_4_ali/gselect.27.gz|" --beam=18.0 --lattice-beam=10.0 --acoustic-scale=0.2 --max-mem=20000000 --max-active=5000 --word-symbol-table=data/lang/words.txt exp/sgmm2_4_ali/final.mdl exp/sgmm2_4_denlats/dengraph/HCLG.fst "ark,s,cs:apply-cmvn --utt2spk=ark:data/train/split30/27/split30utt/2/utt2spk scp:data/train/split30/27/split30utt/2/cmvn.scp scp:data/train/split30/27/split30utt/2/feats.scp ark:- | splice-feats --left-context=3 --right-context=3 ark:- ark:- | transform-feats exp/sgmm2_4_ali/final.mat ark:- ark:- | transform-feats --utt2spk=ark:data/train/split30/27/split30utt/2/utt2spk ark:exp/tri3_ali/trans.27 ark:- ark:- |" "ark:|gzip -c >exp/sgmm2_4_denlats/lat.27.2.gz" 
# Started at Wed Feb 27 15:49:41 +07 2019
#
sgmm2-latgen-faster --spk-vecs=ark:exp/sgmm2_4_ali/vecs.27 --utt2spk=ark:data/train/split30/27/utt2spk '--gselect=ark,s,cs:gunzip -c exp/sgmm2_4_ali/gselect.27.gz|' --beam=18.0 --lattice-beam=10.0 --acoustic-scale=0.2 --max-mem=20000000 --max-active=5000 --word-symbol-table=data/lang/words.txt exp/sgmm2_4_ali/final.mdl exp/sgmm2_4_denlats/dengraph/HCLG.fst 'ark,s,cs:apply-cmvn --utt2spk=ark:data/train/split30/27/split30utt/2/utt2spk scp:data/train/split30/27/split30utt/2/cmvn.scp scp:data/train/split30/27/split30utt/2/feats.scp ark:- | splice-feats --left-context=3 --right-context=3 ark:- ark:- | transform-feats exp/sgmm2_4_ali/final.mat ark:- ark:- | transform-feats --utt2spk=ark:data/train/split30/27/split30utt/2/utt2spk ark:exp/tri3_ali/trans.27 ark:- ark:- |' 'ark:|gzip -c >exp/sgmm2_4_denlats/lat.27.2.gz' 
apply-cmvn --utt2spk=ark:data/train/split30/27/split30utt/2/utt2spk scp:data/train/split30/27/split30utt/2/cmvn.scp scp:data/train/split30/27/split30utt/2/feats.scp ark:- 
splice-feats --left-context=3 --right-context=3 ark:- ark:- 
LOG (apply-cmvn[5.5.208~1-b0fc0]:main():apply-cmvn.cc:162) Applied cepstral mean normalization to 4 utterances, errors on 0
transform-feats exp/sgmm2_4_ali/final.mat ark:- ark:- 
transform-feats --utt2spk=ark:data/train/split30/27/split30utt/2/utt2spk ark:exp/tri3_ali/trans.27 ark:- ark:- 
LOG (transform-feats[5.5.208~1-b0fc0]:main():transform-feats.cc:158) Overall average [pseudo-]logdet is -88.6037 over 1077 frames.
LOG (transform-feats[5.5.208~1-b0fc0]:main():transform-feats.cc:161) Applied transform to 4 utterances; 0 had errors.
MSAT1_SX263 sil hh aw oy l iy vcl d y uw l ay cl k y er s ae l ix vcl d r ah s ng sil 
LOG (sgmm2-latgen-faster[5.5.208~1-b0fc0]:DecodeUtteranceLatticeFaster():decoder-wrappers.cc:289) Log-like per frame for utterance MSAT1_SX263 is -8.08244 over 242 frames.
LOG (sgmm2-latgen-faster[5.5.208~1-b0fc0]:main():sgmm2-latgen-faster.cc:209) Log-like per frame for utterance MSAT1_SX263 is -8.08244 over 242 frames.
MSAT1_SX353 sil ax cl k aa n ax s er w el ix n vcl jh oy dh ix s sh eh l f ax sh vcl d ax sh sil 
LOG (sgmm2-latgen-faster[5.5.208~1-b0fc0]:DecodeUtteranceLatticeFaster():decoder-wrappers.cc:289) Log-like per frame for utterance MSAT1_SX353 is -8.40743 over 280 frames.
LOG (sgmm2-latgen-faster[5.5.208~1-b0fc0]:main():sgmm2-latgen-faster.cc:209) Log-like per frame for utterance MSAT1_SX353 is -8.40743 over 280 frames.
LOG (transform-feats[5.5.208~1-b0fc0]:main():transform-feats.cc:158) Overall average logdet is 1.7003 over 1077 frames.
LOG (transform-feats[5.5.208~1-b0fc0]:main():transform-feats.cc:161) Applied transform to 4 utterances; 0 had errors.
MSAT1_SX443 sil ax l ow n s t aa r sh ow n ix n iy er l iy v n ix ng s cl k ay sil 
LOG (sgmm2-latgen-faster[5.5.208~1-b0fc0]:DecodeUtteranceLatticeFaster():decoder-wrappers.cc:289) Log-like per frame for utterance MSAT1_SX443 is -7.45414 over 285 frames.
LOG (sgmm2-latgen-faster[5.5.208~1-b0fc0]:main():sgmm2-latgen-faster.cc:209) Log-like per frame for utterance MSAT1_SX443 is -7.45414 over 285 frames.
MSAT1_SX83 sil m ay ix n s cl t r ah cl k sh ix n z vcl d eh s cl p er l iy n iy dx ah cl d ey dx ix ng sil 
LOG (sgmm2-latgen-faster[5.5.208~1-b0fc0]:DecodeUtteranceLatticeFaster():decoder-wrappers.cc:289) Log-like per frame for utterance MSAT1_SX83 is -9.1412 over 270 frames.
LOG (sgmm2-latgen-faster[5.5.208~1-b0fc0]:main():sgmm2-latgen-faster.cc:209) Log-like per frame for utterance MSAT1_SX83 is -9.1412 over 270 frames.
LOG (sgmm2-latgen-faster[5.5.208~1-b0fc0]:main():sgmm2-latgen-faster.cc:252) Time taken [excluding initialization] 10.634s: real-time factor assuming 100 frames/sec is 0.987369
LOG (sgmm2-latgen-faster[5.5.208~1-b0fc0]:main():sgmm2-latgen-faster.cc:255) Done 4 utterances, failed for 0
LOG (sgmm2-latgen-faster[5.5.208~1-b0fc0]:main():sgmm2-latgen-faster.cc:257) Overall log-likelihood per frame = -8.26609 over 1077 frames.
WARNING (sgmm2-latgen-faster[5.5.208~1-b0fc0]:Close():kaldi-io.cc:515) Pipe gunzip -c exp/sgmm2_4_ali/gselect.27.gz| had nonzero return status 36096
# Accounting: time=12 threads=1
# Ended (code 0) at Wed Feb 27 15:49:53 +07 2019, elapsed time 12 seconds
