# sgmm2-latgen-faster --spk-vecs=ark:exp/sgmm2_4_ali/vecs.27 --utt2spk=ark:data/train/split30/27/utt2spk "--gselect=ark,s,cs:gunzip -c exp/sgmm2_4_ali/gselect.27.gz|" --beam=18.0 --lattice-beam=10.0 --acoustic-scale=0.2 --max-mem=20000000 --max-active=5000 --word-symbol-table=data/lang/words.txt exp/sgmm2_4_ali/final.mdl exp/sgmm2_4_denlats/dengraph/HCLG.fst "ark,s,cs:apply-cmvn --utt2spk=ark:data/train/split30/27/split30utt/14/utt2spk scp:data/train/split30/27/split30utt/14/cmvn.scp scp:data/train/split30/27/split30utt/14/feats.scp ark:- | splice-feats --left-context=3 --right-context=3 ark:- ark:- | transform-feats exp/sgmm2_4_ali/final.mat ark:- ark:- | transform-feats --utt2spk=ark:data/train/split30/27/split30utt/14/utt2spk ark:exp/tri3_ali/trans.27 ark:- ark:- |" "ark:|gzip -c >exp/sgmm2_4_denlats/lat.27.14.gz" 
# Started at Wed Feb 27 15:50:24 +07 2019
#
sgmm2-latgen-faster --spk-vecs=ark:exp/sgmm2_4_ali/vecs.27 --utt2spk=ark:data/train/split30/27/utt2spk '--gselect=ark,s,cs:gunzip -c exp/sgmm2_4_ali/gselect.27.gz|' --beam=18.0 --lattice-beam=10.0 --acoustic-scale=0.2 --max-mem=20000000 --max-active=5000 --word-symbol-table=data/lang/words.txt exp/sgmm2_4_ali/final.mdl exp/sgmm2_4_denlats/dengraph/HCLG.fst 'ark,s,cs:apply-cmvn --utt2spk=ark:data/train/split30/27/split30utt/14/utt2spk scp:data/train/split30/27/split30utt/14/cmvn.scp scp:data/train/split30/27/split30utt/14/feats.scp ark:- | splice-feats --left-context=3 --right-context=3 ark:- ark:- | transform-feats exp/sgmm2_4_ali/final.mat ark:- ark:- | transform-feats --utt2spk=ark:data/train/split30/27/split30utt/14/utt2spk ark:exp/tri3_ali/trans.27 ark:- ark:- |' 'ark:|gzip -c >exp/sgmm2_4_denlats/lat.27.14.gz' 
transform-feats --utt2spk=ark:data/train/split30/27/split30utt/14/utt2spk ark:exp/tri3_ali/trans.27 ark:- ark:- 
transform-feats exp/sgmm2_4_ali/final.mat ark:- ark:- 
splice-feats --left-context=3 --right-context=3 ark:- ark:- 
apply-cmvn --utt2spk=ark:data/train/split30/27/split30utt/14/utt2spk scp:data/train/split30/27/split30utt/14/cmvn.scp scp:data/train/split30/27/split30utt/14/feats.scp ark:- 
LOG (apply-cmvn[5.5.208~1-b0fc0]:main():apply-cmvn.cc:162) Applied cepstral mean normalization to 4 utterances, errors on 0
LOG (transform-feats[5.5.208~1-b0fc0]:main():transform-feats.cc:158) Overall average [pseudo-]logdet is -88.6037 over 1350 frames.
LOG (transform-feats[5.5.208~1-b0fc0]:main():transform-feats.cc:161) Applied transform to 4 utterances; 0 had errors.
MSFH0_SX226 sil s cl t eh f cl k ix vcl b eh er l iy hh ae n vcl d el dh ax s ay cl k el aa vcl jh ax cl k el cl t r aa m ax sil 
LOG (sgmm2-latgen-faster[5.5.208~1-b0fc0]:DecodeUtteranceLatticeFaster():decoder-wrappers.cc:289) Log-like per frame for utterance MSFH0_SX226 is -8.47974 over 354 frames.
LOG (sgmm2-latgen-faster[5.5.208~1-b0fc0]:main():sgmm2-latgen-faster.cc:209) Log-like per frame for utterance MSFH0_SX226 is -8.47974 over 354 frames.
MSFH0_SX316 sil dh eh cl d ao vcl ch ey s ix z cl k ae cl t s epi m er s ix s epi l ix sil 
LOG (sgmm2-latgen-faster[5.5.208~1-b0fc0]:DecodeUtteranceLatticeFaster():decoder-wrappers.cc:289) Log-like per frame for utterance MSFH0_SX316 is -8.67865 over 271 frames.
LOG (sgmm2-latgen-faster[5.5.208~1-b0fc0]:main():sgmm2-latgen-faster.cc:209) Log-like per frame for utterance MSFH0_SX316 is -8.67865 over 271 frames.
LOG (transform-feats[5.5.208~1-b0fc0]:main():transform-feats.cc:158) Overall average logdet is 3.66611 over 1350 frames.
LOG (transform-feats[5.5.208~1-b0fc0]:main():transform-feats.cc:161) Applied transform to 4 utterances; 0 had errors.
MSFH0_SX406 sil dh er w ah z ix vcl jh ay vcl g ae n ix cl k w aa s cl sil cl n eh cl k s cl t ix er v ih ng z vcl b ih vcl t aa cl hh ae cl t sil 
LOG (sgmm2-latgen-faster[5.5.208~1-b0fc0]:DecodeUtteranceLatticeFaster():decoder-wrappers.cc:289) Log-like per frame for utterance MSFH0_SX406 is -8.71738 over 442 frames.
LOG (sgmm2-latgen-faster[5.5.208~1-b0fc0]:main():sgmm2-latgen-faster.cc:209) Log-like per frame for utterance MSFH0_SX406 is -8.71738 over 442 frames.
MSFH0_SX46 sil dh eh cl p ih cl p aa cl k ih cl w ax z cl k ao r eh vcl d hh ae n vcl d ix vcl sil 
LOG (sgmm2-latgen-faster[5.5.208~1-b0fc0]:DecodeUtteranceLatticeFaster():decoder-wrappers.cc:289) Log-like per frame for utterance MSFH0_SX46 is -9.1792 over 283 frames.
LOG (sgmm2-latgen-faster[5.5.208~1-b0fc0]:main():sgmm2-latgen-faster.cc:209) Log-like per frame for utterance MSFH0_SX46 is -9.1792 over 283 frames.
LOG (sgmm2-latgen-faster[5.5.208~1-b0fc0]:main():sgmm2-latgen-faster.cc:252) Time taken [excluding initialization] 14.3948s: real-time factor assuming 100 frames/sec is 1.06628
LOG (sgmm2-latgen-faster[5.5.208~1-b0fc0]:main():sgmm2-latgen-faster.cc:255) Done 4 utterances, failed for 0
LOG (sgmm2-latgen-faster[5.5.208~1-b0fc0]:main():sgmm2-latgen-faster.cc:257) Overall log-likelihood per frame = -8.7441 over 1350 frames.
WARNING (sgmm2-latgen-faster[5.5.208~1-b0fc0]:Close():kaldi-io.cc:515) Pipe gunzip -c exp/sgmm2_4_ali/gselect.27.gz| had nonzero return status 36096
# Accounting: time=16 threads=1
# Ended (code 0) at Wed Feb 27 15:50:40 +07 2019, elapsed time 16 seconds
