# sgmm2-latgen-faster --spk-vecs=ark:exp/sgmm2_4_ali/vecs.27 --utt2spk=ark:data/train/split30/27/utt2spk "--gselect=ark,s,cs:gunzip -c exp/sgmm2_4_ali/gselect.27.gz|" --beam=18.0 --lattice-beam=10.0 --acoustic-scale=0.2 --max-mem=20000000 --max-active=5000 --word-symbol-table=data/lang/words.txt exp/sgmm2_4_ali/final.mdl exp/sgmm2_4_denlats/dengraph/HCLG.fst "ark,s,cs:apply-cmvn --utt2spk=ark:data/train/split30/27/split30utt/23/utt2spk scp:data/train/split30/27/split30utt/23/cmvn.scp scp:data/train/split30/27/split30utt/23/feats.scp ark:- | splice-feats --left-context=3 --right-context=3 ark:- ark:- | transform-feats exp/sgmm2_4_ali/final.mat ark:- ark:- | transform-feats --utt2spk=ark:data/train/split30/27/split30utt/23/utt2spk ark:exp/tri3_ali/trans.27 ark:- ark:- |" "ark:|gzip -c >exp/sgmm2_4_denlats/lat.27.23.gz" 
# Started at Wed Feb 27 15:50:56 +07 2019
#
sgmm2-latgen-faster --spk-vecs=ark:exp/sgmm2_4_ali/vecs.27 --utt2spk=ark:data/train/split30/27/utt2spk '--gselect=ark,s,cs:gunzip -c exp/sgmm2_4_ali/gselect.27.gz|' --beam=18.0 --lattice-beam=10.0 --acoustic-scale=0.2 --max-mem=20000000 --max-active=5000 --word-symbol-table=data/lang/words.txt exp/sgmm2_4_ali/final.mdl exp/sgmm2_4_denlats/dengraph/HCLG.fst 'ark,s,cs:apply-cmvn --utt2spk=ark:data/train/split30/27/split30utt/23/utt2spk scp:data/train/split30/27/split30utt/23/cmvn.scp scp:data/train/split30/27/split30utt/23/feats.scp ark:- | splice-feats --left-context=3 --right-context=3 ark:- ark:- | transform-feats exp/sgmm2_4_ali/final.mat ark:- ark:- | transform-feats --utt2spk=ark:data/train/split30/27/split30utt/23/utt2spk ark:exp/tri3_ali/trans.27 ark:- ark:- |' 'ark:|gzip -c >exp/sgmm2_4_denlats/lat.27.23.gz' 
splice-feats --left-context=3 --right-context=3 ark:- ark:- 
transform-feats --utt2spk=ark:data/train/split30/27/split30utt/23/utt2spk ark:exp/tri3_ali/trans.27 ark:- ark:- 
apply-cmvn --utt2spk=ark:data/train/split30/27/split30utt/23/utt2spk scp:data/train/split30/27/split30utt/23/cmvn.scp scp:data/train/split30/27/split30utt/23/feats.scp ark:- 
LOG (apply-cmvn[5.5.208~1-b0fc0]:main():apply-cmvn.cc:162) Applied cepstral mean normalization to 4 utterances, errors on 0
transform-feats exp/sgmm2_4_ali/final.mat ark:- ark:- 
LOG (transform-feats[5.5.208~1-b0fc0]:main():transform-feats.cc:158) Overall average [pseudo-]logdet is -88.6037 over 1353 frames.
LOG (transform-feats[5.5.208~1-b0fc0]:main():transform-feats.cc:161) Applied transform to 4 utterances; 0 had errors.
MSMS0_SI1433 sil hh w aa l w ah n eh l ax m ax n ix z ix n aw n cl s ix n cl p r aa vcl g er s ax n ah dh er z vcl d ix l ix n iy ey ix ng ix z cl p r aa vcl l ax m epi z sil 
LOG (sgmm2-latgen-faster[5.5.208~1-b0fc0]:DecodeUtteranceLatticeFaster():decoder-wrappers.cc:289) Log-like per frame for utterance MSMS0_SI1433 is -8.29178 over 427 frames.
LOG (sgmm2-latgen-faster[5.5.208~1-b0fc0]:main():sgmm2-latgen-faster.cc:209) Log-like per frame for utterance MSMS0_SI1433 is -8.29178 over 427 frames.
MSMS0_SI2063 sil t ix hh ih s er cl p r ay z ix z cl p l ae n w er cl p er f ax cl k l ix sil 
LOG (sgmm2-latgen-faster[5.5.208~1-b0fc0]:DecodeUtteranceLatticeFaster():decoder-wrappers.cc:289) Log-like per frame for utterance MSMS0_SI2063 is -8.74391 over 244 frames.
LOG (sgmm2-latgen-faster[5.5.208~1-b0fc0]:main():sgmm2-latgen-faster.cc:209) Log-like per frame for utterance MSMS0_SI2063 is -8.74391 over 244 frames.
LOG (transform-feats[5.5.208~1-b0fc0]:main():transform-feats.cc:158) Overall average logdet is 4.56747 over 1353 frames.
LOG (transform-feats[5.5.208~1-b0fc0]:main():transform-feats.cc:161) Applied transform to 4 utterances; 0 had errors.
MSMS0_SI803 sil ih n s ax l ey cl sil w eh dh er s cl t r ih cl d ah vcl b el vcl g l ey z cl t ix dh ax m ae cl k s ax m ax m sil 
LOG (sgmm2-latgen-faster[5.5.208~1-b0fc0]:DecodeUtteranceLatticeFaster():decoder-wrappers.cc:289) Log-like per frame for utterance MSMS0_SI803 is -9.14967 over 338 frames.
LOG (sgmm2-latgen-faster[5.5.208~1-b0fc0]:main():sgmm2-latgen-faster.cc:209) Log-like per frame for utterance MSMS0_SI803 is -9.14967 over 338 frames.
MSMS0_SX173 sil hh uw eh v ax cl k w aa cl p er ey cl s ix n f ay n ih n ae n z cl k ae m iy ow w el vcl b iy r ax w ao r dx ix vcl d sil 
LOG (sgmm2-latgen-faster[5.5.208~1-b0fc0]:DecodeUtteranceLatticeFaster():decoder-wrappers.cc:289) Log-like per frame for utterance MSMS0_SX173 is -7.97919 over 344 frames.
LOG (sgmm2-latgen-faster[5.5.208~1-b0fc0]:main():sgmm2-latgen-faster.cc:209) Log-like per frame for utterance MSMS0_SX173 is -7.97919 over 344 frames.
LOG (sgmm2-latgen-faster[5.5.208~1-b0fc0]:main():sgmm2-latgen-faster.cc:252) Time taken [excluding initialization] 14.8833s: real-time factor assuming 100 frames/sec is 1.10002
LOG (sgmm2-latgen-faster[5.5.208~1-b0fc0]:main():sgmm2-latgen-faster.cc:255) Done 4 utterances, failed for 0
LOG (sgmm2-latgen-faster[5.5.208~1-b0fc0]:main():sgmm2-latgen-faster.cc:257) Overall log-likelihood per frame = -8.50816 over 1353 frames.
WARNING (sgmm2-latgen-faster[5.5.208~1-b0fc0]:Close():kaldi-io.cc:515) Pipe gunzip -c exp/sgmm2_4_ali/gselect.27.gz| had nonzero return status 36096
# Accounting: time=16 threads=1
# Ended (code 0) at Wed Feb 27 15:51:12 +07 2019, elapsed time 16 seconds
