# sgmm2-latgen-faster --spk-vecs=ark:exp/sgmm2_4_ali/vecs.27 --utt2spk=ark:data/train/split30/27/utt2spk "--gselect=ark,s,cs:gunzip -c exp/sgmm2_4_ali/gselect.27.gz|" --beam=18.0 --lattice-beam=10.0 --acoustic-scale=0.2 --max-mem=20000000 --max-active=5000 --word-symbol-table=data/lang/words.txt exp/sgmm2_4_ali/final.mdl exp/sgmm2_4_denlats/dengraph/HCLG.fst "ark,s,cs:apply-cmvn --utt2spk=ark:data/train/split30/27/split30utt/17/utt2spk scp:data/train/split30/27/split30utt/17/cmvn.scp scp:data/train/split30/27/split30utt/17/feats.scp ark:- | splice-feats --left-context=3 --right-context=3 ark:- ark:- | transform-feats exp/sgmm2_4_ali/final.mat ark:- ark:- | transform-feats --utt2spk=ark:data/train/split30/27/split30utt/17/utt2spk ark:exp/tri3_ali/trans.27 ark:- ark:- |" "ark:|gzip -c >exp/sgmm2_4_denlats/lat.27.17.gz" 
# Started at Wed Feb 27 15:50:37 +07 2019
#
sgmm2-latgen-faster --spk-vecs=ark:exp/sgmm2_4_ali/vecs.27 --utt2spk=ark:data/train/split30/27/utt2spk '--gselect=ark,s,cs:gunzip -c exp/sgmm2_4_ali/gselect.27.gz|' --beam=18.0 --lattice-beam=10.0 --acoustic-scale=0.2 --max-mem=20000000 --max-active=5000 --word-symbol-table=data/lang/words.txt exp/sgmm2_4_ali/final.mdl exp/sgmm2_4_denlats/dengraph/HCLG.fst 'ark,s,cs:apply-cmvn --utt2spk=ark:data/train/split30/27/split30utt/17/utt2spk scp:data/train/split30/27/split30utt/17/cmvn.scp scp:data/train/split30/27/split30utt/17/feats.scp ark:- | splice-feats --left-context=3 --right-context=3 ark:- ark:- | transform-feats exp/sgmm2_4_ali/final.mat ark:- ark:- | transform-feats --utt2spk=ark:data/train/split30/27/split30utt/17/utt2spk ark:exp/tri3_ali/trans.27 ark:- ark:- |' 'ark:|gzip -c >exp/sgmm2_4_denlats/lat.27.17.gz' 
transform-feats exp/sgmm2_4_ali/final.mat ark:- ark:- 
splice-feats --left-context=3 --right-context=3 ark:- ark:- 
transform-feats --utt2spk=ark:data/train/split30/27/split30utt/17/utt2spk ark:exp/tri3_ali/trans.27 ark:- ark:- 
apply-cmvn --utt2spk=ark:data/train/split30/27/split30utt/17/utt2spk scp:data/train/split30/27/split30utt/17/cmvn.scp scp:data/train/split30/27/split30utt/17/feats.scp ark:- 
LOG (apply-cmvn[5.5.208~1-b0fc0]:main():apply-cmvn.cc:162) Applied cepstral mean normalization to 4 utterances, errors on 0
LOG (transform-feats[5.5.208~1-b0fc0]:main():transform-feats.cc:158) Overall average [pseudo-]logdet is -88.6037 over 1299 frames.
LOG (transform-feats[5.5.208~1-b0fc0]:main():transform-feats.cc:161) Applied transform to 4 utterances; 0 had errors.
MSJK0_SI1596 sil p r aa m cl t ix vcl b ay vcl g ih l cl t iy er vcl jh sil hh iy hh ae vcl d ih s ow vcl b ey vcl dh iy ao dx er ax v ax m ae n hh iy r ix s cl p eh cl t ix vcl sil 
LOG (sgmm2-latgen-faster[5.5.208~1-b0fc0]:DecodeUtteranceLatticeFaster():decoder-wrappers.cc:289) Log-like per frame for utterance MSJK0_SI1596 is -9.41235 over 475 frames.
LOG (sgmm2-latgen-faster[5.5.208~1-b0fc0]:main():sgmm2-latgen-faster.cc:209) Log-like per frame for utterance MSJK0_SI1596 is -9.41235 over 475 frames.
MSJK0_SI2226 sil b ah cl dh eh n vcl r eh vcl hh eh vcl z er ao f ix n cl p ey l sil 
LOG (sgmm2-latgen-faster[5.5.208~1-b0fc0]:DecodeUtteranceLatticeFaster():decoder-wrappers.cc:289) Log-like per frame for utterance MSJK0_SI2226 is -8.64279 over 213 frames.
LOG (sgmm2-latgen-faster[5.5.208~1-b0fc0]:main():sgmm2-latgen-faster.cc:209) Log-like per frame for utterance MSJK0_SI2226 is -8.64279 over 213 frames.
LOG (transform-feats[5.5.208~1-b0fc0]:main():transform-feats.cc:158) Overall average logdet is 0.63276 over 1299 frames.
LOG (transform-feats[5.5.208~1-b0fc0]:main():transform-feats.cc:161) Applied transform to 4 utterances; 0 had errors.
MSJK0_SI966 sil ey sh aa cl t r eh m ax w ax z f aa l ax vcl b ay ix vcl jh er cl k iy r ow l sil 
LOG (sgmm2-latgen-faster[5.5.208~1-b0fc0]:DecodeUtteranceLatticeFaster():decoder-wrappers.cc:289) Log-like per frame for utterance MSJK0_SI966 is -8.90784 over 276 frames.
LOG (sgmm2-latgen-faster[5.5.208~1-b0fc0]:main():sgmm2-latgen-faster.cc:209) Log-like per frame for utterance MSJK0_SI966 is -8.90784 over 276 frames.
MSJK0_SX156 sil aa r cl s cl p eh r ix m ih n s cl p aa z ix dx ix v aw cl k ah m w ah z ah n ix cl k s cl p eh cl t ix vcl sil 
LOG (sgmm2-latgen-faster[5.5.208~1-b0fc0]:DecodeUtteranceLatticeFaster():decoder-wrappers.cc:289) Log-like per frame for utterance MSJK0_SX156 is -9.31121 over 335 frames.
LOG (sgmm2-latgen-faster[5.5.208~1-b0fc0]:main():sgmm2-latgen-faster.cc:209) Log-like per frame for utterance MSJK0_SX156 is -9.31121 over 335 frames.
LOG (sgmm2-latgen-faster[5.5.208~1-b0fc0]:main():sgmm2-latgen-faster.cc:252) Time taken [excluding initialization] 15.5493s: real-time factor assuming 100 frames/sec is 1.19702
LOG (sgmm2-latgen-faster[5.5.208~1-b0fc0]:main():sgmm2-latgen-faster.cc:255) Done 4 utterances, failed for 0
LOG (sgmm2-latgen-faster[5.5.208~1-b0fc0]:main():sgmm2-latgen-faster.cc:257) Overall log-likelihood per frame = -9.15289 over 1299 frames.
WARNING (sgmm2-latgen-faster[5.5.208~1-b0fc0]:Close():kaldi-io.cc:515) Pipe gunzip -c exp/sgmm2_4_ali/gselect.27.gz| had nonzero return status 36096
# Accounting: time=16 threads=1
# Ended (code 0) at Wed Feb 27 15:50:53 +07 2019, elapsed time 16 seconds
