# sgmm2-latgen-faster --spk-vecs=ark:exp/sgmm2_4_ali/vecs.29 --utt2spk=ark:data/train/split30/29/utt2spk "--gselect=ark,s,cs:gunzip -c exp/sgmm2_4_ali/gselect.29.gz|" --beam=18.0 --lattice-beam=10.0 --acoustic-scale=0.2 --max-mem=20000000 --max-active=5000 --word-symbol-table=data/lang/words.txt exp/sgmm2_4_ali/final.mdl exp/sgmm2_4_denlats/dengraph/HCLG.fst "ark,s,cs:apply-cmvn --utt2spk=ark:data/train/split30/29/split30utt/26/utt2spk scp:data/train/split30/29/split30utt/26/cmvn.scp scp:data/train/split30/29/split30utt/26/feats.scp ark:- | splice-feats --left-context=3 --right-context=3 ark:- ark:- | transform-feats exp/sgmm2_4_ali/final.mat ark:- ark:- | transform-feats --utt2spk=ark:data/train/split30/29/split30utt/26/utt2spk ark:exp/tri3_ali/trans.29 ark:- ark:- |" "ark:|gzip -c >exp/sgmm2_4_denlats/lat.29.26.gz" 
# Started at Wed Feb 27 15:53:04 +07 2019
#
sgmm2-latgen-faster --spk-vecs=ark:exp/sgmm2_4_ali/vecs.29 --utt2spk=ark:data/train/split30/29/utt2spk '--gselect=ark,s,cs:gunzip -c exp/sgmm2_4_ali/gselect.29.gz|' --beam=18.0 --lattice-beam=10.0 --acoustic-scale=0.2 --max-mem=20000000 --max-active=5000 --word-symbol-table=data/lang/words.txt exp/sgmm2_4_ali/final.mdl exp/sgmm2_4_denlats/dengraph/HCLG.fst 'ark,s,cs:apply-cmvn --utt2spk=ark:data/train/split30/29/split30utt/26/utt2spk scp:data/train/split30/29/split30utt/26/cmvn.scp scp:data/train/split30/29/split30utt/26/feats.scp ark:- | splice-feats --left-context=3 --right-context=3 ark:- ark:- | transform-feats exp/sgmm2_4_ali/final.mat ark:- ark:- | transform-feats --utt2spk=ark:data/train/split30/29/split30utt/26/utt2spk ark:exp/tri3_ali/trans.29 ark:- ark:- |' 'ark:|gzip -c >exp/sgmm2_4_denlats/lat.29.26.gz' 
transform-feats exp/sgmm2_4_ali/final.mat ark:- ark:- 
transform-feats --utt2spk=ark:data/train/split30/29/split30utt/26/utt2spk ark:exp/tri3_ali/trans.29 ark:- ark:- 
apply-cmvn --utt2spk=ark:data/train/split30/29/split30utt/26/utt2spk scp:data/train/split30/29/split30utt/26/cmvn.scp scp:data/train/split30/29/split30utt/26/feats.scp ark:- 
LOG (apply-cmvn[5.5.208~1-b0fc0]:main():apply-cmvn.cc:162) Applied cepstral mean normalization to 4 utterances, errors on 0
splice-feats --left-context=3 --right-context=3 ark:- ark:- 
LOG (transform-feats[5.5.208~1-b0fc0]:main():transform-feats.cc:158) Overall average [pseudo-]logdet is -88.6037 over 940 frames.
LOG (transform-feats[5.5.208~1-b0fc0]:main():transform-feats.cc:161) Applied transform to 4 utterances; 0 had errors.
MTRT0_SX237 sil dh ix cl k uw ih er w ah z ix vcl g ao r f sil 
LOG (sgmm2-latgen-faster[5.5.208~1-b0fc0]:DecodeUtteranceLatticeFaster():decoder-wrappers.cc:289) Log-like per frame for utterance MTRT0_SX237 is -8.6916 over 152 frames.
LOG (sgmm2-latgen-faster[5.5.208~1-b0fc0]:main():sgmm2-latgen-faster.cc:209) Log-like per frame for utterance MTRT0_SX237 is -8.6916 over 152 frames.
MTRT0_SX254 sil d ix dh ey ax l aw ey th iy ix s ix n cl ch er cl ch sil 
LOG (sgmm2-latgen-faster[5.5.208~1-b0fc0]:DecodeUtteranceLatticeFaster():decoder-wrappers.cc:289) Log-like per frame for utterance MTRT0_SX254 is -8.61524 over 214 frames.
LOG (sgmm2-latgen-faster[5.5.208~1-b0fc0]:main():sgmm2-latgen-faster.cc:209) Log-like per frame for utterance MTRT0_SX254 is -8.61524 over 214 frames.
LOG (transform-feats[5.5.208~1-b0fc0]:main():transform-feats.cc:158) Overall average logdet is 4.97412 over 940 frames.
LOG (transform-feats[5.5.208~1-b0fc0]:main():transform-feats.cc:161) Applied transform to 4 utterances; 0 had errors.
MTRT0_SX417 sil v eh l ix l aa vcl jh y ih er l iy s eh l ax vcl b r ey cl s dh ax f er s cl k ae f vcl b ao r n sil 
LOG (sgmm2-latgen-faster[5.5.208~1-b0fc0]:DecodeUtteranceLatticeFaster():decoder-wrappers.cc:289) Log-like per frame for utterance MTRT0_SX417 is -8.41066 over 296 frames.
LOG (sgmm2-latgen-faster[5.5.208~1-b0fc0]:main():sgmm2-latgen-faster.cc:209) Log-like per frame for utterance MTRT0_SX417 is -8.41066 over 296 frames.
MTRT0_SX57 sil dh ix cl p r aw l er w ao r ix s cl k iy m ae s cl f er dx ix s vcl g ay z sil 
LOG (sgmm2-latgen-faster[5.5.208~1-b0fc0]:DecodeUtteranceLatticeFaster():decoder-wrappers.cc:289) Log-like per frame for utterance MTRT0_SX57 is -8.2054 over 278 frames.
LOG (sgmm2-latgen-faster[5.5.208~1-b0fc0]:main():sgmm2-latgen-faster.cc:209) Log-like per frame for utterance MTRT0_SX57 is -8.2054 over 278 frames.
LOG (sgmm2-latgen-faster[5.5.208~1-b0fc0]:main():sgmm2-latgen-faster.cc:252) Time taken [excluding initialization] 9.85526s: real-time factor assuming 100 frames/sec is 1.04843
LOG (sgmm2-latgen-faster[5.5.208~1-b0fc0]:main():sgmm2-latgen-faster.cc:255) Done 4 utterances, failed for 0
LOG (sgmm2-latgen-faster[5.5.208~1-b0fc0]:main():sgmm2-latgen-faster.cc:257) Overall log-likelihood per frame = -8.44196 over 940 frames.
WARNING (sgmm2-latgen-faster[5.5.208~1-b0fc0]:Close():kaldi-io.cc:515) Pipe gunzip -c exp/sgmm2_4_ali/gselect.29.gz| had nonzero return status 36096
# Accounting: time=10 threads=1
# Ended (code 0) at Wed Feb 27 15:53:14 +07 2019, elapsed time 10 seconds
