# sgmm2-latgen-faster --spk-vecs=ark:exp/sgmm2_4_ali/vecs.29 --utt2spk=ark:data/train/split30/29/utt2spk "--gselect=ark,s,cs:gunzip -c exp/sgmm2_4_ali/gselect.29.gz|" --beam=18.0 --lattice-beam=10.0 --acoustic-scale=0.2 --max-mem=20000000 --max-active=5000 --word-symbol-table=data/lang/words.txt exp/sgmm2_4_ali/final.mdl exp/sgmm2_4_denlats/dengraph/HCLG.fst "ark,s,cs:apply-cmvn --utt2spk=ark:data/train/split30/29/split30utt/29/utt2spk scp:data/train/split30/29/split30utt/29/cmvn.scp scp:data/train/split30/29/split30utt/29/feats.scp ark:- | splice-feats --left-context=3 --right-context=3 ark:- ark:- | transform-feats exp/sgmm2_4_ali/final.mat ark:- ark:- | transform-feats --utt2spk=ark:data/train/split30/29/split30utt/29/utt2spk ark:exp/tri3_ali/trans.29 ark:- ark:- |" "ark:|gzip -c >exp/sgmm2_4_denlats/lat.29.29.gz" 
# Started at Wed Feb 27 15:53:14 +07 2019
#
sgmm2-latgen-faster --spk-vecs=ark:exp/sgmm2_4_ali/vecs.29 --utt2spk=ark:data/train/split30/29/utt2spk '--gselect=ark,s,cs:gunzip -c exp/sgmm2_4_ali/gselect.29.gz|' --beam=18.0 --lattice-beam=10.0 --acoustic-scale=0.2 --max-mem=20000000 --max-active=5000 --word-symbol-table=data/lang/words.txt exp/sgmm2_4_ali/final.mdl exp/sgmm2_4_denlats/dengraph/HCLG.fst 'ark,s,cs:apply-cmvn --utt2spk=ark:data/train/split30/29/split30utt/29/utt2spk scp:data/train/split30/29/split30utt/29/cmvn.scp scp:data/train/split30/29/split30utt/29/feats.scp ark:- | splice-feats --left-context=3 --right-context=3 ark:- ark:- | transform-feats exp/sgmm2_4_ali/final.mat ark:- ark:- | transform-feats --utt2spk=ark:data/train/split30/29/split30utt/29/utt2spk ark:exp/tri3_ali/trans.29 ark:- ark:- |' 'ark:|gzip -c >exp/sgmm2_4_denlats/lat.29.29.gz' 
transform-feats exp/sgmm2_4_ali/final.mat ark:- ark:- 
transform-feats --utt2spk=ark:data/train/split30/29/split30utt/29/utt2spk ark:exp/tri3_ali/trans.29 ark:- ark:- 
apply-cmvn --utt2spk=ark:data/train/split30/29/split30utt/29/utt2spk scp:data/train/split30/29/split30utt/29/cmvn.scp scp:data/train/split30/29/split30utt/29/feats.scp ark:- 
splice-feats --left-context=3 --right-context=3 ark:- ark:- 
LOG (apply-cmvn[5.5.208~1-b0fc0]:main():apply-cmvn.cc:162) Applied cepstral mean normalization to 4 utterances, errors on 0
MTXS0_SI1060 sil dh ey ix n hh ae v ix dx ix s iy cl k ax cl w er l vcl d s eh n er dx ao n vcl g ow cl k ow vcl d z ix n vcl g ow l vcl d f ow n epi s sil 
LOG (sgmm2-latgen-faster[5.5.208~1-b0fc0]:DecodeUtteranceLatticeFaster():decoder-wrappers.cc:289) Log-like per frame for utterance MTXS0_SI1060 is -9.12137 over 470 frames.
LOG (sgmm2-latgen-faster[5.5.208~1-b0fc0]:main():sgmm2-latgen-faster.cc:209) Log-like per frame for utterance MTXS0_SI1060 is -9.12137 over 470 frames.
MTXS0_SI1690 sil hh ey cl k ah m vcl b ae cl k hh iy sh aw dx ix vcl sil 
LOG (sgmm2-latgen-faster[5.5.208~1-b0fc0]:DecodeUtteranceLatticeFaster():decoder-wrappers.cc:289) Log-like per frame for utterance MTXS0_SI1690 is -9.08219 over 170 frames.
LOG (sgmm2-latgen-faster[5.5.208~1-b0fc0]:main():sgmm2-latgen-faster.cc:209) Log-like per frame for utterance MTXS0_SI1690 is -9.08219 over 170 frames.
LOG (transform-feats[5.5.208~1-b0fc0]:main():transform-feats.cc:158) Overall average [pseudo-]logdet is -88.6037 over 1510 frames.
LOG (transform-feats[5.5.208~1-b0fc0]:main():transform-feats.cc:161) Applied transform to 4 utterances; 0 had errors.
MTXS0_SI2320 sil dh ih s ix z vcl z ax s eh cl k ix cl y ih ix y uw m ah dh er z vcl d ow n ey dx ix vcl m ay f ih sh ix ng cl t ae cl k el cl t ax dh ax vcl b ix z aa r sil 
LOG (sgmm2-latgen-faster[5.5.208~1-b0fc0]:DecodeUtteranceLatticeFaster():decoder-wrappers.cc:289) Log-like per frame for utterance MTXS0_SI2320 is -9.37348 over 452 frames.
LOG (sgmm2-latgen-faster[5.5.208~1-b0fc0]:main():sgmm2-latgen-faster.cc:209) Log-like per frame for utterance MTXS0_SI2320 is -9.37348 over 452 frames.
LOG (transform-feats[5.5.208~1-b0fc0]:main():transform-feats.cc:158) Overall average logdet is 3.42089 over 1510 frames.
LOG (transform-feats[5.5.208~1-b0fc0]:main():transform-feats.cc:161) Applied transform to 4 utterances; 0 had errors.
MTXS0_SX160 sil eh z cl k ow w ao th ih z w ix cl p r ix z eh n eh dx aa r n uw vcl b uh cl k cl t ix dh ax hh ao dx iy ao dx iy ix n cl s sil 
LOG (sgmm2-latgen-faster[5.5.208~1-b0fc0]:DecodeUtteranceLatticeFaster():decoder-wrappers.cc:289) Log-like per frame for utterance MTXS0_SX160 is -9.31124 over 418 frames.
LOG (sgmm2-latgen-faster[5.5.208~1-b0fc0]:main():sgmm2-latgen-faster.cc:209) Log-like per frame for utterance MTXS0_SX160 is -9.31124 over 418 frames.
LOG (sgmm2-latgen-faster[5.5.208~1-b0fc0]:main():sgmm2-latgen-faster.cc:252) Time taken [excluding initialization] 15.2807s: real-time factor assuming 100 frames/sec is 1.01197
LOG (sgmm2-latgen-faster[5.5.208~1-b0fc0]:main():sgmm2-latgen-faster.cc:255) Done 4 utterances, failed for 0
LOG (sgmm2-latgen-faster[5.5.208~1-b0fc0]:main():sgmm2-latgen-faster.cc:257) Overall log-likelihood per frame = -9.24499 over 1510 frames.
WARNING (sgmm2-latgen-faster[5.5.208~1-b0fc0]:Close():kaldi-io.cc:515) Pipe gunzip -c exp/sgmm2_4_ali/gselect.29.gz| had nonzero return status 36096
# Accounting: time=17 threads=1
# Ended (code 0) at Wed Feb 27 15:53:31 +07 2019, elapsed time 17 seconds
