# sgmm2-latgen-faster --spk-vecs=ark:exp/sgmm2_4_ali/vecs.29 --utt2spk=ark:data/train/split30/29/utt2spk "--gselect=ark,s,cs:gunzip -c exp/sgmm2_4_ali/gselect.29.gz|" --beam=18.0 --lattice-beam=10.0 --acoustic-scale=0.2 --max-mem=20000000 --max-active=5000 --word-symbol-table=data/lang/words.txt exp/sgmm2_4_ali/final.mdl exp/sgmm2_4_denlats/dengraph/HCLG.fst "ark,s,cs:apply-cmvn --utt2spk=ark:data/train/split30/29/split30utt/13/utt2spk scp:data/train/split30/29/split30utt/13/cmvn.scp scp:data/train/split30/29/split30utt/13/feats.scp ark:- | splice-feats --left-context=3 --right-context=3 ark:- ark:- | transform-feats exp/sgmm2_4_ali/final.mat ark:- ark:- | transform-feats --utt2spk=ark:data/train/split30/29/split30utt/13/utt2spk ark:exp/tri3_ali/trans.29 ark:- ark:- |" "ark:|gzip -c >exp/sgmm2_4_denlats/lat.29.13.gz" 
# Started at Wed Feb 27 15:52:18 +07 2019
#
sgmm2-latgen-faster --spk-vecs=ark:exp/sgmm2_4_ali/vecs.29 --utt2spk=ark:data/train/split30/29/utt2spk '--gselect=ark,s,cs:gunzip -c exp/sgmm2_4_ali/gselect.29.gz|' --beam=18.0 --lattice-beam=10.0 --acoustic-scale=0.2 --max-mem=20000000 --max-active=5000 --word-symbol-table=data/lang/words.txt exp/sgmm2_4_ali/final.mdl exp/sgmm2_4_denlats/dengraph/HCLG.fst 'ark,s,cs:apply-cmvn --utt2spk=ark:data/train/split30/29/split30utt/13/utt2spk scp:data/train/split30/29/split30utt/13/cmvn.scp scp:data/train/split30/29/split30utt/13/feats.scp ark:- | splice-feats --left-context=3 --right-context=3 ark:- ark:- | transform-feats exp/sgmm2_4_ali/final.mat ark:- ark:- | transform-feats --utt2spk=ark:data/train/split30/29/split30utt/13/utt2spk ark:exp/tri3_ali/trans.29 ark:- ark:- |' 'ark:|gzip -c >exp/sgmm2_4_denlats/lat.29.13.gz' 
transform-feats --utt2spk=ark:data/train/split30/29/split30utt/13/utt2spk ark:exp/tri3_ali/trans.29 ark:- ark:- 
apply-cmvn --utt2spk=ark:data/train/split30/29/split30utt/13/utt2spk scp:data/train/split30/29/split30utt/13/cmvn.scp scp:data/train/split30/29/split30utt/13/feats.scp ark:- 
LOG (apply-cmvn[5.5.208~1-b0fc0]:main():apply-cmvn.cc:162) Applied cepstral mean normalization to 4 utterances, errors on 0
transform-feats exp/sgmm2_4_ali/final.mat ark:- ark:- 
splice-feats --left-context=3 --right-context=3 ark:- ark:- 
LOG (transform-feats[5.5.208~1-b0fc0]:main():transform-feats.cc:158) Overall average [pseudo-]logdet is -88.6037 over 1219 frames.
LOG (transform-feats[5.5.208~1-b0fc0]:main():transform-feats.cc:161) Applied transform to 4 utterances; 0 had errors.
MTPG0_SI1383 sil hh aw m ah cl ch ix n hh aw m ax n iy cl p r aa f ax cl s cl k ax dx ax m ax vcl jh ao er dx iy cl t ey cl k ae dx ah dh ax l ao s ix z ax v ax f y uw sil 
LOG (sgmm2-latgen-faster[5.5.208~1-b0fc0]:DecodeUtteranceLatticeFaster():decoder-wrappers.cc:289) Log-like per frame for utterance MTPG0_SI1383 is -9.2376 over 374 frames.
LOG (sgmm2-latgen-faster[5.5.208~1-b0fc0]:main():sgmm2-latgen-faster.cc:209) Log-like per frame for utterance MTPG0_SI1383 is -9.2376 over 374 frames.
MTPG0_SI2013 sil dh ix w er ao l r eh dx iy s epi w ow l ax n cl t ax vcl b er s cl t iy ng sil 
LOG (sgmm2-latgen-faster[5.5.208~1-b0fc0]:DecodeUtteranceLatticeFaster():decoder-wrappers.cc:289) Log-like per frame for utterance MTPG0_SI2013 is -8.75259 over 197 frames.
LOG (sgmm2-latgen-faster[5.5.208~1-b0fc0]:main():sgmm2-latgen-faster.cc:209) Log-like per frame for utterance MTPG0_SI2013 is -8.75259 over 197 frames.
LOG (transform-feats[5.5.208~1-b0fc0]:main():transform-feats.cc:158) Overall average logdet is 2.89626 over 1219 frames.
LOG (transform-feats[5.5.208~1-b0fc0]:main():transform-feats.cc:161) Applied transform to 4 utterances; 0 had errors.
MTPG0_SI753 sil m ey cl k ey cl p ey s ax vcl b r aw n sh er vcl er ix n m ah s cl t er dx ix n s cl p r eh dx l ay l ih ow v er s cl k ao r vcl s er f ax s sil 
LOG (sgmm2-latgen-faster[5.5.208~1-b0fc0]:DecodeUtteranceLatticeFaster():decoder-wrappers.cc:289) Log-like per frame for utterance MTPG0_SI753 is -8.77612 over 391 frames.
LOG (sgmm2-latgen-faster[5.5.208~1-b0fc0]:main():sgmm2-latgen-faster.cc:209) Log-like per frame for utterance MTPG0_SI753 is -8.77612 over 391 frames.
MTPG0_SX123 sil ey s cl k r uw vcl r ay v er ix z m ey f r m v aa vcl k eh n ao er n jh vcl jh uw s sil 
LOG (sgmm2-latgen-faster[5.5.208~1-b0fc0]:DecodeUtteranceLatticeFaster():decoder-wrappers.cc:289) Log-like per frame for utterance MTPG0_SX123 is -8.61471 over 257 frames.
LOG (sgmm2-latgen-faster[5.5.208~1-b0fc0]:main():sgmm2-latgen-faster.cc:209) Log-like per frame for utterance MTPG0_SX123 is -8.61471 over 257 frames.
LOG (sgmm2-latgen-faster[5.5.208~1-b0fc0]:main():sgmm2-latgen-faster.cc:252) Time taken [excluding initialization] 14.3667s: real-time factor assuming 100 frames/sec is 1.17856
LOG (sgmm2-latgen-faster[5.5.208~1-b0fc0]:main():sgmm2-latgen-faster.cc:255) Done 4 utterances, failed for 0
LOG (sgmm2-latgen-faster[5.5.208~1-b0fc0]:main():sgmm2-latgen-faster.cc:257) Overall log-likelihood per frame = -8.87988 over 1219 frames.
WARNING (sgmm2-latgen-faster[5.5.208~1-b0fc0]:Close():kaldi-io.cc:515) Pipe gunzip -c exp/sgmm2_4_ali/gselect.29.gz| had nonzero return status 36096
# Accounting: time=15 threads=1
# Ended (code 0) at Wed Feb 27 15:52:33 +07 2019, elapsed time 15 seconds
