# sgmm2-latgen-faster --spk-vecs=ark:exp/sgmm2_4_ali/vecs.29 --utt2spk=ark:data/train/split30/29/utt2spk "--gselect=ark,s,cs:gunzip -c exp/sgmm2_4_ali/gselect.29.gz|" --beam=18.0 --lattice-beam=10.0 --acoustic-scale=0.2 --max-mem=20000000 --max-active=5000 --word-symbol-table=data/lang/words.txt exp/sgmm2_4_ali/final.mdl exp/sgmm2_4_denlats/dengraph/HCLG.fst "ark,s,cs:apply-cmvn --utt2spk=ark:data/train/split30/29/split30utt/8/utt2spk scp:data/train/split30/29/split30utt/8/cmvn.scp scp:data/train/split30/29/split30utt/8/feats.scp ark:- | splice-feats --left-context=3 --right-context=3 ark:- ark:- | transform-feats exp/sgmm2_4_ali/final.mat ark:- ark:- | transform-feats --utt2spk=ark:data/train/split30/29/split30utt/8/utt2spk ark:exp/tri3_ali/trans.29 ark:- ark:- |" "ark:|gzip -c >exp/sgmm2_4_denlats/lat.29.8.gz" 
# Started at Wed Feb 27 15:51:55 +07 2019
#
sgmm2-latgen-faster --spk-vecs=ark:exp/sgmm2_4_ali/vecs.29 --utt2spk=ark:data/train/split30/29/utt2spk '--gselect=ark,s,cs:gunzip -c exp/sgmm2_4_ali/gselect.29.gz|' --beam=18.0 --lattice-beam=10.0 --acoustic-scale=0.2 --max-mem=20000000 --max-active=5000 --word-symbol-table=data/lang/words.txt exp/sgmm2_4_ali/final.mdl exp/sgmm2_4_denlats/dengraph/HCLG.fst 'ark,s,cs:apply-cmvn --utt2spk=ark:data/train/split30/29/split30utt/8/utt2spk scp:data/train/split30/29/split30utt/8/cmvn.scp scp:data/train/split30/29/split30utt/8/feats.scp ark:- | splice-feats --left-context=3 --right-context=3 ark:- ark:- | transform-feats exp/sgmm2_4_ali/final.mat ark:- ark:- | transform-feats --utt2spk=ark:data/train/split30/29/split30utt/8/utt2spk ark:exp/tri3_ali/trans.29 ark:- ark:- |' 'ark:|gzip -c >exp/sgmm2_4_denlats/lat.29.8.gz' 
splice-feats --left-context=3 --right-context=3 ark:- ark:- 
apply-cmvn --utt2spk=ark:data/train/split30/29/split30utt/8/utt2spk scp:data/train/split30/29/split30utt/8/cmvn.scp scp:data/train/split30/29/split30utt/8/feats.scp ark:- 
LOG (apply-cmvn[5.5.208~1-b0fc0]:main():apply-cmvn.cc:162) Applied cepstral mean normalization to 4 utterances, errors on 0
transform-feats exp/sgmm2_4_ali/final.mat ark:- ark:- 
transform-feats --utt2spk=ark:data/train/split30/29/split30utt/8/utt2spk ark:exp/tri3_ali/trans.29 ark:- ark:- 
LOG (transform-feats[5.5.208~1-b0fc0]:main():transform-feats.cc:158) Overall average [pseudo-]logdet is -88.6037 over 971 frames.
LOG (transform-feats[5.5.208~1-b0fc0]:main():transform-feats.cc:161) Applied transform to 4 utterances; 0 had errors.
MTMN0_SX254 d uw dh ey ax l aw ey th iy ix s cl t ix n cl ch er cl ch sil 
LOG (sgmm2-latgen-faster[5.5.208~1-b0fc0]:DecodeUtteranceLatticeFaster():decoder-wrappers.cc:289) Log-like per frame for utterance MTMN0_SX254 is -7.69167 over 220 frames.
LOG (sgmm2-latgen-faster[5.5.208~1-b0fc0]:main():sgmm2-latgen-faster.cc:209) Log-like per frame for utterance MTMN0_SX254 is -7.69167 over 220 frames.
MTMN0_SX344 sil ay n ow ay vcl d ih vcl en m iy hh er er l iy ix n ah f sil 
LOG (sgmm2-latgen-faster[5.5.208~1-b0fc0]:DecodeUtteranceLatticeFaster():decoder-wrappers.cc:289) Log-like per frame for utterance MTMN0_SX344 is -7.84876 over 216 frames.
LOG (sgmm2-latgen-faster[5.5.208~1-b0fc0]:main():sgmm2-latgen-faster.cc:209) Log-like per frame for utterance MTMN0_SX344 is -7.84876 over 216 frames.
LOG (transform-feats[5.5.208~1-b0fc0]:main():transform-feats.cc:158) Overall average logdet is 4.73072 over 971 frames.
LOG (transform-feats[5.5.208~1-b0fc0]:main():transform-feats.cc:161) Applied transform to 4 utterances; 0 had errors.
MTMN0_SX434 sil iy cl ch s cl t ae vcl g sh er l ix f ay n z ix vcl b ih vcl g f ao n sil 
LOG (sgmm2-latgen-faster[5.5.208~1-b0fc0]:DecodeUtteranceLatticeFaster():decoder-wrappers.cc:289) Log-like per frame for utterance MTMN0_SX434 is -8.46498 over 262 frames.
LOG (sgmm2-latgen-faster[5.5.208~1-b0fc0]:main():sgmm2-latgen-faster.cc:209) Log-like per frame for utterance MTMN0_SX434 is -8.46498 over 262 frames.
MTMN0_SX74 sil eh n ix f ih sh el vcl d eh vcl d l ay n cl k ix n aa b iy cl p ow s cl p ow n vcl d sil 
LOG (sgmm2-latgen-faster[5.5.208~1-b0fc0]:DecodeUtteranceLatticeFaster():decoder-wrappers.cc:289) Log-like per frame for utterance MTMN0_SX74 is -8.92878 over 273 frames.
LOG (sgmm2-latgen-faster[5.5.208~1-b0fc0]:main():sgmm2-latgen-faster.cc:209) Log-like per frame for utterance MTMN0_SX74 is -8.92878 over 273 frames.
LOG (sgmm2-latgen-faster[5.5.208~1-b0fc0]:main():sgmm2-latgen-faster.cc:252) Time taken [excluding initialization] 7.32633s: real-time factor assuming 100 frames/sec is 0.754514
LOG (sgmm2-latgen-faster[5.5.208~1-b0fc0]:main():sgmm2-latgen-faster.cc:255) Done 4 utterances, failed for 0
LOG (sgmm2-latgen-faster[5.5.208~1-b0fc0]:main():sgmm2-latgen-faster.cc:257) Overall log-likelihood per frame = -8.28309 over 971 frames.
WARNING (sgmm2-latgen-faster[5.5.208~1-b0fc0]:Close():kaldi-io.cc:515) Pipe gunzip -c exp/sgmm2_4_ali/gselect.29.gz| had nonzero return status 36096
# Accounting: time=8 threads=1
# Ended (code 0) at Wed Feb 27 15:52:03 +07 2019, elapsed time 8 seconds
