# sgmm2-latgen-faster --spk-vecs=ark:exp/sgmm2_4_ali/vecs.19 --utt2spk=ark:data/train/split30/19/utt2spk "--gselect=ark,s,cs:gunzip -c exp/sgmm2_4_ali/gselect.19.gz|" --beam=18.0 --lattice-beam=10.0 --acoustic-scale=0.2 --max-mem=20000000 --max-active=5000 --word-symbol-table=data/lang/words.txt exp/sgmm2_4_ali/final.mdl exp/sgmm2_4_denlats/dengraph/HCLG.fst "ark,s,cs:apply-cmvn --utt2spk=ark:data/train/split30/19/split30utt/30/utt2spk scp:data/train/split30/19/split30utt/30/cmvn.scp scp:data/train/split30/19/split30utt/30/feats.scp ark:- | splice-feats --left-context=3 --right-context=3 ark:- ark:- | transform-feats exp/sgmm2_4_ali/final.mat ark:- ark:- | transform-feats --utt2spk=ark:data/train/split30/19/split30utt/30/utt2spk ark:exp/tri3_ali/trans.19 ark:- ark:- |" "ark:|gzip -c >exp/sgmm2_4_denlats/lat.19.30.gz" 
# Started at Wed Feb 27 15:43:23 +07 2019
#
sgmm2-latgen-faster --spk-vecs=ark:exp/sgmm2_4_ali/vecs.19 --utt2spk=ark:data/train/split30/19/utt2spk '--gselect=ark,s,cs:gunzip -c exp/sgmm2_4_ali/gselect.19.gz|' --beam=18.0 --lattice-beam=10.0 --acoustic-scale=0.2 --max-mem=20000000 --max-active=5000 --word-symbol-table=data/lang/words.txt exp/sgmm2_4_ali/final.mdl exp/sgmm2_4_denlats/dengraph/HCLG.fst 'ark,s,cs:apply-cmvn --utt2spk=ark:data/train/split30/19/split30utt/30/utt2spk scp:data/train/split30/19/split30utt/30/cmvn.scp scp:data/train/split30/19/split30utt/30/feats.scp ark:- | splice-feats --left-context=3 --right-context=3 ark:- ark:- | transform-feats exp/sgmm2_4_ali/final.mat ark:- ark:- | transform-feats --utt2spk=ark:data/train/split30/19/split30utt/30/utt2spk ark:exp/tri3_ali/trans.19 ark:- ark:- |' 'ark:|gzip -c >exp/sgmm2_4_denlats/lat.19.30.gz' 
splice-feats --left-context=3 --right-context=3 ark:- ark:- 
transform-feats --utt2spk=ark:data/train/split30/19/split30utt/30/utt2spk ark:exp/tri3_ali/trans.19 ark:- ark:- 
apply-cmvn --utt2spk=ark:data/train/split30/19/split30utt/30/utt2spk scp:data/train/split30/19/split30utt/30/cmvn.scp scp:data/train/split30/19/split30utt/30/feats.scp ark:- 
transform-feats exp/sgmm2_4_ali/final.mat ark:- ark:- 
LOG (apply-cmvn[5.5.208~1-b0fc0]:main():apply-cmvn.cc:162) Applied cepstral mean normalization to 4 utterances, errors on 0
LOG (transform-feats[5.5.208~1-b0fc0]:main():transform-feats.cc:158) Overall average [pseudo-]logdet is -88.6037 over 1279 frames.
LOG (transform-feats[5.5.208~1-b0fc0]:main():transform-feats.cc:161) Applied transform to 4 utterances; 0 had errors.
MKDB0_SX242 sil m ey ay ao r dx er ix s cl t r ao vcl b er iy s ah n vcl d ey ae f cl t er ay iy cl d ih n er sil 
LOG (sgmm2-latgen-faster[5.5.208~1-b0fc0]:DecodeUtteranceLatticeFaster():decoder-wrappers.cc:289) Log-like per frame for utterance MKDB0_SX242 is -7.84691 over 314 frames.
LOG (sgmm2-latgen-faster[5.5.208~1-b0fc0]:main():sgmm2-latgen-faster.cc:209) Log-like per frame for utterance MKDB0_SX242 is -7.84691 over 314 frames.
MKDB0_SX332 sil t aa vcl p l ey s cl t aa cl p r ay ao er dx iy ao ng vcl g eh dx ix ng hh ix z vcl b ay cl k f eh cl k s cl t sil 
LOG (sgmm2-latgen-faster[5.5.208~1-b0fc0]:DecodeUtteranceLatticeFaster():decoder-wrappers.cc:289) Log-like per frame for utterance MKDB0_SX332 is -8.42476 over 319 frames.
LOG (sgmm2-latgen-faster[5.5.208~1-b0fc0]:main():sgmm2-latgen-faster.cc:209) Log-like per frame for utterance MKDB0_SX332 is -8.42476 over 319 frames.
LOG (transform-feats[5.5.208~1-b0fc0]:main():transform-feats.cc:158) Overall average logdet is 3.60495 over 1279 frames.
LOG (transform-feats[5.5.208~1-b0fc0]:main():transform-feats.cc:161) Applied transform to 4 utterances; 0 had errors.
MKDB0_SX422 sil w ah n cl ch uw f ih n ih sh vcl g r iy s ix ng y er cl ch ey n sil b iy sh er dx ax w aa sh th er ax l iy sil 
LOG (sgmm2-latgen-faster[5.5.208~1-b0fc0]:DecodeUtteranceLatticeFaster():decoder-wrappers.cc:289) Log-like per frame for utterance MKDB0_SX422 is -8.54116 over 373 frames.
LOG (sgmm2-latgen-faster[5.5.208~1-b0fc0]:main():sgmm2-latgen-faster.cc:209) Log-like per frame for utterance MKDB0_SX422 is -8.54116 over 373 frames.
MKDB0_SX62 sil eh n iy cl k aa n cl t er vcl b y uw sh ix n z epi w el vcl b iy vcl g r ey l iy ix cl p r iy sh iy ey dx ix vcl sil 
LOG (sgmm2-latgen-faster[5.5.208~1-b0fc0]:DecodeUtteranceLatticeFaster():decoder-wrappers.cc:289) Log-like per frame for utterance MKDB0_SX62 is -9.04372 over 273 frames.
LOG (sgmm2-latgen-faster[5.5.208~1-b0fc0]:main():sgmm2-latgen-faster.cc:209) Log-like per frame for utterance MKDB0_SX62 is -9.04372 over 273 frames.
LOG (sgmm2-latgen-faster[5.5.208~1-b0fc0]:main():sgmm2-latgen-faster.cc:252) Time taken [excluding initialization] 12.1077s: real-time factor assuming 100 frames/sec is 0.946651
LOG (sgmm2-latgen-faster[5.5.208~1-b0fc0]:main():sgmm2-latgen-faster.cc:255) Done 4 utterances, failed for 0
LOG (sgmm2-latgen-faster[5.5.208~1-b0fc0]:main():sgmm2-latgen-faster.cc:257) Overall log-likelihood per frame = -8.44896 over 1279 frames.
# Accounting: time=13 threads=1
# Ended (code 0) at Wed Feb 27 15:43:36 +07 2019, elapsed time 13 seconds
