# sgmm2-latgen-faster --spk-vecs=ark:exp/sgmm2_4_ali/vecs.19 --utt2spk=ark:data/train/split30/19/utt2spk "--gselect=ark,s,cs:gunzip -c exp/sgmm2_4_ali/gselect.19.gz|" --beam=18.0 --lattice-beam=10.0 --acoustic-scale=0.2 --max-mem=20000000 --max-active=5000 --word-symbol-table=data/lang/words.txt exp/sgmm2_4_ali/final.mdl exp/sgmm2_4_denlats/dengraph/HCLG.fst "ark,s,cs:apply-cmvn --utt2spk=ark:data/train/split30/19/split30utt/17/utt2spk scp:data/train/split30/19/split30utt/17/cmvn.scp scp:data/train/split30/19/split30utt/17/feats.scp ark:- | splice-feats --left-context=3 --right-context=3 ark:- ark:- | transform-feats exp/sgmm2_4_ali/final.mat ark:- ark:- | transform-feats --utt2spk=ark:data/train/split30/19/split30utt/17/utt2spk ark:exp/tri3_ali/trans.19 ark:- ark:- |" "ark:|gzip -c >exp/sgmm2_4_denlats/lat.19.17.gz" 
# Started at Wed Feb 27 15:42:35 +07 2019
#
sgmm2-latgen-faster --spk-vecs=ark:exp/sgmm2_4_ali/vecs.19 --utt2spk=ark:data/train/split30/19/utt2spk '--gselect=ark,s,cs:gunzip -c exp/sgmm2_4_ali/gselect.19.gz|' --beam=18.0 --lattice-beam=10.0 --acoustic-scale=0.2 --max-mem=20000000 --max-active=5000 --word-symbol-table=data/lang/words.txt exp/sgmm2_4_ali/final.mdl exp/sgmm2_4_denlats/dengraph/HCLG.fst 'ark,s,cs:apply-cmvn --utt2spk=ark:data/train/split30/19/split30utt/17/utt2spk scp:data/train/split30/19/split30utt/17/cmvn.scp scp:data/train/split30/19/split30utt/17/feats.scp ark:- | splice-feats --left-context=3 --right-context=3 ark:- ark:- | transform-feats exp/sgmm2_4_ali/final.mat ark:- ark:- | transform-feats --utt2spk=ark:data/train/split30/19/split30utt/17/utt2spk ark:exp/tri3_ali/trans.19 ark:- ark:- |' 'ark:|gzip -c >exp/sgmm2_4_denlats/lat.19.17.gz' 
apply-cmvn --utt2spk=ark:data/train/split30/19/split30utt/17/utt2spk scp:data/train/split30/19/split30utt/17/cmvn.scp scp:data/train/split30/19/split30utt/17/feats.scp ark:- 
LOG (apply-cmvn[5.5.208~1-b0fc0]:main():apply-cmvn.cc:162) Applied cepstral mean normalization to 4 utterances, errors on 0
transform-feats exp/sgmm2_4_ali/final.mat ark:- ark:- 
splice-feats --left-context=3 --right-context=3 ark:- ark:- 
transform-feats --utt2spk=ark:data/train/split30/19/split30utt/17/utt2spk ark:exp/tri3_ali/trans.19 ark:- ark:- 
LOG (transform-feats[5.5.208~1-b0fc0]:main():transform-feats.cc:158) Overall average [pseudo-]logdet is -88.6037 over 1120 frames.
LOG (transform-feats[5.5.208~1-b0fc0]:main():transform-feats.cc:161) Applied transform to 4 utterances; 0 had errors.
MJXA0_SI1507 sil dh ax w ao l z vcl b ow l vcl jh vcl dh ax f l ao r cl t r ah m vcl b el vcl d sil dh ax w ax n d ax cl p ey n z r ae dx l vcl d sil 
LOG (sgmm2-latgen-faster[5.5.208~1-b0fc0]:DecodeUtteranceLatticeFaster():decoder-wrappers.cc:289) Log-like per frame for utterance MJXA0_SI1507 is -8.91119 over 393 frames.
LOG (sgmm2-latgen-faster[5.5.208~1-b0fc0]:main():sgmm2-latgen-faster.cc:209) Log-like per frame for utterance MJXA0_SI1507 is -8.91119 over 393 frames.
MJXA0_SI2137 sil dh iy ay ih z ao l sil ih n w er dx er aw cl w er vcl sil 
LOG (sgmm2-latgen-faster[5.5.208~1-b0fc0]:DecodeUtteranceLatticeFaster():decoder-wrappers.cc:289) Log-like per frame for utterance MJXA0_SI2137 is -8.14148 over 258 frames.
LOG (sgmm2-latgen-faster[5.5.208~1-b0fc0]:main():sgmm2-latgen-faster.cc:209) Log-like per frame for utterance MJXA0_SI2137 is -8.14148 over 258 frames.
LOG (transform-feats[5.5.208~1-b0fc0]:main():transform-feats.cc:158) Overall average logdet is 2.10316 over 1120 frames.
LOG (transform-feats[5.5.208~1-b0fc0]:main():transform-feats.cc:161) Applied transform to 4 utterances; 0 had errors.
MJXA0_SI877 sil dh ax th ih vcl y er f aa v ix z ax m cl p ao r dx ix n ix n ix n sh er ax n cl t s sil 
LOG (sgmm2-latgen-faster[5.5.208~1-b0fc0]:DecodeUtteranceLatticeFaster():decoder-wrappers.cc:289) Log-like per frame for utterance MJXA0_SI877 is -8.74745 over 257 frames.
LOG (sgmm2-latgen-faster[5.5.208~1-b0fc0]:main():sgmm2-latgen-faster.cc:209) Log-like per frame for utterance MJXA0_SI877 is -8.74745 over 257 frames.
MJXA0_SX157 sil r ih m uw dh ix s cl p l ih n er w ax th cl p eh er cl t w iy z er z sil 
LOG (sgmm2-latgen-faster[5.5.208~1-b0fc0]:DecodeUtteranceLatticeFaster():decoder-wrappers.cc:289) Log-like per frame for utterance MJXA0_SX157 is -8.75258 over 212 frames.
LOG (sgmm2-latgen-faster[5.5.208~1-b0fc0]:main():sgmm2-latgen-faster.cc:209) Log-like per frame for utterance MJXA0_SX157 is -8.75258 over 212 frames.
LOG (sgmm2-latgen-faster[5.5.208~1-b0fc0]:main():sgmm2-latgen-faster.cc:252) Time taken [excluding initialization] 12.5152s: real-time factor assuming 100 frames/sec is 1.11743
LOG (sgmm2-latgen-faster[5.5.208~1-b0fc0]:main():sgmm2-latgen-faster.cc:255) Done 4 utterances, failed for 0
LOG (sgmm2-latgen-faster[5.5.208~1-b0fc0]:main():sgmm2-latgen-faster.cc:257) Overall log-likelihood per frame = -8.66629 over 1120 frames.
WARNING (sgmm2-latgen-faster[5.5.208~1-b0fc0]:Close():kaldi-io.cc:515) Pipe gunzip -c exp/sgmm2_4_ali/gselect.19.gz| had nonzero return status 36096
# Accounting: time=14 threads=1
# Ended (code 0) at Wed Feb 27 15:42:49 +07 2019, elapsed time 14 seconds
