# sgmm2-latgen-faster --spk-vecs=ark:exp/sgmm2_4_ali/vecs.19 --utt2spk=ark:data/train/split30/19/utt2spk "--gselect=ark,s,cs:gunzip -c exp/sgmm2_4_ali/gselect.19.gz|" --beam=18.0 --lattice-beam=10.0 --acoustic-scale=0.2 --max-mem=20000000 --max-active=5000 --word-symbol-table=data/lang/words.txt exp/sgmm2_4_ali/final.mdl exp/sgmm2_4_denlats/dengraph/HCLG.fst "ark,s,cs:apply-cmvn --utt2spk=ark:data/train/split30/19/split30utt/24/utt2spk scp:data/train/split30/19/split30utt/24/cmvn.scp scp:data/train/split30/19/split30utt/24/feats.scp ark:- | splice-feats --left-context=3 --right-context=3 ark:- ark:- | transform-feats exp/sgmm2_4_ali/final.mat ark:- ark:- | transform-feats --utt2spk=ark:data/train/split30/19/split30utt/24/utt2spk ark:exp/tri3_ali/trans.19 ark:- ark:- |" "ark:|gzip -c >exp/sgmm2_4_denlats/lat.19.24.gz" 
# Started at Wed Feb 27 15:43:00 +07 2019
#
sgmm2-latgen-faster --spk-vecs=ark:exp/sgmm2_4_ali/vecs.19 --utt2spk=ark:data/train/split30/19/utt2spk '--gselect=ark,s,cs:gunzip -c exp/sgmm2_4_ali/gselect.19.gz|' --beam=18.0 --lattice-beam=10.0 --acoustic-scale=0.2 --max-mem=20000000 --max-active=5000 --word-symbol-table=data/lang/words.txt exp/sgmm2_4_ali/final.mdl exp/sgmm2_4_denlats/dengraph/HCLG.fst 'ark,s,cs:apply-cmvn --utt2spk=ark:data/train/split30/19/split30utt/24/utt2spk scp:data/train/split30/19/split30utt/24/cmvn.scp scp:data/train/split30/19/split30utt/24/feats.scp ark:- | splice-feats --left-context=3 --right-context=3 ark:- ark:- | transform-feats exp/sgmm2_4_ali/final.mat ark:- ark:- | transform-feats --utt2spk=ark:data/train/split30/19/split30utt/24/utt2spk ark:exp/tri3_ali/trans.19 ark:- ark:- |' 'ark:|gzip -c >exp/sgmm2_4_denlats/lat.19.24.gz' 
transform-feats --utt2spk=ark:data/train/split30/19/split30utt/24/utt2spk ark:exp/tri3_ali/trans.19 ark:- ark:- 
transform-feats exp/sgmm2_4_ali/final.mat ark:- ark:- 
apply-cmvn --utt2spk=ark:data/train/split30/19/split30utt/24/utt2spk scp:data/train/split30/19/split30utt/24/cmvn.scp scp:data/train/split30/19/split30utt/24/feats.scp ark:- 
LOG (apply-cmvn[5.5.208~1-b0fc0]:main():apply-cmvn.cc:162) Applied cepstral mean normalization to 4 utterances, errors on 0
splice-feats --left-context=3 --right-context=3 ark:- ark:- 
LOG (transform-feats[5.5.208~1-b0fc0]:main():transform-feats.cc:158) Overall average [pseudo-]logdet is -88.6037 over 1222 frames.
LOG (transform-feats[5.5.208~1-b0fc0]:main():transform-feats.cc:161) Applied transform to 4 utterances; 0 had errors.
MKAH0_SX268 sil dh ih vcl jh ao aa cl p er ey cl s vcl b ay y uw z iy ng ix n cl t ae vcl ix n ih s cl t ix cl k m ah s el s sil 
LOG (sgmm2-latgen-faster[5.5.208~1-b0fc0]:DecodeUtteranceLatticeFaster():decoder-wrappers.cc:289) Log-like per frame for utterance MKAH0_SX268 is -9.48144 over 322 frames.
LOG (sgmm2-latgen-faster[5.5.208~1-b0fc0]:main():sgmm2-latgen-faster.cc:209) Log-like per frame for utterance MKAH0_SX268 is -9.48144 over 322 frames.
MKAH0_SX358 sil jh ao r vcl s eh l dx ax m w aa cl ch ax z vcl d ey cl t ay m uw v iy s sil 
LOG (sgmm2-latgen-faster[5.5.208~1-b0fc0]:DecodeUtteranceLatticeFaster():decoder-wrappers.cc:289) Log-like per frame for utterance MKAH0_SX358 is -8.47205 over 264 frames.
LOG (sgmm2-latgen-faster[5.5.208~1-b0fc0]:main():sgmm2-latgen-faster.cc:209) Log-like per frame for utterance MKAH0_SX358 is -8.47205 over 264 frames.
LOG (transform-feats[5.5.208~1-b0fc0]:main():transform-feats.cc:158) Overall average logdet is 2.99253 over 1222 frames.
LOG (transform-feats[5.5.208~1-b0fc0]:main():transform-feats.cc:161) Applied transform to 4 utterances; 0 had errors.
MKAH0_SX448 sil s f ih r ah cl k el vcl g ih f s aa r vcl d ix f ax cl k el cl t ax r ae cl p sil 
LOG (sgmm2-latgen-faster[5.5.208~1-b0fc0]:DecodeUtteranceLatticeFaster():decoder-wrappers.cc:289) Log-like per frame for utterance MKAH0_SX448 is -9.66216 over 276 frames.
LOG (sgmm2-latgen-faster[5.5.208~1-b0fc0]:main():sgmm2-latgen-faster.cc:209) Log-like per frame for utterance MKAH0_SX448 is -9.66216 over 276 frames.
MKAH0_SX88 sil f l ay ng s cl t ae n vcl b ay cl k m vcl b iy cl p r ae cl t ix cl k el ix th y uw w aa n cl t ix s ey v m ah n iy sil 
LOG (sgmm2-latgen-faster[5.5.208~1-b0fc0]:DecodeUtteranceLatticeFaster():decoder-wrappers.cc:289) Log-like per frame for utterance MKAH0_SX88 is -9.37587 over 360 frames.
LOG (sgmm2-latgen-faster[5.5.208~1-b0fc0]:main():sgmm2-latgen-faster.cc:209) Log-like per frame for utterance MKAH0_SX88 is -9.37587 over 360 frames.
LOG (sgmm2-latgen-faster[5.5.208~1-b0fc0]:main():sgmm2-latgen-faster.cc:252) Time taken [excluding initialization] 14.5456s: real-time factor assuming 100 frames/sec is 1.19031
LOG (sgmm2-latgen-faster[5.5.208~1-b0fc0]:main():sgmm2-latgen-faster.cc:255) Done 4 utterances, failed for 0
LOG (sgmm2-latgen-faster[5.5.208~1-b0fc0]:main():sgmm2-latgen-faster.cc:257) Overall log-likelihood per frame = -9.27309 over 1222 frames.
WARNING (sgmm2-latgen-faster[5.5.208~1-b0fc0]:Close():kaldi-io.cc:515) Pipe gunzip -c exp/sgmm2_4_ali/gselect.19.gz| had nonzero return status 36096
# Accounting: time=15 threads=1
# Ended (code 0) at Wed Feb 27 15:43:15 +07 2019, elapsed time 15 seconds
