# sgmm2-latgen-faster --spk-vecs=ark:exp/sgmm2_4_ali/vecs.19 --utt2spk=ark:data/train/split30/19/utt2spk "--gselect=ark,s,cs:gunzip -c exp/sgmm2_4_ali/gselect.19.gz|" --beam=18.0 --lattice-beam=10.0 --acoustic-scale=0.2 --max-mem=20000000 --max-active=5000 --word-symbol-table=data/lang/words.txt exp/sgmm2_4_ali/final.mdl exp/sgmm2_4_denlats/dengraph/HCLG.fst "ark,s,cs:apply-cmvn --utt2spk=ark:data/train/split30/19/split30utt/18/utt2spk scp:data/train/split30/19/split30utt/18/cmvn.scp scp:data/train/split30/19/split30utt/18/feats.scp ark:- | splice-feats --left-context=3 --right-context=3 ark:- ark:- | transform-feats exp/sgmm2_4_ali/final.mat ark:- ark:- | transform-feats --utt2spk=ark:data/train/split30/19/split30utt/18/utt2spk ark:exp/tri3_ali/trans.19 ark:- ark:- |" "ark:|gzip -c >exp/sgmm2_4_denlats/lat.19.18.gz" 
# Started at Wed Feb 27 15:42:41 +07 2019
#
sgmm2-latgen-faster --spk-vecs=ark:exp/sgmm2_4_ali/vecs.19 --utt2spk=ark:data/train/split30/19/utt2spk '--gselect=ark,s,cs:gunzip -c exp/sgmm2_4_ali/gselect.19.gz|' --beam=18.0 --lattice-beam=10.0 --acoustic-scale=0.2 --max-mem=20000000 --max-active=5000 --word-symbol-table=data/lang/words.txt exp/sgmm2_4_ali/final.mdl exp/sgmm2_4_denlats/dengraph/HCLG.fst 'ark,s,cs:apply-cmvn --utt2spk=ark:data/train/split30/19/split30utt/18/utt2spk scp:data/train/split30/19/split30utt/18/cmvn.scp scp:data/train/split30/19/split30utt/18/feats.scp ark:- | splice-feats --left-context=3 --right-context=3 ark:- ark:- | transform-feats exp/sgmm2_4_ali/final.mat ark:- ark:- | transform-feats --utt2spk=ark:data/train/split30/19/split30utt/18/utt2spk ark:exp/tri3_ali/trans.19 ark:- ark:- |' 'ark:|gzip -c >exp/sgmm2_4_denlats/lat.19.18.gz' 
transform-feats exp/sgmm2_4_ali/final.mat ark:- ark:- 
transform-feats --utt2spk=ark:data/train/split30/19/split30utt/18/utt2spk ark:exp/tri3_ali/trans.19 ark:- ark:- 
apply-cmvn --utt2spk=ark:data/train/split30/19/split30utt/18/utt2spk scp:data/train/split30/19/split30utt/18/cmvn.scp scp:data/train/split30/19/split30utt/18/feats.scp ark:- 
LOG (apply-cmvn[5.5.208~1-b0fc0]:main():apply-cmvn.cc:162) Applied cepstral mean normalization to 4 utterances, errors on 0
splice-feats --left-context=3 --right-context=3 ark:- ark:- 
LOG (transform-feats[5.5.208~1-b0fc0]:main():transform-feats.cc:158) Overall average [pseudo-]logdet is -88.6037 over 1150 frames.
LOG (transform-feats[5.5.208~1-b0fc0]:main():transform-feats.cc:161) Applied transform to 4 utterances; 0 had errors.
MJXA0_SX247 sil dh ax s ih vcl er eh cl s ix n dh ax cl k l ey ae sh cl t r ey ow v er f l ow dx ao n cl t uw dh iy ow cl t ey vcl b el sil 
LOG (sgmm2-latgen-faster[5.5.208~1-b0fc0]:DecodeUtteranceLatticeFaster():decoder-wrappers.cc:289) Log-like per frame for utterance MJXA0_SX247 is -8.74133 over 366 frames.
LOG (sgmm2-latgen-faster[5.5.208~1-b0fc0]:main():sgmm2-latgen-faster.cc:209) Log-like per frame for utterance MJXA0_SX247 is -8.74133 over 366 frames.
MJXA0_SX337 sil b aa vcl b ae n ix vcl jh vcl b ow th epi w uw n z w ix dh s cl k ix l ax v ax vcl d aa cl t er sil 
LOG (sgmm2-latgen-faster[5.5.208~1-b0fc0]:DecodeUtteranceLatticeFaster():decoder-wrappers.cc:289) Log-like per frame for utterance MJXA0_SX337 is -9.41673 over 261 frames.
LOG (sgmm2-latgen-faster[5.5.208~1-b0fc0]:main():sgmm2-latgen-faster.cc:209) Log-like per frame for utterance MJXA0_SX337 is -9.41673 over 261 frames.
LOG (transform-feats[5.5.208~1-b0fc0]:main():transform-feats.cc:158) Overall average logdet is 2.10316 over 1150 frames.
LOG (transform-feats[5.5.208~1-b0fc0]:main():transform-feats.cc:161) Applied transform to 4 utterances; 0 had errors.
MJXA0_SX427 sil eh v r iy cl k ae vcl n iy vcl t r iy cl p ey en ao f cl t en sil 
LOG (sgmm2-latgen-faster[5.5.208~1-b0fc0]:DecodeUtteranceLatticeFaster():decoder-wrappers.cc:289) Log-like per frame for utterance MJXA0_SX427 is -8.83968 over 218 frames.
LOG (sgmm2-latgen-faster[5.5.208~1-b0fc0]:main():sgmm2-latgen-faster.cc:209) Log-like per frame for utterance MJXA0_SX427 is -8.83968 over 218 frames.
MJXA0_SX67 sil l ae s cl ch ih er z vcl g ae sh ao r dx ix vcl jh cl k ao s cl t iy cl p r ay s ix n cl k r iy s ix s sil 
LOG (sgmm2-latgen-faster[5.5.208~1-b0fc0]:DecodeUtteranceLatticeFaster():decoder-wrappers.cc:289) Log-like per frame for utterance MJXA0_SX67 is -9.10398 over 305 frames.
LOG (sgmm2-latgen-faster[5.5.208~1-b0fc0]:main():sgmm2-latgen-faster.cc:209) Log-like per frame for utterance MJXA0_SX67 is -9.10398 over 305 frames.
LOG (sgmm2-latgen-faster[5.5.208~1-b0fc0]:main():sgmm2-latgen-faster.cc:252) Time taken [excluding initialization] 12.7416s: real-time factor assuming 100 frames/sec is 1.10796
LOG (sgmm2-latgen-faster[5.5.208~1-b0fc0]:main():sgmm2-latgen-faster.cc:255) Done 4 utterances, failed for 0
LOG (sgmm2-latgen-faster[5.5.208~1-b0fc0]:main():sgmm2-latgen-faster.cc:257) Overall log-likelihood per frame = -9.00944 over 1150 frames.
WARNING (sgmm2-latgen-faster[5.5.208~1-b0fc0]:Close():kaldi-io.cc:515) Pipe gunzip -c exp/sgmm2_4_ali/gselect.19.gz| had nonzero return status 36096
# Accounting: time=14 threads=1
# Ended (code 0) at Wed Feb 27 15:42:55 +07 2019, elapsed time 14 seconds
