# sgmm2-latgen-faster --spk-vecs=ark:exp/sgmm2_4_ali/vecs.5 --utt2spk=ark:data/train/split30/5/utt2spk "--gselect=ark,s,cs:gunzip -c exp/sgmm2_4_ali/gselect.5.gz|" --beam=18.0 --lattice-beam=10.0 --acoustic-scale=0.2 --max-mem=20000000 --max-active=5000 --word-symbol-table=data/lang/words.txt exp/sgmm2_4_ali/final.mdl exp/sgmm2_4_denlats/dengraph/HCLG.fst "ark,s,cs:apply-cmvn --utt2spk=ark:data/train/split30/5/split30utt/18/utt2spk scp:data/train/split30/5/split30utt/18/cmvn.scp scp:data/train/split30/5/split30utt/18/feats.scp ark:- | splice-feats --left-context=3 --right-context=3 ark:- ark:- | transform-feats exp/sgmm2_4_ali/final.mat ark:- ark:- | transform-feats --utt2spk=ark:data/train/split30/5/split30utt/18/utt2spk ark:exp/tri3_ali/trans.5 ark:- ark:- |" "ark:|gzip -c >exp/sgmm2_4_denlats/lat.5.18.gz" 
# Started at Wed Feb 27 15:29:19 +07 2019
#
sgmm2-latgen-faster --spk-vecs=ark:exp/sgmm2_4_ali/vecs.5 --utt2spk=ark:data/train/split30/5/utt2spk '--gselect=ark,s,cs:gunzip -c exp/sgmm2_4_ali/gselect.5.gz|' --beam=18.0 --lattice-beam=10.0 --acoustic-scale=0.2 --max-mem=20000000 --max-active=5000 --word-symbol-table=data/lang/words.txt exp/sgmm2_4_ali/final.mdl exp/sgmm2_4_denlats/dengraph/HCLG.fst 'ark,s,cs:apply-cmvn --utt2spk=ark:data/train/split30/5/split30utt/18/utt2spk scp:data/train/split30/5/split30utt/18/cmvn.scp scp:data/train/split30/5/split30utt/18/feats.scp ark:- | splice-feats --left-context=3 --right-context=3 ark:- ark:- | transform-feats exp/sgmm2_4_ali/final.mat ark:- ark:- | transform-feats --utt2spk=ark:data/train/split30/5/split30utt/18/utt2spk ark:exp/tri3_ali/trans.5 ark:- ark:- |' 'ark:|gzip -c >exp/sgmm2_4_denlats/lat.5.18.gz' 
transform-feats exp/sgmm2_4_ali/final.mat ark:- ark:- 
transform-feats --utt2spk=ark:data/train/split30/5/split30utt/18/utt2spk ark:exp/tri3_ali/trans.5 ark:- ark:- 
splice-feats --left-context=3 --right-context=3 ark:- ark:- 
apply-cmvn --utt2spk=ark:data/train/split30/5/split30utt/18/utt2spk scp:data/train/split30/5/split30utt/18/cmvn.scp scp:data/train/split30/5/split30utt/18/feats.scp ark:- 
LOG (apply-cmvn[5.5.208~1-b0fc0]:main():apply-cmvn.cc:162) Applied cepstral mean normalization to 4 utterances, errors on 0
LOG (transform-feats[5.5.208~1-b0fc0]:main():transform-feats.cc:158) Overall average [pseudo-]logdet is -88.6037 over 1280 frames.
LOG (transform-feats[5.5.208~1-b0fc0]:main():transform-feats.cc:161) Applied transform to 4 utterances; 0 had errors.
FLAG0_SX204 sil sil iy v ix n ay ix cl k ey zh en l iy vcl g eh cl dh ax m ah n vcl d ey vcl b l uw s sil 
LOG (sgmm2-latgen-faster[5.5.208~1-b0fc0]:DecodeUtteranceLatticeFaster():decoder-wrappers.cc:289) Log-like per frame for utterance FLAG0_SX204 is -8.24158 over 334 frames.
LOG (sgmm2-latgen-faster[5.5.208~1-b0fc0]:main():sgmm2-latgen-faster.cc:209) Log-like per frame for utterance FLAG0_SX204 is -8.24158 over 334 frames.
FLAG0_SX24 sil sil ao l dh ow ow ih z ax l ow n w iy s er v ay v sil 
LOG (sgmm2-latgen-faster[5.5.208~1-b0fc0]:DecodeUtteranceLatticeFaster():decoder-wrappers.cc:289) Log-like per frame for utterance FLAG0_SX24 is -8.03833 over 287 frames.
LOG (sgmm2-latgen-faster[5.5.208~1-b0fc0]:main():sgmm2-latgen-faster.cc:209) Log-like per frame for utterance FLAG0_SX24 is -8.03833 over 287 frames.
LOG (transform-feats[5.5.208~1-b0fc0]:main():transform-feats.cc:158) Overall average logdet is 1.00757 over 1280 frames.
LOG (transform-feats[5.5.208~1-b0fc0]:main():transform-feats.cc:161) Applied transform to 4 utterances; 0 had errors.
FLAG0_SX294 sil sil sh uh vcl jh er r ae f s vcl b iy cl k eh cl t ix n s epi m ao l z uw s sil 
LOG (sgmm2-latgen-faster[5.5.208~1-b0fc0]:DecodeUtteranceLatticeFaster():decoder-wrappers.cc:289) Log-like per frame for utterance FLAG0_SX294 is -8.71313 over 342 frames.
LOG (sgmm2-latgen-faster[5.5.208~1-b0fc0]:main():sgmm2-latgen-faster.cc:209) Log-like per frame for utterance FLAG0_SX294 is -8.71313 over 342 frames.
FLAG0_SX384 sil p l iy z sh ao r en dh ix s cl k er cl f er vcl jh oy s sil 
LOG (sgmm2-latgen-faster[5.5.208~1-b0fc0]:DecodeUtteranceLatticeFaster():decoder-wrappers.cc:289) Log-like per frame for utterance FLAG0_SX384 is -8.03245 over 317 frames.
LOG (sgmm2-latgen-faster[5.5.208~1-b0fc0]:main():sgmm2-latgen-faster.cc:209) Log-like per frame for utterance FLAG0_SX384 is -8.03245 over 317 frames.
LOG (sgmm2-latgen-faster[5.5.208~1-b0fc0]:main():sgmm2-latgen-faster.cc:252) Time taken [excluding initialization] 14.374s: real-time factor assuming 100 frames/sec is 1.12297
LOG (sgmm2-latgen-faster[5.5.208~1-b0fc0]:main():sgmm2-latgen-faster.cc:255) Done 4 utterances, failed for 0
LOG (sgmm2-latgen-faster[5.5.208~1-b0fc0]:main():sgmm2-latgen-faster.cc:257) Overall log-likelihood per frame = -8.27021 over 1280 frames.
WARNING (sgmm2-latgen-faster[5.5.208~1-b0fc0]:Close():kaldi-io.cc:515) Pipe gunzip -c exp/sgmm2_4_ali/gselect.5.gz| had nonzero return status 36096
# Accounting: time=15 threads=1
# Ended (code 0) at Wed Feb 27 15:29:34 +07 2019, elapsed time 15 seconds
