# sgmm2-latgen-faster --spk-vecs=ark:exp/sgmm2_4_ali/vecs.5 --utt2spk=ark:data/train/split30/5/utt2spk "--gselect=ark,s,cs:gunzip -c exp/sgmm2_4_ali/gselect.5.gz|" --beam=18.0 --lattice-beam=10.0 --acoustic-scale=0.2 --max-mem=20000000 --max-active=5000 --word-symbol-table=data/lang/words.txt exp/sgmm2_4_ali/final.mdl exp/sgmm2_4_denlats/dengraph/HCLG.fst "ark,s,cs:apply-cmvn --utt2spk=ark:data/train/split30/5/split30utt/10/utt2spk scp:data/train/split30/5/split30utt/10/cmvn.scp scp:data/train/split30/5/split30utt/10/feats.scp ark:- | splice-feats --left-context=3 --right-context=3 ark:- ark:- | transform-feats exp/sgmm2_4_ali/final.mat ark:- ark:- | transform-feats --utt2spk=ark:data/train/split30/5/split30utt/10/utt2spk ark:exp/tri3_ali/trans.5 ark:- ark:- |" "ark:|gzip -c >exp/sgmm2_4_denlats/lat.5.10.gz" 
# Started at Wed Feb 27 15:28:49 +07 2019
#
sgmm2-latgen-faster --spk-vecs=ark:exp/sgmm2_4_ali/vecs.5 --utt2spk=ark:data/train/split30/5/utt2spk '--gselect=ark,s,cs:gunzip -c exp/sgmm2_4_ali/gselect.5.gz|' --beam=18.0 --lattice-beam=10.0 --acoustic-scale=0.2 --max-mem=20000000 --max-active=5000 --word-symbol-table=data/lang/words.txt exp/sgmm2_4_ali/final.mdl exp/sgmm2_4_denlats/dengraph/HCLG.fst 'ark,s,cs:apply-cmvn --utt2spk=ark:data/train/split30/5/split30utt/10/utt2spk scp:data/train/split30/5/split30utt/10/cmvn.scp scp:data/train/split30/5/split30utt/10/feats.scp ark:- | splice-feats --left-context=3 --right-context=3 ark:- ark:- | transform-feats exp/sgmm2_4_ali/final.mat ark:- ark:- | transform-feats --utt2spk=ark:data/train/split30/5/split30utt/10/utt2spk ark:exp/tri3_ali/trans.5 ark:- ark:- |' 'ark:|gzip -c >exp/sgmm2_4_denlats/lat.5.10.gz' 
apply-cmvn --utt2spk=ark:data/train/split30/5/split30utt/10/utt2spk scp:data/train/split30/5/split30utt/10/cmvn.scp scp:data/train/split30/5/split30utt/10/feats.scp ark:- 
splice-feats --left-context=3 --right-context=3 ark:- ark:- 
transform-feats --utt2spk=ark:data/train/split30/5/split30utt/10/utt2spk ark:exp/tri3_ali/trans.5 ark:- ark:- 
LOG (apply-cmvn[5.5.208~1-b0fc0]:main():apply-cmvn.cc:162) Applied cepstral mean normalization to 4 utterances, errors on 0
transform-feats exp/sgmm2_4_ali/final.mat ark:- ark:- 
LOG (transform-feats[5.5.208~1-b0fc0]:main():transform-feats.cc:158) Overall average [pseudo-]logdet is -88.6037 over 1344 frames.
LOG (transform-feats[5.5.208~1-b0fc0]:main():transform-feats.cc:161) Applied transform to 4 utterances; 0 had errors.
FKLC1_SX238 sil ah vcl d aa cl t ix w ax z ix n iy ae m vcl b y el n cl s epi w ax cl dh ix cl p ey sh ix n cl sil 
LOG (sgmm2-latgen-faster[5.5.208~1-b0fc0]:DecodeUtteranceLatticeFaster():decoder-wrappers.cc:289) Log-like per frame for utterance FKLC1_SX238 is -8.84301 over 270 frames.
LOG (sgmm2-latgen-faster[5.5.208~1-b0fc0]:main():sgmm2-latgen-faster.cc:209) Log-like per frame for utterance FKLC1_SX238 is -8.84301 over 270 frames.
FKLC1_SX328 sil g r ih vcl g r iy ih n cl t aa m cl ch ow z cl t ax w aa cl ch cl k aa r cl t uw n z ix n ih ae f cl t ix n uw n sil 
LOG (sgmm2-latgen-faster[5.5.208~1-b0fc0]:DecodeUtteranceLatticeFaster():decoder-wrappers.cc:289) Log-like per frame for utterance FKLC1_SX328 is -8.72171 over 328 frames.
LOG (sgmm2-latgen-faster[5.5.208~1-b0fc0]:main():sgmm2-latgen-faster.cc:209) Log-like per frame for utterance FKLC1_SX328 is -8.72171 over 328 frames.
LOG (transform-feats[5.5.208~1-b0fc0]:main():transform-feats.cc:158) Overall average logdet is 5.02891 over 1344 frames.
LOG (transform-feats[5.5.208~1-b0fc0]:main():transform-feats.cc:161) Applied transform to 4 utterances; 0 had errors.
FKLC1_SX418 sil ay r ih s th ih ng k s dh ih s uw hh ae z ix l eh v ix n s cl p ae n ix sh sil z iy vcl b r ah z sil 
LOG (sgmm2-latgen-faster[5.5.208~1-b0fc0]:DecodeUtteranceLatticeFaster():decoder-wrappers.cc:289) Log-like per frame for utterance FKLC1_SX418 is -8.90899 over 351 frames.
LOG (sgmm2-latgen-faster[5.5.208~1-b0fc0]:main():sgmm2-latgen-faster.cc:209) Log-like per frame for utterance FKLC1_SX418 is -8.90899 over 351 frames.
FKLC1_SX58 sil w iy ix cl k s cl p ih r iy ix n s cl t ix s cl t r eh s eh n epi f ah s cl t r ey sh ix n ah vcl t ey n ih ng aw vcl d ix vcl g r iy z sil 
LOG (sgmm2-latgen-faster[5.5.208~1-b0fc0]:DecodeUtteranceLatticeFaster():decoder-wrappers.cc:289) Log-like per frame for utterance FKLC1_SX58 is -8.57944 over 395 frames.
LOG (sgmm2-latgen-faster[5.5.208~1-b0fc0]:main():sgmm2-latgen-faster.cc:209) Log-like per frame for utterance FKLC1_SX58 is -8.57944 over 395 frames.
LOG (sgmm2-latgen-faster[5.5.208~1-b0fc0]:main():sgmm2-latgen-faster.cc:252) Time taken [excluding initialization] 15.382s: real-time factor assuming 100 frames/sec is 1.14449
LOG (sgmm2-latgen-faster[5.5.208~1-b0fc0]:main():sgmm2-latgen-faster.cc:255) Done 4 utterances, failed for 0
LOG (sgmm2-latgen-faster[5.5.208~1-b0fc0]:main():sgmm2-latgen-faster.cc:257) Overall log-likelihood per frame = -8.75318 over 1344 frames.
WARNING (sgmm2-latgen-faster[5.5.208~1-b0fc0]:Close():kaldi-io.cc:515) Pipe gunzip -c exp/sgmm2_4_ali/gselect.5.gz| had nonzero return status 36096
# Accounting: time=16 threads=1
# Ended (code 0) at Wed Feb 27 15:29:05 +07 2019, elapsed time 16 seconds
