# sgmm2-latgen-faster --spk-vecs=ark:exp/sgmm2_4_ali/vecs.5 --utt2spk=ark:data/train/split30/5/utt2spk "--gselect=ark,s,cs:gunzip -c exp/sgmm2_4_ali/gselect.5.gz|" --beam=18.0 --lattice-beam=10.0 --acoustic-scale=0.2 --max-mem=20000000 --max-active=5000 --word-symbol-table=data/lang/words.txt exp/sgmm2_4_ali/final.mdl exp/sgmm2_4_denlats/dengraph/HCLG.fst "ark,s,cs:apply-cmvn --utt2spk=ark:data/train/split30/5/split30utt/20/utt2spk scp:data/train/split30/5/split30utt/20/cmvn.scp scp:data/train/split30/5/split30utt/20/feats.scp ark:- | splice-feats --left-context=3 --right-context=3 ark:- ark:- | transform-feats exp/sgmm2_4_ali/final.mat ark:- ark:- | transform-feats --utt2spk=ark:data/train/split30/5/split30utt/20/utt2spk ark:exp/tri3_ali/trans.5 ark:- ark:- |" "ark:|gzip -c >exp/sgmm2_4_denlats/lat.5.20.gz" 
# Started at Wed Feb 27 15:29:23 +07 2019
#
sgmm2-latgen-faster --spk-vecs=ark:exp/sgmm2_4_ali/vecs.5 --utt2spk=ark:data/train/split30/5/utt2spk '--gselect=ark,s,cs:gunzip -c exp/sgmm2_4_ali/gselect.5.gz|' --beam=18.0 --lattice-beam=10.0 --acoustic-scale=0.2 --max-mem=20000000 --max-active=5000 --word-symbol-table=data/lang/words.txt exp/sgmm2_4_ali/final.mdl exp/sgmm2_4_denlats/dengraph/HCLG.fst 'ark,s,cs:apply-cmvn --utt2spk=ark:data/train/split30/5/split30utt/20/utt2spk scp:data/train/split30/5/split30utt/20/cmvn.scp scp:data/train/split30/5/split30utt/20/feats.scp ark:- | splice-feats --left-context=3 --right-context=3 ark:- ark:- | transform-feats exp/sgmm2_4_ali/final.mat ark:- ark:- | transform-feats --utt2spk=ark:data/train/split30/5/split30utt/20/utt2spk ark:exp/tri3_ali/trans.5 ark:- ark:- |' 'ark:|gzip -c >exp/sgmm2_4_denlats/lat.5.20.gz' 
transform-feats --utt2spk=ark:data/train/split30/5/split30utt/20/utt2spk ark:exp/tri3_ali/trans.5 ark:- ark:- 
transform-feats exp/sgmm2_4_ali/final.mat ark:- ark:- 
splice-feats --left-context=3 --right-context=3 ark:- ark:- 
apply-cmvn --utt2spk=ark:data/train/split30/5/split30utt/20/utt2spk scp:data/train/split30/5/split30utt/20/cmvn.scp scp:data/train/split30/5/split30utt/20/feats.scp ark:- 
LOG (apply-cmvn[5.5.208~1-b0fc0]:main():apply-cmvn.cc:162) Applied cepstral mean normalization to 4 utterances, errors on 0
LOG (transform-feats[5.5.208~1-b0fc0]:main():transform-feats.cc:158) Overall average [pseudo-]logdet is -88.6037 over 1202 frames.
LOG (transform-feats[5.5.208~1-b0fc0]:main():transform-feats.cc:161) Applied transform to 4 utterances; 0 had errors.
FLEH0_SX241 sil b aa hh ao l w ey ow cl p ix n z ix n cl t uw ey hh y uw vcl jh cl ch ey m vcl b er sil 
LOG (sgmm2-latgen-faster[5.5.208~1-b0fc0]:DecodeUtteranceLatticeFaster():decoder-wrappers.cc:289) Log-like per frame for utterance FLEH0_SX241 is -8.30532 over 273 frames.
LOG (sgmm2-latgen-faster[5.5.208~1-b0fc0]:main():sgmm2-latgen-faster.cc:209) Log-like per frame for utterance FLEH0_SX241 is -8.30532 over 273 frames.
FLEH0_SX331 sil dh ix vcl b ih vcl d ao vcl g l ah v cl t ix cl ch uw ao n ix ow l vcl r ae vcl d ao l sil 
LOG (sgmm2-latgen-faster[5.5.208~1-b0fc0]:DecodeUtteranceLatticeFaster():decoder-wrappers.cc:289) Log-like per frame for utterance FLEH0_SX331 is -7.95144 over 285 frames.
LOG (sgmm2-latgen-faster[5.5.208~1-b0fc0]:main():sgmm2-latgen-faster.cc:209) Log-like per frame for utterance FLEH0_SX331 is -7.95144 over 285 frames.
LOG (transform-feats[5.5.208~1-b0fc0]:main():transform-feats.cc:158) Overall average logdet is 2.00815 over 1202 frames.
LOG (transform-feats[5.5.208~1-b0fc0]:main():transform-feats.cc:161) Applied transform to 4 utterances; 0 had errors.
FLEH0_SX421 sil dh ow z hh uw cl t iy cl ch epi v ae l y uw s f er s cl t ix vcl b ao l ix sh cl ch iy dx ih ng sil 
LOG (sgmm2-latgen-faster[5.5.208~1-b0fc0]:DecodeUtteranceLatticeFaster():decoder-wrappers.cc:289) Log-like per frame for utterance FLEH0_SX421 is -7.93825 over 319 frames.
LOG (sgmm2-latgen-faster[5.5.208~1-b0fc0]:main():sgmm2-latgen-faster.cc:209) Log-like per frame for utterance FLEH0_SX421 is -7.93825 over 319 frames.
FLEH0_SX61 sil ch aa cl k l ih dx ih n r ow z ix z n eh v er f ey l ah z ax r ow m ae n cl t ix cl g ih f cl t sil 
LOG (sgmm2-latgen-faster[5.5.208~1-b0fc0]:DecodeUtteranceLatticeFaster():decoder-wrappers.cc:289) Log-like per frame for utterance FLEH0_SX61 is -8.11323 over 325 frames.
LOG (sgmm2-latgen-faster[5.5.208~1-b0fc0]:main():sgmm2-latgen-faster.cc:209) Log-like per frame for utterance FLEH0_SX61 is -8.11323 over 325 frames.
LOG (sgmm2-latgen-faster[5.5.208~1-b0fc0]:main():sgmm2-latgen-faster.cc:252) Time taken [excluding initialization] 13.0143s: real-time factor assuming 100 frames/sec is 1.08272
LOG (sgmm2-latgen-faster[5.5.208~1-b0fc0]:main():sgmm2-latgen-faster.cc:255) Done 4 utterances, failed for 0
LOG (sgmm2-latgen-faster[5.5.208~1-b0fc0]:main():sgmm2-latgen-faster.cc:257) Overall log-likelihood per frame = -8.07206 over 1202 frames.
WARNING (sgmm2-latgen-faster[5.5.208~1-b0fc0]:Close():kaldi-io.cc:515) Pipe gunzip -c exp/sgmm2_4_ali/gselect.5.gz| had nonzero return status 36096
# Accounting: time=14 threads=1
# Ended (code 0) at Wed Feb 27 15:29:37 +07 2019, elapsed time 14 seconds
