# sgmm2-latgen-faster --spk-vecs=ark:exp/sgmm2_4_ali/vecs.8 --utt2spk=ark:data/train/split30/8/utt2spk "--gselect=ark,s,cs:gunzip -c exp/sgmm2_4_ali/gselect.8.gz|" --beam=18.0 --lattice-beam=10.0 --acoustic-scale=0.2 --max-mem=20000000 --max-active=5000 --word-symbol-table=data/lang/words.txt exp/sgmm2_4_ali/final.mdl exp/sgmm2_4_denlats/dengraph/HCLG.fst "ark,s,cs:apply-cmvn --utt2spk=ark:data/train/split30/8/split30utt/24/utt2spk scp:data/train/split30/8/split30utt/24/cmvn.scp scp:data/train/split30/8/split30utt/24/feats.scp ark:- | splice-feats --left-context=3 --right-context=3 ark:- ark:- | transform-feats exp/sgmm2_4_ali/final.mat ark:- ark:- | transform-feats --utt2spk=ark:data/train/split30/8/split30utt/24/utt2spk ark:exp/tri3_ali/trans.8 ark:- ark:- |" "ark:|gzip -c >exp/sgmm2_4_denlats/lat.8.24.gz" 
# Started at Wed Feb 27 15:31:57 +07 2019
#
sgmm2-latgen-faster --spk-vecs=ark:exp/sgmm2_4_ali/vecs.8 --utt2spk=ark:data/train/split30/8/utt2spk '--gselect=ark,s,cs:gunzip -c exp/sgmm2_4_ali/gselect.8.gz|' --beam=18.0 --lattice-beam=10.0 --acoustic-scale=0.2 --max-mem=20000000 --max-active=5000 --word-symbol-table=data/lang/words.txt exp/sgmm2_4_ali/final.mdl exp/sgmm2_4_denlats/dengraph/HCLG.fst 'ark,s,cs:apply-cmvn --utt2spk=ark:data/train/split30/8/split30utt/24/utt2spk scp:data/train/split30/8/split30utt/24/cmvn.scp scp:data/train/split30/8/split30utt/24/feats.scp ark:- | splice-feats --left-context=3 --right-context=3 ark:- ark:- | transform-feats exp/sgmm2_4_ali/final.mat ark:- ark:- | transform-feats --utt2spk=ark:data/train/split30/8/split30utt/24/utt2spk ark:exp/tri3_ali/trans.8 ark:- ark:- |' 'ark:|gzip -c >exp/sgmm2_4_denlats/lat.8.24.gz' 
transform-feats exp/sgmm2_4_ali/final.mat ark:- ark:- 
apply-cmvn --utt2spk=ark:data/train/split30/8/split30utt/24/utt2spk scp:data/train/split30/8/split30utt/24/cmvn.scp scp:data/train/split30/8/split30utt/24/feats.scp ark:- 
transform-feats --utt2spk=ark:data/train/split30/8/split30utt/24/utt2spk ark:exp/tri3_ali/trans.8 ark:- ark:- 
LOG (apply-cmvn[5.5.208~1-b0fc0]:main():apply-cmvn.cc:162) Applied cepstral mean normalization to 4 utterances, errors on 0
splice-feats --left-context=3 --right-context=3 ark:- ark:- 
LOG (transform-feats[5.5.208~1-b0fc0]:main():transform-feats.cc:158) Overall average [pseudo-]logdet is -88.6037 over 1036 frames.
LOG (transform-feats[5.5.208~1-b0fc0]:main():transform-feats.cc:161) Applied transform to 4 utterances; 0 had errors.
FSKP0_SX18 sil ae l ax m ow n ix hh aa r m z ax vcl d ax v ao r s epi m ae n z w eh l th sil 
LOG (sgmm2-latgen-faster[5.5.208~1-b0fc0]:DecodeUtteranceLatticeFaster():decoder-wrappers.cc:289) Log-like per frame for utterance FSKP0_SX18 is -8.40642 over 240 frames.
LOG (sgmm2-latgen-faster[5.5.208~1-b0fc0]:main():sgmm2-latgen-faster.cc:209) Log-like per frame for utterance FSKP0_SX18 is -8.40642 over 240 frames.
FSKP0_SX198 sil n ao r w iy jh ix n s w eh dx er z er m ey dx ax v l ae m z w uh l sil 
LOG (sgmm2-latgen-faster[5.5.208~1-b0fc0]:DecodeUtteranceLatticeFaster():decoder-wrappers.cc:289) Log-like per frame for utterance FSKP0_SX198 is -8.44667 over 232 frames.
LOG (sgmm2-latgen-faster[5.5.208~1-b0fc0]:main():sgmm2-latgen-faster.cc:209) Log-like per frame for utterance FSKP0_SX198 is -8.44667 over 232 frames.
LOG (transform-feats[5.5.208~1-b0fc0]:main():transform-feats.cc:158) Overall average logdet is 1.14545 over 1036 frames.
LOG (transform-feats[5.5.208~1-b0fc0]:main():transform-feats.cc:161) Applied transform to 4 utterances; 0 had errors.
FSKP0_SX288 sil b r ah sh f ay r z er cl k aa m ix n ix m ix vcl d r ay ah n er vcl b r ah sh ax n ax v aa dx ax sil 
LOG (sgmm2-latgen-faster[5.5.208~1-b0fc0]:DecodeUtteranceLatticeFaster():decoder-wrappers.cc:289) Log-like per frame for utterance FSKP0_SX288 is -8.75809 over 296 frames.
LOG (sgmm2-latgen-faster[5.5.208~1-b0fc0]:main():sgmm2-latgen-faster.cc:209) Log-like per frame for utterance FSKP0_SX288 is -8.75809 over 296 frames.
FSKP0_SX378 sil ix vcl jh ih s ao vcl jh ih m n er dh ix n uw aa r cl k ix l aa vcl jh cl k el m uw z iy ax m sil 
LOG (sgmm2-latgen-faster[5.5.208~1-b0fc0]:DecodeUtteranceLatticeFaster():decoder-wrappers.cc:289) Log-like per frame for utterance FSKP0_SX378 is -8.46775 over 268 frames.
LOG (sgmm2-latgen-faster[5.5.208~1-b0fc0]:main():sgmm2-latgen-faster.cc:209) Log-like per frame for utterance FSKP0_SX378 is -8.46775 over 268 frames.
LOG (sgmm2-latgen-faster[5.5.208~1-b0fc0]:main():sgmm2-latgen-faster.cc:252) Time taken [excluding initialization] 11.4871s: real-time factor assuming 100 frames/sec is 1.10879
LOG (sgmm2-latgen-faster[5.5.208~1-b0fc0]:main():sgmm2-latgen-faster.cc:255) Done 4 utterances, failed for 0
LOG (sgmm2-latgen-faster[5.5.208~1-b0fc0]:main():sgmm2-latgen-faster.cc:257) Overall log-likelihood per frame = -8.53178 over 1036 frames.
WARNING (sgmm2-latgen-faster[5.5.208~1-b0fc0]:Close():kaldi-io.cc:515) Pipe gunzip -c exp/sgmm2_4_ali/gselect.8.gz| had nonzero return status 36096
# Accounting: time=12 threads=1
# Ended (code 0) at Wed Feb 27 15:32:09 +07 2019, elapsed time 12 seconds
