# sgmm2-latgen-faster --spk-vecs=ark:exp/sgmm2_4_ali/vecs.8 --utt2spk=ark:data/train/split30/8/utt2spk "--gselect=ark,s,cs:gunzip -c exp/sgmm2_4_ali/gselect.8.gz|" --beam=18.0 --lattice-beam=10.0 --acoustic-scale=0.2 --max-mem=20000000 --max-active=5000 --word-symbol-table=data/lang/words.txt exp/sgmm2_4_ali/final.mdl exp/sgmm2_4_denlats/dengraph/HCLG.fst "ark,s,cs:apply-cmvn --utt2spk=ark:data/train/split30/8/split30utt/8/utt2spk scp:data/train/split30/8/split30utt/8/cmvn.scp scp:data/train/split30/8/split30utt/8/feats.scp ark:- | splice-feats --left-context=3 --right-context=3 ark:- ark:- | transform-feats exp/sgmm2_4_ali/final.mat ark:- ark:- | transform-feats --utt2spk=ark:data/train/split30/8/split30utt/8/utt2spk ark:exp/tri3_ali/trans.8 ark:- ark:- |" "ark:|gzip -c >exp/sgmm2_4_denlats/lat.8.8.gz" 
# Started at Wed Feb 27 15:30:50 +07 2019
#
sgmm2-latgen-faster --spk-vecs=ark:exp/sgmm2_4_ali/vecs.8 --utt2spk=ark:data/train/split30/8/utt2spk '--gselect=ark,s,cs:gunzip -c exp/sgmm2_4_ali/gselect.8.gz|' --beam=18.0 --lattice-beam=10.0 --acoustic-scale=0.2 --max-mem=20000000 --max-active=5000 --word-symbol-table=data/lang/words.txt exp/sgmm2_4_ali/final.mdl exp/sgmm2_4_denlats/dengraph/HCLG.fst 'ark,s,cs:apply-cmvn --utt2spk=ark:data/train/split30/8/split30utt/8/utt2spk scp:data/train/split30/8/split30utt/8/cmvn.scp scp:data/train/split30/8/split30utt/8/feats.scp ark:- | splice-feats --left-context=3 --right-context=3 ark:- ark:- | transform-feats exp/sgmm2_4_ali/final.mat ark:- ark:- | transform-feats --utt2spk=ark:data/train/split30/8/split30utt/8/utt2spk ark:exp/tri3_ali/trans.8 ark:- ark:- |' 'ark:|gzip -c >exp/sgmm2_4_denlats/lat.8.8.gz' 
splice-feats --left-context=3 --right-context=3 ark:- ark:- 
apply-cmvn --utt2spk=ark:data/train/split30/8/split30utt/8/utt2spk scp:data/train/split30/8/split30utt/8/cmvn.scp scp:data/train/split30/8/split30utt/8/feats.scp ark:- 
LOG (apply-cmvn[5.5.208~1-b0fc0]:main():apply-cmvn.cc:162) Applied cepstral mean normalization to 5 utterances, errors on 0
transform-feats exp/sgmm2_4_ali/final.mat ark:- ark:- 
transform-feats --utt2spk=ark:data/train/split30/8/split30utt/8/utt2spk ark:exp/tri3_ali/trans.8 ark:- ark:- 
FSDJ0_SX125 sil w eh s ch eh s t er ix z ix cl k aw n cl t iy n uw y ao r cl k sil 
LOG (sgmm2-latgen-faster[5.5.208~1-b0fc0]:DecodeUtteranceLatticeFaster():decoder-wrappers.cc:289) Log-like per frame for utterance FSDJ0_SX125 is -9.05068 over 207 frames.
LOG (sgmm2-latgen-faster[5.5.208~1-b0fc0]:main():sgmm2-latgen-faster.cc:209) Log-like per frame for utterance FSDJ0_SX125 is -9.05068 over 207 frames.
LOG (transform-feats[5.5.208~1-b0fc0]:main():transform-feats.cc:158) Overall average [pseudo-]logdet is -88.6037 over 1196 frames.
LOG (transform-feats[5.5.208~1-b0fc0]:main():transform-feats.cc:161) Applied transform to 5 utterances; 0 had errors.
FSDJ0_SX215 sil dh ax s er m ix n eh m f ax s ay z dh ix n iy vcl d f er f er m ax dx ix v ae cl sh ix n sil 
LOG (sgmm2-latgen-faster[5.5.208~1-b0fc0]:DecodeUtteranceLatticeFaster():decoder-wrappers.cc:289) Log-like per frame for utterance FSDJ0_SX215 is -8.48075 over 280 frames.
LOG (sgmm2-latgen-faster[5.5.208~1-b0fc0]:main():sgmm2-latgen-faster.cc:209) Log-like per frame for utterance FSDJ0_SX215 is -8.48075 over 280 frames.
FSDJ0_SX305 sil k aa dx ix vcl jh ch iy z w ix th cl ch ay v z ix z vcl d ax l ih sh ix s sil 
LOG (sgmm2-latgen-faster[5.5.208~1-b0fc0]:DecodeUtteranceLatticeFaster():decoder-wrappers.cc:289) Log-like per frame for utterance FSDJ0_SX305 is -8.90865 over 234 frames.
LOG (sgmm2-latgen-faster[5.5.208~1-b0fc0]:main():sgmm2-latgen-faster.cc:209) Log-like per frame for utterance FSDJ0_SX305 is -8.90865 over 234 frames.
LOG (transform-feats[5.5.208~1-b0fc0]:main():transform-feats.cc:158) Overall average logdet is 2.61792 over 1196 frames.
LOG (transform-feats[5.5.208~1-b0fc0]:main():transform-feats.cc:161) Applied transform to 5 utterances; 0 had errors.
FSDJ0_SX35 sil hh eh l cl p s eh l ax vcl r ey y er vcl b r ah dh er s ix cl s eh s sil 
LOG (sgmm2-latgen-faster[5.5.208~1-b0fc0]:DecodeUtteranceLatticeFaster():decoder-wrappers.cc:289) Log-like per frame for utterance FSDJ0_SX35 is -8.69542 over 217 frames.
LOG (sgmm2-latgen-faster[5.5.208~1-b0fc0]:main():sgmm2-latgen-faster.cc:209) Log-like per frame for utterance FSDJ0_SX35 is -8.69542 over 217 frames.
FSDJ0_SX395 sil ay cl t uh cl k hh er w er f ao er cl b ax dx ix sh iy r ih l iy vcl g ow ix ng w ix th y uw sil 
LOG (sgmm2-latgen-faster[5.5.208~1-b0fc0]:DecodeUtteranceLatticeFaster():decoder-wrappers.cc:289) Log-like per frame for utterance FSDJ0_SX395 is -9.55505 over 258 frames.
LOG (sgmm2-latgen-faster[5.5.208~1-b0fc0]:main():sgmm2-latgen-faster.cc:209) Log-like per frame for utterance FSDJ0_SX395 is -9.55505 over 258 frames.
LOG (sgmm2-latgen-faster[5.5.208~1-b0fc0]:main():sgmm2-latgen-faster.cc:252) Time taken [excluding initialization] 14.1569s: real-time factor assuming 100 frames/sec is 1.18368
LOG (sgmm2-latgen-faster[5.5.208~1-b0fc0]:main():sgmm2-latgen-faster.cc:255) Done 5 utterances, failed for 0
LOG (sgmm2-latgen-faster[5.5.208~1-b0fc0]:main():sgmm2-latgen-faster.cc:257) Overall log-likelihood per frame = -8.93381 over 1196 frames.
WARNING (sgmm2-latgen-faster[5.5.208~1-b0fc0]:Close():kaldi-io.cc:515) Pipe gunzip -c exp/sgmm2_4_ali/gselect.8.gz| had nonzero return status 36096
# Accounting: time=15 threads=1
# Ended (code 0) at Wed Feb 27 15:31:05 +07 2019, elapsed time 15 seconds
