# sgmm2-latgen-faster --spk-vecs=ark:exp/sgmm2_4_ali/vecs.8 --utt2spk=ark:data/train/split30/8/utt2spk "--gselect=ark,s,cs:gunzip -c exp/sgmm2_4_ali/gselect.8.gz|" --beam=18.0 --lattice-beam=10.0 --acoustic-scale=0.2 --max-mem=20000000 --max-active=5000 --word-symbol-table=data/lang/words.txt exp/sgmm2_4_ali/final.mdl exp/sgmm2_4_denlats/dengraph/HCLG.fst "ark,s,cs:apply-cmvn --utt2spk=ark:data/train/split30/8/split30utt/17/utt2spk scp:data/train/split30/8/split30utt/17/cmvn.scp scp:data/train/split30/8/split30utt/17/feats.scp ark:- | splice-feats --left-context=3 --right-context=3 ark:- ark:- | transform-feats exp/sgmm2_4_ali/final.mat ark:- ark:- | transform-feats --utt2spk=ark:data/train/split30/8/split30utt/17/utt2spk ark:exp/tri3_ali/trans.8 ark:- ark:- |" "ark:|gzip -c >exp/sgmm2_4_denlats/lat.8.17.gz" 
# Started at Wed Feb 27 15:31:30 +07 2019
#
sgmm2-latgen-faster --spk-vecs=ark:exp/sgmm2_4_ali/vecs.8 --utt2spk=ark:data/train/split30/8/utt2spk '--gselect=ark,s,cs:gunzip -c exp/sgmm2_4_ali/gselect.8.gz|' --beam=18.0 --lattice-beam=10.0 --acoustic-scale=0.2 --max-mem=20000000 --max-active=5000 --word-symbol-table=data/lang/words.txt exp/sgmm2_4_ali/final.mdl exp/sgmm2_4_denlats/dengraph/HCLG.fst 'ark,s,cs:apply-cmvn --utt2spk=ark:data/train/split30/8/split30utt/17/utt2spk scp:data/train/split30/8/split30utt/17/cmvn.scp scp:data/train/split30/8/split30utt/17/feats.scp ark:- | splice-feats --left-context=3 --right-context=3 ark:- ark:- | transform-feats exp/sgmm2_4_ali/final.mat ark:- ark:- | transform-feats --utt2spk=ark:data/train/split30/8/split30utt/17/utt2spk ark:exp/tri3_ali/trans.8 ark:- ark:- |' 'ark:|gzip -c >exp/sgmm2_4_denlats/lat.8.17.gz' 
splice-feats --left-context=3 --right-context=3 ark:- ark:- 
transform-feats exp/sgmm2_4_ali/final.mat ark:- ark:- 
transform-feats --utt2spk=ark:data/train/split30/8/split30utt/17/utt2spk ark:exp/tri3_ali/trans.8 ark:- ark:- 
apply-cmvn --utt2spk=ark:data/train/split30/8/split30utt/17/utt2spk scp:data/train/split30/8/split30utt/17/cmvn.scp scp:data/train/split30/8/split30utt/17/feats.scp ark:- 
LOG (apply-cmvn[5.5.208~1-b0fc0]:main():apply-cmvn.cc:162) Applied cepstral mean normalization to 4 utterances, errors on 0
LOG (transform-feats[5.5.208~1-b0fc0]:main():transform-feats.cc:158) Overall average [pseudo-]logdet is -88.6037 over 1345 frames.
LOG (transform-feats[5.5.208~1-b0fc0]:main():transform-feats.cc:161) Applied transform to 4 utterances; 0 had errors.
FSJW0_SI1333 sil vcl sil eh cl k s r ey f ih l m z ax dh ix v er dx er vcl b el cl k aa l ax m sh ow vcl p er vcl g r eh sh en ax v dh ix vcl sil d ix m eh n er el ay z ey sh en sil 
LOG (sgmm2-latgen-faster[5.5.208~1-b0fc0]:DecodeUtteranceLatticeFaster():decoder-wrappers.cc:289) Log-like per frame for utterance FSJW0_SI1333 is -8.98116 over 518 frames.
LOG (sgmm2-latgen-faster[5.5.208~1-b0fc0]:main():sgmm2-latgen-faster.cc:209) Log-like per frame for utterance FSJW0_SI1333 is -8.98116 over 518 frames.
FSJW0_SI1963 sil iy cl ch cl p l ey ng cl k eh r iy vcl t uw f ay v hh ax n d er cl p aw m vcl b aa m s sil 
LOG (sgmm2-latgen-faster[5.5.208~1-b0fc0]:DecodeUtteranceLatticeFaster():decoder-wrappers.cc:289) Log-like per frame for utterance FSJW0_SI1963 is -8.66202 over 299 frames.
LOG (sgmm2-latgen-faster[5.5.208~1-b0fc0]:main():sgmm2-latgen-faster.cc:209) Log-like per frame for utterance FSJW0_SI1963 is -8.66202 over 299 frames.
LOG (transform-feats[5.5.208~1-b0fc0]:main():transform-feats.cc:158) Overall average logdet is 1.90779 over 1345 frames.
LOG (transform-feats[5.5.208~1-b0fc0]:main():transform-feats.cc:161) Applied transform to 4 utterances; 0 had errors.
FSJW0_SI703 sil ih w ix z epi m ah s cl k uw l er vcl b ax dx ix w ah z ax n s ix m eh cl t er cl k el sil 
LOG (sgmm2-latgen-faster[5.5.208~1-b0fc0]:DecodeUtteranceLatticeFaster():decoder-wrappers.cc:289) Log-like per frame for utterance FSJW0_SI703 is -8.95447 over 257 frames.
LOG (sgmm2-latgen-faster[5.5.208~1-b0fc0]:main():sgmm2-latgen-faster.cc:209) Log-like per frame for utterance FSJW0_SI703 is -8.95447 over 257 frames.
FSJW0_SX163 sil dh ey r iy m ey n l ay f l ao ng f r eh n z ih ng cl k ix m cl p ae n y ix n s sil 
LOG (sgmm2-latgen-faster[5.5.208~1-b0fc0]:DecodeUtteranceLatticeFaster():decoder-wrappers.cc:289) Log-like per frame for utterance FSJW0_SX163 is -8.29804 over 271 frames.
LOG (sgmm2-latgen-faster[5.5.208~1-b0fc0]:main():sgmm2-latgen-faster.cc:209) Log-like per frame for utterance FSJW0_SX163 is -8.29804 over 271 frames.
LOG (sgmm2-latgen-faster[5.5.208~1-b0fc0]:main():sgmm2-latgen-faster.cc:252) Time taken [excluding initialization] 14.7315s: real-time factor assuming 100 frames/sec is 1.09528
LOG (sgmm2-latgen-faster[5.5.208~1-b0fc0]:main():sgmm2-latgen-faster.cc:255) Done 4 utterances, failed for 0
LOG (sgmm2-latgen-faster[5.5.208~1-b0fc0]:main():sgmm2-latgen-faster.cc:257) Overall log-likelihood per frame = -8.76748 over 1345 frames.
WARNING (sgmm2-latgen-faster[5.5.208~1-b0fc0]:Close():kaldi-io.cc:515) Pipe gunzip -c exp/sgmm2_4_ali/gselect.8.gz| had nonzero return status 36096
# Accounting: time=16 threads=1
# Ended (code 0) at Wed Feb 27 15:31:46 +07 2019, elapsed time 16 seconds
