# ali-to-post "ark:gunzip -c exp/sgmm2_4_ali/pre_ali.12.gz|" ark:- | weight-silence-post 0.0 1 exp/sgmm2_4/final.alimdl ark:- ark:- | sgmm2-post-to-gpost "--gselect=ark,s,cs:gunzip -c exp/sgmm2_4/gselect.12.gz|" exp/sgmm2_4/final.alimdl "ark,s,cs:apply-cmvn  --utt2spk=ark:data/train/split30/12/utt2spk scp:data/train/split30/12/cmvn.scp scp:data/train/split30/12/feats.scp ark:- | splice-feats --left-context=3 --right-context=3 ark:- ark:- | transform-feats exp/sgmm2_4/final.mat ark:- ark:- | transform-feats --utt2spk=ark:data/train/split30/12/utt2spk ark,s,cs:exp/tri3_ali/trans.12 ark:- ark:- |" ark:- ark:- | sgmm2-est-spkvecs-gpost --spk2utt=ark:data/train/split30/12/spk2utt exp/sgmm2_4/final.mdl "ark,s,cs:apply-cmvn  --utt2spk=ark:data/train/split30/12/utt2spk scp:data/train/split30/12/cmvn.scp scp:data/train/split30/12/feats.scp ark:- | splice-feats --left-context=3 --right-context=3 ark:- ark:- | transform-feats exp/sgmm2_4/final.mat ark:- ark:- | transform-feats --utt2spk=ark:data/train/split30/12/utt2spk ark,s,cs:exp/tri3_ali/trans.12 ark:- ark:- |" ark,s,cs:- ark:exp/sgmm2_4_ali/pre_vecs.12 
# Started at Wed Feb 27 15:21:15 +07 2019
#
ali-to-post 'ark:gunzip -c exp/sgmm2_4_ali/pre_ali.12.gz|' ark:- 
sgmm2-est-spkvecs-gpost --spk2utt=ark:data/train/split30/12/spk2utt exp/sgmm2_4/final.mdl 'ark,s,cs:apply-cmvn  --utt2spk=ark:data/train/split30/12/utt2spk scp:data/train/split30/12/cmvn.scp scp:data/train/split30/12/feats.scp ark:- | splice-feats --left-context=3 --right-context=3 ark:- ark:- | transform-feats exp/sgmm2_4/final.mat ark:- ark:- | transform-feats --utt2spk=ark:data/train/split30/12/utt2spk ark,s,cs:exp/tri3_ali/trans.12 ark:- ark:- |' ark,s,cs:- ark:exp/sgmm2_4_ali/pre_vecs.12 
sgmm2-post-to-gpost '--gselect=ark,s,cs:gunzip -c exp/sgmm2_4/gselect.12.gz|' exp/sgmm2_4/final.alimdl 'ark,s,cs:apply-cmvn  --utt2spk=ark:data/train/split30/12/utt2spk scp:data/train/split30/12/cmvn.scp scp:data/train/split30/12/feats.scp ark:- | splice-feats --left-context=3 --right-context=3 ark:- ark:- | transform-feats exp/sgmm2_4/final.mat ark:- ark:- | transform-feats --utt2spk=ark:data/train/split30/12/utt2spk ark,s,cs:exp/tri3_ali/trans.12 ark:- ark:- |' ark:- ark:- 
weight-silence-post 0.0 1 exp/sgmm2_4/final.alimdl ark:- ark:- 
transform-feats --utt2spk=ark:data/train/split30/12/utt2spk ark,s,cs:exp/tri3_ali/trans.12 ark:- ark:- 
transform-feats exp/sgmm2_4/final.mat ark:- ark:- 
splice-feats --left-context=3 --right-context=3 ark:- ark:- 
apply-cmvn --utt2spk=ark:data/train/split30/12/utt2spk scp:data/train/split30/12/cmvn.scp scp:data/train/split30/12/feats.scp ark:- 
apply-cmvn --utt2spk=ark:data/train/split30/12/utt2spk scp:data/train/split30/12/cmvn.scp scp:data/train/split30/12/feats.scp ark:- 
transform-feats exp/sgmm2_4/final.mat ark:- ark:- 
transform-feats --utt2spk=ark:data/train/split30/12/utt2spk ark,s,cs:exp/tri3_ali/trans.12 ark:- ark:- 
splice-feats --left-context=3 --right-context=3 ark:- ark:- 
LOG (sgmm2-est-spkvecs-gpost[5.5.208~1-b0fc0]:UpdateWithU():estimate-am-sgmm2.cc:1937) *Objf impr for speaker vector is 2.2769 per frame, over 1776 frames.
LOG (sgmm2-est-spkvecs-gpost[5.5.208~1-b0fc0]:main():sgmm2-est-spkvecs-gpost.cc:158) For speaker MCLM0, auxf-impr from speaker vector is 2.2769, over 1776 frames.
LOG (sgmm2-post-to-gpost[5.5.208~1-b0fc0]:main():sgmm2-post-to-gpost.cc:168) Avg like per frame so far is -40.9473
LOG (sgmm2-est-spkvecs-gpost[5.5.208~1-b0fc0]:UpdateWithU():estimate-am-sgmm2.cc:1937) *Objf impr for speaker vector is 1.25576 per frame, over 2039 frames.
LOG (sgmm2-est-spkvecs-gpost[5.5.208~1-b0fc0]:main():sgmm2-est-spkvecs-gpost.cc:158) For speaker MCPM0, auxf-impr from speaker vector is 1.25576, over 2039 frames.
LOG (sgmm2-post-to-gpost[5.5.208~1-b0fc0]:main():sgmm2-post-to-gpost.cc:168) Avg like per frame so far is -40.4806
LOG (sgmm2-est-spkvecs-gpost[5.5.208~1-b0fc0]:UpdateWithU():estimate-am-sgmm2.cc:1937) *Objf impr for speaker vector is 1.17099 per frame, over 2166 frames.
LOG (sgmm2-est-spkvecs-gpost[5.5.208~1-b0fc0]:main():sgmm2-est-spkvecs-gpost.cc:158) For speaker MCRE0, auxf-impr from speaker vector is 1.17099, over 2166 frames.
LOG (sgmm2-post-to-gpost[5.5.208~1-b0fc0]:main():sgmm2-post-to-gpost.cc:168) Avg like per frame so far is -39.9519
LOG (sgmm2-est-spkvecs-gpost[5.5.208~1-b0fc0]:UpdateWithU():estimate-am-sgmm2.cc:1937) *Objf impr for speaker vector is 1.14135 per frame, over 2355 frames.
LOG (sgmm2-est-spkvecs-gpost[5.5.208~1-b0fc0]:main():sgmm2-est-spkvecs-gpost.cc:158) For speaker MCSS0, auxf-impr from speaker vector is 1.14135, over 2355 frames.
LOG (sgmm2-post-to-gpost[5.5.208~1-b0fc0]:main():sgmm2-post-to-gpost.cc:168) Avg like per frame so far is -40.2544
LOG (sgmm2-est-spkvecs-gpost[5.5.208~1-b0fc0]:UpdateWithU():estimate-am-sgmm2.cc:1937) *Objf impr for speaker vector is 1.58327 per frame, over 2209 frames.
LOG (sgmm2-est-spkvecs-gpost[5.5.208~1-b0fc0]:main():sgmm2-est-spkvecs-gpost.cc:158) For speaker MCTH0, auxf-impr from speaker vector is 1.58327, over 2209 frames.
LOG (sgmm2-est-spkvecs-gpost[5.5.208~1-b0fc0]:UpdateWithU():estimate-am-sgmm2.cc:1937) *Objf impr for speaker vector is 1.23509 per frame, over 2137 frames.
LOG (sgmm2-est-spkvecs-gpost[5.5.208~1-b0fc0]:main():sgmm2-est-spkvecs-gpost.cc:158) For speaker MCTM0, auxf-impr from speaker vector is 1.23509, over 2137 frames.
LOG (sgmm2-post-to-gpost[5.5.208~1-b0fc0]:main():sgmm2-post-to-gpost.cc:168) Avg like per frame so far is -40.1731
LOG (sgmm2-est-spkvecs-gpost[5.5.208~1-b0fc0]:UpdateWithU():estimate-am-sgmm2.cc:1937) *Objf impr for speaker vector is 1.56129 per frame, over 2189 frames.
LOG (sgmm2-est-spkvecs-gpost[5.5.208~1-b0fc0]:main():sgmm2-est-spkvecs-gpost.cc:158) For speaker MCXM0, auxf-impr from speaker vector is 1.56129, over 2189 frames.
LOG (sgmm2-post-to-gpost[5.5.208~1-b0fc0]:main():sgmm2-post-to-gpost.cc:168) Avg like per frame so far is -40.3023
LOG (sgmm2-est-spkvecs-gpost[5.5.208~1-b0fc0]:UpdateWithU():estimate-am-sgmm2.cc:1937) *Objf impr for speaker vector is 1.36454 per frame, over 2278 frames.
LOG (sgmm2-est-spkvecs-gpost[5.5.208~1-b0fc0]:main():sgmm2-est-spkvecs-gpost.cc:158) For speaker MDAC0, auxf-impr from speaker vector is 1.36454, over 2278 frames.
LOG (sgmm2-post-to-gpost[5.5.208~1-b0fc0]:main():sgmm2-post-to-gpost.cc:168) Avg like per frame so far is -40.3737
LOG (sgmm2-est-spkvecs-gpost[5.5.208~1-b0fc0]:UpdateWithU():estimate-am-sgmm2.cc:1937) *Objf impr for speaker vector is 1.56787 per frame, over 1981 frames.
LOG (sgmm2-est-spkvecs-gpost[5.5.208~1-b0fc0]:main():sgmm2-est-spkvecs-gpost.cc:158) For speaker MDAS0, auxf-impr from speaker vector is 1.56787, over 1981 frames.
LOG (sgmm2-post-to-gpost[5.5.208~1-b0fc0]:main():sgmm2-post-to-gpost.cc:168) Avg like per frame so far is -40.1554
LOG (sgmm2-est-spkvecs-gpost[5.5.208~1-b0fc0]:UpdateWithU():estimate-am-sgmm2.cc:1937) *Objf impr for speaker vector is 1.31576 per frame, over 2071 frames.
LOG (sgmm2-est-spkvecs-gpost[5.5.208~1-b0fc0]:main():sgmm2-est-spkvecs-gpost.cc:158) For speaker MDBB1, auxf-impr from speaker vector is 1.31576, over 2071 frames.
LOG (sgmm2-est-spkvecs-gpost[5.5.208~1-b0fc0]:UpdateWithU():estimate-am-sgmm2.cc:1937) *Objf impr for speaker vector is 2.00338 per frame, over 2406 frames.
LOG (sgmm2-est-spkvecs-gpost[5.5.208~1-b0fc0]:main():sgmm2-est-spkvecs-gpost.cc:158) For speaker MDBP0, auxf-impr from speaker vector is 2.00338, over 2406 frames.
LOG (sgmm2-post-to-gpost[5.5.208~1-b0fc0]:main():sgmm2-post-to-gpost.cc:168) Avg like per frame so far is -40.238
LOG (ali-to-post[5.5.208~1-b0fc0]:main():ali-to-post.cc:73) Converted 120 alignments.
LOG (sgmm2-est-spkvecs-gpost[5.5.208~1-b0fc0]:UpdateWithU():estimate-am-sgmm2.cc:1937) *Objf impr for speaker vector is 1.91961 per frame, over 2134 frames.
LOG (sgmm2-est-spkvecs-gpost[5.5.208~1-b0fc0]:main():sgmm2-est-spkvecs-gpost.cc:158) For speaker MDCD0, auxf-impr from speaker vector is 1.91961, over 2134 frames.
LOG (sgmm2-post-to-gpost[5.5.208~1-b0fc0]:main():sgmm2-post-to-gpost.cc:168) Avg like per frame so far is -40.2961
LOG (sgmm2-est-spkvecs-gpost[5.5.208~1-b0fc0]:UpdateWithU():estimate-am-sgmm2.cc:1937) *Objf impr for speaker vector is 1.22181 per frame, over 2255 frames.
LOG (sgmm2-est-spkvecs-gpost[5.5.208~1-b0fc0]:main():sgmm2-est-spkvecs-gpost.cc:158) For speaker MDCM0, auxf-impr from speaker vector is 1.22181, over 2255 frames.
LOG (weight-silence-post[5.5.208~1-b0fc0]:main():weight-silence-post.cc:95) Done 120 posteriors.
LOG (sgmm2-post-to-gpost[5.5.208~1-b0fc0]:main():sgmm2-post-to-gpost.cc:168) Avg like per frame so far is -40.2674
LOG (apply-cmvn[5.5.208~1-b0fc0]:main():apply-cmvn.cc:162) Applied cepstral mean normalization to 120 utterances, errors on 0
LOG (apply-cmvn[5.5.208~1-b0fc0]:main():apply-cmvn.cc:162) Applied cepstral mean normalization to 120 utterances, errors on 0
LOG (sgmm2-est-spkvecs-gpost[5.5.208~1-b0fc0]:UpdateWithU():estimate-am-sgmm2.cc:1937) *Objf impr for speaker vector is 1.42934 per frame, over 2033 frames.
LOG (sgmm2-est-spkvecs-gpost[5.5.208~1-b0fc0]:main():sgmm2-est-spkvecs-gpost.cc:158) For speaker MDDC0, auxf-impr from speaker vector is 1.42934, over 2033 frames.
LOG (transform-feats[5.5.208~1-b0fc0]:main():transform-feats.cc:158) Overall average [pseudo-]logdet is -88.6037 over 35253 frames.
LOG (transform-feats[5.5.208~1-b0fc0]:main():transform-feats.cc:161) Applied transform to 120 utterances; 0 had errors.
LOG (transform-feats[5.5.208~1-b0fc0]:main():transform-feats.cc:158) Overall average [pseudo-]logdet is -88.6037 over 35253 frames.
LOG (transform-feats[5.5.208~1-b0fc0]:main():transform-feats.cc:161) Applied transform to 120 utterances; 0 had errors.
LOG (transform-feats[5.5.208~1-b0fc0]:main():transform-feats.cc:158) Overall average logdet is 2.8244 over 35253 frames.
LOG (transform-feats[5.5.208~1-b0fc0]:main():transform-feats.cc:161) Applied transform to 120 utterances; 0 had errors.
LOG (transform-feats[5.5.208~1-b0fc0]:main():transform-feats.cc:158) Overall average logdet is 2.8244 over 35253 frames.
LOG (transform-feats[5.5.208~1-b0fc0]:main():transform-feats.cc:161) Applied transform to 120 utterances; 0 had errors.
LOG (sgmm2-post-to-gpost[5.5.208~1-b0fc0]:main():sgmm2-post-to-gpost.cc:168) Avg like per frame so far is -40.2363
LOG (sgmm2-post-to-gpost[5.5.208~1-b0fc0]:main():sgmm2-post-to-gpost.cc:173) Overall like per frame (Gaussian only) = -40.2363 over 35253 frames.
LOG (sgmm2-post-to-gpost[5.5.208~1-b0fc0]:main():sgmm2-post-to-gpost.cc:176) Done 120 files, 0 with errors.
LOG (sgmm2-est-spkvecs-gpost[5.5.208~1-b0fc0]:UpdateWithU():estimate-am-sgmm2.cc:1937) *Objf impr for speaker vector is 1.29877 per frame, over 2329 frames.
LOG (sgmm2-est-spkvecs-gpost[5.5.208~1-b0fc0]:main():sgmm2-est-spkvecs-gpost.cc:158) For speaker MDED0, auxf-impr from speaker vector is 1.29877, over 2329 frames.
LOG (sgmm2-est-spkvecs-gpost[5.5.208~1-b0fc0]:main():sgmm2-est-spkvecs-gpost.cc:208) Done 120 files, 0 with errors.
LOG (sgmm2-est-spkvecs-gpost[5.5.208~1-b0fc0]:main():sgmm2-est-spkvecs-gpost.cc:210) Overall auxf impr per frame is 1.48108 over 32358 frames.
# Accounting: time=8 threads=1
# Ended (code 0) at Wed Feb 27 15:21:23 +07 2019, elapsed time 8 seconds
