# ali-to-post "ark:gunzip -c exp/sgmm2_4_ali/pre_ali.14.gz|" ark:- | weight-silence-post 0.0 1 exp/sgmm2_4/final.alimdl ark:- ark:- | sgmm2-post-to-gpost "--gselect=ark,s,cs:gunzip -c exp/sgmm2_4/gselect.14.gz|" exp/sgmm2_4/final.alimdl "ark,s,cs:apply-cmvn  --utt2spk=ark:data/train/split30/14/utt2spk scp:data/train/split30/14/cmvn.scp scp:data/train/split30/14/feats.scp ark:- | splice-feats --left-context=3 --right-context=3 ark:- ark:- | transform-feats exp/sgmm2_4/final.mat ark:- ark:- | transform-feats --utt2spk=ark:data/train/split30/14/utt2spk ark,s,cs:exp/tri3_ali/trans.14 ark:- ark:- |" ark:- ark:- | sgmm2-est-spkvecs-gpost --spk2utt=ark:data/train/split30/14/spk2utt exp/sgmm2_4/final.mdl "ark,s,cs:apply-cmvn  --utt2spk=ark:data/train/split30/14/utt2spk scp:data/train/split30/14/cmvn.scp scp:data/train/split30/14/feats.scp ark:- | splice-feats --left-context=3 --right-context=3 ark:- ark:- | transform-feats exp/sgmm2_4/final.mat ark:- ark:- | transform-feats --utt2spk=ark:data/train/split30/14/utt2spk ark,s,cs:exp/tri3_ali/trans.14 ark:- ark:- |" ark,s,cs:- ark:exp/sgmm2_4_ali/pre_vecs.14 
# Started at Wed Feb 27 15:21:22 +07 2019
#
ali-to-post 'ark:gunzip -c exp/sgmm2_4_ali/pre_ali.14.gz|' ark:- 
sgmm2-est-spkvecs-gpost --spk2utt=ark:data/train/split30/14/spk2utt exp/sgmm2_4/final.mdl 'ark,s,cs:apply-cmvn  --utt2spk=ark:data/train/split30/14/utt2spk scp:data/train/split30/14/cmvn.scp scp:data/train/split30/14/feats.scp ark:- | splice-feats --left-context=3 --right-context=3 ark:- ark:- | transform-feats exp/sgmm2_4/final.mat ark:- ark:- | transform-feats --utt2spk=ark:data/train/split30/14/utt2spk ark,s,cs:exp/tri3_ali/trans.14 ark:- ark:- |' ark,s,cs:- ark:exp/sgmm2_4_ali/pre_vecs.14 
sgmm2-post-to-gpost '--gselect=ark,s,cs:gunzip -c exp/sgmm2_4/gselect.14.gz|' exp/sgmm2_4/final.alimdl 'ark,s,cs:apply-cmvn  --utt2spk=ark:data/train/split30/14/utt2spk scp:data/train/split30/14/cmvn.scp scp:data/train/split30/14/feats.scp ark:- | splice-feats --left-context=3 --right-context=3 ark:- ark:- | transform-feats exp/sgmm2_4/final.mat ark:- ark:- | transform-feats --utt2spk=ark:data/train/split30/14/utt2spk ark,s,cs:exp/tri3_ali/trans.14 ark:- ark:- |' ark:- ark:- 
weight-silence-post 0.0 1 exp/sgmm2_4/final.alimdl ark:- ark:- 
apply-cmvn --utt2spk=ark:data/train/split30/14/utt2spk scp:data/train/split30/14/cmvn.scp scp:data/train/split30/14/feats.scp ark:- 
splice-feats --left-context=3 --right-context=3 ark:- ark:- 
transform-feats --utt2spk=ark:data/train/split30/14/utt2spk ark,s,cs:exp/tri3_ali/trans.14 ark:- ark:- 
transform-feats exp/sgmm2_4/final.mat ark:- ark:- 
apply-cmvn --utt2spk=ark:data/train/split30/14/utt2spk scp:data/train/split30/14/cmvn.scp scp:data/train/split30/14/feats.scp ark:- 
splice-feats --left-context=3 --right-context=3 ark:- ark:- 
transform-feats --utt2spk=ark:data/train/split30/14/utt2spk ark,s,cs:exp/tri3_ali/trans.14 ark:- ark:- 
transform-feats exp/sgmm2_4/final.mat ark:- ark:- 
LOG (sgmm2-est-spkvecs-gpost[5.5.208~1-b0fc0]:UpdateWithU():estimate-am-sgmm2.cc:1937) *Objf impr for speaker vector is 1.19679 per frame, over 2235 frames.
LOG (sgmm2-est-spkvecs-gpost[5.5.208~1-b0fc0]:main():sgmm2-est-spkvecs-gpost.cc:158) For speaker MDNS0, auxf-impr from speaker vector is 1.19679, over 2235 frames.
LOG (sgmm2-post-to-gpost[5.5.208~1-b0fc0]:main():sgmm2-post-to-gpost.cc:168) Avg like per frame so far is -38.5369
LOG (sgmm2-est-spkvecs-gpost[5.5.208~1-b0fc0]:UpdateWithU():estimate-am-sgmm2.cc:1937) *Objf impr for speaker vector is 1.13695 per frame, over 2298 frames.
LOG (sgmm2-est-spkvecs-gpost[5.5.208~1-b0fc0]:main():sgmm2-est-spkvecs-gpost.cc:158) For speaker MDPB0, auxf-impr from speaker vector is 1.13695, over 2298 frames.
LOG (sgmm2-post-to-gpost[5.5.208~1-b0fc0]:main():sgmm2-post-to-gpost.cc:168) Avg like per frame so far is -37.6258
LOG (sgmm2-est-spkvecs-gpost[5.5.208~1-b0fc0]:UpdateWithU():estimate-am-sgmm2.cc:1937) *Objf impr for speaker vector is 1.35642 per frame, over 1877 frames.
LOG (sgmm2-est-spkvecs-gpost[5.5.208~1-b0fc0]:main():sgmm2-est-spkvecs-gpost.cc:158) For speaker MDPK0, auxf-impr from speaker vector is 1.35642, over 1877 frames.
LOG (sgmm2-post-to-gpost[5.5.208~1-b0fc0]:main():sgmm2-post-to-gpost.cc:168) Avg like per frame so far is -38.4093
LOG (sgmm2-est-spkvecs-gpost[5.5.208~1-b0fc0]:UpdateWithU():estimate-am-sgmm2.cc:1937) *Objf impr for speaker vector is 1.16186 per frame, over 2036 frames.
LOG (sgmm2-est-spkvecs-gpost[5.5.208~1-b0fc0]:main():sgmm2-est-spkvecs-gpost.cc:158) For speaker MDPS0, auxf-impr from speaker vector is 1.16186, over 2036 frames.
LOG (sgmm2-post-to-gpost[5.5.208~1-b0fc0]:main():sgmm2-post-to-gpost.cc:168) Avg like per frame so far is -38.681
LOG (sgmm2-est-spkvecs-gpost[5.5.208~1-b0fc0]:UpdateWithU():estimate-am-sgmm2.cc:1937) *Objf impr for speaker vector is 1.69154 per frame, over 2558 frames.
LOG (sgmm2-est-spkvecs-gpost[5.5.208~1-b0fc0]:main():sgmm2-est-spkvecs-gpost.cc:158) For speaker MDRD0, auxf-impr from speaker vector is 1.69154, over 2558 frames.
LOG (sgmm2-est-spkvecs-gpost[5.5.208~1-b0fc0]:UpdateWithU():estimate-am-sgmm2.cc:1937) *Objf impr for speaker vector is 1.13486 per frame, over 2267 frames.
LOG (sgmm2-est-spkvecs-gpost[5.5.208~1-b0fc0]:main():sgmm2-est-spkvecs-gpost.cc:158) For speaker MDSJ0, auxf-impr from speaker vector is 1.13486, over 2267 frames.
LOG (sgmm2-post-to-gpost[5.5.208~1-b0fc0]:main():sgmm2-post-to-gpost.cc:168) Avg like per frame so far is -39.0402
LOG (sgmm2-est-spkvecs-gpost[5.5.208~1-b0fc0]:UpdateWithU():estimate-am-sgmm2.cc:1937) *Objf impr for speaker vector is 0.995618 per frame, over 1724 frames.
LOG (sgmm2-est-spkvecs-gpost[5.5.208~1-b0fc0]:main():sgmm2-est-spkvecs-gpost.cc:158) For speaker MDSS0, auxf-impr from speaker vector is 0.995618, over 1724 frames.
LOG (sgmm2-post-to-gpost[5.5.208~1-b0fc0]:main():sgmm2-post-to-gpost.cc:168) Avg like per frame so far is -39.119
LOG (sgmm2-est-spkvecs-gpost[5.5.208~1-b0fc0]:UpdateWithU():estimate-am-sgmm2.cc:1937) *Objf impr for speaker vector is 1.82909 per frame, over 2030 frames.
LOG (sgmm2-est-spkvecs-gpost[5.5.208~1-b0fc0]:main():sgmm2-est-spkvecs-gpost.cc:158) For speaker MDSS1, auxf-impr from speaker vector is 1.82909, over 2030 frames.
LOG (sgmm2-post-to-gpost[5.5.208~1-b0fc0]:main():sgmm2-post-to-gpost.cc:168) Avg like per frame so far is -39.4939
LOG (sgmm2-est-spkvecs-gpost[5.5.208~1-b0fc0]:UpdateWithU():estimate-am-sgmm2.cc:1937) *Objf impr for speaker vector is 1.45283 per frame, over 1914 frames.
LOG (sgmm2-est-spkvecs-gpost[5.5.208~1-b0fc0]:main():sgmm2-est-spkvecs-gpost.cc:158) For speaker MDTB0, auxf-impr from speaker vector is 1.45283, over 1914 frames.
LOG (sgmm2-post-to-gpost[5.5.208~1-b0fc0]:main():sgmm2-post-to-gpost.cc:168) Avg like per frame so far is -39.7683
LOG (sgmm2-est-spkvecs-gpost[5.5.208~1-b0fc0]:UpdateWithU():estimate-am-sgmm2.cc:1937) *Objf impr for speaker vector is 1.4909 per frame, over 2105 frames.
LOG (sgmm2-est-spkvecs-gpost[5.5.208~1-b0fc0]:main():sgmm2-est-spkvecs-gpost.cc:158) For speaker MDWD0, auxf-impr from speaker vector is 1.4909, over 2105 frames.
LOG (sgmm2-est-spkvecs-gpost[5.5.208~1-b0fc0]:UpdateWithU():estimate-am-sgmm2.cc:1937) *Objf impr for speaker vector is 1.53816 per frame, over 2650 frames.
LOG (sgmm2-est-spkvecs-gpost[5.5.208~1-b0fc0]:main():sgmm2-est-spkvecs-gpost.cc:158) For speaker MDWH0, auxf-impr from speaker vector is 1.53816, over 2650 frames.
LOG (ali-to-post[5.5.208~1-b0fc0]:main():ali-to-post.cc:73) Converted 120 alignments.
LOG (sgmm2-post-to-gpost[5.5.208~1-b0fc0]:main():sgmm2-post-to-gpost.cc:168) Avg like per frame so far is -39.7137
LOG (sgmm2-est-spkvecs-gpost[5.5.208~1-b0fc0]:UpdateWithU():estimate-am-sgmm2.cc:1937) *Objf impr for speaker vector is 1.70484 per frame, over 2208 frames.
LOG (sgmm2-est-spkvecs-gpost[5.5.208~1-b0fc0]:main():sgmm2-est-spkvecs-gpost.cc:158) For speaker MDWM0, auxf-impr from speaker vector is 1.70484, over 2208 frames.
LOG (sgmm2-post-to-gpost[5.5.208~1-b0fc0]:main():sgmm2-post-to-gpost.cc:168) Avg like per frame so far is -39.747
LOG (sgmm2-est-spkvecs-gpost[5.5.208~1-b0fc0]:UpdateWithU():estimate-am-sgmm2.cc:1937) *Objf impr for speaker vector is 1.43508 per frame, over 1685 frames.
LOG (sgmm2-est-spkvecs-gpost[5.5.208~1-b0fc0]:main():sgmm2-est-spkvecs-gpost.cc:158) For speaker MEAL0, auxf-impr from speaker vector is 1.43508, over 1685 frames.
LOG (weight-silence-post[5.5.208~1-b0fc0]:main():weight-silence-post.cc:95) Done 120 posteriors.
LOG (apply-cmvn[5.5.208~1-b0fc0]:main():apply-cmvn.cc:162) Applied cepstral mean normalization to 120 utterances, errors on 0
LOG (sgmm2-post-to-gpost[5.5.208~1-b0fc0]:main():sgmm2-post-to-gpost.cc:168) Avg like per frame so far is -39.883
LOG (apply-cmvn[5.5.208~1-b0fc0]:main():apply-cmvn.cc:162) Applied cepstral mean normalization to 120 utterances, errors on 0
LOG (sgmm2-est-spkvecs-gpost[5.5.208~1-b0fc0]:UpdateWithU():estimate-am-sgmm2.cc:1937) *Objf impr for speaker vector is 1.39115 per frame, over 1904 frames.
LOG (sgmm2-est-spkvecs-gpost[5.5.208~1-b0fc0]:main():sgmm2-est-spkvecs-gpost.cc:158) For speaker MEDR0, auxf-impr from speaker vector is 1.39115, over 1904 frames.
LOG (transform-feats[5.5.208~1-b0fc0]:main():transform-feats.cc:158) Overall average [pseudo-]logdet is -88.6037 over 34637 frames.
LOG (transform-feats[5.5.208~1-b0fc0]:main():transform-feats.cc:161) Applied transform to 120 utterances; 0 had errors.
LOG (transform-feats[5.5.208~1-b0fc0]:main():transform-feats.cc:158) Overall average [pseudo-]logdet is -88.6037 over 34637 frames.
LOG (transform-feats[5.5.208~1-b0fc0]:main():transform-feats.cc:161) Applied transform to 120 utterances; 0 had errors.
LOG (transform-feats[5.5.208~1-b0fc0]:main():transform-feats.cc:158) Overall average logdet is 2.28541 over 34637 frames.
LOG (transform-feats[5.5.208~1-b0fc0]:main():transform-feats.cc:161) Applied transform to 120 utterances; 0 had errors.
LOG (transform-feats[5.5.208~1-b0fc0]:main():transform-feats.cc:158) Overall average logdet is 2.28541 over 34637 frames.
LOG (transform-feats[5.5.208~1-b0fc0]:main():transform-feats.cc:161) Applied transform to 120 utterances; 0 had errors.
LOG (sgmm2-post-to-gpost[5.5.208~1-b0fc0]:main():sgmm2-post-to-gpost.cc:168) Avg like per frame so far is -39.9208
LOG (sgmm2-post-to-gpost[5.5.208~1-b0fc0]:main():sgmm2-post-to-gpost.cc:173) Overall like per frame (Gaussian only) = -39.9208 over 34637 frames.
LOG (sgmm2-post-to-gpost[5.5.208~1-b0fc0]:main():sgmm2-post-to-gpost.cc:176) Done 120 files, 0 with errors.
LOG (sgmm2-est-spkvecs-gpost[5.5.208~1-b0fc0]:UpdateWithU():estimate-am-sgmm2.cc:1937) *Objf impr for speaker vector is 2.11458 per frame, over 2371 frames.
LOG (sgmm2-est-spkvecs-gpost[5.5.208~1-b0fc0]:main():sgmm2-est-spkvecs-gpost.cc:158) For speaker MEFG0, auxf-impr from speaker vector is 2.11458, over 2371 frames.
LOG (sgmm2-est-spkvecs-gpost[5.5.208~1-b0fc0]:main():sgmm2-est-spkvecs-gpost.cc:208) Done 120 files, 0 with errors.
LOG (sgmm2-est-spkvecs-gpost[5.5.208~1-b0fc0]:main():sgmm2-est-spkvecs-gpost.cc:210) Overall auxf impr per frame is 1.45528 over 31862 frames.
# Accounting: time=8 threads=1
# Ended (code 0) at Wed Feb 27 15:21:30 +07 2019, elapsed time 8 seconds
