# ali-to-post "ark:gunzip -c exp/sgmm2_4_ali/pre_ali.5.gz|" ark:- | weight-silence-post 0.0 1 exp/sgmm2_4/final.alimdl ark:- ark:- | sgmm2-est-spkvecs --spk2utt=ark:data/train/split30/5/spk2utt "--gselect=ark,s,cs:gunzip -c exp/sgmm2_4/gselect.5.gz|" --spk-vecs=ark:exp/sgmm2_4_ali/pre_vecs.5 exp/sgmm2_4/final.mdl "ark,s,cs:apply-cmvn  --utt2spk=ark:data/train/split30/5/utt2spk scp:data/train/split30/5/cmvn.scp scp:data/train/split30/5/feats.scp ark:- | splice-feats --left-context=3 --right-context=3 ark:- ark:- | transform-feats exp/sgmm2_4/final.mat ark:- ark:- | transform-feats --utt2spk=ark:data/train/split30/5/utt2spk ark,s,cs:exp/tri3_ali/trans.5 ark:- ark:- |" ark,s,cs:- ark:exp/sgmm2_4_ali/vecs.5 
# Started at Wed Feb 27 15:22:05 +07 2019
#
sgmm2-est-spkvecs --spk2utt=ark:data/train/split30/5/spk2utt '--gselect=ark,s,cs:gunzip -c exp/sgmm2_4/gselect.5.gz|' --spk-vecs=ark:exp/sgmm2_4_ali/pre_vecs.5 exp/sgmm2_4/final.mdl 'ark,s,cs:apply-cmvn  --utt2spk=ark:data/train/split30/5/utt2spk scp:data/train/split30/5/cmvn.scp scp:data/train/split30/5/feats.scp ark:- | splice-feats --left-context=3 --right-context=3 ark:- ark:- | transform-feats exp/sgmm2_4/final.mat ark:- ark:- | transform-feats --utt2spk=ark:data/train/split30/5/utt2spk ark,s,cs:exp/tri3_ali/trans.5 ark:- ark:- |' ark,s,cs:- ark:exp/sgmm2_4_ali/vecs.5 
weight-silence-post 0.0 1 exp/sgmm2_4/final.alimdl ark:- ark:- 
ali-to-post 'ark:gunzip -c exp/sgmm2_4_ali/pre_ali.5.gz|' ark:- 
splice-feats --left-context=3 --right-context=3 ark:- ark:- 
transform-feats --utt2spk=ark:data/train/split30/5/utt2spk ark,s,cs:exp/tri3_ali/trans.5 ark:- ark:- 
transform-feats exp/sgmm2_4/final.mat ark:- ark:- 
apply-cmvn --utt2spk=ark:data/train/split30/5/utt2spk scp:data/train/split30/5/cmvn.scp scp:data/train/split30/5/feats.scp ark:- 
LOG (sgmm2-est-spkvecs[5.5.208~1-b0fc0]:UpdateWithU():estimate-am-sgmm2.cc:1937) *Objf impr for speaker vector is 0.0328678 per frame, over 2104 frames.
LOG (sgmm2-est-spkvecs[5.5.208~1-b0fc0]:main():sgmm2-est-spkvecs.cc:186) For speaker FKDW0, auxf-impr from speaker vector is 0.0328678, over 2104 frames.
LOG (sgmm2-est-spkvecs[5.5.208~1-b0fc0]:UpdateWithU():estimate-am-sgmm2.cc:1937) *Objf impr for speaker vector is 0.0489667 per frame, over 2549 frames.
LOG (sgmm2-est-spkvecs[5.5.208~1-b0fc0]:main():sgmm2-est-spkvecs.cc:186) For speaker FKFB0, auxf-impr from speaker vector is 0.0489667, over 2549 frames.
LOG (sgmm2-est-spkvecs[5.5.208~1-b0fc0]:UpdateWithU():estimate-am-sgmm2.cc:1937) *Objf impr for speaker vector is 0.0237675 per frame, over 2348 frames.
LOG (sgmm2-est-spkvecs[5.5.208~1-b0fc0]:main():sgmm2-est-spkvecs.cc:186) For speaker FKKH0, auxf-impr from speaker vector is 0.0237675, over 2348 frames.
LOG (sgmm2-est-spkvecs[5.5.208~1-b0fc0]:UpdateWithU():estimate-am-sgmm2.cc:1937) *Objf impr for speaker vector is 0.0360929 per frame, over 2383 frames.
LOG (sgmm2-est-spkvecs[5.5.208~1-b0fc0]:main():sgmm2-est-spkvecs.cc:186) For speaker FKLC0, auxf-impr from speaker vector is 0.0360929, over 2383 frames.
LOG (sgmm2-est-spkvecs[5.5.208~1-b0fc0]:UpdateWithU():estimate-am-sgmm2.cc:1937) *Objf impr for speaker vector is 0.029248 per frame, over 2182 frames.
LOG (sgmm2-est-spkvecs[5.5.208~1-b0fc0]:main():sgmm2-est-spkvecs.cc:186) For speaker FKLC1, auxf-impr from speaker vector is 0.029248, over 2182 frames.
LOG (sgmm2-est-spkvecs[5.5.208~1-b0fc0]:UpdateWithU():estimate-am-sgmm2.cc:1937) *Objf impr for speaker vector is 0.030235 per frame, over 2198 frames.
LOG (sgmm2-est-spkvecs[5.5.208~1-b0fc0]:main():sgmm2-est-spkvecs.cc:186) For speaker FKLH0, auxf-impr from speaker vector is 0.030235, over 2198 frames.
LOG (sgmm2-est-spkvecs[5.5.208~1-b0fc0]:UpdateWithU():estimate-am-sgmm2.cc:1937) *Objf impr for speaker vector is 0.0283473 per frame, over 2223 frames.
LOG (sgmm2-est-spkvecs[5.5.208~1-b0fc0]:main():sgmm2-est-spkvecs.cc:186) For speaker FKSR0, auxf-impr from speaker vector is 0.0283473, over 2223 frames.
LOG (sgmm2-est-spkvecs[5.5.208~1-b0fc0]:UpdateWithU():estimate-am-sgmm2.cc:1937) *Objf impr for speaker vector is 0.029939 per frame, over 2073 frames.
LOG (sgmm2-est-spkvecs[5.5.208~1-b0fc0]:main():sgmm2-est-spkvecs.cc:186) For speaker FLAC0, auxf-impr from speaker vector is 0.029939, over 2073 frames.
LOG (sgmm2-est-spkvecs[5.5.208~1-b0fc0]:UpdateWithU():estimate-am-sgmm2.cc:1937) *Objf impr for speaker vector is 0.0123973 per frame, over 2382 frames.
LOG (sgmm2-est-spkvecs[5.5.208~1-b0fc0]:main():sgmm2-est-spkvecs.cc:186) For speaker FLAG0, auxf-impr from speaker vector is 0.0123973, over 2382 frames.
LOG (sgmm2-est-spkvecs[5.5.208~1-b0fc0]:UpdateWithU():estimate-am-sgmm2.cc:1937) *Objf impr for speaker vector is 0.0105959 per frame, over 2265 frames.
LOG (sgmm2-est-spkvecs[5.5.208~1-b0fc0]:main():sgmm2-est-spkvecs.cc:186) For speaker FLEH0, auxf-impr from speaker vector is 0.0105959, over 2265 frames.
LOG (sgmm2-est-spkvecs[5.5.208~1-b0fc0]:UpdateWithU():estimate-am-sgmm2.cc:1937) *Objf impr for speaker vector is 0.0191604 per frame, over 2119 frames.
LOG (sgmm2-est-spkvecs[5.5.208~1-b0fc0]:main():sgmm2-est-spkvecs.cc:186) For speaker FLET0, auxf-impr from speaker vector is 0.0191604, over 2119 frames.
LOG (ali-to-post[5.5.208~1-b0fc0]:main():ali-to-post.cc:73) Converted 120 alignments.
LOG (sgmm2-est-spkvecs[5.5.208~1-b0fc0]:UpdateWithU():estimate-am-sgmm2.cc:1937) *Objf impr for speaker vector is 0.0199779 per frame, over 2078 frames.
LOG (sgmm2-est-spkvecs[5.5.208~1-b0fc0]:main():sgmm2-est-spkvecs.cc:186) For speaker FLHD0, auxf-impr from speaker vector is 0.0199779, over 2078 frames.
LOG (sgmm2-est-spkvecs[5.5.208~1-b0fc0]:UpdateWithU():estimate-am-sgmm2.cc:1937) *Objf impr for speaker vector is 0.0309406 per frame, over 2393 frames.
LOG (sgmm2-est-spkvecs[5.5.208~1-b0fc0]:main():sgmm2-est-spkvecs.cc:186) For speaker FLJA0, auxf-impr from speaker vector is 0.0309406, over 2393 frames.
LOG (weight-silence-post[5.5.208~1-b0fc0]:main():weight-silence-post.cc:95) Done 120 posteriors.
LOG (apply-cmvn[5.5.208~1-b0fc0]:main():apply-cmvn.cc:162) Applied cepstral mean normalization to 120 utterances, errors on 0
LOG (sgmm2-est-spkvecs[5.5.208~1-b0fc0]:UpdateWithU():estimate-am-sgmm2.cc:1937) *Objf impr for speaker vector is 0.0210049 per frame, over 2200 frames.
LOG (sgmm2-est-spkvecs[5.5.208~1-b0fc0]:main():sgmm2-est-spkvecs.cc:186) For speaker FLJD0, auxf-impr from speaker vector is 0.0210049, over 2200 frames.
LOG (transform-feats[5.5.208~1-b0fc0]:main():transform-feats.cc:158) Overall average [pseudo-]logdet is -88.6037 over 37414 frames.
LOG (transform-feats[5.5.208~1-b0fc0]:main():transform-feats.cc:161) Applied transform to 120 utterances; 0 had errors.
LOG (transform-feats[5.5.208~1-b0fc0]:main():transform-feats.cc:158) Overall average logdet is 1.66888 over 37414 frames.
LOG (transform-feats[5.5.208~1-b0fc0]:main():transform-feats.cc:161) Applied transform to 120 utterances; 0 had errors.
LOG (sgmm2-est-spkvecs[5.5.208~1-b0fc0]:UpdateWithU():estimate-am-sgmm2.cc:1937) *Objf impr for speaker vector is 0.0319916 per frame, over 2468 frames.
LOG (sgmm2-est-spkvecs[5.5.208~1-b0fc0]:main():sgmm2-est-spkvecs.cc:186) For speaker FLJG0, auxf-impr from speaker vector is 0.0319916, over 2468 frames.
LOG (sgmm2-est-spkvecs[5.5.208~1-b0fc0]:main():sgmm2-est-spkvecs.cc:250) Overall auxf impr per frame is 0.0272631 over 33965 frames.
LOG (sgmm2-est-spkvecs[5.5.208~1-b0fc0]:main():sgmm2-est-spkvecs.cc:252) Done 120 files, 0 with errors.
# Accounting: time=5 threads=1
# Ended (code 0) at Wed Feb 27 15:22:10 +07 2019, elapsed time 5 seconds
