# ali-to-post "ark:gunzip -c exp/sgmm2_4_ali/pre_ali.8.gz|" ark:- | weight-silence-post 0.0 1 exp/sgmm2_4/final.alimdl ark:- ark:- | sgmm2-post-to-gpost "--gselect=ark,s,cs:gunzip -c exp/sgmm2_4/gselect.8.gz|" exp/sgmm2_4/final.alimdl "ark,s,cs:apply-cmvn  --utt2spk=ark:data/train/split30/8/utt2spk scp:data/train/split30/8/cmvn.scp scp:data/train/split30/8/feats.scp ark:- | splice-feats --left-context=3 --right-context=3 ark:- ark:- | transform-feats exp/sgmm2_4/final.mat ark:- ark:- | transform-feats --utt2spk=ark:data/train/split30/8/utt2spk ark,s,cs:exp/tri3_ali/trans.8 ark:- ark:- |" ark:- ark:- | sgmm2-est-spkvecs-gpost --spk2utt=ark:data/train/split30/8/spk2utt exp/sgmm2_4/final.mdl "ark,s,cs:apply-cmvn  --utt2spk=ark:data/train/split30/8/utt2spk scp:data/train/split30/8/cmvn.scp scp:data/train/split30/8/feats.scp ark:- | splice-feats --left-context=3 --right-context=3 ark:- ark:- | transform-feats exp/sgmm2_4/final.mat ark:- ark:- | transform-feats --utt2spk=ark:data/train/split30/8/utt2spk ark,s,cs:exp/tri3_ali/trans.8 ark:- ark:- |" ark,s,cs:- ark:exp/sgmm2_4_ali/pre_vecs.8 
# Started at Wed Feb 27 15:21:07 +07 2019
#
weight-silence-post 0.0 1 exp/sgmm2_4/final.alimdl ark:- ark:- 
ali-to-post 'ark:gunzip -c exp/sgmm2_4_ali/pre_ali.8.gz|' ark:- 
sgmm2-post-to-gpost '--gselect=ark,s,cs:gunzip -c exp/sgmm2_4/gselect.8.gz|' exp/sgmm2_4/final.alimdl 'ark,s,cs:apply-cmvn  --utt2spk=ark:data/train/split30/8/utt2spk scp:data/train/split30/8/cmvn.scp scp:data/train/split30/8/feats.scp ark:- | splice-feats --left-context=3 --right-context=3 ark:- ark:- | transform-feats exp/sgmm2_4/final.mat ark:- ark:- | transform-feats --utt2spk=ark:data/train/split30/8/utt2spk ark,s,cs:exp/tri3_ali/trans.8 ark:- ark:- |' ark:- ark:- 
sgmm2-est-spkvecs-gpost --spk2utt=ark:data/train/split30/8/spk2utt exp/sgmm2_4/final.mdl 'ark,s,cs:apply-cmvn  --utt2spk=ark:data/train/split30/8/utt2spk scp:data/train/split30/8/cmvn.scp scp:data/train/split30/8/feats.scp ark:- | splice-feats --left-context=3 --right-context=3 ark:- ark:- | transform-feats exp/sgmm2_4/final.mat ark:- ark:- | transform-feats --utt2spk=ark:data/train/split30/8/utt2spk ark,s,cs:exp/tri3_ali/trans.8 ark:- ark:- |' ark,s,cs:- ark:exp/sgmm2_4_ali/pre_vecs.8 
transform-feats --utt2spk=ark:data/train/split30/8/utt2spk ark,s,cs:exp/tri3_ali/trans.8 ark:- ark:- 
transform-feats exp/sgmm2_4/final.mat ark:- ark:- 
apply-cmvn --utt2spk=ark:data/train/split30/8/utt2spk scp:data/train/split30/8/cmvn.scp scp:data/train/split30/8/feats.scp ark:- 
splice-feats --left-context=3 --right-context=3 ark:- ark:- 
transform-feats --utt2spk=ark:data/train/split30/8/utt2spk ark,s,cs:exp/tri3_ali/trans.8 ark:- ark:- 
transform-feats exp/sgmm2_4/final.mat ark:- ark:- 
splice-feats --left-context=3 --right-context=3 ark:- ark:- 
apply-cmvn --utt2spk=ark:data/train/split30/8/utt2spk scp:data/train/split30/8/cmvn.scp scp:data/train/split30/8/feats.scp ark:- 
LOG (sgmm2-est-spkvecs-gpost[5.5.208~1-b0fc0]:UpdateWithU():estimate-am-sgmm2.cc:1937) *Objf impr for speaker vector is 2.00944 per frame, over 2133 frames.
LOG (sgmm2-est-spkvecs-gpost[5.5.208~1-b0fc0]:main():sgmm2-est-spkvecs-gpost.cc:158) For speaker FSAK0, auxf-impr from speaker vector is 2.00944, over 2133 frames.
LOG (sgmm2-post-to-gpost[5.5.208~1-b0fc0]:main():sgmm2-post-to-gpost.cc:168) Avg like per frame so far is -40.9291
LOG (sgmm2-est-spkvecs-gpost[5.5.208~1-b0fc0]:UpdateWithU():estimate-am-sgmm2.cc:1937) *Objf impr for speaker vector is 1.94056 per frame, over 2429 frames.
LOG (sgmm2-est-spkvecs-gpost[5.5.208~1-b0fc0]:main():sgmm2-est-spkvecs-gpost.cc:158) For speaker FSBK0, auxf-impr from speaker vector is 1.94056, over 2429 frames.
LOG (sgmm2-post-to-gpost[5.5.208~1-b0fc0]:main():sgmm2-post-to-gpost.cc:168) Avg like per frame so far is -39.4853
LOG (sgmm2-est-spkvecs-gpost[5.5.208~1-b0fc0]:UpdateWithU():estimate-am-sgmm2.cc:1937) *Objf impr for speaker vector is 2.39251 per frame, over 2657 frames.
LOG (sgmm2-est-spkvecs-gpost[5.5.208~1-b0fc0]:main():sgmm2-est-spkvecs-gpost.cc:158) For speaker FSCN0, auxf-impr from speaker vector is 2.39251, over 2657 frames.
LOG (sgmm2-post-to-gpost[5.5.208~1-b0fc0]:main():sgmm2-post-to-gpost.cc:168) Avg like per frame so far is -39.4243
LOG (sgmm2-est-spkvecs-gpost[5.5.208~1-b0fc0]:UpdateWithU():estimate-am-sgmm2.cc:1937) *Objf impr for speaker vector is 1.64145 per frame, over 2090 frames.
LOG (sgmm2-est-spkvecs-gpost[5.5.208~1-b0fc0]:main():sgmm2-est-spkvecs-gpost.cc:158) For speaker FSDC0, auxf-impr from speaker vector is 1.64145, over 2090 frames.
LOG (sgmm2-post-to-gpost[5.5.208~1-b0fc0]:main():sgmm2-post-to-gpost.cc:168) Avg like per frame so far is -39.7827
LOG (sgmm2-est-spkvecs-gpost[5.5.208~1-b0fc0]:UpdateWithU():estimate-am-sgmm2.cc:1937) *Objf impr for speaker vector is 1.78243 per frame, over 1930 frames.
LOG (sgmm2-est-spkvecs-gpost[5.5.208~1-b0fc0]:main():sgmm2-est-spkvecs-gpost.cc:158) For speaker FSDJ0, auxf-impr from speaker vector is 1.78243, over 1930 frames.
LOG (sgmm2-est-spkvecs-gpost[5.5.208~1-b0fc0]:UpdateWithU():estimate-am-sgmm2.cc:1937) *Objf impr for speaker vector is 2.1643 per frame, over 2126 frames.
LOG (sgmm2-est-spkvecs-gpost[5.5.208~1-b0fc0]:main():sgmm2-est-spkvecs-gpost.cc:158) For speaker FSGF0, auxf-impr from speaker vector is 2.1643, over 2126 frames.
LOG (sgmm2-post-to-gpost[5.5.208~1-b0fc0]:main():sgmm2-post-to-gpost.cc:168) Avg like per frame so far is -39.4994
LOG (sgmm2-est-spkvecs-gpost[5.5.208~1-b0fc0]:UpdateWithU():estimate-am-sgmm2.cc:1937) *Objf impr for speaker vector is 2.02185 per frame, over 3115 frames.
LOG (sgmm2-est-spkvecs-gpost[5.5.208~1-b0fc0]:main():sgmm2-est-spkvecs-gpost.cc:158) For speaker FSJG0, auxf-impr from speaker vector is 2.02185, over 3115 frames.
LOG (sgmm2-post-to-gpost[5.5.208~1-b0fc0]:main():sgmm2-post-to-gpost.cc:168) Avg like per frame so far is -39.5877
LOG (sgmm2-est-spkvecs-gpost[5.5.208~1-b0fc0]:UpdateWithU():estimate-am-sgmm2.cc:1937) *Objf impr for speaker vector is 1.47457 per frame, over 1979 frames.
LOG (sgmm2-est-spkvecs-gpost[5.5.208~1-b0fc0]:main():sgmm2-est-spkvecs-gpost.cc:158) For speaker FSJK1, auxf-impr from speaker vector is 1.47457, over 1979 frames.
LOG (sgmm2-post-to-gpost[5.5.208~1-b0fc0]:main():sgmm2-post-to-gpost.cc:168) Avg like per frame so far is -39.4412
LOG (sgmm2-est-spkvecs-gpost[5.5.208~1-b0fc0]:UpdateWithU():estimate-am-sgmm2.cc:1937) *Objf impr for speaker vector is 2.40567 per frame, over 2341 frames.
LOG (sgmm2-est-spkvecs-gpost[5.5.208~1-b0fc0]:main():sgmm2-est-spkvecs-gpost.cc:158) For speaker FSJS0, auxf-impr from speaker vector is 2.40567, over 2341 frames.
LOG (sgmm2-post-to-gpost[5.5.208~1-b0fc0]:main():sgmm2-post-to-gpost.cc:168) Avg like per frame so far is -39.423
LOG (sgmm2-est-spkvecs-gpost[5.5.208~1-b0fc0]:UpdateWithU():estimate-am-sgmm2.cc:1937) *Objf impr for speaker vector is 1.92849 per frame, over 2275 frames.
LOG (sgmm2-est-spkvecs-gpost[5.5.208~1-b0fc0]:main():sgmm2-est-spkvecs-gpost.cc:158) For speaker FSJW0, auxf-impr from speaker vector is 1.92849, over 2275 frames.
LOG (sgmm2-est-spkvecs-gpost[5.5.208~1-b0fc0]:UpdateWithU():estimate-am-sgmm2.cc:1937) *Objf impr for speaker vector is 1.08957 per frame, over 2087 frames.
LOG (sgmm2-est-spkvecs-gpost[5.5.208~1-b0fc0]:main():sgmm2-est-spkvecs-gpost.cc:158) For speaker FSKC0, auxf-impr from speaker vector is 1.08957, over 2087 frames.
LOG (sgmm2-post-to-gpost[5.5.208~1-b0fc0]:main():sgmm2-post-to-gpost.cc:168) Avg like per frame so far is -39.3198
LOG (sgmm2-est-spkvecs-gpost[5.5.208~1-b0fc0]:UpdateWithU():estimate-am-sgmm2.cc:1937) *Objf impr for speaker vector is 1.62732 per frame, over 2125 frames.
LOG (sgmm2-est-spkvecs-gpost[5.5.208~1-b0fc0]:main():sgmm2-est-spkvecs-gpost.cc:158) For speaker FSKL0, auxf-impr from speaker vector is 1.62732, over 2125 frames.
LOG (sgmm2-post-to-gpost[5.5.208~1-b0fc0]:main():sgmm2-post-to-gpost.cc:168) Avg like per frame so far is -39.2884
LOG (ali-to-post[5.5.208~1-b0fc0]:main():ali-to-post.cc:73) Converted 128 alignments.
LOG (sgmm2-est-spkvecs-gpost[5.5.208~1-b0fc0]:UpdateWithU():estimate-am-sgmm2.cc:1937) *Objf impr for speaker vector is 3.00892 per frame, over 2011 frames.
LOG (sgmm2-est-spkvecs-gpost[5.5.208~1-b0fc0]:main():sgmm2-est-spkvecs-gpost.cc:158) For speaker FSKP0, auxf-impr from speaker vector is 3.00892, over 2011 frames.
LOG (sgmm2-post-to-gpost[5.5.208~1-b0fc0]:main():sgmm2-post-to-gpost.cc:168) Avg like per frame so far is -39.3203
LOG (sgmm2-est-spkvecs-gpost[5.5.208~1-b0fc0]:UpdateWithU():estimate-am-sgmm2.cc:1937) *Objf impr for speaker vector is 1.72079 per frame, over 2208 frames.
LOG (sgmm2-est-spkvecs-gpost[5.5.208~1-b0fc0]:main():sgmm2-est-spkvecs-gpost.cc:158) For speaker FSLS0, auxf-impr from speaker vector is 1.72079, over 2208 frames.
LOG (weight-silence-post[5.5.208~1-b0fc0]:main():weight-silence-post.cc:95) Done 128 posteriors.
LOG (apply-cmvn[5.5.208~1-b0fc0]:main():apply-cmvn.cc:162) Applied cepstral mean normalization to 128 utterances, errors on 0
LOG (sgmm2-post-to-gpost[5.5.208~1-b0fc0]:main():sgmm2-post-to-gpost.cc:168) Avg like per frame so far is -39.3565
LOG (apply-cmvn[5.5.208~1-b0fc0]:main():apply-cmvn.cc:162) Applied cepstral mean normalization to 128 utterances, errors on 0
LOG (sgmm2-est-spkvecs-gpost[5.5.208~1-b0fc0]:UpdateWithU():estimate-am-sgmm2.cc:1937) *Objf impr for speaker vector is 1.51628 per frame, over 2400 frames.
LOG (sgmm2-est-spkvecs-gpost[5.5.208~1-b0fc0]:main():sgmm2-est-spkvecs-gpost.cc:158) For speaker FSMA0, auxf-impr from speaker vector is 1.51628, over 2400 frames.
LOG (transform-feats[5.5.208~1-b0fc0]:main():transform-feats.cc:158) Overall average [pseudo-]logdet is -88.6037 over 39697 frames.
LOG (transform-feats[5.5.208~1-b0fc0]:main():transform-feats.cc:161) Applied transform to 128 utterances; 0 had errors.
LOG (transform-feats[5.5.208~1-b0fc0]:main():transform-feats.cc:158) Overall average [pseudo-]logdet is -88.6037 over 39697 frames.
LOG (transform-feats[5.5.208~1-b0fc0]:main():transform-feats.cc:161) Applied transform to 128 utterances; 0 had errors.
LOG (transform-feats[5.5.208~1-b0fc0]:main():transform-feats.cc:158) Overall average logdet is 1.39241 over 39697 frames.
LOG (transform-feats[5.5.208~1-b0fc0]:main():transform-feats.cc:161) Applied transform to 128 utterances; 0 had errors.
LOG (transform-feats[5.5.208~1-b0fc0]:main():transform-feats.cc:158) Overall average logdet is 1.39241 over 39697 frames.
LOG (transform-feats[5.5.208~1-b0fc0]:main():transform-feats.cc:161) Applied transform to 128 utterances; 0 had errors.
LOG (sgmm2-post-to-gpost[5.5.208~1-b0fc0]:main():sgmm2-post-to-gpost.cc:173) Overall like per frame (Gaussian only) = -39.4155 over 39697 frames.
LOG (sgmm2-post-to-gpost[5.5.208~1-b0fc0]:main():sgmm2-post-to-gpost.cc:176) Done 128 files, 0 with errors.
LOG (sgmm2-est-spkvecs-gpost[5.5.208~1-b0fc0]:UpdateWithU():estimate-am-sgmm2.cc:1937) *Objf impr for speaker vector is 1.63932 per frame, over 2357 frames.
LOG (sgmm2-est-spkvecs-gpost[5.5.208~1-b0fc0]:main():sgmm2-est-spkvecs-gpost.cc:158) For speaker FSMM0, auxf-impr from speaker vector is 1.63932, over 2357 frames.
LOG (sgmm2-est-spkvecs-gpost[5.5.208~1-b0fc0]:main():sgmm2-est-spkvecs-gpost.cc:208) Done 128 files, 0 with errors.
LOG (sgmm2-est-spkvecs-gpost[5.5.208~1-b0fc0]:main():sgmm2-est-spkvecs-gpost.cc:210) Overall auxf impr per frame is 1.90688 over 36263 frames.
# Accounting: time=8 threads=1
# Ended (code 0) at Wed Feb 27 15:21:15 +07 2019, elapsed time 8 seconds
