# ali-to-post "ark:gunzip -c exp/sgmm2_4_ali/pre_ali.19.gz|" ark:- | weight-silence-post 0.0 1 exp/sgmm2_4/final.alimdl ark:- ark:- | sgmm2-est-spkvecs --spk2utt=ark:data/train/split30/19/spk2utt "--gselect=ark,s,cs:gunzip -c exp/sgmm2_4/gselect.19.gz|" --spk-vecs=ark:exp/sgmm2_4_ali/pre_vecs.19 exp/sgmm2_4/final.mdl "ark,s,cs:apply-cmvn  --utt2spk=ark:data/train/split30/19/utt2spk scp:data/train/split30/19/cmvn.scp scp:data/train/split30/19/feats.scp ark:- | splice-feats --left-context=3 --right-context=3 ark:- ark:- | transform-feats exp/sgmm2_4/final.mat ark:- ark:- | transform-feats --utt2spk=ark:data/train/split30/19/utt2spk ark,s,cs:exp/tri3_ali/trans.19 ark:- ark:- |" ark,s,cs:- ark:exp/sgmm2_4_ali/vecs.19 
# Started at Wed Feb 27 15:22:21 +07 2019
#
sgmm2-est-spkvecs --spk2utt=ark:data/train/split30/19/spk2utt '--gselect=ark,s,cs:gunzip -c exp/sgmm2_4/gselect.19.gz|' --spk-vecs=ark:exp/sgmm2_4_ali/pre_vecs.19 exp/sgmm2_4/final.mdl 'ark,s,cs:apply-cmvn  --utt2spk=ark:data/train/split30/19/utt2spk scp:data/train/split30/19/cmvn.scp scp:data/train/split30/19/feats.scp ark:- | splice-feats --left-context=3 --right-context=3 ark:- ark:- | transform-feats exp/sgmm2_4/final.mat ark:- ark:- | transform-feats --utt2spk=ark:data/train/split30/19/utt2spk ark,s,cs:exp/tri3_ali/trans.19 ark:- ark:- |' ark,s,cs:- ark:exp/sgmm2_4_ali/vecs.19 
ali-to-post 'ark:gunzip -c exp/sgmm2_4_ali/pre_ali.19.gz|' ark:- 
weight-silence-post 0.0 1 exp/sgmm2_4/final.alimdl ark:- ark:- 
transform-feats --utt2spk=ark:data/train/split30/19/utt2spk ark,s,cs:exp/tri3_ali/trans.19 ark:- ark:- 
apply-cmvn --utt2spk=ark:data/train/split30/19/utt2spk scp:data/train/split30/19/cmvn.scp scp:data/train/split30/19/feats.scp ark:- 
splice-feats --left-context=3 --right-context=3 ark:- ark:- 
transform-feats exp/sgmm2_4/final.mat ark:- ark:- 
LOG (sgmm2-est-spkvecs[5.5.208~1-b0fc0]:UpdateWithU():estimate-am-sgmm2.cc:1937) *Objf impr for speaker vector is 0.0259173 per frame, over 2198 frames.
LOG (sgmm2-est-spkvecs[5.5.208~1-b0fc0]:main():sgmm2-est-spkvecs.cc:186) For speaker MJRH0, auxf-impr from speaker vector is 0.0259173, over 2198 frames.
LOG (sgmm2-est-spkvecs[5.5.208~1-b0fc0]:UpdateWithU():estimate-am-sgmm2.cc:1937) *Objf impr for speaker vector is 0.0230007 per frame, over 2245 frames.
LOG (sgmm2-est-spkvecs[5.5.208~1-b0fc0]:main():sgmm2-est-spkvecs.cc:186) For speaker MJRH1, auxf-impr from speaker vector is 0.0230007, over 2245 frames.
LOG (sgmm2-est-spkvecs[5.5.208~1-b0fc0]:UpdateWithU():estimate-am-sgmm2.cc:1937) *Objf impr for speaker vector is 0.0333389 per frame, over 2048 frames.
LOG (sgmm2-est-spkvecs[5.5.208~1-b0fc0]:main():sgmm2-est-spkvecs.cc:186) For speaker MJRK0, auxf-impr from speaker vector is 0.0333389, over 2048 frames.
LOG (sgmm2-est-spkvecs[5.5.208~1-b0fc0]:UpdateWithU():estimate-am-sgmm2.cc:1937) *Objf impr for speaker vector is 0.0166399 per frame, over 1983 frames.
LOG (sgmm2-est-spkvecs[5.5.208~1-b0fc0]:main():sgmm2-est-spkvecs.cc:186) For speaker MJRP0, auxf-impr from speaker vector is 0.0166399, over 1983 frames.
LOG (sgmm2-est-spkvecs[5.5.208~1-b0fc0]:UpdateWithU():estimate-am-sgmm2.cc:1937) *Objf impr for speaker vector is 0.0411005 per frame, over 2539 frames.
LOG (sgmm2-est-spkvecs[5.5.208~1-b0fc0]:main():sgmm2-est-spkvecs.cc:186) For speaker MJSR0, auxf-impr from speaker vector is 0.0411005, over 2539 frames.
LOG (sgmm2-est-spkvecs[5.5.208~1-b0fc0]:UpdateWithU():estimate-am-sgmm2.cc:1937) *Objf impr for speaker vector is 0.0224817 per frame, over 2308 frames.
LOG (sgmm2-est-spkvecs[5.5.208~1-b0fc0]:main():sgmm2-est-spkvecs.cc:186) For speaker MJWG0, auxf-impr from speaker vector is 0.0224817, over 2308 frames.
LOG (sgmm2-est-spkvecs[5.5.208~1-b0fc0]:UpdateWithU():estimate-am-sgmm2.cc:1937) *Objf impr for speaker vector is 0.0155177 per frame, over 2460 frames.
LOG (sgmm2-est-spkvecs[5.5.208~1-b0fc0]:main():sgmm2-est-spkvecs.cc:186) For speaker MJWS0, auxf-impr from speaker vector is 0.0155177, over 2460 frames.
LOG (sgmm2-est-spkvecs[5.5.208~1-b0fc0]:UpdateWithU():estimate-am-sgmm2.cc:1937) *Objf impr for speaker vector is 0.0499724 per frame, over 2450 frames.
LOG (sgmm2-est-spkvecs[5.5.208~1-b0fc0]:main():sgmm2-est-spkvecs.cc:186) For speaker MJWT0, auxf-impr from speaker vector is 0.0499724, over 2450 frames.
LOG (sgmm2-est-spkvecs[5.5.208~1-b0fc0]:UpdateWithU():estimate-am-sgmm2.cc:1937) *Objf impr for speaker vector is 0.0165441 per frame, over 2053 frames.
LOG (sgmm2-est-spkvecs[5.5.208~1-b0fc0]:main():sgmm2-est-spkvecs.cc:186) For speaker MJXA0, auxf-impr from speaker vector is 0.0165441, over 2053 frames.
LOG (sgmm2-est-spkvecs[5.5.208~1-b0fc0]:UpdateWithU():estimate-am-sgmm2.cc:1937) *Objf impr for speaker vector is 0.0134848 per frame, over 2314 frames.
LOG (sgmm2-est-spkvecs[5.5.208~1-b0fc0]:main():sgmm2-est-spkvecs.cc:186) For speaker MJXL0, auxf-impr from speaker vector is 0.0134848, over 2314 frames.
LOG (sgmm2-est-spkvecs[5.5.208~1-b0fc0]:UpdateWithU():estimate-am-sgmm2.cc:1937) *Objf impr for speaker vector is 0.0237011 per frame, over 2381 frames.
LOG (sgmm2-est-spkvecs[5.5.208~1-b0fc0]:main():sgmm2-est-spkvecs.cc:186) For speaker MKAG0, auxf-impr from speaker vector is 0.0237011, over 2381 frames.
LOG (ali-to-post[5.5.208~1-b0fc0]:main():ali-to-post.cc:73) Converted 120 alignments.
LOG (sgmm2-est-spkvecs[5.5.208~1-b0fc0]:UpdateWithU():estimate-am-sgmm2.cc:1937) *Objf impr for speaker vector is 0.0309949 per frame, over 2206 frames.
LOG (sgmm2-est-spkvecs[5.5.208~1-b0fc0]:main():sgmm2-est-spkvecs.cc:186) For speaker MKAH0, auxf-impr from speaker vector is 0.0309949, over 2206 frames.
LOG (sgmm2-est-spkvecs[5.5.208~1-b0fc0]:UpdateWithU():estimate-am-sgmm2.cc:1937) *Objf impr for speaker vector is 0.021282 per frame, over 1818 frames.
LOG (sgmm2-est-spkvecs[5.5.208~1-b0fc0]:main():sgmm2-est-spkvecs.cc:186) For speaker MKAJ0, auxf-impr from speaker vector is 0.021282, over 1818 frames.
LOG (weight-silence-post[5.5.208~1-b0fc0]:main():weight-silence-post.cc:95) Done 120 posteriors.
LOG (apply-cmvn[5.5.208~1-b0fc0]:main():apply-cmvn.cc:162) Applied cepstral mean normalization to 120 utterances, errors on 0
LOG (sgmm2-est-spkvecs[5.5.208~1-b0fc0]:UpdateWithU():estimate-am-sgmm2.cc:1937) *Objf impr for speaker vector is 0.0182039 per frame, over 2343 frames.
LOG (sgmm2-est-spkvecs[5.5.208~1-b0fc0]:main():sgmm2-est-spkvecs.cc:186) For speaker MKAM0, auxf-impr from speaker vector is 0.0182039, over 2343 frames.
LOG (transform-feats[5.5.208~1-b0fc0]:main():transform-feats.cc:158) Overall average [pseudo-]logdet is -88.6037 over 37105 frames.
LOG (transform-feats[5.5.208~1-b0fc0]:main():transform-feats.cc:161) Applied transform to 120 utterances; 0 had errors.
LOG (transform-feats[5.5.208~1-b0fc0]:main():transform-feats.cc:158) Overall average logdet is 3.09526 over 37105 frames.
LOG (transform-feats[5.5.208~1-b0fc0]:main():transform-feats.cc:161) Applied transform to 120 utterances; 0 had errors.
LOG (sgmm2-est-spkvecs[5.5.208~1-b0fc0]:UpdateWithU():estimate-am-sgmm2.cc:1937) *Objf impr for speaker vector is 0.0115082 per frame, over 2222 frames.
LOG (sgmm2-est-spkvecs[5.5.208~1-b0fc0]:main():sgmm2-est-spkvecs.cc:186) For speaker MKDB0, auxf-impr from speaker vector is 0.0115082, over 2222 frames.
LOG (sgmm2-est-spkvecs[5.5.208~1-b0fc0]:main():sgmm2-est-spkvecs.cc:250) Overall auxf impr per frame is 0.0245357 over 33568 frames.
LOG (sgmm2-est-spkvecs[5.5.208~1-b0fc0]:main():sgmm2-est-spkvecs.cc:252) Done 120 files, 0 with errors.
# Accounting: time=5 threads=1
# Ended (code 0) at Wed Feb 27 15:22:26 +07 2019, elapsed time 5 seconds
