# ali-to-post "ark:gunzip -c exp/sgmm2_4_ali/pre_ali.23.gz|" ark:- | weight-silence-post 0.0 1 exp/sgmm2_4/final.alimdl ark:- ark:- | sgmm2-post-to-gpost "--gselect=ark,s,cs:gunzip -c exp/sgmm2_4/gselect.23.gz|" exp/sgmm2_4/final.alimdl "ark,s,cs:apply-cmvn  --utt2spk=ark:data/train/split30/23/utt2spk scp:data/train/split30/23/cmvn.scp scp:data/train/split30/23/feats.scp ark:- | splice-feats --left-context=3 --right-context=3 ark:- ark:- | transform-feats exp/sgmm2_4/final.mat ark:- ark:- | transform-feats --utt2spk=ark:data/train/split30/23/utt2spk ark,s,cs:exp/tri3_ali/trans.23 ark:- ark:- |" ark:- ark:- | sgmm2-est-spkvecs-gpost --spk2utt=ark:data/train/split30/23/spk2utt exp/sgmm2_4/final.mdl "ark,s,cs:apply-cmvn  --utt2spk=ark:data/train/split30/23/utt2spk scp:data/train/split30/23/cmvn.scp scp:data/train/split30/23/feats.scp ark:- | splice-feats --left-context=3 --right-context=3 ark:- ark:- | transform-feats exp/sgmm2_4/final.mat ark:- ark:- | transform-feats --utt2spk=ark:data/train/split30/23/utt2spk ark,s,cs:exp/tri3_ali/trans.23 ark:- ark:- |" ark,s,cs:- ark:exp/sgmm2_4_ali/pre_vecs.23 
# Started at Wed Feb 27 15:21:39 +07 2019
#
ali-to-post 'ark:gunzip -c exp/sgmm2_4_ali/pre_ali.23.gz|' ark:- 
weight-silence-post 0.0 1 exp/sgmm2_4/final.alimdl ark:- ark:- 
sgmm2-post-to-gpost '--gselect=ark,s,cs:gunzip -c exp/sgmm2_4/gselect.23.gz|' exp/sgmm2_4/final.alimdl 'ark,s,cs:apply-cmvn  --utt2spk=ark:data/train/split30/23/utt2spk scp:data/train/split30/23/cmvn.scp scp:data/train/split30/23/feats.scp ark:- | splice-feats --left-context=3 --right-context=3 ark:- ark:- | transform-feats exp/sgmm2_4/final.mat ark:- ark:- | transform-feats --utt2spk=ark:data/train/split30/23/utt2spk ark,s,cs:exp/tri3_ali/trans.23 ark:- ark:- |' ark:- ark:- 
sgmm2-est-spkvecs-gpost --spk2utt=ark:data/train/split30/23/spk2utt exp/sgmm2_4/final.mdl 'ark,s,cs:apply-cmvn  --utt2spk=ark:data/train/split30/23/utt2spk scp:data/train/split30/23/cmvn.scp scp:data/train/split30/23/feats.scp ark:- | splice-feats --left-context=3 --right-context=3 ark:- ark:- | transform-feats exp/sgmm2_4/final.mat ark:- ark:- | transform-feats --utt2spk=ark:data/train/split30/23/utt2spk ark,s,cs:exp/tri3_ali/trans.23 ark:- ark:- |' ark,s,cs:- ark:exp/sgmm2_4_ali/pre_vecs.23 
apply-cmvn --utt2spk=ark:data/train/split30/23/utt2spk scp:data/train/split30/23/cmvn.scp scp:data/train/split30/23/feats.scp ark:- 
transform-feats --utt2spk=ark:data/train/split30/23/utt2spk ark,s,cs:exp/tri3_ali/trans.23 ark:- ark:- 
splice-feats --left-context=3 --right-context=3 ark:- ark:- 
transform-feats exp/sgmm2_4/final.mat ark:- ark:- 
transform-feats --utt2spk=ark:data/train/split30/23/utt2spk ark,s,cs:exp/tri3_ali/trans.23 ark:- ark:- 
apply-cmvn --utt2spk=ark:data/train/split30/23/utt2spk scp:data/train/split30/23/cmvn.scp scp:data/train/split30/23/feats.scp ark:- 
transform-feats exp/sgmm2_4/final.mat ark:- ark:- 
splice-feats --left-context=3 --right-context=3 ark:- ark:- 
LOG (sgmm2-est-spkvecs-gpost[5.5.208~1-b0fc0]:UpdateWithU():estimate-am-sgmm2.cc:1937) *Objf impr for speaker vector is 1.42024 per frame, over 1915 frames.
LOG (sgmm2-est-spkvecs-gpost[5.5.208~1-b0fc0]:main():sgmm2-est-spkvecs-gpost.cc:158) For speaker MPAR0, auxf-impr from speaker vector is 1.42024, over 1915 frames.
LOG (sgmm2-post-to-gpost[5.5.208~1-b0fc0]:main():sgmm2-post-to-gpost.cc:168) Avg like per frame so far is -42.2656
LOG (sgmm2-est-spkvecs-gpost[5.5.208~1-b0fc0]:UpdateWithU():estimate-am-sgmm2.cc:1937) *Objf impr for speaker vector is 0.74281 per frame, over 2038 frames.
LOG (sgmm2-est-spkvecs-gpost[5.5.208~1-b0fc0]:main():sgmm2-est-spkvecs-gpost.cc:158) For speaker MPEB0, auxf-impr from speaker vector is 0.74281, over 2038 frames.
LOG (sgmm2-post-to-gpost[5.5.208~1-b0fc0]:main():sgmm2-post-to-gpost.cc:168) Avg like per frame so far is -42.2531
LOG (sgmm2-est-spkvecs-gpost[5.5.208~1-b0fc0]:UpdateWithU():estimate-am-sgmm2.cc:1937) *Objf impr for speaker vector is 1.99953 per frame, over 2251 frames.
LOG (sgmm2-est-spkvecs-gpost[5.5.208~1-b0fc0]:main():sgmm2-est-spkvecs-gpost.cc:158) For speaker MPFU0, auxf-impr from speaker vector is 1.99953, over 2251 frames.
LOG (sgmm2-post-to-gpost[5.5.208~1-b0fc0]:main():sgmm2-post-to-gpost.cc:168) Avg like per frame so far is -41.1942
LOG (sgmm2-est-spkvecs-gpost[5.5.208~1-b0fc0]:UpdateWithU():estimate-am-sgmm2.cc:1937) *Objf impr for speaker vector is 1.1574 per frame, over 1848 frames.
LOG (sgmm2-est-spkvecs-gpost[5.5.208~1-b0fc0]:main():sgmm2-est-spkvecs-gpost.cc:158) For speaker MPGH0, auxf-impr from speaker vector is 1.1574, over 1848 frames.
LOG (sgmm2-post-to-gpost[5.5.208~1-b0fc0]:main():sgmm2-post-to-gpost.cc:168) Avg like per frame so far is -40.6465
LOG (sgmm2-est-spkvecs-gpost[5.5.208~1-b0fc0]:UpdateWithU():estimate-am-sgmm2.cc:1937) *Objf impr for speaker vector is 1.69406 per frame, over 1948 frames.
LOG (sgmm2-est-spkvecs-gpost[5.5.208~1-b0fc0]:main():sgmm2-est-spkvecs-gpost.cc:158) For speaker MPGR0, auxf-impr from speaker vector is 1.69406, over 1948 frames.
LOG (sgmm2-est-spkvecs-gpost[5.5.208~1-b0fc0]:UpdateWithU():estimate-am-sgmm2.cc:1937) *Objf impr for speaker vector is 1.87304 per frame, over 2167 frames.
LOG (sgmm2-est-spkvecs-gpost[5.5.208~1-b0fc0]:main():sgmm2-est-spkvecs-gpost.cc:158) For speaker MPGR1, auxf-impr from speaker vector is 1.87304, over 2167 frames.
LOG (sgmm2-post-to-gpost[5.5.208~1-b0fc0]:main():sgmm2-post-to-gpost.cc:168) Avg like per frame so far is -39.5473
LOG (sgmm2-est-spkvecs-gpost[5.5.208~1-b0fc0]:UpdateWithU():estimate-am-sgmm2.cc:1937) *Objf impr for speaker vector is 2.09314 per frame, over 2917 frames.
LOG (sgmm2-est-spkvecs-gpost[5.5.208~1-b0fc0]:main():sgmm2-est-spkvecs-gpost.cc:158) For speaker MPMB0, auxf-impr from speaker vector is 2.09314, over 2917 frames.
LOG (sgmm2-post-to-gpost[5.5.208~1-b0fc0]:main():sgmm2-post-to-gpost.cc:168) Avg like per frame so far is -38.6447
LOG (sgmm2-est-spkvecs-gpost[5.5.208~1-b0fc0]:UpdateWithU():estimate-am-sgmm2.cc:1937) *Objf impr for speaker vector is 1.39065 per frame, over 2203 frames.
LOG (sgmm2-est-spkvecs-gpost[5.5.208~1-b0fc0]:main():sgmm2-est-spkvecs-gpost.cc:158) For speaker MPPC0, auxf-impr from speaker vector is 1.39065, over 2203 frames.
LOG (sgmm2-post-to-gpost[5.5.208~1-b0fc0]:main():sgmm2-post-to-gpost.cc:168) Avg like per frame so far is -38.8167
LOG (sgmm2-est-spkvecs-gpost[5.5.208~1-b0fc0]:UpdateWithU():estimate-am-sgmm2.cc:1937) *Objf impr for speaker vector is 1.43982 per frame, over 2634 frames.
LOG (sgmm2-est-spkvecs-gpost[5.5.208~1-b0fc0]:main():sgmm2-est-spkvecs-gpost.cc:158) For speaker MPRB0, auxf-impr from speaker vector is 1.43982, over 2634 frames.
LOG (sgmm2-post-to-gpost[5.5.208~1-b0fc0]:main():sgmm2-post-to-gpost.cc:168) Avg like per frame so far is -38.6449
LOG (sgmm2-est-spkvecs-gpost[5.5.208~1-b0fc0]:UpdateWithU():estimate-am-sgmm2.cc:1937) *Objf impr for speaker vector is 2.0067 per frame, over 2315 frames.
LOG (sgmm2-est-spkvecs-gpost[5.5.208~1-b0fc0]:main():sgmm2-est-spkvecs-gpost.cc:158) For speaker MPRD0, auxf-impr from speaker vector is 2.0067, over 2315 frames.
LOG (sgmm2-est-spkvecs-gpost[5.5.208~1-b0fc0]:UpdateWithU():estimate-am-sgmm2.cc:1937) *Objf impr for speaker vector is 1.56882 per frame, over 2499 frames.
LOG (sgmm2-est-spkvecs-gpost[5.5.208~1-b0fc0]:main():sgmm2-est-spkvecs-gpost.cc:158) For speaker MPRK0, auxf-impr from speaker vector is 1.56882, over 2499 frames.
LOG (sgmm2-post-to-gpost[5.5.208~1-b0fc0]:main():sgmm2-post-to-gpost.cc:168) Avg like per frame so far is -38.3323
LOG (sgmm2-est-spkvecs-gpost[5.5.208~1-b0fc0]:UpdateWithU():estimate-am-sgmm2.cc:1937) *Objf impr for speaker vector is 0.833284 per frame, over 1994 frames.
LOG (sgmm2-est-spkvecs-gpost[5.5.208~1-b0fc0]:main():sgmm2-est-spkvecs-gpost.cc:158) For speaker MPRT0, auxf-impr from speaker vector is 0.833284, over 1994 frames.
LOG (ali-to-post[5.5.208~1-b0fc0]:main():ali-to-post.cc:73) Converted 128 alignments.
LOG (sgmm2-post-to-gpost[5.5.208~1-b0fc0]:main():sgmm2-post-to-gpost.cc:168) Avg like per frame so far is -38.5745
LOG (sgmm2-est-spkvecs-gpost[5.5.208~1-b0fc0]:UpdateWithU():estimate-am-sgmm2.cc:1937) *Objf impr for speaker vector is 0.991402 per frame, over 1723 frames.
LOG (sgmm2-est-spkvecs-gpost[5.5.208~1-b0fc0]:main():sgmm2-est-spkvecs-gpost.cc:158) For speaker MPSW0, auxf-impr from speaker vector is 0.991402, over 1723 frames.
LOG (sgmm2-post-to-gpost[5.5.208~1-b0fc0]:main():sgmm2-post-to-gpost.cc:168) Avg like per frame so far is -38.7014
LOG (sgmm2-est-spkvecs-gpost[5.5.208~1-b0fc0]:UpdateWithU():estimate-am-sgmm2.cc:1937) *Objf impr for speaker vector is 1.67002 per frame, over 2226 frames.
LOG (sgmm2-est-spkvecs-gpost[5.5.208~1-b0fc0]:main():sgmm2-est-spkvecs-gpost.cc:158) For speaker MRAB0, auxf-impr from speaker vector is 1.67002, over 2226 frames.
LOG (weight-silence-post[5.5.208~1-b0fc0]:main():weight-silence-post.cc:95) Done 128 posteriors.
LOG (apply-cmvn[5.5.208~1-b0fc0]:main():apply-cmvn.cc:162) Applied cepstral mean normalization to 128 utterances, errors on 0
LOG (sgmm2-post-to-gpost[5.5.208~1-b0fc0]:main():sgmm2-post-to-gpost.cc:168) Avg like per frame so far is -38.9387
LOG (apply-cmvn[5.5.208~1-b0fc0]:main():apply-cmvn.cc:162) Applied cepstral mean normalization to 128 utterances, errors on 0
LOG (sgmm2-est-spkvecs-gpost[5.5.208~1-b0fc0]:UpdateWithU():estimate-am-sgmm2.cc:1937) *Objf impr for speaker vector is 1.14021 per frame, over 2290 frames.
LOG (sgmm2-est-spkvecs-gpost[5.5.208~1-b0fc0]:main():sgmm2-est-spkvecs-gpost.cc:158) For speaker MRAB1, auxf-impr from speaker vector is 1.14021, over 2290 frames.
LOG (transform-feats[5.5.208~1-b0fc0]:main():transform-feats.cc:158) Overall average [pseudo-]logdet is -88.6037 over 39951 frames.
LOG (transform-feats[5.5.208~1-b0fc0]:main():transform-feats.cc:161) Applied transform to 128 utterances; 0 had errors.
LOG (transform-feats[5.5.208~1-b0fc0]:main():transform-feats.cc:158) Overall average [pseudo-]logdet is -88.6037 over 39951 frames.
LOG (transform-feats[5.5.208~1-b0fc0]:main():transform-feats.cc:161) Applied transform to 128 utterances; 0 had errors.
LOG (transform-feats[5.5.208~1-b0fc0]:main():transform-feats.cc:158) Overall average logdet is 2.73442 over 39951 frames.
LOG (transform-feats[5.5.208~1-b0fc0]:main():transform-feats.cc:161) Applied transform to 128 utterances; 0 had errors.
LOG (transform-feats[5.5.208~1-b0fc0]:main():transform-feats.cc:158) Overall average logdet is 2.73442 over 39951 frames.
LOG (transform-feats[5.5.208~1-b0fc0]:main():transform-feats.cc:161) Applied transform to 128 utterances; 0 had errors.
LOG (sgmm2-post-to-gpost[5.5.208~1-b0fc0]:main():sgmm2-post-to-gpost.cc:173) Overall like per frame (Gaussian only) = -38.9915 over 39951 frames.
LOG (sgmm2-post-to-gpost[5.5.208~1-b0fc0]:main():sgmm2-post-to-gpost.cc:176) Done 128 files, 0 with errors.
LOG (sgmm2-est-spkvecs-gpost[5.5.208~1-b0fc0]:UpdateWithU():estimate-am-sgmm2.cc:1937) *Objf impr for speaker vector is 1.41029 per frame, over 2402 frames.
LOG (sgmm2-est-spkvecs-gpost[5.5.208~1-b0fc0]:main():sgmm2-est-spkvecs-gpost.cc:158) For speaker MRAI0, auxf-impr from speaker vector is 1.41029, over 2402 frames.
LOG (sgmm2-est-spkvecs-gpost[5.5.208~1-b0fc0]:main():sgmm2-est-spkvecs-gpost.cc:208) Done 128 files, 0 with errors.
LOG (sgmm2-est-spkvecs-gpost[5.5.208~1-b0fc0]:main():sgmm2-est-spkvecs-gpost.cc:210) Overall auxf impr per frame is 1.49409 over 35370 frames.
# Accounting: time=8 threads=1
# Ended (code 0) at Wed Feb 27 15:21:47 +07 2019, elapsed time 8 seconds
