# sgmm2-latgen-faster --spk-vecs=ark:exp/sgmm2_4_ali/vecs.21 --utt2spk=ark:data/train/split30/21/utt2spk "--gselect=ark,s,cs:gunzip -c exp/sgmm2_4_ali/gselect.21.gz|" --beam=18.0 --lattice-beam=10.0 --acoustic-scale=0.2 --max-mem=20000000 --max-active=5000 --word-symbol-table=data/lang/words.txt exp/sgmm2_4_ali/final.mdl exp/sgmm2_4_denlats/dengraph/HCLG.fst "ark,s,cs:apply-cmvn --utt2spk=ark:data/train/split30/21/split30utt/28/utt2spk scp:data/train/split30/21/split30utt/28/cmvn.scp scp:data/train/split30/21/split30utt/28/feats.scp ark:- | splice-feats --left-context=3 --right-context=3 ark:- ark:- | transform-feats exp/sgmm2_4_ali/final.mat ark:- ark:- | transform-feats --utt2spk=ark:data/train/split30/21/split30utt/28/utt2spk ark:exp/tri3_ali/trans.21 ark:- ark:- |" "ark:|gzip -c >exp/sgmm2_4_denlats/lat.21.28.gz" 
# Started at Wed Feb 27 15:45:21 +07 2019
#
sgmm2-latgen-faster --spk-vecs=ark:exp/sgmm2_4_ali/vecs.21 --utt2spk=ark:data/train/split30/21/utt2spk '--gselect=ark,s,cs:gunzip -c exp/sgmm2_4_ali/gselect.21.gz|' --beam=18.0 --lattice-beam=10.0 --acoustic-scale=0.2 --max-mem=20000000 --max-active=5000 --word-symbol-table=data/lang/words.txt exp/sgmm2_4_ali/final.mdl exp/sgmm2_4_denlats/dengraph/HCLG.fst 'ark,s,cs:apply-cmvn --utt2spk=ark:data/train/split30/21/split30utt/28/utt2spk scp:data/train/split30/21/split30utt/28/cmvn.scp scp:data/train/split30/21/split30utt/28/feats.scp ark:- | splice-feats --left-context=3 --right-context=3 ark:- ark:- | transform-feats exp/sgmm2_4_ali/final.mat ark:- ark:- | transform-feats --utt2spk=ark:data/train/split30/21/split30utt/28/utt2spk ark:exp/tri3_ali/trans.21 ark:- ark:- |' 'ark:|gzip -c >exp/sgmm2_4_denlats/lat.21.28.gz' 
apply-cmvn --utt2spk=ark:data/train/split30/21/split30utt/28/utt2spk scp:data/train/split30/21/split30utt/28/cmvn.scp scp:data/train/split30/21/split30utt/28/feats.scp ark:- 
LOG (apply-cmvn[5.5.208~1-b0fc0]:main():apply-cmvn.cc:162) Applied cepstral mean normalization to 4 utterances, errors on 0
splice-feats --left-context=3 --right-context=3 ark:- ark:- 
transform-feats --utt2spk=ark:data/train/split30/21/split30utt/28/utt2spk ark:exp/tri3_ali/trans.21 ark:- ark:- 
transform-feats exp/sgmm2_4_ali/final.mat ark:- ark:- 
LOG (transform-feats[5.5.208~1-b0fc0]:main():transform-feats.cc:158) Overall average [pseudo-]logdet is -88.6037 over 1014 frames.
LOG (transform-feats[5.5.208~1-b0fc0]:main():transform-feats.cc:161) Applied transform to 4 utterances; 0 had errors.
MMEA0_SX218 sil t r ay dx er r er cl k ao l dh iy ix v eh n s en cl k r aa n ax l aa vcl jh cl k el ao r dx er sil 
LOG (sgmm2-latgen-faster[5.5.208~1-b0fc0]:DecodeUtteranceLatticeFaster():decoder-wrappers.cc:289) Log-like per frame for utterance MMEA0_SX218 is -9.59876 over 235 frames.
LOG (sgmm2-latgen-faster[5.5.208~1-b0fc0]:main():sgmm2-latgen-faster.cc:209) Log-like per frame for utterance MMEA0_SX218 is -9.59876 over 235 frames.
MMEA0_SX308 sil sh ih cl b ih l iy ix z ax m ow s f ae s n ey dx ix ng cl p r aa s eh s sil 
LOG (sgmm2-latgen-faster[5.5.208~1-b0fc0]:DecodeUtteranceLatticeFaster():decoder-wrappers.cc:289) Log-like per frame for utterance MMEA0_SX308 is -8.17458 over 242 frames.
LOG (sgmm2-latgen-faster[5.5.208~1-b0fc0]:main():sgmm2-latgen-faster.cc:209) Log-like per frame for utterance MMEA0_SX308 is -8.17458 over 242 frames.
LOG (transform-feats[5.5.208~1-b0fc0]:main():transform-feats.cc:158) Overall average logdet is 2.64575 over 1014 frames.
LOG (transform-feats[5.5.208~1-b0fc0]:main():transform-feats.cc:161) Applied transform to 4 utterances; 0 had errors.
MMEA0_SX38 sil y ah ng cl p iy cl p el cl p cl t ix s cl p ey cl ix n ae th l eh dx ix cl k eh cl t ix v ix dx iy s sil 
LOG (sgmm2-latgen-faster[5.5.208~1-b0fc0]:DecodeUtteranceLatticeFaster():decoder-wrappers.cc:289) Log-like per frame for utterance MMEA0_SX38 is -9.71717 over 260 frames.
LOG (sgmm2-latgen-faster[5.5.208~1-b0fc0]:main():sgmm2-latgen-faster.cc:209) Log-like per frame for utterance MMEA0_SX38 is -9.71717 over 260 frames.
MMEA0_SX398 sil ch ih l uh n cl k en cl k en s uw m eh n iy f r uw cl k ae n d iy z ix n w ah n s ih dx ix ng sil 
LOG (sgmm2-latgen-faster[5.5.208~1-b0fc0]:DecodeUtteranceLatticeFaster():decoder-wrappers.cc:289) Log-like per frame for utterance MMEA0_SX398 is -9.43541 over 277 frames.
LOG (sgmm2-latgen-faster[5.5.208~1-b0fc0]:main():sgmm2-latgen-faster.cc:209) Log-like per frame for utterance MMEA0_SX398 is -9.43541 over 277 frames.
LOG (sgmm2-latgen-faster[5.5.208~1-b0fc0]:main():sgmm2-latgen-faster.cc:252) Time taken [excluding initialization] 13.2996s: real-time factor assuming 100 frames/sec is 1.31159
LOG (sgmm2-latgen-faster[5.5.208~1-b0fc0]:main():sgmm2-latgen-faster.cc:255) Done 4 utterances, failed for 0
LOG (sgmm2-latgen-faster[5.5.208~1-b0fc0]:main():sgmm2-latgen-faster.cc:257) Overall log-likelihood per frame = -9.24461 over 1014 frames.
WARNING (sgmm2-latgen-faster[5.5.208~1-b0fc0]:Close():kaldi-io.cc:515) Pipe gunzip -c exp/sgmm2_4_ali/gselect.21.gz| had nonzero return status 36096
# Accounting: time=14 threads=1
# Ended (code 0) at Wed Feb 27 15:45:35 +07 2019, elapsed time 14 seconds
