# sgmm2-latgen-faster --spk-vecs=ark:exp/sgmm2_4_ali/vecs.21 --utt2spk=ark:data/train/split30/21/utt2spk "--gselect=ark,s,cs:gunzip -c exp/sgmm2_4_ali/gselect.21.gz|" --beam=18.0 --lattice-beam=10.0 --acoustic-scale=0.2 --max-mem=20000000 --max-active=5000 --word-symbol-table=data/lang/words.txt exp/sgmm2_4_ali/final.mdl exp/sgmm2_4_denlats/dengraph/HCLG.fst "ark,s,cs:apply-cmvn --utt2spk=ark:data/train/split30/21/split30utt/11/utt2spk scp:data/train/split30/21/split30utt/11/cmvn.scp scp:data/train/split30/21/split30utt/11/feats.scp ark:- | splice-feats --left-context=3 --right-context=3 ark:- ark:- | transform-feats exp/sgmm2_4_ali/final.mat ark:- ark:- | transform-feats --utt2spk=ark:data/train/split30/21/split30utt/11/utt2spk ark:exp/tri3_ali/trans.21 ark:- ark:- |" "ark:|gzip -c >exp/sgmm2_4_denlats/lat.21.11.gz" 
# Started at Wed Feb 27 15:44:13 +07 2019
#
sgmm2-latgen-faster --spk-vecs=ark:exp/sgmm2_4_ali/vecs.21 --utt2spk=ark:data/train/split30/21/utt2spk '--gselect=ark,s,cs:gunzip -c exp/sgmm2_4_ali/gselect.21.gz|' --beam=18.0 --lattice-beam=10.0 --acoustic-scale=0.2 --max-mem=20000000 --max-active=5000 --word-symbol-table=data/lang/words.txt exp/sgmm2_4_ali/final.mdl exp/sgmm2_4_denlats/dengraph/HCLG.fst 'ark,s,cs:apply-cmvn --utt2spk=ark:data/train/split30/21/split30utt/11/utt2spk scp:data/train/split30/21/split30utt/11/cmvn.scp scp:data/train/split30/21/split30utt/11/feats.scp ark:- | splice-feats --left-context=3 --right-context=3 ark:- ark:- | transform-feats exp/sgmm2_4_ali/final.mat ark:- ark:- | transform-feats --utt2spk=ark:data/train/split30/21/split30utt/11/utt2spk ark:exp/tri3_ali/trans.21 ark:- ark:- |' 'ark:|gzip -c >exp/sgmm2_4_denlats/lat.21.11.gz' 
transform-feats --utt2spk=ark:data/train/split30/21/split30utt/11/utt2spk ark:exp/tri3_ali/trans.21 ark:- ark:- 
splice-feats --left-context=3 --right-context=3 ark:- ark:- 
apply-cmvn --utt2spk=ark:data/train/split30/21/split30utt/11/utt2spk scp:data/train/split30/21/split30utt/11/cmvn.scp scp:data/train/split30/21/split30utt/11/feats.scp ark:- 
LOG (apply-cmvn[5.5.208~1-b0fc0]:main():apply-cmvn.cc:162) Applied cepstral mean normalization to 4 utterances, errors on 0
transform-feats exp/sgmm2_4_ali/final.mat ark:- ark:- 
MMAR0_SI1336 sil dh iy z epi w er th ao cl t uw r eh cl p r ix z eh n cl r iy vcl jh ih n er r ey vcl d iy ng f ay vcl b er z sil 
LOG (sgmm2-latgen-faster[5.5.208~1-b0fc0]:DecodeUtteranceLatticeFaster():decoder-wrappers.cc:289) Log-like per frame for utterance MMAR0_SI1336 is -9.00406 over 363 frames.
LOG (sgmm2-latgen-faster[5.5.208~1-b0fc0]:main():sgmm2-latgen-faster.cc:209) Log-like per frame for utterance MMAR0_SI1336 is -9.00406 over 363 frames.
LOG (transform-feats[5.5.208~1-b0fc0]:main():transform-feats.cc:158) Overall average [pseudo-]logdet is -88.6037 over 1614 frames.
LOG (transform-feats[5.5.208~1-b0fc0]:main():transform-feats.cc:161) Applied transform to 4 utterances; 0 had errors.
MMAR0_SI1966 sil ao dh ow sil dh ey vcl d r uw l ay cl g r aw n vcl d f ay er dh ey s ao n ow s ay n z ix v ae cl t ih v ix dx ix sil 
LOG (sgmm2-latgen-faster[5.5.208~1-b0fc0]:DecodeUtteranceLatticeFaster():decoder-wrappers.cc:289) Log-like per frame for utterance MMAR0_SI1966 is -8.06411 over 490 frames.
LOG (sgmm2-latgen-faster[5.5.208~1-b0fc0]:main():sgmm2-latgen-faster.cc:209) Log-like per frame for utterance MMAR0_SI1966 is -8.06411 over 490 frames.
MMAR0_SI706 sil p ae n z iy z er vcl g l ah cl en d z sil 
LOG (sgmm2-latgen-faster[5.5.208~1-b0fc0]:DecodeUtteranceLatticeFaster():decoder-wrappers.cc:289) Log-like per frame for utterance MMAR0_SI706 is -8.55721 over 225 frames.
LOG (sgmm2-latgen-faster[5.5.208~1-b0fc0]:main():sgmm2-latgen-faster.cc:209) Log-like per frame for utterance MMAR0_SI706 is -8.55721 over 225 frames.
LOG (transform-feats[5.5.208~1-b0fc0]:main():transform-feats.cc:158) Overall average logdet is 4.79259 over 1614 frames.
LOG (transform-feats[5.5.208~1-b0fc0]:main():transform-feats.cc:161) Applied transform to 4 utterances; 0 had errors.
MMAR0_SX166 sil b ay aa l ax vcl jh ih s cl s y uw z r ey dx iy ow ae cl t iy v ay s ix cl t ow cl p s cl t uw s cl t eh dx iy m ay cl k r ow ao r vcl g ix n ih z m z sil 
LOG (sgmm2-latgen-faster[5.5.208~1-b0fc0]:DecodeUtteranceLatticeFaster():decoder-wrappers.cc:289) Log-like per frame for utterance MMAR0_SX166 is -8.42468 over 536 frames.
LOG (sgmm2-latgen-faster[5.5.208~1-b0fc0]:main():sgmm2-latgen-faster.cc:209) Log-like per frame for utterance MMAR0_SX166 is -8.42468 over 536 frames.
LOG (sgmm2-latgen-faster[5.5.208~1-b0fc0]:main():sgmm2-latgen-faster.cc:252) Time taken [excluding initialization] 17.5288s: real-time factor assuming 100 frames/sec is 1.08605
LOG (sgmm2-latgen-faster[5.5.208~1-b0fc0]:main():sgmm2-latgen-faster.cc:255) Done 4 utterances, failed for 0
LOG (sgmm2-latgen-faster[5.5.208~1-b0fc0]:main():sgmm2-latgen-faster.cc:257) Overall log-likelihood per frame = -8.46399 over 1614 frames.
WARNING (sgmm2-latgen-faster[5.5.208~1-b0fc0]:Close():kaldi-io.cc:515) Pipe gunzip -c exp/sgmm2_4_ali/gselect.21.gz| had nonzero return status 36096
# Accounting: time=18 threads=1
# Ended (code 0) at Wed Feb 27 15:44:31 +07 2019, elapsed time 18 seconds
