# sgmm2-latgen-faster --spk-vecs=ark:exp/sgmm2_4_ali/vecs.21 --utt2spk=ark:data/train/split30/21/utt2spk "--gselect=ark,s,cs:gunzip -c exp/sgmm2_4_ali/gselect.21.gz|" --beam=18.0 --lattice-beam=10.0 --acoustic-scale=0.2 --max-mem=20000000 --max-active=5000 --word-symbol-table=data/lang/words.txt exp/sgmm2_4_ali/final.mdl exp/sgmm2_4_denlats/dengraph/HCLG.fst "ark,s,cs:apply-cmvn --utt2spk=ark:data/train/split30/21/split30utt/6/utt2spk scp:data/train/split30/21/split30utt/6/cmvn.scp scp:data/train/split30/21/split30utt/6/feats.scp ark:- | splice-feats --left-context=3 --right-context=3 ark:- ark:- | transform-feats exp/sgmm2_4_ali/final.mat ark:- ark:- | transform-feats --utt2spk=ark:data/train/split30/21/split30utt/6/utt2spk ark:exp/tri3_ali/trans.21 ark:- ark:- |" "ark:|gzip -c >exp/sgmm2_4_denlats/lat.21.6.gz" 
# Started at Wed Feb 27 15:43:55 +07 2019
#
sgmm2-latgen-faster --spk-vecs=ark:exp/sgmm2_4_ali/vecs.21 --utt2spk=ark:data/train/split30/21/utt2spk '--gselect=ark,s,cs:gunzip -c exp/sgmm2_4_ali/gselect.21.gz|' --beam=18.0 --lattice-beam=10.0 --acoustic-scale=0.2 --max-mem=20000000 --max-active=5000 --word-symbol-table=data/lang/words.txt exp/sgmm2_4_ali/final.mdl exp/sgmm2_4_denlats/dengraph/HCLG.fst 'ark,s,cs:apply-cmvn --utt2spk=ark:data/train/split30/21/split30utt/6/utt2spk scp:data/train/split30/21/split30utt/6/cmvn.scp scp:data/train/split30/21/split30utt/6/feats.scp ark:- | splice-feats --left-context=3 --right-context=3 ark:- ark:- | transform-feats exp/sgmm2_4_ali/final.mat ark:- ark:- | transform-feats --utt2spk=ark:data/train/split30/21/split30utt/6/utt2spk ark:exp/tri3_ali/trans.21 ark:- ark:- |' 'ark:|gzip -c >exp/sgmm2_4_denlats/lat.21.6.gz' 
transform-feats exp/sgmm2_4_ali/final.mat ark:- ark:- 
splice-feats --left-context=3 --right-context=3 ark:- ark:- 
apply-cmvn --utt2spk=ark:data/train/split30/21/split30utt/6/utt2spk scp:data/train/split30/21/split30utt/6/cmvn.scp scp:data/train/split30/21/split30utt/6/feats.scp ark:- 
transform-feats --utt2spk=ark:data/train/split30/21/split30utt/6/utt2spk ark:exp/tri3_ali/trans.21 ark:- ark:- 
LOG (apply-cmvn[5.5.208~1-b0fc0]:main():apply-cmvn.cc:162) Applied cepstral mean normalization to 5 utterances, errors on 0
MMAB1_SI2124 sil dh ih eh er s m eh l vcl d sil w ao r m ih sh ix n f aw l sil 
LOG (sgmm2-latgen-faster[5.5.208~1-b0fc0]:DecodeUtteranceLatticeFaster():decoder-wrappers.cc:289) Log-like per frame for utterance MMAB1_SI2124 is -8.01921 over 241 frames.
LOG (sgmm2-latgen-faster[5.5.208~1-b0fc0]:main():sgmm2-latgen-faster.cc:209) Log-like per frame for utterance MMAB1_SI2124 is -8.01921 over 241 frames.
MMAB1_SI864 sil dh ax l ao ng ih n eh v er ix ng cl k r iy s ix ng cl k aa l ax m ax v s cl p ao r cl s epi m ix n sil ih z n aw m uw v ih ng ix n cl t uw ix n uw ih r ax sil 
LOG (sgmm2-latgen-faster[5.5.208~1-b0fc0]:DecodeUtteranceLatticeFaster():decoder-wrappers.cc:289) Log-like per frame for utterance MMAB1_SI864 is -8.00499 over 500 frames.
LOG (sgmm2-latgen-faster[5.5.208~1-b0fc0]:main():sgmm2-latgen-faster.cc:209) Log-like per frame for utterance MMAB1_SI864 is -8.00499 over 500 frames.
LOG (transform-feats[5.5.208~1-b0fc0]:main():transform-feats.cc:158) Overall average [pseudo-]logdet is -88.6037 over 1753 frames.
LOG (transform-feats[5.5.208~1-b0fc0]:main():transform-feats.cc:161) Applied transform to 5 utterances; 0 had errors.
MMAB1_SX144 sil dh ax w ih l ow w iy w uh m ix n w ao er sil ax m ah s cl k r ae cl t cl k ow cl sil 
LOG (sgmm2-latgen-faster[5.5.208~1-b0fc0]:DecodeUtteranceLatticeFaster():decoder-wrappers.cc:289) Log-like per frame for utterance MMAB1_SX144 is -7.86881 over 276 frames.
LOG (sgmm2-latgen-faster[5.5.208~1-b0fc0]:main():sgmm2-latgen-faster.cc:209) Log-like per frame for utterance MMAB1_SX144 is -7.86881 over 276 frames.
MMAB1_SX234 sil dh ix cl p ey cl p er vcl b oy vcl b ao cl t uw ae cl p el z ix n th r iy ay s ix z sil 
LOG (sgmm2-latgen-faster[5.5.208~1-b0fc0]:DecodeUtteranceLatticeFaster():decoder-wrappers.cc:289) Log-like per frame for utterance MMAB1_SX234 is -8.33656 over 300 frames.
LOG (sgmm2-latgen-faster[5.5.208~1-b0fc0]:main():sgmm2-latgen-faster.cc:209) Log-like per frame for utterance MMAB1_SX234 is -8.33656 over 300 frames.
LOG (transform-feats[5.5.208~1-b0fc0]:main():transform-feats.cc:158) Overall average logdet is 3.51277 over 1753 frames.
LOG (transform-feats[5.5.208~1-b0fc0]:main():transform-feats.cc:161) Applied transform to 5 utterances; 0 had errors.
MMAB1_SX324 sil dh ax l ow cl k el vcl d r ah vcl g s cl t ao r w ix z cl ch aa r jh vcl w ix th ih l iy vcl ix l iy vcl d ix s cl p eh n s iy ng cl t r ae ng cl k w ax l ay z er z sil 
LOG (sgmm2-latgen-faster[5.5.208~1-b0fc0]:DecodeUtteranceLatticeFaster():decoder-wrappers.cc:289) Log-like per frame for utterance MMAB1_SX324 is -8.67819 over 436 frames.
LOG (sgmm2-latgen-faster[5.5.208~1-b0fc0]:main():sgmm2-latgen-faster.cc:209) Log-like per frame for utterance MMAB1_SX324 is -8.67819 over 436 frames.
LOG (sgmm2-latgen-faster[5.5.208~1-b0fc0]:main():sgmm2-latgen-faster.cc:252) Time taken [excluding initialization] 14.4622s: real-time factor assuming 100 frames/sec is 0.824995
LOG (sgmm2-latgen-faster[5.5.208~1-b0fc0]:main():sgmm2-latgen-faster.cc:255) Done 5 utterances, failed for 0
LOG (sgmm2-latgen-faster[5.5.208~1-b0fc0]:main():sgmm2-latgen-faster.cc:257) Overall log-likelihood per frame = -8.20968 over 1753 frames.
WARNING (sgmm2-latgen-faster[5.5.208~1-b0fc0]:Close():kaldi-io.cc:515) Pipe gunzip -c exp/sgmm2_4_ali/gselect.21.gz| had nonzero return status 36096
# Accounting: time=15 threads=1
# Ended (code 0) at Wed Feb 27 15:44:10 +07 2019, elapsed time 15 seconds
