# sgmm2-latgen-faster --spk-vecs=ark:exp/sgmm2_4_ali/vecs.21 --utt2spk=ark:data/train/split30/21/utt2spk "--gselect=ark,s,cs:gunzip -c exp/sgmm2_4_ali/gselect.21.gz|" --beam=18.0 --lattice-beam=10.0 --acoustic-scale=0.2 --max-mem=20000000 --max-active=5000 --word-symbol-table=data/lang/words.txt exp/sgmm2_4_ali/final.mdl exp/sgmm2_4_denlats/dengraph/HCLG.fst "ark,s,cs:apply-cmvn --utt2spk=ark:data/train/split30/21/split30utt/8/utt2spk scp:data/train/split30/21/split30utt/8/cmvn.scp scp:data/train/split30/21/split30utt/8/feats.scp ark:- | splice-feats --left-context=3 --right-context=3 ark:- ark:- | transform-feats exp/sgmm2_4_ali/final.mat ark:- ark:- | transform-feats --utt2spk=ark:data/train/split30/21/split30utt/8/utt2spk ark:exp/tri3_ali/trans.21 ark:- ark:- |" "ark:|gzip -c >exp/sgmm2_4_denlats/lat.21.8.gz" 
# Started at Wed Feb 27 15:43:58 +07 2019
#
sgmm2-latgen-faster --spk-vecs=ark:exp/sgmm2_4_ali/vecs.21 --utt2spk=ark:data/train/split30/21/utt2spk '--gselect=ark,s,cs:gunzip -c exp/sgmm2_4_ali/gselect.21.gz|' --beam=18.0 --lattice-beam=10.0 --acoustic-scale=0.2 --max-mem=20000000 --max-active=5000 --word-symbol-table=data/lang/words.txt exp/sgmm2_4_ali/final.mdl exp/sgmm2_4_denlats/dengraph/HCLG.fst 'ark,s,cs:apply-cmvn --utt2spk=ark:data/train/split30/21/split30utt/8/utt2spk scp:data/train/split30/21/split30utt/8/cmvn.scp scp:data/train/split30/21/split30utt/8/feats.scp ark:- | splice-feats --left-context=3 --right-context=3 ark:- ark:- | transform-feats exp/sgmm2_4_ali/final.mat ark:- ark:- | transform-feats --utt2spk=ark:data/train/split30/21/split30utt/8/utt2spk ark:exp/tri3_ali/trans.21 ark:- ark:- |' 'ark:|gzip -c >exp/sgmm2_4_denlats/lat.21.8.gz' 
transform-feats exp/sgmm2_4_ali/final.mat ark:- ark:- 
splice-feats --left-context=3 --right-context=3 ark:- ark:- 
apply-cmvn --utt2spk=ark:data/train/split30/21/split30utt/8/utt2spk scp:data/train/split30/21/split30utt/8/cmvn.scp scp:data/train/split30/21/split30utt/8/feats.scp ark:- 
LOG (apply-cmvn[5.5.208~1-b0fc0]:main():apply-cmvn.cc:162) Applied cepstral mean normalization to 5 utterances, errors on 0
transform-feats --utt2spk=ark:data/train/split30/21/split30utt/8/utt2spk ark:exp/tri3_ali/trans.21 ark:- ark:- 
MMAG0_SX136 sil s ay ix n cl t ih f ih cl p r aa vcl g r eh s cl k ah m z f er m dh ax vcl d ix v eh l ax cl m ax n ax v n uw cl t eh cl n iy cl k s s sil 
LOG (sgmm2-latgen-faster[5.5.208~1-b0fc0]:DecodeUtteranceLatticeFaster():decoder-wrappers.cc:289) Log-like per frame for utterance MMAG0_SX136 is -9.36355 over 415 frames.
LOG (sgmm2-latgen-faster[5.5.208~1-b0fc0]:main():sgmm2-latgen-faster.cc:209) Log-like per frame for utterance MMAG0_SX136 is -9.36355 over 415 frames.
LOG (transform-feats[5.5.208~1-b0fc0]:main():transform-feats.cc:158) Overall average [pseudo-]logdet is -88.6037 over 1671 frames.
LOG (transform-feats[5.5.208~1-b0fc0]:main():transform-feats.cc:161) Applied transform to 5 utterances; 0 had errors.
MMAG0_SX226 sil s cl t eh f cl k uh vcl b eh r l iy hh ae n vcl d el dh ax s ay cl k el aa vcl jh ax cl k el cl t r ao m ax sil 
LOG (sgmm2-latgen-faster[5.5.208~1-b0fc0]:DecodeUtteranceLatticeFaster():decoder-wrappers.cc:289) Log-like per frame for utterance MMAG0_SX226 is -8.74984 over 312 frames.
LOG (sgmm2-latgen-faster[5.5.208~1-b0fc0]:main():sgmm2-latgen-faster.cc:209) Log-like per frame for utterance MMAG0_SX226 is -8.74984 over 312 frames.
MMAG0_SX316 sil dh ae cl vcl d ao vcl ch ey s ix z cl k ae cl s sil m er s ax l ah s l iy sil 
LOG (sgmm2-latgen-faster[5.5.208~1-b0fc0]:DecodeUtteranceLatticeFaster():decoder-wrappers.cc:289) Log-like per frame for utterance MMAG0_SX316 is -9.38106 over 306 frames.
LOG (sgmm2-latgen-faster[5.5.208~1-b0fc0]:main():sgmm2-latgen-faster.cc:209) Log-like per frame for utterance MMAG0_SX316 is -9.38106 over 306 frames.
LOG (transform-feats[5.5.208~1-b0fc0]:main():transform-feats.cc:158) Overall average logdet is 2.48708 over 1671 frames.
LOG (transform-feats[5.5.208~1-b0fc0]:main():transform-feats.cc:161) Applied transform to 5 utterances; 0 had errors.
MMAG0_SX406 sil dh eh r w ax z ax vcl jh ay vcl g ae n cl t ix cl k w aa s cl n eh cl k s cl t ix er v ih ng g z vcl b ih vcl t aa cl p hh ae cl sil 
LOG (sgmm2-latgen-faster[5.5.208~1-b0fc0]:DecodeUtteranceLatticeFaster():decoder-wrappers.cc:289) Log-like per frame for utterance MMAG0_SX406 is -9.14879 over 388 frames.
LOG (sgmm2-latgen-faster[5.5.208~1-b0fc0]:main():sgmm2-latgen-faster.cc:209) Log-like per frame for utterance MMAG0_SX406 is -9.14879 over 388 frames.
MMAG0_SX46 sil dh ae cl p ih cl p aa cl k ix cl w ax z cl k ao cl r eh vcl d hh ae n vcl d ix vcl sil 
LOG (sgmm2-latgen-faster[5.5.208~1-b0fc0]:DecodeUtteranceLatticeFaster():decoder-wrappers.cc:289) Log-like per frame for utterance MMAG0_SX46 is -9.79716 over 250 frames.
LOG (sgmm2-latgen-faster[5.5.208~1-b0fc0]:main():sgmm2-latgen-faster.cc:209) Log-like per frame for utterance MMAG0_SX46 is -9.79716 over 250 frames.
LOG (sgmm2-latgen-faster[5.5.208~1-b0fc0]:main():sgmm2-latgen-faster.cc:252) Time taken [excluding initialization] 17.1127s: real-time factor assuming 100 frames/sec is 1.0241
LOG (sgmm2-latgen-faster[5.5.208~1-b0fc0]:main():sgmm2-latgen-faster.cc:255) Done 5 utterances, failed for 0
LOG (sgmm2-latgen-faster[5.5.208~1-b0fc0]:main():sgmm2-latgen-faster.cc:257) Overall log-likelihood per frame = -9.26717 over 1671 frames.
WARNING (sgmm2-latgen-faster[5.5.208~1-b0fc0]:Close():kaldi-io.cc:515) Pipe gunzip -c exp/sgmm2_4_ali/gselect.21.gz| had nonzero return status 36096
# Accounting: time=18 threads=1
# Ended (code 0) at Wed Feb 27 15:44:16 +07 2019, elapsed time 18 seconds
