# latgen-faster-mapped --beam=18.0 --lattice-beam=10.0 --acoustic-scale=0.2 --max-mem=20000000 --max-active=5000 --word-symbol-table=data/lang/words.txt exp/dnn4_pretrain-dbn_dnn/final.mdl exp/dnn4_pretrain-dbn_dnn_denlats/dengraph/HCLG.fst "ark,s,cs:copy-feats scp:data-fmllr-tri3/train/split20/16/feats.scp ark:- | nnet-forward --no-softmax=true --prior-scale=1.0 --feature-transform=exp/dnn4_pretrain-dbn_dnn/final.feature_transform --class-frame-counts=exp/dnn4_pretrain-dbn_dnn/ali_train_pdf.counts --use-gpu=no exp/dnn4_pretrain-dbn_dnn/final.nnet ark:- ark:- |" scp:exp/dnn4_pretrain-dbn_dnn_denlats/lat.store_separately_as_gz.scp 
# Started at Wed Feb 27 19:55:19 +07 2019
#
latgen-faster-mapped --beam=18.0 --lattice-beam=10.0 --acoustic-scale=0.2 --max-mem=20000000 --max-active=5000 --word-symbol-table=data/lang/words.txt exp/dnn4_pretrain-dbn_dnn/final.mdl exp/dnn4_pretrain-dbn_dnn_denlats/dengraph/HCLG.fst 'ark,s,cs:copy-feats scp:data-fmllr-tri3/train/split20/16/feats.scp ark:- | nnet-forward --no-softmax=true --prior-scale=1.0 --feature-transform=exp/dnn4_pretrain-dbn_dnn/final.feature_transform --class-frame-counts=exp/dnn4_pretrain-dbn_dnn/ali_train_pdf.counts --use-gpu=no exp/dnn4_pretrain-dbn_dnn/final.nnet ark:- ark:- |' scp:exp/dnn4_pretrain-dbn_dnn_denlats/lat.store_separately_as_gz.scp 
copy-feats scp:data-fmllr-tri3/train/split20/16/feats.scp ark:- 
nnet-forward --no-softmax=true --prior-scale=1.0 --feature-transform=exp/dnn4_pretrain-dbn_dnn/final.feature_transform --class-frame-counts=exp/dnn4_pretrain-dbn_dnn/ali_train_pdf.counts --use-gpu=no exp/dnn4_pretrain-dbn_dnn/final.nnet ark:- ark:- 
LOG (nnet-forward[5.5.208~1-b0fc0]:SelectGpuId():cu-device.cc:128) Manually selected to compute on CPU.
LOG (nnet-forward[5.5.208~1-b0fc0]:main():nnet-forward.cc:93) Removing <Softmax> from the nnet exp/dnn4_pretrain-dbn_dnn/final.nnet
LOG (nnet-forward[5.5.208~1-b0fc0]:PdfPrior():nnet-pdf-prior.cc:34) Computing pdf-priors from : exp/dnn4_pretrain-dbn_dnn/ali_train_pdf.counts
LOG (nnet-forward[5.5.208~1-b0fc0]:PdfPrior():nnet-pdf-prior.cc:64) Floored 0 pdf-priors (hard-set to 1.84467e+19, which disables DNN output when decoding)
MPRB0_SI1205 sil b ax w iy aa n cl oy ng cl t l ih cl ch ix vcl g ih v hh ix m ih n iy sil 
LOG (latgen-faster-mapped[5.5.208~1-b0fc0]:DecodeUtteranceLatticeFaster():decoder-wrappers.cc:289) Log-like per frame for utterance MPRB0_SI1205 is 4.50376 over 231 frames.
MPRB0_SI1215 sil dh ih s cl ch uw th ih cl dh ax m ao r el l ao ih z n ae cl sh l hh ae z ah dh er ix m cl p ao r en cl k ao r ax l eh r iy z sil 
LOG (latgen-faster-mapped[5.5.208~1-b0fc0]:DecodeUtteranceLatticeFaster():decoder-wrappers.cc:289) Log-like per frame for utterance MPRB0_SI1215 is 4.79009 over 516 frames.
MPRB0_SI575 sil hh iy vcl d eh z ax n w ah n cl hh er cl t ax l uh cl k f r aw n ix ng l iy ae vcl hh ih m ao r s cl p iy cl sil t uw hh ih m ae ng er l iy sil 
LOG (latgen-faster-mapped[5.5.208~1-b0fc0]:DecodeUtteranceLatticeFaster():decoder-wrappers.cc:289) Log-like per frame for utterance MPRB0_SI575 is 4.70413 over 491 frames.
MPRB0_SX125 sil w eh s cl ch eh s er ih z ix cl k aw n iy ix n uw y ao er cl k sil 
LOG (latgen-faster-mapped[5.5.208~1-b0fc0]:DecodeUtteranceLatticeFaster():decoder-wrappers.cc:289) Log-like per frame for utterance MPRB0_SX125 is 4.81698 over 274 frames.
MPRB0_SX215 sil dh ax s er m ax n eh m f ax s ay z dh ix n iy vcl f ao r ax f er m ix cl t ih v ae cl k sh ix n sil 
LOG (latgen-faster-mapped[5.5.208~1-b0fc0]:DecodeUtteranceLatticeFaster():decoder-wrappers.cc:289) Log-like per frame for utterance MPRB0_SX215 is 4.88488 over 393 frames.
MPRB0_SX305 sil k aa dx iy cl ch cl ch iy z w ix th cl ch ay v z ix z vcl d ax l ih sh ix s sil 
LOG (latgen-faster-mapped[5.5.208~1-b0fc0]:DecodeUtteranceLatticeFaster():decoder-wrappers.cc:289) Log-like per frame for utterance MPRB0_SX305 is 4.76572 over 332 frames.
MPRB0_SX35 sil hh eh l cl s eh l ax vcl b r ey cl y er vcl b r ah dh er s ix cl k s eh s sil 
LOG (latgen-faster-mapped[5.5.208~1-b0fc0]:DecodeUtteranceLatticeFaster():decoder-wrappers.cc:289) Log-like per frame for utterance MPRB0_SX35 is 4.88808 over 273 frames.
MPRB0_SX395 sil ay cl t ax cl k hh er w er vcl f ao r ih cl sil b ax vcl d ih sh iy r ih l iy vcl g ow ix ng w ih th y uw sil 
LOG (latgen-faster-mapped[5.5.208~1-b0fc0]:DecodeUtteranceLatticeFaster():decoder-wrappers.cc:289) Log-like per frame for utterance MPRB0_SX395 is 4.7113 over 320 frames.
MPRD0_SI1431 sil dh ax vcl b ae cl t ih r iy ix f ao r m d ix cl t ix cl p ax cl k el ae cl t ix v ey dx ix vcl s l ah vcl jh f l aa cl k cl sil 
LOG (latgen-faster-mapped[5.5.208~1-b0fc0]:DecodeUtteranceLatticeFaster():decoder-wrappers.cc:289) Log-like per frame for utterance MPRD0_SI1431 is 4.793 over 386 frames.
MPRD0_SI2061 sil m ey vcl b iy s ax m ah dh ix vcl d ey sil 
LOG (latgen-faster-mapped[5.5.208~1-b0fc0]:DecodeUtteranceLatticeFaster():decoder-wrappers.cc:289) Log-like per frame for utterance MPRD0_SI2061 is 4.82836 over 178 frames.
MPRD0_SI801 sil ih n ih n uw hh aw s vcl jh eh n er s r uw f ow v er hh ae ng z er ax l aa vcl jh ix cl k el ax n ax f eh cl ix v s ax l uw sh ix n sil 
LOG (latgen-faster-mapped[5.5.208~1-b0fc0]:DecodeUtteranceLatticeFaster():decoder-wrappers.cc:289) Log-like per frame for utterance MPRD0_SI801 is 4.74101 over 550 frames.
MPRD0_SX171 sil dh ix vcl d ay vcl n ow s ix s w ax z vcl d ix s cl k er ix vcl jh ix ng sil hh aw eh v er sil hh iy w ix z n aa dx ow v er l iy w er ix vcl d sil 
LOG (latgen-faster-mapped[5.5.208~1-b0fc0]:DecodeUtteranceLatticeFaster():decoder-wrappers.cc:289) Log-like per frame for utterance MPRD0_SX171 is 4.81698 over 449 frames.
MPRD0_SX261 sil d y uw hh ae v dh iy y eh l ow oy n m ix cl r eh dx iy sil 
LOG (latgen-faster-mapped[5.5.208~1-b0fc0]:DecodeUtteranceLatticeFaster():decoder-wrappers.cc:289) Log-like per frame for utterance MPRD0_SX261 is 4.70115 over 248 frames.
MPRD0_SX351 sil dh ix n uw s ax vcl b er vcl ax n ay cl s w er cl t hh aa r dx ao n r ix f er r ix sh ix ng dh eh r ow l vcl d er hh ow m sil 
LOG (latgen-faster-mapped[5.5.208~1-b0fc0]:DecodeUtteranceLatticeFaster():decoder-wrappers.cc:289) Log-like per frame for utterance MPRD0_SX351 is 4.738 over 367 frames.
MPRD0_SX441 sil d ow l uh cl k f er cl k r uw cl v ae y ix vcl b el z ax n ax vcl b ae ng cl k v ao l cl t sil 
LOG (latgen-faster-mapped[5.5.208~1-b0fc0]:DecodeUtteranceLatticeFaster():decoder-wrappers.cc:289) Log-like per frame for utterance MPRD0_SX441 is 4.6246 over 284 frames.
MPRD0_SX81 sil ix cl s ix m cl p aa s vcl b el cl t ix vcl d iy ax w ix th cl p y er aa cl k er s ix sil 
LOG (latgen-faster-mapped[5.5.208~1-b0fc0]:DecodeUtteranceLatticeFaster():decoder-wrappers.cc:289) Log-like per frame for utterance MPRD0_SX81 is 4.75035 over 255 frames.
MPRK0_SI1097 sil hh ih s cl t aa cl t er n z cl t uw w ah dx iy cl k ao l z dh ax m eh s sil ao r s ah m cl t ay m s ix z vcl b ah z iy ng cl k m f y uw zh ix n sil 
LOG (latgen-faster-mapped[5.5.208~1-b0fc0]:DecodeUtteranceLatticeFaster():decoder-wrappers.cc:289) Log-like per frame for utterance MPRK0_SI1097 is 4.90567 over 600 frames.
MPRK0_SI1727 sil ch eh cl k dh iy ow v er n ay dx er z ax aw cl t sil 
LOG (latgen-faster-mapped[5.5.208~1-b0fc0]:DecodeUtteranceLatticeFaster():decoder-wrappers.cc:289) Log-like per frame for utterance MPRK0_SI1727 is 4.91524 over 266 frames.
MPRK0_SI467 sil hh iy r ih l iy cl k r uw s ax f ay vcl hh ih m sil hh iy n ey l vcl d ih cl f ao r ey y aa r vcl l ao s sil 
LOG (latgen-faster-mapped[5.5.208~1-b0fc0]:DecodeUtteranceLatticeFaster():decoder-wrappers.cc:289) Log-like per frame for utterance MPRK0_SI467 is 4.93832 over 420 frames.
MPRK0_SX107 sil b er th dh ey cl p aa r dx iy z hh ae v cl k ah cl k ey cl k s eh n ay s cl k r iy m sil 
LOG (latgen-faster-mapped[5.5.208~1-b0fc0]:DecodeUtteranceLatticeFaster():decoder-wrappers.cc:289) Log-like per frame for utterance MPRK0_SX107 is 4.89428 over 301 frames.
MPRK0_SX17 sil k aa r l l ih v z ix n ey l ay v l iy hh ow m sil 
LOG (latgen-faster-mapped[5.5.208~1-b0fc0]:DecodeUtteranceLatticeFaster():decoder-wrappers.cc:289) Log-like per frame for utterance MPRK0_SX17 is 4.89233 over 326 frames.
MPRK0_SX197 sil d r ao iy cl ch vcl g r ae f ax ao n ey n uw ae cl k s ix s sil 
LOG (latgen-faster-mapped[5.5.208~1-b0fc0]:DecodeUtteranceLatticeFaster():decoder-wrappers.cc:289) Log-like per frame for utterance MPRK0_SX197 is 4.82089 over 260 frames.
MPRK0_SX287 sil ih n dh ax l ao ng r ah n sil ih vcl p ey z cl t uw vcl b ay cl k w ao l ax cl t iy cl k l ow dh ix ng sil 
LOG (latgen-faster-mapped[5.5.208~1-b0fc0]:DecodeUtteranceLatticeFaster():decoder-wrappers.cc:289) Log-like per frame for utterance MPRK0_SX287 is 4.82903 over 409 frames.
MPRK0_SX377 sil sh iy ao l w ix z vcl jh ow cl k s ax vcl b aw cl t uw m ah cl ch vcl g aa r l ix cl k ix n ix z f uw vcl d sil 
LOG (latgen-faster-mapped[5.5.208~1-b0fc0]:DecodeUtteranceLatticeFaster():decoder-wrappers.cc:289) Log-like per frame for utterance MPRK0_SX377 is 4.85115 over 342 frames.
MPRT0_SI1210 sil ix z w iy ix vcl s er v m ao r l ao aa n f ih z ix cl k el l ao dh ey ih cl p ih er eh z vcl b ih ng ix n eh v ax vcl b el sil 
LOG (latgen-faster-mapped[5.5.208~1-b0fc0]:DecodeUtteranceLatticeFaster():decoder-wrappers.cc:289) Log-like per frame for utterance MPRT0_SI1210 is 4.70246 over 392 frames.
MPRT0_SI495 sil dh ix iy dh er w ao cl t er w er vcl d r ih v ax n sil 
LOG (latgen-faster-mapped[5.5.208~1-b0fc0]:DecodeUtteranceLatticeFaster():decoder-wrappers.cc:289) Log-like per frame for utterance MPRT0_SI495 is 4.64894 over 172 frames.
MPRT0_SI580 sil t uw ao f ah n ax l eh s iy hh ey l z dh eh m dh ey cl p ae s ih m vcl b ay sil 
LOG (latgen-faster-mapped[5.5.208~1-b0fc0]:DecodeUtteranceLatticeFaster():decoder-wrappers.cc:289) Log-like per frame for utterance MPRT0_SI580 is 4.91742 over 278 frames.
MPRT0_SX130 sil hh iy ey cl f ao r eh cl k t er eh vcl z f er vcl b r eh cl f ax s cl t sil 
LOG (latgen-faster-mapped[5.5.208~1-b0fc0]:DecodeUtteranceLatticeFaster():decoder-wrappers.cc:289) Log-like per frame for utterance MPRT0_SX130 is 4.63103 over 216 frames.
MPRT0_SX220 sil dh ax m ow s r iy s ix n cl jh ih l aa vcl jh cl k el s er v ey f aw n s ay z m ix cl k eh cl t ih v ix cl iy sil 
LOG (latgen-faster-mapped[5.5.208~1-b0fc0]:DecodeUtteranceLatticeFaster():decoder-wrappers.cc:289) Log-like per frame for utterance MPRT0_SX220 is 4.80641 over 333 frames.
MPRT0_SX310 sil dh ax hh uh dx ax dh ix vcl jh iy cl p w ax s cl t iy m ix ng ix n dh ax hh aa cl s ah n sil 
LOG (latgen-faster-mapped[5.5.208~1-b0fc0]:DecodeUtteranceLatticeFaster():decoder-wrappers.cc:289) Log-like per frame for utterance MPRT0_SX310 is 4.69365 over 234 frames.
MPRT0_SX40 sil s cl t ih m iy l ey dx iy ng vcl d ix s cl k ah sh en z cl k iy cl s cl t uw dx ix n s ax cl t eh n sh en sil 
LOG (latgen-faster-mapped[5.5.208~1-b0fc0]:DecodeUtteranceLatticeFaster():decoder-wrappers.cc:289) Log-like per frame for utterance MPRT0_SX40 is 4.68459 over 287 frames.
MPRT0_SX400 sil jh ah s cl t r aa cl n ow dx ix s ix z ix n iy s ix vcl jh eh sh en vcl b aa cl k s sil 
LOG (latgen-faster-mapped[5.5.208~1-b0fc0]:DecodeUtteranceLatticeFaster():decoder-wrappers.cc:289) Log-like per frame for utterance MPRT0_SX400 is 4.77804 over 239 frames.
MPSW0_SI1067 sil dh er vcl g ey cl ix z m cl p aa s w el vcl ax cl k en v ey n w er vcl z sil 
LOG (latgen-faster-mapped[5.5.208~1-b0fc0]:DecodeUtteranceLatticeFaster():decoder-wrappers.cc:289) Log-like per frame for utterance MPSW0_SI1067 is 4.68371 over 233 frames.
MPSW0_SI1697 sil w ih vcl ix n iy z iy vcl d ah vcl d eh n ix f ay z ow cl p iy m vcl b ay ix cl s ow dx er sil 
LOG (latgen-faster-mapped[5.5.208~1-b0fc0]:DecodeUtteranceLatticeFaster():decoder-wrappers.cc:289) Log-like per frame for utterance MPSW0_SI1697 is 4.60374 over 242 frames.
MPSW0_SI2327 sil m s aa r vcl ix eh sh el hh ae cl t ax s er cl ch ix z hh aw s sil 
LOG (latgen-faster-mapped[5.5.208~1-b0fc0]:DecodeUtteranceLatticeFaster():decoder-wrappers.cc:289) Log-like per frame for utterance MPSW0_SI2327 is 4.56047 over 207 frames.
MPSW0_SX167 sil p l oy iy l ey aa s cl k ao n s ay dx ix w ix th ix cl k ah m cl p iy z r er vcl ix n ix z ey sh en sil 
LOG (latgen-faster-mapped[5.5.208~1-b0fc0]:DecodeUtteranceLatticeFaster():decoder-wrappers.cc:289) Log-like per frame for utterance MPSW0_SX167 is 4.54672 over 289 frames.
MPSW0_SX24 sil ah dh ow aa l ix z ax l ow n w ix s ax v ay v sil 
LOG (latgen-faster-mapped[5.5.208~1-b0fc0]:DecodeUtteranceLatticeFaster():decoder-wrappers.cc:289) Log-like per frame for utterance MPSW0_SX24 is 4.6033 over 184 frames.
MPSW0_SX257 sil w iy aa l cl p ax n eh v r iy m ah n iy v n ix n sil 
LOG (latgen-faster-mapped[5.5.208~1-b0fc0]:DecodeUtteranceLatticeFaster():decoder-wrappers.cc:289) Log-like per frame for utterance MPSW0_SX257 is 4.56221 over 202 frames.
MPSW0_SX437 sil ey y uw z vcl n ix vcl g r eh s ix v cl p l iy s epi ax n cl t ax f l ae vcl th aa l ih s epi m ow dx er ix s cl s sil 
LOG (latgen-faster-mapped[5.5.208~1-b0fc0]:DecodeUtteranceLatticeFaster():decoder-wrappers.cc:289) Log-like per frame for utterance MPSW0_SX437 is 4.57854 over 305 frames.
MPSW0_SX77 sil b ae vcl p ay cl s ix n vcl b ao ng ow z ix m y uw z ix cl k el ix sh m ix n cl s sil 
LOG (latgen-faster-mapped[5.5.208~1-b0fc0]:DecodeUtteranceLatticeFaster():decoder-wrappers.cc:289) Log-like per frame for utterance MPSW0_SX77 is 4.48313 over 246 frames.
MRAB0_SI1224 sil dh ix s ih z n eh v ax dh ax l eh s ax m ay n ao er dx iy v iy uw sil 
LOG (latgen-faster-mapped[5.5.208~1-b0fc0]:DecodeUtteranceLatticeFaster():decoder-wrappers.cc:289) Log-like per frame for utterance MRAB0_SI1224 is 4.85308 over 242 frames.
MRAB0_SI1854 sil hh ih er m eh m ax vcl dh ax l ae s cl t ay n hh iy dx iy en sil ae cl sh uw ax l eh vcl z f er m ax n ae cl sh ax el cl p ae n sil 
LOG (latgen-faster-mapped[5.5.208~1-b0fc0]:DecodeUtteranceLatticeFaster():decoder-wrappers.cc:289) Log-like per frame for utterance MRAB0_SI1854 is 4.621 over 428 frames.
MRAB0_SI594 sil dh ix cl t r ay l vcl b el uw n z aa r ax f l ow cl t sil 
LOG (latgen-faster-mapped[5.5.208~1-b0fc0]:DecodeUtteranceLatticeFaster():decoder-wrappers.cc:289) Log-like per frame for utterance MRAB0_SI594 is 4.814 over 203 frames.
MRAB0_SX144 sil dh ax w ih l ax w iy w el m ax n w ao r ax m ae s cl k r ae cl k ow cl t sil 
LOG (latgen-faster-mapped[5.5.208~1-b0fc0]:DecodeUtteranceLatticeFaster():decoder-wrappers.cc:289) Log-like per frame for utterance MRAB0_SX144 is 4.66325 over 252 frames.
MRAB0_SX234 sil dh ax cl p ey cl p er vcl b oy vcl b ao cl t uw ae cl p el z ix n th r iy ay s ix z sil 
LOG (latgen-faster-mapped[5.5.208~1-b0fc0]:DecodeUtteranceLatticeFaster():decoder-wrappers.cc:289) Log-like per frame for utterance MRAB0_SX234 is 4.7523 over 275 frames.
MRAB0_SX324 sil dh ax l ow cl k el vcl d r ah vcl s cl t er w ix z cl ch aa r zh ix th ih l iy vcl l iy vcl d ix s cl p eh n s ix n cl t r ae ng cl k w el ay z er z sil 
LOG (latgen-faster-mapped[5.5.208~1-b0fc0]:DecodeUtteranceLatticeFaster():decoder-wrappers.cc:289) Log-like per frame for utterance MRAB0_SX324 is 4.61621 over 388 frames.
MRAB0_SX414 sil ay r ih sh y ah ng s cl ch er z iy cl t f r eh sh cl k ih cl p er z f er vcl b r eh cl k th ix s cl t sil 
LOG (latgen-faster-mapped[5.5.208~1-b0fc0]:DecodeUtteranceLatticeFaster():decoder-wrappers.cc:289) Log-like per frame for utterance MRAB0_SX414 is 4.79255 over 315 frames.
MRAB0_SX54 sil dh iy iy s cl t er n cl k ow s ix z ax cl p l ey s f er cl p y er cl p l eh zh er n ix cl k s ay m ax n cl t sil 
LOG (latgen-faster-mapped[5.5.208~1-b0fc0]:DecodeUtteranceLatticeFaster():decoder-wrappers.cc:289) Log-like per frame for utterance MRAB0_SX54 is 4.70692 over 310 frames.
MRAB1_SI1478 sil hh iy vcl d ih vcl n aa cl m ay n dh iy y uw s epi l ix s cl k ay n l iy cl k w eh sh sh ix n s sil 
LOG (latgen-faster-mapped[5.5.208~1-b0fc0]:DecodeUtteranceLatticeFaster():decoder-wrappers.cc:289) Log-like per frame for utterance MRAB1_SI1478 is 4.79642 over 299 frames.
MRAB1_SI2108 sil d ow n cl f er vcl g eh cl hh w ih s cl k iy sil ix cl s ah cl ch ax vcl b ih vcl g s eh l er sil 
LOG (latgen-faster-mapped[5.5.208~1-b0fc0]:DecodeUtteranceLatticeFaster():decoder-wrappers.cc:289) Log-like per frame for utterance MRAB1_SI2108 is 4.66075 over 267 frames.
MRAB1_SI848 sil k ih n y er ih n sh er ix n cl z cl k ah m cl p ix n iy ey vcl d y uw ix n er vcl d uw s iy ng ix vcl m ih n ix s cl t r ey dx ix v cl k ao s cl s sil 
LOG (latgen-faster-mapped[5.5.208~1-b0fc0]:DecodeUtteranceLatticeFaster():decoder-wrappers.cc:289) Log-like per frame for utterance MRAB1_SI848 is 4.7446 over 410 frames.
MRAB1_SX128 sil l aa cl s ax f ao er n m uw v iy z hh ae v s ah vcl t ay dx el s sil 
LOG (latgen-faster-mapped[5.5.208~1-b0fc0]:DecodeUtteranceLatticeFaster():decoder-wrappers.cc:289) Log-like per frame for utterance MRAB1_SX128 is 4.86914 over 253 frames.
MRAB1_SX218 sil t r ay dx er r iy cl k ao l dh iy ix v eh n cl s en cl k r aa n ax l aa vcl jh ax cl k el ao r dx er sil 
LOG (latgen-faster-mapped[5.5.208~1-b0fc0]:DecodeUtteranceLatticeFaster():decoder-wrappers.cc:289) Log-like per frame for utterance MRAB1_SX218 is 4.67968 over 300 frames.
MRAB1_SX308 sil sh ih cl b ih l vcl ix ng ix z ax v m ow s f ae s ax n ey dx iy ng cl p r aa s eh s sil 
LOG (latgen-faster-mapped[5.5.208~1-b0fc0]:DecodeUtteranceLatticeFaster():decoder-wrappers.cc:289) Log-like per frame for utterance MRAB1_SX308 is 4.85567 over 318 frames.
MRAB1_SX38 sil y ah ng cl p iy cl p el cl p er cl t ih s ax cl p ey dx ix n ae th l eh dx ix cl k ae cl t ih v ix dx iy s sil 
LOG (latgen-faster-mapped[5.5.208~1-b0fc0]:DecodeUtteranceLatticeFaster():decoder-wrappers.cc:289) Log-like per frame for utterance MRAB1_SX38 is 4.81735 over 303 frames.
MRAB1_SX398 sil ch ih l vcl d er n cl k ix n cl k ix n s uw m ih n iy f r uw cl cl k ae n dh iy z ix n w ah n s ih dx ih ng sil 
LOG (latgen-faster-mapped[5.5.208~1-b0fc0]:DecodeUtteranceLatticeFaster():decoder-wrappers.cc:289) Log-like per frame for utterance MRAB1_SX398 is 4.73085 over 312 frames.
MRAI0_SI1954 sil hh ah n iy hh iy w ih s cl p er vcl d sil 
LOG (latgen-faster-mapped[5.5.208~1-b0fc0]:DecodeUtteranceLatticeFaster():decoder-wrappers.cc:289) Log-like per frame for utterance MRAI0_SI1954 is 4.70557 over 148 frames.
MRAI0_SI2052 sil dh iy ix n cl t ay er l eh ng cl th ix dh ix s cl t r iy cl k ix vcl b iy r ey cl w ix th r ay f el f ay er f er m dh ix s vcl b aa r n sil 
LOG (latgen-faster-mapped[5.5.208~1-b0fc0]:DecodeUtteranceLatticeFaster():decoder-wrappers.cc:289) Log-like per frame for utterance MRAI0_SI2052 is 4.738 over 445 frames.
MRAI0_SI792 sil b ah f eh n s cl t er ah n f eh n s cl sil n ow cl p uw l s ay dx ix z dh ax cl p l ey z f er r ah n ix ng er hh ao r s cl p l ey sil 
LOG (latgen-faster-mapped[5.5.208~1-b0fc0]:DecodeUtteranceLatticeFaster():decoder-wrappers.cc:289) Log-like per frame for utterance MRAI0_SI792 is 4.69174 over 488 frames.
MRAI0_SX162 sil hh er ao v er n hh eh r ix m ay n d ix vcl d hh ih m ax v ao dx ax m l iy v z sil 
LOG (latgen-faster-mapped[5.5.208~1-b0fc0]:DecodeUtteranceLatticeFaster():decoder-wrappers.cc:289) Log-like per frame for utterance MRAI0_SX162 is 4.76058 over 312 frames.
MRAI0_SX252 sil dh ix vcl g ao r vcl jh ix s vcl b ah dx er f l ay ey dx ax l aa v n eh cl t er sil 
LOG (latgen-faster-mapped[5.5.208~1-b0fc0]:DecodeUtteranceLatticeFaster():decoder-wrappers.cc:289) Log-like per frame for utterance MRAI0_SX252 is 4.7796 over 251 frames.
MRAI0_SX342 sil t ey cl k ch aa r vcl jh ix v cl ch uw z ix n hh er vcl b r ay cl z m ey vcl z vcl g aw n z sil 
LOG (latgen-faster-mapped[5.5.208~1-b0fc0]:DecodeUtteranceLatticeFaster():decoder-wrappers.cc:289) Log-like per frame for utterance MRAI0_SX342 is 4.75637 over 331 frames.
MRAI0_SX432 sil k ao f iy ix z vcl g r ow n aa n s cl t iy cl p sil jh ah ng ax l ay cl k s l ow cl s ix n z hh eh m cl p er cl z ow n z sil 
LOG (latgen-faster-mapped[5.5.208~1-b0fc0]:DecodeUtteranceLatticeFaster():decoder-wrappers.cc:289) Log-like per frame for utterance MRAI0_SX432 is 4.66955 over 437 frames.
MRAI0_SX72 sil s cl p r ih ng s cl t r iy ix sh cl t r ey dx eh hh eh vcl d sil 
LOG (latgen-faster-mapped[5.5.208~1-b0fc0]:DecodeUtteranceLatticeFaster():decoder-wrappers.cc:289) Log-like per frame for utterance MRAI0_SX72 is 4.70419 over 221 frames.
MRAM0_SI1275 sil l aa cl k ey vcl ix z w ah n ae n s er ao f er vcl b ay eh cl s cl p er cl t s sil 
LOG (latgen-faster-mapped[5.5.208~1-b0fc0]:DecodeUtteranceLatticeFaster():decoder-wrappers.cc:289) Log-like per frame for utterance MRAM0_SI1275 is 4.7395 over 315 frames.
MRAM0_SI1905 sil m iy n w ay l s cl p r ih ng ix vcl p ae s epi w eh l ix n cl t ax s ah m er sil 
LOG (latgen-faster-mapped[5.5.208~1-b0fc0]:DecodeUtteranceLatticeFaster():decoder-wrappers.cc:289) Log-like per frame for utterance MRAM0_SI1905 is 4.82189 over 243 frames.
MRAM0_SI1951 sil hh iy w ah n cl t ix vcl d ix sh ow dh ix cl t aw n sil w ah cl hh ae cl p ix n vcl d ix ih n iy w ah n hh ix vcl t r ay cl t ix s cl t er cl t r ah vcl el sil 
LOG (latgen-faster-mapped[5.5.208~1-b0fc0]:DecodeUtteranceLatticeFaster():decoder-wrappers.cc:289) Log-like per frame for utterance MRAM0_SI1951 is 4.67877 over 431 frames.
MRAM0_SX105 sil y m ah s cl t ix cl s cl p l ih s ix l iy vcl d ax l iy cl t f ay l s sil 
LOG (latgen-faster-mapped[5.5.208~1-b0fc0]:DecodeUtteranceLatticeFaster():decoder-wrappers.cc:289) Log-like per frame for utterance MRAM0_SX105 is 4.85225 over 241 frames.
MRAM0_SX15 sil dh ix m y uw z iy ix m hh ay er z epi m uw z ih sh ix n z sil eh v r iy iy v n ix ng sil 
LOG (latgen-faster-mapped[5.5.208~1-b0fc0]:DecodeUtteranceLatticeFaster():decoder-wrappers.cc:289) Log-like per frame for utterance MRAM0_SX15 is 4.81462 over 320 frames.
MRAM0_SX195 sil w ix vcl y uw ax l aw ae cl k s ax v ay l ax n cl t s sil 
LOG (latgen-faster-mapped[5.5.208~1-b0fc0]:DecodeUtteranceLatticeFaster():decoder-wrappers.cc:289) Log-like per frame for utterance MRAM0_SX195 is 4.92344 over 198 frames.
MRAM0_SX285 sil r ih cl ch cl p er cl ch er s cl s eh v r l s ay n vcl l ih th ix vcl g r ae f s sil 
LOG (latgen-faster-mapped[5.5.208~1-b0fc0]:DecodeUtteranceLatticeFaster():decoder-wrappers.cc:289) Log-like per frame for utterance MRAM0_SX285 is 4.89431 over 284 frames.
MRAM0_SX375 sil g r ow ix ng w eh l cl k eh cl g aa r vcl en s ix z v eh r iy cl t ay m cl k n s ix m ix ng sil 
LOG (latgen-faster-mapped[5.5.208~1-b0fc0]:DecodeUtteranceLatticeFaster():decoder-wrappers.cc:289) Log-like per frame for utterance MRAM0_SX375 is 4.69678 over 316 frames.
MRAV0_SI1008 sil ch ih s epi n ah cl t s ax r s cl t er cl ch iy sil 
LOG (latgen-faster-mapped[5.5.208~1-b0fc0]:DecodeUtteranceLatticeFaster():decoder-wrappers.cc:289) Log-like per frame for utterance MRAV0_SI1008 is 4.63978 over 178 frames.
MRAV0_SI1638 sil w ah cl p ax z eh s sh iy vcl d ix cl t eh l m ey cl k l ow z hh ao r s epi w ix vcl b iy eh vcl g ix dx ah vcl d iy ah sil 
LOG (latgen-faster-mapped[5.5.208~1-b0fc0]:DecodeUtteranceLatticeFaster():decoder-wrappers.cc:289) Log-like per frame for utterance MRAV0_SI1638 is 4.63013 over 326 frames.
MRAV0_SI2268 sil n iy vcl d ax s cl t ix s ey m aa aa r cl s ah f er vcl d r eh s ix cl k l iy vcl d er ix n ix s cl t er vcl ix ax n cl p ih r iy ix vcl sil 
LOG (latgen-faster-mapped[5.5.208~1-b0fc0]:DecodeUtteranceLatticeFaster():decoder-wrappers.cc:289) Log-like per frame for utterance MRAV0_SI2268 is 4.66002 over 380 frames.
MRAV0_SX108 sil hh ih s cl k ae l cl w ax z vcl b l ih s er vcl f r m cl t ix d ey z hh aa cl s ah n sil 
LOG (latgen-faster-mapped[5.5.208~1-b0fc0]:DecodeUtteranceLatticeFaster():decoder-wrappers.cc:289) Log-like per frame for utterance MRAV0_SX108 is 4.66797 over 255 frames.
MRAV0_SX18 sil ae l ax m ow n iy hh aa r m z ix vcl d ix v ao r s cl m ae n z w eh l th sil 
LOG (latgen-faster-mapped[5.5.208~1-b0fc0]:DecodeUtteranceLatticeFaster():decoder-wrappers.cc:289) Log-like per frame for utterance MRAV0_SX18 is 4.63879 over 226 frames.
MRAV0_SX198 sil n ow w iy vcl jh ix n s w eh dx er z er m ey dx ax v l ae m z w ao l sil 
LOG (latgen-faster-mapped[5.5.208~1-b0fc0]:DecodeUtteranceLatticeFaster():decoder-wrappers.cc:289) Log-like per frame for utterance MRAV0_SX198 is 4.86775 over 225 frames.
MRAV0_SX288 sil b r ah sh f aa er z er cl k aa m ax n ix n dh ax vcl d r ay ah n dh er vcl b r ah sh ax v n ax v aa dx ax sil 
LOG (latgen-faster-mapped[5.5.208~1-b0fc0]:DecodeUtteranceLatticeFaster():decoder-wrappers.cc:289) Log-like per frame for utterance MRAV0_SX288 is 4.75024 over 280 frames.
MRAV0_SX378 sil ah vcl jh ih s ao vcl jh ih m n ih r dh iy n uw aa r k iy l aa vcl jh cl k el m uw z iy ax m sil 
LOG (latgen-faster-mapped[5.5.208~1-b0fc0]:DecodeUtteranceLatticeFaster():decoder-wrappers.cc:289) Log-like per frame for utterance MRAV0_SX378 is 4.55824 over 274 frames.
MRBC0_SI1665 sil ix f uw l ih sh th ao cl k ey m ix n cl t uw hh ix z hh eh vcl sil 
LOG (latgen-faster-mapped[5.5.208~1-b0fc0]:DecodeUtteranceLatticeFaster():decoder-wrappers.cc:289) Log-like per frame for utterance MRBC0_SI1665 is 4.67016 over 242 frames.
MRBC0_SI1859 sil w ax w er cl f ao r aa r cl k iy cl dh ax vcl b oy s eh dx iy er l iy sil 
LOG (latgen-faster-mapped[5.5.208~1-b0fc0]:DecodeUtteranceLatticeFaster():decoder-wrappers.cc:289) Log-like per frame for utterance MRBC0_SI1859 is 4.74265 over 265 frames.
MRBC0_SI599 sil w ah n ix cl s cl p l ey n z ih s y uw n ih vcl d er eh cl sh el cl p er ae l ax s ix s sil 
LOG (latgen-faster-mapped[5.5.208~1-b0fc0]:DecodeUtteranceLatticeFaster():decoder-wrappers.cc:289) Log-like per frame for utterance MRBC0_SI599 is 4.72262 over 295 frames.
MRBC0_SX149 sil ow w ey dx ix ng f er cl ch ih cl p er sh iy cl k r ih s cl k r ao s ax s cl k w eh er m ih n iy cl t ay m z sil 
LOG (latgen-faster-mapped[5.5.208~1-b0fc0]:DecodeUtteranceLatticeFaster():decoder-wrappers.cc:289) Log-like per frame for utterance MRBC0_SX149 is 4.69672 over 340 frames.
MRBC0_SX239 sil p y er iy s ix m f r uw cl b ax f ao r cl p er cl p eh r ix ng dh ix s cl k y uw er z sil 
LOG (latgen-faster-mapped[5.5.208~1-b0fc0]:DecodeUtteranceLatticeFaster():decoder-wrappers.cc:289) Log-like per frame for utterance MRBC0_SX239 is 4.79778 over 297 frames.
MRBC0_SX329 sil ch ih cl p ow s cl p ow n ae l m ow n ix cl p ey m ax n cl s ax n cl t ix v ax l ey dx ix s cl p aa s vcl b el vcl d ey cl t sil 
LOG (latgen-faster-mapped[5.5.208~1-b0fc0]:DecodeUtteranceLatticeFaster():decoder-wrappers.cc:289) Log-like per frame for utterance MRBC0_SX329 is 4.59509 over 372 frames.
MRBC0_SX419 sil dh ix f ax vcl b ao l cl t iy m cl k ow cl ch hh eh z ix w aa cl ch th ih n eh z ix vcl d ay m sil 
LOG (latgen-faster-mapped[5.5.208~1-b0fc0]:DecodeUtteranceLatticeFaster():decoder-wrappers.cc:289) Log-like per frame for utterance MRBC0_SX419 is 4.77506 over 312 frames.
MRBC0_SX59 sil dh ix s ih ng er z f ih ng er hh eh dx ix s cl p l ih n er sil 
LOG (latgen-faster-mapped[5.5.208~1-b0fc0]:DecodeUtteranceLatticeFaster():decoder-wrappers.cc:289) Log-like per frame for utterance MRBC0_SX59 is 4.81387 over 204 frames.
MRCG0_SI1428 sil ih n dh eh cl s w er vcl z ae n ax l eh cl t r aa n ix cl s epi w ih cl ch ih z m ey vcl b iy r ix z er v d ix n ax f aa l ax w ix ng w ey iy z sil 
LOG (latgen-faster-mapped[5.5.208~1-b0fc0]:DecodeUtteranceLatticeFaster():decoder-wrappers.cc:289) Log-like per frame for utterance MRCG0_SI1428 is 4.67923 over 480 frames.
MRCG0_SI2058 sil w ay ey n cl ch uw cl p l ey m vcl b ao l sil 
LOG (latgen-faster-mapped[5.5.208~1-b0fc0]:DecodeUtteranceLatticeFaster():decoder-wrappers.cc:289) Log-like per frame for utterance MRCG0_SI2058 is 4.75645 over 264 frames.
MRCG0_SI798 sil w ix n y er l eh s f ix cl t iy vcl d sil th ih ng jh ih s n ae cl ch er l ix l uh cl b r ay dx er sil 
LOG (latgen-faster-mapped[5.5.208~1-b0fc0]:DecodeUtteranceLatticeFaster():decoder-wrappers.cc:289) Log-like per frame for utterance MRCG0_SI798 is 4.76087 over 374 frames.
MRCG0_SX168 sil hh uw cl t uh cl k dh ix cl k ay y ae cl d aw n dh ax vcl b ay y uw sil 
LOG (latgen-faster-mapped[5.5.208~1-b0fc0]:DecodeUtteranceLatticeFaster():decoder-wrappers.cc:289) Log-like per frame for utterance MRCG0_SX168 is 4.79726 over 262 frames.
MRCG0_SX258 sil iy eh s ey ah n vcl d ix n ay ax vcl b l iy r iy f l eh cl k s aa r v y uw ey vcl b l ix sil 
LOG (latgen-faster-mapped[5.5.208~1-b0fc0]:DecodeUtteranceLatticeFaster():decoder-wrappers.cc:289) Log-like per frame for utterance MRCG0_SX258 is 4.79802 over 357 frames.
MRCG0_SX348 sil ah l ax v ax s cl k uw cl p ax v ae dx ix vcl z aa dx ih cl p er cl p el ix n cl t er cl k ao r iy sh er vcl b er cl sil 
LOG (latgen-faster-mapped[5.5.208~1-b0fc0]:DecodeUtteranceLatticeFaster():decoder-wrappers.cc:289) Log-like per frame for utterance MRCG0_SX348 is 4.70831 over 406 frames.
MRCG0_SX438 sil sh eh l sh aa cl k ao z vcl b ay sh r ae cl n ax l ix s ah m cl t ay m z cl k y er th r uw vcl g r uw cl th eh er cl p iy sil 
LOG (latgen-faster-mapped[5.5.208~1-b0fc0]:DecodeUtteranceLatticeFaster():decoder-wrappers.cc:289) Log-like per frame for utterance MRCG0_SX438 is 4.78164 over 458 frames.
MRCG0_SX78 sil d aa cl t er z cl p er s cl k r ay vcl d r ah vcl g z cl t uw f r iy l ix sil 
LOG (latgen-faster-mapped[5.5.208~1-b0fc0]:DecodeUtteranceLatticeFaster():decoder-wrappers.cc:289) Log-like per frame for utterance MRCG0_SX78 is 4.82521 over 345 frames.
MRCW0_SI1371 sil ch iy y uw z vcl dh iy z n uw w ey z en vcl d eh l iy l ay f ix z dh ax l ae s cl t ah cl sil 
LOG (latgen-faster-mapped[5.5.208~1-b0fc0]:DecodeUtteranceLatticeFaster():decoder-wrappers.cc:289) Log-like per frame for utterance MRCW0_SI1371 is 4.61569 over 306 frames.
MRCW0_SI2001 sil w er l ao s cl t ix n vcl b er n ix ng ah cl p ah l r eh dx iy sil sh iy vcl b eh dx aw cl t ah n s el ix sil 
LOG (latgen-faster-mapped[5.5.208~1-b0fc0]:DecodeUtteranceLatticeFaster():decoder-wrappers.cc:289) Log-like per frame for utterance MRCW0_SI2001 is 4.63679 over 306 frames.
MRCW0_SI741 sil ih n dh ax w ih n cl t er sil hh ax vcl b ay cl ch iy n ix cl k ih cl ch ix n w er vcl g r l ow v ax dh ax l ao vcl g s ax v ax f ay er cl p l oy s sil 
LOG (latgen-faster-mapped[5.5.208~1-b0fc0]:DecodeUtteranceLatticeFaster():decoder-wrappers.cc:289) Log-like per frame for utterance MRCW0_SI741 is 4.63171 over 431 frames.
MRCW0_SX111 sil hh ix s ah vcl m vcl d ix cl p aa r cl ch er sh aa cl dh ix cl k ae s cl t sil 
LOG (latgen-faster-mapped[5.5.208~1-b0fc0]:DecodeUtteranceLatticeFaster():decoder-wrappers.cc:289) Log-like per frame for utterance MRCW0_SX111 is 4.68111 over 219 frames.
MRCW0_SX201 sil ax cl p r ow cl ch er ix n er v iy w ih s cl t eh cl ch uw ah s cl k m cl p ow zh er sil 
LOG (latgen-faster-mapped[5.5.208~1-b0fc0]:DecodeUtteranceLatticeFaster():decoder-wrappers.cc:289) Log-like per frame for utterance MRCW0_SX201 is 4.73649 over 274 frames.
MRCW0_SX21 sil eh l f eh l f ay cl ix s hh eh l th iy f er y uw sil 
LOG (latgen-faster-mapped[5.5.208~1-b0fc0]:DecodeUtteranceLatticeFaster():decoder-wrappers.cc:289) Log-like per frame for utterance MRCW0_SX21 is 4.54785 over 169 frames.
MRCW0_SX291 sil dh iy eh v ax l ae n ch t r ih vcl er dx ax m ay n er er th cl k w ey cl k sil 
LOG (latgen-faster-mapped[5.5.208~1-b0fc0]:DecodeUtteranceLatticeFaster():decoder-wrappers.cc:289) Log-like per frame for utterance MRCW0_SX291 is 4.53862 over 238 frames.
MRCW0_SX381 sil w iy w eh l cl k ax m eh n iy n uw s cl t uw vcl en s iy cl ch ih er sil 
LOG (latgen-faster-mapped[5.5.208~1-b0fc0]:DecodeUtteranceLatticeFaster():decoder-wrappers.cc:289) Log-like per frame for utterance MRCW0_SX381 is 4.77292 over 219 frames.
MRDD0_SI1050 sil b ow th ix cl k ix n vcl d ih sh ix n z eh n dh ix cl k ax m cl p l ih s ix dx iy aa vcl d aa cl k m eh dx ix n cl k n s ix dx er v el vcl d iy cl t ey l sil 
LOG (latgen-faster-mapped[5.5.208~1-b0fc0]:DecodeUtteranceLatticeFaster():decoder-wrappers.cc:289) Log-like per frame for utterance MRDD0_SI1050 is 4.61661 over 393 frames.
MRDD0_SI1680 sil hh ix cl ch eh cl t ih n cl t uw ax m ow cl t eh l ax n d r ow v vcl d aw n cl t aw n sil 
LOG (latgen-faster-mapped[5.5.208~1-b0fc0]:DecodeUtteranceLatticeFaster():decoder-wrappers.cc:289) Log-like per frame for utterance MRDD0_SI1680 is 4.658 over 288 frames.
MRDD0_SI2310 sil ix n aw n ao er sil sil d ow n cl ch uw ix n cl k er vcl jh hh ih m sil 
LOG (latgen-faster-mapped[5.5.208~1-b0fc0]:DecodeUtteranceLatticeFaster():decoder-wrappers.cc:289) Log-like per frame for utterance MRDD0_SI2310 is 4.66715 over 248 frames.
MRDD0_SX150 sil k ih cl ix m iy s cl k w ix s iy n ix z ix cl k s cl k w ih z ix cl sil 
LOG (latgen-faster-mapped[5.5.208~1-b0fc0]:DecodeUtteranceLatticeFaster():decoder-wrappers.cc:289) Log-like per frame for utterance MRDD0_SX150 is 4.63337 over 200 frames.
MRDD0_SX240 sil ix cl s n aa dx iy z iy cl t cl k r ey dx eh l uw m ix n ey dx iy ng ix vcl g z ae m cl p el s sil 
LOG (latgen-faster-mapped[5.5.208~1-b0fc0]:DecodeUtteranceLatticeFaster():decoder-wrappers.cc:289) Log-like per frame for utterance MRDD0_SX240 is 4.67675 over 275 frames.
MRDD0_SX277 sil dh ax r ow z cl k ao r s aa r vcl jh s m eh l vcl s w iy cl t sil 
LOG (latgen-faster-mapped[5.5.208~1-b0fc0]:DecodeUtteranceLatticeFaster():decoder-wrappers.cc:289) Log-like per frame for utterance MRDD0_SX277 is 4.7522 over 225 frames.
MRDD0_SX330 sil k aa n cl dh ax n ah m b er v cl t iy s cl p uw n z ah v s ow iy s ao s dh eh cl ch uw ae vcl sil 
LOG (latgen-faster-mapped[5.5.208~1-b0fc0]:DecodeUtteranceLatticeFaster():decoder-wrappers.cc:289) Log-like per frame for utterance MRDD0_SX330 is 4.74628 over 314 frames.
MRDD0_SX60 sil dh ax l eh vcl jh ix s l ey cl ch er m eh cl t ix vcl jh ah vcl jh dh ix s dh ey dx ix v cl p ah vcl l ix cl k eh vcl jh ix cl k ey sh en sil 
LOG (latgen-faster-mapped[5.5.208~1-b0fc0]:DecodeUtteranceLatticeFaster():decoder-wrappers.cc:289) Log-like per frame for utterance MRDD0_SX60 is 4.77477 over 331 frames.
MRDM0_SI1044 sil r eh z ix dx ih n sh l ah s ow sh ey sh en s cl t r ah vcl ax l cl t ax ix n s epi ay cl dh m s eh l dh ix vcl ix n s cl t ix n cl t r uw zh en epi sil 
LOG (latgen-faster-mapped[5.5.208~1-b0fc0]:DecodeUtteranceLatticeFaster():decoder-wrappers.cc:289) Log-like per frame for utterance MRDM0_SI1044 is 4.44164 over 418 frames.
MRDM0_SI1595 sil ah cl k r uw vcl l eh dx er r ae n vcl d aw n d ow w uh dx en f l ao r sil 
LOG (latgen-faster-mapped[5.5.208~1-b0fc0]:DecodeUtteranceLatticeFaster():decoder-wrappers.cc:289) Log-like per frame for utterance MRDM0_SI1595 is 4.69335 over 250 frames.
MRDM0_SI965 sil ax s ih n aa m iy ih z n eh v ax s ih ng vcl ax w ey v p ax dx ax s er ix z sil 
LOG (latgen-faster-mapped[5.5.208~1-b0fc0]:DecodeUtteranceLatticeFaster():decoder-wrappers.cc:289) Log-like per frame for utterance MRDM0_SI965 is 4.49755 over 273 frames.
MRDM0_SX155 sil dh ax w aa dx er cl k ix n cl t ey n cl t uw m ix cl ch cl k l ao r iy n sil ix n s cl t ah ng ix z ay z sil 
LOG (latgen-faster-mapped[5.5.208~1-b0fc0]:DecodeUtteranceLatticeFaster():decoder-wrappers.cc:289) Log-like per frame for utterance MRDM0_SX155 is 4.57559 over 332 frames.
MRDM0_SX245 sil d ix z hh ih n vcl d uw ay dh iy aa l ax vcl jh iy aa n er cl k aw z sil 
LOG (latgen-faster-mapped[5.5.208~1-b0fc0]:DecodeUtteranceLatticeFaster():decoder-wrappers.cc:289) Log-like per frame for utterance MRDM0_SX245 is 4.74992 over 250 frames.
MRDM0_SX335 sil k ah s ao cl p ay n cl t r iy z ix n r eh vcl w uh vcl z sil ax n ix z w ao cl th r uw s ix cl k oy ix n ae sh cl el f ao r s cl t sil 
LOG (latgen-faster-mapped[5.5.208~1-b0fc0]:DecodeUtteranceLatticeFaster():decoder-wrappers.cc:289) Log-like per frame for utterance MRDM0_SX335 is 4.63082 over 450 frames.
MRDM0_SX425 sil m uw v iy z n eh v er hh ae v ax n ah f v ih l ax n z sil 
LOG (latgen-faster-mapped[5.5.208~1-b0fc0]:DecodeUtteranceLatticeFaster():decoder-wrappers.cc:289) Log-like per frame for utterance MRDM0_SX425 is 4.74836 over 183 frames.
MRDM0_SX65 sil ch ae l ax n vcl jh iy cl ch vcl jh ih n er l z ix n cl t eh l vcl jh en s sil 
LOG (latgen-faster-mapped[5.5.208~1-b0fc0]:DecodeUtteranceLatticeFaster():decoder-wrappers.cc:289) Log-like per frame for utterance MRDM0_SX65 is 4.60082 over 206 frames.
MRDS0_SI1167 sil w iy eh v ah dh ih ng d ax hh ay dx ah n d er ax vcl b uh sh el sil 
LOG (latgen-faster-mapped[5.5.208~1-b0fc0]:DecodeUtteranceLatticeFaster():decoder-wrappers.cc:289) Log-like per frame for utterance MRDS0_SI1167 is 4.547 over 182 frames.
MRDS0_SI1797 sil k ax m ah n iy w ih s cl p er vcl f ao r l ah v el z ax vcl b aw th r iy f iy cl d aw n z ah vcl d ow n cl f ao l sil 
LOG (latgen-faster-mapped[5.5.208~1-b0fc0]:DecodeUtteranceLatticeFaster():decoder-wrappers.cc:289) Log-like per frame for utterance MRDS0_SI1797 is 4.53021 over 325 frames.
MRDS0_SI537 sil ix dx ih z w ah n ah v dh ax r eh r cl p ah l ix cl v eh n ch er z hh ih er ax n w ix cl ch n ih r l iy eh v r iy w ah n ix z ix vcl g r iy vcl d sil 
LOG (latgen-faster-mapped[5.5.208~1-b0fc0]:DecodeUtteranceLatticeFaster():decoder-wrappers.cc:289) Log-like per frame for utterance MRDS0_SI537 is 4.54886 over 363 frames.
MRDS0_SX177 sil d ix z cl k r iy ow l cl k uh cl iy ng y uw z cl k er iy sil 
LOG (latgen-faster-mapped[5.5.208~1-b0fc0]:DecodeUtteranceLatticeFaster():decoder-wrappers.cc:289) Log-like per frame for utterance MRDS0_SX177 is 4.78743 over 198 frames.
MRDS0_SX267 sil d r ao eh v r iy aw dx er l ay n f er s dh eh n f ih l ix n iy ix n cl t er iy er sil 
LOG (latgen-faster-mapped[5.5.208~1-b0fc0]:DecodeUtteranceLatticeFaster():decoder-wrappers.cc:289) Log-like per frame for utterance MRDS0_SX267 is 4.79203 over 306 frames.
MRDS0_SX357 sil dh ax m oy s sh er n m ay z ix z f er m ay vcl d r aa cl s n aa cl f er m cl t ih er z sil 
LOG (latgen-faster-mapped[5.5.208~1-b0fc0]:DecodeUtteranceLatticeFaster():decoder-wrappers.cc:289) Log-like per frame for utterance MRDS0_SX357 is 4.79937 over 322 frames.
MRDS0_SX447 sil f er s cl t ae vcl m ih l cl t ix dh ih sh r ih dx ix vcl ch iy z sil 
LOG (latgen-faster-mapped[5.5.208~1-b0fc0]:DecodeUtteranceLatticeFaster():decoder-wrappers.cc:289) Log-like per frame for utterance MRDS0_SX447 is 4.73563 over 223 frames.
MRDS0_SX87 sil p er m ih v t r ay vcl z hh eh dx ax n ah cl b iy ae dx ix cl t uw vcl sil 
LOG (latgen-faster-mapped[5.5.208~1-b0fc0]:DecodeUtteranceLatticeFaster():decoder-wrappers.cc:289) Log-like per frame for utterance MRDS0_SX87 is 4.57781 over 215 frames.
MREE0_SI1104 sil dh ih s cl k er ax l s uw n vcl d r aa cl s er vcl b er z w ah z ey s ix cl k ay cl t r ih s cl t sil ix vcl d ih s ix cl p r uw z ax v hh er l ay f sil 
LOG (latgen-faster-mapped[5.5.208~1-b0fc0]:DecodeUtteranceLatticeFaster():decoder-wrappers.cc:289) Log-like per frame for utterance MREE0_SI1104 is 4.66291 over 456 frames.
MREE0_SI1734 sil ih w ax z n aa cl sil w ah dx eh v er cl t eh l w ax z cl t ow l vcl b ay cl t eh l s sil 
LOG (latgen-faster-mapped[5.5.208~1-b0fc0]:DecodeUtteranceLatticeFaster():decoder-wrappers.cc:289) Log-like per frame for utterance MREE0_SI1734 is 4.67438 over 324 frames.
MREE0_SI1959 sil hh iy ih vcl n aa vcl k eh v er dx ax hh ah n ih vcl y aa er z cl p ax f ao r vcl g ah ng cl k r ae sh cl f r m s ah m w er vcl ix hh ah n vcl d sil 
LOG (latgen-faster-mapped[5.5.208~1-b0fc0]:DecodeUtteranceLatticeFaster():decoder-wrappers.cc:289) Log-like per frame for utterance MREE0_SI1959 is 4.67437 over 418 frames.
MREE0_SX114 sil dh ix cl k aa r cl t uw n f iy cl ch er z ax m ah s cl k r ae cl n ix n cl t ae vcl p ow l sil 
LOG (latgen-faster-mapped[5.5.208~1-b0fc0]:DecodeUtteranceLatticeFaster():decoder-wrappers.cc:289) Log-like per frame for utterance MREE0_SX114 is 4.73949 over 264 frames.
MREE0_SX204 sil iy v ix n ay ow cl k ey zh w iy y ix cl dh ax m ah n vcl d iy vcl b l uw z sil 
LOG (latgen-faster-mapped[5.5.208~1-b0fc0]:DecodeUtteranceLatticeFaster():decoder-wrappers.cc:289) Log-like per frame for utterance MREE0_SX204 is 4.65959 over 257 frames.
MREE0_SX24 sil ao l dh ow w ix z ax l ow n sil w iy s ax v ay v sil 
LOG (latgen-faster-mapped[5.5.208~1-b0fc0]:DecodeUtteranceLatticeFaster():decoder-wrappers.cc:289) Log-like per frame for utterance MREE0_SX24 is 4.70894 over 230 frames.
MREE0_SX294 sil sh uh vcl jh er r ae s vcl b iy cl k eh cl dh ix n s epi m ao l z uw z sil 
LOG (latgen-faster-mapped[5.5.208~1-b0fc0]:DecodeUtteranceLatticeFaster():decoder-wrappers.cc:289) Log-like per frame for utterance MREE0_SX294 is 4.84477 over 264 frames.
MREE0_SX384 sil p l iy sh ao r dx en ih s cl k er cl f er vcl jh oy s sil 
LOG (latgen-faster-mapped[5.5.208~1-b0fc0]:DecodeUtteranceLatticeFaster():decoder-wrappers.cc:289) Log-like per frame for utterance MREE0_SX384 is 4.75381 over 214 frames.
MREH1_SI1599 sil dh ey m uw v vcl t ao r vcl dh ax s cl k ih f s sil w ix th sh aa cl k ix ng iy iy vcl er n eh s sil eh l vcl b ow ix ng ix n sh ah v ih ng sil 
LOG (latgen-faster-mapped[5.5.208~1-b0fc0]:DecodeUtteranceLatticeFaster():decoder-wrappers.cc:289) Log-like per frame for utterance MREH1_SI1599 is 4.71082 over 505 frames.
MREH1_SI2229 sil hh aw z y er s ah n vcl b er n aw sil 
LOG (latgen-faster-mapped[5.5.208~1-b0fc0]:DecodeUtteranceLatticeFaster():decoder-wrappers.cc:289) Log-like per frame for utterance MREH1_SI2229 is 5.00791 over 187 frames.
MREH1_SI969 sil w ah cl hh eh vcl b ih n dh iy ih m vcl b ae s ax dx er s epi w iy cl sil w ax z n aw vcl jh ae vcl g ix vcl w ao l z sil ax v vcl b l ae cl k ix n vcl b r eh cl k sil 
LOG (latgen-faster-mapped[5.5.208~1-b0fc0]:DecodeUtteranceLatticeFaster():decoder-wrappers.cc:289) Log-like per frame for utterance MREH1_SI969 is 4.82405 over 527 frames.
MREH1_SX159 sil dh ix vcl g ah v er m eh n cl s ao cl ao th er ix z ey sh ix n ah v hh ix s ih s en sh ih cl sil 
LOG (latgen-faster-mapped[5.5.208~1-b0fc0]:DecodeUtteranceLatticeFaster():decoder-wrappers.cc:289) Log-like per frame for utterance MREH1_SX159 is 4.68328 over 353 frames.
MREH1_SX249 sil ay ey cl eh v r iy oy s cl t er ao n ao r ah s cl p l ey cl sil 
LOG (latgen-faster-mapped[5.5.208~1-b0fc0]:DecodeUtteranceLatticeFaster():decoder-wrappers.cc:289) Log-like per frame for utterance MREH1_SX249 is 4.88187 over 265 frames.
MREH1_SX339 sil d ih vcl sh aa n cl k ae cl ch dh ae cl b ih vcl g uw s w ix th aw cl eh l cl sil 
LOG (latgen-faster-mapped[5.5.208~1-b0fc0]:DecodeUtteranceLatticeFaster():decoder-wrappers.cc:289) Log-like per frame for utterance MREH1_SX339 is 4.77272 over 299 frames.
MREH1_SX429 sil ey cl t uw th cl p ey s cl t uw vcl b ix sh ix vcl b iy s cl k w iy z f r ah m dh ax vcl b aa dx ax m sil 
LOG (latgen-faster-mapped[5.5.208~1-b0fc0]:DecodeUtteranceLatticeFaster():decoder-wrappers.cc:289) Log-like per frame for utterance MREH1_SX429 is 4.88865 over 323 frames.
MREH1_SX69 sil iy y er r ey z ix n z sil aw cl d ao er z sil aa n dh ax cl p ao r cl ch s cl t eh cl p s sil 
LOG (latgen-faster-mapped[5.5.208~1-b0fc0]:DecodeUtteranceLatticeFaster():decoder-wrappers.cc:289) Log-like per frame for utterance MREH1_SX69 is 4.78857 over 347 frames.
MREM0_SI1591 sil hh er l ih cl s sil m oy s cl t ix n cl p aa r dx ix vcl sil s cl p ow cl k ix z n ey sil 
LOG (latgen-faster-mapped[5.5.208~1-b0fc0]:DecodeUtteranceLatticeFaster():decoder-wrappers.cc:289) Log-like per frame for utterance MREM0_SI1591 is 4.51447 over 289 frames.
MREM0_SI511 sil dh ih s ix z ax cl p r aa vcl el m dh ax cl g ow z cl k en s ix dx er vcl l iy vcl b iy aa n cl k w eh s cl ch en z ax v s ae l r iy ix n cl t eh n y er sil 
LOG (latgen-faster-mapped[5.5.208~1-b0fc0]:DecodeUtteranceLatticeFaster():decoder-wrappers.cc:289) Log-like per frame for utterance MREM0_SI511 is 4.62649 over 436 frames.
MREM0_SI961 sil dh ix cl k ow ax l ih sh en w ax z cl t ax cl p r uw v ix n ix vcl v ay z ax n el sil 
LOG (latgen-faster-mapped[5.5.208~1-b0fc0]:DecodeUtteranceLatticeFaster():decoder-wrappers.cc:289) Log-like per frame for utterance MREM0_SI961 is 4.4893 over 241 frames.
MREM0_SX151 sil dh ix cl p r iy v iy ix s cl p iy cl k er cl p r ix z eh n ix vcl ae m vcl b ih vcl g y uw ax s r ix z ah l cl s sil 
LOG (latgen-faster-mapped[5.5.208~1-b0fc0]:DecodeUtteranceLatticeFaster():decoder-wrappers.cc:289) Log-like per frame for utterance MREM0_SX151 is 4.47583 over 296 frames.
MREM0_SX241 sil ax hh ao l w ey ow cl p m z ix n cl t uw ix k y uw vcl jh cl ch ey m er sil 
LOG (latgen-faster-mapped[5.5.208~1-b0fc0]:DecodeUtteranceLatticeFaster():decoder-wrappers.cc:289) Log-like per frame for utterance MREM0_SX241 is 4.65305 over 237 frames.
MREM0_SX331 sil dh ix vcl b ih vcl d ao vcl sil l ah v cl t ix cl ch uw ao n iy ow l vcl r ae vcl d aa l sil 
LOG (latgen-faster-mapped[5.5.208~1-b0fc0]:DecodeUtteranceLatticeFaster():decoder-wrappers.cc:289) Log-like per frame for utterance MREM0_SX331 is 4.63618 over 314 frames.
MREM0_SX421 sil dh ow z hh uw cl t iy cl ch f ae y uw z f er s cl t ax vcl b ao l ix sh cl ch iy dx ix ng sil 
LOG (latgen-faster-mapped[5.5.208~1-b0fc0]:DecodeUtteranceLatticeFaster():decoder-wrappers.cc:289) Log-like per frame for utterance MREM0_SX421 is 4.72514 over 286 frames.
MREM0_SX61 sil ch aa cl k l en r ow z ax z n eh v er f ey l ax z r ax m ae n cl t ix cl g ih f cl t sil 
LOG (latgen-faster-mapped[5.5.208~1-b0fc0]:DecodeUtteranceLatticeFaster():decoder-wrappers.cc:289) Log-like per frame for utterance MREM0_SX61 is 4.59517 over 303 frames.
MREW1_SI1500 sil y eh cl iy v ax dh ae dx ih cl s cl p l ow zh ix n d ih vcl n aa cl m iy n m ah cl ch sil 
LOG (latgen-faster-mapped[5.5.208~1-b0fc0]:DecodeUtteranceLatticeFaster():decoder-wrappers.cc:289) Log-like per frame for utterance MREW1_SI1500 is 4.50141 over 252 frames.
MREW1_SI2130 sil d ah z ih s vcl b aa dh er y uw sil 
LOG (latgen-faster-mapped[5.5.208~1-b0fc0]:DecodeUtteranceLatticeFaster():decoder-wrappers.cc:289) Log-like per frame for utterance MREW1_SI2130 is 4.77092 over 131 frames.
MREW1_SI870 sil ih w ah l ax cl k aa m ax vcl d ey cl f ay er n r ey cl s ix z l ow ix z hh ae f ax vcl g ae l ax n ax n aw er sil 
LOG (latgen-faster-mapped[5.5.208~1-b0fc0]:DecodeUtteranceLatticeFaster():decoder-wrappers.cc:289) Log-like per frame for utterance MREW1_SI870 is 4.58544 over 338 frames.
MREW1_SX150 sil v iy ih m ah n iy z cl k w ax z iy n ix z ix cl k s cl k w ih z ix cl sil 
LOG (latgen-faster-mapped[5.5.208~1-b0fc0]:DecodeUtteranceLatticeFaster():decoder-wrappers.cc:289) Log-like per frame for utterance MREW1_SX150 is 4.7637 over 226 frames.
MREW1_SX240 sil ih s n aa dx iy z iy cl t ix cl k r iy ey dx ax l ih m ih n ey dx iy ng ix cl z ae cl p el s sil 
LOG (latgen-faster-mapped[5.5.208~1-b0fc0]:DecodeUtteranceLatticeFaster():decoder-wrappers.cc:289) Log-like per frame for utterance MREW1_SX240 is 4.75262 over 287 frames.
MREW1_SX330 sil k aw l dh ix n ah m er th cl t iy s cl p uw n z ax v s oy s ao s dh eh cl ch uw ae vcl sil 
LOG (latgen-faster-mapped[5.5.208~1-b0fc0]:DecodeUtteranceLatticeFaster():decoder-wrappers.cc:289) Log-like per frame for utterance MREW1_SX330 is 4.75384 over 344 frames.
MREW1_SX420 sil s iy m s cl t er s ix z ah cl t ae cl z ih cl p er z epi w ax dh ah th ih m vcl b el n iy dx el ix n th r eh vcl sil 
LOG (latgen-faster-mapped[5.5.208~1-b0fc0]:DecodeUtteranceLatticeFaster():decoder-wrappers.cc:289) Log-like per frame for utterance MREW1_SX420 is 4.58642 over 337 frames.
MREW1_SX60 sil dh ax l eh vcl jh ix s l ey cl ch er m eh cl t ix vcl jh ah zh dh ax s cl t ey dx ix f cl p ah vcl l ix cl k ih vcl jh cl k ey sh en sil 
LOG (latgen-faster-mapped[5.5.208~1-b0fc0]:DecodeUtteranceLatticeFaster():decoder-wrappers.cc:289) Log-like per frame for utterance MREW1_SX60 is 4.668 over 335 frames.
MRFK0_SI1076 sil t iy n iy vcl b aa dx iy z cl d r aa cl d ao n uw ix vcl d r ay l iy f sil m ey dx ix cl p aa l z vcl b ih vcl ix z ax s epi m ao l aa cl p el sil 
LOG (latgen-faster-mapped[5.5.208~1-b0fc0]:DecodeUtteranceLatticeFaster():decoder-wrappers.cc:289) Log-like per frame for utterance MRFK0_SI1076 is 4.76468 over 438 frames.
MRFK0_SI1706 sil dh l cl t ah l y uw w ah cl t s cl k uh cl k n sil 
LOG (latgen-faster-mapped[5.5.208~1-b0fc0]:DecodeUtteranceLatticeFaster():decoder-wrappers.cc:289) Log-like per frame for utterance MRFK0_SI1706 is 4.63839 over 149 frames.
MRFK0_SI2336 sil l eh er ah dh er th ih ng z cl t ix vcl d uw r ay cl n aw sil 
LOG (latgen-faster-mapped[5.5.208~1-b0fc0]:DecodeUtteranceLatticeFaster():decoder-wrappers.cc:289) Log-like per frame for utterance MRFK0_SI2336 is 4.79631 over 210 frames.
MRFK0_SX176 sil b ay ng ix th er ow vcl b r eh vcl d hh ao r s r ix cl k w aa er z ix n cl t w ih sh en ix n eh cl k s cl p er cl t iy s sil 
LOG (latgen-faster-mapped[5.5.208~1-b0fc0]:DecodeUtteranceLatticeFaster():decoder-wrappers.cc:289) Log-like per frame for utterance MRFK0_SX176 is 4.75658 over 356 frames.
MRFK0_SX266 sil w ix vcl d r ao ow l iy ix z epi m ah cl ch epi m ah n iy ih zh ix n iy vcl sil 
LOG (latgen-faster-mapped[5.5.208~1-b0fc0]:DecodeUtteranceLatticeFaster():decoder-wrappers.cc:289) Log-like per frame for utterance MRFK0_SX266 is 4.65188 over 212 frames.
MRFK0_SX356 sil d ay ae n m ey s cl p l er vcl jh m vcl b ay cl t er cl k w oy z epi n eh cl k l ax s sil 
LOG (latgen-faster-mapped[5.5.208~1-b0fc0]:DecodeUtteranceLatticeFaster():decoder-wrappers.cc:289) Log-like per frame for utterance MRFK0_SX356 is 4.70937 over 285 frames.
MRFK0_SX446 sil t aa m ax s dh ix ng s ax l aa r vcl jh er cl k l ae m cl p s ao l z ax cl p r aa vcl b l m sil 
LOG (latgen-faster-mapped[5.5.208~1-b0fc0]:DecodeUtteranceLatticeFaster():decoder-wrappers.cc:289) Log-like per frame for utterance MRFK0_SX446 is 4.74376 over 251 frames.
MRFK0_SX86 sil s cl p eh n ix cl k aa s cl t uw m z er cl k w ay cl k ah l er f el sil 
LOG (latgen-faster-mapped[5.5.208~1-b0fc0]:DecodeUtteranceLatticeFaster():decoder-wrappers.cc:289) Log-like per frame for utterance MRFK0_SX86 is 4.82766 over 222 frames.
MRFL0_SI1156 sil d ih s ix z w ah ih s eh s ax cl t ey cl t s ix n aa n s ix s cl t ax m ae dx ih cl k eh r cl t er eh v ix z ax s cl t r ao n ix m iy sil 
LOG (latgen-faster-mapped[5.5.208~1-b0fc0]:DecodeUtteranceLatticeFaster():decoder-wrappers.cc:289) Log-like per frame for utterance MRFL0_SI1156 is 4.64359 over 465 frames.
MRFL0_SI1786 sil dh ax m ae n z ay l ih vcl z f l ah dx er vcl d sil 
LOG (latgen-faster-mapped[5.5.208~1-b0fc0]:DecodeUtteranceLatticeFaster():decoder-wrappers.cc:289) Log-like per frame for utterance MRFL0_SI1786 is 4.73085 over 211 frames.
MRFL0_SI526 sil w iy cl k ix ng vcl g r aa zh l ey cl dh iy ih n cl t aa r m ih m er sh ih cl p ao en s r eh cl k er dx ix vcl g uh vcl l ih dx ix z cl t l ey sh en sil 
LOG (latgen-faster-mapped[5.5.208~1-b0fc0]:DecodeUtteranceLatticeFaster():decoder-wrappers.cc:289) Log-like per frame for utterance MRFL0_SI526 is 4.55844 over 410 frames.
MRFL0_SX166 sil b aa l ax vcl jh ih s y uw z r eh iy ow ae cl t ih v ax ay s ix cl t eh l vcl s ix s cl t eh dx iy m ay cl k r ao r vcl ix n ix z m z sil 
LOG (latgen-faster-mapped[5.5.208~1-b0fc0]:DecodeUtteranceLatticeFaster():decoder-wrappers.cc:289) Log-like per frame for utterance MRFL0_SX166 is 4.57058 over 421 frames.
MRFL0_SX256 sil dh eh ay r ey cl ae cl t er s cl t ao m cl t ax w ey ih dx iy aa dx ix cl k l iy sil 
LOG (latgen-faster-mapped[5.5.208~1-b0fc0]:DecodeUtteranceLatticeFaster():decoder-wrappers.cc:289) Log-like per frame for utterance MRFL0_SX256 is 4.63645 over 285 frames.
MRFL0_SX346 sil dh ix vcl b eh er cl k uw dx er r iy cl k oy l vcl f ax m dh ax s er cl p ix n s cl p oy z ix n ix s f ae ng s sil 
LOG (latgen-faster-mapped[5.5.208~1-b0fc0]:DecodeUtteranceLatticeFaster():decoder-wrappers.cc:289) Log-like per frame for utterance MRFL0_SX346 is 4.68063 over 376 frames.
MRFL0_SX436 sil p l iy s ih ng vcl jh eh s dh ix cl k l ah vcl th iy iy n sil 
LOG (latgen-faster-mapped[5.5.208~1-b0fc0]:DecodeUtteranceLatticeFaster():decoder-wrappers.cc:289) Log-like per frame for utterance MRFL0_SX436 is 4.7225 over 225 frames.
MRFL0_SX76 sil jh eh n l iy cl p l ey s vcl jh ih m z f ow m s cl k ah l cl ch er hh ix n ax vcl b aa cl k s sil 
LOG (latgen-faster-mapped[5.5.208~1-b0fc0]:DecodeUtteranceLatticeFaster():decoder-wrappers.cc:289) Log-like per frame for utterance MRFL0_SX76 is 4.66299 over 319 frames.
MRGM0_SI1162 sil t uw th iy ng s cl k ix n cl t r ih vcl d uw cl t uw hh ih s cl p aa cl p y l eh er cl t ix sil 
LOG (latgen-faster-mapped[5.5.208~1-b0fc0]:DecodeUtteranceLatticeFaster():decoder-wrappers.cc:289) Log-like per frame for utterance MRGM0_SI1162 is 4.6032 over 323 frames.
MRGM0_SI1792 sil w ay vcl d ow n cl dh ey cl t eh l m iy vcl dh ix m s eh l v z ix v ih ih cl b aa dh ax z dh ih ax m sil 
LOG (latgen-faster-mapped[5.5.208~1-b0fc0]:DecodeUtteranceLatticeFaster():decoder-wrappers.cc:289) Log-like per frame for utterance MRGM0_SI1792 is 4.48306 over 369 frames.
MRGM0_SI532 sil v er th iy ix hh ae z ih s epi w er cl k ah dx aw cl s cl t aa cl p ix ae n ao cl k iy epi w eh r ih dx ih z n aw vcl g eh er s ax n cl t sil 
LOG (latgen-faster-mapped[5.5.208~1-b0fc0]:DecodeUtteranceLatticeFaster():decoder-wrappers.cc:289) Log-like per frame for utterance MRGM0_SI532 is 4.5611 over 478 frames.
MRGM0_SX172 sil dh ix cl t r ay ax m f ax ng sil w ao r iy ah ix vcl g z ih vcl ih ix cl n ay iy v hh eh er ow z ax m sil 
LOG (latgen-faster-mapped[5.5.208~1-b0fc0]:DecodeUtteranceLatticeFaster():decoder-wrappers.cc:289) Log-like per frame for utterance MRGM0_SX172 is 4.64976 over 406 frames.
MRGM0_SX262 sil k eh n dh iy ey vcl jh ix s iy ow v ax th r ow ey l iy y n f ao s ix s sil 
LOG (latgen-faster-mapped[5.5.208~1-b0fc0]:DecodeUtteranceLatticeFaster():decoder-wrappers.cc:289) Log-like per frame for utterance MRGM0_SX262 is 4.57377 over 295 frames.
LOG (copy-feats[5.5.208~1-b0fc0]:main():copy-feats.cc:143) Copied 184 feature matrices.
MRGM0_SX416 sil ey hh uw z cl p aw aw dx ix vcl jh sil r ae l iy ax cl k er z sil 
LOG (latgen-faster-mapped[5.5.208~1-b0fc0]:DecodeUtteranceLatticeFaster():decoder-wrappers.cc:289) Log-like per frame for utterance MRGM0_SX416 is 4.6074 over 282 frames.
MRGM0_SX442 sil s ax vcl b er vcl b iy ix n hh aw s w ay v sil ao f cl t ax s ao f ax f r ah m sil dh ix vcl g ae vcl hh ae vcl ix cl sil 
LOG (latgen-faster-mapped[5.5.208~1-b0fc0]:DecodeUtteranceLatticeFaster():decoder-wrappers.cc:289) Log-like per frame for utterance MRGM0_SX442 is 4.60556 over 519 frames.
LOG (nnet-forward[5.5.208~1-b0fc0]:main():nnet-forward.cc:192) Done 184 files in 2.69963min, (fps 348.301)
MRGM0_SX82 sil g uh vcl s eh v ix sh uh vcl b iy r iy w ao dx ix vcl b ay vcl b iy cl t ih ax cl p s sil 
LOG (latgen-faster-mapped[5.5.208~1-b0fc0]:DecodeUtteranceLatticeFaster():decoder-wrappers.cc:289) Log-like per frame for utterance MRGM0_SX82 is 4.65442 over 290 frames.
LOG (latgen-faster-mapped[5.5.208~1-b0fc0]:main():latgen-faster-mapped.cc:164) Time taken 161.969s: real-time factor assuming 100 frames/sec is 0.287092
LOG (latgen-faster-mapped[5.5.208~1-b0fc0]:main():latgen-faster-mapped.cc:167) Done 184 utterances, failed for 0
LOG (latgen-faster-mapped[5.5.208~1-b0fc0]:main():latgen-faster-mapped.cc:169) Overall log-likelihood per frame is 4.70788 over 56417 frames.
# Accounting: time=163 threads=1
# Ended (code 0) at Wed Feb 27 19:58:02 +07 2019, elapsed time 163 seconds
