# ali-to-post "ark:gunzip -c exp/tri2/ali.8.gz|" ark:- | weight-silence-post 0.0 1 exp/tri2/12.mdl ark:- ark:- | gmm-acc-mllt --rand-prune=4.0 exp/tri2/12.mdl "ark,s,cs:apply-cmvn  --utt2spk=ark:data/train/split30/8/utt2spk scp:data/train/split30/8/cmvn.scp scp:data/train/split30/8/feats.scp ark:- | splice-feats --left-context=3 --right-context=3 ark:- ark:- | transform-feats exp/tri2/6.mat ark:- ark:- |" ark:- exp/tri2/12.8.macc 
# Started at Wed Feb 27 14:22:02 +07 2019
#
gmm-acc-mllt --rand-prune=4.0 exp/tri2/12.mdl 'ark,s,cs:apply-cmvn  --utt2spk=ark:data/train/split30/8/utt2spk scp:data/train/split30/8/cmvn.scp scp:data/train/split30/8/feats.scp ark:- | splice-feats --left-context=3 --right-context=3 ark:- ark:- | transform-feats exp/tri2/6.mat ark:- ark:- |' ark:- exp/tri2/12.8.macc 
ali-to-post 'ark:gunzip -c exp/tri2/ali.8.gz|' ark:- 
weight-silence-post 0.0 1 exp/tri2/12.mdl ark:- ark:- 
splice-feats --left-context=3 --right-context=3 ark:- ark:- 
apply-cmvn --utt2spk=ark:data/train/split30/8/utt2spk scp:data/train/split30/8/cmvn.scp scp:data/train/split30/8/feats.scp ark:- 
transform-feats exp/tri2/6.mat ark:- ark:- 
LOG (gmm-acc-mllt[5.5.208~1-b0fc0]:main():gmm-acc-mllt.cc:108) Average like for this file is -53.1448 over 437 frames.
LOG (gmm-acc-mllt[5.5.208~1-b0fc0]:main():gmm-acc-mllt.cc:108) Average like for this file is -52.9665 over 150 frames.
LOG (gmm-acc-mllt[5.5.208~1-b0fc0]:main():gmm-acc-mllt.cc:108) Average like for this file is -55.1478 over 239 frames.
LOG (gmm-acc-mllt[5.5.208~1-b0fc0]:main():gmm-acc-mllt.cc:108) Average like for this file is -53.3603 over 178 frames.
LOG (gmm-acc-mllt[5.5.208~1-b0fc0]:main():gmm-acc-mllt.cc:108) Average like for this file is -53.7613 over 327 frames.
LOG (gmm-acc-mllt[5.5.208~1-b0fc0]:main():gmm-acc-mllt.cc:108) Average like for this file is -50.645 over 256 frames.
LOG (gmm-acc-mllt[5.5.208~1-b0fc0]:main():gmm-acc-mllt.cc:108) Average like for this file is -53.7309 over 270 frames.
LOG (gmm-acc-mllt[5.5.208~1-b0fc0]:main():gmm-acc-mllt.cc:108) Average like for this file is -52.876 over 246 frames.
LOG (gmm-acc-mllt[5.5.208~1-b0fc0]:main():gmm-acc-mllt.cc:108) Average like for this file is -55.0563 over 356 frames.
LOG (gmm-acc-mllt[5.5.208~1-b0fc0]:main():gmm-acc-mllt.cc:108) Average like for this file is -52.6726 over 135 frames.
LOG (gmm-acc-mllt[5.5.208~1-b0fc0]:main():gmm-acc-mllt.cc:114) Avg like per frame so far is -53.4381
LOG (gmm-acc-mllt[5.5.208~1-b0fc0]:main():gmm-acc-mllt.cc:108) Average like for this file is -56.0116 over 188 frames.
LOG (gmm-acc-mllt[5.5.208~1-b0fc0]:main():gmm-acc-mllt.cc:108) Average like for this file is -55.7207 over 284 frames.
LOG (gmm-acc-mllt[5.5.208~1-b0fc0]:main():gmm-acc-mllt.cc:108) Average like for this file is -51.3897 over 305 frames.
LOG (gmm-acc-mllt[5.5.208~1-b0fc0]:main():gmm-acc-mllt.cc:108) Average like for this file is -52.371 over 472 frames.
LOG (gmm-acc-mllt[5.5.208~1-b0fc0]:main():gmm-acc-mllt.cc:108) Average like for this file is -53.6054 over 347 frames.
LOG (gmm-acc-mllt[5.5.208~1-b0fc0]:main():gmm-acc-mllt.cc:108) Average like for this file is -55.0242 over 280 frames.
LOG (gmm-acc-mllt[5.5.208~1-b0fc0]:main():gmm-acc-mllt.cc:108) Average like for this file is -47.9561 over 252 frames.
LOG (gmm-acc-mllt[5.5.208~1-b0fc0]:main():gmm-acc-mllt.cc:108) Average like for this file is -47.6162 over 289 frames.
LOG (gmm-acc-mllt[5.5.208~1-b0fc0]:main():gmm-acc-mllt.cc:108) Average like for this file is -43.3076 over 479 frames.
LOG (gmm-acc-mllt[5.5.208~1-b0fc0]:main():gmm-acc-mllt.cc:108) Average like for this file is -43.7229 over 428 frames.
LOG (gmm-acc-mllt[5.5.208~1-b0fc0]:main():gmm-acc-mllt.cc:114) Avg like per frame so far is -51.4833
LOG (gmm-acc-mllt[5.5.208~1-b0fc0]:main():gmm-acc-mllt.cc:108) Average like for this file is -40.1172 over 270 frames.
LOG (gmm-acc-mllt[5.5.208~1-b0fc0]:main():gmm-acc-mllt.cc:108) Average like for this file is -43.4098 over 292 frames.
LOG (gmm-acc-mllt[5.5.208~1-b0fc0]:main():gmm-acc-mllt.cc:108) Average like for this file is -47.035 over 344 frames.
LOG (gmm-acc-mllt[5.5.208~1-b0fc0]:main():gmm-acc-mllt.cc:108) Average like for this file is -48.9851 over 261 frames.
LOG (gmm-acc-mllt[5.5.208~1-b0fc0]:main():gmm-acc-mllt.cc:108) Average like for this file is -51.2435 over 395 frames.
LOG (gmm-acc-mllt[5.5.208~1-b0fc0]:main():gmm-acc-mllt.cc:108) Average like for this file is -52.7438 over 241 frames.
LOG (gmm-acc-mllt[5.5.208~1-b0fc0]:main():gmm-acc-mllt.cc:108) Average like for this file is -48.9761 over 121 frames.
LOG (gmm-acc-mllt[5.5.208~1-b0fc0]:main():gmm-acc-mllt.cc:108) Average like for this file is -50.5682 over 294 frames.
LOG (gmm-acc-mllt[5.5.208~1-b0fc0]:main():gmm-acc-mllt.cc:108) Average like for this file is -51.686 over 296 frames.
LOG (gmm-acc-mllt[5.5.208~1-b0fc0]:main():gmm-acc-mllt.cc:108) Average like for this file is -50.9863 over 216 frames.
LOG (gmm-acc-mllt[5.5.208~1-b0fc0]:main():gmm-acc-mllt.cc:114) Avg like per frame so far is -50.556
LOG (gmm-acc-mllt[5.5.208~1-b0fc0]:main():gmm-acc-mllt.cc:108) Average like for this file is -51.646 over 224 frames.
LOG (gmm-acc-mllt[5.5.208~1-b0fc0]:main():gmm-acc-mllt.cc:108) Average like for this file is -54.2496 over 281 frames.
LOG (gmm-acc-mllt[5.5.208~1-b0fc0]:main():gmm-acc-mllt.cc:108) Average like for this file is -49.4133 over 401 frames.
LOG (gmm-acc-mllt[5.5.208~1-b0fc0]:main():gmm-acc-mllt.cc:108) Average like for this file is -49.1108 over 236 frames.
LOG (gmm-acc-mllt[5.5.208~1-b0fc0]:main():gmm-acc-mllt.cc:108) Average like for this file is -56.1317 over 166 frames.
LOG (gmm-acc-mllt[5.5.208~1-b0fc0]:main():gmm-acc-mllt.cc:108) Average like for this file is -49.5115 over 184 frames.
LOG (gmm-acc-mllt[5.5.208~1-b0fc0]:main():gmm-acc-mllt.cc:108) Average like for this file is -45.9845 over 265 frames.
LOG (gmm-acc-mllt[5.5.208~1-b0fc0]:main():gmm-acc-mllt.cc:108) Average like for this file is -49.9102 over 212 frames.
LOG (gmm-acc-mllt[5.5.208~1-b0fc0]:main():gmm-acc-mllt.cc:108) Average like for this file is -47.0013 over 195 frames.
LOG (gmm-acc-mllt[5.5.208~1-b0fc0]:main():gmm-acc-mllt.cc:108) Average like for this file is -51.2279 over 232 frames.
LOG (gmm-acc-mllt[5.5.208~1-b0fc0]:main():gmm-acc-mllt.cc:114) Avg like per frame so far is -50.4954
LOG (gmm-acc-mllt[5.5.208~1-b0fc0]:main():gmm-acc-mllt.cc:108) Average like for this file is -55.1876 over 250 frames.
LOG (gmm-acc-mllt[5.5.208~1-b0fc0]:main():gmm-acc-mllt.cc:108) Average like for this file is -57.2846 over 337 frames.
LOG (gmm-acc-mllt[5.5.208~1-b0fc0]:main():gmm-acc-mllt.cc:108) Average like for this file is -54.8723 over 462 frames.
LOG (gmm-acc-mllt[5.5.208~1-b0fc0]:main():gmm-acc-mllt.cc:108) Average like for this file is -53.5411 over 218 frames.
LOG (gmm-acc-mllt[5.5.208~1-b0fc0]:main():gmm-acc-mllt.cc:108) Average like for this file is -53.2211 over 164 frames.
LOG (gmm-acc-mllt[5.5.208~1-b0fc0]:main():gmm-acc-mllt.cc:108) Average like for this file is -56.8966 over 178 frames.
LOG (gmm-acc-mllt[5.5.208~1-b0fc0]:main():gmm-acc-mllt.cc:108) Average like for this file is -58.1763 over 209 frames.
LOG (gmm-acc-mllt[5.5.208~1-b0fc0]:main():gmm-acc-mllt.cc:108) Average like for this file is -56.1595 over 267 frames.
LOG (gmm-acc-mllt[5.5.208~1-b0fc0]:main():gmm-acc-mllt.cc:108) Average like for this file is -50.9129 over 322 frames.
LOG (gmm-acc-mllt[5.5.208~1-b0fc0]:main():gmm-acc-mllt.cc:108) Average like for this file is -49.9381 over 305 frames.
LOG (gmm-acc-mllt[5.5.208~1-b0fc0]:main():gmm-acc-mllt.cc:114) Avg like per frame so far is -51.2816
LOG (gmm-acc-mllt[5.5.208~1-b0fc0]:main():gmm-acc-mllt.cc:108) Average like for this file is -50.1265 over 487 frames.
LOG (gmm-acc-mllt[5.5.208~1-b0fc0]:main():gmm-acc-mllt.cc:108) Average like for this file is -49.4058 over 308 frames.
LOG (gmm-acc-mllt[5.5.208~1-b0fc0]:main():gmm-acc-mllt.cc:108) Average like for this file is -48.989 over 499 frames.
LOG (gmm-acc-mllt[5.5.208~1-b0fc0]:main():gmm-acc-mllt.cc:108) Average like for this file is -52.1454 over 355 frames.
LOG (gmm-acc-mllt[5.5.208~1-b0fc0]:main():gmm-acc-mllt.cc:108) Average like for this file is -53.3812 over 387 frames.
LOG (gmm-acc-mllt[5.5.208~1-b0fc0]:main():gmm-acc-mllt.cc:108) Average like for this file is -52.8602 over 408 frames.
LOG (gmm-acc-mllt[5.5.208~1-b0fc0]:main():gmm-acc-mllt.cc:108) Average like for this file is -46.3902 over 287 frames.
LOG (gmm-acc-mllt[5.5.208~1-b0fc0]:main():gmm-acc-mllt.cc:108) Average like for this file is -48.8594 over 179 frames.
LOG (gmm-acc-mllt[5.5.208~1-b0fc0]:main():gmm-acc-mllt.cc:108) Average like for this file is -47.5824 over 325 frames.
LOG (gmm-acc-mllt[5.5.208~1-b0fc0]:main():gmm-acc-mllt.cc:108) Average like for this file is -46.8941 over 205 frames.
LOG (gmm-acc-mllt[5.5.208~1-b0fc0]:main():gmm-acc-mllt.cc:114) Avg like per frame so far is -51.0222
LOG (gmm-acc-mllt[5.5.208~1-b0fc0]:main():gmm-acc-mllt.cc:108) Average like for this file is -47.8217 over 276 frames.
LOG (gmm-acc-mllt[5.5.208~1-b0fc0]:main():gmm-acc-mllt.cc:108) Average like for this file is -50.7074 over 224 frames.
LOG (gmm-acc-mllt[5.5.208~1-b0fc0]:main():gmm-acc-mllt.cc:108) Average like for this file is -48.8789 over 203 frames.
LOG (gmm-acc-mllt[5.5.208~1-b0fc0]:main():gmm-acc-mllt.cc:108) Average like for this file is -49.8544 over 232 frames.
LOG (gmm-acc-mllt[5.5.208~1-b0fc0]:main():gmm-acc-mllt.cc:108) Average like for this file is -49.6962 over 199 frames.
LOG (gmm-acc-mllt[5.5.208~1-b0fc0]:main():gmm-acc-mllt.cc:108) Average like for this file is -57.0367 over 307 frames.
LOG (gmm-acc-mllt[5.5.208~1-b0fc0]:main():gmm-acc-mllt.cc:108) Average like for this file is -51.0583 over 276 frames.
LOG (gmm-acc-mllt[5.5.208~1-b0fc0]:main():gmm-acc-mllt.cc:108) Average like for this file is -51.2719 over 381 frames.
LOG (gmm-acc-mllt[5.5.208~1-b0fc0]:main():gmm-acc-mllt.cc:108) Average like for this file is -47.7748 over 265 frames.
LOG (gmm-acc-mllt[5.5.208~1-b0fc0]:main():gmm-acc-mllt.cc:108) Average like for this file is -52.8932 over 238 frames.
LOG (gmm-acc-mllt[5.5.208~1-b0fc0]:main():gmm-acc-mllt.cc:114) Avg like per frame so far is -51.0027
LOG (gmm-acc-mllt[5.5.208~1-b0fc0]:main():gmm-acc-mllt.cc:108) Average like for this file is -54.9517 over 386 frames.
LOG (gmm-acc-mllt[5.5.208~1-b0fc0]:main():gmm-acc-mllt.cc:108) Average like for this file is -58.0846 over 263 frames.
LOG (gmm-acc-mllt[5.5.208~1-b0fc0]:main():gmm-acc-mllt.cc:108) Average like for this file is -50.7928 over 440 frames.
LOG (gmm-acc-mllt[5.5.208~1-b0fc0]:main():gmm-acc-mllt.cc:108) Average like for this file is -50.1249 over 274 frames.
LOG (gmm-acc-mllt[5.5.208~1-b0fc0]:main():gmm-acc-mllt.cc:108) Average like for this file is -53.1882 over 237 frames.
LOG (gmm-acc-mllt[5.5.208~1-b0fc0]:main():gmm-acc-mllt.cc:108) Average like for this file is -48.5025 over 250 frames.
LOG (gmm-acc-mllt[5.5.208~1-b0fc0]:main():gmm-acc-mllt.cc:108) Average like for this file is -47.4807 over 199 frames.
LOG (gmm-acc-mllt[5.5.208~1-b0fc0]:main():gmm-acc-mllt.cc:108) Average like for this file is -50.3506 over 283 frames.
LOG (gmm-acc-mllt[5.5.208~1-b0fc0]:main():gmm-acc-mllt.cc:108) Average like for this file is -51.8223 over 306 frames.
LOG (gmm-acc-mllt[5.5.208~1-b0fc0]:main():gmm-acc-mllt.cc:108) Average like for this file is -51.7362 over 243 frames.
LOG (gmm-acc-mllt[5.5.208~1-b0fc0]:main():gmm-acc-mllt.cc:114) Avg like per frame so far is -51.1125
LOG (gmm-acc-mllt[5.5.208~1-b0fc0]:main():gmm-acc-mllt.cc:108) Average like for this file is -50.1629 over 234 frames.
LOG (gmm-acc-mllt[5.5.208~1-b0fc0]:main():gmm-acc-mllt.cc:108) Average like for this file is -49.644 over 318 frames.
LOG (gmm-acc-mllt[5.5.208~1-b0fc0]:main():gmm-acc-mllt.cc:108) Average like for this file is -50.0428 over 162 frames.
LOG (gmm-acc-mllt[5.5.208~1-b0fc0]:main():gmm-acc-mllt.cc:108) Average like for this file is -53.7899 over 238 frames.
LOG (gmm-acc-mllt[5.5.208~1-b0fc0]:main():gmm-acc-mllt.cc:108) Average like for this file is -48.3204 over 216 frames.
LOG (gmm-acc-mllt[5.5.208~1-b0fc0]:main():gmm-acc-mllt.cc:108) Average like for this file is -43.5942 over 373 frames.
LOG (gmm-acc-mllt[5.5.208~1-b0fc0]:main():gmm-acc-mllt.cc:108) Average like for this file is -47.1436 over 283 frames.
LOG (gmm-acc-mllt[5.5.208~1-b0fc0]:main():gmm-acc-mllt.cc:108) Average like for this file is -46.054 over 225 frames.
LOG (gmm-acc-mllt[5.5.208~1-b0fc0]:main():gmm-acc-mllt.cc:108) Average like for this file is -51.2123 over 235 frames.
LOG (gmm-acc-mllt[5.5.208~1-b0fc0]:main():gmm-acc-mllt.cc:108) Average like for this file is -55.2701 over 356 frames.
LOG (gmm-acc-mllt[5.5.208~1-b0fc0]:main():gmm-acc-mllt.cc:114) Avg like per frame so far is -50.9391
LOG (gmm-acc-mllt[5.5.208~1-b0fc0]:main():gmm-acc-mllt.cc:108) Average like for this file is -54.4052 over 229 frames.
LOG (gmm-acc-mllt[5.5.208~1-b0fc0]:main():gmm-acc-mllt.cc:108) Average like for this file is -51.3308 over 260 frames.
LOG (gmm-acc-mllt[5.5.208~1-b0fc0]:main():gmm-acc-mllt.cc:108) Average like for this file is -58.6486 over 163 frames.
LOG (gmm-acc-mllt[5.5.208~1-b0fc0]:main():gmm-acc-mllt.cc:108) Average like for this file is -53.8202 over 308 frames.
LOG (gmm-acc-mllt[5.5.208~1-b0fc0]:main():gmm-acc-mllt.cc:108) Average like for this file is -54.4123 over 302 frames.
LOG (gmm-acc-mllt[5.5.208~1-b0fc0]:main():gmm-acc-mllt.cc:108) Average like for this file is -55.0962 over 220 frames.
LOG (gmm-acc-mllt[5.5.208~1-b0fc0]:main():gmm-acc-mllt.cc:108) Average like for this file is -51.0668 over 365 frames.
LOG (gmm-acc-mllt[5.5.208~1-b0fc0]:main():gmm-acc-mllt.cc:108) Average like for this file is -55.9472 over 214 frames.
LOG (gmm-acc-mllt[5.5.208~1-b0fc0]:main():gmm-acc-mllt.cc:108) Average like for this file is -52.8476 over 236 frames.
LOG (gmm-acc-mllt[5.5.208~1-b0fc0]:main():gmm-acc-mllt.cc:108) Average like for this file is -54.2839 over 230 frames.
LOG (gmm-acc-mllt[5.5.208~1-b0fc0]:main():gmm-acc-mllt.cc:114) Avg like per frame so far is -51.2027
LOG (ali-to-post[5.5.208~1-b0fc0]:main():ali-to-post.cc:73) Converted 128 alignments.
LOG (gmm-acc-mllt[5.5.208~1-b0fc0]:main():gmm-acc-mllt.cc:108) Average like for this file is -51.052 over 210 frames.
LOG (gmm-acc-mllt[5.5.208~1-b0fc0]:main():gmm-acc-mllt.cc:108) Average like for this file is -50.0195 over 211 frames.
LOG (gmm-acc-mllt[5.5.208~1-b0fc0]:main():gmm-acc-mllt.cc:108) Average like for this file is -52.3991 over 263 frames.
LOG (gmm-acc-mllt[5.5.208~1-b0fc0]:main():gmm-acc-mllt.cc:108) Average like for this file is -51.8867 over 248 frames.
LOG (gmm-acc-mllt[5.5.208~1-b0fc0]:main():gmm-acc-mllt.cc:108) Average like for this file is -50.8456 over 281 frames.
LOG (gmm-acc-mllt[5.5.208~1-b0fc0]:main():gmm-acc-mllt.cc:108) Average like for this file is -52.1401 over 312 frames.
LOG (gmm-acc-mllt[5.5.208~1-b0fc0]:main():gmm-acc-mllt.cc:108) Average like for this file is -53.3999 over 320 frames.
LOG (gmm-acc-mllt[5.5.208~1-b0fc0]:main():gmm-acc-mllt.cc:108) Average like for this file is -54.6823 over 317 frames.
LOG (gmm-acc-mllt[5.5.208~1-b0fc0]:main():gmm-acc-mllt.cc:108) Average like for this file is -53.2027 over 168 frames.
LOG (gmm-acc-mllt[5.5.208~1-b0fc0]:main():gmm-acc-mllt.cc:108) Average like for this file is -52.6913 over 215 frames.
LOG (gmm-acc-mllt[5.5.208~1-b0fc0]:main():gmm-acc-mllt.cc:114) Avg like per frame so far is -51.2967
LOG (gmm-acc-mllt[5.5.208~1-b0fc0]:main():gmm-acc-mllt.cc:108) Average like for this file is -51.7714 over 316 frames.
LOG (gmm-acc-mllt[5.5.208~1-b0fc0]:main():gmm-acc-mllt.cc:108) Average like for this file is -54.0052 over 245 frames.
LOG (gmm-acc-mllt[5.5.208~1-b0fc0]:main():gmm-acc-mllt.cc:108) Average like for this file is -49.3126 over 136 frames.
LOG (gmm-acc-mllt[5.5.208~1-b0fc0]:main():gmm-acc-mllt.cc:108) Average like for this file is -48.9057 over 311 frames.
LOG (gmm-acc-mllt[5.5.208~1-b0fc0]:main():gmm-acc-mllt.cc:108) Average like for this file is -48.1078 over 417 frames.
LOG (gmm-acc-mllt[5.5.208~1-b0fc0]:main():gmm-acc-mllt.cc:108) Average like for this file is -49.2768 over 336 frames.
LOG (weight-silence-post[5.5.208~1-b0fc0]:main():weight-silence-post.cc:95) Done 128 posteriors.
LOG (gmm-acc-mllt[5.5.208~1-b0fc0]:main():gmm-acc-mllt.cc:108) Average like for this file is -48.2897 over 248 frames.
LOG (gmm-acc-mllt[5.5.208~1-b0fc0]:main():gmm-acc-mllt.cc:108) Average like for this file is -48.0449 over 243 frames.
LOG (gmm-acc-mllt[5.5.208~1-b0fc0]:main():gmm-acc-mllt.cc:108) Average like for this file is -49.9567 over 418 frames.
LOG (gmm-acc-mllt[5.5.208~1-b0fc0]:main():gmm-acc-mllt.cc:108) Average like for this file is -50.1953 over 257 frames.
LOG (gmm-acc-mllt[5.5.208~1-b0fc0]:main():gmm-acc-mllt.cc:114) Avg like per frame so far is -51.159
LOG (gmm-acc-mllt[5.5.208~1-b0fc0]:main():gmm-acc-mllt.cc:108) Average like for this file is -53.158 over 248 frames.
LOG (apply-cmvn[5.5.208~1-b0fc0]:main():apply-cmvn.cc:162) Applied cepstral mean normalization to 128 utterances, errors on 0
LOG (gmm-acc-mllt[5.5.208~1-b0fc0]:main():gmm-acc-mllt.cc:108) Average like for this file is -55.087 over 249 frames.
LOG (gmm-acc-mllt[5.5.208~1-b0fc0]:main():gmm-acc-mllt.cc:108) Average like for this file is -52.4007 over 284 frames.
LOG (gmm-acc-mllt[5.5.208~1-b0fc0]:main():gmm-acc-mllt.cc:108) Average like for this file is -51.8613 over 239 frames.
LOG (gmm-acc-mllt[5.5.208~1-b0fc0]:main():gmm-acc-mllt.cc:108) Average like for this file is -56.0915 over 279 frames.
LOG (gmm-acc-mllt[5.5.208~1-b0fc0]:main():gmm-acc-mllt.cc:108) Average like for this file is -55.6133 over 409 frames.
LOG (transform-feats[5.5.208~1-b0fc0]:main():transform-feats.cc:158) Overall average [pseudo-]logdet is -88.8066 over 39697 frames.
LOG (transform-feats[5.5.208~1-b0fc0]:main():transform-feats.cc:161) Applied transform to 128 utterances; 0 had errors.
LOG (gmm-acc-mllt[5.5.208~1-b0fc0]:main():gmm-acc-mllt.cc:108) Average like for this file is -56.1835 over 302 frames.
LOG (gmm-acc-mllt[5.5.208~1-b0fc0]:main():gmm-acc-mllt.cc:108) Average like for this file is -54.7456 over 331 frames.
LOG (gmm-acc-mllt[5.5.208~1-b0fc0]:main():gmm-acc-mllt.cc:119) Done 128 files, 0 with no posteriors, 0 with other errors.
LOG (gmm-acc-mllt[5.5.208~1-b0fc0]:main():gmm-acc-mllt.cc:123) Overall avg like per frame (Gaussian only) = -51.3805 over 35658 frames.
LOG (gmm-acc-mllt[5.5.208~1-b0fc0]:main():gmm-acc-mllt.cc:127) Written accs.
# Accounting: time=1 threads=1
# Ended (code 0) at Wed Feb 27 14:22:03 +07 2019, elapsed time 1 seconds
