# ali-to-post "ark:gunzip -c exp/tri2/ali.23.gz|" ark:- | weight-silence-post 0.0 1 exp/tri2/12.mdl ark:- ark:- | gmm-acc-mllt --rand-prune=4.0 exp/tri2/12.mdl "ark,s,cs:apply-cmvn  --utt2spk=ark:data/train/split30/23/utt2spk scp:data/train/split30/23/cmvn.scp scp:data/train/split30/23/feats.scp ark:- | splice-feats --left-context=3 --right-context=3 ark:- ark:- | transform-feats exp/tri2/6.mat ark:- ark:- |" ark:- exp/tri2/12.23.macc 
# Started at Wed Feb 27 14:22:06 +07 2019
#
weight-silence-post 0.0 1 exp/tri2/12.mdl ark:- ark:- 
gmm-acc-mllt --rand-prune=4.0 exp/tri2/12.mdl 'ark,s,cs:apply-cmvn  --utt2spk=ark:data/train/split30/23/utt2spk scp:data/train/split30/23/cmvn.scp scp:data/train/split30/23/feats.scp ark:- | splice-feats --left-context=3 --right-context=3 ark:- ark:- | transform-feats exp/tri2/6.mat ark:- ark:- |' ark:- exp/tri2/12.23.macc 
ali-to-post 'ark:gunzip -c exp/tri2/ali.23.gz|' ark:- 
transform-feats exp/tri2/6.mat ark:- ark:- 
apply-cmvn --utt2spk=ark:data/train/split30/23/utt2spk scp:data/train/split30/23/cmvn.scp scp:data/train/split30/23/feats.scp ark:- 
splice-feats --left-context=3 --right-context=3 ark:- ark:- 
LOG (gmm-acc-mllt[5.5.208~1-b0fc0]:main():gmm-acc-mllt.cc:108) Average like for this file is -47.3733 over 125 frames.
LOG (gmm-acc-mllt[5.5.208~1-b0fc0]:main():gmm-acc-mllt.cc:108) Average like for this file is -47.5814 over 337 frames.
LOG (gmm-acc-mllt[5.5.208~1-b0fc0]:main():gmm-acc-mllt.cc:108) Average like for this file is -48.6737 over 219 frames.
LOG (gmm-acc-mllt[5.5.208~1-b0fc0]:main():gmm-acc-mllt.cc:108) Average like for this file is -50.7205 over 323 frames.
LOG (gmm-acc-mllt[5.5.208~1-b0fc0]:main():gmm-acc-mllt.cc:108) Average like for this file is -48.8995 over 229 frames.
LOG (gmm-acc-mllt[5.5.208~1-b0fc0]:main():gmm-acc-mllt.cc:108) Average like for this file is -50.401 over 204 frames.
LOG (gmm-acc-mllt[5.5.208~1-b0fc0]:main():gmm-acc-mllt.cc:108) Average like for this file is -51.1965 over 283 frames.
LOG (gmm-acc-mllt[5.5.208~1-b0fc0]:main():gmm-acc-mllt.cc:108) Average like for this file is -51.828 over 174 frames.
LOG (gmm-acc-mllt[5.5.208~1-b0fc0]:main():gmm-acc-mllt.cc:108) Average like for this file is -51.3186 over 124 frames.
LOG (gmm-acc-mllt[5.5.208~1-b0fc0]:main():gmm-acc-mllt.cc:108) Average like for this file is -53.2785 over 143 frames.
LOG (gmm-acc-mllt[5.5.208~1-b0fc0]:main():gmm-acc-mllt.cc:114) Avg like per frame so far is -49.9619
LOG (gmm-acc-mllt[5.5.208~1-b0fc0]:main():gmm-acc-mllt.cc:108) Average like for this file is -51.5846 over 381 frames.
LOG (gmm-acc-mllt[5.5.208~1-b0fc0]:main():gmm-acc-mllt.cc:108) Average like for this file is -52.6531 over 202 frames.
LOG (gmm-acc-mllt[5.5.208~1-b0fc0]:main():gmm-acc-mllt.cc:108) Average like for this file is -52.4279 over 240 frames.
LOG (gmm-acc-mllt[5.5.208~1-b0fc0]:main():gmm-acc-mllt.cc:108) Average like for this file is -50.231 over 275 frames.
LOG (gmm-acc-mllt[5.5.208~1-b0fc0]:main():gmm-acc-mllt.cc:108) Average like for this file is -52.52 over 317 frames.
LOG (gmm-acc-mllt[5.5.208~1-b0fc0]:main():gmm-acc-mllt.cc:108) Average like for this file is -54.0599 over 303 frames.
LOG (gmm-acc-mllt[5.5.208~1-b0fc0]:main():gmm-acc-mllt.cc:108) Average like for this file is -52.6884 over 456 frames.
LOG (gmm-acc-mllt[5.5.208~1-b0fc0]:main():gmm-acc-mllt.cc:108) Average like for this file is -48.0408 over 128 frames.
LOG (gmm-acc-mllt[5.5.208~1-b0fc0]:main():gmm-acc-mllt.cc:108) Average like for this file is -51.8242 over 218 frames.
LOG (gmm-acc-mllt[5.5.208~1-b0fc0]:main():gmm-acc-mllt.cc:108) Average like for this file is -51.9275 over 326 frames.
LOG (gmm-acc-mllt[5.5.208~1-b0fc0]:main():gmm-acc-mllt.cc:114) Avg like per frame so far is -51.1451
LOG (gmm-acc-mllt[5.5.208~1-b0fc0]:main():gmm-acc-mllt.cc:108) Average like for this file is -49.2686 over 304 frames.
LOG (gmm-acc-mllt[5.5.208~1-b0fc0]:main():gmm-acc-mllt.cc:108) Average like for this file is -50.9982 over 227 frames.
LOG (gmm-acc-mllt[5.5.208~1-b0fc0]:main():gmm-acc-mllt.cc:108) Average like for this file is -50.9186 over 231 frames.
LOG (gmm-acc-mllt[5.5.208~1-b0fc0]:main():gmm-acc-mllt.cc:108) Average like for this file is -52.0252 over 313 frames.
LOG (gmm-acc-mllt[5.5.208~1-b0fc0]:main():gmm-acc-mllt.cc:108) Average like for this file is -48.7431 over 348 frames.
LOG (gmm-acc-mllt[5.5.208~1-b0fc0]:main():gmm-acc-mllt.cc:108) Average like for this file is -49.7171 over 361 frames.
LOG (gmm-acc-mllt[5.5.208~1-b0fc0]:main():gmm-acc-mllt.cc:108) Average like for this file is -46.7887 over 207 frames.
LOG (gmm-acc-mllt[5.5.208~1-b0fc0]:main():gmm-acc-mllt.cc:108) Average like for this file is -51.0114 over 216 frames.
LOG (gmm-acc-mllt[5.5.208~1-b0fc0]:main():gmm-acc-mllt.cc:108) Average like for this file is -45.5765 over 189 frames.
LOG (gmm-acc-mllt[5.5.208~1-b0fc0]:main():gmm-acc-mllt.cc:108) Average like for this file is -44.2175 over 142 frames.
LOG (gmm-acc-mllt[5.5.208~1-b0fc0]:main():gmm-acc-mllt.cc:114) Avg like per frame so far is -50.5223
LOG (gmm-acc-mllt[5.5.208~1-b0fc0]:main():gmm-acc-mllt.cc:108) Average like for this file is -48.6175 over 181 frames.
LOG (gmm-acc-mllt[5.5.208~1-b0fc0]:main():gmm-acc-mllt.cc:108) Average like for this file is -47.4105 over 160 frames.
LOG (gmm-acc-mllt[5.5.208~1-b0fc0]:main():gmm-acc-mllt.cc:108) Average like for this file is -46.6696 over 384 frames.
LOG (gmm-acc-mllt[5.5.208~1-b0fc0]:main():gmm-acc-mllt.cc:108) Average like for this file is -47.8548 over 121 frames.
LOG (gmm-acc-mllt[5.5.208~1-b0fc0]:main():gmm-acc-mllt.cc:108) Average like for this file is -44.8915 over 175 frames.
LOG (gmm-acc-mllt[5.5.208~1-b0fc0]:main():gmm-acc-mllt.cc:108) Average like for this file is -52.3155 over 151 frames.
LOG (gmm-acc-mllt[5.5.208~1-b0fc0]:main():gmm-acc-mllt.cc:108) Average like for this file is -48.1399 over 232 frames.
LOG (gmm-acc-mllt[5.5.208~1-b0fc0]:main():gmm-acc-mllt.cc:108) Average like for this file is -48.1529 over 260 frames.
LOG (gmm-acc-mllt[5.5.208~1-b0fc0]:main():gmm-acc-mllt.cc:108) Average like for this file is -50.0497 over 309 frames.
LOG (gmm-acc-mllt[5.5.208~1-b0fc0]:main():gmm-acc-mllt.cc:108) Average like for this file is -49.5111 over 267 frames.
LOG (gmm-acc-mllt[5.5.208~1-b0fc0]:main():gmm-acc-mllt.cc:114) Avg like per frame so far is -50.017
LOG (gmm-acc-mllt[5.5.208~1-b0fc0]:main():gmm-acc-mllt.cc:108) Average like for this file is -52.5351 over 149 frames.
LOG (gmm-acc-mllt[5.5.208~1-b0fc0]:main():gmm-acc-mllt.cc:108) Average like for this file is -51.3174 over 402 frames.
LOG (gmm-acc-mllt[5.5.208~1-b0fc0]:main():gmm-acc-mllt.cc:108) Average like for this file is -52.7116 over 256 frames.
LOG (gmm-acc-mllt[5.5.208~1-b0fc0]:main():gmm-acc-mllt.cc:108) Average like for this file is -53.1197 over 316 frames.
LOG (gmm-acc-mllt[5.5.208~1-b0fc0]:main():gmm-acc-mllt.cc:108) Average like for this file is -49.6681 over 242 frames.
LOG (gmm-acc-mllt[5.5.208~1-b0fc0]:main():gmm-acc-mllt.cc:108) Average like for this file is -51.6601 over 340 frames.
LOG (gmm-acc-mllt[5.5.208~1-b0fc0]:main():gmm-acc-mllt.cc:108) Average like for this file is -48.8011 over 270 frames.
LOG (gmm-acc-mllt[5.5.208~1-b0fc0]:main():gmm-acc-mllt.cc:108) Average like for this file is -50.0962 over 164 frames.
LOG (gmm-acc-mllt[5.5.208~1-b0fc0]:main():gmm-acc-mllt.cc:108) Average like for this file is -53.3116 over 384 frames.
LOG (gmm-acc-mllt[5.5.208~1-b0fc0]:main():gmm-acc-mllt.cc:108) Average like for this file is -58.0998 over 309 frames.
LOG (gmm-acc-mllt[5.5.208~1-b0fc0]:main():gmm-acc-mllt.cc:114) Avg like per frame so far is -50.5314
LOG (gmm-acc-mllt[5.5.208~1-b0fc0]:main():gmm-acc-mllt.cc:108) Average like for this file is -55.2235 over 365 frames.
LOG (gmm-acc-mllt[5.5.208~1-b0fc0]:main():gmm-acc-mllt.cc:108) Average like for this file is -56.9972 over 357 frames.
LOG (gmm-acc-mllt[5.5.208~1-b0fc0]:main():gmm-acc-mllt.cc:108) Average like for this file is -53.9733 over 300 frames.
LOG (gmm-acc-mllt[5.5.208~1-b0fc0]:main():gmm-acc-mllt.cc:108) Average like for this file is -52.5079 over 342 frames.
LOG (gmm-acc-mllt[5.5.208~1-b0fc0]:main():gmm-acc-mllt.cc:108) Average like for this file is -52.6947 over 366 frames.
LOG (gmm-acc-mllt[5.5.208~1-b0fc0]:main():gmm-acc-mllt.cc:108) Average like for this file is -55.9326 over 404 frames.
LOG (gmm-acc-mllt[5.5.208~1-b0fc0]:main():gmm-acc-mllt.cc:108) Average like for this file is -48.3047 over 450 frames.
LOG (gmm-acc-mllt[5.5.208~1-b0fc0]:main():gmm-acc-mllt.cc:108) Average like for this file is -46.982 over 140 frames.
LOG (gmm-acc-mllt[5.5.208~1-b0fc0]:main():gmm-acc-mllt.cc:108) Average like for this file is -50.021 over 284 frames.
LOG (gmm-acc-mllt[5.5.208~1-b0fc0]:main():gmm-acc-mllt.cc:108) Average like for this file is -49.1961 over 230 frames.
LOG (gmm-acc-mllt[5.5.208~1-b0fc0]:main():gmm-acc-mllt.cc:114) Avg like per frame so far is -50.9573
LOG (gmm-acc-mllt[5.5.208~1-b0fc0]:main():gmm-acc-mllt.cc:108) Average like for this file is -46.5612 over 252 frames.
LOG (gmm-acc-mllt[5.5.208~1-b0fc0]:main():gmm-acc-mllt.cc:108) Average like for this file is -49.6111 over 271 frames.
LOG (gmm-acc-mllt[5.5.208~1-b0fc0]:main():gmm-acc-mllt.cc:108) Average like for this file is -46.4034 over 294 frames.
LOG (gmm-acc-mllt[5.5.208~1-b0fc0]:main():gmm-acc-mllt.cc:108) Average like for this file is -50.6085 over 234 frames.
LOG (gmm-acc-mllt[5.5.208~1-b0fc0]:main():gmm-acc-mllt.cc:108) Average like for this file is -50.5788 over 216 frames.
LOG (gmm-acc-mllt[5.5.208~1-b0fc0]:main():gmm-acc-mllt.cc:108) Average like for this file is -46.9124 over 494 frames.
LOG (gmm-acc-mllt[5.5.208~1-b0fc0]:main():gmm-acc-mllt.cc:108) Average like for this file is -47.6769 over 451 frames.
LOG (gmm-acc-mllt[5.5.208~1-b0fc0]:main():gmm-acc-mllt.cc:108) Average like for this file is -46.4253 over 253 frames.
LOG (gmm-acc-mllt[5.5.208~1-b0fc0]:main():gmm-acc-mllt.cc:108) Average like for this file is -44.1135 over 373 frames.
LOG (gmm-acc-mllt[5.5.208~1-b0fc0]:main():gmm-acc-mllt.cc:108) Average like for this file is -46.1685 over 270 frames.
LOG (gmm-acc-mllt[5.5.208~1-b0fc0]:main():gmm-acc-mllt.cc:114) Avg like per frame so far is -50.3538
LOG (gmm-acc-mllt[5.5.208~1-b0fc0]:main():gmm-acc-mllt.cc:108) Average like for this file is -45.2336 over 246 frames.
LOG (gmm-acc-mllt[5.5.208~1-b0fc0]:main():gmm-acc-mllt.cc:108) Average like for this file is -47.5166 over 285 frames.
LOG (gmm-acc-mllt[5.5.208~1-b0fc0]:main():gmm-acc-mllt.cc:108) Average like for this file is -53.1044 over 353 frames.
LOG (gmm-acc-mllt[5.5.208~1-b0fc0]:main():gmm-acc-mllt.cc:108) Average like for this file is -46.8564 over 104 frames.
LOG (gmm-acc-mllt[5.5.208~1-b0fc0]:main():gmm-acc-mllt.cc:108) Average like for this file is -52.3133 over 419 frames.
LOG (gmm-acc-mllt[5.5.208~1-b0fc0]:main():gmm-acc-mllt.cc:108) Average like for this file is -47.9867 over 392 frames.
LOG (gmm-acc-mllt[5.5.208~1-b0fc0]:main():gmm-acc-mllt.cc:108) Average like for this file is -51.8272 over 180 frames.
LOG (gmm-acc-mllt[5.5.208~1-b0fc0]:main():gmm-acc-mllt.cc:108) Average like for this file is -49.5872 over 344 frames.
LOG (gmm-acc-mllt[5.5.208~1-b0fc0]:main():gmm-acc-mllt.cc:108) Average like for this file is -51.8473 over 238 frames.
LOG (gmm-acc-mllt[5.5.208~1-b0fc0]:main():gmm-acc-mllt.cc:108) Average like for this file is -52.4157 over 214 frames.
LOG (gmm-acc-mllt[5.5.208~1-b0fc0]:main():gmm-acc-mllt.cc:114) Avg like per frame so far is -50.3184
LOG (gmm-acc-mllt[5.5.208~1-b0fc0]:main():gmm-acc-mllt.cc:108) Average like for this file is -47.9415 over 526 frames.
LOG (gmm-acc-mllt[5.5.208~1-b0fc0]:main():gmm-acc-mllt.cc:108) Average like for this file is -49.7346 over 184 frames.
LOG (gmm-acc-mllt[5.5.208~1-b0fc0]:main():gmm-acc-mllt.cc:108) Average like for this file is -46.1021 over 382 frames.
LOG (gmm-acc-mllt[5.5.208~1-b0fc0]:main():gmm-acc-mllt.cc:108) Average like for this file is -52.0089 over 280 frames.
LOG (gmm-acc-mllt[5.5.208~1-b0fc0]:main():gmm-acc-mllt.cc:108) Average like for this file is -45.3775 over 198 frames.
LOG (gmm-acc-mllt[5.5.208~1-b0fc0]:main():gmm-acc-mllt.cc:108) Average like for this file is -47.856 over 239 frames.
LOG (gmm-acc-mllt[5.5.208~1-b0fc0]:main():gmm-acc-mllt.cc:108) Average like for this file is -47.6023 over 315 frames.
LOG (gmm-acc-mllt[5.5.208~1-b0fc0]:main():gmm-acc-mllt.cc:108) Average like for this file is -49.2785 over 320 frames.
LOG (gmm-acc-mllt[5.5.208~1-b0fc0]:main():gmm-acc-mllt.cc:108) Average like for this file is -47.4473 over 367 frames.
LOG (gmm-acc-mllt[5.5.208~1-b0fc0]:main():gmm-acc-mllt.cc:108) Average like for this file is -49.798 over 141 frames.
LOG (gmm-acc-mllt[5.5.208~1-b0fc0]:main():gmm-acc-mllt.cc:114) Avg like per frame so far is -50.0601
LOG (gmm-acc-mllt[5.5.208~1-b0fc0]:main():gmm-acc-mllt.cc:108) Average like for this file is -45.4655 over 261 frames.
LOG (gmm-acc-mllt[5.5.208~1-b0fc0]:main():gmm-acc-mllt.cc:108) Average like for this file is -54.6092 over 198 frames.
LOG (gmm-acc-mllt[5.5.208~1-b0fc0]:main():gmm-acc-mllt.cc:108) Average like for this file is -50.9556 over 308 frames.
LOG (gmm-acc-mllt[5.5.208~1-b0fc0]:main():gmm-acc-mllt.cc:108) Average like for this file is -51.1992 over 214 frames.
LOG (gmm-acc-mllt[5.5.208~1-b0fc0]:main():gmm-acc-mllt.cc:108) Average like for this file is -52.5406 over 252 frames.
LOG (gmm-acc-mllt[5.5.208~1-b0fc0]:main():gmm-acc-mllt.cc:108) Average like for this file is -50.2095 over 219 frames.
LOG (gmm-acc-mllt[5.5.208~1-b0fc0]:main():gmm-acc-mllt.cc:108) Average like for this file is -49.4149 over 206 frames.
LOG (gmm-acc-mllt[5.5.208~1-b0fc0]:main():gmm-acc-mllt.cc:108) Average like for this file is -49.7348 over 223 frames.
LOG (gmm-acc-mllt[5.5.208~1-b0fc0]:main():gmm-acc-mllt.cc:108) Average like for this file is -50.042 over 187 frames.
LOG (ali-to-post[5.5.208~1-b0fc0]:main():ali-to-post.cc:73) Converted 128 alignments.
LOG (gmm-acc-mllt[5.5.208~1-b0fc0]:main():gmm-acc-mllt.cc:108) Average like for this file is -49.6777 over 272 frames.
LOG (gmm-acc-mllt[5.5.208~1-b0fc0]:main():gmm-acc-mllt.cc:114) Avg like per frame so far is -50.081
LOG (gmm-acc-mllt[5.5.208~1-b0fc0]:main():gmm-acc-mllt.cc:108) Average like for this file is -46.2462 over 159 frames.
LOG (gmm-acc-mllt[5.5.208~1-b0fc0]:main():gmm-acc-mllt.cc:108) Average like for this file is -43.258 over 130 frames.
LOG (gmm-acc-mllt[5.5.208~1-b0fc0]:main():gmm-acc-mllt.cc:108) Average like for this file is -50.6021 over 280 frames.
LOG (gmm-acc-mllt[5.5.208~1-b0fc0]:main():gmm-acc-mllt.cc:108) Average like for this file is -50.5255 over 225 frames.
LOG (gmm-acc-mllt[5.5.208~1-b0fc0]:main():gmm-acc-mllt.cc:108) Average like for this file is -43.5264 over 220 frames.
LOG (gmm-acc-mllt[5.5.208~1-b0fc0]:main():gmm-acc-mllt.cc:108) Average like for this file is -49.7675 over 376 frames.
LOG (gmm-acc-mllt[5.5.208~1-b0fc0]:main():gmm-acc-mllt.cc:108) Average like for this file is -48.8464 over 173 frames.
LOG (gmm-acc-mllt[5.5.208~1-b0fc0]:main():gmm-acc-mllt.cc:108) Average like for this file is -52.5547 over 222 frames.
LOG (gmm-acc-mllt[5.5.208~1-b0fc0]:main():gmm-acc-mllt.cc:108) Average like for this file is -51.6377 over 254 frames.
LOG (gmm-acc-mllt[5.5.208~1-b0fc0]:main():gmm-acc-mllt.cc:108) Average like for this file is -53.1879 over 361 frames.
LOG (gmm-acc-mllt[5.5.208~1-b0fc0]:main():gmm-acc-mllt.cc:114) Avg like per frame so far is -50.0485
LOG (gmm-acc-mllt[5.5.208~1-b0fc0]:main():gmm-acc-mllt.cc:108) Average like for this file is -52.9982 over 288 frames.
LOG (gmm-acc-mllt[5.5.208~1-b0fc0]:main():gmm-acc-mllt.cc:108) Average like for this file is -51.3802 over 286 frames.
LOG (gmm-acc-mllt[5.5.208~1-b0fc0]:main():gmm-acc-mllt.cc:108) Average like for this file is -47.6864 over 283 frames.
LOG (gmm-acc-mllt[5.5.208~1-b0fc0]:main():gmm-acc-mllt.cc:108) Average like for this file is -53.3752 over 235 frames.
LOG (gmm-acc-mllt[5.5.208~1-b0fc0]:main():gmm-acc-mllt.cc:108) Average like for this file is -50.0522 over 373 frames.
LOG (gmm-acc-mllt[5.5.208~1-b0fc0]:main():gmm-acc-mllt.cc:108) Average like for this file is -48.3677 over 222 frames.
LOG (gmm-acc-mllt[5.5.208~1-b0fc0]:main():gmm-acc-mllt.cc:108) Average like for this file is -50.7271 over 275 frames.
LOG (weight-silence-post[5.5.208~1-b0fc0]:main():weight-silence-post.cc:95) Done 128 posteriors.
LOG (gmm-acc-mllt[5.5.208~1-b0fc0]:main():gmm-acc-mllt.cc:108) Average like for this file is -49.6404 over 298 frames.
LOG (gmm-acc-mllt[5.5.208~1-b0fc0]:main():gmm-acc-mllt.cc:108) Average like for this file is -50.1878 over 282 frames.
LOG (gmm-acc-mllt[5.5.208~1-b0fc0]:main():gmm-acc-mllt.cc:108) Average like for this file is -51.5601 over 288 frames.
LOG (gmm-acc-mllt[5.5.208~1-b0fc0]:main():gmm-acc-mllt.cc:114) Avg like per frame so far is -50.0953
LOG (gmm-acc-mllt[5.5.208~1-b0fc0]:main():gmm-acc-mllt.cc:108) Average like for this file is -46.4167 over 113 frames.
LOG (apply-cmvn[5.5.208~1-b0fc0]:main():apply-cmvn.cc:162) Applied cepstral mean normalization to 128 utterances, errors on 0
LOG (gmm-acc-mllt[5.5.208~1-b0fc0]:main():gmm-acc-mllt.cc:108) Average like for this file is -48.0367 over 419 frames.
LOG (gmm-acc-mllt[5.5.208~1-b0fc0]:main():gmm-acc-mllt.cc:108) Average like for this file is -48.8424 over 435 frames.
LOG (gmm-acc-mllt[5.5.208~1-b0fc0]:main():gmm-acc-mllt.cc:108) Average like for this file is -46.1372 over 276 frames.
LOG (gmm-acc-mllt[5.5.208~1-b0fc0]:main():gmm-acc-mllt.cc:108) Average like for this file is -51.1825 over 229 frames.
LOG (gmm-acc-mllt[5.5.208~1-b0fc0]:main():gmm-acc-mllt.cc:108) Average like for this file is -47.6373 over 301 frames.
LOG (transform-feats[5.5.208~1-b0fc0]:main():transform-feats.cc:158) Overall average [pseudo-]logdet is -88.8066 over 39951 frames.
LOG (transform-feats[5.5.208~1-b0fc0]:main():transform-feats.cc:161) Applied transform to 128 utterances; 0 had errors.
LOG (gmm-acc-mllt[5.5.208~1-b0fc0]:main():gmm-acc-mllt.cc:108) Average like for this file is -47.9396 over 391 frames.
LOG (gmm-acc-mllt[5.5.208~1-b0fc0]:main():gmm-acc-mllt.cc:108) Average like for this file is -47.4253 over 187 frames.
LOG (gmm-acc-mllt[5.5.208~1-b0fc0]:main():gmm-acc-mllt.cc:119) Done 128 files, 0 with no posteriors, 0 with other errors.
LOG (gmm-acc-mllt[5.5.208~1-b0fc0]:main():gmm-acc-mllt.cc:123) Overall avg like per frame (Gaussian only) = -49.9581 over 34611 frames.
LOG (gmm-acc-mllt[5.5.208~1-b0fc0]:main():gmm-acc-mllt.cc:127) Written accs.
# Accounting: time=1 threads=1
# Ended (code 0) at Wed Feb 27 14:22:07 +07 2019, elapsed time 1 seconds
