# ali-to-post "ark:gunzip -c exp/tri2/ali.11.gz|" ark:- | weight-silence-post 0.0 1 exp/tri2/12.mdl ark:- ark:- | gmm-acc-mllt --rand-prune=4.0 exp/tri2/12.mdl "ark,s,cs:apply-cmvn  --utt2spk=ark:data/train/split30/11/utt2spk scp:data/train/split30/11/cmvn.scp scp:data/train/split30/11/feats.scp ark:- | splice-feats --left-context=3 --right-context=3 ark:- ark:- | transform-feats exp/tri2/6.mat ark:- ark:- |" ark:- exp/tri2/12.11.macc 
# Started at Wed Feb 27 14:22:03 +07 2019
#
ali-to-post 'ark:gunzip -c exp/tri2/ali.11.gz|' ark:- 
gmm-acc-mllt --rand-prune=4.0 exp/tri2/12.mdl 'ark,s,cs:apply-cmvn  --utt2spk=ark:data/train/split30/11/utt2spk scp:data/train/split30/11/cmvn.scp scp:data/train/split30/11/feats.scp ark:- | splice-feats --left-context=3 --right-context=3 ark:- ark:- | transform-feats exp/tri2/6.mat ark:- ark:- |' ark:- exp/tri2/12.11.macc 
weight-silence-post 0.0 1 exp/tri2/12.mdl ark:- ark:- 
apply-cmvn --utt2spk=ark:data/train/split30/11/utt2spk scp:data/train/split30/11/cmvn.scp scp:data/train/split30/11/feats.scp ark:- 
splice-feats --left-context=3 --right-context=3 ark:- ark:- 
transform-feats exp/tri2/6.mat ark:- ark:- 
LOG (gmm-acc-mllt[5.5.208~1-b0fc0]:main():gmm-acc-mllt.cc:108) Average like for this file is -49.2938 over 447 frames.
LOG (gmm-acc-mllt[5.5.208~1-b0fc0]:main():gmm-acc-mllt.cc:108) Average like for this file is -47.9088 over 136 frames.
LOG (gmm-acc-mllt[5.5.208~1-b0fc0]:main():gmm-acc-mllt.cc:108) Average like for this file is -49.6853 over 134 frames.
LOG (gmm-acc-mllt[5.5.208~1-b0fc0]:main():gmm-acc-mllt.cc:108) Average like for this file is -48.0442 over 315 frames.
LOG (gmm-acc-mllt[5.5.208~1-b0fc0]:main():gmm-acc-mllt.cc:108) Average like for this file is -50.4338 over 310 frames.
LOG (gmm-acc-mllt[5.5.208~1-b0fc0]:main():gmm-acc-mllt.cc:108) Average like for this file is -50.1316 over 229 frames.
LOG (gmm-acc-mllt[5.5.208~1-b0fc0]:main():gmm-acc-mllt.cc:108) Average like for this file is -51.9678 over 269 frames.
LOG (gmm-acc-mllt[5.5.208~1-b0fc0]:main():gmm-acc-mllt.cc:108) Average like for this file is -52.5979 over 284 frames.
LOG (gmm-acc-mllt[5.5.208~1-b0fc0]:main():gmm-acc-mllt.cc:108) Average like for this file is -48.3298 over 123 frames.
LOG (gmm-acc-mllt[5.5.208~1-b0fc0]:main():gmm-acc-mllt.cc:108) Average like for this file is -47.9418 over 252 frames.
LOG (gmm-acc-mllt[5.5.208~1-b0fc0]:main():gmm-acc-mllt.cc:114) Avg like per frame so far is -49.7796
LOG (gmm-acc-mllt[5.5.208~1-b0fc0]:main():gmm-acc-mllt.cc:108) Average like for this file is -45.8291 over 336 frames.
LOG (gmm-acc-mllt[5.5.208~1-b0fc0]:main():gmm-acc-mllt.cc:108) Average like for this file is -48.2887 over 232 frames.
LOG (gmm-acc-mllt[5.5.208~1-b0fc0]:main():gmm-acc-mllt.cc:108) Average like for this file is -48.9663 over 252 frames.
LOG (gmm-acc-mllt[5.5.208~1-b0fc0]:main():gmm-acc-mllt.cc:108) Average like for this file is -51.0968 over 376 frames.
LOG (gmm-acc-mllt[5.5.208~1-b0fc0]:main():gmm-acc-mllt.cc:108) Average like for this file is -48.6714 over 262 frames.
LOG (gmm-acc-mllt[5.5.208~1-b0fc0]:main():gmm-acc-mllt.cc:108) Average like for this file is -53.7051 over 285 frames.
LOG (gmm-acc-mllt[5.5.208~1-b0fc0]:main():gmm-acc-mllt.cc:108) Average like for this file is -48.5302 over 172 frames.
LOG (gmm-acc-mllt[5.5.208~1-b0fc0]:main():gmm-acc-mllt.cc:108) Average like for this file is -43.9771 over 249 frames.
LOG (gmm-acc-mllt[5.5.208~1-b0fc0]:main():gmm-acc-mllt.cc:108) Average like for this file is -50.3988 over 232 frames.
LOG (gmm-acc-mllt[5.5.208~1-b0fc0]:main():gmm-acc-mllt.cc:108) Average like for this file is -48.6765 over 260 frames.
LOG (gmm-acc-mllt[5.5.208~1-b0fc0]:main():gmm-acc-mllt.cc:114) Avg like per frame so far is -49.3223
LOG (gmm-acc-mllt[5.5.208~1-b0fc0]:main():gmm-acc-mllt.cc:108) Average like for this file is -45.3206 over 188 frames.
LOG (gmm-acc-mllt[5.5.208~1-b0fc0]:main():gmm-acc-mllt.cc:108) Average like for this file is -49.3363 over 315 frames.
LOG (gmm-acc-mllt[5.5.208~1-b0fc0]:main():gmm-acc-mllt.cc:108) Average like for this file is -50.1761 over 281 frames.
LOG (gmm-acc-mllt[5.5.208~1-b0fc0]:main():gmm-acc-mllt.cc:108) Average like for this file is -48.6366 over 242 frames.
LOG (gmm-acc-mllt[5.5.208~1-b0fc0]:main():gmm-acc-mllt.cc:108) Average like for this file is -47.9934 over 341 frames.
LOG (gmm-acc-mllt[5.5.208~1-b0fc0]:main():gmm-acc-mllt.cc:108) Average like for this file is -48.8709 over 168 frames.
LOG (gmm-acc-mllt[5.5.208~1-b0fc0]:main():gmm-acc-mllt.cc:108) Average like for this file is -46.7754 over 233 frames.
LOG (gmm-acc-mllt[5.5.208~1-b0fc0]:main():gmm-acc-mllt.cc:108) Average like for this file is -50.1117 over 221 frames.
LOG (gmm-acc-mllt[5.5.208~1-b0fc0]:main():gmm-acc-mllt.cc:108) Average like for this file is -45.1925 over 189 frames.
LOG (gmm-acc-mllt[5.5.208~1-b0fc0]:main():gmm-acc-mllt.cc:108) Average like for this file is -49.8158 over 246 frames.
LOG (gmm-acc-mllt[5.5.208~1-b0fc0]:main():gmm-acc-mllt.cc:114) Avg like per frame so far is -49.0213
LOG (gmm-acc-mllt[5.5.208~1-b0fc0]:main():gmm-acc-mllt.cc:108) Average like for this file is -48.6882 over 334 frames.
LOG (gmm-acc-mllt[5.5.208~1-b0fc0]:main():gmm-acc-mllt.cc:108) Average like for this file is -49.7178 over 166 frames.
LOG (gmm-acc-mllt[5.5.208~1-b0fc0]:main():gmm-acc-mllt.cc:108) Average like for this file is -51.3773 over 299 frames.
LOG (gmm-acc-mllt[5.5.208~1-b0fc0]:main():gmm-acc-mllt.cc:108) Average like for this file is -51.7588 over 101 frames.
LOG (gmm-acc-mllt[5.5.208~1-b0fc0]:main():gmm-acc-mllt.cc:108) Average like for this file is -53.0726 over 278 frames.
LOG (gmm-acc-mllt[5.5.208~1-b0fc0]:main():gmm-acc-mllt.cc:108) Average like for this file is -49.4443 over 153 frames.
LOG (gmm-acc-mllt[5.5.208~1-b0fc0]:main():gmm-acc-mllt.cc:108) Average like for this file is -53.2634 over 159 frames.
LOG (gmm-acc-mllt[5.5.208~1-b0fc0]:main():gmm-acc-mllt.cc:108) Average like for this file is -48.2446 over 101 frames.
LOG (gmm-acc-mllt[5.5.208~1-b0fc0]:main():gmm-acc-mllt.cc:108) Average like for this file is -50.8988 over 209 frames.
LOG (gmm-acc-mllt[5.5.208~1-b0fc0]:main():gmm-acc-mllt.cc:108) Average like for this file is -52.6551 over 136 frames.
LOG (gmm-acc-mllt[5.5.208~1-b0fc0]:main():gmm-acc-mllt.cc:114) Avg like per frame so far is -49.4059
LOG (gmm-acc-mllt[5.5.208~1-b0fc0]:main():gmm-acc-mllt.cc:108) Average like for this file is -46.2977 over 431 frames.
LOG (gmm-acc-mllt[5.5.208~1-b0fc0]:main():gmm-acc-mllt.cc:108) Average like for this file is -45.9713 over 266 frames.
LOG (gmm-acc-mllt[5.5.208~1-b0fc0]:main():gmm-acc-mllt.cc:108) Average like for this file is -44.3681 over 187 frames.
LOG (gmm-acc-mllt[5.5.208~1-b0fc0]:main():gmm-acc-mllt.cc:108) Average like for this file is -48.4275 over 325 frames.
LOG (gmm-acc-mllt[5.5.208~1-b0fc0]:main():gmm-acc-mllt.cc:108) Average like for this file is -47.7819 over 324 frames.
LOG (gmm-acc-mllt[5.5.208~1-b0fc0]:main():gmm-acc-mllt.cc:108) Average like for this file is -43.8783 over 260 frames.
LOG (gmm-acc-mllt[5.5.208~1-b0fc0]:main():gmm-acc-mllt.cc:108) Average like for this file is -47.7368 over 248 frames.
LOG (gmm-acc-mllt[5.5.208~1-b0fc0]:main():gmm-acc-mllt.cc:108) Average like for this file is -44.4172 over 292 frames.
LOG (gmm-acc-mllt[5.5.208~1-b0fc0]:main():gmm-acc-mllt.cc:108) Average like for this file is -49.3982 over 139 frames.
LOG (gmm-acc-mllt[5.5.208~1-b0fc0]:main():gmm-acc-mllt.cc:108) Average like for this file is -48.0696 over 235 frames.
LOG (gmm-acc-mllt[5.5.208~1-b0fc0]:main():gmm-acc-mllt.cc:114) Avg like per frame so far is -48.779
LOG (gmm-acc-mllt[5.5.208~1-b0fc0]:main():gmm-acc-mllt.cc:108) Average like for this file is -46.1078 over 291 frames.
LOG (gmm-acc-mllt[5.5.208~1-b0fc0]:main():gmm-acc-mllt.cc:108) Average like for this file is -45.5016 over 271 frames.
LOG (gmm-acc-mllt[5.5.208~1-b0fc0]:main():gmm-acc-mllt.cc:108) Average like for this file is -46.3563 over 256 frames.
LOG (gmm-acc-mllt[5.5.208~1-b0fc0]:main():gmm-acc-mllt.cc:108) Average like for this file is -49.1829 over 407 frames.
LOG (gmm-acc-mllt[5.5.208~1-b0fc0]:main():gmm-acc-mllt.cc:108) Average like for this file is -46.7442 over 329 frames.
LOG (gmm-acc-mllt[5.5.208~1-b0fc0]:main():gmm-acc-mllt.cc:108) Average like for this file is -46.8729 over 248 frames.
LOG (gmm-acc-mllt[5.5.208~1-b0fc0]:main():gmm-acc-mllt.cc:108) Average like for this file is -48.709 over 522 frames.
LOG (gmm-acc-mllt[5.5.208~1-b0fc0]:main():gmm-acc-mllt.cc:108) Average like for this file is -44.4672 over 444 frames.
LOG (gmm-acc-mllt[5.5.208~1-b0fc0]:main():gmm-acc-mllt.cc:108) Average like for this file is -47.4632 over 365 frames.
LOG (gmm-acc-mllt[5.5.208~1-b0fc0]:main():gmm-acc-mllt.cc:108) Average like for this file is -43.0022 over 213 frames.
LOG (gmm-acc-mllt[5.5.208~1-b0fc0]:main():gmm-acc-mllt.cc:114) Avg like per frame so far is -48.3341
LOG (gmm-acc-mllt[5.5.208~1-b0fc0]:main():gmm-acc-mllt.cc:108) Average like for this file is -44.1649 over 272 frames.
LOG (gmm-acc-mllt[5.5.208~1-b0fc0]:main():gmm-acc-mllt.cc:108) Average like for this file is -46.0462 over 332 frames.
LOG (gmm-acc-mllt[5.5.208~1-b0fc0]:main():gmm-acc-mllt.cc:108) Average like for this file is -48.4211 over 349 frames.
LOG (gmm-acc-mllt[5.5.208~1-b0fc0]:main():gmm-acc-mllt.cc:108) Average like for this file is -48.6931 over 254 frames.
LOG (gmm-acc-mllt[5.5.208~1-b0fc0]:main():gmm-acc-mllt.cc:108) Average like for this file is -55.2087 over 372 frames.
LOG (gmm-acc-mllt[5.5.208~1-b0fc0]:main():gmm-acc-mllt.cc:108) Average like for this file is -54.0201 over 136 frames.
LOG (gmm-acc-mllt[5.5.208~1-b0fc0]:main():gmm-acc-mllt.cc:108) Average like for this file is -50.8566 over 163 frames.
LOG (gmm-acc-mllt[5.5.208~1-b0fc0]:main():gmm-acc-mllt.cc:108) Average like for this file is -51.3781 over 241 frames.
LOG (gmm-acc-mllt[5.5.208~1-b0fc0]:main():gmm-acc-mllt.cc:108) Average like for this file is -51.5724 over 229 frames.
LOG (gmm-acc-mllt[5.5.208~1-b0fc0]:main():gmm-acc-mllt.cc:108) Average like for this file is -47.6004 over 332 frames.
LOG (gmm-acc-mllt[5.5.208~1-b0fc0]:main():gmm-acc-mllt.cc:114) Avg like per frame so far is -48.5096
LOG (gmm-acc-mllt[5.5.208~1-b0fc0]:main():gmm-acc-mllt.cc:108) Average like for this file is -50.4189 over 339 frames.
LOG (gmm-acc-mllt[5.5.208~1-b0fc0]:main():gmm-acc-mllt.cc:108) Average like for this file is -49.3461 over 366 frames.
LOG (gmm-acc-mllt[5.5.208~1-b0fc0]:main():gmm-acc-mllt.cc:108) Average like for this file is -49.6612 over 246 frames.
LOG (gmm-acc-mllt[5.5.208~1-b0fc0]:main():gmm-acc-mllt.cc:108) Average like for this file is -47.1547 over 205 frames.
LOG (gmm-acc-mllt[5.5.208~1-b0fc0]:main():gmm-acc-mllt.cc:108) Average like for this file is -49.0098 over 238 frames.
LOG (gmm-acc-mllt[5.5.208~1-b0fc0]:main():gmm-acc-mllt.cc:108) Average like for this file is -52.4587 over 304 frames.
LOG (gmm-acc-mllt[5.5.208~1-b0fc0]:main():gmm-acc-mllt.cc:108) Average like for this file is -50.7129 over 302 frames.
LOG (gmm-acc-mllt[5.5.208~1-b0fc0]:main():gmm-acc-mllt.cc:108) Average like for this file is -47.7832 over 244 frames.
LOG (gmm-acc-mllt[5.5.208~1-b0fc0]:main():gmm-acc-mllt.cc:108) Average like for this file is -51.4981 over 247 frames.
LOG (gmm-acc-mllt[5.5.208~1-b0fc0]:main():gmm-acc-mllt.cc:108) Average like for this file is -49.8406 over 284 frames.
LOG (gmm-acc-mllt[5.5.208~1-b0fc0]:main():gmm-acc-mllt.cc:114) Avg like per frame so far is -48.6943
LOG (gmm-acc-mllt[5.5.208~1-b0fc0]:main():gmm-acc-mllt.cc:108) Average like for this file is -51.1676 over 155 frames.
LOG (gmm-acc-mllt[5.5.208~1-b0fc0]:main():gmm-acc-mllt.cc:108) Average like for this file is -50.0669 over 233 frames.
LOG (gmm-acc-mllt[5.5.208~1-b0fc0]:main():gmm-acc-mllt.cc:108) Average like for this file is -50.262 over 254 frames.
LOG (gmm-acc-mllt[5.5.208~1-b0fc0]:main():gmm-acc-mllt.cc:108) Average like for this file is -52.9128 over 237 frames.
LOG (gmm-acc-mllt[5.5.208~1-b0fc0]:main():gmm-acc-mllt.cc:108) Average like for this file is -51.4026 over 177 frames.
LOG (gmm-acc-mllt[5.5.208~1-b0fc0]:main():gmm-acc-mllt.cc:108) Average like for this file is -52.8786 over 280 frames.
LOG (gmm-acc-mllt[5.5.208~1-b0fc0]:main():gmm-acc-mllt.cc:108) Average like for this file is -51.985 over 277 frames.
LOG (gmm-acc-mllt[5.5.208~1-b0fc0]:main():gmm-acc-mllt.cc:108) Average like for this file is -51.3128 over 222 frames.
LOG (gmm-acc-mllt[5.5.208~1-b0fc0]:main():gmm-acc-mllt.cc:108) Average like for this file is -50.7192 over 366 frames.
LOG (gmm-acc-mllt[5.5.208~1-b0fc0]:main():gmm-acc-mllt.cc:108) Average like for this file is -47.4828 over 403 frames.
LOG (gmm-acc-mllt[5.5.208~1-b0fc0]:main():gmm-acc-mllt.cc:114) Avg like per frame so far is -48.927
LOG (gmm-acc-mllt[5.5.208~1-b0fc0]:main():gmm-acc-mllt.cc:108) Average like for this file is -43.4885 over 451 frames.
LOG (gmm-acc-mllt[5.5.208~1-b0fc0]:main():gmm-acc-mllt.cc:108) Average like for this file is -45.3546 over 350 frames.
LOG (gmm-acc-mllt[5.5.208~1-b0fc0]:main():gmm-acc-mllt.cc:108) Average like for this file is -44.6152 over 181 frames.
LOG (gmm-acc-mllt[5.5.208~1-b0fc0]:main():gmm-acc-mllt.cc:108) Average like for this file is -45.3783 over 228 frames.
LOG (gmm-acc-mllt[5.5.208~1-b0fc0]:main():gmm-acc-mllt.cc:108) Average like for this file is -42.4016 over 237 frames.
LOG (gmm-acc-mllt[5.5.208~1-b0fc0]:main():gmm-acc-mllt.cc:108) Average like for this file is -47.5676 over 241 frames.
LOG (gmm-acc-mllt[5.5.208~1-b0fc0]:main():gmm-acc-mllt.cc:108) Average like for this file is -47.7248 over 242 frames.
LOG (gmm-acc-mllt[5.5.208~1-b0fc0]:main():gmm-acc-mllt.cc:108) Average like for this file is -47.544 over 236 frames.
LOG (gmm-acc-mllt[5.5.208~1-b0fc0]:main():gmm-acc-mllt.cc:108) Average like for this file is -49.2173 over 376 frames.
LOG (gmm-acc-mllt[5.5.208~1-b0fc0]:main():gmm-acc-mllt.cc:108) Average like for this file is -48.8778 over 227 frames.
LOG (gmm-acc-mllt[5.5.208~1-b0fc0]:main():gmm-acc-mllt.cc:114) Avg like per frame so far is -48.6358
LOG (gmm-acc-mllt[5.5.208~1-b0fc0]:main():gmm-acc-mllt.cc:108) Average like for this file is -47.668 over 246 frames.
LOG (ali-to-post[5.5.208~1-b0fc0]:main():ali-to-post.cc:73) Converted 128 alignments.
LOG (gmm-acc-mllt[5.5.208~1-b0fc0]:main():gmm-acc-mllt.cc:108) Average like for this file is -47.8244 over 212 frames.
LOG (gmm-acc-mllt[5.5.208~1-b0fc0]:main():gmm-acc-mllt.cc:108) Average like for this file is -45.4011 over 231 frames.
LOG (gmm-acc-mllt[5.5.208~1-b0fc0]:main():gmm-acc-mllt.cc:108) Average like for this file is -47.6316 over 268 frames.
LOG (gmm-acc-mllt[5.5.208~1-b0fc0]:main():gmm-acc-mllt.cc:108) Average like for this file is -50.6083 over 261 frames.
LOG (gmm-acc-mllt[5.5.208~1-b0fc0]:main():gmm-acc-mllt.cc:108) Average like for this file is -54.5559 over 361 frames.
LOG (gmm-acc-mllt[5.5.208~1-b0fc0]:main():gmm-acc-mllt.cc:108) Average like for this file is -52.6702 over 423 frames.
LOG (gmm-acc-mllt[5.5.208~1-b0fc0]:main():gmm-acc-mllt.cc:108) Average like for this file is -52.9624 over 196 frames.
LOG (gmm-acc-mllt[5.5.208~1-b0fc0]:main():gmm-acc-mllt.cc:108) Average like for this file is -49.8123 over 199 frames.
LOG (gmm-acc-mllt[5.5.208~1-b0fc0]:main():gmm-acc-mllt.cc:108) Average like for this file is -51.878 over 339 frames.
LOG (gmm-acc-mllt[5.5.208~1-b0fc0]:main():gmm-acc-mllt.cc:114) Avg like per frame so far is -48.8113
LOG (gmm-acc-mllt[5.5.208~1-b0fc0]:main():gmm-acc-mllt.cc:108) Average like for this file is -54.065 over 299 frames.
LOG (gmm-acc-mllt[5.5.208~1-b0fc0]:main():gmm-acc-mllt.cc:108) Average like for this file is -50.5565 over 269 frames.
LOG (gmm-acc-mllt[5.5.208~1-b0fc0]:main():gmm-acc-mllt.cc:108) Average like for this file is -48.6343 over 411 frames.
LOG (gmm-acc-mllt[5.5.208~1-b0fc0]:main():gmm-acc-mllt.cc:108) Average like for this file is -49.5687 over 377 frames.
LOG (weight-silence-post[5.5.208~1-b0fc0]:main():weight-silence-post.cc:95) Done 128 posteriors.
LOG (gmm-acc-mllt[5.5.208~1-b0fc0]:main():gmm-acc-mllt.cc:108) Average like for this file is -50.476 over 169 frames.
LOG (gmm-acc-mllt[5.5.208~1-b0fc0]:main():gmm-acc-mllt.cc:108) Average like for this file is -49.6391 over 169 frames.
LOG (gmm-acc-mllt[5.5.208~1-b0fc0]:main():gmm-acc-mllt.cc:108) Average like for this file is -46.5713 over 293 frames.
LOG (gmm-acc-mllt[5.5.208~1-b0fc0]:main():gmm-acc-mllt.cc:108) Average like for this file is -49.5396 over 295 frames.
LOG (gmm-acc-mllt[5.5.208~1-b0fc0]:main():gmm-acc-mllt.cc:108) Average like for this file is -50.0167 over 211 frames.
LOG (apply-cmvn[5.5.208~1-b0fc0]:main():apply-cmvn.cc:162) Applied cepstral mean normalization to 128 utterances, errors on 0
LOG (gmm-acc-mllt[5.5.208~1-b0fc0]:main():gmm-acc-mllt.cc:108) Average like for this file is -48.7339 over 203 frames.
LOG (gmm-acc-mllt[5.5.208~1-b0fc0]:main():gmm-acc-mllt.cc:114) Avg like per frame so far is -48.889
LOG (gmm-acc-mllt[5.5.208~1-b0fc0]:main():gmm-acc-mllt.cc:108) Average like for this file is -49.1573 over 140 frames.
LOG (gmm-acc-mllt[5.5.208~1-b0fc0]:main():gmm-acc-mllt.cc:108) Average like for this file is -47.9922 over 373 frames.
LOG (gmm-acc-mllt[5.5.208~1-b0fc0]:main():gmm-acc-mllt.cc:108) Average like for this file is -48.242 over 418 frames.
LOG (gmm-acc-mllt[5.5.208~1-b0fc0]:main():gmm-acc-mllt.cc:108) Average like for this file is -48.295 over 188 frames.
LOG (gmm-acc-mllt[5.5.208~1-b0fc0]:main():gmm-acc-mllt.cc:108) Average like for this file is -48.1851 over 329 frames.
LOG (gmm-acc-mllt[5.5.208~1-b0fc0]:main():gmm-acc-mllt.cc:108) Average like for this file is -49.4291 over 212 frames.
LOG (transform-feats[5.5.208~1-b0fc0]:main():transform-feats.cc:158) Overall average [pseudo-]logdet is -88.8066 over 38833 frames.
LOG (transform-feats[5.5.208~1-b0fc0]:main():transform-feats.cc:161) Applied transform to 128 utterances; 0 had errors.
LOG (gmm-acc-mllt[5.5.208~1-b0fc0]:main():gmm-acc-mllt.cc:108) Average like for this file is -51.1865 over 266 frames.
LOG (gmm-acc-mllt[5.5.208~1-b0fc0]:main():gmm-acc-mllt.cc:108) Average like for this file is -48.428 over 240 frames.
LOG (gmm-acc-mllt[5.5.208~1-b0fc0]:main():gmm-acc-mllt.cc:119) Done 128 files, 0 with no posteriors, 0 with other errors.
LOG (gmm-acc-mllt[5.5.208~1-b0fc0]:main():gmm-acc-mllt.cc:123) Overall avg like per frame (Gaussian only) = -48.8803 over 33994 frames.
LOG (gmm-acc-mllt[5.5.208~1-b0fc0]:main():gmm-acc-mllt.cc:127) Written accs.
# Accounting: time=1 threads=1
# Ended (code 0) at Wed Feb 27 14:22:04 +07 2019, elapsed time 1 seconds
