# ali-to-post "ark:gunzip -c exp/tri2/ali.14.gz|" ark:- | weight-silence-post 0.0 1 exp/tri2/2.mdl ark:- ark:- | gmm-acc-mllt --rand-prune=4.0 exp/tri2/2.mdl "ark,s,cs:apply-cmvn  --utt2spk=ark:data/train/split30/14/utt2spk scp:data/train/split30/14/cmvn.scp scp:data/train/split30/14/feats.scp ark:- | splice-feats --left-context=3 --right-context=3 ark:- ark:- | transform-feats exp/tri2/0.mat ark:- ark:- |" ark:- exp/tri2/2.14.macc 
# Started at Wed Feb 27 14:21:00 +07 2019
#
ali-to-post 'ark:gunzip -c exp/tri2/ali.14.gz|' ark:- 
weight-silence-post 0.0 1 exp/tri2/2.mdl ark:- ark:- 
gmm-acc-mllt --rand-prune=4.0 exp/tri2/2.mdl 'ark,s,cs:apply-cmvn  --utt2spk=ark:data/train/split30/14/utt2spk scp:data/train/split30/14/cmvn.scp scp:data/train/split30/14/feats.scp ark:- | splice-feats --left-context=3 --right-context=3 ark:- ark:- | transform-feats exp/tri2/0.mat ark:- ark:- |' ark:- exp/tri2/2.14.macc 
transform-feats exp/tri2/0.mat ark:- ark:- 
apply-cmvn --utt2spk=ark:data/train/split30/14/utt2spk scp:data/train/split30/14/cmvn.scp scp:data/train/split30/14/feats.scp ark:- 
splice-feats --left-context=3 --right-context=3 ark:- ark:- 
LOG (gmm-acc-mllt[5.5.208~1-b0fc0]:main():gmm-acc-mllt.cc:108) Average like for this file is -56.8983 over 481 frames.
LOG (gmm-acc-mllt[5.5.208~1-b0fc0]:main():gmm-acc-mllt.cc:108) Average like for this file is -54.3995 over 177 frames.
LOG (gmm-acc-mllt[5.5.208~1-b0fc0]:main():gmm-acc-mllt.cc:108) Average like for this file is -58.2518 over 423 frames.
LOG (gmm-acc-mllt[5.5.208~1-b0fc0]:main():gmm-acc-mllt.cc:108) Average like for this file is -54.6651 over 237 frames.
LOG (gmm-acc-mllt[5.5.208~1-b0fc0]:main():gmm-acc-mllt.cc:108) Average like for this file is -55.2175 over 269 frames.
LOG (gmm-acc-mllt[5.5.208~1-b0fc0]:main():gmm-acc-mllt.cc:108) Average like for this file is -53.018 over 170 frames.
LOG (gmm-acc-mllt[5.5.208~1-b0fc0]:main():gmm-acc-mllt.cc:108) Average like for this file is -53.9414 over 227 frames.
LOG (gmm-acc-mllt[5.5.208~1-b0fc0]:main():gmm-acc-mllt.cc:108) Average like for this file is -54.9898 over 201 frames.
LOG (gmm-acc-mllt[5.5.208~1-b0fc0]:main():gmm-acc-mllt.cc:108) Average like for this file is -54.9375 over 401 frames.
LOG (gmm-acc-mllt[5.5.208~1-b0fc0]:main():gmm-acc-mllt.cc:108) Average like for this file is -56.74 over 293 frames.
LOG (gmm-acc-mllt[5.5.208~1-b0fc0]:main():gmm-acc-mllt.cc:114) Avg like per frame so far is -55.7179
LOG (gmm-acc-mllt[5.5.208~1-b0fc0]:main():gmm-acc-mllt.cc:108) Average like for this file is -59.9822 over 393 frames.
LOG (gmm-acc-mllt[5.5.208~1-b0fc0]:main():gmm-acc-mllt.cc:108) Average like for this file is -59.9018 over 243 frames.
LOG (gmm-acc-mllt[5.5.208~1-b0fc0]:main():gmm-acc-mllt.cc:108) Average like for this file is -56.1958 over 244 frames.
LOG (gmm-acc-mllt[5.5.208~1-b0fc0]:main():gmm-acc-mllt.cc:108) Average like for this file is -56.8397 over 204 frames.
LOG (gmm-acc-mllt[5.5.208~1-b0fc0]:main():gmm-acc-mllt.cc:108) Average like for this file is -54.2542 over 215 frames.
LOG (gmm-acc-mllt[5.5.208~1-b0fc0]:main():gmm-acc-mllt.cc:108) Average like for this file is -59.3043 over 243 frames.
LOG (gmm-acc-mllt[5.5.208~1-b0fc0]:main():gmm-acc-mllt.cc:108) Average like for this file is -53.8055 over 210 frames.
LOG (gmm-acc-mllt[5.5.208~1-b0fc0]:main():gmm-acc-mllt.cc:108) Average like for this file is -51.414 over 181 frames.
LOG (gmm-acc-mllt[5.5.208~1-b0fc0]:main():gmm-acc-mllt.cc:108) Average like for this file is -51.7831 over 98 frames.
LOG (gmm-acc-mllt[5.5.208~1-b0fc0]:main():gmm-acc-mllt.cc:108) Average like for this file is -53.8455 over 268 frames.
LOG (gmm-acc-mllt[5.5.208~1-b0fc0]:main():gmm-acc-mllt.cc:114) Avg like per frame so far is -56.0128
LOG (gmm-acc-mllt[5.5.208~1-b0fc0]:main():gmm-acc-mllt.cc:108) Average like for this file is -49.0653 over 240 frames.
LOG (gmm-acc-mllt[5.5.208~1-b0fc0]:main():gmm-acc-mllt.cc:108) Average like for this file is -52.5446 over 324 frames.
LOG (gmm-acc-mllt[5.5.208~1-b0fc0]:main():gmm-acc-mllt.cc:108) Average like for this file is -52.644 over 283 frames.
LOG (gmm-acc-mllt[5.5.208~1-b0fc0]:main():gmm-acc-mllt.cc:108) Average like for this file is -50.8438 over 214 frames.
LOG (gmm-acc-mllt[5.5.208~1-b0fc0]:main():gmm-acc-mllt.cc:108) Average like for this file is -52.6604 over 164 frames.
LOG (gmm-acc-mllt[5.5.208~1-b0fc0]:main():gmm-acc-mllt.cc:108) Average like for this file is -53.3742 over 279 frames.
LOG (gmm-acc-mllt[5.5.208~1-b0fc0]:main():gmm-acc-mllt.cc:108) Average like for this file is -54.0206 over 248 frames.
LOG (gmm-acc-mllt[5.5.208~1-b0fc0]:main():gmm-acc-mllt.cc:108) Average like for this file is -51.0995 over 265 frames.
LOG (gmm-acc-mllt[5.5.208~1-b0fc0]:main():gmm-acc-mllt.cc:108) Average like for this file is -57.5216 over 190 frames.
LOG (gmm-acc-mllt[5.5.208~1-b0fc0]:main():gmm-acc-mllt.cc:108) Average like for this file is -52.2884 over 320 frames.
LOG (gmm-acc-mllt[5.5.208~1-b0fc0]:main():gmm-acc-mllt.cc:114) Avg like per frame so far is -54.8658
LOG (gmm-acc-mllt[5.5.208~1-b0fc0]:main():gmm-acc-mllt.cc:108) Average like for this file is -52.9401 over 306 frames.
LOG (gmm-acc-mllt[5.5.208~1-b0fc0]:main():gmm-acc-mllt.cc:108) Average like for this file is -53.2084 over 221 frames.
LOG (gmm-acc-mllt[5.5.208~1-b0fc0]:main():gmm-acc-mllt.cc:108) Average like for this file is -50.0021 over 234 frames.
LOG (gmm-acc-mllt[5.5.208~1-b0fc0]:main():gmm-acc-mllt.cc:108) Average like for this file is -51.2763 over 246 frames.
LOG (gmm-acc-mllt[5.5.208~1-b0fc0]:main():gmm-acc-mllt.cc:108) Average like for this file is -50.6932 over 481 frames.
LOG (gmm-acc-mllt[5.5.208~1-b0fc0]:main():gmm-acc-mllt.cc:108) Average like for this file is -51.9669 over 338 frames.
LOG (gmm-acc-mllt[5.5.208~1-b0fc0]:main():gmm-acc-mllt.cc:108) Average like for this file is -51.0017 over 344 frames.
LOG (gmm-acc-mllt[5.5.208~1-b0fc0]:main():gmm-acc-mllt.cc:108) Average like for this file is -49.7279 over 280 frames.
LOG (gmm-acc-mllt[5.5.208~1-b0fc0]:main():gmm-acc-mllt.cc:108) Average like for this file is -49.8904 over 280 frames.
LOG (gmm-acc-mllt[5.5.208~1-b0fc0]:main():gmm-acc-mllt.cc:108) Average like for this file is -52.2166 over 303 frames.
LOG (gmm-acc-mllt[5.5.208~1-b0fc0]:main():gmm-acc-mllt.cc:114) Avg like per frame so far is -53.8482
LOG (gmm-acc-mllt[5.5.208~1-b0fc0]:main():gmm-acc-mllt.cc:108) Average like for this file is -56.4387 over 408 frames.
LOG (gmm-acc-mllt[5.5.208~1-b0fc0]:main():gmm-acc-mllt.cc:108) Average like for this file is -58.6541 over 184 frames.
LOG (gmm-acc-mllt[5.5.208~1-b0fc0]:main():gmm-acc-mllt.cc:108) Average like for this file is -55.5887 over 248 frames.
LOG (gmm-acc-mllt[5.5.208~1-b0fc0]:main():gmm-acc-mllt.cc:108) Average like for this file is -58.3342 over 257 frames.
LOG (gmm-acc-mllt[5.5.208~1-b0fc0]:main():gmm-acc-mllt.cc:108) Average like for this file is -52.8407 over 200 frames.
LOG (gmm-acc-mllt[5.5.208~1-b0fc0]:main():gmm-acc-mllt.cc:108) Average like for this file is -57.4027 over 327 frames.
LOG (gmm-acc-mllt[5.5.208~1-b0fc0]:main():gmm-acc-mllt.cc:108) Average like for this file is -57.3211 over 242 frames.
LOG (gmm-acc-mllt[5.5.208~1-b0fc0]:main():gmm-acc-mllt.cc:108) Average like for this file is -57.63 over 347 frames.
LOG (gmm-acc-mllt[5.5.208~1-b0fc0]:main():gmm-acc-mllt.cc:108) Average like for this file is -52.9348 over 180 frames.
LOG (gmm-acc-mllt[5.5.208~1-b0fc0]:main():gmm-acc-mllt.cc:108) Average like for this file is -51.4305 over 158 frames.
LOG (gmm-acc-mllt[5.5.208~1-b0fc0]:main():gmm-acc-mllt.cc:114) Avg like per frame so far is -54.3067
LOG (gmm-acc-mllt[5.5.208~1-b0fc0]:main():gmm-acc-mllt.cc:108) Average like for this file is -53.6623 over 240 frames.
LOG (gmm-acc-mllt[5.5.208~1-b0fc0]:main():gmm-acc-mllt.cc:108) Average like for this file is -52.2826 over 297 frames.
LOG (gmm-acc-mllt[5.5.208~1-b0fc0]:main():gmm-acc-mllt.cc:108) Average like for this file is -53.0993 over 144 frames.
LOG (gmm-acc-mllt[5.5.208~1-b0fc0]:main():gmm-acc-mllt.cc:108) Average like for this file is -52.6726 over 276 frames.
LOG (gmm-acc-mllt[5.5.208~1-b0fc0]:main():gmm-acc-mllt.cc:108) Average like for this file is -53.5053 over 203 frames.
LOG (gmm-acc-mllt[5.5.208~1-b0fc0]:main():gmm-acc-mllt.cc:108) Average like for this file is -58.437 over 188 frames.
LOG (gmm-acc-mllt[5.5.208~1-b0fc0]:main():gmm-acc-mllt.cc:108) Average like for this file is -55.0743 over 330 frames.
LOG (gmm-acc-mllt[5.5.208~1-b0fc0]:main():gmm-acc-mllt.cc:108) Average like for this file is -52.1102 over 120 frames.
LOG (gmm-acc-mllt[5.5.208~1-b0fc0]:main():gmm-acc-mllt.cc:108) Average like for this file is -55.2858 over 337 frames.
LOG (gmm-acc-mllt[5.5.208~1-b0fc0]:main():gmm-acc-mllt.cc:108) Average like for this file is -52.9838 over 190 frames.
LOG (gmm-acc-mllt[5.5.208~1-b0fc0]:main():gmm-acc-mllt.cc:114) Avg like per frame so far is -54.2619
LOG (gmm-acc-mllt[5.5.208~1-b0fc0]:main():gmm-acc-mllt.cc:108) Average like for this file is -53.1196 over 323 frames.
LOG (gmm-acc-mllt[5.5.208~1-b0fc0]:main():gmm-acc-mllt.cc:108) Average like for this file is -56.1956 over 229 frames.
LOG (gmm-acc-mllt[5.5.208~1-b0fc0]:main():gmm-acc-mllt.cc:108) Average like for this file is -52.4479 over 172 frames.
LOG (gmm-acc-mllt[5.5.208~1-b0fc0]:main():gmm-acc-mllt.cc:108) Average like for this file is -54.9231 over 274 frames.
LOG (gmm-acc-mllt[5.5.208~1-b0fc0]:main():gmm-acc-mllt.cc:108) Average like for this file is -56.1781 over 178 frames.
LOG (gmm-acc-mllt[5.5.208~1-b0fc0]:main():gmm-acc-mllt.cc:108) Average like for this file is -54.9785 over 195 frames.
LOG (gmm-acc-mllt[5.5.208~1-b0fc0]:main():gmm-acc-mllt.cc:108) Average like for this file is -57.4004 over 327 frames.
LOG (gmm-acc-mllt[5.5.208~1-b0fc0]:main():gmm-acc-mllt.cc:108) Average like for this file is -54.5529 over 274 frames.
LOG (gmm-acc-mllt[5.5.208~1-b0fc0]:main():gmm-acc-mllt.cc:108) Average like for this file is -55.9529 over 181 frames.
LOG (gmm-acc-mllt[5.5.208~1-b0fc0]:main():gmm-acc-mllt.cc:108) Average like for this file is -56.7815 over 186 frames.
LOG (gmm-acc-mllt[5.5.208~1-b0fc0]:main():gmm-acc-mllt.cc:114) Avg like per frame so far is -54.3903
LOG (gmm-acc-mllt[5.5.208~1-b0fc0]:main():gmm-acc-mllt.cc:108) Average like for this file is -56.5761 over 314 frames.
LOG (gmm-acc-mllt[5.5.208~1-b0fc0]:main():gmm-acc-mllt.cc:108) Average like for this file is -55.5905 over 222 frames.
LOG (gmm-acc-mllt[5.5.208~1-b0fc0]:main():gmm-acc-mllt.cc:108) Average like for this file is -55.9412 over 413 frames.
LOG (gmm-acc-mllt[5.5.208~1-b0fc0]:main():gmm-acc-mllt.cc:108) Average like for this file is -55.0719 over 342 frames.
LOG (gmm-acc-mllt[5.5.208~1-b0fc0]:main():gmm-acc-mllt.cc:108) Average like for this file is -52.7714 over 126 frames.
LOG (gmm-acc-mllt[5.5.208~1-b0fc0]:main():gmm-acc-mllt.cc:108) Average like for this file is -54.648 over 229 frames.
LOG (gmm-acc-mllt[5.5.208~1-b0fc0]:main():gmm-acc-mllt.cc:108) Average like for this file is -54.1739 over 197 frames.
LOG (gmm-acc-mllt[5.5.208~1-b0fc0]:main():gmm-acc-mllt.cc:108) Average like for this file is -56.349 over 240 frames.
LOG (gmm-acc-mllt[5.5.208~1-b0fc0]:main():gmm-acc-mllt.cc:108) Average like for this file is -54.3487 over 296 frames.
LOG (gmm-acc-mllt[5.5.208~1-b0fc0]:main():gmm-acc-mllt.cc:108) Average like for this file is -55.9818 over 183 frames.
LOG (gmm-acc-mllt[5.5.208~1-b0fc0]:main():gmm-acc-mllt.cc:114) Avg like per frame so far is -54.5067
LOG (gmm-acc-mllt[5.5.208~1-b0fc0]:main():gmm-acc-mllt.cc:108) Average like for this file is -55.6436 over 477 frames.
LOG (gmm-acc-mllt[5.5.208~1-b0fc0]:main():gmm-acc-mllt.cc:108) Average like for this file is -52.4927 over 177 frames.
LOG (gmm-acc-mllt[5.5.208~1-b0fc0]:main():gmm-acc-mllt.cc:108) Average like for this file is -52.5717 over 440 frames.
LOG (gmm-acc-mllt[5.5.208~1-b0fc0]:main():gmm-acc-mllt.cc:108) Average like for this file is -52.0501 over 246 frames.
LOG (gmm-acc-mllt[5.5.208~1-b0fc0]:main():gmm-acc-mllt.cc:108) Average like for this file is -54.4424 over 345 frames.
LOG (gmm-acc-mllt[5.5.208~1-b0fc0]:main():gmm-acc-mllt.cc:108) Average like for this file is -51.9549 over 319 frames.
LOG (gmm-acc-mllt[5.5.208~1-b0fc0]:main():gmm-acc-mllt.cc:108) Average like for this file is -52.7327 over 254 frames.
LOG (gmm-acc-mllt[5.5.208~1-b0fc0]:main():gmm-acc-mllt.cc:108) Average like for this file is -52.7231 over 350 frames.
LOG (gmm-acc-mllt[5.5.208~1-b0fc0]:main():gmm-acc-mllt.cc:108) Average like for this file is -53.6851 over 246 frames.
LOG (ali-to-post[5.5.208~1-b0fc0]:main():ali-to-post.cc:73) Converted 120 alignments.
LOG (gmm-acc-mllt[5.5.208~1-b0fc0]:main():gmm-acc-mllt.cc:108) Average like for this file is -56.1596 over 241 frames.
LOG (gmm-acc-mllt[5.5.208~1-b0fc0]:main():gmm-acc-mllt.cc:114) Avg like per frame so far is -54.3803
LOG (gmm-acc-mllt[5.5.208~1-b0fc0]:main():gmm-acc-mllt.cc:108) Average like for this file is -55.5325 over 406 frames.
LOG (gmm-acc-mllt[5.5.208~1-b0fc0]:main():gmm-acc-mllt.cc:108) Average like for this file is -55.1604 over 206 frames.
LOG (gmm-acc-mllt[5.5.208~1-b0fc0]:main():gmm-acc-mllt.cc:108) Average like for this file is -51.2627 over 193 frames.
LOG (gmm-acc-mllt[5.5.208~1-b0fc0]:main():gmm-acc-mllt.cc:108) Average like for this file is -56.7156 over 323 frames.
LOG (gmm-acc-mllt[5.5.208~1-b0fc0]:main():gmm-acc-mllt.cc:108) Average like for this file is -56.2509 over 250 frames.
LOG (gmm-acc-mllt[5.5.208~1-b0fc0]:main():gmm-acc-mllt.cc:108) Average like for this file is -55.5467 over 285 frames.
LOG (gmm-acc-mllt[5.5.208~1-b0fc0]:main():gmm-acc-mllt.cc:108) Average like for this file is -52.7188 over 184 frames.
LOG (gmm-acc-mllt[5.5.208~1-b0fc0]:main():gmm-acc-mllt.cc:108) Average like for this file is -56.4596 over 201 frames.
LOG (gmm-acc-mllt[5.5.208~1-b0fc0]:main():gmm-acc-mllt.cc:108) Average like for this file is -58.7322 over 188 frames.
LOG (gmm-acc-mllt[5.5.208~1-b0fc0]:main():gmm-acc-mllt.cc:108) Average like for this file is -60.0683 over 184 frames.
LOG (gmm-acc-mllt[5.5.208~1-b0fc0]:main():gmm-acc-mllt.cc:114) Avg like per frame so far is -54.517
LOG (gmm-acc-mllt[5.5.208~1-b0fc0]:main():gmm-acc-mllt.cc:108) Average like for this file is -52.6257 over 160 frames.
LOG (gmm-acc-mllt[5.5.208~1-b0fc0]:main():gmm-acc-mllt.cc:108) Average like for this file is -58.0661 over 205 frames.
LOG (gmm-acc-mllt[5.5.208~1-b0fc0]:main():gmm-acc-mllt.cc:108) Average like for this file is -59.9581 over 296 frames.
LOG (gmm-acc-mllt[5.5.208~1-b0fc0]:main():gmm-acc-mllt.cc:108) Average like for this file is -60.6505 over 214 frames.
LOG (gmm-acc-mllt[5.5.208~1-b0fc0]:main():gmm-acc-mllt.cc:108) Average like for this file is -52.9318 over 197 frames.
LOG (gmm-acc-mllt[5.5.208~1-b0fc0]:main():gmm-acc-mllt.cc:108) Average like for this file is -56.1562 over 380 frames.
LOG (weight-silence-post[5.5.208~1-b0fc0]:main():weight-silence-post.cc:95) Done 120 posteriors.
LOG (gmm-acc-mllt[5.5.208~1-b0fc0]:main():gmm-acc-mllt.cc:108) Average like for this file is -56.1399 over 342 frames.
LOG (gmm-acc-mllt[5.5.208~1-b0fc0]:main():gmm-acc-mllt.cc:108) Average like for this file is -55.3702 over 220 frames.
LOG (gmm-acc-mllt[5.5.208~1-b0fc0]:main():gmm-acc-mllt.cc:108) Average like for this file is -50.0065 over 190 frames.
LOG (gmm-acc-mllt[5.5.208~1-b0fc0]:main():gmm-acc-mllt.cc:108) Average like for this file is -48.9344 over 173 frames.
LOG (gmm-acc-mllt[5.5.208~1-b0fc0]:main():gmm-acc-mllt.cc:114) Avg like per frame so far is -54.6077
LOG (gmm-acc-mllt[5.5.208~1-b0fc0]:main():gmm-acc-mllt.cc:108) Average like for this file is -54.1823 over 173 frames.
LOG (apply-cmvn[5.5.208~1-b0fc0]:main():apply-cmvn.cc:162) Applied cepstral mean normalization to 120 utterances, errors on 0
LOG (gmm-acc-mllt[5.5.208~1-b0fc0]:main():gmm-acc-mllt.cc:108) Average like for this file is -54.5648 over 167 frames.
LOG (gmm-acc-mllt[5.5.208~1-b0fc0]:main():gmm-acc-mllt.cc:108) Average like for this file is -53.0619 over 247 frames.
LOG (gmm-acc-mllt[5.5.208~1-b0fc0]:main():gmm-acc-mllt.cc:108) Average like for this file is -54.1253 over 430 frames.
LOG (gmm-acc-mllt[5.5.208~1-b0fc0]:main():gmm-acc-mllt.cc:108) Average like for this file is -52.3944 over 430 frames.
LOG (gmm-acc-mllt[5.5.208~1-b0fc0]:main():gmm-acc-mllt.cc:108) Average like for this file is -52.9742 over 216 frames.
LOG (gmm-acc-mllt[5.5.208~1-b0fc0]:main():gmm-acc-mllt.cc:108) Average like for this file is -48.4189 over 263 frames.
LOG (gmm-acc-mllt[5.5.208~1-b0fc0]:main():gmm-acc-mllt.cc:108) Average like for this file is -49.809 over 181 frames.
LOG (transform-feats[5.5.208~1-b0fc0]:main():transform-feats.cc:158) Overall average [pseudo-]logdet is -90.814 over 34637 frames.
LOG (transform-feats[5.5.208~1-b0fc0]:main():transform-feats.cc:161) Applied transform to 120 utterances; 0 had errors.
LOG (gmm-acc-mllt[5.5.208~1-b0fc0]:main():gmm-acc-mllt.cc:108) Average like for this file is -50.874 over 256 frames.
LOG (gmm-acc-mllt[5.5.208~1-b0fc0]:main():gmm-acc-mllt.cc:108) Average like for this file is -53.1678 over 308 frames.
LOG (gmm-acc-mllt[5.5.208~1-b0fc0]:main():gmm-acc-mllt.cc:114) Avg like per frame so far is -54.4189
LOG (gmm-acc-mllt[5.5.208~1-b0fc0]:main():gmm-acc-mllt.cc:119) Done 120 files, 0 with no posteriors, 0 with other errors.
LOG (gmm-acc-mllt[5.5.208~1-b0fc0]:main():gmm-acc-mllt.cc:123) Overall avg like per frame (Gaussian only) = -54.4189 over 31078 frames.
LOG (gmm-acc-mllt[5.5.208~1-b0fc0]:main():gmm-acc-mllt.cc:127) Written accs.
# Accounting: time=1 threads=1
# Ended (code 0) at Wed Feb 27 14:21:01 +07 2019, elapsed time 1 seconds
