# gmm-est --write-occs=exp/tri2/24.occs --mix-up=13500 --power=0.25 exp/tri2/23.mdl "gmm-sum-accs - exp/tri2/23.*.acc |" exp/tri2/24.mdl 
# Started at Wed Feb 27 14:23:06 +07 2019
#
gmm-est --write-occs=exp/tri2/24.occs --mix-up=13500 --power=0.25 exp/tri2/23.mdl 'gmm-sum-accs - exp/tri2/23.*.acc |' exp/tri2/24.mdl 
gmm-sum-accs - exp/tri2/23.1.acc exp/tri2/23.10.acc exp/tri2/23.11.acc exp/tri2/23.12.acc exp/tri2/23.13.acc exp/tri2/23.14.acc exp/tri2/23.15.acc exp/tri2/23.16.acc exp/tri2/23.17.acc exp/tri2/23.18.acc exp/tri2/23.19.acc exp/tri2/23.2.acc exp/tri2/23.20.acc exp/tri2/23.21.acc exp/tri2/23.22.acc exp/tri2/23.23.acc exp/tri2/23.24.acc exp/tri2/23.25.acc exp/tri2/23.26.acc exp/tri2/23.27.acc exp/tri2/23.28.acc exp/tri2/23.29.acc exp/tri2/23.3.acc exp/tri2/23.30.acc exp/tri2/23.4.acc exp/tri2/23.5.acc exp/tri2/23.6.acc exp/tri2/23.7.acc exp/tri2/23.8.acc exp/tri2/23.9.acc 
LOG (gmm-sum-accs[5.5.208~1-b0fc0]:main():gmm-sum-accs.cc:63) Summed 30 stats, total count 1.12482e+06, avg like/frame -47.9978
LOG (gmm-sum-accs[5.5.208~1-b0fc0]:main():gmm-sum-accs.cc:66) Total count of stats is 1.12482e+06
LOG (gmm-sum-accs[5.5.208~1-b0fc0]:main():gmm-sum-accs.cc:67) Written stats to -
LOG (gmm-est[5.5.208~1-b0fc0]:MleUpdate():transition-model.cc:528) TransitionModel::Update, objf change is -1.75928e-11 per frame over 1.12482e+06 frames. 
LOG (gmm-est[5.5.208~1-b0fc0]:MleUpdate():transition-model.cc:531) 46 probabilities floored, 3 out of 2091 transition-states skipped due to insuffient data (it is normal to have some skipped.)
LOG (gmm-est[5.5.208~1-b0fc0]:main():gmm-est.cc:102) Transition model update: Overall -1.75928e-11 log-like improvement per frame over 1.12482e+06 frames.
WARNING (gmm-est[5.5.208~1-b0fc0]:MleDiagGmmUpdate():mle-diag-gmm.cc:359) Too little data - removing Gaussian (weight 0.094708, occupation count 7.766034, vector size 40)
WARNING (gmm-est[5.5.208~1-b0fc0]:MleDiagGmmUpdate():mle-diag-gmm.cc:365) Gaussian has too little data but not removing it because it is the last Gaussian: i = 0, occ = 7, weight = 1
LOG (gmm-est[5.5.208~1-b0fc0]:MleAmDiagGmmUpdate():mle-am-diag-gmm.cc:225) 0 variance elements floored in 0 Gaussians, out of 12999
LOG (gmm-est[5.5.208~1-b0fc0]:MleAmDiagGmmUpdate():mle-am-diag-gmm.cc:229) Removed 1 Gaussians due to counts < --min-gaussian-occupancy=10 and --remove-low-count-gaussians=true
LOG (gmm-est[5.5.208~1-b0fc0]:main():gmm-est.cc:113) GMM update: Overall 0.0503301 objective function improvement per frame over 1.12482e+06 frames
LOG (gmm-est[5.5.208~1-b0fc0]:main():gmm-est.cc:116) GMM update: Overall avg like per frame = -47.9978 over 1.12482e+06 frames.
LOG (gmm-est[5.5.208~1-b0fc0]:SplitByCount():am-diag-gmm.cc:116) Split 2008 states with target = 13500, power = 0.25, perturb_factor = 0.01 and min_count = 20, split #Gauss from 12999 to 13500
LOG (gmm-est[5.5.208~1-b0fc0]:main():gmm-est.cc:146) Written model to exp/tri2/24.mdl
# Accounting: time=1 threads=1
# Ended (code 0) at Wed Feb 27 14:23:07 +07 2019, elapsed time 1 seconds
