# sgmm2-latgen-faster --spk-vecs=ark:exp/sgmm2_4_ali/vecs.10 --utt2spk=ark:data/train/split30/10/utt2spk "--gselect=ark,s,cs:gunzip -c exp/sgmm2_4_ali/gselect.10.gz|" --beam=18.0 --lattice-beam=10.0 --acoustic-scale=0.2 --max-mem=20000000 --max-active=5000 --word-symbol-table=data/lang/words.txt exp/sgmm2_4_ali/final.mdl exp/sgmm2_4_denlats/dengraph/HCLG.fst "ark,s,cs:apply-cmvn --utt2spk=ark:data/train/split30/10/split30utt/6/utt2spk scp:data/train/split30/10/split30utt/6/cmvn.scp scp:data/train/split30/10/split30utt/6/feats.scp ark:- | splice-feats --left-context=3 --right-context=3 ark:- ark:- | transform-feats exp/sgmm2_4_ali/final.mat ark:- ark:- | transform-feats --utt2spk=ark:data/train/split30/10/split30utt/6/utt2spk ark:exp/tri3_ali/trans.10 ark:- ark:- |" "ark:|gzip -c >exp/sgmm2_4_denlats/lat.10.6.gz" 
# Started at Wed Feb 27 15:32:47 +07 2019
#
sgmm2-latgen-faster --spk-vecs=ark:exp/sgmm2_4_ali/vecs.10 --utt2spk=ark:data/train/split30/10/utt2spk '--gselect=ark,s,cs:gunzip -c exp/sgmm2_4_ali/gselect.10.gz|' --beam=18.0 --lattice-beam=10.0 --acoustic-scale=0.2 --max-mem=20000000 --max-active=5000 --word-symbol-table=data/lang/words.txt exp/sgmm2_4_ali/final.mdl exp/sgmm2_4_denlats/dengraph/HCLG.fst 'ark,s,cs:apply-cmvn --utt2spk=ark:data/train/split30/10/split30utt/6/utt2spk scp:data/train/split30/10/split30utt/6/cmvn.scp scp:data/train/split30/10/split30utt/6/feats.scp ark:- | splice-feats --left-context=3 --right-context=3 ark:- ark:- | transform-feats exp/sgmm2_4_ali/final.mat ark:- ark:- | transform-feats --utt2spk=ark:data/train/split30/10/split30utt/6/utt2spk ark:exp/tri3_ali/trans.10 ark:- ark:- |' 'ark:|gzip -c >exp/sgmm2_4_denlats/lat.10.6.gz' 
transform-feats exp/sgmm2_4_ali/final.mat ark:- ark:- 
transform-feats --utt2spk=ark:data/train/split30/10/split30utt/6/utt2spk ark:exp/tri3_ali/trans.10 ark:- ark:- 
apply-cmvn --utt2spk=ark:data/train/split30/10/split30utt/6/utt2spk scp:data/train/split30/10/split30utt/6/cmvn.scp scp:data/train/split30/10/split30utt/6/feats.scp ark:- 
LOG (apply-cmvn[5.5.208~1-b0fc0]:main():apply-cmvn.cc:162) Applied cepstral mean normalization to 4 utterances, errors on 0
splice-feats --left-context=3 --right-context=3 ark:- ark:- 
LOG (transform-feats[5.5.208~1-b0fc0]:main():transform-feats.cc:158) Overall average [pseudo-]logdet is -88.6037 over 1044 frames.
LOG (transform-feats[5.5.208~1-b0fc0]:main():transform-feats.cc:161) Applied transform to 4 utterances; 0 had errors.
MAFM0_SX219 sil n aa n cl p r aa f ax cl ao r vcl ix n ix z ey sh ix n z eh f r iy cl k w ix cl f ah n vcl r ey z er z sil 
LOG (sgmm2-latgen-faster[5.5.208~1-b0fc0]:DecodeUtteranceLatticeFaster():decoder-wrappers.cc:289) Log-like per frame for utterance MAFM0_SX219 is -9.40856 over 284 frames.
LOG (sgmm2-latgen-faster[5.5.208~1-b0fc0]:main():sgmm2-latgen-faster.cc:209) Log-like per frame for utterance MAFM0_SX219 is -9.40856 over 284 frames.
MAFM0_SX309 sil dh ax cl p r uw f dh eh cl y uw aa r s iy cl k ix ng ix z n aa ax v ey l vcl b el ax n vcl b uh cl k s sil 
LOG (sgmm2-latgen-faster[5.5.208~1-b0fc0]:DecodeUtteranceLatticeFaster():decoder-wrappers.cc:289) Log-like per frame for utterance MAFM0_SX309 is -8.41394 over 300 frames.
LOG (sgmm2-latgen-faster[5.5.208~1-b0fc0]:main():sgmm2-latgen-faster.cc:209) Log-like per frame for utterance MAFM0_SX309 is -8.41394 over 300 frames.
LOG (transform-feats[5.5.208~1-b0fc0]:main():transform-feats.cc:158) Overall average logdet is -0.16508 over 1044 frames.
LOG (transform-feats[5.5.208~1-b0fc0]:main():transform-feats.cc:161) Applied transform to 4 utterances; 0 had errors.
MAFM0_SX39 sil b aa r vcl b z vcl g l vcl b r ey s l ix w ax z ix vcl g r ae vcl jh ix w ey sh en cl p r eh z ax n cl sil 
LOG (sgmm2-latgen-faster[5.5.208~1-b0fc0]:DecodeUtteranceLatticeFaster():decoder-wrappers.cc:289) Log-like per frame for utterance MAFM0_SX39 is -9.83532 over 237 frames.
LOG (sgmm2-latgen-faster[5.5.208~1-b0fc0]:main():sgmm2-latgen-faster.cc:209) Log-like per frame for utterance MAFM0_SX39 is -9.83532 over 237 frames.
MAFM0_SX399 sil dh ey ix s uw m n ow vcl b er vcl g l er w ax l eh v er eh n cl t er hh ih er sil 
LOG (sgmm2-latgen-faster[5.5.208~1-b0fc0]:DecodeUtteranceLatticeFaster():decoder-wrappers.cc:289) Log-like per frame for utterance MAFM0_SX399 is -9.02078 over 223 frames.
LOG (sgmm2-latgen-faster[5.5.208~1-b0fc0]:main():sgmm2-latgen-faster.cc:209) Log-like per frame for utterance MAFM0_SX399 is -9.02078 over 223 frames.
LOG (sgmm2-latgen-faster[5.5.208~1-b0fc0]:main():sgmm2-latgen-faster.cc:252) Time taken [excluding initialization] 11.8751s: real-time factor assuming 100 frames/sec is 1.13746
LOG (sgmm2-latgen-faster[5.5.208~1-b0fc0]:main():sgmm2-latgen-faster.cc:255) Done 4 utterances, failed for 0
LOG (sgmm2-latgen-faster[5.5.208~1-b0fc0]:main():sgmm2-latgen-faster.cc:257) Overall log-likelihood per frame = -9.1368 over 1044 frames.
WARNING (sgmm2-latgen-faster[5.5.208~1-b0fc0]:Close():kaldi-io.cc:515) Pipe gunzip -c exp/sgmm2_4_ali/gselect.10.gz| had nonzero return status 36096
# Accounting: time=13 threads=1
# Ended (code 0) at Wed Feb 27 15:33:00 +07 2019, elapsed time 13 seconds
