# sgmm2-latgen-faster --spk-vecs=ark:exp/sgmm2_4_ali/vecs.10 --utt2spk=ark:data/train/split30/10/utt2spk "--gselect=ark,s,cs:gunzip -c exp/sgmm2_4_ali/gselect.10.gz|" --beam=18.0 --lattice-beam=10.0 --acoustic-scale=0.2 --max-mem=20000000 --max-active=5000 --word-symbol-table=data/lang/words.txt exp/sgmm2_4_ali/final.mdl exp/sgmm2_4_denlats/dengraph/HCLG.fst "ark,s,cs:apply-cmvn --utt2spk=ark:data/train/split30/10/split30utt/10/utt2spk scp:data/train/split30/10/split30utt/10/cmvn.scp scp:data/train/split30/10/split30utt/10/feats.scp ark:- | splice-feats --left-context=3 --right-context=3 ark:- ark:- | transform-feats exp/sgmm2_4_ali/final.mat ark:- ark:- | transform-feats --utt2spk=ark:data/train/split30/10/split30utt/10/utt2spk ark:exp/tri3_ali/trans.10 ark:- ark:- |" "ark:|gzip -c >exp/sgmm2_4_denlats/lat.10.10.gz" 
# Started at Wed Feb 27 15:33:00 +07 2019
#
sgmm2-latgen-faster --spk-vecs=ark:exp/sgmm2_4_ali/vecs.10 --utt2spk=ark:data/train/split30/10/utt2spk '--gselect=ark,s,cs:gunzip -c exp/sgmm2_4_ali/gselect.10.gz|' --beam=18.0 --lattice-beam=10.0 --acoustic-scale=0.2 --max-mem=20000000 --max-active=5000 --word-symbol-table=data/lang/words.txt exp/sgmm2_4_ali/final.mdl exp/sgmm2_4_denlats/dengraph/HCLG.fst 'ark,s,cs:apply-cmvn --utt2spk=ark:data/train/split30/10/split30utt/10/utt2spk scp:data/train/split30/10/split30utt/10/cmvn.scp scp:data/train/split30/10/split30utt/10/feats.scp ark:- | splice-feats --left-context=3 --right-context=3 ark:- ark:- | transform-feats exp/sgmm2_4_ali/final.mat ark:- ark:- | transform-feats --utt2spk=ark:data/train/split30/10/split30utt/10/utt2spk ark:exp/tri3_ali/trans.10 ark:- ark:- |' 'ark:|gzip -c >exp/sgmm2_4_denlats/lat.10.10.gz' 
transform-feats exp/sgmm2_4_ali/final.mat ark:- ark:- 
apply-cmvn --utt2spk=ark:data/train/split30/10/split30utt/10/utt2spk scp:data/train/split30/10/split30utt/10/cmvn.scp scp:data/train/split30/10/split30utt/10/feats.scp ark:- 
LOG (apply-cmvn[5.5.208~1-b0fc0]:main():apply-cmvn.cc:162) Applied cepstral mean normalization to 4 utterances, errors on 0
splice-feats --left-context=3 --right-context=3 ark:- ark:- 
transform-feats --utt2spk=ark:data/train/split30/10/split30utt/10/utt2spk ark:exp/tri3_ali/trans.10 ark:- ark:- 
LOG (transform-feats[5.5.208~1-b0fc0]:main():transform-feats.cc:158) Overall average [pseudo-]logdet is -88.6037 over 1036 frames.
LOG (transform-feats[5.5.208~1-b0fc0]:main():transform-feats.cc:161) Applied transform to 4 utterances; 0 had errors.
MAKB0_SX206 sil w ih n cl p iy l ih ng ix n ao r n jh ih dx ih z hh aa r vcl n aa cl t ax s cl p r ey vcl jh uw s sil 
LOG (sgmm2-latgen-faster[5.5.208~1-b0fc0]:DecodeUtteranceLatticeFaster():decoder-wrappers.cc:289) Log-like per frame for utterance MAKB0_SX206 is -9.02286 over 282 frames.
LOG (sgmm2-latgen-faster[5.5.208~1-b0fc0]:main():sgmm2-latgen-faster.cc:209) Log-like per frame for utterance MAKB0_SX206 is -9.02286 over 282 frames.
MAKB0_SX26 sil m ow s cl t y ah ng r ay z er l iy eh v r ix m ao r n ix ng sil 
LOG (sgmm2-latgen-faster[5.5.208~1-b0fc0]:DecodeUtteranceLatticeFaster():decoder-wrappers.cc:289) Log-like per frame for utterance MAKB0_SX26 is -7.48638 over 249 frames.
LOG (sgmm2-latgen-faster[5.5.208~1-b0fc0]:main():sgmm2-latgen-faster.cc:209) Log-like per frame for utterance MAKB0_SX26 is -7.48638 over 249 frames.
LOG (transform-feats[5.5.208~1-b0fc0]:main():transform-feats.cc:158) Overall average logdet is 0.983966 over 1036 frames.
LOG (transform-feats[5.5.208~1-b0fc0]:main():transform-feats.cc:161) Applied transform to 4 utterances; 0 had errors.
MAKB0_SX296 sil dh ix cl t uw aa r dx ih s ix cl k s cl ch ey n jh vcl d ax hh aa dx er cl k r ae f s sil 
LOG (sgmm2-latgen-faster[5.5.208~1-b0fc0]:DecodeUtteranceLatticeFaster():decoder-wrappers.cc:289) Log-like per frame for utterance MAKB0_SX296 is -9.63223 over 260 frames.
LOG (sgmm2-latgen-faster[5.5.208~1-b0fc0]:main():sgmm2-latgen-faster.cc:209) Log-like per frame for utterance MAKB0_SX296 is -9.63223 over 260 frames.
MAKB0_SX386 sil w ih cl ch cl ch er cl ch vcl d uw dh ix s epi m ih s epi w er sh ix cl p ih n sil 
LOG (sgmm2-latgen-faster[5.5.208~1-b0fc0]:DecodeUtteranceLatticeFaster():decoder-wrappers.cc:289) Log-like per frame for utterance MAKB0_SX386 is -8.92326 over 245 frames.
LOG (sgmm2-latgen-faster[5.5.208~1-b0fc0]:main():sgmm2-latgen-faster.cc:209) Log-like per frame for utterance MAKB0_SX386 is -8.92326 over 245 frames.
LOG (sgmm2-latgen-faster[5.5.208~1-b0fc0]:main():sgmm2-latgen-faster.cc:252) Time taken [excluding initialization] 10.4999s: real-time factor assuming 100 frames/sec is 1.01351
LOG (sgmm2-latgen-faster[5.5.208~1-b0fc0]:main():sgmm2-latgen-faster.cc:255) Done 4 utterances, failed for 0
LOG (sgmm2-latgen-faster[5.5.208~1-b0fc0]:main():sgmm2-latgen-faster.cc:257) Overall log-likelihood per frame = -8.78295 over 1036 frames.
WARNING (sgmm2-latgen-faster[5.5.208~1-b0fc0]:Close():kaldi-io.cc:515) Pipe gunzip -c exp/sgmm2_4_ali/gselect.10.gz| had nonzero return status 36096
# Accounting: time=11 threads=1
# Ended (code 0) at Wed Feb 27 15:33:11 +07 2019, elapsed time 11 seconds
