# sgmm2-latgen-faster --spk-vecs=ark:exp/sgmm2_4_ali/vecs.10 --utt2spk=ark:data/train/split30/10/utt2spk "--gselect=ark,s,cs:gunzip -c exp/sgmm2_4_ali/gselect.10.gz|" --beam=18.0 --lattice-beam=10.0 --acoustic-scale=0.2 --max-mem=20000000 --max-active=5000 --word-symbol-table=data/lang/words.txt exp/sgmm2_4_ali/final.mdl exp/sgmm2_4_denlats/dengraph/HCLG.fst "ark,s,cs:apply-cmvn --utt2spk=ark:data/train/split30/10/split30utt/1/utt2spk scp:data/train/split30/10/split30utt/1/cmvn.scp scp:data/train/split30/10/split30utt/1/feats.scp ark:- | splice-feats --left-context=3 --right-context=3 ark:- ark:- | transform-feats exp/sgmm2_4_ali/final.mat ark:- ark:- | transform-feats --utt2spk=ark:data/train/split30/10/split30utt/1/utt2spk ark:exp/tri3_ali/trans.10 ark:- ark:- |" "ark:|gzip -c >exp/sgmm2_4_denlats/lat.10.1.gz" 
# Started at Wed Feb 27 15:32:32 +07 2019
#
sgmm2-latgen-faster --spk-vecs=ark:exp/sgmm2_4_ali/vecs.10 --utt2spk=ark:data/train/split30/10/utt2spk '--gselect=ark,s,cs:gunzip -c exp/sgmm2_4_ali/gselect.10.gz|' --beam=18.0 --lattice-beam=10.0 --acoustic-scale=0.2 --max-mem=20000000 --max-active=5000 --word-symbol-table=data/lang/words.txt exp/sgmm2_4_ali/final.mdl exp/sgmm2_4_denlats/dengraph/HCLG.fst 'ark,s,cs:apply-cmvn --utt2spk=ark:data/train/split30/10/split30utt/1/utt2spk scp:data/train/split30/10/split30utt/1/cmvn.scp scp:data/train/split30/10/split30utt/1/feats.scp ark:- | splice-feats --left-context=3 --right-context=3 ark:- ark:- | transform-feats exp/sgmm2_4_ali/final.mat ark:- ark:- | transform-feats --utt2spk=ark:data/train/split30/10/split30utt/1/utt2spk ark:exp/tri3_ali/trans.10 ark:- ark:- |' 'ark:|gzip -c >exp/sgmm2_4_denlats/lat.10.1.gz' 
transform-feats --utt2spk=ark:data/train/split30/10/split30utt/1/utt2spk ark:exp/tri3_ali/trans.10 ark:- ark:- 
transform-feats exp/sgmm2_4_ali/final.mat ark:- ark:- 
apply-cmvn --utt2spk=ark:data/train/split30/10/split30utt/1/utt2spk scp:data/train/split30/10/split30utt/1/cmvn.scp scp:data/train/split30/10/split30utt/1/feats.scp ark:- 
LOG (apply-cmvn[5.5.208~1-b0fc0]:main():apply-cmvn.cc:162) Applied cepstral mean normalization to 4 utterances, errors on 0
splice-feats --left-context=3 --right-context=3 ark:- ark:- 
LOG (transform-feats[5.5.208~1-b0fc0]:main():transform-feats.cc:158) Overall average [pseudo-]logdet is -88.6037 over 1261 frames.
LOG (transform-feats[5.5.208~1-b0fc0]:main():transform-feats.cc:161) Applied transform to 4 utterances; 0 had errors.
MAEB0_SI1411 sil r ix z aa l v dh eh dh iy ae n ix s l ey v r iy s ih n ax m ah n ix z vcl b iy cl k ah m ix ng r aa cl p er r eh z ax l uw dx ae cl sh en sil 
LOG (sgmm2-latgen-faster[5.5.208~1-b0fc0]:DecodeUtteranceLatticeFaster():decoder-wrappers.cc:289) Log-like per frame for utterance MAEB0_SI1411 is -8.63161 over 408 frames.
LOG (sgmm2-latgen-faster[5.5.208~1-b0fc0]:main():sgmm2-latgen-faster.cc:209) Log-like per frame for utterance MAEB0_SI1411 is -8.63161 over 408 frames.
MAEB0_SI2250 sil ao l y er w ih sh f el th ih ng cl k ix ng w ow n cl ch ey n jh dh ey eh cl t sil 
LOG (sgmm2-latgen-faster[5.5.208~1-b0fc0]:DecodeUtteranceLatticeFaster():decoder-wrappers.cc:289) Log-like per frame for utterance MAEB0_SI2250 is -9.42657 over 253 frames.
LOG (sgmm2-latgen-faster[5.5.208~1-b0fc0]:main():sgmm2-latgen-faster.cc:209) Log-like per frame for utterance MAEB0_SI2250 is -9.42657 over 253 frames.
LOG (transform-feats[5.5.208~1-b0fc0]:main():transform-feats.cc:158) Overall average logdet is 1.94116 over 1261 frames.
LOG (transform-feats[5.5.208~1-b0fc0]:main():transform-feats.cc:161) Applied transform to 4 utterances; 0 had errors.
MAEB0_SI990 sil ae n vcl dh iy z hh aa r dx iy cl t r ae l er z aa r n aa dx ah n ax cl p r iy sh iy ey dx ix vcl t ax vcl d ey sil 
LOG (sgmm2-latgen-faster[5.5.208~1-b0fc0]:DecodeUtteranceLatticeFaster():decoder-wrappers.cc:289) Log-like per frame for utterance MAEB0_SI990 is -9.29866 over 326 frames.
LOG (sgmm2-latgen-faster[5.5.208~1-b0fc0]:main():sgmm2-latgen-faster.cc:209) Log-like per frame for utterance MAEB0_SI990 is -9.29866 over 326 frames.
MAEB0_SX180 sil ao l m ow s cl t ao l cl k ao l ih vcl jh ix z aa r n ae cl k ow eh vcl jh ax cl k ey sh epi n el sil 
LOG (sgmm2-latgen-faster[5.5.208~1-b0fc0]:DecodeUtteranceLatticeFaster():decoder-wrappers.cc:289) Log-like per frame for utterance MAEB0_SX180 is -9.43738 over 274 frames.
LOG (sgmm2-latgen-faster[5.5.208~1-b0fc0]:main():sgmm2-latgen-faster.cc:209) Log-like per frame for utterance MAEB0_SX180 is -9.43738 over 274 frames.
LOG (sgmm2-latgen-faster[5.5.208~1-b0fc0]:main():sgmm2-latgen-faster.cc:252) Time taken [excluding initialization] 16.275s: real-time factor assuming 100 frames/sec is 1.29064
LOG (sgmm2-latgen-faster[5.5.208~1-b0fc0]:main():sgmm2-latgen-faster.cc:255) Done 4 utterances, failed for 0
LOG (sgmm2-latgen-faster[5.5.208~1-b0fc0]:main():sgmm2-latgen-faster.cc:257) Overall log-likelihood per frame = -9.13864 over 1261 frames.
WARNING (sgmm2-latgen-faster[5.5.208~1-b0fc0]:Close():kaldi-io.cc:515) Pipe gunzip -c exp/sgmm2_4_ali/gselect.10.gz| had nonzero return status 36096
# Accounting: time=17 threads=1
# Ended (code 0) at Wed Feb 27 15:32:49 +07 2019, elapsed time 17 seconds
