# sgmm2-latgen-faster --spk-vecs=ark:exp/sgmm2_4_ali/vecs.10 --utt2spk=ark:data/train/split30/10/utt2spk "--gselect=ark,s,cs:gunzip -c exp/sgmm2_4_ali/gselect.10.gz|" --beam=18.0 --lattice-beam=10.0 --acoustic-scale=0.2 --max-mem=20000000 --max-active=5000 --word-symbol-table=data/lang/words.txt exp/sgmm2_4_ali/final.mdl exp/sgmm2_4_denlats/dengraph/HCLG.fst "ark,s,cs:apply-cmvn --utt2spk=ark:data/train/split30/10/split30utt/24/utt2spk scp:data/train/split30/10/split30utt/24/cmvn.scp scp:data/train/split30/10/split30utt/24/feats.scp ark:- | splice-feats --left-context=3 --right-context=3 ark:- ark:- | transform-feats exp/sgmm2_4_ali/final.mat ark:- ark:- | transform-feats --utt2spk=ark:data/train/split30/10/split30utt/24/utt2spk ark:exp/tri3_ali/trans.10 ark:- ark:- |" "ark:|gzip -c >exp/sgmm2_4_denlats/lat.10.24.gz" 
# Started at Wed Feb 27 15:33:47 +07 2019
#
sgmm2-latgen-faster --spk-vecs=ark:exp/sgmm2_4_ali/vecs.10 --utt2spk=ark:data/train/split30/10/utt2spk '--gselect=ark,s,cs:gunzip -c exp/sgmm2_4_ali/gselect.10.gz|' --beam=18.0 --lattice-beam=10.0 --acoustic-scale=0.2 --max-mem=20000000 --max-active=5000 --word-symbol-table=data/lang/words.txt exp/sgmm2_4_ali/final.mdl exp/sgmm2_4_denlats/dengraph/HCLG.fst 'ark,s,cs:apply-cmvn --utt2spk=ark:data/train/split30/10/split30utt/24/utt2spk scp:data/train/split30/10/split30utt/24/cmvn.scp scp:data/train/split30/10/split30utt/24/feats.scp ark:- | splice-feats --left-context=3 --right-context=3 ark:- ark:- | transform-feats exp/sgmm2_4_ali/final.mat ark:- ark:- | transform-feats --utt2spk=ark:data/train/split30/10/split30utt/24/utt2spk ark:exp/tri3_ali/trans.10 ark:- ark:- |' 'ark:|gzip -c >exp/sgmm2_4_denlats/lat.10.24.gz' 
splice-feats --left-context=3 --right-context=3 ark:- ark:- 
transform-feats exp/sgmm2_4_ali/final.mat ark:- ark:- 
transform-feats --utt2spk=ark:data/train/split30/10/split30utt/24/utt2spk ark:exp/tri3_ali/trans.10 ark:- ark:- 
apply-cmvn --utt2spk=ark:data/train/split30/10/split30utt/24/utt2spk scp:data/train/split30/10/split30utt/24/cmvn.scp scp:data/train/split30/10/split30utt/24/feats.scp ark:- 
LOG (apply-cmvn[5.5.208~1-b0fc0]:main():apply-cmvn.cc:162) Applied cepstral mean normalization to 4 utterances, errors on 0
MBCG0_SX237 sil dh ix cl k ao iy er w ah z ax vcl d ax w ao r f sil 
LOG (sgmm2-latgen-faster[5.5.208~1-b0fc0]:DecodeUtteranceLatticeFaster():decoder-wrappers.cc:289) Log-like per frame for utterance MBCG0_SX237 is -7.87322 over 166 frames.
LOG (sgmm2-latgen-faster[5.5.208~1-b0fc0]:main():sgmm2-latgen-faster.cc:209) Log-like per frame for utterance MBCG0_SX237 is -7.87322 over 166 frames.
LOG (transform-feats[5.5.208~1-b0fc0]:main():transform-feats.cc:158) Overall average [pseudo-]logdet is -88.6037 over 1125 frames.
LOG (transform-feats[5.5.208~1-b0fc0]:main():transform-feats.cc:161) Applied transform to 4 utterances; 0 had errors.
MBCG0_SX327 sil ae r iy s iy vcl d ix vcl jh oy n cl t ix cl p oy n m ix n cl ih n dh ax vcl b ay ax l ax vcl jh iy ih n dh iy ih n vcl jh ix n ih r ix n vcl ix cl p aa r m en cl t s sil 
LOG (sgmm2-latgen-faster[5.5.208~1-b0fc0]:DecodeUtteranceLatticeFaster():decoder-wrappers.cc:289) Log-like per frame for utterance MBCG0_SX327 is -9.17299 over 435 frames.
LOG (sgmm2-latgen-faster[5.5.208~1-b0fc0]:main():sgmm2-latgen-faster.cc:209) Log-like per frame for utterance MBCG0_SX327 is -9.17299 over 435 frames.
LOG (transform-feats[5.5.208~1-b0fc0]:main():transform-feats.cc:158) Overall average logdet is 4.94193 over 1125 frames.
LOG (transform-feats[5.5.208~1-b0fc0]:main():transform-feats.cc:161) Applied transform to 4 utterances; 0 had errors.
MBCG0_SX417 sil v ae l ih l aa vcl jh y l iy s eh l ax vcl b r ey cl s ax f er s cl k ae f vcl b ao r n sil 
LOG (sgmm2-latgen-faster[5.5.208~1-b0fc0]:DecodeUtteranceLatticeFaster():decoder-wrappers.cc:289) Log-like per frame for utterance MBCG0_SX417 is -8.79493 over 271 frames.
LOG (sgmm2-latgen-faster[5.5.208~1-b0fc0]:main():sgmm2-latgen-faster.cc:209) Log-like per frame for utterance MBCG0_SX417 is -8.79493 over 271 frames.
MBCG0_SX57 sil dh ax cl p r aw l er w ao r s cl k iy m ae s f ao r vcl d ix s vcl g ay z sil 
LOG (sgmm2-latgen-faster[5.5.208~1-b0fc0]:DecodeUtteranceLatticeFaster():decoder-wrappers.cc:289) Log-like per frame for utterance MBCG0_SX57 is -8.47995 over 253 frames.
LOG (sgmm2-latgen-faster[5.5.208~1-b0fc0]:main():sgmm2-latgen-faster.cc:209) Log-like per frame for utterance MBCG0_SX57 is -8.47995 over 253 frames.
LOG (sgmm2-latgen-faster[5.5.208~1-b0fc0]:main():sgmm2-latgen-faster.cc:252) Time taken [excluding initialization] 10.5762s: real-time factor assuming 100 frames/sec is 0.940108
LOG (sgmm2-latgen-faster[5.5.208~1-b0fc0]:main():sgmm2-latgen-faster.cc:255) Done 4 utterances, failed for 0
LOG (sgmm2-latgen-faster[5.5.208~1-b0fc0]:main():sgmm2-latgen-faster.cc:257) Overall log-likelihood per frame = -8.73427 over 1125 frames.
WARNING (sgmm2-latgen-faster[5.5.208~1-b0fc0]:Close():kaldi-io.cc:515) Pipe gunzip -c exp/sgmm2_4_ali/gselect.10.gz| had nonzero return status 36096
# Accounting: time=12 threads=1
# Ended (code 0) at Wed Feb 27 15:33:59 +07 2019, elapsed time 12 seconds
