# sgmm2-latgen-faster --spk-vecs=ark:exp/sgmm2_4_ali/vecs.1 --utt2spk=ark:data/train/split30/1/utt2spk "--gselect=ark,s,cs:gunzip -c exp/sgmm2_4_ali/gselect.1.gz|" --beam=18.0 --lattice-beam=10.0 --acoustic-scale=0.2 --max-mem=20000000 --max-active=5000 --word-symbol-table=data/lang/words.txt exp/sgmm2_4_ali/final.mdl exp/sgmm2_4_denlats/dengraph/HCLG.fst "ark,s,cs:apply-cmvn --utt2spk=ark:data/train/split30/1/split30utt/23/utt2spk scp:data/train/split30/1/split30utt/23/cmvn.scp scp:data/train/split30/1/split30utt/23/feats.scp ark:- | splice-feats --left-context=3 --right-context=3 ark:- ark:- | transform-feats exp/sgmm2_4_ali/final.mat ark:- ark:- | transform-feats --utt2spk=ark:data/train/split30/1/split30utt/23/utt2spk ark:exp/tri3_ali/trans.1 ark:- ark:- |" "ark:|gzip -c >exp/sgmm2_4_denlats/lat.1.23.gz" 
# Started at Wed Feb 27 15:25:43 +07 2019
#
sgmm2-latgen-faster --spk-vecs=ark:exp/sgmm2_4_ali/vecs.1 --utt2spk=ark:data/train/split30/1/utt2spk '--gselect=ark,s,cs:gunzip -c exp/sgmm2_4_ali/gselect.1.gz|' --beam=18.0 --lattice-beam=10.0 --acoustic-scale=0.2 --max-mem=20000000 --max-active=5000 --word-symbol-table=data/lang/words.txt exp/sgmm2_4_ali/final.mdl exp/sgmm2_4_denlats/dengraph/HCLG.fst 'ark,s,cs:apply-cmvn --utt2spk=ark:data/train/split30/1/split30utt/23/utt2spk scp:data/train/split30/1/split30utt/23/cmvn.scp scp:data/train/split30/1/split30utt/23/feats.scp ark:- | splice-feats --left-context=3 --right-context=3 ark:- ark:- | transform-feats exp/sgmm2_4_ali/final.mat ark:- ark:- | transform-feats --utt2spk=ark:data/train/split30/1/split30utt/23/utt2spk ark:exp/tri3_ali/trans.1 ark:- ark:- |' 'ark:|gzip -c >exp/sgmm2_4_denlats/lat.1.23.gz' 
apply-cmvn --utt2spk=ark:data/train/split30/1/split30utt/23/utt2spk scp:data/train/split30/1/split30utt/23/cmvn.scp scp:data/train/split30/1/split30utt/23/feats.scp ark:- 
splice-feats --left-context=3 --right-context=3 ark:- ark:- 
transform-feats exp/sgmm2_4_ali/final.mat ark:- ark:- 
transform-feats --utt2spk=ark:data/train/split30/1/split30utt/23/utt2spk ark:exp/tri3_ali/trans.1 ark:- ark:- 
LOG (apply-cmvn[5.5.208~1-b0fc0]:main():apply-cmvn.cc:162) Applied cepstral mean normalization to 4 utterances, errors on 0
LOG (transform-feats[5.5.208~1-b0fc0]:main():transform-feats.cc:158) Overall average [pseudo-]logdet is -88.6037 over 903 frames.
LOG (transform-feats[5.5.208~1-b0fc0]:main():transform-feats.cc:161) Applied transform to 4 utterances; 0 had errors.
FCAG0_SI1503 sil b aa dh ax l uh cl k ah v ih m hh ix w ah z ix n cl dh ae cl f aa r vcl g ao n sil 
LOG (sgmm2-latgen-faster[5.5.208~1-b0fc0]:DecodeUtteranceLatticeFaster():decoder-wrappers.cc:289) Log-like per frame for utterance FCAG0_SI1503 is -8.41184 over 227 frames.
LOG (sgmm2-latgen-faster[5.5.208~1-b0fc0]:main():sgmm2-latgen-faster.cc:209) Log-like per frame for utterance FCAG0_SI1503 is -8.41184 over 227 frames.
FCAG0_SI1641 sil w er y uw ix n l ah v w ax th ae cl g er el sil 
LOG (sgmm2-latgen-faster[5.5.208~1-b0fc0]:DecodeUtteranceLatticeFaster():decoder-wrappers.cc:289) Log-like per frame for utterance FCAG0_SI1641 is -9.46514 over 147 frames.
LOG (sgmm2-latgen-faster[5.5.208~1-b0fc0]:main():sgmm2-latgen-faster.cc:209) Log-like per frame for utterance FCAG0_SI1641 is -9.46514 over 147 frames.
LOG (transform-feats[5.5.208~1-b0fc0]:main():transform-feats.cc:158) Overall average logdet is 2.49939 over 903 frames.
LOG (transform-feats[5.5.208~1-b0fc0]:main():transform-feats.cc:161) Applied transform to 4 utterances; 0 had errors.
FCAG0_SI2133 sil hh ih r dh eh dx ih vcl n aa cl n iy vcl d ix vcl b iy ng vcl g eh dx ow z sil 
LOG (sgmm2-latgen-faster[5.5.208~1-b0fc0]:DecodeUtteranceLatticeFaster():decoder-wrappers.cc:289) Log-like per frame for utterance FCAG0_SI2133 is -8.32826 over 207 frames.
LOG (sgmm2-latgen-faster[5.5.208~1-b0fc0]:main():sgmm2-latgen-faster.cc:209) Log-like per frame for utterance FCAG0_SI2133 is -8.32826 over 207 frames.
FCAG0_SX153 sil s cl k ax l ae s cl t ix cl k ae cl t ix cl t uw dx ix z vcl jh ah vcl jh vcl b ay s cl t ae n er dx ay z vcl t eh s sil 
LOG (sgmm2-latgen-faster[5.5.208~1-b0fc0]:DecodeUtteranceLatticeFaster():decoder-wrappers.cc:289) Log-like per frame for utterance FCAG0_SX153 is -9.15476 over 322 frames.
LOG (sgmm2-latgen-faster[5.5.208~1-b0fc0]:main():sgmm2-latgen-faster.cc:209) Log-like per frame for utterance FCAG0_SX153 is -9.15476 over 322 frames.
LOG (sgmm2-latgen-faster[5.5.208~1-b0fc0]:main():sgmm2-latgen-faster.cc:252) Time taken [excluding initialization] 10.5597s: real-time factor assuming 100 frames/sec is 1.16941
LOG (sgmm2-latgen-faster[5.5.208~1-b0fc0]:main():sgmm2-latgen-faster.cc:255) Done 4 utterances, failed for 0
LOG (sgmm2-latgen-faster[5.5.208~1-b0fc0]:main():sgmm2-latgen-faster.cc:257) Overall log-likelihood per frame = -8.82906 over 903 frames.
WARNING (sgmm2-latgen-faster[5.5.208~1-b0fc0]:Close():kaldi-io.cc:515) Pipe gunzip -c exp/sgmm2_4_ali/gselect.1.gz| had nonzero return status 36096
# Accounting: time=11 threads=1
# Ended (code 0) at Wed Feb 27 15:25:54 +07 2019, elapsed time 11 seconds
