# sgmm2-latgen-faster --spk-vecs=ark:exp/sgmm2_4_ali/vecs.1 --utt2spk=ark:data/train/split30/1/utt2spk "--gselect=ark,s,cs:gunzip -c exp/sgmm2_4_ali/gselect.1.gz|" --beam=18.0 --lattice-beam=10.0 --acoustic-scale=0.2 --max-mem=20000000 --max-active=5000 --word-symbol-table=data/lang/words.txt exp/sgmm2_4_ali/final.mdl exp/sgmm2_4_denlats/dengraph/HCLG.fst "ark,s,cs:apply-cmvn --utt2spk=ark:data/train/split30/1/split30utt/30/utt2spk scp:data/train/split30/1/split30utt/30/cmvn.scp scp:data/train/split30/1/split30utt/30/feats.scp ark:- | splice-feats --left-context=3 --right-context=3 ark:- ark:- | transform-feats exp/sgmm2_4_ali/final.mat ark:- ark:- | transform-feats --utt2spk=ark:data/train/split30/1/split30utt/30/utt2spk ark:exp/tri3_ali/trans.1 ark:- ark:- |" "ark:|gzip -c >exp/sgmm2_4_denlats/lat.1.30.gz" 
# Started at Wed Feb 27 15:26:10 +07 2019
#
sgmm2-latgen-faster --spk-vecs=ark:exp/sgmm2_4_ali/vecs.1 --utt2spk=ark:data/train/split30/1/utt2spk '--gselect=ark,s,cs:gunzip -c exp/sgmm2_4_ali/gselect.1.gz|' --beam=18.0 --lattice-beam=10.0 --acoustic-scale=0.2 --max-mem=20000000 --max-active=5000 --word-symbol-table=data/lang/words.txt exp/sgmm2_4_ali/final.mdl exp/sgmm2_4_denlats/dengraph/HCLG.fst 'ark,s,cs:apply-cmvn --utt2spk=ark:data/train/split30/1/split30utt/30/utt2spk scp:data/train/split30/1/split30utt/30/cmvn.scp scp:data/train/split30/1/split30utt/30/feats.scp ark:- | splice-feats --left-context=3 --right-context=3 ark:- ark:- | transform-feats exp/sgmm2_4_ali/final.mat ark:- ark:- | transform-feats --utt2spk=ark:data/train/split30/1/split30utt/30/utt2spk ark:exp/tri3_ali/trans.1 ark:- ark:- |' 'ark:|gzip -c >exp/sgmm2_4_denlats/lat.1.30.gz' 
transform-feats exp/sgmm2_4_ali/final.mat ark:- ark:- 
splice-feats --left-context=3 --right-context=3 ark:- ark:- 
apply-cmvn --utt2spk=ark:data/train/split30/1/split30utt/30/utt2spk scp:data/train/split30/1/split30utt/30/cmvn.scp scp:data/train/split30/1/split30utt/30/feats.scp ark:- 
LOG (apply-cmvn[5.5.208~1-b0fc0]:main():apply-cmvn.cc:162) Applied cepstral mean normalization to 4 utterances, errors on 0
transform-feats --utt2spk=ark:data/train/split30/1/split30utt/30/utt2spk ark:exp/tri3_ali/trans.1 ark:- ark:- 
LOG (transform-feats[5.5.208~1-b0fc0]:main():transform-feats.cc:158) Overall average [pseudo-]logdet is -88.6037 over 1110 frames.
LOG (transform-feats[5.5.208~1-b0fc0]:main():transform-feats.cc:161) Applied transform to 4 utterances; 0 had errors.
FCEG0_SX258 sil dh iy eh s ey ah n vcl d en ay ax vcl b l iy r iy f l eh cl k s aa r v y uw ey vcl b l iy sil 
LOG (sgmm2-latgen-faster[5.5.208~1-b0fc0]:DecodeUtteranceLatticeFaster():decoder-wrappers.cc:289) Log-like per frame for utterance FCEG0_SX258 is -9.17856 over 256 frames.
LOG (sgmm2-latgen-faster[5.5.208~1-b0fc0]:main():sgmm2-latgen-faster.cc:209) Log-like per frame for utterance FCEG0_SX258 is -9.17856 over 256 frames.
FCEG0_SX348 sil aa hh ae v ix s cl k uw cl p ix dh ae cl ix vcl g z aa dx ih cl p er cl p el ix n cl t er cl k oy sh er vcl b ix cl sil 
LOG (sgmm2-latgen-faster[5.5.208~1-b0fc0]:DecodeUtteranceLatticeFaster():decoder-wrappers.cc:289) Log-like per frame for utterance FCEG0_SX348 is -9.69599 over 311 frames.
LOG (sgmm2-latgen-faster[5.5.208~1-b0fc0]:main():sgmm2-latgen-faster.cc:209) Log-like per frame for utterance FCEG0_SX348 is -9.69599 over 311 frames.
LOG (transform-feats[5.5.208~1-b0fc0]:main():transform-feats.cc:158) Overall average logdet is 1.31266 over 1110 frames.
LOG (transform-feats[5.5.208~1-b0fc0]:main():transform-feats.cc:161) Applied transform to 4 utterances; 0 had errors.
FCEG0_SX438 sil sh eh l sh aa cl k ao z vcl b ay sh r ae cl n ah l ix s ah m cl t ay m z cl k y er vcl t er vcl g r uw cl th eh er cl p iy sil 
LOG (sgmm2-latgen-faster[5.5.208~1-b0fc0]:DecodeUtteranceLatticeFaster():decoder-wrappers.cc:289) Log-like per frame for utterance FCEG0_SX438 is -9.31116 over 348 frames.
LOG (sgmm2-latgen-faster[5.5.208~1-b0fc0]:main():sgmm2-latgen-faster.cc:209) Log-like per frame for utterance FCEG0_SX438 is -9.31116 over 348 frames.
FCEG0_SX78 sil d aa cl t er z cl p er s cl k r ay v d r ah vcl g z cl t uw f r iy l iy sil 
LOG (sgmm2-latgen-faster[5.5.208~1-b0fc0]:DecodeUtteranceLatticeFaster():decoder-wrappers.cc:289) Log-like per frame for utterance FCEG0_SX78 is -9.48014 over 195 frames.
LOG (sgmm2-latgen-faster[5.5.208~1-b0fc0]:main():sgmm2-latgen-faster.cc:209) Log-like per frame for utterance FCEG0_SX78 is -9.48014 over 195 frames.
LOG (sgmm2-latgen-faster[5.5.208~1-b0fc0]:main():sgmm2-latgen-faster.cc:252) Time taken [excluding initialization] 5.84724s: real-time factor assuming 100 frames/sec is 0.526779
LOG (sgmm2-latgen-faster[5.5.208~1-b0fc0]:main():sgmm2-latgen-faster.cc:255) Done 4 utterances, failed for 0
LOG (sgmm2-latgen-faster[5.5.208~1-b0fc0]:main():sgmm2-latgen-faster.cc:257) Overall log-likelihood per frame = -9.41809 over 1110 frames.
# Accounting: time=7 threads=1
# Ended (code 0) at Wed Feb 27 15:26:17 +07 2019, elapsed time 7 seconds
