# sgmm2-latgen-faster --spk-vecs=ark:exp/sgmm2_4_ali/vecs.1 --utt2spk=ark:data/train/split30/1/utt2spk "--gselect=ark,s,cs:gunzip -c exp/sgmm2_4_ali/gselect.1.gz|" --beam=18.0 --lattice-beam=10.0 --acoustic-scale=0.2 --max-mem=20000000 --max-active=5000 --word-symbol-table=data/lang/words.txt exp/sgmm2_4_ali/final.mdl exp/sgmm2_4_denlats/dengraph/HCLG.fst "ark,s,cs:apply-cmvn --utt2spk=ark:data/train/split30/1/split30utt/18/utt2spk scp:data/train/split30/1/split30utt/18/cmvn.scp scp:data/train/split30/1/split30utt/18/feats.scp ark:- | splice-feats --left-context=3 --right-context=3 ark:- ark:- | transform-feats exp/sgmm2_4_ali/final.mat ark:- ark:- | transform-feats --utt2spk=ark:data/train/split30/1/split30utt/18/utt2spk ark:exp/tri3_ali/trans.1 ark:- ark:- |" "ark:|gzip -c >exp/sgmm2_4_denlats/lat.1.18.gz" 
# Started at Wed Feb 27 15:25:24 +07 2019
#
sgmm2-latgen-faster --spk-vecs=ark:exp/sgmm2_4_ali/vecs.1 --utt2spk=ark:data/train/split30/1/utt2spk '--gselect=ark,s,cs:gunzip -c exp/sgmm2_4_ali/gselect.1.gz|' --beam=18.0 --lattice-beam=10.0 --acoustic-scale=0.2 --max-mem=20000000 --max-active=5000 --word-symbol-table=data/lang/words.txt exp/sgmm2_4_ali/final.mdl exp/sgmm2_4_denlats/dengraph/HCLG.fst 'ark,s,cs:apply-cmvn --utt2spk=ark:data/train/split30/1/split30utt/18/utt2spk scp:data/train/split30/1/split30utt/18/cmvn.scp scp:data/train/split30/1/split30utt/18/feats.scp ark:- | splice-feats --left-context=3 --right-context=3 ark:- ark:- | transform-feats exp/sgmm2_4_ali/final.mat ark:- ark:- | transform-feats --utt2spk=ark:data/train/split30/1/split30utt/18/utt2spk ark:exp/tri3_ali/trans.1 ark:- ark:- |' 'ark:|gzip -c >exp/sgmm2_4_denlats/lat.1.18.gz' 
transform-feats exp/sgmm2_4_ali/final.mat ark:- ark:- 
transform-feats --utt2spk=ark:data/train/split30/1/split30utt/18/utt2spk ark:exp/tri3_ali/trans.1 ark:- ark:- 
apply-cmvn --utt2spk=ark:data/train/split30/1/split30utt/18/utt2spk scp:data/train/split30/1/split30utt/18/cmvn.scp scp:data/train/split30/1/split30utt/18/feats.scp ark:- 
LOG (apply-cmvn[5.5.208~1-b0fc0]:main():apply-cmvn.cc:162) Applied cepstral mean normalization to 4 utterances, errors on 0
splice-feats --left-context=3 --right-context=3 ark:- ark:- 
LOG (transform-feats[5.5.208~1-b0fc0]:main():transform-feats.cc:158) Overall average [pseudo-]logdet is -88.6037 over 1185 frames.
LOG (transform-feats[5.5.208~1-b0fc0]:main():transform-feats.cc:161) Applied transform to 4 utterances; 0 had errors.
FBLV0_SX248 sil r iy dx iy ng ih n cl p ao r l ay cl t cl g ih v zh uw ay s cl t r ey n sil 
LOG (sgmm2-latgen-faster[5.5.208~1-b0fc0]:DecodeUtteranceLatticeFaster():decoder-wrappers.cc:289) Log-like per frame for utterance FBLV0_SX248 is -8.53414 over 236 frames.
LOG (sgmm2-latgen-faster[5.5.208~1-b0fc0]:main():sgmm2-latgen-faster.cc:209) Log-like per frame for utterance FBLV0_SX248 is -8.53414 over 236 frames.
FBLV0_SX338 sil dh ix vcl d aa r cl k sil m er cl k iy l ix vcl g uw n w aw n vcl ah r aw n vcl d f ao r m ay l s sil 
LOG (sgmm2-latgen-faster[5.5.208~1-b0fc0]:DecodeUtteranceLatticeFaster():decoder-wrappers.cc:289) Log-like per frame for utterance FBLV0_SX338 is -8.12928 over 342 frames.
LOG (sgmm2-latgen-faster[5.5.208~1-b0fc0]:main():sgmm2-latgen-faster.cc:209) Log-like per frame for utterance FBLV0_SX338 is -8.12928 over 342 frames.
LOG (transform-feats[5.5.208~1-b0fc0]:main():transform-feats.cc:158) Overall average logdet is 2.94757 over 1185 frames.
LOG (transform-feats[5.5.208~1-b0fc0]:main():transform-feats.cc:161) Applied transform to 4 utterances; 0 had errors.
FBLV0_SX428 sil ey cl k r ae vcl ch ae l ax n ch vcl d epi m iy cl b eh dx ix cl k w ih cl k s cl t ae vcl b v ae ng cl k w ix sh cl t hh ih m sil 
LOG (sgmm2-latgen-faster[5.5.208~1-b0fc0]:DecodeUtteranceLatticeFaster():decoder-wrappers.cc:289) Log-like per frame for utterance FBLV0_SX428 is -9.08054 over 338 frames.
LOG (sgmm2-latgen-faster[5.5.208~1-b0fc0]:main():sgmm2-latgen-faster.cc:209) Log-like per frame for utterance FBLV0_SX428 is -9.08054 over 338 frames.
FBLV0_SX68 sil ah cl g r ey vcl jh er s cl d ey vcl d ih s cl t uw r ix f l eh cl ch er w eh l th sil 
LOG (sgmm2-latgen-faster[5.5.208~1-b0fc0]:DecodeUtteranceLatticeFaster():decoder-wrappers.cc:289) Log-like per frame for utterance FBLV0_SX68 is -9.2832 over 269 frames.
LOG (sgmm2-latgen-faster[5.5.208~1-b0fc0]:main():sgmm2-latgen-faster.cc:209) Log-like per frame for utterance FBLV0_SX68 is -9.2832 over 269 frames.
LOG (sgmm2-latgen-faster[5.5.208~1-b0fc0]:main():sgmm2-latgen-faster.cc:252) Time taken [excluding initialization] 13.4023s: real-time factor assuming 100 frames/sec is 1.131
LOG (sgmm2-latgen-faster[5.5.208~1-b0fc0]:main():sgmm2-latgen-faster.cc:255) Done 4 utterances, failed for 0
LOG (sgmm2-latgen-faster[5.5.208~1-b0fc0]:main():sgmm2-latgen-faster.cc:257) Overall log-likelihood per frame = -8.74319 over 1185 frames.
WARNING (sgmm2-latgen-faster[5.5.208~1-b0fc0]:Close():kaldi-io.cc:515) Pipe gunzip -c exp/sgmm2_4_ali/gselect.1.gz| had nonzero return status 36096
# Accounting: time=14 threads=1
# Ended (code 0) at Wed Feb 27 15:25:39 +07 2019, elapsed time 14 seconds
