# sgmm2-latgen-faster --spk-vecs=ark:exp/sgmm2_4_ali/vecs.1 --utt2spk=ark:data/train/split30/1/utt2spk "--gselect=ark,s,cs:gunzip -c exp/sgmm2_4_ali/gselect.1.gz|" --beam=18.0 --lattice-beam=10.0 --acoustic-scale=0.2 --max-mem=20000000 --max-active=5000 --word-symbol-table=data/lang/words.txt exp/sgmm2_4_ali/final.mdl exp/sgmm2_4_denlats/dengraph/HCLG.fst "ark,s,cs:apply-cmvn --utt2spk=ark:data/train/split30/1/split30utt/16/utt2spk scp:data/train/split30/1/split30utt/16/cmvn.scp scp:data/train/split30/1/split30utt/16/feats.scp ark:- | splice-feats --left-context=3 --right-context=3 ark:- ark:- | transform-feats exp/sgmm2_4_ali/final.mat ark:- ark:- | transform-feats --utt2spk=ark:data/train/split30/1/split30utt/16/utt2spk ark:exp/tri3_ali/trans.1 ark:- ark:- |" "ark:|gzip -c >exp/sgmm2_4_denlats/lat.1.16.gz" 
# Started at Wed Feb 27 15:25:15 +07 2019
#
sgmm2-latgen-faster --spk-vecs=ark:exp/sgmm2_4_ali/vecs.1 --utt2spk=ark:data/train/split30/1/utt2spk '--gselect=ark,s,cs:gunzip -c exp/sgmm2_4_ali/gselect.1.gz|' --beam=18.0 --lattice-beam=10.0 --acoustic-scale=0.2 --max-mem=20000000 --max-active=5000 --word-symbol-table=data/lang/words.txt exp/sgmm2_4_ali/final.mdl exp/sgmm2_4_denlats/dengraph/HCLG.fst 'ark,s,cs:apply-cmvn --utt2spk=ark:data/train/split30/1/split30utt/16/utt2spk scp:data/train/split30/1/split30utt/16/cmvn.scp scp:data/train/split30/1/split30utt/16/feats.scp ark:- | splice-feats --left-context=3 --right-context=3 ark:- ark:- | transform-feats exp/sgmm2_4_ali/final.mat ark:- ark:- | transform-feats --utt2spk=ark:data/train/split30/1/split30utt/16/utt2spk ark:exp/tri3_ali/trans.1 ark:- ark:- |' 'ark:|gzip -c >exp/sgmm2_4_denlats/lat.1.16.gz' 
transform-feats exp/sgmm2_4_ali/final.mat ark:- ark:- 
splice-feats --left-context=3 --right-context=3 ark:- ark:- 
apply-cmvn --utt2spk=ark:data/train/split30/1/split30utt/16/utt2spk scp:data/train/split30/1/split30utt/16/cmvn.scp scp:data/train/split30/1/split30utt/16/feats.scp ark:- 
LOG (apply-cmvn[5.5.208~1-b0fc0]:main():apply-cmvn.cc:162) Applied cepstral mean normalization to 4 utterances, errors on 0
transform-feats --utt2spk=ark:data/train/split30/1/split30utt/16/utt2spk ark:exp/tri3_ali/trans.1 ark:- ark:- 
LOG (transform-feats[5.5.208~1-b0fc0]:main():transform-feats.cc:158) Overall average [pseudo-]logdet is -88.6037 over 1126 frames.
LOG (transform-feats[5.5.208~1-b0fc0]:main():transform-feats.cc:161) Applied transform to 4 utterances; 0 had errors.
FBJL0_SX202 sil hh aa m ix cl ch ax l aw ix n s cl t uw y uw g eh cl sil 
LOG (sgmm2-latgen-faster[5.5.208~1-b0fc0]:DecodeUtteranceLatticeFaster():decoder-wrappers.cc:289) Log-like per frame for utterance FBJL0_SX202 is -9.1701 over 159 frames.
LOG (sgmm2-latgen-faster[5.5.208~1-b0fc0]:main():sgmm2-latgen-faster.cc:209) Log-like per frame for utterance FBJL0_SX202 is -9.1701 over 159 frames.
FBJL0_SX22 sil w eh n ao l eh l s f ey l z sil y uw z f ao r s sil 
LOG (sgmm2-latgen-faster[5.5.208~1-b0fc0]:DecodeUtteranceLatticeFaster():decoder-wrappers.cc:289) Log-like per frame for utterance FBJL0_SX22 is -7.65976 over 292 frames.
LOG (sgmm2-latgen-faster[5.5.208~1-b0fc0]:main():sgmm2-latgen-faster.cc:209) Log-like per frame for utterance FBJL0_SX22 is -7.65976 over 292 frames.
LOG (transform-feats[5.5.208~1-b0fc0]:main():transform-feats.cc:158) Overall average logdet is 1.52407 over 1126 frames.
LOG (transform-feats[5.5.208~1-b0fc0]:main():transform-feats.cc:161) Applied transform to 4 utterances; 0 had errors.
FBJL0_SX292 sil dh iy z ih cl k s cl k l uw s ix v vcl d aa cl k ix m eh n cl s epi m ah s vcl b iy l aa cl d ah cl eh dx ao l cl t ay m z sil 
LOG (sgmm2-latgen-faster[5.5.208~1-b0fc0]:DecodeUtteranceLatticeFaster():decoder-wrappers.cc:289) Log-like per frame for utterance FBJL0_SX292 is -9.30907 over 362 frames.
LOG (sgmm2-latgen-faster[5.5.208~1-b0fc0]:main():sgmm2-latgen-faster.cc:209) Log-like per frame for utterance FBJL0_SX292 is -9.30907 over 362 frames.
FBJL0_SX382 sil jh ao r vcl jh ix z cl p eh er n oy vcl d ax vcl b aw dx ix f uw cl ch er vcl g ae sh ao r dx ih vcl jh sil 
LOG (sgmm2-latgen-faster[5.5.208~1-b0fc0]:DecodeUtteranceLatticeFaster():decoder-wrappers.cc:289) Log-like per frame for utterance FBJL0_SX382 is -8.97962 over 313 frames.
LOG (sgmm2-latgen-faster[5.5.208~1-b0fc0]:main():sgmm2-latgen-faster.cc:209) Log-like per frame for utterance FBJL0_SX382 is -8.97962 over 313 frames.
LOG (sgmm2-latgen-faster[5.5.208~1-b0fc0]:main():sgmm2-latgen-faster.cc:252) Time taken [excluding initialization] 13.373s: real-time factor assuming 100 frames/sec is 1.18765
LOG (sgmm2-latgen-faster[5.5.208~1-b0fc0]:main():sgmm2-latgen-faster.cc:255) Done 4 utterances, failed for 0
LOG (sgmm2-latgen-faster[5.5.208~1-b0fc0]:main():sgmm2-latgen-faster.cc:257) Overall log-likelihood per frame = -8.77016 over 1126 frames.
WARNING (sgmm2-latgen-faster[5.5.208~1-b0fc0]:Close():kaldi-io.cc:515) Pipe gunzip -c exp/sgmm2_4_ali/gselect.1.gz| had nonzero return status 36096
# Accounting: time=14 threads=1
# Ended (code 0) at Wed Feb 27 15:25:29 +07 2019, elapsed time 14 seconds
