# sgmm2-latgen-faster --spk-vecs=ark:exp/sgmm2_4_ali/vecs.9 --utt2spk=ark:data/train/split30/9/utt2spk "--gselect=ark,s,cs:gunzip -c exp/sgmm2_4_ali/gselect.9.gz|" --beam=18.0 --lattice-beam=10.0 --acoustic-scale=0.2 --max-mem=20000000 --max-active=5000 --word-symbol-table=data/lang/words.txt exp/sgmm2_4_ali/final.mdl exp/sgmm2_4_denlats/dengraph/HCLG.fst "ark,s,cs:apply-cmvn --utt2spk=ark:data/train/split30/9/split30utt/24/utt2spk scp:data/train/split30/9/split30utt/24/cmvn.scp scp:data/train/split30/9/split30utt/24/feats.scp ark:- | splice-feats --left-context=3 --right-context=3 ark:- ark:- | transform-feats exp/sgmm2_4_ali/final.mat ark:- ark:- | transform-feats --utt2spk=ark:data/train/split30/9/split30utt/24/utt2spk ark:exp/tri3_ali/trans.9 ark:- ark:- |" "ark:|gzip -c >exp/sgmm2_4_denlats/lat.9.24.gz" 
# Started at Wed Feb 27 15:33:26 +07 2019
#
sgmm2-latgen-faster --spk-vecs=ark:exp/sgmm2_4_ali/vecs.9 --utt2spk=ark:data/train/split30/9/utt2spk '--gselect=ark,s,cs:gunzip -c exp/sgmm2_4_ali/gselect.9.gz|' --beam=18.0 --lattice-beam=10.0 --acoustic-scale=0.2 --max-mem=20000000 --max-active=5000 --word-symbol-table=data/lang/words.txt exp/sgmm2_4_ali/final.mdl exp/sgmm2_4_denlats/dengraph/HCLG.fst 'ark,s,cs:apply-cmvn --utt2spk=ark:data/train/split30/9/split30utt/24/utt2spk scp:data/train/split30/9/split30utt/24/cmvn.scp scp:data/train/split30/9/split30utt/24/feats.scp ark:- | splice-feats --left-context=3 --right-context=3 ark:- ark:- | transform-feats exp/sgmm2_4_ali/final.mat ark:- ark:- | transform-feats --utt2spk=ark:data/train/split30/9/split30utt/24/utt2spk ark:exp/tri3_ali/trans.9 ark:- ark:- |' 'ark:|gzip -c >exp/sgmm2_4_denlats/lat.9.24.gz' 
apply-cmvn --utt2spk=ark:data/train/split30/9/split30utt/24/utt2spk scp:data/train/split30/9/split30utt/24/cmvn.scp scp:data/train/split30/9/split30utt/24/feats.scp ark:- 
LOG (apply-cmvn[5.5.208~1-b0fc0]:main():apply-cmvn.cc:162) Applied cepstral mean normalization to 4 utterances, errors on 0
transform-feats --utt2spk=ark:data/train/split30/9/split30utt/24/utt2spk ark:exp/tri3_ali/trans.9 ark:- ark:- 
transform-feats exp/sgmm2_4_ali/final.mat ark:- ark:- 
splice-feats --left-context=3 --right-context=3 ark:- ark:- 
LOG (transform-feats[5.5.208~1-b0fc0]:main():transform-feats.cc:158) Overall average [pseudo-]logdet is -88.6037 over 930 frames.
LOG (transform-feats[5.5.208~1-b0fc0]:main():transform-feats.cc:161) Applied transform to 4 utterances; 0 had errors.
FVMH0_SX206 sil w ax n cl p iy l iy ng ih n ao r ix n jh ix dx ix z hh aa vcl n aa cl t ax s cl p r ey vcl jh uw s sil 
LOG (sgmm2-latgen-faster[5.5.208~1-b0fc0]:DecodeUtteranceLatticeFaster():decoder-wrappers.cc:289) Log-like per frame for utterance FVMH0_SX206 is -8.62766 over 298 frames.
LOG (sgmm2-latgen-faster[5.5.208~1-b0fc0]:main():sgmm2-latgen-faster.cc:209) Log-like per frame for utterance FVMH0_SX206 is -8.62766 over 298 frames.
FVMH0_SX26 sil m ow s y ah ng r ay z er l iy eh v r iy m ao en sil 
LOG (sgmm2-latgen-faster[5.5.208~1-b0fc0]:DecodeUtteranceLatticeFaster():decoder-wrappers.cc:289) Log-like per frame for utterance FVMH0_SX26 is -7.02689 over 205 frames.
LOG (sgmm2-latgen-faster[5.5.208~1-b0fc0]:main():sgmm2-latgen-faster.cc:209) Log-like per frame for utterance FVMH0_SX26 is -7.02689 over 205 frames.
LOG (transform-feats[5.5.208~1-b0fc0]:main():transform-feats.cc:158) Overall average logdet is 3.07541 over 930 frames.
LOG (transform-feats[5.5.208~1-b0fc0]:main():transform-feats.cc:161) Applied transform to 4 utterances; 0 had errors.
FVMH0_SX296 sil dh ix cl t uw aa dx ix s ix cl s sh ey n zh ao dx ix vcl g r ae f s sil 
LOG (sgmm2-latgen-faster[5.5.208~1-b0fc0]:DecodeUtteranceLatticeFaster():decoder-wrappers.cc:289) Log-like per frame for utterance FVMH0_SX296 is -7.8527 over 225 frames.
LOG (sgmm2-latgen-faster[5.5.208~1-b0fc0]:main():sgmm2-latgen-faster.cc:209) Log-like per frame for utterance FVMH0_SX296 is -7.8527 over 225 frames.
FVMH0_SX386 sil w ih cl ch cl ch er ch z ix dh ix s m ih s w er sh ix cl p ih n sil 
LOG (sgmm2-latgen-faster[5.5.208~1-b0fc0]:DecodeUtteranceLatticeFaster():decoder-wrappers.cc:289) Log-like per frame for utterance FVMH0_SX386 is -9.28359 over 202 frames.
LOG (sgmm2-latgen-faster[5.5.208~1-b0fc0]:main():sgmm2-latgen-faster.cc:209) Log-like per frame for utterance FVMH0_SX386 is -9.28359 over 202 frames.
LOG (sgmm2-latgen-faster[5.5.208~1-b0fc0]:main():sgmm2-latgen-faster.cc:252) Time taken [excluding initialization] 9.47083s: real-time factor assuming 100 frames/sec is 1.01837
LOG (sgmm2-latgen-faster[5.5.208~1-b0fc0]:main():sgmm2-latgen-faster.cc:255) Done 4 utterances, failed for 0
LOG (sgmm2-latgen-faster[5.5.208~1-b0fc0]:main():sgmm2-latgen-faster.cc:257) Overall log-likelihood per frame = -8.22979 over 930 frames.
WARNING (sgmm2-latgen-faster[5.5.208~1-b0fc0]:Close():kaldi-io.cc:515) Pipe gunzip -c exp/sgmm2_4_ali/gselect.9.gz| had nonzero return status 36096
# Accounting: time=10 threads=1
# Ended (code 0) at Wed Feb 27 15:33:36 +07 2019, elapsed time 10 seconds
