# sgmm2-latgen-faster --spk-vecs=ark:exp/sgmm2_4_ali/vecs.9 --utt2spk=ark:data/train/split30/9/utt2spk "--gselect=ark,s,cs:gunzip -c exp/sgmm2_4_ali/gselect.9.gz|" --beam=18.0 --lattice-beam=10.0 --acoustic-scale=0.2 --max-mem=20000000 --max-active=5000 --word-symbol-table=data/lang/words.txt exp/sgmm2_4_ali/final.mdl exp/sgmm2_4_denlats/dengraph/HCLG.fst "ark,s,cs:apply-cmvn --utt2spk=ark:data/train/split30/9/split30utt/28/utt2spk scp:data/train/split30/9/split30utt/28/cmvn.scp scp:data/train/split30/9/split30utt/28/feats.scp ark:- | splice-feats --left-context=3 --right-context=3 ark:- ark:- | transform-feats exp/sgmm2_4_ali/final.mat ark:- ark:- | transform-feats --utt2spk=ark:data/train/split30/9/split30utt/28/utt2spk ark:exp/tri3_ali/trans.9 ark:- ark:- |" "ark:|gzip -c >exp/sgmm2_4_denlats/lat.9.28.gz" 
# Started at Wed Feb 27 15:33:43 +07 2019
#
sgmm2-latgen-faster --spk-vecs=ark:exp/sgmm2_4_ali/vecs.9 --utt2spk=ark:data/train/split30/9/utt2spk '--gselect=ark,s,cs:gunzip -c exp/sgmm2_4_ali/gselect.9.gz|' --beam=18.0 --lattice-beam=10.0 --acoustic-scale=0.2 --max-mem=20000000 --max-active=5000 --word-symbol-table=data/lang/words.txt exp/sgmm2_4_ali/final.mdl exp/sgmm2_4_denlats/dengraph/HCLG.fst 'ark,s,cs:apply-cmvn --utt2spk=ark:data/train/split30/9/split30utt/28/utt2spk scp:data/train/split30/9/split30utt/28/cmvn.scp scp:data/train/split30/9/split30utt/28/feats.scp ark:- | splice-feats --left-context=3 --right-context=3 ark:- ark:- | transform-feats exp/sgmm2_4_ali/final.mat ark:- ark:- | transform-feats --utt2spk=ark:data/train/split30/9/split30utt/28/utt2spk ark:exp/tri3_ali/trans.9 ark:- ark:- |' 'ark:|gzip -c >exp/sgmm2_4_denlats/lat.9.28.gz' 
transform-feats --utt2spk=ark:data/train/split30/9/split30utt/28/utt2spk ark:exp/tri3_ali/trans.9 ark:- ark:- 
splice-feats --left-context=3 --right-context=3 ark:- ark:- 
transform-feats exp/sgmm2_4_ali/final.mat ark:- ark:- 
apply-cmvn --utt2spk=ark:data/train/split30/9/split30utt/28/utt2spk scp:data/train/split30/9/split30utt/28/cmvn.scp scp:data/train/split30/9/split30utt/28/feats.scp ark:- 
LOG (apply-cmvn[5.5.208~1-b0fc0]:main():apply-cmvn.cc:162) Applied cepstral mean normalization to 4 utterances, errors on 0
LOG (transform-feats[5.5.208~1-b0fc0]:main():transform-feats.cc:158) Overall average [pseudo-]logdet is -88.6037 over 1067 frames.
LOG (transform-feats[5.5.208~1-b0fc0]:main():transform-feats.cc:161) Applied transform to 4 utterances; 0 had errors.
MADC0_SX17 sil k aa r l ih v s ih n ah l ay v l ix hh ow m sil 
LOG (sgmm2-latgen-faster[5.5.208~1-b0fc0]:DecodeUtteranceLatticeFaster():decoder-wrappers.cc:289) Log-like per frame for utterance MADC0_SX17 is -7.48749 over 194 frames.
LOG (sgmm2-latgen-faster[5.5.208~1-b0fc0]:main():sgmm2-latgen-faster.cc:209) Log-like per frame for utterance MADC0_SX17 is -7.48749 over 194 frames.
MADC0_SX197 sil d r ao iy cl ch vcl g r ae f ax n ix n uw ae cl s ix s sil 
LOG (sgmm2-latgen-faster[5.5.208~1-b0fc0]:DecodeUtteranceLatticeFaster():decoder-wrappers.cc:289) Log-like per frame for utterance MADC0_SX197 is -7.91222 over 253 frames.
LOG (sgmm2-latgen-faster[5.5.208~1-b0fc0]:main():sgmm2-latgen-faster.cc:209) Log-like per frame for utterance MADC0_SX197 is -7.91222 over 253 frames.
LOG (transform-feats[5.5.208~1-b0fc0]:main():transform-feats.cc:158) Overall average logdet is 2.24467 over 1067 frames.
LOG (transform-feats[5.5.208~1-b0fc0]:main():transform-feats.cc:161) Applied transform to 4 utterances; 0 had errors.
MADC0_SX287 sil ix n dh ax l ao ng r ah n sil ix cl p ey z cl t ix vcl b ay cl k w aa l ix dx iy cl k l ow dh iy ng sil 
LOG (sgmm2-latgen-faster[5.5.208~1-b0fc0]:DecodeUtteranceLatticeFaster():decoder-wrappers.cc:289) Log-like per frame for utterance MADC0_SX287 is -8.75348 over 303 frames.
LOG (sgmm2-latgen-faster[5.5.208~1-b0fc0]:main():sgmm2-latgen-faster.cc:209) Log-like per frame for utterance MADC0_SX287 is -8.75348 over 303 frames.
MADC0_SX377 sil sh iy ao ix z vcl jh y ow cl k s ax vcl b aw cl t uw m ah cl ch vcl g aa r l ih cl ih n ix z f uw vcl sil 
LOG (sgmm2-latgen-faster[5.5.208~1-b0fc0]:DecodeUtteranceLatticeFaster():decoder-wrappers.cc:289) Log-like per frame for utterance MADC0_SX377 is -8.68194 over 317 frames.
LOG (sgmm2-latgen-faster[5.5.208~1-b0fc0]:main():sgmm2-latgen-faster.cc:209) Log-like per frame for utterance MADC0_SX377 is -8.68194 over 317 frames.
LOG (sgmm2-latgen-faster[5.5.208~1-b0fc0]:main():sgmm2-latgen-faster.cc:252) Time taken [excluding initialization] 11.5714s: real-time factor assuming 100 frames/sec is 1.08448
LOG (sgmm2-latgen-faster[5.5.208~1-b0fc0]:main():sgmm2-latgen-faster.cc:255) Done 4 utterances, failed for 0
LOG (sgmm2-latgen-faster[5.5.208~1-b0fc0]:main():sgmm2-latgen-faster.cc:257) Overall log-likelihood per frame = -8.30257 over 1067 frames.
WARNING (sgmm2-latgen-faster[5.5.208~1-b0fc0]:Close():kaldi-io.cc:515) Pipe gunzip -c exp/sgmm2_4_ali/gselect.9.gz| had nonzero return status 36096
# Accounting: time=12 threads=1
# Ended (code 0) at Wed Feb 27 15:33:55 +07 2019, elapsed time 12 seconds
