# sgmm2-latgen-faster --spk-vecs=ark:exp/sgmm2_4_ali/vecs.9 --utt2spk=ark:data/train/split30/9/utt2spk "--gselect=ark,s,cs:gunzip -c exp/sgmm2_4_ali/gselect.9.gz|" --beam=18.0 --lattice-beam=10.0 --acoustic-scale=0.2 --max-mem=20000000 --max-active=5000 --word-symbol-table=data/lang/words.txt exp/sgmm2_4_ali/final.mdl exp/sgmm2_4_denlats/dengraph/HCLG.fst "ark,s,cs:apply-cmvn --utt2spk=ark:data/train/split30/9/split30utt/2/utt2spk scp:data/train/split30/9/split30utt/2/cmvn.scp scp:data/train/split30/9/split30utt/2/feats.scp ark:- | splice-feats --left-context=3 --right-context=3 ark:- ark:- | transform-feats exp/sgmm2_4_ali/final.mat ark:- ark:- | transform-feats --utt2spk=ark:data/train/split30/9/split30utt/2/utt2spk ark:exp/tri3_ali/trans.9 ark:- ark:- |" "ark:|gzip -c >exp/sgmm2_4_denlats/lat.9.2.gz" 
# Started at Wed Feb 27 15:32:17 +07 2019
#
sgmm2-latgen-faster --spk-vecs=ark:exp/sgmm2_4_ali/vecs.9 --utt2spk=ark:data/train/split30/9/utt2spk '--gselect=ark,s,cs:gunzip -c exp/sgmm2_4_ali/gselect.9.gz|' --beam=18.0 --lattice-beam=10.0 --acoustic-scale=0.2 --max-mem=20000000 --max-active=5000 --word-symbol-table=data/lang/words.txt exp/sgmm2_4_ali/final.mdl exp/sgmm2_4_denlats/dengraph/HCLG.fst 'ark,s,cs:apply-cmvn --utt2spk=ark:data/train/split30/9/split30utt/2/utt2spk scp:data/train/split30/9/split30utt/2/cmvn.scp scp:data/train/split30/9/split30utt/2/feats.scp ark:- | splice-feats --left-context=3 --right-context=3 ark:- ark:- | transform-feats exp/sgmm2_4_ali/final.mat ark:- ark:- | transform-feats --utt2spk=ark:data/train/split30/9/split30utt/2/utt2spk ark:exp/tri3_ali/trans.9 ark:- ark:- |' 'ark:|gzip -c >exp/sgmm2_4_denlats/lat.9.2.gz' 
splice-feats --left-context=3 --right-context=3 ark:- ark:- 
apply-cmvn --utt2spk=ark:data/train/split30/9/split30utt/2/utt2spk scp:data/train/split30/9/split30utt/2/cmvn.scp scp:data/train/split30/9/split30utt/2/feats.scp ark:- 
LOG (apply-cmvn[5.5.208~1-b0fc0]:main():apply-cmvn.cc:162) Applied cepstral mean normalization to 4 utterances, errors on 0
transform-feats --utt2spk=ark:data/train/split30/9/split30utt/2/utt2spk ark:exp/tri3_ali/trans.9 ark:- ark:- 
transform-feats exp/sgmm2_4_ali/final.mat ark:- ark:- 
LOG (transform-feats[5.5.208~1-b0fc0]:main():transform-feats.cc:158) Overall average [pseudo-]logdet is -88.6037 over 1231 frames.
LOG (transform-feats[5.5.208~1-b0fc0]:main():transform-feats.cc:161) Applied transform to 4 utterances; 0 had errors.
FSMS1_SX244 sil hh er vcl b z vcl b er dh ey ix cl k er z f r iy cl k w ix n l iy aa n th ae ng k s vcl g ih v ih ng sil 
LOG (sgmm2-latgen-faster[5.5.208~1-b0fc0]:DecodeUtteranceLatticeFaster():decoder-wrappers.cc:289) Log-like per frame for utterance FSMS1_SX244 is -8.60462 over 310 frames.
LOG (sgmm2-latgen-faster[5.5.208~1-b0fc0]:main():sgmm2-latgen-faster.cc:209) Log-like per frame for utterance FSMS1_SX244 is -8.60462 over 310 frames.
FSMS1_SX334 sil ao f cl t ih n y ih l vcl g ih cl b ae cl m ao r dh ih n y uw cl p uh dx ih n sil 
LOG (sgmm2-latgen-faster[5.5.208~1-b0fc0]:DecodeUtteranceLatticeFaster():decoder-wrappers.cc:289) Log-like per frame for utterance FSMS1_SX334 is -8.45142 over 256 frames.
LOG (sgmm2-latgen-faster[5.5.208~1-b0fc0]:main():sgmm2-latgen-faster.cc:209) Log-like per frame for utterance FSMS1_SX334 is -8.45142 over 256 frames.
LOG (transform-feats[5.5.208~1-b0fc0]:main():transform-feats.cc:158) Overall average logdet is 1.59983 over 1231 frames.
LOG (transform-feats[5.5.208~1-b0fc0]:main():transform-feats.cc:161) Applied transform to 4 utterances; 0 had errors.
FSMS1_SX347 sil dh ix cl p ey sh ih n eh n ax s er vcl jh ih n er vcl b ow th r iy cl k uw cl p er ey dx ix ng f ax m dh ax l eh ng th iy aa cl p er ey sh ix n sil 
LOG (sgmm2-latgen-faster[5.5.208~1-b0fc0]:DecodeUtteranceLatticeFaster():decoder-wrappers.cc:289) Log-like per frame for utterance FSMS1_SX347 is -8.78368 over 396 frames.
LOG (sgmm2-latgen-faster[5.5.208~1-b0fc0]:main():sgmm2-latgen-faster.cc:209) Log-like per frame for utterance FSMS1_SX347 is -8.78368 over 396 frames.
FSMS1_SX64 sil r eh vcl g ih l er eh cl t eh n d ih n cl s sil ix s eh l vcl d ix m r iy cl k w ay er vcl sil 
LOG (sgmm2-latgen-faster[5.5.208~1-b0fc0]:DecodeUtteranceLatticeFaster():decoder-wrappers.cc:289) Log-like per frame for utterance FSMS1_SX64 is -8.5127 over 269 frames.
LOG (sgmm2-latgen-faster[5.5.208~1-b0fc0]:main():sgmm2-latgen-faster.cc:209) Log-like per frame for utterance FSMS1_SX64 is -8.5127 over 269 frames.
LOG (sgmm2-latgen-faster[5.5.208~1-b0fc0]:main():sgmm2-latgen-faster.cc:252) Time taken [excluding initialization] 10.6488s: real-time factor assuming 100 frames/sec is 0.865052
LOG (sgmm2-latgen-faster[5.5.208~1-b0fc0]:main():sgmm2-latgen-faster.cc:255) Done 4 utterances, failed for 0
LOG (sgmm2-latgen-faster[5.5.208~1-b0fc0]:main():sgmm2-latgen-faster.cc:257) Overall log-likelihood per frame = -8.61028 over 1231 frames.
WARNING (sgmm2-latgen-faster[5.5.208~1-b0fc0]:Close():kaldi-io.cc:515) Pipe gunzip -c exp/sgmm2_4_ali/gselect.9.gz| had nonzero return status 36096
# Accounting: time=12 threads=1
# Ended (code 0) at Wed Feb 27 15:32:29 +07 2019, elapsed time 12 seconds
