# sgmm2-latgen-faster --spk-vecs=ark:exp/sgmm2_4_ali/vecs.9 --utt2spk=ark:data/train/split30/9/utt2spk "--gselect=ark,s,cs:gunzip -c exp/sgmm2_4_ali/gselect.9.gz|" --beam=18.0 --lattice-beam=10.0 --acoustic-scale=0.2 --max-mem=20000000 --max-active=5000 --word-symbol-table=data/lang/words.txt exp/sgmm2_4_ali/final.mdl exp/sgmm2_4_denlats/dengraph/HCLG.fst "ark,s,cs:apply-cmvn --utt2spk=ark:data/train/split30/9/split30utt/5/utt2spk scp:data/train/split30/9/split30utt/5/cmvn.scp scp:data/train/split30/9/split30utt/5/feats.scp ark:- | splice-feats --left-context=3 --right-context=3 ark:- ark:- | transform-feats exp/sgmm2_4_ali/final.mat ark:- ark:- | transform-feats --utt2spk=ark:data/train/split30/9/split30utt/5/utt2spk ark:exp/tri3_ali/trans.9 ark:- ark:- |" "ark:|gzip -c >exp/sgmm2_4_denlats/lat.9.5.gz" 
# Started at Wed Feb 27 15:32:28 +07 2019
#
sgmm2-latgen-faster --spk-vecs=ark:exp/sgmm2_4_ali/vecs.9 --utt2spk=ark:data/train/split30/9/utt2spk '--gselect=ark,s,cs:gunzip -c exp/sgmm2_4_ali/gselect.9.gz|' --beam=18.0 --lattice-beam=10.0 --acoustic-scale=0.2 --max-mem=20000000 --max-active=5000 --word-symbol-table=data/lang/words.txt exp/sgmm2_4_ali/final.mdl exp/sgmm2_4_denlats/dengraph/HCLG.fst 'ark,s,cs:apply-cmvn --utt2spk=ark:data/train/split30/9/split30utt/5/utt2spk scp:data/train/split30/9/split30utt/5/cmvn.scp scp:data/train/split30/9/split30utt/5/feats.scp ark:- | splice-feats --left-context=3 --right-context=3 ark:- ark:- | transform-feats exp/sgmm2_4_ali/final.mat ark:- ark:- | transform-feats --utt2spk=ark:data/train/split30/9/split30utt/5/utt2spk ark:exp/tri3_ali/trans.9 ark:- ark:- |' 'ark:|gzip -c >exp/sgmm2_4_denlats/lat.9.5.gz' 
apply-cmvn --utt2spk=ark:data/train/split30/9/split30utt/5/utt2spk scp:data/train/split30/9/split30utt/5/cmvn.scp scp:data/train/split30/9/split30utt/5/feats.scp ark:- 
LOG (apply-cmvn[5.5.208~1-b0fc0]:main():apply-cmvn.cc:162) Applied cepstral mean normalization to 4 utterances, errors on 0
splice-feats --left-context=3 --right-context=3 ark:- ark:- 
transform-feats exp/sgmm2_4_ali/final.mat ark:- ark:- 
transform-feats --utt2spk=ark:data/train/split30/9/split30utt/5/utt2spk ark:exp/tri3_ali/trans.9 ark:- ark:- 
LOG (transform-feats[5.5.208~1-b0fc0]:main():transform-feats.cc:158) Overall average [pseudo-]logdet is -88.6037 over 898 frames.
LOG (transform-feats[5.5.208~1-b0fc0]:main():transform-feats.cc:161) Applied transform to 4 utterances; 0 had errors.
FSRH0_SI1719 sil w iy v vcl d ah n aa r cl p aa r cl t sil 
LOG (sgmm2-latgen-faster[5.5.208~1-b0fc0]:DecodeUtteranceLatticeFaster():decoder-wrappers.cc:289) Log-like per frame for utterance FSRH0_SI1719 is -8.30916 over 143 frames.
LOG (sgmm2-latgen-faster[5.5.208~1-b0fc0]:main():sgmm2-latgen-faster.cc:209) Log-like per frame for utterance FSRH0_SI1719 is -8.30916 over 143 frames.
FSRH0_SI1931 sil n ow m ao r cl k uh vcl d iy vcl d ih f eh n d ix m s eh l f ix vcl g eh n s dh eh m sil 
LOG (sgmm2-latgen-faster[5.5.208~1-b0fc0]:DecodeUtteranceLatticeFaster():decoder-wrappers.cc:289) Log-like per frame for utterance FSRH0_SI1931 is -8.66087 over 250 frames.
LOG (sgmm2-latgen-faster[5.5.208~1-b0fc0]:main():sgmm2-latgen-faster.cc:209) Log-like per frame for utterance FSRH0_SI1931 is -8.66087 over 250 frames.
LOG (transform-feats[5.5.208~1-b0fc0]:main():transform-feats.cc:158) Overall average logdet is 2.70643 over 898 frames.
LOG (transform-feats[5.5.208~1-b0fc0]:main():transform-feats.cc:161) Applied transform to 4 utterances; 0 had errors.
FSRH0_SI671 sil ax hh eh l cl f el l iy f l ih cl m ey vcl b iy ix n cl k l ow z ix n dh ax l eh dx er sil 
LOG (sgmm2-latgen-faster[5.5.208~1-b0fc0]:DecodeUtteranceLatticeFaster():decoder-wrappers.cc:289) Log-like per frame for utterance FSRH0_SI671 is -8.89367 over 259 frames.
LOG (sgmm2-latgen-faster[5.5.208~1-b0fc0]:main():sgmm2-latgen-faster.cc:209) Log-like per frame for utterance FSRH0_SI671 is -8.89367 over 259 frames.
FSRH0_SX131 sil w iy cl p l ae n vcl d ix vcl b ih l vcl d ix n uw vcl b eh v r ix vcl jh cl p l ae n cl t sil 
LOG (sgmm2-latgen-faster[5.5.208~1-b0fc0]:DecodeUtteranceLatticeFaster():decoder-wrappers.cc:289) Log-like per frame for utterance FSRH0_SX131 is -8.96892 over 246 frames.
LOG (sgmm2-latgen-faster[5.5.208~1-b0fc0]:main():sgmm2-latgen-faster.cc:209) Log-like per frame for utterance FSRH0_SX131 is -8.96892 over 246 frames.
LOG (sgmm2-latgen-faster[5.5.208~1-b0fc0]:main():sgmm2-latgen-faster.cc:252) Time taken [excluding initialization] 7.55187s: real-time factor assuming 100 frames/sec is 0.840966
LOG (sgmm2-latgen-faster[5.5.208~1-b0fc0]:main():sgmm2-latgen-faster.cc:255) Done 4 utterances, failed for 0
LOG (sgmm2-latgen-faster[5.5.208~1-b0fc0]:main():sgmm2-latgen-faster.cc:257) Overall log-likelihood per frame = -8.7564 over 898 frames.
WARNING (sgmm2-latgen-faster[5.5.208~1-b0fc0]:Close():kaldi-io.cc:515) Pipe gunzip -c exp/sgmm2_4_ali/gselect.9.gz| had nonzero return status 36096
# Accounting: time=8 threads=1
# Ended (code 0) at Wed Feb 27 15:32:36 +07 2019, elapsed time 8 seconds
