# sgmm2-latgen-faster --spk-vecs=ark:exp/sgmm2_4_ali/vecs.9 --utt2spk=ark:data/train/split30/9/utt2spk "--gselect=ark,s,cs:gunzip -c exp/sgmm2_4_ali/gselect.9.gz|" --beam=18.0 --lattice-beam=10.0 --acoustic-scale=0.2 --max-mem=20000000 --max-active=5000 --word-symbol-table=data/lang/words.txt exp/sgmm2_4_ali/final.mdl exp/sgmm2_4_denlats/dengraph/HCLG.fst "ark,s,cs:apply-cmvn --utt2spk=ark:data/train/split30/9/split30utt/11/utt2spk scp:data/train/split30/9/split30utt/11/cmvn.scp scp:data/train/split30/9/split30utt/11/feats.scp ark:- | splice-feats --left-context=3 --right-context=3 ark:- ark:- | transform-feats exp/sgmm2_4_ali/final.mat ark:- ark:- | transform-feats --utt2spk=ark:data/train/split30/9/split30utt/11/utt2spk ark:exp/tri3_ali/trans.9 ark:- ark:- |" "ark:|gzip -c >exp/sgmm2_4_denlats/lat.9.11.gz" 
# Started at Wed Feb 27 15:32:43 +07 2019
#
sgmm2-latgen-faster --spk-vecs=ark:exp/sgmm2_4_ali/vecs.9 --utt2spk=ark:data/train/split30/9/utt2spk '--gselect=ark,s,cs:gunzip -c exp/sgmm2_4_ali/gselect.9.gz|' --beam=18.0 --lattice-beam=10.0 --acoustic-scale=0.2 --max-mem=20000000 --max-active=5000 --word-symbol-table=data/lang/words.txt exp/sgmm2_4_ali/final.mdl exp/sgmm2_4_denlats/dengraph/HCLG.fst 'ark,s,cs:apply-cmvn --utt2spk=ark:data/train/split30/9/split30utt/11/utt2spk scp:data/train/split30/9/split30utt/11/cmvn.scp scp:data/train/split30/9/split30utt/11/feats.scp ark:- | splice-feats --left-context=3 --right-context=3 ark:- ark:- | transform-feats exp/sgmm2_4_ali/final.mat ark:- ark:- | transform-feats --utt2spk=ark:data/train/split30/9/split30utt/11/utt2spk ark:exp/tri3_ali/trans.9 ark:- ark:- |' 'ark:|gzip -c >exp/sgmm2_4_denlats/lat.9.11.gz' 
transform-feats exp/sgmm2_4_ali/final.mat ark:- ark:- 
splice-feats --left-context=3 --right-context=3 ark:- ark:- 
transform-feats --utt2spk=ark:data/train/split30/9/split30utt/11/utt2spk ark:exp/tri3_ali/trans.9 ark:- ark:- 
apply-cmvn --utt2spk=ark:data/train/split30/9/split30utt/11/utt2spk scp:data/train/split30/9/split30utt/11/cmvn.scp scp:data/train/split30/9/split30utt/11/feats.scp ark:- 
LOG (apply-cmvn[5.5.208~1-b0fc0]:main():apply-cmvn.cc:162) Applied cepstral mean normalization to 4 utterances, errors on 0
LOG (transform-feats[5.5.208~1-b0fc0]:main():transform-feats.cc:158) Overall average [pseudo-]logdet is -88.6037 over 1355 frames.
LOG (transform-feats[5.5.208~1-b0fc0]:main():transform-feats.cc:161) Applied transform to 4 utterances; 0 had errors.
FTBR0_SI1402 sil w iy vcl d uw n aa er ay v ih s cl p ey sh el ih m ih vcl jh ih z vcl b ay m iy n z ax v dh ax s eh n s ax v cl t ah cl ch vcl b ay ix cl s eh l f sil 
LOG (sgmm2-latgen-faster[5.5.208~1-b0fc0]:DecodeUtteranceLatticeFaster():decoder-wrappers.cc:289) Log-like per frame for utterance FTBR0_SI1402 is -8.69694 over 448 frames.
LOG (sgmm2-latgen-faster[5.5.208~1-b0fc0]:main():sgmm2-latgen-faster.cc:209) Log-like per frame for utterance FTBR0_SI1402 is -8.69694 over 448 frames.
FTBR0_SI2181 sil p aa r cl k aa l iy cl p aa r w ay er hh eh r vcl t eh r iy er sil 
LOG (sgmm2-latgen-faster[5.5.208~1-b0fc0]:DecodeUtteranceLatticeFaster():decoder-wrappers.cc:289) Log-like per frame for utterance FTBR0_SI2181 is -7.45553 over 244 frames.
LOG (sgmm2-latgen-faster[5.5.208~1-b0fc0]:main():sgmm2-latgen-faster.cc:209) Log-like per frame for utterance FTBR0_SI2181 is -7.45553 over 244 frames.
LOG (transform-feats[5.5.208~1-b0fc0]:main():transform-feats.cc:158) Overall average logdet is 4.18902 over 1355 frames.
LOG (transform-feats[5.5.208~1-b0fc0]:main():transform-feats.cc:161) Applied transform to 4 utterances; 0 had errors.
FTBR0_SI921 sil d ih f r ix n t s ih z epi w er r l ey dx ix cl t ix s ow sh el eh cl k ix n aa m ix cl k ix n eh vcl jh cl k ey sh epi n el vcl b ae cl g r aw n vcl s sil 
LOG (sgmm2-latgen-faster[5.5.208~1-b0fc0]:DecodeUtteranceLatticeFaster():decoder-wrappers.cc:289) Log-like per frame for utterance FTBR0_SI921 is -9.03141 over 415 frames.
LOG (sgmm2-latgen-faster[5.5.208~1-b0fc0]:main():sgmm2-latgen-faster.cc:209) Log-like per frame for utterance FTBR0_SI921 is -9.03141 over 415 frames.
FTBR0_SX111 sil hh ih s ah en vcl d ix cl p aa r cl ch er sh aa cl t dh ix cl k ae s t sil 
LOG (sgmm2-latgen-faster[5.5.208~1-b0fc0]:DecodeUtteranceLatticeFaster():decoder-wrappers.cc:289) Log-like per frame for utterance FTBR0_SX111 is -9.21027 over 248 frames.
LOG (sgmm2-latgen-faster[5.5.208~1-b0fc0]:main():sgmm2-latgen-faster.cc:209) Log-like per frame for utterance FTBR0_SX111 is -9.21027 over 248 frames.
LOG (sgmm2-latgen-faster[5.5.208~1-b0fc0]:main():sgmm2-latgen-faster.cc:252) Time taken [excluding initialization] 14.567s: real-time factor assuming 100 frames/sec is 1.07506
LOG (sgmm2-latgen-faster[5.5.208~1-b0fc0]:main():sgmm2-latgen-faster.cc:255) Done 4 utterances, failed for 0
LOG (sgmm2-latgen-faster[5.5.208~1-b0fc0]:main():sgmm2-latgen-faster.cc:257) Overall log-likelihood per frame = -8.66979 over 1355 frames.
WARNING (sgmm2-latgen-faster[5.5.208~1-b0fc0]:Close():kaldi-io.cc:515) Pipe gunzip -c exp/sgmm2_4_ali/gselect.9.gz| had nonzero return status 36096
# Accounting: time=15 threads=1
# Ended (code 0) at Wed Feb 27 15:32:58 +07 2019, elapsed time 15 seconds
