# sgmm2-latgen-faster --spk-vecs=ark:exp/sgmm2_4_ali/vecs.15 --utt2spk=ark:data/train/split30/15/utt2spk "--gselect=ark,s,cs:gunzip -c exp/sgmm2_4_ali/gselect.15.gz|" --beam=18.0 --lattice-beam=10.0 --acoustic-scale=0.2 --max-mem=20000000 --max-active=5000 --word-symbol-table=data/lang/words.txt exp/sgmm2_4_ali/final.mdl exp/sgmm2_4_denlats/dengraph/HCLG.fst "ark,s,cs:apply-cmvn --utt2spk=ark:data/train/split30/15/split30utt/8/utt2spk scp:data/train/split30/15/split30utt/8/cmvn.scp scp:data/train/split30/15/split30utt/8/feats.scp ark:- | splice-feats --left-context=3 --right-context=3 ark:- ark:- | transform-feats exp/sgmm2_4_ali/final.mat ark:- ark:- | transform-feats --utt2spk=ark:data/train/split30/15/split30utt/8/utt2spk ark:exp/tri3_ali/trans.15 ark:- ark:- |" "ark:|gzip -c >exp/sgmm2_4_denlats/lat.15.8.gz" 
# Started at Wed Feb 27 15:38:19 +07 2019
#
sgmm2-latgen-faster --spk-vecs=ark:exp/sgmm2_4_ali/vecs.15 --utt2spk=ark:data/train/split30/15/utt2spk '--gselect=ark,s,cs:gunzip -c exp/sgmm2_4_ali/gselect.15.gz|' --beam=18.0 --lattice-beam=10.0 --acoustic-scale=0.2 --max-mem=20000000 --max-active=5000 --word-symbol-table=data/lang/words.txt exp/sgmm2_4_ali/final.mdl exp/sgmm2_4_denlats/dengraph/HCLG.fst 'ark,s,cs:apply-cmvn --utt2spk=ark:data/train/split30/15/split30utt/8/utt2spk scp:data/train/split30/15/split30utt/8/cmvn.scp scp:data/train/split30/15/split30utt/8/feats.scp ark:- | splice-feats --left-context=3 --right-context=3 ark:- ark:- | transform-feats exp/sgmm2_4_ali/final.mat ark:- ark:- | transform-feats --utt2spk=ark:data/train/split30/15/split30utt/8/utt2spk ark:exp/tri3_ali/trans.15 ark:- ark:- |' 'ark:|gzip -c >exp/sgmm2_4_denlats/lat.15.8.gz' 
transform-feats exp/sgmm2_4_ali/final.mat ark:- ark:- 
transform-feats --utt2spk=ark:data/train/split30/15/split30utt/8/utt2spk ark:exp/tri3_ali/trans.15 ark:- ark:- 
apply-cmvn --utt2spk=ark:data/train/split30/15/split30utt/8/utt2spk scp:data/train/split30/15/split30utt/8/cmvn.scp scp:data/train/split30/15/split30utt/8/feats.scp ark:- 
LOG (apply-cmvn[5.5.208~1-b0fc0]:main():apply-cmvn.cc:162) Applied cepstral mean normalization to 4 utterances, errors on 0
splice-feats --left-context=3 --right-context=3 ark:- ark:- 
LOG (transform-feats[5.5.208~1-b0fc0]:main():transform-feats.cc:158) Overall average [pseudo-]logdet is -88.6037 over 1153 frames.
LOG (transform-feats[5.5.208~1-b0fc0]:main():transform-feats.cc:161) Applied transform to 4 utterances; 0 had errors.
MESG0_SX252 sil ix vcl g ao r vcl jh ix s vcl b ah dx er f l ay ey cl t ax l aa dx ax v n eh cl t er sil 
LOG (sgmm2-latgen-faster[5.5.208~1-b0fc0]:DecodeUtteranceLatticeFaster():decoder-wrappers.cc:289) Log-like per frame for utterance MESG0_SX252 is -9.60654 over 253 frames.
LOG (sgmm2-latgen-faster[5.5.208~1-b0fc0]:main():sgmm2-latgen-faster.cc:209) Log-like per frame for utterance MESG0_SX252 is -9.60654 over 253 frames.
MESG0_SX342 sil t ey cl ch aa r vcl jh ix v cl ch uw z ih ng hh er vcl b r ay vcl z epi m ey vcl z vcl g aw n z sil 
LOG (sgmm2-latgen-faster[5.5.208~1-b0fc0]:DecodeUtteranceLatticeFaster():decoder-wrappers.cc:289) Log-like per frame for utterance MESG0_SX342 is -9.08398 over 337 frames.
LOG (sgmm2-latgen-faster[5.5.208~1-b0fc0]:main():sgmm2-latgen-faster.cc:209) Log-like per frame for utterance MESG0_SX342 is -9.08398 over 337 frames.
LOG (transform-feats[5.5.208~1-b0fc0]:main():transform-feats.cc:158) Overall average logdet is 0.799664 over 1153 frames.
LOG (transform-feats[5.5.208~1-b0fc0]:main():transform-feats.cc:161) Applied transform to 4 utterances; 0 had errors.
MESG0_SX432 sil k ao f iy ih z vcl g r ow n ao n s cl t iy cl p sil jh ah ng vcl g ax l ay cl k s epi l ow cl p s sil ix n cl t eh m cl p er vcl z ow n z sil 
LOG (sgmm2-latgen-faster[5.5.208~1-b0fc0]:DecodeUtteranceLatticeFaster():decoder-wrappers.cc:289) Log-like per frame for utterance MESG0_SX432 is -9.38496 over 397 frames.
LOG (sgmm2-latgen-faster[5.5.208~1-b0fc0]:main():sgmm2-latgen-faster.cc:209) Log-like per frame for utterance MESG0_SX432 is -9.38496 over 397 frames.
MESG0_SX72 sil s cl p r ih ng s cl t r iy dx ix s cl t r ey dx ix hh eh vcl sil 
LOG (sgmm2-latgen-faster[5.5.208~1-b0fc0]:DecodeUtteranceLatticeFaster():decoder-wrappers.cc:289) Log-like per frame for utterance MESG0_SX72 is -8.73097 over 166 frames.
LOG (sgmm2-latgen-faster[5.5.208~1-b0fc0]:main():sgmm2-latgen-faster.cc:209) Log-like per frame for utterance MESG0_SX72 is -8.73097 over 166 frames.
LOG (sgmm2-latgen-faster[5.5.208~1-b0fc0]:main():sgmm2-latgen-faster.cc:252) Time taken [excluding initialization] 14.2648s: real-time factor assuming 100 frames/sec is 1.23719
LOG (sgmm2-latgen-faster[5.5.208~1-b0fc0]:main():sgmm2-latgen-faster.cc:255) Done 4 utterances, failed for 0
LOG (sgmm2-latgen-faster[5.5.208~1-b0fc0]:main():sgmm2-latgen-faster.cc:257) Overall log-likelihood per frame = -9.25145 over 1153 frames.
WARNING (sgmm2-latgen-faster[5.5.208~1-b0fc0]:Close():kaldi-io.cc:515) Pipe gunzip -c exp/sgmm2_4_ali/gselect.15.gz| had nonzero return status 36096
# Accounting: time=15 threads=1
# Ended (code 0) at Wed Feb 27 15:38:34 +07 2019, elapsed time 15 seconds
