# sgmm2-latgen-faster --spk-vecs=ark:exp/sgmm2_4_ali/vecs.15 --utt2spk=ark:data/train/split30/15/utt2spk "--gselect=ark,s,cs:gunzip -c exp/sgmm2_4_ali/gselect.15.gz|" --beam=18.0 --lattice-beam=10.0 --acoustic-scale=0.2 --max-mem=20000000 --max-active=5000 --word-symbol-table=data/lang/words.txt exp/sgmm2_4_ali/final.mdl exp/sgmm2_4_denlats/dengraph/HCLG.fst "ark,s,cs:apply-cmvn --utt2spk=ark:data/train/split30/15/split30utt/28/utt2spk scp:data/train/split30/15/split30utt/28/cmvn.scp scp:data/train/split30/15/split30utt/28/feats.scp ark:- | splice-feats --left-context=3 --right-context=3 ark:- ark:- | transform-feats exp/sgmm2_4_ali/final.mat ark:- ark:- | transform-feats --utt2spk=ark:data/train/split30/15/split30utt/28/utt2spk ark:exp/tri3_ali/trans.15 ark:- ark:- |" "ark:|gzip -c >exp/sgmm2_4_denlats/lat.15.28.gz" 
# Started at Wed Feb 27 15:39:31 +07 2019
#
sgmm2-latgen-faster --spk-vecs=ark:exp/sgmm2_4_ali/vecs.15 --utt2spk=ark:data/train/split30/15/utt2spk '--gselect=ark,s,cs:gunzip -c exp/sgmm2_4_ali/gselect.15.gz|' --beam=18.0 --lattice-beam=10.0 --acoustic-scale=0.2 --max-mem=20000000 --max-active=5000 --word-symbol-table=data/lang/words.txt exp/sgmm2_4_ali/final.mdl exp/sgmm2_4_denlats/dengraph/HCLG.fst 'ark,s,cs:apply-cmvn --utt2spk=ark:data/train/split30/15/split30utt/28/utt2spk scp:data/train/split30/15/split30utt/28/cmvn.scp scp:data/train/split30/15/split30utt/28/feats.scp ark:- | splice-feats --left-context=3 --right-context=3 ark:- ark:- | transform-feats exp/sgmm2_4_ali/final.mat ark:- ark:- | transform-feats --utt2spk=ark:data/train/split30/15/split30utt/28/utt2spk ark:exp/tri3_ali/trans.15 ark:- ark:- |' 'ark:|gzip -c >exp/sgmm2_4_denlats/lat.15.28.gz' 
transform-feats exp/sgmm2_4_ali/final.mat ark:- ark:- 
transform-feats --utt2spk=ark:data/train/split30/15/split30utt/28/utt2spk ark:exp/tri3_ali/trans.15 ark:- ark:- 
apply-cmvn --utt2spk=ark:data/train/split30/15/split30utt/28/utt2spk scp:data/train/split30/15/split30utt/28/cmvn.scp scp:data/train/split30/15/split30utt/28/feats.scp ark:- 
LOG (apply-cmvn[5.5.208~1-b0fc0]:main():apply-cmvn.cc:162) Applied cepstral mean normalization to 4 utterances, errors on 0
splice-feats --left-context=3 --right-context=3 ark:- ark:- 
LOG (transform-feats[5.5.208~1-b0fc0]:main():transform-feats.cc:158) Overall average [pseudo-]logdet is -88.6037 over 947 frames.
LOG (transform-feats[5.5.208~1-b0fc0]:main():transform-feats.cc:161) Applied transform to 4 utterances; 0 had errors.
MGAG0_SX241 sil dh ax hh aa l w ey ow cl p ix n z ix n cl t ah ey hh uw vcl jh cl ch ey m vcl b er sil 
LOG (sgmm2-latgen-faster[5.5.208~1-b0fc0]:DecodeUtteranceLatticeFaster():decoder-wrappers.cc:289) Log-like per frame for utterance MGAG0_SX241 is -9.0375 over 214 frames.
LOG (sgmm2-latgen-faster[5.5.208~1-b0fc0]:main():sgmm2-latgen-faster.cc:209) Log-like per frame for utterance MGAG0_SX241 is -9.0375 over 214 frames.
MGAG0_SX331 sil dh ax vcl b ih vcl d aa vcl l ah v cl t ix cl ch uw aa n ow l vcl d r ae vcl d aa l sil 
LOG (sgmm2-latgen-faster[5.5.208~1-b0fc0]:DecodeUtteranceLatticeFaster():decoder-wrappers.cc:289) Log-like per frame for utterance MGAG0_SX331 is -8.71525 over 235 frames.
LOG (sgmm2-latgen-faster[5.5.208~1-b0fc0]:main():sgmm2-latgen-faster.cc:209) Log-like per frame for utterance MGAG0_SX331 is -8.71525 over 235 frames.
LOG (transform-feats[5.5.208~1-b0fc0]:main():transform-feats.cc:158) Overall average logdet is 5.00959 over 947 frames.
LOG (transform-feats[5.5.208~1-b0fc0]:main():transform-feats.cc:161) Applied transform to 4 utterances; 0 had errors.
MGAG0_SX421 sil dh ow z hh uw cl t iy cl ch v ae y uw z f er s cl t ax vcl b aa l ix sh cl ch iy dx ix ng sil 
LOG (sgmm2-latgen-faster[5.5.208~1-b0fc0]:DecodeUtteranceLatticeFaster():decoder-wrappers.cc:289) Log-like per frame for utterance MGAG0_SX421 is -8.63701 over 227 frames.
LOG (sgmm2-latgen-faster[5.5.208~1-b0fc0]:main():sgmm2-latgen-faster.cc:209) Log-like per frame for utterance MGAG0_SX421 is -8.63701 over 227 frames.
MGAG0_SX61 sil ch ao cl k l ih en r ow z ix z n eh v er f ey l ax z ax r ow m ae n ix cl g ih f cl t sil 
LOG (sgmm2-latgen-faster[5.5.208~1-b0fc0]:DecodeUtteranceLatticeFaster():decoder-wrappers.cc:289) Log-like per frame for utterance MGAG0_SX61 is -9.41172 over 271 frames.
LOG (sgmm2-latgen-faster[5.5.208~1-b0fc0]:main():sgmm2-latgen-faster.cc:209) Log-like per frame for utterance MGAG0_SX61 is -9.41172 over 271 frames.
LOG (sgmm2-latgen-faster[5.5.208~1-b0fc0]:main():sgmm2-latgen-faster.cc:252) Time taken [excluding initialization] 12.3601s: real-time factor assuming 100 frames/sec is 1.30518
LOG (sgmm2-latgen-faster[5.5.208~1-b0fc0]:main():sgmm2-latgen-faster.cc:255) Done 4 utterances, failed for 0
LOG (sgmm2-latgen-faster[5.5.208~1-b0fc0]:main():sgmm2-latgen-faster.cc:257) Overall log-likelihood per frame = -8.96862 over 947 frames.
WARNING (sgmm2-latgen-faster[5.5.208~1-b0fc0]:Close():kaldi-io.cc:515) Pipe gunzip -c exp/sgmm2_4_ali/gselect.15.gz| had nonzero return status 36096
# Accounting: time=13 threads=1
# Ended (code 0) at Wed Feb 27 15:39:44 +07 2019, elapsed time 13 seconds
