# sgmm2-latgen-faster --spk-vecs=ark:exp/sgmm2_4_ali/vecs.15 --utt2spk=ark:data/train/split30/15/utt2spk "--gselect=ark,s,cs:gunzip -c exp/sgmm2_4_ali/gselect.15.gz|" --beam=18.0 --lattice-beam=10.0 --acoustic-scale=0.2 --max-mem=20000000 --max-active=5000 --word-symbol-table=data/lang/words.txt exp/sgmm2_4_ali/final.mdl exp/sgmm2_4_denlats/dengraph/HCLG.fst "ark,s,cs:apply-cmvn --utt2spk=ark:data/train/split30/15/split30utt/23/utt2spk scp:data/train/split30/15/split30utt/23/cmvn.scp scp:data/train/split30/15/split30utt/23/feats.scp ark:- | splice-feats --left-context=3 --right-context=3 ark:- ark:- | transform-feats exp/sgmm2_4_ali/final.mat ark:- ark:- | transform-feats --utt2spk=ark:data/train/split30/15/split30utt/23/utt2spk ark:exp/tri3_ali/trans.15 ark:- ark:- |" "ark:|gzip -c >exp/sgmm2_4_denlats/lat.15.23.gz" 
# Started at Wed Feb 27 15:39:09 +07 2019
#
sgmm2-latgen-faster --spk-vecs=ark:exp/sgmm2_4_ali/vecs.15 --utt2spk=ark:data/train/split30/15/utt2spk '--gselect=ark,s,cs:gunzip -c exp/sgmm2_4_ali/gselect.15.gz|' --beam=18.0 --lattice-beam=10.0 --acoustic-scale=0.2 --max-mem=20000000 --max-active=5000 --word-symbol-table=data/lang/words.txt exp/sgmm2_4_ali/final.mdl exp/sgmm2_4_denlats/dengraph/HCLG.fst 'ark,s,cs:apply-cmvn --utt2spk=ark:data/train/split30/15/split30utt/23/utt2spk scp:data/train/split30/15/split30utt/23/cmvn.scp scp:data/train/split30/15/split30utt/23/feats.scp ark:- | splice-feats --left-context=3 --right-context=3 ark:- ark:- | transform-feats exp/sgmm2_4_ali/final.mat ark:- ark:- | transform-feats --utt2spk=ark:data/train/split30/15/split30utt/23/utt2spk ark:exp/tri3_ali/trans.15 ark:- ark:- |' 'ark:|gzip -c >exp/sgmm2_4_denlats/lat.15.23.gz' 
transform-feats --utt2spk=ark:data/train/split30/15/split30utt/23/utt2spk ark:exp/tri3_ali/trans.15 ark:- ark:- 
transform-feats exp/sgmm2_4_ali/final.mat ark:- ark:- 
splice-feats --left-context=3 --right-context=3 ark:- ark:- 
apply-cmvn --utt2spk=ark:data/train/split30/15/split30utt/23/utt2spk scp:data/train/split30/15/split30utt/23/cmvn.scp scp:data/train/split30/15/split30utt/23/feats.scp ark:- 
LOG (apply-cmvn[5.5.208~1-b0fc0]:main():apply-cmvn.cc:162) Applied cepstral mean normalization to 4 utterances, errors on 0
MFXV0_SI1005 sil k eh s cl t er oy l m ey vcl f r m cl k ae s cl t er vcl b iy n z hh eh z vcl g ao n aw dx ax v s cl t ay l eh z ix m eh dx ix s en sil 
LOG (sgmm2-latgen-faster[5.5.208~1-b0fc0]:DecodeUtteranceLatticeFaster():decoder-wrappers.cc:289) Log-like per frame for utterance MFXV0_SI1005 is -8.28623 over 408 frames.
LOG (sgmm2-latgen-faster[5.5.208~1-b0fc0]:main():sgmm2-latgen-faster.cc:209) Log-like per frame for utterance MFXV0_SI1005 is -8.28623 over 408 frames.
LOG (transform-feats[5.5.208~1-b0fc0]:main():transform-feats.cc:158) Overall average [pseudo-]logdet is -88.6037 over 1270 frames.
LOG (transform-feats[5.5.208~1-b0fc0]:main():transform-feats.cc:161) Applied transform to 4 utterances; 0 had errors.
MFXV0_SI1342 sil b iy f ao r dx er r ay v ih ng n ih s f ao r m y ix l ah cl w iy ix cl s cl p l ey n w ah w iy m iy n vcl b ay cl p r aa vcl l m z ax v dh ix s cl k ay n vcl d sil 
LOG (sgmm2-latgen-faster[5.5.208~1-b0fc0]:DecodeUtteranceLatticeFaster():decoder-wrappers.cc:289) Log-like per frame for utterance MFXV0_SI1342 is -8.7751 over 433 frames.
LOG (sgmm2-latgen-faster[5.5.208~1-b0fc0]:main():sgmm2-latgen-faster.cc:209) Log-like per frame for utterance MFXV0_SI1342 is -8.7751 over 433 frames.
LOG (transform-feats[5.5.208~1-b0fc0]:main():transform-feats.cc:158) Overall average logdet is 3.7577 over 1270 frames.
LOG (transform-feats[5.5.208~1-b0fc0]:main():transform-feats.cc:161) Applied transform to 4 utterances; 0 had errors.
MFXV0_SI1635 sil w iy v vcl g ah cl p l eh n iy ix v cl t ay m vcl d ix th ih ng cl k ax vcl b aw cl dh ae cl sil 
LOG (sgmm2-latgen-faster[5.5.208~1-b0fc0]:DecodeUtteranceLatticeFaster():decoder-wrappers.cc:289) Log-like per frame for utterance MFXV0_SI1635 is -9.55669 over 205 frames.
LOG (sgmm2-latgen-faster[5.5.208~1-b0fc0]:main():sgmm2-latgen-faster.cc:209) Log-like per frame for utterance MFXV0_SI1635 is -9.55669 over 205 frames.
MFXV0_SX105 sil y uw m ah s cl t ix cl k s cl p l ih s ih cl l iy vcl d ax l iy cl t f ay l epi z sil 
LOG (sgmm2-latgen-faster[5.5.208~1-b0fc0]:DecodeUtteranceLatticeFaster():decoder-wrappers.cc:289) Log-like per frame for utterance MFXV0_SX105 is -9.04978 over 224 frames.
LOG (sgmm2-latgen-faster[5.5.208~1-b0fc0]:main():sgmm2-latgen-faster.cc:209) Log-like per frame for utterance MFXV0_SX105 is -9.04978 over 224 frames.
LOG (sgmm2-latgen-faster[5.5.208~1-b0fc0]:main():sgmm2-latgen-faster.cc:252) Time taken [excluding initialization] 13.7086s: real-time factor assuming 100 frames/sec is 1.07941
LOG (sgmm2-latgen-faster[5.5.208~1-b0fc0]:main():sgmm2-latgen-faster.cc:255) Done 4 utterances, failed for 0
LOG (sgmm2-latgen-faster[5.5.208~1-b0fc0]:main():sgmm2-latgen-faster.cc:257) Overall log-likelihood per frame = -8.79266 over 1270 frames.
WARNING (sgmm2-latgen-faster[5.5.208~1-b0fc0]:Close():kaldi-io.cc:515) Pipe gunzip -c exp/sgmm2_4_ali/gselect.15.gz| had nonzero return status 36096
# Accounting: time=15 threads=1
# Ended (code 0) at Wed Feb 27 15:39:24 +07 2019, elapsed time 15 seconds
