# sgmm2-latgen-faster --spk-vecs=ark:exp/sgmm2_4_ali/vecs.15 --utt2spk=ark:data/train/split30/15/utt2spk "--gselect=ark,s,cs:gunzip -c exp/sgmm2_4_ali/gselect.15.gz|" --beam=18.0 --lattice-beam=10.0 --acoustic-scale=0.2 --max-mem=20000000 --max-active=5000 --word-symbol-table=data/lang/words.txt exp/sgmm2_4_ali/final.mdl exp/sgmm2_4_denlats/dengraph/HCLG.fst "ark,s,cs:apply-cmvn --utt2spk=ark:data/train/split30/15/split30utt/24/utt2spk scp:data/train/split30/15/split30utt/24/cmvn.scp scp:data/train/split30/15/split30utt/24/feats.scp ark:- | splice-feats --left-context=3 --right-context=3 ark:- ark:- | transform-feats exp/sgmm2_4_ali/final.mat ark:- ark:- | transform-feats --utt2spk=ark:data/train/split30/15/split30utt/24/utt2spk ark:exp/tri3_ali/trans.15 ark:- ark:- |" "ark:|gzip -c >exp/sgmm2_4_denlats/lat.15.24.gz" 
# Started at Wed Feb 27 15:39:19 +07 2019
#
sgmm2-latgen-faster --spk-vecs=ark:exp/sgmm2_4_ali/vecs.15 --utt2spk=ark:data/train/split30/15/utt2spk '--gselect=ark,s,cs:gunzip -c exp/sgmm2_4_ali/gselect.15.gz|' --beam=18.0 --lattice-beam=10.0 --acoustic-scale=0.2 --max-mem=20000000 --max-active=5000 --word-symbol-table=data/lang/words.txt exp/sgmm2_4_ali/final.mdl exp/sgmm2_4_denlats/dengraph/HCLG.fst 'ark,s,cs:apply-cmvn --utt2spk=ark:data/train/split30/15/split30utt/24/utt2spk scp:data/train/split30/15/split30utt/24/cmvn.scp scp:data/train/split30/15/split30utt/24/feats.scp ark:- | splice-feats --left-context=3 --right-context=3 ark:- ark:- | transform-feats exp/sgmm2_4_ali/final.mat ark:- ark:- | transform-feats --utt2spk=ark:data/train/split30/15/split30utt/24/utt2spk ark:exp/tri3_ali/trans.15 ark:- ark:- |' 'ark:|gzip -c >exp/sgmm2_4_denlats/lat.15.24.gz' 
transform-feats --utt2spk=ark:data/train/split30/15/split30utt/24/utt2spk ark:exp/tri3_ali/trans.15 ark:- ark:- 
apply-cmvn --utt2spk=ark:data/train/split30/15/split30utt/24/utt2spk scp:data/train/split30/15/split30utt/24/cmvn.scp scp:data/train/split30/15/split30utt/24/feats.scp ark:- 
LOG (apply-cmvn[5.5.208~1-b0fc0]:main():apply-cmvn.cc:162) Applied cepstral mean normalization to 4 utterances, errors on 0
transform-feats exp/sgmm2_4_ali/final.mat ark:- ark:- 
splice-feats --left-context=3 --right-context=3 ark:- ark:- 
LOG (transform-feats[5.5.208~1-b0fc0]:main():transform-feats.cc:158) Overall average [pseudo-]logdet is -88.6037 over 1018 frames.
LOG (transform-feats[5.5.208~1-b0fc0]:main():transform-feats.cc:161) Applied transform to 4 utterances; 0 had errors.
MFXV0_SX15 sil dh ih m y uw z iy ah m hh ay er z m y uw z ih sh ix n z eh v r iy iy v n ix ng sil 
LOG (sgmm2-latgen-faster[5.5.208~1-b0fc0]:DecodeUtteranceLatticeFaster():decoder-wrappers.cc:289) Log-like per frame for utterance MFXV0_SX15 is -8.12321 over 243 frames.
LOG (sgmm2-latgen-faster[5.5.208~1-b0fc0]:main():sgmm2-latgen-faster.cc:209) Log-like per frame for utterance MFXV0_SX15 is -8.12321 over 243 frames.
MFXV0_SX195 sil w ix vcl y uw ax l aw ae cl k s ax v ay l ax n cl s sil 
LOG (sgmm2-latgen-faster[5.5.208~1-b0fc0]:DecodeUtteranceLatticeFaster():decoder-wrappers.cc:289) Log-like per frame for utterance MFXV0_SX195 is -8.42566 over 187 frames.
LOG (sgmm2-latgen-faster[5.5.208~1-b0fc0]:main():sgmm2-latgen-faster.cc:209) Log-like per frame for utterance MFXV0_SX195 is -8.42566 over 187 frames.
LOG (transform-feats[5.5.208~1-b0fc0]:main():transform-feats.cc:158) Overall average logdet is 3.7577 over 1018 frames.
LOG (transform-feats[5.5.208~1-b0fc0]:main():transform-feats.cc:161) Applied transform to 4 utterances; 0 had errors.
MFXV0_SX285 sil r ih cl ch cl p er cl ch ih cl s cl s eh v r ax l s ay n vcl d l ih th ix vcl g r ae f s sil 
LOG (sgmm2-latgen-faster[5.5.208~1-b0fc0]:DecodeUtteranceLatticeFaster():decoder-wrappers.cc:289) Log-like per frame for utterance MFXV0_SX285 is -9.09096 over 273 frames.
LOG (sgmm2-latgen-faster[5.5.208~1-b0fc0]:main():sgmm2-latgen-faster.cc:209) Log-like per frame for utterance MFXV0_SX285 is -9.09096 over 273 frames.
MFXV0_SX375 sil g r ow ih ng w eh l cl k eh cl t vcl g aa r vcl en z ix z v eh r iy cl t ay m cl k ix n s uw m ix ng sil 
LOG (sgmm2-latgen-faster[5.5.208~1-b0fc0]:DecodeUtteranceLatticeFaster():decoder-wrappers.cc:289) Log-like per frame for utterance MFXV0_SX375 is -9.41674 over 315 frames.
LOG (sgmm2-latgen-faster[5.5.208~1-b0fc0]:main():sgmm2-latgen-faster.cc:209) Log-like per frame for utterance MFXV0_SX375 is -9.41674 over 315 frames.
LOG (sgmm2-latgen-faster[5.5.208~1-b0fc0]:main():sgmm2-latgen-faster.cc:252) Time taken [excluding initialization] 10.8981s: real-time factor assuming 100 frames/sec is 1.07054
LOG (sgmm2-latgen-faster[5.5.208~1-b0fc0]:main():sgmm2-latgen-faster.cc:255) Done 4 utterances, failed for 0
LOG (sgmm2-latgen-faster[5.5.208~1-b0fc0]:main():sgmm2-latgen-faster.cc:257) Overall log-likelihood per frame = -8.83855 over 1018 frames.
WARNING (sgmm2-latgen-faster[5.5.208~1-b0fc0]:Close():kaldi-io.cc:515) Pipe gunzip -c exp/sgmm2_4_ali/gselect.15.gz| had nonzero return status 36096
# Accounting: time=11 threads=1
# Ended (code 0) at Wed Feb 27 15:39:30 +07 2019, elapsed time 11 seconds
