# sgmm2-latgen-faster --spk-vecs=ark:exp/sgmm2_4_ali/vecs.16 --utt2spk=ark:data/train/split30/16/utt2spk "--gselect=ark,s,cs:gunzip -c exp/sgmm2_4_ali/gselect.16.gz|" --beam=18.0 --lattice-beam=10.0 --acoustic-scale=0.2 --max-mem=20000000 --max-active=5000 --word-symbol-table=data/lang/words.txt exp/sgmm2_4_ali/final.mdl exp/sgmm2_4_denlats/dengraph/HCLG.fst "ark,s,cs:apply-cmvn --utt2spk=ark:data/train/split30/16/split30utt/25/utt2spk scp:data/train/split30/16/split30utt/25/cmvn.scp scp:data/train/split30/16/split30utt/25/feats.scp ark:- | splice-feats --left-context=3 --right-context=3 ark:- ark:- | transform-feats exp/sgmm2_4_ali/final.mat ark:- ark:- | transform-feats --utt2spk=ark:data/train/split30/16/split30utt/25/utt2spk ark:exp/tri3_ali/trans.16 ark:- ark:- |" "ark:|gzip -c >exp/sgmm2_4_denlats/lat.16.25.gz" 
# Started at Wed Feb 27 15:39:42 +07 2019
#
sgmm2-latgen-faster --spk-vecs=ark:exp/sgmm2_4_ali/vecs.16 --utt2spk=ark:data/train/split30/16/utt2spk '--gselect=ark,s,cs:gunzip -c exp/sgmm2_4_ali/gselect.16.gz|' --beam=18.0 --lattice-beam=10.0 --acoustic-scale=0.2 --max-mem=20000000 --max-active=5000 --word-symbol-table=data/lang/words.txt exp/sgmm2_4_ali/final.mdl exp/sgmm2_4_denlats/dengraph/HCLG.fst 'ark,s,cs:apply-cmvn --utt2spk=ark:data/train/split30/16/split30utt/25/utt2spk scp:data/train/split30/16/split30utt/25/cmvn.scp scp:data/train/split30/16/split30utt/25/feats.scp ark:- | splice-feats --left-context=3 --right-context=3 ark:- ark:- | transform-feats exp/sgmm2_4_ali/final.mat ark:- ark:- | transform-feats --utt2spk=ark:data/train/split30/16/split30utt/25/utt2spk ark:exp/tri3_ali/trans.16 ark:- ark:- |' 'ark:|gzip -c >exp/sgmm2_4_denlats/lat.16.25.gz' 
apply-cmvn --utt2spk=ark:data/train/split30/16/split30utt/25/utt2spk scp:data/train/split30/16/split30utt/25/cmvn.scp scp:data/train/split30/16/split30utt/25/feats.scp ark:- 
LOG (apply-cmvn[5.5.208~1-b0fc0]:main():apply-cmvn.cc:162) Applied cepstral mean normalization to 4 utterances, errors on 0
transform-feats exp/sgmm2_4_ali/final.mat ark:- ark:- 
splice-feats --left-context=3 --right-context=3 ark:- ark:- 
transform-feats --utt2spk=ark:data/train/split30/16/split30utt/25/utt2spk ark:exp/tri3_ali/trans.16 ark:- ark:- 
MHMR0_SI1119 sil dh er r eh cl k er vcl t iy m z w ix th r ow m ae n s ix n ix v eh n cl ch er sil 
LOG (sgmm2-latgen-faster[5.5.208~1-b0fc0]:DecodeUtteranceLatticeFaster():decoder-wrappers.cc:289) Log-like per frame for utterance MHMR0_SI1119 is -9.10304 over 252 frames.
LOG (sgmm2-latgen-faster[5.5.208~1-b0fc0]:main():sgmm2-latgen-faster.cc:209) Log-like per frame for utterance MHMR0_SI1119 is -9.10304 over 252 frames.
LOG (transform-feats[5.5.208~1-b0fc0]:main():transform-feats.cc:158) Overall average [pseudo-]logdet is -88.6037 over 1327 frames.
LOG (transform-feats[5.5.208~1-b0fc0]:main():transform-feats.cc:161) Applied transform to 4 utterances; 0 had errors.
MHMR0_SI1692 sil ih cl k s eh cl f er dh ow z m ih ix cl s ix n hh er r uw m sil hh iy hh eh vcl d l ao s cl t ah cl ch epi w ix th hh er ae z er r ih ae l cl t ix sil 
LOG (sgmm2-latgen-faster[5.5.208~1-b0fc0]:DecodeUtteranceLatticeFaster():decoder-wrappers.cc:289) Log-like per frame for utterance MHMR0_SI1692 is -8.62583 over 452 frames.
LOG (sgmm2-latgen-faster[5.5.208~1-b0fc0]:main():sgmm2-latgen-faster.cc:209) Log-like per frame for utterance MHMR0_SI1692 is -8.62583 over 452 frames.
LOG (transform-feats[5.5.208~1-b0fc0]:main():transform-feats.cc:158) Overall average logdet is 1.25783 over 1327 frames.
LOG (transform-feats[5.5.208~1-b0fc0]:main():transform-feats.cc:161) Applied transform to 4 utterances; 0 had errors.
MHMR0_SI489 sil w iy m ah s vcl b iy r eh dx iy f er ih n iy n iy dx ix vcl s ae cl k er f ay s sil 
LOG (sgmm2-latgen-faster[5.5.208~1-b0fc0]:DecodeUtteranceLatticeFaster():decoder-wrappers.cc:289) Log-like per frame for utterance MHMR0_SI489 is -8.06053 over 328 frames.
LOG (sgmm2-latgen-faster[5.5.208~1-b0fc0]:main():sgmm2-latgen-faster.cc:209) Log-like per frame for utterance MHMR0_SI489 is -8.06053 over 328 frames.
MHMR0_SX129 sil ae ng vcl g ao er cl k ae cl s aa r f er ih er dh eh n s ay m iy z sil 
LOG (sgmm2-latgen-faster[5.5.208~1-b0fc0]:DecodeUtteranceLatticeFaster():decoder-wrappers.cc:289) Log-like per frame for utterance MHMR0_SX129 is -7.31746 over 295 frames.
LOG (sgmm2-latgen-faster[5.5.208~1-b0fc0]:main():sgmm2-latgen-faster.cc:209) Log-like per frame for utterance MHMR0_SX129 is -7.31746 over 295 frames.
LOG (sgmm2-latgen-faster[5.5.208~1-b0fc0]:main():sgmm2-latgen-faster.cc:252) Time taken [excluding initialization] 9.54893s: real-time factor assuming 100 frames/sec is 0.719588
LOG (sgmm2-latgen-faster[5.5.208~1-b0fc0]:main():sgmm2-latgen-faster.cc:255) Done 4 utterances, failed for 0
LOG (sgmm2-latgen-faster[5.5.208~1-b0fc0]:main():sgmm2-latgen-faster.cc:257) Overall log-likelihood per frame = -8.28587 over 1327 frames.
WARNING (sgmm2-latgen-faster[5.5.208~1-b0fc0]:Close():kaldi-io.cc:515) Pipe gunzip -c exp/sgmm2_4_ali/gselect.16.gz| had nonzero return status 36096
# Accounting: time=10 threads=1
# Ended (code 0) at Wed Feb 27 15:39:52 +07 2019, elapsed time 10 seconds
