# sgmm2-latgen-faster --spk-vecs=ark:exp/sgmm2_4_ali/vecs.16 --utt2spk=ark:data/train/split30/16/utt2spk "--gselect=ark,s,cs:gunzip -c exp/sgmm2_4_ali/gselect.16.gz|" --beam=18.0 --lattice-beam=10.0 --acoustic-scale=0.2 --max-mem=20000000 --max-active=5000 --word-symbol-table=data/lang/words.txt exp/sgmm2_4_ali/final.mdl exp/sgmm2_4_denlats/dengraph/HCLG.fst "ark,s,cs:apply-cmvn --utt2spk=ark:data/train/split30/16/split30utt/1/utt2spk scp:data/train/split30/16/split30utt/1/cmvn.scp scp:data/train/split30/16/split30utt/1/feats.scp ark:- | splice-feats --left-context=3 --right-context=3 ark:- ark:- | transform-feats exp/sgmm2_4_ali/final.mat ark:- ark:- | transform-feats --utt2spk=ark:data/train/split30/16/split30utt/1/utt2spk ark:exp/tri3_ali/trans.16 ark:- ark:- |" "ark:|gzip -c >exp/sgmm2_4_denlats/lat.16.1.gz" 
# Started at Wed Feb 27 15:38:05 +07 2019
#
sgmm2-latgen-faster --spk-vecs=ark:exp/sgmm2_4_ali/vecs.16 --utt2spk=ark:data/train/split30/16/utt2spk '--gselect=ark,s,cs:gunzip -c exp/sgmm2_4_ali/gselect.16.gz|' --beam=18.0 --lattice-beam=10.0 --acoustic-scale=0.2 --max-mem=20000000 --max-active=5000 --word-symbol-table=data/lang/words.txt exp/sgmm2_4_ali/final.mdl exp/sgmm2_4_denlats/dengraph/HCLG.fst 'ark,s,cs:apply-cmvn --utt2spk=ark:data/train/split30/16/split30utt/1/utt2spk scp:data/train/split30/16/split30utt/1/cmvn.scp scp:data/train/split30/16/split30utt/1/feats.scp ark:- | splice-feats --left-context=3 --right-context=3 ark:- ark:- | transform-feats exp/sgmm2_4_ali/final.mat ark:- ark:- | transform-feats --utt2spk=ark:data/train/split30/16/split30utt/1/utt2spk ark:exp/tri3_ali/trans.16 ark:- ark:- |' 'ark:|gzip -c >exp/sgmm2_4_denlats/lat.16.1.gz' 
splice-feats --left-context=3 --right-context=3 ark:- ark:- 
apply-cmvn --utt2spk=ark:data/train/split30/16/split30utt/1/utt2spk scp:data/train/split30/16/split30utt/1/cmvn.scp scp:data/train/split30/16/split30utt/1/feats.scp ark:- 
transform-feats --utt2spk=ark:data/train/split30/16/split30utt/1/utt2spk ark:exp/tri3_ali/trans.16 ark:- ark:- 
transform-feats exp/sgmm2_4_ali/final.mat ark:- ark:- 
LOG (apply-cmvn[5.5.208~1-b0fc0]:main():apply-cmvn.cc:162) Applied cepstral mean normalization to 5 utterances, errors on 0
MGAR0_SI1212 sil dh ey er n aa cl t r uw vcl b iy cl k ah s ay n cl t ih s er cl p r aa f ix cl t s ey dh ey er cl t r uw sil 
LOG (sgmm2-latgen-faster[5.5.208~1-b0fc0]:DecodeUtteranceLatticeFaster():decoder-wrappers.cc:289) Log-like per frame for utterance MGAR0_SI1212 is -8.44422 over 370 frames.
LOG (sgmm2-latgen-faster[5.5.208~1-b0fc0]:main():sgmm2-latgen-faster.cc:209) Log-like per frame for utterance MGAR0_SI1212 is -8.44422 over 370 frames.
LOG (transform-feats[5.5.208~1-b0fc0]:main():transform-feats.cc:158) Overall average [pseudo-]logdet is -88.6037 over 1467 frames.
LOG (transform-feats[5.5.208~1-b0fc0]:main():transform-feats.cc:161) Applied transform to 5 utterances; 0 had errors.
MGAR0_SI1694 sil s ah m w ah n r iy z ax v l iy cl t r ah s epi w er th iy sil 
LOG (sgmm2-latgen-faster[5.5.208~1-b0fc0]:DecodeUtteranceLatticeFaster():decoder-wrappers.cc:289) Log-like per frame for utterance MGAR0_SI1694 is -9.18283 over 216 frames.
LOG (sgmm2-latgen-faster[5.5.208~1-b0fc0]:main():sgmm2-latgen-faster.cc:209) Log-like per frame for utterance MGAR0_SI1694 is -9.18283 over 216 frames.
MGAR0_SI1842 sil w ix n sh iy ax w ow cl k sil sh iy w ih s dh ix sh ih cl p sil 
LOG (sgmm2-latgen-faster[5.5.208~1-b0fc0]:DecodeUtteranceLatticeFaster():decoder-wrappers.cc:289) Log-like per frame for utterance MGAR0_SI1842 is -8.01665 over 249 frames.
LOG (sgmm2-latgen-faster[5.5.208~1-b0fc0]:main():sgmm2-latgen-faster.cc:209) Log-like per frame for utterance MGAR0_SI1842 is -8.01665 over 249 frames.
LOG (transform-feats[5.5.208~1-b0fc0]:main():transform-feats.cc:158) Overall average logdet is 4.20607 over 1467 frames.
LOG (transform-feats[5.5.208~1-b0fc0]:main():transform-feats.cc:161) Applied transform to 5 utterances; 0 had errors.
MGAR0_SX132 sil p ax vcl b l ih s ih dx iy hh eh n ow dx er ay dx iy vcl g ow hh ae n vcl d ix n hh ae n vcl d sil 
LOG (sgmm2-latgen-faster[5.5.208~1-b0fc0]:DecodeUtteranceLatticeFaster():decoder-wrappers.cc:289) Log-like per frame for utterance MGAR0_SX132 is -8.25398 over 296 frames.
LOG (sgmm2-latgen-faster[5.5.208~1-b0fc0]:main():sgmm2-latgen-faster.cc:209) Log-like per frame for utterance MGAR0_SX132 is -8.25398 over 296 frames.
MGAR0_SX222 sil y uw oy s cl k ah m ah m cl p w ax dh cl p ae th ax l aa vcl jh ax cl k el ax vcl g z ae m cl p el z sil 
LOG (sgmm2-latgen-faster[5.5.208~1-b0fc0]:DecodeUtteranceLatticeFaster():decoder-wrappers.cc:289) Log-like per frame for utterance MGAR0_SX222 is -9.46504 over 336 frames.
LOG (sgmm2-latgen-faster[5.5.208~1-b0fc0]:main():sgmm2-latgen-faster.cc:209) Log-like per frame for utterance MGAR0_SX222 is -9.46504 over 336 frames.
LOG (sgmm2-latgen-faster[5.5.208~1-b0fc0]:main():sgmm2-latgen-faster.cc:252) Time taken [excluding initialization] 17.0671s: real-time factor assuming 100 frames/sec is 1.1634
LOG (sgmm2-latgen-faster[5.5.208~1-b0fc0]:main():sgmm2-latgen-faster.cc:255) Done 5 utterances, failed for 0
LOG (sgmm2-latgen-faster[5.5.208~1-b0fc0]:main():sgmm2-latgen-faster.cc:257) Overall log-likelihood per frame = -8.67583 over 1467 frames.
WARNING (sgmm2-latgen-faster[5.5.208~1-b0fc0]:Close():kaldi-io.cc:515) Pipe gunzip -c exp/sgmm2_4_ali/gselect.16.gz| had nonzero return status 36096
# Accounting: time=18 threads=1
# Ended (code 0) at Wed Feb 27 15:38:23 +07 2019, elapsed time 18 seconds
