# sgmm2-latgen-faster --spk-vecs=ark:exp/sgmm2_4_ali/vecs.16 --utt2spk=ark:data/train/split30/16/utt2spk "--gselect=ark,s,cs:gunzip -c exp/sgmm2_4_ali/gselect.16.gz|" --beam=18.0 --lattice-beam=10.0 --acoustic-scale=0.2 --max-mem=20000000 --max-active=5000 --word-symbol-table=data/lang/words.txt exp/sgmm2_4_ali/final.mdl exp/sgmm2_4_denlats/dengraph/HCLG.fst "ark,s,cs:apply-cmvn --utt2spk=ark:data/train/split30/16/split30utt/17/utt2spk scp:data/train/split30/16/split30utt/17/cmvn.scp scp:data/train/split30/16/split30utt/17/feats.scp ark:- | splice-feats --left-context=3 --right-context=3 ark:- ark:- | transform-feats exp/sgmm2_4_ali/final.mat ark:- ark:- | transform-feats --utt2spk=ark:data/train/split30/16/split30utt/17/utt2spk ark:exp/tri3_ali/trans.16 ark:- ark:- |" "ark:|gzip -c >exp/sgmm2_4_denlats/lat.16.17.gz" 
# Started at Wed Feb 27 15:39:15 +07 2019
#
sgmm2-latgen-faster --spk-vecs=ark:exp/sgmm2_4_ali/vecs.16 --utt2spk=ark:data/train/split30/16/utt2spk '--gselect=ark,s,cs:gunzip -c exp/sgmm2_4_ali/gselect.16.gz|' --beam=18.0 --lattice-beam=10.0 --acoustic-scale=0.2 --max-mem=20000000 --max-active=5000 --word-symbol-table=data/lang/words.txt exp/sgmm2_4_ali/final.mdl exp/sgmm2_4_denlats/dengraph/HCLG.fst 'ark,s,cs:apply-cmvn --utt2spk=ark:data/train/split30/16/split30utt/17/utt2spk scp:data/train/split30/16/split30utt/17/cmvn.scp scp:data/train/split30/16/split30utt/17/feats.scp ark:- | splice-feats --left-context=3 --right-context=3 ark:- ark:- | transform-feats exp/sgmm2_4_ali/final.mat ark:- ark:- | transform-feats --utt2spk=ark:data/train/split30/16/split30utt/17/utt2spk ark:exp/tri3_ali/trans.16 ark:- ark:- |' 'ark:|gzip -c >exp/sgmm2_4_denlats/lat.16.17.gz' 
apply-cmvn --utt2spk=ark:data/train/split30/16/split30utt/17/utt2spk scp:data/train/split30/16/split30utt/17/cmvn.scp scp:data/train/split30/16/split30utt/17/feats.scp ark:- 
LOG (apply-cmvn[5.5.208~1-b0fc0]:main():apply-cmvn.cc:162) Applied cepstral mean normalization to 4 utterances, errors on 0
transform-feats --utt2spk=ark:data/train/split30/16/split30utt/17/utt2spk ark:exp/tri3_ali/trans.16 ark:- ark:- 
transform-feats exp/sgmm2_4_ali/final.mat ark:- ark:- 
splice-feats --left-context=3 --right-context=3 ark:- ark:- 
LOG (transform-feats[5.5.208~1-b0fc0]:main():transform-feats.cc:158) Overall average [pseudo-]logdet is -88.6037 over 1265 frames.
LOG (transform-feats[5.5.208~1-b0fc0]:main():transform-feats.cc:161) Applied transform to 4 utterances; 0 had errors.
MHBS0_SI1575 sil s ah dx en l iy sh uw w ix z v er iy m ix s cl t er iy ix s ix n vcl d er m ae dx ix cl k sil 
LOG (sgmm2-latgen-faster[5.5.208~1-b0fc0]:DecodeUtteranceLatticeFaster():decoder-wrappers.cc:289) Log-like per frame for utterance MHBS0_SI1575 is -8.47251 over 259 frames.
LOG (sgmm2-latgen-faster[5.5.208~1-b0fc0]:main():sgmm2-latgen-faster.cc:209) Log-like per frame for utterance MHBS0_SI1575 is -8.47251 over 259 frames.
MHBS0_SI2205 sil sh iy s ao m iy ix n s ae cl d aw n vcl b iy s ay vcl m iy sil th r iy f iy dx ax w ey sil 
LOG (sgmm2-latgen-faster[5.5.208~1-b0fc0]:DecodeUtteranceLatticeFaster():decoder-wrappers.cc:289) Log-like per frame for utterance MHBS0_SI2205 is -8.32946 over 298 frames.
LOG (sgmm2-latgen-faster[5.5.208~1-b0fc0]:main():sgmm2-latgen-faster.cc:209) Log-like per frame for utterance MHBS0_SI2205 is -8.32946 over 298 frames.
LOG (transform-feats[5.5.208~1-b0fc0]:main():transform-feats.cc:158) Overall average logdet is 2.94763 over 1265 frames.
LOG (transform-feats[5.5.208~1-b0fc0]:main():transform-feats.cc:161) Applied transform to 4 utterances; 0 had errors.
MHBS0_SI945 sil eh vcl v ae n ix vcl jh ih z ax f aa r m cl p er v ay vcl s sil ax hh ow l s ax m ix n hh eh l f el ax n v ay er m en cl f er cl ch ix l vcl d r en sil 
LOG (sgmm2-latgen-faster[5.5.208~1-b0fc0]:DecodeUtteranceLatticeFaster():decoder-wrappers.cc:289) Log-like per frame for utterance MHBS0_SI945 is -9.37696 over 422 frames.
LOG (sgmm2-latgen-faster[5.5.208~1-b0fc0]:main():sgmm2-latgen-faster.cc:209) Log-like per frame for utterance MHBS0_SI945 is -9.37696 over 422 frames.
MHBS0_SX135 sil t eh cl n ix cl k el r ay dx er z cl k ix n er vcl b r iy v iy ey dx ih n vcl b ih vcl b l iy aa vcl g er f iy s sil 
LOG (sgmm2-latgen-faster[5.5.208~1-b0fc0]:DecodeUtteranceLatticeFaster():decoder-wrappers.cc:289) Log-like per frame for utterance MHBS0_SX135 is -9.25119 over 286 frames.
LOG (sgmm2-latgen-faster[5.5.208~1-b0fc0]:main():sgmm2-latgen-faster.cc:209) Log-like per frame for utterance MHBS0_SX135 is -9.25119 over 286 frames.
LOG (sgmm2-latgen-faster[5.5.208~1-b0fc0]:main():sgmm2-latgen-faster.cc:252) Time taken [excluding initialization] 14.816s: real-time factor assuming 100 frames/sec is 1.17122
LOG (sgmm2-latgen-faster[5.5.208~1-b0fc0]:main():sgmm2-latgen-faster.cc:255) Done 4 utterances, failed for 0
LOG (sgmm2-latgen-faster[5.5.208~1-b0fc0]:main():sgmm2-latgen-faster.cc:257) Overall log-likelihood per frame = -8.91658 over 1265 frames.
WARNING (sgmm2-latgen-faster[5.5.208~1-b0fc0]:Close():kaldi-io.cc:515) Pipe gunzip -c exp/sgmm2_4_ali/gselect.16.gz| had nonzero return status 36096
# Accounting: time=16 threads=1
# Ended (code 0) at Wed Feb 27 15:39:31 +07 2019, elapsed time 16 seconds
