# sgmm2-latgen-faster --spk-vecs=ark:exp/sgmm2_4_ali/vecs.16 --utt2spk=ark:data/train/split30/16/utt2spk "--gselect=ark,s,cs:gunzip -c exp/sgmm2_4_ali/gselect.16.gz|" --beam=18.0 --lattice-beam=10.0 --acoustic-scale=0.2 --max-mem=20000000 --max-active=5000 --word-symbol-table=data/lang/words.txt exp/sgmm2_4_ali/final.mdl exp/sgmm2_4_denlats/dengraph/HCLG.fst "ark,s,cs:apply-cmvn --utt2spk=ark:data/train/split30/16/split30utt/3/utt2spk scp:data/train/split30/16/split30utt/3/cmvn.scp scp:data/train/split30/16/split30utt/3/feats.scp ark:- | splice-feats --left-context=3 --right-context=3 ark:- ark:- | transform-feats exp/sgmm2_4_ali/final.mat ark:- ark:- | transform-feats --utt2spk=ark:data/train/split30/16/split30utt/3/utt2spk ark:exp/tri3_ali/trans.16 ark:- ark:- |" "ark:|gzip -c >exp/sgmm2_4_denlats/lat.16.3.gz" 
# Started at Wed Feb 27 15:38:05 +07 2019
#
sgmm2-latgen-faster --spk-vecs=ark:exp/sgmm2_4_ali/vecs.16 --utt2spk=ark:data/train/split30/16/utt2spk '--gselect=ark,s,cs:gunzip -c exp/sgmm2_4_ali/gselect.16.gz|' --beam=18.0 --lattice-beam=10.0 --acoustic-scale=0.2 --max-mem=20000000 --max-active=5000 --word-symbol-table=data/lang/words.txt exp/sgmm2_4_ali/final.mdl exp/sgmm2_4_denlats/dengraph/HCLG.fst 'ark,s,cs:apply-cmvn --utt2spk=ark:data/train/split30/16/split30utt/3/utt2spk scp:data/train/split30/16/split30utt/3/cmvn.scp scp:data/train/split30/16/split30utt/3/feats.scp ark:- | splice-feats --left-context=3 --right-context=3 ark:- ark:- | transform-feats exp/sgmm2_4_ali/final.mat ark:- ark:- | transform-feats --utt2spk=ark:data/train/split30/16/split30utt/3/utt2spk ark:exp/tri3_ali/trans.16 ark:- ark:- |' 'ark:|gzip -c >exp/sgmm2_4_denlats/lat.16.3.gz' 
transform-feats --utt2spk=ark:data/train/split30/16/split30utt/3/utt2spk ark:exp/tri3_ali/trans.16 ark:- ark:- 
splice-feats --left-context=3 --right-context=3 ark:- ark:- 
apply-cmvn --utt2spk=ark:data/train/split30/16/split30utt/3/utt2spk scp:data/train/split30/16/split30utt/3/cmvn.scp scp:data/train/split30/16/split30utt/3/feats.scp ark:- 
LOG (apply-cmvn[5.5.208~1-b0fc0]:main():apply-cmvn.cc:162) Applied cepstral mean normalization to 5 utterances, errors on 0
transform-feats exp/sgmm2_4_ali/final.mat ark:- ark:- 
MGAW0_SI535 sil t uw m eh n iy hh eh v vcl b ao vcl d aw n ix n vcl b ih cl k er ix ng sil 
LOG (sgmm2-latgen-faster[5.5.208~1-b0fc0]:DecodeUtteranceLatticeFaster():decoder-wrappers.cc:289) Log-like per frame for utterance MGAW0_SI535 is -8.76378 over 210 frames.
LOG (sgmm2-latgen-faster[5.5.208~1-b0fc0]:main():sgmm2-latgen-faster.cc:209) Log-like per frame for utterance MGAW0_SI535 is -8.76378 over 210 frames.
LOG (transform-feats[5.5.208~1-b0fc0]:main():transform-feats.cc:158) Overall average [pseudo-]logdet is -88.6037 over 1252 frames.
LOG (transform-feats[5.5.208~1-b0fc0]:main():transform-feats.cc:161) Applied transform to 5 utterances; 0 had errors.
MGAW0_SX175 sil s ix v ih er m ay ow cl p iy ih cl k en cl t r ih uw cl t ix vcl t uw r aa n z ih n f ih r ih ao er dx iy cl k aa m cl p l eh cl s sil 
LOG (sgmm2-latgen-faster[5.5.208~1-b0fc0]:DecodeUtteranceLatticeFaster():decoder-wrappers.cc:289) Log-like per frame for utterance MGAW0_SX175 is -8.90393 over 351 frames.
LOG (sgmm2-latgen-faster[5.5.208~1-b0fc0]:main():sgmm2-latgen-faster.cc:209) Log-like per frame for utterance MGAW0_SX175 is -8.90393 over 351 frames.
MGAW0_SX265 sil dh ix s ao ix z vcl b r ow cl k eh n sil s ow cl ch aa cl dh ax w uh dx ix n s cl t eh vcl cl sil 
LOG (sgmm2-latgen-faster[5.5.208~1-b0fc0]:DecodeUtteranceLatticeFaster():decoder-wrappers.cc:289) Log-like per frame for utterance MGAW0_SX265 is -9.39867 over 276 frames.
LOG (sgmm2-latgen-faster[5.5.208~1-b0fc0]:main():sgmm2-latgen-faster.cc:209) Log-like per frame for utterance MGAW0_SX265 is -9.39867 over 276 frames.
LOG (transform-feats[5.5.208~1-b0fc0]:main():transform-feats.cc:158) Overall average logdet is 1.53738 over 1252 frames.
LOG (transform-feats[5.5.208~1-b0fc0]:main():transform-feats.cc:161) Applied transform to 5 utterances; 0 had errors.
MGAW0_SX355 sil d ao l f ax n z aa r n cl t eh l ax vcl jh ix n m er r iy n m ae m el z sil 
LOG (sgmm2-latgen-faster[5.5.208~1-b0fc0]:DecodeUtteranceLatticeFaster():decoder-wrappers.cc:289) Log-like per frame for utterance MGAW0_SX355 is -9.25213 over 205 frames.
LOG (sgmm2-latgen-faster[5.5.208~1-b0fc0]:main():sgmm2-latgen-faster.cc:209) Log-like per frame for utterance MGAW0_SX355 is -9.25213 over 205 frames.
MGAW0_SX445 sil w ah dx ih z ix s l aa r vcl jh th ih ng vcl b ay dh iy ay er n ix ng vcl b ao r vcl sil 
LOG (sgmm2-latgen-faster[5.5.208~1-b0fc0]:DecodeUtteranceLatticeFaster():decoder-wrappers.cc:289) Log-like per frame for utterance MGAW0_SX445 is -8.87704 over 210 frames.
LOG (sgmm2-latgen-faster[5.5.208~1-b0fc0]:main():sgmm2-latgen-faster.cc:209) Log-like per frame for utterance MGAW0_SX445 is -8.87704 over 210 frames.
LOG (sgmm2-latgen-faster[5.5.208~1-b0fc0]:main():sgmm2-latgen-faster.cc:252) Time taken [excluding initialization] 14.3894s: real-time factor assuming 100 frames/sec is 1.14931
LOG (sgmm2-latgen-faster[5.5.208~1-b0fc0]:main():sgmm2-latgen-faster.cc:255) Done 5 utterances, failed for 0
LOG (sgmm2-latgen-faster[5.5.208~1-b0fc0]:main():sgmm2-latgen-faster.cc:257) Overall log-likelihood per frame = -9.04199 over 1252 frames.
WARNING (sgmm2-latgen-faster[5.5.208~1-b0fc0]:Close():kaldi-io.cc:515) Pipe gunzip -c exp/sgmm2_4_ali/gselect.16.gz| had nonzero return status 36096
# Accounting: time=15 threads=1
# Ended (code 0) at Wed Feb 27 15:38:20 +07 2019, elapsed time 15 seconds
