# sgmm2-latgen-faster --spk-vecs=ark:exp/sgmm2_4_ali/vecs.16 --utt2spk=ark:data/train/split30/16/utt2spk "--gselect=ark,s,cs:gunzip -c exp/sgmm2_4_ali/gselect.16.gz|" --beam=18.0 --lattice-beam=10.0 --acoustic-scale=0.2 --max-mem=20000000 --max-active=5000 --word-symbol-table=data/lang/words.txt exp/sgmm2_4_ali/final.mdl exp/sgmm2_4_denlats/dengraph/HCLG.fst "ark,s,cs:apply-cmvn --utt2spk=ark:data/train/split30/16/split30utt/8/utt2spk scp:data/train/split30/16/split30utt/8/cmvn.scp scp:data/train/split30/16/split30utt/8/feats.scp ark:- | splice-feats --left-context=3 --right-context=3 ark:- ark:- | transform-feats exp/sgmm2_4_ali/final.mat ark:- ark:- | transform-feats --utt2spk=ark:data/train/split30/16/split30utt/8/utt2spk ark:exp/tri3_ali/trans.16 ark:- ark:- |" "ark:|gzip -c >exp/sgmm2_4_denlats/lat.16.8.gz" 
# Started at Wed Feb 27 15:38:26 +07 2019
#
sgmm2-latgen-faster --spk-vecs=ark:exp/sgmm2_4_ali/vecs.16 --utt2spk=ark:data/train/split30/16/utt2spk '--gselect=ark,s,cs:gunzip -c exp/sgmm2_4_ali/gselect.16.gz|' --beam=18.0 --lattice-beam=10.0 --acoustic-scale=0.2 --max-mem=20000000 --max-active=5000 --word-symbol-table=data/lang/words.txt exp/sgmm2_4_ali/final.mdl exp/sgmm2_4_denlats/dengraph/HCLG.fst 'ark,s,cs:apply-cmvn --utt2spk=ark:data/train/split30/16/split30utt/8/utt2spk scp:data/train/split30/16/split30utt/8/cmvn.scp scp:data/train/split30/16/split30utt/8/feats.scp ark:- | splice-feats --left-context=3 --right-context=3 ark:- ark:- | transform-feats exp/sgmm2_4_ali/final.mat ark:- ark:- | transform-feats --utt2spk=ark:data/train/split30/16/split30utt/8/utt2spk ark:exp/tri3_ali/trans.16 ark:- ark:- |' 'ark:|gzip -c >exp/sgmm2_4_denlats/lat.16.8.gz' 
splice-feats --left-context=3 --right-context=3 ark:- ark:- 
apply-cmvn --utt2spk=ark:data/train/split30/16/split30utt/8/utt2spk scp:data/train/split30/16/split30utt/8/cmvn.scp scp:data/train/split30/16/split30utt/8/feats.scp ark:- 
transform-feats --utt2spk=ark:data/train/split30/16/split30utt/8/utt2spk ark:exp/tri3_ali/trans.16 ark:- ark:- 
transform-feats exp/sgmm2_4_ali/final.mat ark:- ark:- 
LOG (apply-cmvn[5.5.208~1-b0fc0]:main():apply-cmvn.cc:162) Applied cepstral mean normalization to 5 utterances, errors on 0
MGRL0_SX147 sil k r eh cl t ih cl k s cl k y uw sh en ah vcl m eh n s cl t r ah cl k sh en z ih z cl k r uw sh el sil 
LOG (sgmm2-latgen-faster[5.5.208~1-b0fc0]:DecodeUtteranceLatticeFaster():decoder-wrappers.cc:289) Log-like per frame for utterance MGRL0_SX147 is -9.78506 over 249 frames.
LOG (sgmm2-latgen-faster[5.5.208~1-b0fc0]:main():sgmm2-latgen-faster.cc:209) Log-like per frame for utterance MGRL0_SX147 is -9.78506 over 249 frames.
MGRL0_SX237 sil cl k er ih ax w ah z ax cl t w ao f sil 
LOG (sgmm2-latgen-faster[5.5.208~1-b0fc0]:DecodeUtteranceLatticeFaster():decoder-wrappers.cc:289) Log-like per frame for utterance MGRL0_SX237 is -8.25718 over 124 frames.
LOG (sgmm2-latgen-faster[5.5.208~1-b0fc0]:main():sgmm2-latgen-faster.cc:209) Log-like per frame for utterance MGRL0_SX237 is -8.25718 over 124 frames.
LOG (transform-feats[5.5.208~1-b0fc0]:main():transform-feats.cc:158) Overall average [pseudo-]logdet is -88.6037 over 1413 frames.
LOG (transform-feats[5.5.208~1-b0fc0]:main():transform-feats.cc:161) Applied transform to 5 utterances; 0 had errors.
MGRL0_SX327 sil ae l r iy s iy vcl d ix vcl jh oy n ax cl p oy m ix n cl ix n dh ax vcl b ay aa l ax vcl jh iy ae n dh iy ih n vcl jh ix n ih r ix ng vcl ix cl p aa r m ix n cl t s sil 
LOG (sgmm2-latgen-faster[5.5.208~1-b0fc0]:DecodeUtteranceLatticeFaster():decoder-wrappers.cc:289) Log-like per frame for utterance MGRL0_SX327 is -8.96153 over 546 frames.
LOG (sgmm2-latgen-faster[5.5.208~1-b0fc0]:main():sgmm2-latgen-faster.cc:209) Log-like per frame for utterance MGRL0_SX327 is -8.96153 over 546 frames.
LOG (transform-feats[5.5.208~1-b0fc0]:main():transform-feats.cc:158) Overall average logdet is 2.06725 over 1413 frames.
LOG (transform-feats[5.5.208~1-b0fc0]:main():transform-feats.cc:161) Applied transform to 5 utterances; 0 had errors.
MGRL0_SX417 sil v ae l iy l aa vcl jh y ih er l iy s eh l ax vcl b r ey cl s ax f er s cl k ae f vcl b ao n sil 
LOG (sgmm2-latgen-faster[5.5.208~1-b0fc0]:DecodeUtteranceLatticeFaster():decoder-wrappers.cc:289) Log-like per frame for utterance MGRL0_SX417 is -8.13357 over 294 frames.
LOG (sgmm2-latgen-faster[5.5.208~1-b0fc0]:main():sgmm2-latgen-faster.cc:209) Log-like per frame for utterance MGRL0_SX417 is -8.13357 over 294 frames.
MGRL0_SX57 sil dh cl p r aw l ah w ao r ax s cl k iy m ae s f ao vcl d ax s vcl g ay s sil 
LOG (sgmm2-latgen-faster[5.5.208~1-b0fc0]:DecodeUtteranceLatticeFaster():decoder-wrappers.cc:289) Log-like per frame for utterance MGRL0_SX57 is -8.68027 over 200 frames.
LOG (sgmm2-latgen-faster[5.5.208~1-b0fc0]:main():sgmm2-latgen-faster.cc:209) Log-like per frame for utterance MGRL0_SX57 is -8.68027 over 200 frames.
LOG (sgmm2-latgen-faster[5.5.208~1-b0fc0]:main():sgmm2-latgen-faster.cc:252) Time taken [excluding initialization] 16.5219s: real-time factor assuming 100 frames/sec is 1.16928
LOG (sgmm2-latgen-faster[5.5.208~1-b0fc0]:main():sgmm2-latgen-faster.cc:255) Done 5 utterances, failed for 0
LOG (sgmm2-latgen-faster[5.5.208~1-b0fc0]:main():sgmm2-latgen-faster.cc:257) Overall log-likelihood per frame = -8.83276 over 1413 frames.
WARNING (sgmm2-latgen-faster[5.5.208~1-b0fc0]:Close():kaldi-io.cc:515) Pipe gunzip -c exp/sgmm2_4_ali/gselect.16.gz| had nonzero return status 36096
# Accounting: time=17 threads=1
# Ended (code 0) at Wed Feb 27 15:38:43 +07 2019, elapsed time 17 seconds
