# test -s exp/sgmm2_4_mmi_b0.1/den_acc.3.16.gz -a -s exp/sgmm2_4_mmi_b0.1/num_acc.3.16.gz || sgmm2-rescore-lattice --speedup=true "--gselect=ark,s,cs:gunzip -c exp/sgmm2_4_ali/gselect.16.gz|" --spk-vecs=ark:exp/sgmm2_4_ali/vecs.16 --utt2spk=ark:data/train/split30/16/utt2spk exp/sgmm2_4_mmi_b0.1/3.mdl "ark:gunzip -c exp/sgmm2_4_denlats/lat.16.gz| lattice-boost-ali --b=0.1 --silence-phones=1 exp/sgmm2_4_ali/final.mdl ark:- 'ark,s,cs:gunzip -c exp/sgmm2_4_ali/ali.16.gz|' ark:- |" "ark,s,cs:apply-cmvn  --utt2spk=ark:data/train/split30/16/utt2spk scp:data/train/split30/16/cmvn.scp scp:data/train/split30/16/feats.scp ark:- | splice-feats --left-context=3 --right-context=3 ark:- ark:- | transform-feats exp/sgmm2_4_ali/final.mat ark:- ark:- | transform-feats --utt2spk=ark:data/train/split30/16/utt2spk ark,s,cs:exp/tri3_ali/trans.16 ark:- ark:- |" ark:- | lattice-to-post --acoustic-scale=0.2 ark:- ark:- | sum-post --drop-frames=true --merge=true --scale1=-1 ark:- "ark,s,cs:gunzip -c exp/sgmm2_4_ali/ali.16.gz | ali-to-post ark:- ark:- |" ark:- | sgmm2-acc-stats2 "--gselect=ark,s,cs:gunzip -c exp/sgmm2_4_ali/gselect.16.gz|" --spk-vecs=ark:exp/sgmm2_4_ali/vecs.16 --utt2spk=ark:data/train/split30/16/utt2spk exp/sgmm2_4_mmi_b0.1/3.mdl "ark,s,cs:apply-cmvn  --utt2spk=ark:data/train/split30/16/utt2spk scp:data/train/split30/16/cmvn.scp scp:data/train/split30/16/feats.scp ark:- | splice-feats --left-context=3 --right-context=3 ark:- ark:- | transform-feats exp/sgmm2_4_ali/final.mat ark:- ark:- | transform-feats --utt2spk=ark:data/train/split30/16/utt2spk ark,s,cs:exp/tri3_ali/trans.16 ark:- ark:- |" ark,s,cs:- "|gzip -c >exp/sgmm2_4_mmi_b0.1/num_acc.3.16.gz" "|gzip -c >exp/sgmm2_4_mmi_b0.1/den_acc.3.16.gz" 
# Started at Wed Feb 27 16:02:45 +07 2019
#
sgmm2-rescore-lattice --speedup=true '--gselect=ark,s,cs:gunzip -c exp/sgmm2_4_ali/gselect.16.gz|' --spk-vecs=ark:exp/sgmm2_4_ali/vecs.16 --utt2spk=ark:data/train/split30/16/utt2spk exp/sgmm2_4_mmi_b0.1/3.mdl "ark:gunzip -c exp/sgmm2_4_denlats/lat.16.gz| lattice-boost-ali --b=0.1 --silence-phones=1 exp/sgmm2_4_ali/final.mdl ark:- 'ark,s,cs:gunzip -c exp/sgmm2_4_ali/ali.16.gz|' ark:- |" 'ark,s,cs:apply-cmvn  --utt2spk=ark:data/train/split30/16/utt2spk scp:data/train/split30/16/cmvn.scp scp:data/train/split30/16/feats.scp ark:- | splice-feats --left-context=3 --right-context=3 ark:- ark:- | transform-feats exp/sgmm2_4_ali/final.mat ark:- ark:- | transform-feats --utt2spk=ark:data/train/split30/16/utt2spk ark,s,cs:exp/tri3_ali/trans.16 ark:- ark:- |' ark:- 
lattice-to-post --acoustic-scale=0.2 ark:- ark:- 
sgmm2-acc-stats2 '--gselect=ark,s,cs:gunzip -c exp/sgmm2_4_ali/gselect.16.gz|' --spk-vecs=ark:exp/sgmm2_4_ali/vecs.16 --utt2spk=ark:data/train/split30/16/utt2spk exp/sgmm2_4_mmi_b0.1/3.mdl 'ark,s,cs:apply-cmvn  --utt2spk=ark:data/train/split30/16/utt2spk scp:data/train/split30/16/cmvn.scp scp:data/train/split30/16/feats.scp ark:- | splice-feats --left-context=3 --right-context=3 ark:- ark:- | transform-feats exp/sgmm2_4_ali/final.mat ark:- ark:- | transform-feats --utt2spk=ark:data/train/split30/16/utt2spk ark,s,cs:exp/tri3_ali/trans.16 ark:- ark:- |' ark,s,cs:- '|gzip -c >exp/sgmm2_4_mmi_b0.1/num_acc.3.16.gz' '|gzip -c >exp/sgmm2_4_mmi_b0.1/den_acc.3.16.gz' 
sum-post --drop-frames=true --merge=true --scale1=-1 ark:- 'ark,s,cs:gunzip -c exp/sgmm2_4_ali/ali.16.gz | ali-to-post ark:- ark:- |' ark:- 
apply-cmvn --utt2spk=ark:data/train/split30/16/utt2spk scp:data/train/split30/16/cmvn.scp scp:data/train/split30/16/feats.scp ark:- 
transform-feats --utt2spk=ark:data/train/split30/16/utt2spk ark,s,cs:exp/tri3_ali/trans.16 ark:- ark:- 
transform-feats exp/sgmm2_4_ali/final.mat ark:- ark:- 
splice-feats --left-context=3 --right-context=3 ark:- ark:- 
transform-feats --utt2spk=ark:data/train/split30/16/utt2spk ark,s,cs:exp/tri3_ali/trans.16 ark:- ark:- 
splice-feats --left-context=3 --right-context=3 ark:- ark:- 
apply-cmvn --utt2spk=ark:data/train/split30/16/utt2spk scp:data/train/split30/16/cmvn.scp scp:data/train/split30/16/feats.scp ark:- 
transform-feats exp/sgmm2_4_ali/final.mat ark:- ark:- 
lattice-boost-ali --b=0.1 --silence-phones=1 exp/sgmm2_4_ali/final.mdl ark:- 'ark,s,cs:gunzip -c exp/sgmm2_4_ali/ali.16.gz|' ark:- 
ali-to-post ark:- ark:- 
LOG (sgmm2-acc-stats2[5.5.208~1-b0fc0]:main():sgmm2-acc-stats2.cc:209) Processed 50 utterances.
LOG (apply-cmvn[5.5.208~1-b0fc0]:main():apply-cmvn.cc:162) Applied cepstral mean normalization to 128 utterances, errors on 0
LOG (sgmm2-acc-stats2[5.5.208~1-b0fc0]:main():sgmm2-acc-stats2.cc:209) Processed 100 utterances.
LOG (lattice-boost-ali[5.5.208~1-b0fc0]:main():lattice-boost-ali.cc:120) Done 128 lattices, missing alignments for 0, other errors on 0
LOG (transform-feats[5.5.208~1-b0fc0]:main():transform-feats.cc:158) Overall average [pseudo-]logdet is -88.6037 over 38233 frames.
LOG (transform-feats[5.5.208~1-b0fc0]:main():transform-feats.cc:161) Applied transform to 128 utterances; 0 had errors.
LOG (transform-feats[5.5.208~1-b0fc0]:main():transform-feats.cc:158) Overall average logdet is 2.82859 over 38233 frames.
LOG (transform-feats[5.5.208~1-b0fc0]:main():transform-feats.cc:161) Applied transform to 128 utterances; 0 had errors.
LOG (ali-to-post[5.5.208~1-b0fc0]:main():ali-to-post.cc:73) Converted 128 alignments.
LOG (sgmm2-rescore-lattice[5.5.208~1-b0fc0]:main():sgmm2-rescore-lattice.cc:159) Done 128 lattices, errors on 0
LOG (lattice-to-post[5.5.208~1-b0fc0]:main():lattice-to-post.cc:106) Overall average log-like/frame is -8.8517 over 38233 frames.  Average acoustic like/frame is -8.32868
LOG (lattice-to-post[5.5.208~1-b0fc0]:main():lattice-to-post.cc:110) Done 128 lattices.
LOG (apply-cmvn[5.5.208~1-b0fc0]:main():apply-cmvn.cc:162) Applied cepstral mean normalization to 128 utterances, errors on 0
LOG (sum-post[5.5.208~1-b0fc0]:main():sum-post.cc:97) Processed 38233 frames; for 208 frames there was no overlap, i.e. 0.544033% (e.g. numerator path not in denominator lattice)
LOG (sum-post[5.5.208~1-b0fc0]:main():sum-post.cc:101) Done adding 128 posteriors;  0 with errors.
LOG (transform-feats[5.5.208~1-b0fc0]:main():transform-feats.cc:158) Overall average [pseudo-]logdet is -88.6037 over 38233 frames.
LOG (transform-feats[5.5.208~1-b0fc0]:main():transform-feats.cc:161) Applied transform to 128 utterances; 0 had errors.
LOG (transform-feats[5.5.208~1-b0fc0]:main():transform-feats.cc:158) Overall average logdet is 2.82859 over 38233 frames.
LOG (transform-feats[5.5.208~1-b0fc0]:main():transform-feats.cc:161) Applied transform to 128 utterances; 0 had errors.
LOG (sgmm2-acc-stats2[5.5.208~1-b0fc0]:main():sgmm2-acc-stats2.cc:215) Overall weighted acoustic likelihood per frame was 0.0194792 over 38233 frames; average weight per frame is 2.1572e-09, average abs(weight) per frame is 0.0163867
LOG (sgmm2-acc-stats2[5.5.208~1-b0fc0]:main():sgmm2-acc-stats2.cc:221) Done 128 files, 0 with errors.
LOG (sgmm2-acc-stats2[5.5.208~1-b0fc0]:main():sgmm2-acc-stats2.cc:234) Written accs.
# Accounting: time=16 threads=1
# Ended (code 0) at Wed Feb 27 16:03:01 +07 2019, elapsed time 16 seconds
