# sgmm2-est-ebw exp/sgmm2_4_mmi_b0.1/1.mdl "sgmm2-sum-accs -  'gunzip -c exp/sgmm2_4_mmi_b0.1/num_acc.1.1.gz|' 'gunzip -c exp/sgmm2_4_mmi_b0.1/num_acc.1.2.gz|' 'gunzip -c exp/sgmm2_4_mmi_b0.1/num_acc.1.3.gz|' 'gunzip -c exp/sgmm2_4_mmi_b0.1/num_acc.1.4.gz|' 'gunzip -c exp/sgmm2_4_mmi_b0.1/num_acc.1.5.gz|' 'gunzip -c exp/sgmm2_4_mmi_b0.1/num_acc.1.6.gz|' 'gunzip -c exp/sgmm2_4_mmi_b0.1/num_acc.1.7.gz|' 'gunzip -c exp/sgmm2_4_mmi_b0.1/num_acc.1.8.gz|' 'gunzip -c exp/sgmm2_4_mmi_b0.1/num_acc.1.9.gz|' 'gunzip -c exp/sgmm2_4_mmi_b0.1/num_acc.1.10.gz|' 'gunzip -c exp/sgmm2_4_mmi_b0.1/num_acc.1.11.gz|' 'gunzip -c exp/sgmm2_4_mmi_b0.1/num_acc.1.12.gz|' 'gunzip -c exp/sgmm2_4_mmi_b0.1/num_acc.1.13.gz|' 'gunzip -c exp/sgmm2_4_mmi_b0.1/num_acc.1.14.gz|' 'gunzip -c exp/sgmm2_4_mmi_b0.1/num_acc.1.15.gz|' 'gunzip -c exp/sgmm2_4_mmi_b0.1/num_acc.1.16.gz|' 'gunzip -c exp/sgmm2_4_mmi_b0.1/num_acc.1.17.gz|' 'gunzip -c exp/sgmm2_4_mmi_b0.1/num_acc.1.18.gz|' 'gunzip -c exp/sgmm2_4_mmi_b0.1/num_acc.1.19.gz|' 'gunzip -c exp/sgmm2_4_mmi_b0.1/num_acc.1.20.gz|' 'gunzip -c exp/sgmm2_4_mmi_b0.1/num_acc.1.21.gz|' 'gunzip -c exp/sgmm2_4_mmi_b0.1/num_acc.1.22.gz|' 'gunzip -c exp/sgmm2_4_mmi_b0.1/num_acc.1.23.gz|' 'gunzip -c exp/sgmm2_4_mmi_b0.1/num_acc.1.24.gz|' 'gunzip -c exp/sgmm2_4_mmi_b0.1/num_acc.1.25.gz|' 'gunzip -c exp/sgmm2_4_mmi_b0.1/num_acc.1.26.gz|' 'gunzip -c exp/sgmm2_4_mmi_b0.1/num_acc.1.27.gz|' 'gunzip -c exp/sgmm2_4_mmi_b0.1/num_acc.1.28.gz|' 'gunzip -c exp/sgmm2_4_mmi_b0.1/num_acc.1.29.gz|' 'gunzip -c exp/sgmm2_4_mmi_b0.1/num_acc.1.30.gz|' |" "sgmm2-sum-accs -  'gunzip -c exp/sgmm2_4_mmi_b0.1/den_acc.1.1.gz|' 'gunzip -c exp/sgmm2_4_mmi_b0.1/den_acc.1.2.gz|' 'gunzip -c exp/sgmm2_4_mmi_b0.1/den_acc.1.3.gz|' 'gunzip -c exp/sgmm2_4_mmi_b0.1/den_acc.1.4.gz|' 'gunzip -c exp/sgmm2_4_mmi_b0.1/den_acc.1.5.gz|' 'gunzip -c exp/sgmm2_4_mmi_b0.1/den_acc.1.6.gz|' 'gunzip -c exp/sgmm2_4_mmi_b0.1/den_acc.1.7.gz|' 'gunzip -c exp/sgmm2_4_mmi_b0.1/den_acc.1.8.gz|' 'gunzip -c exp/sgmm2_4_mmi_b0.1/den_acc.1.9.gz|' 'gunzip -c exp/sgmm2_4_mmi_b0.1/den_acc.1.10.gz|' 'gunzip -c exp/sgmm2_4_mmi_b0.1/den_acc.1.11.gz|' 'gunzip -c exp/sgmm2_4_mmi_b0.1/den_acc.1.12.gz|' 'gunzip -c exp/sgmm2_4_mmi_b0.1/den_acc.1.13.gz|' 'gunzip -c exp/sgmm2_4_mmi_b0.1/den_acc.1.14.gz|' 'gunzip -c exp/sgmm2_4_mmi_b0.1/den_acc.1.15.gz|' 'gunzip -c exp/sgmm2_4_mmi_b0.1/den_acc.1.16.gz|' 'gunzip -c exp/sgmm2_4_mmi_b0.1/den_acc.1.17.gz|' 'gunzip -c exp/sgmm2_4_mmi_b0.1/den_acc.1.18.gz|' 'gunzip -c exp/sgmm2_4_mmi_b0.1/den_acc.1.19.gz|' 'gunzip -c exp/sgmm2_4_mmi_b0.1/den_acc.1.20.gz|' 'gunzip -c exp/sgmm2_4_mmi_b0.1/den_acc.1.21.gz|' 'gunzip -c exp/sgmm2_4_mmi_b0.1/den_acc.1.22.gz|' 'gunzip -c exp/sgmm2_4_mmi_b0.1/den_acc.1.23.gz|' 'gunzip -c exp/sgmm2_4_mmi_b0.1/den_acc.1.24.gz|' 'gunzip -c exp/sgmm2_4_mmi_b0.1/den_acc.1.25.gz|' 'gunzip -c exp/sgmm2_4_mmi_b0.1/den_acc.1.26.gz|' 'gunzip -c exp/sgmm2_4_mmi_b0.1/den_acc.1.27.gz|' 'gunzip -c exp/sgmm2_4_mmi_b0.1/den_acc.1.28.gz|' 'gunzip -c exp/sgmm2_4_mmi_b0.1/den_acc.1.29.gz|' 'gunzip -c exp/sgmm2_4_mmi_b0.1/den_acc.1.30.gz|' |" exp/sgmm2_4_mmi_b0.1/2.mdl 
# Started at Wed Feb 27 15:58:35 +07 2019
#
sgmm2-est-ebw exp/sgmm2_4_mmi_b0.1/1.mdl "sgmm2-sum-accs -  'gunzip -c exp/sgmm2_4_mmi_b0.1/num_acc.1.1.gz|' 'gunzip -c exp/sgmm2_4_mmi_b0.1/num_acc.1.2.gz|' 'gunzip -c exp/sgmm2_4_mmi_b0.1/num_acc.1.3.gz|' 'gunzip -c exp/sgmm2_4_mmi_b0.1/num_acc.1.4.gz|' 'gunzip -c exp/sgmm2_4_mmi_b0.1/num_acc.1.5.gz|' 'gunzip -c exp/sgmm2_4_mmi_b0.1/num_acc.1.6.gz|' 'gunzip -c exp/sgmm2_4_mmi_b0.1/num_acc.1.7.gz|' 'gunzip -c exp/sgmm2_4_mmi_b0.1/num_acc.1.8.gz|' 'gunzip -c exp/sgmm2_4_mmi_b0.1/num_acc.1.9.gz|' 'gunzip -c exp/sgmm2_4_mmi_b0.1/num_acc.1.10.gz|' 'gunzip -c exp/sgmm2_4_mmi_b0.1/num_acc.1.11.gz|' 'gunzip -c exp/sgmm2_4_mmi_b0.1/num_acc.1.12.gz|' 'gunzip -c exp/sgmm2_4_mmi_b0.1/num_acc.1.13.gz|' 'gunzip -c exp/sgmm2_4_mmi_b0.1/num_acc.1.14.gz|' 'gunzip -c exp/sgmm2_4_mmi_b0.1/num_acc.1.15.gz|' 'gunzip -c exp/sgmm2_4_mmi_b0.1/num_acc.1.16.gz|' 'gunzip -c exp/sgmm2_4_mmi_b0.1/num_acc.1.17.gz|' 'gunzip -c exp/sgmm2_4_mmi_b0.1/num_acc.1.18.gz|' 'gunzip -c exp/sgmm2_4_mmi_b0.1/num_acc.1.19.gz|' 'gunzip -c exp/sgmm2_4_mmi_b0.1/num_acc.1.20.gz|' 'gunzip -c exp/sgmm2_4_mmi_b0.1/num_acc.1.21.gz|' 'gunzip -c exp/sgmm2_4_mmi_b0.1/num_acc.1.22.gz|' 'gunzip -c exp/sgmm2_4_mmi_b0.1/num_acc.1.23.gz|' 'gunzip -c exp/sgmm2_4_mmi_b0.1/num_acc.1.24.gz|' 'gunzip -c exp/sgmm2_4_mmi_b0.1/num_acc.1.25.gz|' 'gunzip -c exp/sgmm2_4_mmi_b0.1/num_acc.1.26.gz|' 'gunzip -c exp/sgmm2_4_mmi_b0.1/num_acc.1.27.gz|' 'gunzip -c exp/sgmm2_4_mmi_b0.1/num_acc.1.28.gz|' 'gunzip -c exp/sgmm2_4_mmi_b0.1/num_acc.1.29.gz|' 'gunzip -c exp/sgmm2_4_mmi_b0.1/num_acc.1.30.gz|' |" "sgmm2-sum-accs -  'gunzip -c exp/sgmm2_4_mmi_b0.1/den_acc.1.1.gz|' 'gunzip -c exp/sgmm2_4_mmi_b0.1/den_acc.1.2.gz|' 'gunzip -c exp/sgmm2_4_mmi_b0.1/den_acc.1.3.gz|' 'gunzip -c exp/sgmm2_4_mmi_b0.1/den_acc.1.4.gz|' 'gunzip -c exp/sgmm2_4_mmi_b0.1/den_acc.1.5.gz|' 'gunzip -c exp/sgmm2_4_mmi_b0.1/den_acc.1.6.gz|' 'gunzip -c exp/sgmm2_4_mmi_b0.1/den_acc.1.7.gz|' 'gunzip -c exp/sgmm2_4_mmi_b0.1/den_acc.1.8.gz|' 'gunzip -c exp/sgmm2_4_mmi_b0.1/den_acc.1.9.gz|' 'gunzip -c exp/sgmm2_4_mmi_b0.1/den_acc.1.10.gz|' 'gunzip -c exp/sgmm2_4_mmi_b0.1/den_acc.1.11.gz|' 'gunzip -c exp/sgmm2_4_mmi_b0.1/den_acc.1.12.gz|' 'gunzip -c exp/sgmm2_4_mmi_b0.1/den_acc.1.13.gz|' 'gunzip -c exp/sgmm2_4_mmi_b0.1/den_acc.1.14.gz|' 'gunzip -c exp/sgmm2_4_mmi_b0.1/den_acc.1.15.gz|' 'gunzip -c exp/sgmm2_4_mmi_b0.1/den_acc.1.16.gz|' 'gunzip -c exp/sgmm2_4_mmi_b0.1/den_acc.1.17.gz|' 'gunzip -c exp/sgmm2_4_mmi_b0.1/den_acc.1.18.gz|' 'gunzip -c exp/sgmm2_4_mmi_b0.1/den_acc.1.19.gz|' 'gunzip -c exp/sgmm2_4_mmi_b0.1/den_acc.1.20.gz|' 'gunzip -c exp/sgmm2_4_mmi_b0.1/den_acc.1.21.gz|' 'gunzip -c exp/sgmm2_4_mmi_b0.1/den_acc.1.22.gz|' 'gunzip -c exp/sgmm2_4_mmi_b0.1/den_acc.1.23.gz|' 'gunzip -c exp/sgmm2_4_mmi_b0.1/den_acc.1.24.gz|' 'gunzip -c exp/sgmm2_4_mmi_b0.1/den_acc.1.25.gz|' 'gunzip -c exp/sgmm2_4_mmi_b0.1/den_acc.1.26.gz|' 'gunzip -c exp/sgmm2_4_mmi_b0.1/den_acc.1.27.gz|' 'gunzip -c exp/sgmm2_4_mmi_b0.1/den_acc.1.28.gz|' 'gunzip -c exp/sgmm2_4_mmi_b0.1/den_acc.1.29.gz|' 'gunzip -c exp/sgmm2_4_mmi_b0.1/den_acc.1.30.gz|' |" exp/sgmm2_4_mmi_b0.1/2.mdl 
sgmm2-sum-accs - 'gunzip -c exp/sgmm2_4_mmi_b0.1/num_acc.1.1.gz|' 'gunzip -c exp/sgmm2_4_mmi_b0.1/num_acc.1.2.gz|' 'gunzip -c exp/sgmm2_4_mmi_b0.1/num_acc.1.3.gz|' 'gunzip -c exp/sgmm2_4_mmi_b0.1/num_acc.1.4.gz|' 'gunzip -c exp/sgmm2_4_mmi_b0.1/num_acc.1.5.gz|' 'gunzip -c exp/sgmm2_4_mmi_b0.1/num_acc.1.6.gz|' 'gunzip -c exp/sgmm2_4_mmi_b0.1/num_acc.1.7.gz|' 'gunzip -c exp/sgmm2_4_mmi_b0.1/num_acc.1.8.gz|' 'gunzip -c exp/sgmm2_4_mmi_b0.1/num_acc.1.9.gz|' 'gunzip -c exp/sgmm2_4_mmi_b0.1/num_acc.1.10.gz|' 'gunzip -c exp/sgmm2_4_mmi_b0.1/num_acc.1.11.gz|' 'gunzip -c exp/sgmm2_4_mmi_b0.1/num_acc.1.12.gz|' 'gunzip -c exp/sgmm2_4_mmi_b0.1/num_acc.1.13.gz|' 'gunzip -c exp/sgmm2_4_mmi_b0.1/num_acc.1.14.gz|' 'gunzip -c exp/sgmm2_4_mmi_b0.1/num_acc.1.15.gz|' 'gunzip -c exp/sgmm2_4_mmi_b0.1/num_acc.1.16.gz|' 'gunzip -c exp/sgmm2_4_mmi_b0.1/num_acc.1.17.gz|' 'gunzip -c exp/sgmm2_4_mmi_b0.1/num_acc.1.18.gz|' 'gunzip -c exp/sgmm2_4_mmi_b0.1/num_acc.1.19.gz|' 'gunzip -c exp/sgmm2_4_mmi_b0.1/num_acc.1.20.gz|' 'gunzip -c exp/sgmm2_4_mmi_b0.1/num_acc.1.21.gz|' 'gunzip -c exp/sgmm2_4_mmi_b0.1/num_acc.1.22.gz|' 'gunzip -c exp/sgmm2_4_mmi_b0.1/num_acc.1.23.gz|' 'gunzip -c exp/sgmm2_4_mmi_b0.1/num_acc.1.24.gz|' 'gunzip -c exp/sgmm2_4_mmi_b0.1/num_acc.1.25.gz|' 'gunzip -c exp/sgmm2_4_mmi_b0.1/num_acc.1.26.gz|' 'gunzip -c exp/sgmm2_4_mmi_b0.1/num_acc.1.27.gz|' 'gunzip -c exp/sgmm2_4_mmi_b0.1/num_acc.1.28.gz|' 'gunzip -c exp/sgmm2_4_mmi_b0.1/num_acc.1.29.gz|' 'gunzip -c exp/sgmm2_4_mmi_b0.1/num_acc.1.30.gz|' 
LOG (sgmm2-sum-accs[5.5.208~1-b0fc0]:main():sgmm2-sum-accs.cc:87) Written stats to -
sgmm2-sum-accs - 'gunzip -c exp/sgmm2_4_mmi_b0.1/den_acc.1.1.gz|' 'gunzip -c exp/sgmm2_4_mmi_b0.1/den_acc.1.2.gz|' 'gunzip -c exp/sgmm2_4_mmi_b0.1/den_acc.1.3.gz|' 'gunzip -c exp/sgmm2_4_mmi_b0.1/den_acc.1.4.gz|' 'gunzip -c exp/sgmm2_4_mmi_b0.1/den_acc.1.5.gz|' 'gunzip -c exp/sgmm2_4_mmi_b0.1/den_acc.1.6.gz|' 'gunzip -c exp/sgmm2_4_mmi_b0.1/den_acc.1.7.gz|' 'gunzip -c exp/sgmm2_4_mmi_b0.1/den_acc.1.8.gz|' 'gunzip -c exp/sgmm2_4_mmi_b0.1/den_acc.1.9.gz|' 'gunzip -c exp/sgmm2_4_mmi_b0.1/den_acc.1.10.gz|' 'gunzip -c exp/sgmm2_4_mmi_b0.1/den_acc.1.11.gz|' 'gunzip -c exp/sgmm2_4_mmi_b0.1/den_acc.1.12.gz|' 'gunzip -c exp/sgmm2_4_mmi_b0.1/den_acc.1.13.gz|' 'gunzip -c exp/sgmm2_4_mmi_b0.1/den_acc.1.14.gz|' 'gunzip -c exp/sgmm2_4_mmi_b0.1/den_acc.1.15.gz|' 'gunzip -c exp/sgmm2_4_mmi_b0.1/den_acc.1.16.gz|' 'gunzip -c exp/sgmm2_4_mmi_b0.1/den_acc.1.17.gz|' 'gunzip -c exp/sgmm2_4_mmi_b0.1/den_acc.1.18.gz|' 'gunzip -c exp/sgmm2_4_mmi_b0.1/den_acc.1.19.gz|' 'gunzip -c exp/sgmm2_4_mmi_b0.1/den_acc.1.20.gz|' 'gunzip -c exp/sgmm2_4_mmi_b0.1/den_acc.1.21.gz|' 'gunzip -c exp/sgmm2_4_mmi_b0.1/den_acc.1.22.gz|' 'gunzip -c exp/sgmm2_4_mmi_b0.1/den_acc.1.23.gz|' 'gunzip -c exp/sgmm2_4_mmi_b0.1/den_acc.1.24.gz|' 'gunzip -c exp/sgmm2_4_mmi_b0.1/den_acc.1.25.gz|' 'gunzip -c exp/sgmm2_4_mmi_b0.1/den_acc.1.26.gz|' 'gunzip -c exp/sgmm2_4_mmi_b0.1/den_acc.1.27.gz|' 'gunzip -c exp/sgmm2_4_mmi_b0.1/den_acc.1.28.gz|' 'gunzip -c exp/sgmm2_4_mmi_b0.1/den_acc.1.29.gz|' 'gunzip -c exp/sgmm2_4_mmi_b0.1/den_acc.1.30.gz|' 
LOG (sgmm2-sum-accs[5.5.208~1-b0fc0]:main():sgmm2-sum-accs.cc:87) Written stats to -
LOG (sgmm2-est-ebw[5.5.208~1-b0fc0]:Check():estimate-am-sgmm2.cc:216) Sgmm2PdfModel: J1 = 1400, J2 = 5684, D = 40, S = 41, T = 40, I = 400
LOG (sgmm2-est-ebw[5.5.208~1-b0fc0]:Check():estimate-am-sgmm2.cc:362) Subspace GMM model properties: Y: yes, nonzero. Z: yes, nonzero. R: yes, nonzero. gamma_s: yes, zero. S: yes, nonzero. y: yes, nonzero. a: yes.  a: yes, nonzero. gamma: yes.  gamma: yes, nonzero. gamma_c: yes, nonzero. t: yes, nonzero. t: yes, nonzero. 
LOG (sgmm2-est-ebw[5.5.208~1-b0fc0]:Check():estimate-am-sgmm2.cc:216) Sgmm2PdfModel: J1 = 1400, J2 = 5684, D = 40, S = 41, T = 40, I = 400
LOG (sgmm2-est-ebw[5.5.208~1-b0fc0]:Check():estimate-am-sgmm2.cc:362) Subspace GMM model properties: Y: yes, nonzero. Z: yes, nonzero. R: yes, nonzero. gamma_s: yes, zero. S: yes, nonzero. y: yes, nonzero. a: yes.  a: yes, nonzero. gamma: yes.  gamma: yes, nonzero. gamma_c: yes, nonzero. t: yes, nonzero. t: yes, nonzero. 
LOG (sgmm2-est-ebw[5.5.208~1-b0fc0]:UpdatePhoneVectors():estimate-am-sgmm2-ebw.cc:265) Updating phone vectors.
LOG (sgmm2-est-ebw[5.5.208~1-b0fc0]:UpdatePhoneVectorsInternal():estimate-am-sgmm2-ebw.cc:254) Objf impr for group j = 0  is 0.0179452 over 450.16 frames
LOG (sgmm2-est-ebw[5.5.208~1-b0fc0]:UpdatePhoneVectorsInternal():estimate-am-sgmm2-ebw.cc:254) Objf impr for group j = 1  is 0.0965645 over 0.402718 frames
LOG (sgmm2-est-ebw[5.5.208~1-b0fc0]:UpdatePhoneVectorsInternal():estimate-am-sgmm2-ebw.cc:254) Objf impr for group j = 2  is 0.0576026 over 3.54108 frames
LOG (sgmm2-est-ebw[5.5.208~1-b0fc0]:UpdatePhoneVectorsInternal():estimate-am-sgmm2-ebw.cc:254) Objf impr for group j = 3  is 0.0250322 over 4.52647 frames
LOG (sgmm2-est-ebw[5.5.208~1-b0fc0]:UpdatePhoneVectorsInternal():estimate-am-sgmm2-ebw.cc:254) Objf impr for group j = 4  is 0.00834628 over 0.684784 frames
LOG (sgmm2-est-ebw[5.5.208~1-b0fc0]:UpdatePhoneVectorsInternal():estimate-am-sgmm2-ebw.cc:254) Objf impr for group j = 5  is 0.00525988 over 0.233008 frames
LOG (sgmm2-est-ebw[5.5.208~1-b0fc0]:UpdatePhoneVectorsInternal():estimate-am-sgmm2-ebw.cc:254) Objf impr for group j = 6  is 0.0981691 over 0.0839211 frames
LOG (sgmm2-est-ebw[5.5.208~1-b0fc0]:UpdatePhoneVectorsInternal():estimate-am-sgmm2-ebw.cc:254) Objf impr for group j = 7  is 0.0220151 over 0.0957531 frames
LOG (sgmm2-est-ebw[5.5.208~1-b0fc0]:UpdatePhoneVectorsInternal():estimate-am-sgmm2-ebw.cc:254) Objf impr for group j = 8  is 0.0566798 over 7.25588 frames
LOG (sgmm2-est-ebw[5.5.208~1-b0fc0]:UpdatePhoneVectorsInternal():estimate-am-sgmm2-ebw.cc:254) Objf impr for group j = 9  is 0.0436369 over 38.2091 frames
LOG (sgmm2-est-ebw[5.5.208~1-b0fc0]:UpdatePhoneVectors():estimate-am-sgmm2-ebw.cc:277) **Overall auxf improvement for v is 0.06384 over 27834.7 frames
LOG (sgmm2-est-ebw[5.5.208~1-b0fc0]:SolveQuadraticMatrixProblem():sp-matrix.cc:786) Solving matrix problem for M: floored 2 eigenvalues. 
LOG (sgmm2-est-ebw[5.5.208~1-b0fc0]:SolveQuadraticMatrixProblem():sp-matrix.cc:786) Solving matrix problem for M: floored 19 eigenvalues. 
LOG (sgmm2-est-ebw[5.5.208~1-b0fc0]:SolveQuadraticMatrixProblem():sp-matrix.cc:786) Solving matrix problem for M: floored 3 eigenvalues. 
LOG (sgmm2-est-ebw[5.5.208~1-b0fc0]:SolveQuadraticMatrixProblem():sp-matrix.cc:786) Solving matrix problem for M: floored 3 eigenvalues. 
LOG (sgmm2-est-ebw[5.5.208~1-b0fc0]:SolveQuadraticMatrixProblem():sp-matrix.cc:786) Solving matrix problem for M: floored 26 eigenvalues. 
LOG (sgmm2-est-ebw[5.5.208~1-b0fc0]:SolveQuadraticMatrixProblem():sp-matrix.cc:786) Solving matrix problem for M: floored 11 eigenvalues. 
LOG (sgmm2-est-ebw[5.5.208~1-b0fc0]:SolveQuadraticMatrixProblem():sp-matrix.cc:786) Solving matrix problem for M: floored 4 eigenvalues. 
LOG (sgmm2-est-ebw[5.5.208~1-b0fc0]:SolveQuadraticMatrixProblem():sp-matrix.cc:786) Solving matrix problem for M: floored 11 eigenvalues. 
LOG (sgmm2-est-ebw[5.5.208~1-b0fc0]:UpdateM():estimate-am-sgmm2-ebw.cc:352) Overall auxiliary function improvement for model projections M is 0.186201 over 27834.7 frames
LOG (sgmm2-est-ebw[5.5.208~1-b0fc0]:UpdateW():estimate-am-sgmm2-ebw.cc:375) Updating weight projections
WARNING (sgmm2-est-ebw[5.5.208~1-b0fc0]:ComputeLogA():estimate-am-sgmm2.cc:834) 103 sub-states with zero "a" (and presumably gamma) stats.
WARNING (sgmm2-est-ebw[5.5.208~1-b0fc0]:ComputeLogA():estimate-am-sgmm2.cc:834) 40 sub-states with zero "a" (and presumably gamma) stats.
LOG (sgmm2-est-ebw[5.5.208~1-b0fc0]:UpdateW():estimate-am-sgmm2-ebw.cc:443) Predicted objf impr for w per frame is 0.0497042 over 0.955892 frames.
LOG (sgmm2-est-ebw[5.5.208~1-b0fc0]:UpdateW():estimate-am-sgmm2-ebw.cc:443) Predicted objf impr for w per frame is 0.0116407 over 3.87528 frames.
LOG (sgmm2-est-ebw[5.5.208~1-b0fc0]:UpdateW():estimate-am-sgmm2-ebw.cc:443) Predicted objf impr for w per frame is 0.0669842 over 10.2434 frames.
LOG (sgmm2-est-ebw[5.5.208~1-b0fc0]:UpdateW():estimate-am-sgmm2-ebw.cc:443) Predicted objf impr for w per frame is 0.0245604 over 29.6332 frames.
LOG (sgmm2-est-ebw[5.5.208~1-b0fc0]:UpdateW():estimate-am-sgmm2-ebw.cc:443) Predicted objf impr for w per frame is 0.0148902 over 35.8695 frames.
LOG (sgmm2-est-ebw[5.5.208~1-b0fc0]:UpdateW():estimate-am-sgmm2-ebw.cc:443) Predicted objf impr for w per frame is 0.0279727 over 47.071 frames.
LOG (sgmm2-est-ebw[5.5.208~1-b0fc0]:SolveQuadraticProblem<double>():sp-matrix.cc:686) Solving quadratic problem for w: floored 1 eigenvalues. 
LOG (sgmm2-est-ebw[5.5.208~1-b0fc0]:UpdateW():estimate-am-sgmm2-ebw.cc:443) Predicted objf impr for w per frame is 0.123389 over 30.9877 frames.
LOG (sgmm2-est-ebw[5.5.208~1-b0fc0]:UpdateW():estimate-am-sgmm2-ebw.cc:443) Predicted objf impr for w per frame is 0.104574 over 82.4495 frames.
LOG (sgmm2-est-ebw[5.5.208~1-b0fc0]:UpdateW():estimate-am-sgmm2-ebw.cc:443) Predicted objf impr for w per frame is 0.00807686 over 38.6041 frames.
LOG (sgmm2-est-ebw[5.5.208~1-b0fc0]:UpdateW():estimate-am-sgmm2-ebw.cc:443) Predicted objf impr for w per frame is 0.0398861 over 38.0643 frames.
LOG (sgmm2-est-ebw[5.5.208~1-b0fc0]:UpdateW():estimate-am-sgmm2-ebw.cc:456) **Overall objf impr for w per frame is 0.0212021 over 27834.7 frames.
LOG (sgmm2-est-ebw[5.5.208~1-b0fc0]:UpdateVars():estimate-am-sgmm2-ebw.cc:654) Updating variance: Auxf change per frame for Gaussian 0 is 0.00929467 over 0.955892 frames (den count was 0.668419), #floor,ceil was 0, 0
LOG (sgmm2-est-ebw[5.5.208~1-b0fc0]:UpdateVars():estimate-am-sgmm2-ebw.cc:654) Updating variance: Auxf change per frame for Gaussian 1 is 0.130526 over 3.87528 frames (den count was 1.23431), #floor,ceil was 0, 0
LOG (sgmm2-est-ebw[5.5.208~1-b0fc0]:UpdateVars():estimate-am-sgmm2-ebw.cc:654) Updating variance: Auxf change per frame for Gaussian 2 is 0.0578693 over 10.2434 frames (den count was 9.44901), #floor,ceil was 0, 0
LOG (sgmm2-est-ebw[5.5.208~1-b0fc0]:UpdateVars():estimate-am-sgmm2-ebw.cc:654) Updating variance: Auxf change per frame for Gaussian 3 is 0.0345584 over 29.6332 frames (den count was 23.7992), #floor,ceil was 0, 0
LOG (sgmm2-est-ebw[5.5.208~1-b0fc0]:UpdateVars():estimate-am-sgmm2-ebw.cc:654) Updating variance: Auxf change per frame for Gaussian 4 is 0.0505719 over 35.8695 frames (den count was 32.1792), #floor,ceil was 0, 0
LOG (sgmm2-est-ebw[5.5.208~1-b0fc0]:UpdateVars():estimate-am-sgmm2-ebw.cc:654) Updating variance: Auxf change per frame for Gaussian 5 is 0.0435739 over 47.071 frames (den count was 55.2974), #floor,ceil was 0, 0
LOG (sgmm2-est-ebw[5.5.208~1-b0fc0]:UpdateVars():estimate-am-sgmm2-ebw.cc:654) Updating variance: Auxf change per frame for Gaussian 6 is 0.121075 over 30.9877 frames (den count was 40.7205), #floor,ceil was 0, 0
LOG (sgmm2-est-ebw[5.5.208~1-b0fc0]:UpdateVars():estimate-am-sgmm2-ebw.cc:654) Updating variance: Auxf change per frame for Gaussian 7 is 0.0167877 over 82.4495 frames (den count was 82.7535), #floor,ceil was 0, 0
LOG (sgmm2-est-ebw[5.5.208~1-b0fc0]:UpdateVars():estimate-am-sgmm2-ebw.cc:654) Updating variance: Auxf change per frame for Gaussian 8 is 0.0485378 over 38.6041 frames (den count was 38.2083), #floor,ceil was 0, 0
LOG (sgmm2-est-ebw[5.5.208~1-b0fc0]:UpdateVars():estimate-am-sgmm2-ebw.cc:654) Updating variance: Auxf change per frame for Gaussian 9 is 0.0416592 over 38.0643 frames (den count was 40.1813), #floor,ceil was 0, 0
LOG (sgmm2-est-ebw[5.5.208~1-b0fc0]:UpdateVars():estimate-am-sgmm2-ebw.cc:666) **Overall auxf impr for Sigma is 0.0568133 over 27834.7 frames
LOG (sgmm2-est-ebw[5.5.208~1-b0fc0]:UpdateSubstateWeights():estimate-am-sgmm2-ebw.cc:676) Updating substate mixture weights
LOG (sgmm2-est-ebw[5.5.208~1-b0fc0]:UpdateSubstateWeights():estimate-am-sgmm2-ebw.cc:719) Updating substate weights: auxf impr for pdf 0 is 0.00214504 per frame over 460.16 frames (den count is 291.603)
LOG (sgmm2-est-ebw[5.5.208~1-b0fc0]:UpdateSubstateWeights():estimate-am-sgmm2-ebw.cc:719) Updating substate weights: auxf impr for pdf 1 is 9.86407e-05 per frame over 10.0797 frames (den count is 0.310811)
LOG (sgmm2-est-ebw[5.5.208~1-b0fc0]:UpdateSubstateWeights():estimate-am-sgmm2-ebw.cc:719) Updating substate weights: auxf impr for pdf 2 is 1.37573e-06 per frame over 10 frames (den count is 0.0181432)
LOG (sgmm2-est-ebw[5.5.208~1-b0fc0]:UpdateSubstateWeights():estimate-am-sgmm2-ebw.cc:719) Updating substate weights: auxf impr for pdf 3 is 0.0033296 per frame over 10.323 frames (den count is 1.24369)
LOG (sgmm2-est-ebw[5.5.208~1-b0fc0]:UpdateSubstateWeights():estimate-am-sgmm2-ebw.cc:719) Updating substate weights: auxf impr for pdf 4 is 0.00730146 per frame over 13.2245 frames (den count is 5.18047)
LOG (sgmm2-est-ebw[5.5.208~1-b0fc0]:UpdateSubstateWeights():estimate-am-sgmm2-ebw.cc:719) Updating substate weights: auxf impr for pdf 5 is 0.00581436 per frame over 10.3166 frames (den count is 2.4147)
LOG (sgmm2-est-ebw[5.5.208~1-b0fc0]:UpdateSubstateWeights():estimate-am-sgmm2-ebw.cc:719) Updating substate weights: auxf impr for pdf 6 is 0.000185201 per frame over 10.1412 frames (den count is 0.229189)
LOG (sgmm2-est-ebw[5.5.208~1-b0fc0]:UpdateSubstateWeights():estimate-am-sgmm2-ebw.cc:719) Updating substate weights: auxf impr for pdf 7 is 0.00421331 per frame over 14.3853 frames (den count is 4.42909)
LOG (sgmm2-est-ebw[5.5.208~1-b0fc0]:UpdateSubstateWeights():estimate-am-sgmm2-ebw.cc:719) Updating substate weights: auxf impr for pdf 8 is 3.32146e-05 per frame over 10.1442 frames (den count is 0.0567505)
LOG (sgmm2-est-ebw[5.5.208~1-b0fc0]:UpdateSubstateWeights():estimate-am-sgmm2-ebw.cc:719) Updating substate weights: auxf impr for pdf 9 is 0.00209756 per frame over 10.1819 frames (den count is 0.682353)
LOG (sgmm2-est-ebw[5.5.208~1-b0fc0]:UpdateSubstateWeights():estimate-am-sgmm2-ebw.cc:719) Updating substate weights: auxf impr for pdf 324 is 0.62343 per frame over 10.9807 frames (den count is 18.5034)
LOG (sgmm2-est-ebw[5.5.208~1-b0fc0]:UpdateSubstateWeights():estimate-am-sgmm2-ebw.cc:719) Updating substate weights: auxf impr for pdf 817 is 0.7396 per frame over 67.2361 frames (den count is 2.51679)
LOG (sgmm2-est-ebw[5.5.208~1-b0fc0]:UpdateSubstateWeights():estimate-am-sgmm2-ebw.cc:719) Updating substate weights: auxf impr for pdf 2417 is 0.516207 per frame over 14.6699 frames (den count is 24.8191)
LOG (sgmm2-est-ebw[5.5.208~1-b0fc0]:UpdateSubstateWeights():estimate-am-sgmm2-ebw.cc:719) Updating substate weights: auxf impr for pdf 4413 is 0.502919 per frame over 33.5522 frames (den count is 20.5136)
LOG (sgmm2-est-ebw[5.5.208~1-b0fc0]:UpdateSubstateWeights():estimate-am-sgmm2-ebw.cc:731) **Overall auxf impr for c is 0.0739839 over 27834.7 frames
LOG (sgmm2-est-ebw[5.5.208~1-b0fc0]:UpdateN():estimate-am-sgmm2-ebw.cc:580) Objf impr for spk projection N for i = 0, is 0.00703374 over 0.955892 frames
LOG (sgmm2-est-ebw[5.5.208~1-b0fc0]:UpdateN():estimate-am-sgmm2-ebw.cc:580) Objf impr for spk projection N for i = 1, is 0.0719015 over 3.87528 frames
LOG (sgmm2-est-ebw[5.5.208~1-b0fc0]:UpdateN():estimate-am-sgmm2-ebw.cc:580) Objf impr for spk projection N for i = 2, is 0.0156183 over 10.2434 frames
LOG (sgmm2-est-ebw[5.5.208~1-b0fc0]:UpdateN():estimate-am-sgmm2-ebw.cc:580) Objf impr for spk projection N for i = 3, is 0.042952 over 29.6332 frames
LOG (sgmm2-est-ebw[5.5.208~1-b0fc0]:UpdateN():estimate-am-sgmm2-ebw.cc:580) Objf impr for spk projection N for i = 4, is 0.0527129 over 35.8695 frames
LOG (sgmm2-est-ebw[5.5.208~1-b0fc0]:UpdateN():estimate-am-sgmm2-ebw.cc:580) Objf impr for spk projection N for i = 5, is 0.049418 over 47.071 frames
LOG (sgmm2-est-ebw[5.5.208~1-b0fc0]:UpdateN():estimate-am-sgmm2-ebw.cc:580) Objf impr for spk projection N for i = 6, is 0.0990066 over 30.9877 frames
LOG (sgmm2-est-ebw[5.5.208~1-b0fc0]:UpdateN():estimate-am-sgmm2-ebw.cc:580) Objf impr for spk projection N for i = 7, is 0.026305 over 82.4495 frames
LOG (sgmm2-est-ebw[5.5.208~1-b0fc0]:UpdateN():estimate-am-sgmm2-ebw.cc:580) Objf impr for spk projection N for i = 8, is 0.0314641 over 38.6041 frames
LOG (sgmm2-est-ebw[5.5.208~1-b0fc0]:UpdateN():estimate-am-sgmm2-ebw.cc:580) Objf impr for spk projection N for i = 9, is 0.0430503 over 38.0643 frames
LOG (sgmm2-est-ebw[5.5.208~1-b0fc0]:UpdateN():estimate-am-sgmm2-ebw.cc:592) **Overall auxf impr for N is 0.0624987 over 27834.7 frames
LOG (sgmm2-est-ebw[5.5.208~1-b0fc0]:Update():estimate-am-sgmm2-ebw.cc:96) ***Averaged differenced likelihood per frame is 1.1058 over 27834.7 frames.
LOG (sgmm2-est-ebw[5.5.208~1-b0fc0]:Update():estimate-am-sgmm2-ebw.cc:99) ***Note: for this to be at all meaningful, if you use "canceled" stats you will have to renormalize this over the "real" frame count.
LOG (sgmm2-est-ebw[5.5.208~1-b0fc0]:ComputeNormalizers():am-sgmm2.cc:858) Computing normalizers
LOG (sgmm2-est-ebw[5.5.208~1-b0fc0]:ComputeNormalizers():am-sgmm2.cc:865) Entropy of weights in substates is 2.10709 over 9475 substates, equivalent to perplexity of 8.22429
LOG (sgmm2-est-ebw[5.5.208~1-b0fc0]:ComputeNormalizers():am-sgmm2.cc:869) Done computing normalizers
LOG (sgmm2-est-ebw[5.5.208~1-b0fc0]:main():sgmm2-est-ebw.cc:102) Overall auxf impr/frame from SGMM update is 0.464539 over 27834.7 frames.
LOG (sgmm2-est-ebw[5.5.208~1-b0fc0]:main():sgmm2-est-ebw.cc:112) Wrote model to exp/sgmm2_4_mmi_b0.1/2.mdl
# Accounting: time=39 threads=1
# Ended (code 0) at Wed Feb 27 15:59:14 +07 2019, elapsed time 39 seconds
