# sgmm2-est-ebw exp/sgmm2_4_mmi_b0.1/3.mdl "sgmm2-sum-accs -  'gunzip -c exp/sgmm2_4_mmi_b0.1/num_acc.3.1.gz|' 'gunzip -c exp/sgmm2_4_mmi_b0.1/num_acc.3.2.gz|' 'gunzip -c exp/sgmm2_4_mmi_b0.1/num_acc.3.3.gz|' 'gunzip -c exp/sgmm2_4_mmi_b0.1/num_acc.3.4.gz|' 'gunzip -c exp/sgmm2_4_mmi_b0.1/num_acc.3.5.gz|' 'gunzip -c exp/sgmm2_4_mmi_b0.1/num_acc.3.6.gz|' 'gunzip -c exp/sgmm2_4_mmi_b0.1/num_acc.3.7.gz|' 'gunzip -c exp/sgmm2_4_mmi_b0.1/num_acc.3.8.gz|' 'gunzip -c exp/sgmm2_4_mmi_b0.1/num_acc.3.9.gz|' 'gunzip -c exp/sgmm2_4_mmi_b0.1/num_acc.3.10.gz|' 'gunzip -c exp/sgmm2_4_mmi_b0.1/num_acc.3.11.gz|' 'gunzip -c exp/sgmm2_4_mmi_b0.1/num_acc.3.12.gz|' 'gunzip -c exp/sgmm2_4_mmi_b0.1/num_acc.3.13.gz|' 'gunzip -c exp/sgmm2_4_mmi_b0.1/num_acc.3.14.gz|' 'gunzip -c exp/sgmm2_4_mmi_b0.1/num_acc.3.15.gz|' 'gunzip -c exp/sgmm2_4_mmi_b0.1/num_acc.3.16.gz|' 'gunzip -c exp/sgmm2_4_mmi_b0.1/num_acc.3.17.gz|' 'gunzip -c exp/sgmm2_4_mmi_b0.1/num_acc.3.18.gz|' 'gunzip -c exp/sgmm2_4_mmi_b0.1/num_acc.3.19.gz|' 'gunzip -c exp/sgmm2_4_mmi_b0.1/num_acc.3.20.gz|' 'gunzip -c exp/sgmm2_4_mmi_b0.1/num_acc.3.21.gz|' 'gunzip -c exp/sgmm2_4_mmi_b0.1/num_acc.3.22.gz|' 'gunzip -c exp/sgmm2_4_mmi_b0.1/num_acc.3.23.gz|' 'gunzip -c exp/sgmm2_4_mmi_b0.1/num_acc.3.24.gz|' 'gunzip -c exp/sgmm2_4_mmi_b0.1/num_acc.3.25.gz|' 'gunzip -c exp/sgmm2_4_mmi_b0.1/num_acc.3.26.gz|' 'gunzip -c exp/sgmm2_4_mmi_b0.1/num_acc.3.27.gz|' 'gunzip -c exp/sgmm2_4_mmi_b0.1/num_acc.3.28.gz|' 'gunzip -c exp/sgmm2_4_mmi_b0.1/num_acc.3.29.gz|' 'gunzip -c exp/sgmm2_4_mmi_b0.1/num_acc.3.30.gz|' |" "sgmm2-sum-accs -  'gunzip -c exp/sgmm2_4_mmi_b0.1/den_acc.3.1.gz|' 'gunzip -c exp/sgmm2_4_mmi_b0.1/den_acc.3.2.gz|' 'gunzip -c exp/sgmm2_4_mmi_b0.1/den_acc.3.3.gz|' 'gunzip -c exp/sgmm2_4_mmi_b0.1/den_acc.3.4.gz|' 'gunzip -c exp/sgmm2_4_mmi_b0.1/den_acc.3.5.gz|' 'gunzip -c exp/sgmm2_4_mmi_b0.1/den_acc.3.6.gz|' 'gunzip -c exp/sgmm2_4_mmi_b0.1/den_acc.3.7.gz|' 'gunzip -c exp/sgmm2_4_mmi_b0.1/den_acc.3.8.gz|' 'gunzip -c exp/sgmm2_4_mmi_b0.1/den_acc.3.9.gz|' 'gunzip -c exp/sgmm2_4_mmi_b0.1/den_acc.3.10.gz|' 'gunzip -c exp/sgmm2_4_mmi_b0.1/den_acc.3.11.gz|' 'gunzip -c exp/sgmm2_4_mmi_b0.1/den_acc.3.12.gz|' 'gunzip -c exp/sgmm2_4_mmi_b0.1/den_acc.3.13.gz|' 'gunzip -c exp/sgmm2_4_mmi_b0.1/den_acc.3.14.gz|' 'gunzip -c exp/sgmm2_4_mmi_b0.1/den_acc.3.15.gz|' 'gunzip -c exp/sgmm2_4_mmi_b0.1/den_acc.3.16.gz|' 'gunzip -c exp/sgmm2_4_mmi_b0.1/den_acc.3.17.gz|' 'gunzip -c exp/sgmm2_4_mmi_b0.1/den_acc.3.18.gz|' 'gunzip -c exp/sgmm2_4_mmi_b0.1/den_acc.3.19.gz|' 'gunzip -c exp/sgmm2_4_mmi_b0.1/den_acc.3.20.gz|' 'gunzip -c exp/sgmm2_4_mmi_b0.1/den_acc.3.21.gz|' 'gunzip -c exp/sgmm2_4_mmi_b0.1/den_acc.3.22.gz|' 'gunzip -c exp/sgmm2_4_mmi_b0.1/den_acc.3.23.gz|' 'gunzip -c exp/sgmm2_4_mmi_b0.1/den_acc.3.24.gz|' 'gunzip -c exp/sgmm2_4_mmi_b0.1/den_acc.3.25.gz|' 'gunzip -c exp/sgmm2_4_mmi_b0.1/den_acc.3.26.gz|' 'gunzip -c exp/sgmm2_4_mmi_b0.1/den_acc.3.27.gz|' 'gunzip -c exp/sgmm2_4_mmi_b0.1/den_acc.3.28.gz|' 'gunzip -c exp/sgmm2_4_mmi_b0.1/den_acc.3.29.gz|' 'gunzip -c exp/sgmm2_4_mmi_b0.1/den_acc.3.30.gz|' |" exp/sgmm2_4_mmi_b0.1/4.mdl 
# Started at Wed Feb 27 16:03:54 +07 2019
#
sgmm2-est-ebw exp/sgmm2_4_mmi_b0.1/3.mdl "sgmm2-sum-accs -  'gunzip -c exp/sgmm2_4_mmi_b0.1/num_acc.3.1.gz|' 'gunzip -c exp/sgmm2_4_mmi_b0.1/num_acc.3.2.gz|' 'gunzip -c exp/sgmm2_4_mmi_b0.1/num_acc.3.3.gz|' 'gunzip -c exp/sgmm2_4_mmi_b0.1/num_acc.3.4.gz|' 'gunzip -c exp/sgmm2_4_mmi_b0.1/num_acc.3.5.gz|' 'gunzip -c exp/sgmm2_4_mmi_b0.1/num_acc.3.6.gz|' 'gunzip -c exp/sgmm2_4_mmi_b0.1/num_acc.3.7.gz|' 'gunzip -c exp/sgmm2_4_mmi_b0.1/num_acc.3.8.gz|' 'gunzip -c exp/sgmm2_4_mmi_b0.1/num_acc.3.9.gz|' 'gunzip -c exp/sgmm2_4_mmi_b0.1/num_acc.3.10.gz|' 'gunzip -c exp/sgmm2_4_mmi_b0.1/num_acc.3.11.gz|' 'gunzip -c exp/sgmm2_4_mmi_b0.1/num_acc.3.12.gz|' 'gunzip -c exp/sgmm2_4_mmi_b0.1/num_acc.3.13.gz|' 'gunzip -c exp/sgmm2_4_mmi_b0.1/num_acc.3.14.gz|' 'gunzip -c exp/sgmm2_4_mmi_b0.1/num_acc.3.15.gz|' 'gunzip -c exp/sgmm2_4_mmi_b0.1/num_acc.3.16.gz|' 'gunzip -c exp/sgmm2_4_mmi_b0.1/num_acc.3.17.gz|' 'gunzip -c exp/sgmm2_4_mmi_b0.1/num_acc.3.18.gz|' 'gunzip -c exp/sgmm2_4_mmi_b0.1/num_acc.3.19.gz|' 'gunzip -c exp/sgmm2_4_mmi_b0.1/num_acc.3.20.gz|' 'gunzip -c exp/sgmm2_4_mmi_b0.1/num_acc.3.21.gz|' 'gunzip -c exp/sgmm2_4_mmi_b0.1/num_acc.3.22.gz|' 'gunzip -c exp/sgmm2_4_mmi_b0.1/num_acc.3.23.gz|' 'gunzip -c exp/sgmm2_4_mmi_b0.1/num_acc.3.24.gz|' 'gunzip -c exp/sgmm2_4_mmi_b0.1/num_acc.3.25.gz|' 'gunzip -c exp/sgmm2_4_mmi_b0.1/num_acc.3.26.gz|' 'gunzip -c exp/sgmm2_4_mmi_b0.1/num_acc.3.27.gz|' 'gunzip -c exp/sgmm2_4_mmi_b0.1/num_acc.3.28.gz|' 'gunzip -c exp/sgmm2_4_mmi_b0.1/num_acc.3.29.gz|' 'gunzip -c exp/sgmm2_4_mmi_b0.1/num_acc.3.30.gz|' |" "sgmm2-sum-accs -  'gunzip -c exp/sgmm2_4_mmi_b0.1/den_acc.3.1.gz|' 'gunzip -c exp/sgmm2_4_mmi_b0.1/den_acc.3.2.gz|' 'gunzip -c exp/sgmm2_4_mmi_b0.1/den_acc.3.3.gz|' 'gunzip -c exp/sgmm2_4_mmi_b0.1/den_acc.3.4.gz|' 'gunzip -c exp/sgmm2_4_mmi_b0.1/den_acc.3.5.gz|' 'gunzip -c exp/sgmm2_4_mmi_b0.1/den_acc.3.6.gz|' 'gunzip -c exp/sgmm2_4_mmi_b0.1/den_acc.3.7.gz|' 'gunzip -c exp/sgmm2_4_mmi_b0.1/den_acc.3.8.gz|' 'gunzip -c exp/sgmm2_4_mmi_b0.1/den_acc.3.9.gz|' 'gunzip -c exp/sgmm2_4_mmi_b0.1/den_acc.3.10.gz|' 'gunzip -c exp/sgmm2_4_mmi_b0.1/den_acc.3.11.gz|' 'gunzip -c exp/sgmm2_4_mmi_b0.1/den_acc.3.12.gz|' 'gunzip -c exp/sgmm2_4_mmi_b0.1/den_acc.3.13.gz|' 'gunzip -c exp/sgmm2_4_mmi_b0.1/den_acc.3.14.gz|' 'gunzip -c exp/sgmm2_4_mmi_b0.1/den_acc.3.15.gz|' 'gunzip -c exp/sgmm2_4_mmi_b0.1/den_acc.3.16.gz|' 'gunzip -c exp/sgmm2_4_mmi_b0.1/den_acc.3.17.gz|' 'gunzip -c exp/sgmm2_4_mmi_b0.1/den_acc.3.18.gz|' 'gunzip -c exp/sgmm2_4_mmi_b0.1/den_acc.3.19.gz|' 'gunzip -c exp/sgmm2_4_mmi_b0.1/den_acc.3.20.gz|' 'gunzip -c exp/sgmm2_4_mmi_b0.1/den_acc.3.21.gz|' 'gunzip -c exp/sgmm2_4_mmi_b0.1/den_acc.3.22.gz|' 'gunzip -c exp/sgmm2_4_mmi_b0.1/den_acc.3.23.gz|' 'gunzip -c exp/sgmm2_4_mmi_b0.1/den_acc.3.24.gz|' 'gunzip -c exp/sgmm2_4_mmi_b0.1/den_acc.3.25.gz|' 'gunzip -c exp/sgmm2_4_mmi_b0.1/den_acc.3.26.gz|' 'gunzip -c exp/sgmm2_4_mmi_b0.1/den_acc.3.27.gz|' 'gunzip -c exp/sgmm2_4_mmi_b0.1/den_acc.3.28.gz|' 'gunzip -c exp/sgmm2_4_mmi_b0.1/den_acc.3.29.gz|' 'gunzip -c exp/sgmm2_4_mmi_b0.1/den_acc.3.30.gz|' |" exp/sgmm2_4_mmi_b0.1/4.mdl 
sgmm2-sum-accs - 'gunzip -c exp/sgmm2_4_mmi_b0.1/num_acc.3.1.gz|' 'gunzip -c exp/sgmm2_4_mmi_b0.1/num_acc.3.2.gz|' 'gunzip -c exp/sgmm2_4_mmi_b0.1/num_acc.3.3.gz|' 'gunzip -c exp/sgmm2_4_mmi_b0.1/num_acc.3.4.gz|' 'gunzip -c exp/sgmm2_4_mmi_b0.1/num_acc.3.5.gz|' 'gunzip -c exp/sgmm2_4_mmi_b0.1/num_acc.3.6.gz|' 'gunzip -c exp/sgmm2_4_mmi_b0.1/num_acc.3.7.gz|' 'gunzip -c exp/sgmm2_4_mmi_b0.1/num_acc.3.8.gz|' 'gunzip -c exp/sgmm2_4_mmi_b0.1/num_acc.3.9.gz|' 'gunzip -c exp/sgmm2_4_mmi_b0.1/num_acc.3.10.gz|' 'gunzip -c exp/sgmm2_4_mmi_b0.1/num_acc.3.11.gz|' 'gunzip -c exp/sgmm2_4_mmi_b0.1/num_acc.3.12.gz|' 'gunzip -c exp/sgmm2_4_mmi_b0.1/num_acc.3.13.gz|' 'gunzip -c exp/sgmm2_4_mmi_b0.1/num_acc.3.14.gz|' 'gunzip -c exp/sgmm2_4_mmi_b0.1/num_acc.3.15.gz|' 'gunzip -c exp/sgmm2_4_mmi_b0.1/num_acc.3.16.gz|' 'gunzip -c exp/sgmm2_4_mmi_b0.1/num_acc.3.17.gz|' 'gunzip -c exp/sgmm2_4_mmi_b0.1/num_acc.3.18.gz|' 'gunzip -c exp/sgmm2_4_mmi_b0.1/num_acc.3.19.gz|' 'gunzip -c exp/sgmm2_4_mmi_b0.1/num_acc.3.20.gz|' 'gunzip -c exp/sgmm2_4_mmi_b0.1/num_acc.3.21.gz|' 'gunzip -c exp/sgmm2_4_mmi_b0.1/num_acc.3.22.gz|' 'gunzip -c exp/sgmm2_4_mmi_b0.1/num_acc.3.23.gz|' 'gunzip -c exp/sgmm2_4_mmi_b0.1/num_acc.3.24.gz|' 'gunzip -c exp/sgmm2_4_mmi_b0.1/num_acc.3.25.gz|' 'gunzip -c exp/sgmm2_4_mmi_b0.1/num_acc.3.26.gz|' 'gunzip -c exp/sgmm2_4_mmi_b0.1/num_acc.3.27.gz|' 'gunzip -c exp/sgmm2_4_mmi_b0.1/num_acc.3.28.gz|' 'gunzip -c exp/sgmm2_4_mmi_b0.1/num_acc.3.29.gz|' 'gunzip -c exp/sgmm2_4_mmi_b0.1/num_acc.3.30.gz|' 
LOG (sgmm2-sum-accs[5.5.208~1-b0fc0]:main():sgmm2-sum-accs.cc:87) Written stats to -
sgmm2-sum-accs - 'gunzip -c exp/sgmm2_4_mmi_b0.1/den_acc.3.1.gz|' 'gunzip -c exp/sgmm2_4_mmi_b0.1/den_acc.3.2.gz|' 'gunzip -c exp/sgmm2_4_mmi_b0.1/den_acc.3.3.gz|' 'gunzip -c exp/sgmm2_4_mmi_b0.1/den_acc.3.4.gz|' 'gunzip -c exp/sgmm2_4_mmi_b0.1/den_acc.3.5.gz|' 'gunzip -c exp/sgmm2_4_mmi_b0.1/den_acc.3.6.gz|' 'gunzip -c exp/sgmm2_4_mmi_b0.1/den_acc.3.7.gz|' 'gunzip -c exp/sgmm2_4_mmi_b0.1/den_acc.3.8.gz|' 'gunzip -c exp/sgmm2_4_mmi_b0.1/den_acc.3.9.gz|' 'gunzip -c exp/sgmm2_4_mmi_b0.1/den_acc.3.10.gz|' 'gunzip -c exp/sgmm2_4_mmi_b0.1/den_acc.3.11.gz|' 'gunzip -c exp/sgmm2_4_mmi_b0.1/den_acc.3.12.gz|' 'gunzip -c exp/sgmm2_4_mmi_b0.1/den_acc.3.13.gz|' 'gunzip -c exp/sgmm2_4_mmi_b0.1/den_acc.3.14.gz|' 'gunzip -c exp/sgmm2_4_mmi_b0.1/den_acc.3.15.gz|' 'gunzip -c exp/sgmm2_4_mmi_b0.1/den_acc.3.16.gz|' 'gunzip -c exp/sgmm2_4_mmi_b0.1/den_acc.3.17.gz|' 'gunzip -c exp/sgmm2_4_mmi_b0.1/den_acc.3.18.gz|' 'gunzip -c exp/sgmm2_4_mmi_b0.1/den_acc.3.19.gz|' 'gunzip -c exp/sgmm2_4_mmi_b0.1/den_acc.3.20.gz|' 'gunzip -c exp/sgmm2_4_mmi_b0.1/den_acc.3.21.gz|' 'gunzip -c exp/sgmm2_4_mmi_b0.1/den_acc.3.22.gz|' 'gunzip -c exp/sgmm2_4_mmi_b0.1/den_acc.3.23.gz|' 'gunzip -c exp/sgmm2_4_mmi_b0.1/den_acc.3.24.gz|' 'gunzip -c exp/sgmm2_4_mmi_b0.1/den_acc.3.25.gz|' 'gunzip -c exp/sgmm2_4_mmi_b0.1/den_acc.3.26.gz|' 'gunzip -c exp/sgmm2_4_mmi_b0.1/den_acc.3.27.gz|' 'gunzip -c exp/sgmm2_4_mmi_b0.1/den_acc.3.28.gz|' 'gunzip -c exp/sgmm2_4_mmi_b0.1/den_acc.3.29.gz|' 'gunzip -c exp/sgmm2_4_mmi_b0.1/den_acc.3.30.gz|' 
LOG (sgmm2-sum-accs[5.5.208~1-b0fc0]:main():sgmm2-sum-accs.cc:87) Written stats to -
LOG (sgmm2-est-ebw[5.5.208~1-b0fc0]:Check():estimate-am-sgmm2.cc:216) Sgmm2PdfModel: J1 = 1400, J2 = 5684, D = 40, S = 41, T = 40, I = 400
LOG (sgmm2-est-ebw[5.5.208~1-b0fc0]:Check():estimate-am-sgmm2.cc:362) Subspace GMM model properties: Y: yes, nonzero. Z: yes, nonzero. R: yes, nonzero. gamma_s: yes, zero. S: yes, nonzero. y: yes, nonzero. a: yes.  a: yes, nonzero. gamma: yes.  gamma: yes, nonzero. gamma_c: yes, nonzero. t: yes, nonzero. t: yes, nonzero. 
LOG (sgmm2-est-ebw[5.5.208~1-b0fc0]:Check():estimate-am-sgmm2.cc:216) Sgmm2PdfModel: J1 = 1400, J2 = 5684, D = 40, S = 41, T = 40, I = 400
LOG (sgmm2-est-ebw[5.5.208~1-b0fc0]:Check():estimate-am-sgmm2.cc:362) Subspace GMM model properties: Y: yes, nonzero. Z: yes, nonzero. R: yes, nonzero. gamma_s: yes, zero. S: yes, nonzero. y: yes, nonzero. a: yes.  a: yes, nonzero. gamma: yes.  gamma: yes, nonzero. gamma_c: yes, nonzero. t: yes, nonzero. t: yes, nonzero. 
LOG (sgmm2-est-ebw[5.5.208~1-b0fc0]:UpdatePhoneVectors():estimate-am-sgmm2-ebw.cc:265) Updating phone vectors.
LOG (sgmm2-est-ebw[5.5.208~1-b0fc0]:UpdatePhoneVectorsInternal():estimate-am-sgmm2-ebw.cc:254) Objf impr for group j = 0  is 0.00774362 over 180.584 frames
LOG (sgmm2-est-ebw[5.5.208~1-b0fc0]:UpdatePhoneVectorsInternal():estimate-am-sgmm2-ebw.cc:254) Objf impr for group j = 1  is 0.00411147 over 0.349103 frames
LOG (sgmm2-est-ebw[5.5.208~1-b0fc0]:UpdatePhoneVectorsInternal():estimate-am-sgmm2-ebw.cc:254) Objf impr for group j = 2  is 0.0107782 over 1.69048 frames
LOG (sgmm2-est-ebw[5.5.208~1-b0fc0]:UpdatePhoneVectorsInternal():estimate-am-sgmm2-ebw.cc:254) Objf impr for group j = 3  is 0.00961983 over 1.88329 frames
LOG (sgmm2-est-ebw[5.5.208~1-b0fc0]:UpdatePhoneVectorsInternal():estimate-am-sgmm2-ebw.cc:254) Objf impr for group j = 4  is 0.00250606 over 0.376581 frames
LOG (sgmm2-est-ebw[5.5.208~1-b0fc0]:UpdatePhoneVectorsInternal():estimate-am-sgmm2-ebw.cc:254) Objf impr for group j = 5  is 0.00225295 over 0.103453 frames
LOG (sgmm2-est-ebw[5.5.208~1-b0fc0]:UpdatePhoneVectorsInternal():estimate-am-sgmm2-ebw.cc:254) Objf impr for group j = 6  is 0.0122846 over 0.0592468 frames
LOG (sgmm2-est-ebw[5.5.208~1-b0fc0]:UpdatePhoneVectorsInternal():estimate-am-sgmm2-ebw.cc:254) Objf impr for group j = 7  is 0.00567548 over 0.0694058 frames
LOG (sgmm2-est-ebw[5.5.208~1-b0fc0]:UpdatePhoneVectorsInternal():estimate-am-sgmm2-ebw.cc:254) Objf impr for group j = 8  is 0.00453184 over 1.24746 frames
LOG (sgmm2-est-ebw[5.5.208~1-b0fc0]:UpdatePhoneVectorsInternal():estimate-am-sgmm2-ebw.cc:254) Objf impr for group j = 9  is 0.0225162 over 15.7683 frames
LOG (sgmm2-est-ebw[5.5.208~1-b0fc0]:UpdatePhoneVectors():estimate-am-sgmm2-ebw.cc:277) **Overall auxf improvement for v is 0.0380396 over 9766.98 frames
LOG (sgmm2-est-ebw[5.5.208~1-b0fc0]:SolveQuadraticMatrixProblem():sp-matrix.cc:786) Solving matrix problem for M: floored 10 eigenvalues. 
LOG (sgmm2-est-ebw[5.5.208~1-b0fc0]:SolveQuadraticMatrixProblem():sp-matrix.cc:786) Solving matrix problem for M: floored 17 eigenvalues. 
LOG (sgmm2-est-ebw[5.5.208~1-b0fc0]:SolveQuadraticMatrixProblem():sp-matrix.cc:786) Solving matrix problem for M: floored 2 eigenvalues. 
LOG (sgmm2-est-ebw[5.5.208~1-b0fc0]:SolveQuadraticMatrixProblem():sp-matrix.cc:786) Solving matrix problem for M: floored 3 eigenvalues. 
LOG (sgmm2-est-ebw[5.5.208~1-b0fc0]:SolveQuadraticMatrixProblem():sp-matrix.cc:786) Solving matrix problem for M: floored 26 eigenvalues. 
LOG (sgmm2-est-ebw[5.5.208~1-b0fc0]:SolveQuadraticMatrixProblem():sp-matrix.cc:786) Solving matrix problem for M: floored 10 eigenvalues. 
LOG (sgmm2-est-ebw[5.5.208~1-b0fc0]:SolveQuadraticMatrixProblem():sp-matrix.cc:786) Solving matrix problem for M: floored 4 eigenvalues. 
LOG (sgmm2-est-ebw[5.5.208~1-b0fc0]:SolveQuadraticMatrixProblem():sp-matrix.cc:786) Solving matrix problem for M: floored 10 eigenvalues. 
LOG (sgmm2-est-ebw[5.5.208~1-b0fc0]:SolveQuadraticMatrixProblem():sp-matrix.cc:786) Solving matrix problem for M: floored 2 eigenvalues. 
LOG (sgmm2-est-ebw[5.5.208~1-b0fc0]:SolveQuadraticMatrixProblem():sp-matrix.cc:786) Solving matrix problem for M: floored 1 eigenvalues. 
LOG (sgmm2-est-ebw[5.5.208~1-b0fc0]:UpdateM():estimate-am-sgmm2-ebw.cc:352) Overall auxiliary function improvement for model projections M is 0.0833763 over 9766.98 frames
LOG (sgmm2-est-ebw[5.5.208~1-b0fc0]:UpdateW():estimate-am-sgmm2-ebw.cc:375) Updating weight projections
WARNING (sgmm2-est-ebw[5.5.208~1-b0fc0]:ComputeLogA():estimate-am-sgmm2.cc:834) 117 sub-states with zero "a" (and presumably gamma) stats.
WARNING (sgmm2-est-ebw[5.5.208~1-b0fc0]:ComputeLogA():estimate-am-sgmm2.cc:834) 40 sub-states with zero "a" (and presumably gamma) stats.
LOG (sgmm2-est-ebw[5.5.208~1-b0fc0]:UpdateW():estimate-am-sgmm2-ebw.cc:443) Predicted objf impr for w per frame is 0.041021 over 2.15428 frames.
LOG (sgmm2-est-ebw[5.5.208~1-b0fc0]:UpdateW():estimate-am-sgmm2-ebw.cc:443) Predicted objf impr for w per frame is 0.00182364 over 1.35192 frames.
LOG (sgmm2-est-ebw[5.5.208~1-b0fc0]:UpdateW():estimate-am-sgmm2-ebw.cc:443) Predicted objf impr for w per frame is 0.00930931 over 4.29171 frames.
LOG (sgmm2-est-ebw[5.5.208~1-b0fc0]:UpdateW():estimate-am-sgmm2-ebw.cc:443) Predicted objf impr for w per frame is 0.00785901 over 15.0201 frames.
LOG (sgmm2-est-ebw[5.5.208~1-b0fc0]:UpdateW():estimate-am-sgmm2-ebw.cc:443) Predicted objf impr for w per frame is 0.0088733 over 22.1106 frames.
LOG (sgmm2-est-ebw[5.5.208~1-b0fc0]:UpdateW():estimate-am-sgmm2-ebw.cc:443) Predicted objf impr for w per frame is 0.0116482 over 36.9467 frames.
LOG (sgmm2-est-ebw[5.5.208~1-b0fc0]:SolveQuadraticProblem<double>():sp-matrix.cc:686) Solving quadratic problem for w: floored 1 eigenvalues. 
LOG (sgmm2-est-ebw[5.5.208~1-b0fc0]:UpdateW():estimate-am-sgmm2-ebw.cc:443) Predicted objf impr for w per frame is 0.0586239 over 30.8338 frames.
LOG (sgmm2-est-ebw[5.5.208~1-b0fc0]:UpdateW():estimate-am-sgmm2-ebw.cc:443) Predicted objf impr for w per frame is 0.029701 over 31.1639 frames.
LOG (sgmm2-est-ebw[5.5.208~1-b0fc0]:UpdateW():estimate-am-sgmm2-ebw.cc:443) Predicted objf impr for w per frame is 0.0107626 over 20.6469 frames.
LOG (sgmm2-est-ebw[5.5.208~1-b0fc0]:UpdateW():estimate-am-sgmm2-ebw.cc:443) Predicted objf impr for w per frame is 0.047495 over 26.8855 frames.
LOG (sgmm2-est-ebw[5.5.208~1-b0fc0]:UpdateW():estimate-am-sgmm2-ebw.cc:456) **Overall objf impr for w per frame is 0.0150704 over 9766.98 frames.
LOG (sgmm2-est-ebw[5.5.208~1-b0fc0]:UpdateVars():estimate-am-sgmm2-ebw.cc:654) Updating variance: Auxf change per frame for Gaussian 0 is 0.113568 over 2.15428 frames (den count was 1.68682), #floor,ceil was 0, 0
LOG (sgmm2-est-ebw[5.5.208~1-b0fc0]:UpdateVars():estimate-am-sgmm2-ebw.cc:654) Updating variance: Auxf change per frame for Gaussian 1 is 0.0465782 over 1.35192 frames (den count was 0.887643), #floor,ceil was 0, 0
LOG (sgmm2-est-ebw[5.5.208~1-b0fc0]:UpdateVars():estimate-am-sgmm2-ebw.cc:654) Updating variance: Auxf change per frame for Gaussian 2 is 0.00340358 over 4.29171 frames (den count was 4.017), #floor,ceil was 0, 0
LOG (sgmm2-est-ebw[5.5.208~1-b0fc0]:UpdateVars():estimate-am-sgmm2-ebw.cc:654) Updating variance: Auxf change per frame for Gaussian 3 is 0.0067486 over 15.0201 frames (den count was 12.9729), #floor,ceil was 0, 0
LOG (sgmm2-est-ebw[5.5.208~1-b0fc0]:UpdateVars():estimate-am-sgmm2-ebw.cc:654) Updating variance: Auxf change per frame for Gaussian 4 is 0.0330998 over 22.1106 frames (den count was 20.6151), #floor,ceil was 0, 0
LOG (sgmm2-est-ebw[5.5.208~1-b0fc0]:UpdateVars():estimate-am-sgmm2-ebw.cc:654) Updating variance: Auxf change per frame for Gaussian 5 is 0.0407842 over 36.9467 frames (den count was 44.0723), #floor,ceil was 0, 0
LOG (sgmm2-est-ebw[5.5.208~1-b0fc0]:UpdateVars():estimate-am-sgmm2-ebw.cc:654) Updating variance: Auxf change per frame for Gaussian 6 is 0.0785525 over 30.8338 frames (den count was 38.2353), #floor,ceil was 0, 0
LOG (sgmm2-est-ebw[5.5.208~1-b0fc0]:UpdateVars():estimate-am-sgmm2-ebw.cc:654) Updating variance: Auxf change per frame for Gaussian 7 is 0.00390346 over 31.1639 frames (den count was 30.4172), #floor,ceil was 0, 0
LOG (sgmm2-est-ebw[5.5.208~1-b0fc0]:UpdateVars():estimate-am-sgmm2-ebw.cc:654) Updating variance: Auxf change per frame for Gaussian 8 is 0.0142698 over 20.6469 frames (den count was 19.2933), #floor,ceil was 0, 0
LOG (sgmm2-est-ebw[5.5.208~1-b0fc0]:UpdateVars():estimate-am-sgmm2-ebw.cc:654) Updating variance: Auxf change per frame for Gaussian 9 is 0.0311115 over 26.8855 frames (den count was 28.491), #floor,ceil was 0, 0
LOG (sgmm2-est-ebw[5.5.208~1-b0fc0]:UpdateVars():estimate-am-sgmm2-ebw.cc:666) **Overall auxf impr for Sigma is 0.0340668 over 9766.98 frames
LOG (sgmm2-est-ebw[5.5.208~1-b0fc0]:UpdateSubstateWeights():estimate-am-sgmm2-ebw.cc:676) Updating substate mixture weights
LOG (sgmm2-est-ebw[5.5.208~1-b0fc0]:UpdateSubstateWeights():estimate-am-sgmm2-ebw.cc:719) Updating substate weights: auxf impr for pdf 0 is 0.00116764 per frame over 190.584 frames (den count is 175.483)
LOG (sgmm2-est-ebw[5.5.208~1-b0fc0]:UpdateSubstateWeights():estimate-am-sgmm2-ebw.cc:719) Updating substate weights: auxf impr for pdf 1 is 2.55831e-05 per frame over 10.0728 frames (den count is 0.110577)
LOG (sgmm2-est-ebw[5.5.208~1-b0fc0]:UpdateSubstateWeights():estimate-am-sgmm2-ebw.cc:719) Updating substate weights: auxf impr for pdf 2 is 1.85519e-06 per frame over 10 frames (den count is 0.0195726)
LOG (sgmm2-est-ebw[5.5.208~1-b0fc0]:UpdateSubstateWeights():estimate-am-sgmm2-ebw.cc:719) Updating substate weights: auxf impr for pdf 3 is 9.17718e-05 per frame over 10.2763 frames (den count is 0.347325)
LOG (sgmm2-est-ebw[5.5.208~1-b0fc0]:UpdateSubstateWeights():estimate-am-sgmm2-ebw.cc:719) Updating substate weights: auxf impr for pdf 4 is 0.00115866 per frame over 11.5712 frames (den count is 1.8635)
LOG (sgmm2-est-ebw[5.5.208~1-b0fc0]:UpdateSubstateWeights():estimate-am-sgmm2-ebw.cc:719) Updating substate weights: auxf impr for pdf 5 is 0.000135859 per frame over 10.1193 frames (den count is 0.435079)
LOG (sgmm2-est-ebw[5.5.208~1-b0fc0]:UpdateSubstateWeights():estimate-am-sgmm2-ebw.cc:719) Updating substate weights: auxf impr for pdf 6 is 0.000109728 per frame over 10.1292 frames (den count is 0.154012)
LOG (sgmm2-est-ebw[5.5.208~1-b0fc0]:UpdateSubstateWeights():estimate-am-sgmm2-ebw.cc:719) Updating substate weights: auxf impr for pdf 7 is 0.000439801 per frame over 11.7541 frames (den count is 1.99263)
LOG (sgmm2-est-ebw[5.5.208~1-b0fc0]:UpdateSubstateWeights():estimate-am-sgmm2-ebw.cc:719) Updating substate weights: auxf impr for pdf 8 is 2.06807e-06 per frame over 10.0427 frames (den count is 0.0279991)
LOG (sgmm2-est-ebw[5.5.208~1-b0fc0]:UpdateSubstateWeights():estimate-am-sgmm2-ebw.cc:719) Updating substate weights: auxf impr for pdf 9 is 0.000333685 per frame over 10.1121 frames (den count is 0.254819)
LOG (sgmm2-est-ebw[5.5.208~1-b0fc0]:UpdateSubstateWeights():estimate-am-sgmm2-ebw.cc:719) Updating substate weights: auxf impr for pdf 128 is 0.511774 per frame over 17.4444 frames (den count is 76.1855)
LOG (sgmm2-est-ebw[5.5.208~1-b0fc0]:UpdateSubstateWeights():estimate-am-sgmm2-ebw.cc:719) Updating substate weights: auxf impr for pdf 144 is 5.72759 per frame over 15.9235 frames (den count is 146.885)
LOG (sgmm2-est-ebw[5.5.208~1-b0fc0]:UpdateSubstateWeights():estimate-am-sgmm2-ebw.cc:719) Updating substate weights: auxf impr for pdf 232 is 0.717636 per frame over 183.844 frames (den count is 6.53142)
LOG (sgmm2-est-ebw[5.5.208~1-b0fc0]:UpdateSubstateWeights():estimate-am-sgmm2-ebw.cc:719) Updating substate weights: auxf impr for pdf 323 is 0.747924 per frame over 15.7665 frames (den count is 34.1887)
LOG (sgmm2-est-ebw[5.5.208~1-b0fc0]:UpdateSubstateWeights():estimate-am-sgmm2-ebw.cc:719) Updating substate weights: auxf impr for pdf 661 is 0.503587 per frame over 26.8992 frames (den count is 74.1269)
LOG (sgmm2-est-ebw[5.5.208~1-b0fc0]:UpdateSubstateWeights():estimate-am-sgmm2-ebw.cc:719) Updating substate weights: auxf impr for pdf 968 is 0.50338 per frame over 43.5536 frames (den count is 0.111079)
LOG (sgmm2-est-ebw[5.5.208~1-b0fc0]:UpdateSubstateWeights():estimate-am-sgmm2-ebw.cc:719) Updating substate weights: auxf impr for pdf 4965 is 0.607375 per frame over 74.2361 frames (den count is 0.204268)
LOG (sgmm2-est-ebw[5.5.208~1-b0fc0]:UpdateSubstateWeights():estimate-am-sgmm2-ebw.cc:719) Updating substate weights: auxf impr for pdf 5276 is 0.542068 per frame over 20.2011 frames (den count is 1.13475)
LOG (sgmm2-est-ebw[5.5.208~1-b0fc0]:UpdateSubstateWeights():estimate-am-sgmm2-ebw.cc:719) Updating substate weights: auxf impr for pdf 5442 is 0.596331 per frame over 16.989 frames (den count is 35.5258)
LOG (sgmm2-est-ebw[5.5.208~1-b0fc0]:UpdateSubstateWeights():estimate-am-sgmm2-ebw.cc:731) **Overall auxf impr for c is 0.075874 over 9766.96 frames
LOG (sgmm2-est-ebw[5.5.208~1-b0fc0]:UpdateN():estimate-am-sgmm2-ebw.cc:580) Objf impr for spk projection N for i = 0, is 0.0128894 over 2.15428 frames
LOG (sgmm2-est-ebw[5.5.208~1-b0fc0]:UpdateN():estimate-am-sgmm2-ebw.cc:580) Objf impr for spk projection N for i = 1, is 0.0331977 over 1.35192 frames
LOG (sgmm2-est-ebw[5.5.208~1-b0fc0]:UpdateN():estimate-am-sgmm2-ebw.cc:580) Objf impr for spk projection N for i = 2, is 0.00570524 over 4.29171 frames
LOG (sgmm2-est-ebw[5.5.208~1-b0fc0]:UpdateN():estimate-am-sgmm2-ebw.cc:580) Objf impr for spk projection N for i = 3, is 0.0103396 over 15.0201 frames
LOG (sgmm2-est-ebw[5.5.208~1-b0fc0]:UpdateN():estimate-am-sgmm2-ebw.cc:580) Objf impr for spk projection N for i = 4, is 0.0355595 over 22.1106 frames
LOG (sgmm2-est-ebw[5.5.208~1-b0fc0]:UpdateN():estimate-am-sgmm2-ebw.cc:580) Objf impr for spk projection N for i = 5, is 0.0209247 over 36.9467 frames
LOG (sgmm2-est-ebw[5.5.208~1-b0fc0]:UpdateN():estimate-am-sgmm2-ebw.cc:580) Objf impr for spk projection N for i = 6, is 0.0539303 over 30.8338 frames
LOG (sgmm2-est-ebw[5.5.208~1-b0fc0]:UpdateN():estimate-am-sgmm2-ebw.cc:580) Objf impr for spk projection N for i = 7, is 0.00604727 over 31.1639 frames
LOG (sgmm2-est-ebw[5.5.208~1-b0fc0]:UpdateN():estimate-am-sgmm2-ebw.cc:580) Objf impr for spk projection N for i = 8, is 0.0116389 over 20.6469 frames
LOG (sgmm2-est-ebw[5.5.208~1-b0fc0]:UpdateN():estimate-am-sgmm2-ebw.cc:580) Objf impr for spk projection N for i = 9, is 0.0221597 over 26.8855 frames
LOG (sgmm2-est-ebw[5.5.208~1-b0fc0]:UpdateN():estimate-am-sgmm2-ebw.cc:592) **Overall auxf impr for N is 0.0262331 over 9766.98 frames
LOG (sgmm2-est-ebw[5.5.208~1-b0fc0]:Update():estimate-am-sgmm2-ebw.cc:96) ***Averaged differenced likelihood per frame is 2.19554 over 9766.98 frames.
LOG (sgmm2-est-ebw[5.5.208~1-b0fc0]:Update():estimate-am-sgmm2-ebw.cc:99) ***Note: for this to be at all meaningful, if you use "canceled" stats you will have to renormalize this over the "real" frame count.
LOG (sgmm2-est-ebw[5.5.208~1-b0fc0]:ComputeNormalizers():am-sgmm2.cc:858) Computing normalizers
LOG (sgmm2-est-ebw[5.5.208~1-b0fc0]:ComputeNormalizers():am-sgmm2.cc:865) Entropy of weights in substates is 2.09679 over 9475 substates, equivalent to perplexity of 8.14
LOG (sgmm2-est-ebw[5.5.208~1-b0fc0]:ComputeNormalizers():am-sgmm2.cc:869) Done computing normalizers
LOG (sgmm2-est-ebw[5.5.208~1-b0fc0]:main():sgmm2-est-ebw.cc:102) Overall auxf impr/frame from SGMM update is 0.27266 over 9766.98 frames.
LOG (sgmm2-est-ebw[5.5.208~1-b0fc0]:main():sgmm2-est-ebw.cc:112) Wrote model to exp/sgmm2_4_mmi_b0.1/4.mdl
# Accounting: time=37 threads=1
# Ended (code 0) at Wed Feb 27 16:04:31 +07 2019, elapsed time 37 seconds
