# sgmm2-latgen-faster --spk-vecs=ark:exp/sgmm2_4_ali/vecs.12 --utt2spk=ark:data/train/split30/12/utt2spk "--gselect=ark,s,cs:gunzip -c exp/sgmm2_4_ali/gselect.12.gz|" --beam=18.0 --lattice-beam=10.0 --acoustic-scale=0.2 --max-mem=20000000 --max-active=5000 --word-symbol-table=data/lang/words.txt exp/sgmm2_4_ali/final.mdl exp/sgmm2_4_denlats/dengraph/HCLG.fst "ark,s,cs:apply-cmvn --utt2spk=ark:data/train/split30/12/split30utt/24/utt2spk scp:data/train/split30/12/split30utt/24/cmvn.scp scp:data/train/split30/12/split30utt/24/feats.scp ark:- | splice-feats --left-context=3 --right-context=3 ark:- ark:- | transform-feats exp/sgmm2_4_ali/final.mat ark:- ark:- | transform-feats --utt2spk=ark:data/train/split30/12/split30utt/24/utt2spk ark:exp/tri3_ali/trans.12 ark:- ark:- |" "ark:|gzip -c >exp/sgmm2_4_denlats/lat.12.24.gz" 
# Started at Wed Feb 27 15:35:37 +07 2019
#
sgmm2-latgen-faster --spk-vecs=ark:exp/sgmm2_4_ali/vecs.12 --utt2spk=ark:data/train/split30/12/utt2spk '--gselect=ark,s,cs:gunzip -c exp/sgmm2_4_ali/gselect.12.gz|' --beam=18.0 --lattice-beam=10.0 --acoustic-scale=0.2 --max-mem=20000000 --max-active=5000 --word-symbol-table=data/lang/words.txt exp/sgmm2_4_ali/final.mdl exp/sgmm2_4_denlats/dengraph/HCLG.fst 'ark,s,cs:apply-cmvn --utt2spk=ark:data/train/split30/12/split30utt/24/utt2spk scp:data/train/split30/12/split30utt/24/cmvn.scp scp:data/train/split30/12/split30utt/24/feats.scp ark:- | splice-feats --left-context=3 --right-context=3 ark:- ark:- | transform-feats exp/sgmm2_4_ali/final.mat ark:- ark:- | transform-feats --utt2spk=ark:data/train/split30/12/split30utt/24/utt2spk ark:exp/tri3_ali/trans.12 ark:- ark:- |' 'ark:|gzip -c >exp/sgmm2_4_denlats/lat.12.24.gz' 
transform-feats exp/sgmm2_4_ali/final.mat ark:- ark:- 
splice-feats --left-context=3 --right-context=3 ark:- ark:- 
transform-feats --utt2spk=ark:data/train/split30/12/split30utt/24/utt2spk ark:exp/tri3_ali/trans.12 ark:- ark:- 
apply-cmvn --utt2spk=ark:data/train/split30/12/split30utt/24/utt2spk scp:data/train/split30/12/split30utt/24/cmvn.scp scp:data/train/split30/12/split30utt/24/feats.scp ark:- 
LOG (apply-cmvn[5.5.208~1-b0fc0]:main():apply-cmvn.cc:162) Applied cepstral mean normalization to 4 utterances, errors on 0
LOG (transform-feats[5.5.208~1-b0fc0]:main():transform-feats.cc:158) Overall average [pseudo-]logdet is -88.6037 over 1087 frames.
LOG (transform-feats[5.5.208~1-b0fc0]:main():transform-feats.cc:161) Applied transform to 4 utterances; 0 had errors.
MDCD0_SX245 sil d ah z hh ih n vcl d uw aa dx iy aa l ix vcl jh iy hh aa n er cl k aw epi z sil 
LOG (sgmm2-latgen-faster[5.5.208~1-b0fc0]:DecodeUtteranceLatticeFaster():decoder-wrappers.cc:289) Log-like per frame for utterance MDCD0_SX245 is -8.79443 over 245 frames.
LOG (sgmm2-latgen-faster[5.5.208~1-b0fc0]:main():sgmm2-latgen-faster.cc:209) Log-like per frame for utterance MDCD0_SX245 is -8.79443 over 245 frames.
LOG (transform-feats[5.5.208~1-b0fc0]:main():transform-feats.cc:158) Overall average logdet is 4.04901 over 1087 frames.
LOG (transform-feats[5.5.208~1-b0fc0]:main():transform-feats.cc:161) Applied transform to 4 utterances; 0 had errors.
MDCD0_SX335 sil g ah s ao cl p ay n cl t r iy z en r eh vcl w uh vcl z ow n ix z w ao cl k th r uw s ax cl k oy y ah n ae sh cl ax cl p ao r ix s cl t sil 
LOG (sgmm2-latgen-faster[5.5.208~1-b0fc0]:DecodeUtteranceLatticeFaster():decoder-wrappers.cc:289) Log-like per frame for utterance MDCD0_SX335 is -9.19305 over 436 frames.
LOG (sgmm2-latgen-faster[5.5.208~1-b0fc0]:main():sgmm2-latgen-faster.cc:209) Log-like per frame for utterance MDCD0_SX335 is -9.19305 over 436 frames.
MDCD0_SX425 sil m uw v iy z n eh v er hh ae v ax n ah f v ih l ah n z sil 
LOG (sgmm2-latgen-faster[5.5.208~1-b0fc0]:DecodeUtteranceLatticeFaster():decoder-wrappers.cc:289) Log-like per frame for utterance MDCD0_SX425 is -8.90694 over 202 frames.
LOG (sgmm2-latgen-faster[5.5.208~1-b0fc0]:main():sgmm2-latgen-faster.cc:209) Log-like per frame for utterance MDCD0_SX425 is -8.90694 over 202 frames.
MDCD0_SX65 sil ch ae l ax n vcl jh iy cl ch s vcl jh eh n ax l z ix n cl t eh l ah vcl jh en cl s sil 
LOG (sgmm2-latgen-faster[5.5.208~1-b0fc0]:DecodeUtteranceLatticeFaster():decoder-wrappers.cc:289) Log-like per frame for utterance MDCD0_SX65 is -9.63086 over 204 frames.
LOG (sgmm2-latgen-faster[5.5.208~1-b0fc0]:main():sgmm2-latgen-faster.cc:209) Log-like per frame for utterance MDCD0_SX65 is -9.63086 over 204 frames.
LOG (sgmm2-latgen-faster[5.5.208~1-b0fc0]:main():sgmm2-latgen-faster.cc:252) Time taken [excluding initialization] 14.3091s: real-time factor assuming 100 frames/sec is 1.31638
LOG (sgmm2-latgen-faster[5.5.208~1-b0fc0]:main():sgmm2-latgen-faster.cc:255) Done 4 utterances, failed for 0
LOG (sgmm2-latgen-faster[5.5.208~1-b0fc0]:main():sgmm2-latgen-faster.cc:257) Overall log-likelihood per frame = -9.1322 over 1087 frames.
WARNING (sgmm2-latgen-faster[5.5.208~1-b0fc0]:Close():kaldi-io.cc:515) Pipe gunzip -c exp/sgmm2_4_ali/gselect.12.gz| had nonzero return status 36096
# Accounting: time=16 threads=1
# Ended (code 0) at Wed Feb 27 15:35:53 +07 2019, elapsed time 16 seconds
