# sgmm2-latgen-faster --spk-vecs=ark:exp/sgmm2_4_ali/vecs.12 --utt2spk=ark:data/train/split30/12/utt2spk "--gselect=ark,s,cs:gunzip -c exp/sgmm2_4_ali/gselect.12.gz|" --beam=18.0 --lattice-beam=10.0 --acoustic-scale=0.2 --max-mem=20000000 --max-active=5000 --word-symbol-table=data/lang/words.txt exp/sgmm2_4_ali/final.mdl exp/sgmm2_4_denlats/dengraph/HCLG.fst "ark,s,cs:apply-cmvn --utt2spk=ark:data/train/split30/12/split30utt/28/utt2spk scp:data/train/split30/12/split30utt/28/cmvn.scp scp:data/train/split30/12/split30utt/28/feats.scp ark:- | splice-feats --left-context=3 --right-context=3 ark:- ark:- | transform-feats exp/sgmm2_4_ali/final.mat ark:- ark:- | transform-feats --utt2spk=ark:data/train/split30/12/split30utt/28/utt2spk ark:exp/tri3_ali/trans.12 ark:- ark:- |" "ark:|gzip -c >exp/sgmm2_4_denlats/lat.12.28.gz" 
# Started at Wed Feb 27 15:35:54 +07 2019
#
sgmm2-latgen-faster --spk-vecs=ark:exp/sgmm2_4_ali/vecs.12 --utt2spk=ark:data/train/split30/12/utt2spk '--gselect=ark,s,cs:gunzip -c exp/sgmm2_4_ali/gselect.12.gz|' --beam=18.0 --lattice-beam=10.0 --acoustic-scale=0.2 --max-mem=20000000 --max-active=5000 --word-symbol-table=data/lang/words.txt exp/sgmm2_4_ali/final.mdl exp/sgmm2_4_denlats/dengraph/HCLG.fst 'ark,s,cs:apply-cmvn --utt2spk=ark:data/train/split30/12/split30utt/28/utt2spk scp:data/train/split30/12/split30utt/28/cmvn.scp scp:data/train/split30/12/split30utt/28/feats.scp ark:- | splice-feats --left-context=3 --right-context=3 ark:- ark:- | transform-feats exp/sgmm2_4_ali/final.mat ark:- ark:- | transform-feats --utt2spk=ark:data/train/split30/12/split30utt/28/utt2spk ark:exp/tri3_ali/trans.12 ark:- ark:- |' 'ark:|gzip -c >exp/sgmm2_4_denlats/lat.12.28.gz' 
transform-feats exp/sgmm2_4_ali/final.mat ark:- ark:- 
splice-feats --left-context=3 --right-context=3 ark:- ark:- 
apply-cmvn --utt2spk=ark:data/train/split30/12/split30utt/28/utt2spk scp:data/train/split30/12/split30utt/28/cmvn.scp scp:data/train/split30/12/split30utt/28/feats.scp ark:- 
LOG (apply-cmvn[5.5.208~1-b0fc0]:main():apply-cmvn.cc:162) Applied cepstral mean normalization to 4 utterances, errors on 0
transform-feats --utt2spk=ark:data/train/split30/12/split30utt/28/utt2spk ark:exp/tri3_ali/trans.12 ark:- ark:- 
LOG (transform-feats[5.5.208~1-b0fc0]:main():transform-feats.cc:158) Overall average [pseudo-]logdet is -88.6037 over 979 frames.
LOG (transform-feats[5.5.208~1-b0fc0]:main():transform-feats.cc:161) Applied transform to 4 utterances; 0 had errors.
MDDC0_SX249 sil ay ey cl eh v r iy oy s cl t er ao n ao r ix z cl p l ey cl sil 
LOG (sgmm2-latgen-faster[5.5.208~1-b0fc0]:DecodeUtteranceLatticeFaster():decoder-wrappers.cc:289) Log-like per frame for utterance MDDC0_SX249 is -7.61151 over 243 frames.
LOG (sgmm2-latgen-faster[5.5.208~1-b0fc0]:main():sgmm2-latgen-faster.cc:209) Log-like per frame for utterance MDDC0_SX249 is -7.61151 over 243 frames.
MDDC0_SX339 sil d ih vcl sh ao n cl k eh cl ch dh ae cl b ih vcl g uw s w ax dh aw cl hh eh l cl sil 
LOG (sgmm2-latgen-faster[5.5.208~1-b0fc0]:DecodeUtteranceLatticeFaster():decoder-wrappers.cc:289) Log-like per frame for utterance MDDC0_SX339 is -8.81278 over 219 frames.
LOG (sgmm2-latgen-faster[5.5.208~1-b0fc0]:main():sgmm2-latgen-faster.cc:209) Log-like per frame for utterance MDDC0_SX339 is -8.81278 over 219 frames.
LOG (transform-feats[5.5.208~1-b0fc0]:main():transform-feats.cc:158) Overall average logdet is 1.54222 over 979 frames.
LOG (transform-feats[5.5.208~1-b0fc0]:main():transform-feats.cc:161) Applied transform to 4 utterances; 0 had errors.
MDDC0_SX429 sil ey cl t uw f cl p ey s cl t uw vcl sh ix vcl b iy s cl k w iy z f er m dh ax vcl b aa dx ax m sil 
LOG (sgmm2-latgen-faster[5.5.208~1-b0fc0]:DecodeUtteranceLatticeFaster():decoder-wrappers.cc:289) Log-like per frame for utterance MDDC0_SX429 is -8.91294 over 264 frames.
LOG (sgmm2-latgen-faster[5.5.208~1-b0fc0]:main():sgmm2-latgen-faster.cc:209) Log-like per frame for utterance MDDC0_SX429 is -8.91294 over 264 frames.
MDDC0_SX69 sil hh iy cl ch er r ey z en z aw d ao r z ao n dh ax cl p ao r cl ch cl t eh cl p s sil 
LOG (sgmm2-latgen-faster[5.5.208~1-b0fc0]:DecodeUtteranceLatticeFaster():decoder-wrappers.cc:289) Log-like per frame for utterance MDDC0_SX69 is -8.53225 over 253 frames.
LOG (sgmm2-latgen-faster[5.5.208~1-b0fc0]:main():sgmm2-latgen-faster.cc:209) Log-like per frame for utterance MDDC0_SX69 is -8.53225 over 253 frames.
LOG (sgmm2-latgen-faster[5.5.208~1-b0fc0]:main():sgmm2-latgen-faster.cc:252) Time taken [excluding initialization] 7.43329s: real-time factor assuming 100 frames/sec is 0.759274
LOG (sgmm2-latgen-faster[5.5.208~1-b0fc0]:main():sgmm2-latgen-faster.cc:255) Done 4 utterances, failed for 0
LOG (sgmm2-latgen-faster[5.5.208~1-b0fc0]:main():sgmm2-latgen-faster.cc:257) Overall log-likelihood per frame = -8.46912 over 979 frames.
WARNING (sgmm2-latgen-faster[5.5.208~1-b0fc0]:Close():kaldi-io.cc:515) Pipe gunzip -c exp/sgmm2_4_ali/gselect.12.gz| had nonzero return status 36096
# Accounting: time=9 threads=1
# Ended (code 0) at Wed Feb 27 15:36:03 +07 2019, elapsed time 9 seconds
