# sgmm2-latgen-faster --spk-vecs=ark:exp/sgmm2_4_ali/vecs.12 --utt2spk=ark:data/train/split30/12/utt2spk "--gselect=ark,s,cs:gunzip -c exp/sgmm2_4_ali/gselect.12.gz|" --beam=18.0 --lattice-beam=10.0 --acoustic-scale=0.2 --max-mem=20000000 --max-active=5000 --word-symbol-table=data/lang/words.txt exp/sgmm2_4_ali/final.mdl exp/sgmm2_4_denlats/dengraph/HCLG.fst "ark,s,cs:apply-cmvn --utt2spk=ark:data/train/split30/12/split30utt/26/utt2spk scp:data/train/split30/12/split30utt/26/cmvn.scp scp:data/train/split30/12/split30utt/26/feats.scp ark:- | splice-feats --left-context=3 --right-context=3 ark:- ark:- | transform-feats exp/sgmm2_4_ali/final.mat ark:- ark:- | transform-feats --utt2spk=ark:data/train/split30/12/split30utt/26/utt2spk ark:exp/tri3_ali/trans.12 ark:- ark:- |" "ark:|gzip -c >exp/sgmm2_4_denlats/lat.12.26.gz" 
# Started at Wed Feb 27 15:35:48 +07 2019
#
sgmm2-latgen-faster --spk-vecs=ark:exp/sgmm2_4_ali/vecs.12 --utt2spk=ark:data/train/split30/12/utt2spk '--gselect=ark,s,cs:gunzip -c exp/sgmm2_4_ali/gselect.12.gz|' --beam=18.0 --lattice-beam=10.0 --acoustic-scale=0.2 --max-mem=20000000 --max-active=5000 --word-symbol-table=data/lang/words.txt exp/sgmm2_4_ali/final.mdl exp/sgmm2_4_denlats/dengraph/HCLG.fst 'ark,s,cs:apply-cmvn --utt2spk=ark:data/train/split30/12/split30utt/26/utt2spk scp:data/train/split30/12/split30utt/26/cmvn.scp scp:data/train/split30/12/split30utt/26/feats.scp ark:- | splice-feats --left-context=3 --right-context=3 ark:- ark:- | transform-feats exp/sgmm2_4_ali/final.mat ark:- ark:- | transform-feats --utt2spk=ark:data/train/split30/12/split30utt/26/utt2spk ark:exp/tri3_ali/trans.12 ark:- ark:- |' 'ark:|gzip -c >exp/sgmm2_4_denlats/lat.12.26.gz' 
transform-feats --utt2spk=ark:data/train/split30/12/split30utt/26/utt2spk ark:exp/tri3_ali/trans.12 ark:- ark:- 
transform-feats exp/sgmm2_4_ali/final.mat ark:- ark:- 
splice-feats --left-context=3 --right-context=3 ark:- ark:- 
apply-cmvn --utt2spk=ark:data/train/split30/12/split30utt/26/utt2spk scp:data/train/split30/12/split30utt/26/cmvn.scp scp:data/train/split30/12/split30utt/26/feats.scp ark:- 
LOG (apply-cmvn[5.5.208~1-b0fc0]:main():apply-cmvn.cc:162) Applied cepstral mean normalization to 4 utterances, errors on 0
LOG (transform-feats[5.5.208~1-b0fc0]:main():transform-feats.cc:158) Overall average [pseudo-]logdet is -88.6037 over 1145 frames.
LOG (transform-feats[5.5.208~1-b0fc0]:main():transform-feats.cc:161) Applied transform to 4 utterances; 0 had errors.
MDCM0_SX220 sil dh ax m ow s cl r iy s en cl jh iy ax l aa vcl jh ix cl k el s er v ey f aw n s ay z m ix cl k ae cl t ih v iy sil 
LOG (sgmm2-latgen-faster[5.5.208~1-b0fc0]:DecodeUtteranceLatticeFaster():decoder-wrappers.cc:289) Log-like per frame for utterance MDCM0_SX220 is -8.52453 over 350 frames.
LOG (sgmm2-latgen-faster[5.5.208~1-b0fc0]:main():sgmm2-latgen-faster.cc:209) Log-like per frame for utterance MDCM0_SX220 is -8.52453 over 350 frames.
MDCM0_SX310 sil dh ix hh uh dx ix v dh ix vcl jh iy cl p w ax s cl t iy m iy n ix n ax hh aa cl s ah n sil 
LOG (sgmm2-latgen-faster[5.5.208~1-b0fc0]:DecodeUtteranceLatticeFaster():decoder-wrappers.cc:289) Log-like per frame for utterance MDCM0_SX310 is -8.99158 over 248 frames.
LOG (sgmm2-latgen-faster[5.5.208~1-b0fc0]:main():sgmm2-latgen-faster.cc:209) Log-like per frame for utterance MDCM0_SX310 is -8.99158 over 248 frames.
LOG (transform-feats[5.5.208~1-b0fc0]:main():transform-feats.cc:158) Overall average logdet is 3.81243 over 1145 frames.
LOG (transform-feats[5.5.208~1-b0fc0]:main():transform-feats.cc:161) Applied transform to 4 utterances; 0 had errors.
MDCM0_SX40 sil s cl t ih m y uw ey dx iy n vcl d ix s cl k ah sh en z cl k iy cl p s cl t uw vcl en cl s ix cl t eh n sh ix n sil 
LOG (sgmm2-latgen-faster[5.5.208~1-b0fc0]:DecodeUtteranceLatticeFaster():decoder-wrappers.cc:289) Log-like per frame for utterance MDCM0_SX40 is -8.89158 over 276 frames.
LOG (sgmm2-latgen-faster[5.5.208~1-b0fc0]:main():sgmm2-latgen-faster.cc:209) Log-like per frame for utterance MDCM0_SX40 is -8.89158 over 276 frames.
MDCM0_SX400 sil jh ih s vcl d r aa cl n ow dx ax s ix z ix n eh n iy s ix vcl jh eh sh cl ch en vcl b aa cl k s sil 
LOG (sgmm2-latgen-faster[5.5.208~1-b0fc0]:DecodeUtteranceLatticeFaster():decoder-wrappers.cc:289) Log-like per frame for utterance MDCM0_SX400 is -9.35532 over 271 frames.
LOG (sgmm2-latgen-faster[5.5.208~1-b0fc0]:main():sgmm2-latgen-faster.cc:209) Log-like per frame for utterance MDCM0_SX400 is -9.35532 over 271 frames.
LOG (sgmm2-latgen-faster[5.5.208~1-b0fc0]:main():sgmm2-latgen-faster.cc:252) Time taken [excluding initialization] 10.9726s: real-time factor assuming 100 frames/sec is 0.958304
LOG (sgmm2-latgen-faster[5.5.208~1-b0fc0]:main():sgmm2-latgen-faster.cc:255) Done 4 utterances, failed for 0
LOG (sgmm2-latgen-faster[5.5.208~1-b0fc0]:main():sgmm2-latgen-faster.cc:257) Overall log-likelihood per frame = -8.9108 over 1145 frames.
WARNING (sgmm2-latgen-faster[5.5.208~1-b0fc0]:Close():kaldi-io.cc:515) Pipe gunzip -c exp/sgmm2_4_ali/gselect.12.gz| had nonzero return status 36096
# Accounting: time=12 threads=1
# Ended (code 0) at Wed Feb 27 15:36:00 +07 2019, elapsed time 12 seconds
