# sgmm2-latgen-faster --spk-vecs=ark:exp/sgmm2_4_ali/vecs.12 --utt2spk=ark:data/train/split30/12/utt2spk "--gselect=ark,s,cs:gunzip -c exp/sgmm2_4_ali/gselect.12.gz|" --beam=18.0 --lattice-beam=10.0 --acoustic-scale=0.2 --max-mem=20000000 --max-active=5000 --word-symbol-table=data/lang/words.txt exp/sgmm2_4_ali/final.mdl exp/sgmm2_4_denlats/dengraph/HCLG.fst "ark,s,cs:apply-cmvn --utt2spk=ark:data/train/split30/12/split30utt/23/utt2spk scp:data/train/split30/12/split30utt/23/cmvn.scp scp:data/train/split30/12/split30utt/23/feats.scp ark:- | splice-feats --left-context=3 --right-context=3 ark:- ark:- | transform-feats exp/sgmm2_4_ali/final.mat ark:- ark:- | transform-feats --utt2spk=ark:data/train/split30/12/split30utt/23/utt2spk ark:exp/tri3_ali/trans.12 ark:- ark:- |" "ark:|gzip -c >exp/sgmm2_4_denlats/lat.12.23.gz" 
# Started at Wed Feb 27 15:35:37 +07 2019
#
sgmm2-latgen-faster --spk-vecs=ark:exp/sgmm2_4_ali/vecs.12 --utt2spk=ark:data/train/split30/12/utt2spk '--gselect=ark,s,cs:gunzip -c exp/sgmm2_4_ali/gselect.12.gz|' --beam=18.0 --lattice-beam=10.0 --acoustic-scale=0.2 --max-mem=20000000 --max-active=5000 --word-symbol-table=data/lang/words.txt exp/sgmm2_4_ali/final.mdl exp/sgmm2_4_denlats/dengraph/HCLG.fst 'ark,s,cs:apply-cmvn --utt2spk=ark:data/train/split30/12/split30utt/23/utt2spk scp:data/train/split30/12/split30utt/23/cmvn.scp scp:data/train/split30/12/split30utt/23/feats.scp ark:- | splice-feats --left-context=3 --right-context=3 ark:- ark:- | transform-feats exp/sgmm2_4_ali/final.mat ark:- ark:- | transform-feats --utt2spk=ark:data/train/split30/12/split30utt/23/utt2spk ark:exp/tri3_ali/trans.12 ark:- ark:- |' 'ark:|gzip -c >exp/sgmm2_4_denlats/lat.12.23.gz' 
transform-feats --utt2spk=ark:data/train/split30/12/split30utt/23/utt2spk ark:exp/tri3_ali/trans.12 ark:- ark:- 
transform-feats exp/sgmm2_4_ali/final.mat ark:- ark:- 
apply-cmvn --utt2spk=ark:data/train/split30/12/split30utt/23/utt2spk scp:data/train/split30/12/split30utt/23/cmvn.scp scp:data/train/split30/12/split30utt/23/feats.scp ark:- 
LOG (apply-cmvn[5.5.208~1-b0fc0]:main():apply-cmvn.cc:162) Applied cepstral mean normalization to 4 utterances, errors on 0
splice-feats --left-context=3 --right-context=3 ark:- ark:- 
LOG (transform-feats[5.5.208~1-b0fc0]:main():transform-feats.cc:158) Overall average [pseudo-]logdet is -88.6037 over 1260 frames.
LOG (transform-feats[5.5.208~1-b0fc0]:main():transform-feats.cc:161) Applied transform to 4 utterances; 0 had errors.
MDCD0_SI1415 sil ey s eh cl k ax n ah s ih s cl t ax n cl m aa cl p w ax cl t uw s cl p ah n vcl jh ix z sil 
LOG (sgmm2-latgen-faster[5.5.208~1-b0fc0]:DecodeUtteranceLatticeFaster():decoder-wrappers.cc:289) Log-like per frame for utterance MDCD0_SI1415 is -9.92057 over 274 frames.
LOG (sgmm2-latgen-faster[5.5.208~1-b0fc0]:main():sgmm2-latgen-faster.cc:209) Log-like per frame for utterance MDCD0_SI1415 is -9.92057 over 274 frames.
MDCD0_SI2045 sil b ix f ao m ah cl ch l ao ng er dh ax m er iy n cl k w ay dx ix vcl d aw n sil 
LOG (sgmm2-latgen-faster[5.5.208~1-b0fc0]:DecodeUtteranceLatticeFaster():decoder-wrappers.cc:289) Log-like per frame for utterance MDCD0_SI2045 is -8.92941 over 230 frames.
LOG (sgmm2-latgen-faster[5.5.208~1-b0fc0]:main():sgmm2-latgen-faster.cc:209) Log-like per frame for utterance MDCD0_SI2045 is -8.92941 over 230 frames.
LOG (transform-feats[5.5.208~1-b0fc0]:main():transform-feats.cc:158) Overall average logdet is 4.04901 over 1260 frames.
LOG (transform-feats[5.5.208~1-b0fc0]:main():transform-feats.cc:161) Applied transform to 4 utterances; 0 had errors.
MDCD0_SI785 sil dh ix th iy r iy sil dh iy aa vcl d ix ax vcl b ix hh aa n aa r dx ix z aa n ix z epi m aa vcl jh er l er y uw n ix cl t s hh ao r cl p ae n l ah z ey sh en sil 
LOG (sgmm2-latgen-faster[5.5.208~1-b0fc0]:DecodeUtteranceLatticeFaster():decoder-wrappers.cc:289) Log-like per frame for utterance MDCD0_SI785 is -9.0616 over 458 frames.
LOG (sgmm2-latgen-faster[5.5.208~1-b0fc0]:main():sgmm2-latgen-faster.cc:209) Log-like per frame for utterance MDCD0_SI785 is -9.0616 over 458 frames.
MDCD0_SX155 sil dh ax w ao dx er cl k ax n cl t ey n cl t uw m ah cl ch cl k l ao r iy n ix n s cl t ah ng ix z ay z sil 
LOG (sgmm2-latgen-faster[5.5.208~1-b0fc0]:DecodeUtteranceLatticeFaster():decoder-wrappers.cc:289) Log-like per frame for utterance MDCD0_SX155 is -9.06488 over 298 frames.
LOG (sgmm2-latgen-faster[5.5.208~1-b0fc0]:main():sgmm2-latgen-faster.cc:209) Log-like per frame for utterance MDCD0_SX155 is -9.06488 over 298 frames.
LOG (sgmm2-latgen-faster[5.5.208~1-b0fc0]:main():sgmm2-latgen-faster.cc:252) Time taken [excluding initialization] 15.9511s: real-time factor assuming 100 frames/sec is 1.26596
LOG (sgmm2-latgen-faster[5.5.208~1-b0fc0]:main():sgmm2-latgen-faster.cc:255) Done 4 utterances, failed for 0
LOG (sgmm2-latgen-faster[5.5.208~1-b0fc0]:main():sgmm2-latgen-faster.cc:257) Overall log-likelihood per frame = -9.22504 over 1260 frames.
WARNING (sgmm2-latgen-faster[5.5.208~1-b0fc0]:Close():kaldi-io.cc:515) Pipe gunzip -c exp/sgmm2_4_ali/gselect.12.gz| had nonzero return status 36096
# Accounting: time=17 threads=1
# Ended (code 0) at Wed Feb 27 15:35:54 +07 2019, elapsed time 17 seconds
