# sgmm2-latgen-faster --spk-vecs=ark:exp/sgmm2_4_ali/vecs.20 --utt2spk=ark:data/train/split30/20/utt2spk "--gselect=ark,s,cs:gunzip -c exp/sgmm2_4_ali/gselect.20.gz|" --beam=18.0 --lattice-beam=10.0 --acoustic-scale=0.2 --max-mem=20000000 --max-active=5000 --word-symbol-table=data/lang/words.txt exp/sgmm2_4_ali/final.mdl exp/sgmm2_4_denlats/dengraph/HCLG.fst "ark,s,cs:apply-cmvn --utt2spk=ark:data/train/split30/20/split30utt/22/utt2spk scp:data/train/split30/20/split30utt/22/cmvn.scp scp:data/train/split30/20/split30utt/22/feats.scp ark:- | splice-feats --left-context=3 --right-context=3 ark:- ark:- | transform-feats exp/sgmm2_4_ali/final.mat ark:- ark:- | transform-feats --utt2spk=ark:data/train/split30/20/split30utt/22/utt2spk ark:exp/tri3_ali/trans.20 ark:- ark:- |" "ark:|gzip -c >exp/sgmm2_4_denlats/lat.20.22.gz" 
# Started at Wed Feb 27 15:43:18 +07 2019
#
sgmm2-latgen-faster --spk-vecs=ark:exp/sgmm2_4_ali/vecs.20 --utt2spk=ark:data/train/split30/20/utt2spk '--gselect=ark,s,cs:gunzip -c exp/sgmm2_4_ali/gselect.20.gz|' --beam=18.0 --lattice-beam=10.0 --acoustic-scale=0.2 --max-mem=20000000 --max-active=5000 --word-symbol-table=data/lang/words.txt exp/sgmm2_4_ali/final.mdl exp/sgmm2_4_denlats/dengraph/HCLG.fst 'ark,s,cs:apply-cmvn --utt2spk=ark:data/train/split30/20/split30utt/22/utt2spk scp:data/train/split30/20/split30utt/22/cmvn.scp scp:data/train/split30/20/split30utt/22/feats.scp ark:- | splice-feats --left-context=3 --right-context=3 ark:- ark:- | transform-feats exp/sgmm2_4_ali/final.mat ark:- ark:- | transform-feats --utt2spk=ark:data/train/split30/20/split30utt/22/utt2spk ark:exp/tri3_ali/trans.20 ark:- ark:- |' 'ark:|gzip -c >exp/sgmm2_4_denlats/lat.20.22.gz' 
transform-feats exp/sgmm2_4_ali/final.mat ark:- ark:- 
splice-feats --left-context=3 --right-context=3 ark:- ark:- 
apply-cmvn --utt2spk=ark:data/train/split30/20/split30utt/22/utt2spk scp:data/train/split30/20/split30utt/22/cmvn.scp scp:data/train/split30/20/split30utt/22/feats.scp ark:- 
LOG (apply-cmvn[5.5.208~1-b0fc0]:main():apply-cmvn.cc:162) Applied cepstral mean normalization to 4 utterances, errors on 0
transform-feats --utt2spk=ark:data/train/split30/20/split30utt/22/utt2spk ark:exp/tri3_ali/trans.20 ark:- ark:- 
LOG (transform-feats[5.5.208~1-b0fc0]:main():transform-feats.cc:158) Overall average [pseudo-]logdet is -88.6037 over 989 frames.
LOG (transform-feats[5.5.208~1-b0fc0]:main():transform-feats.cc:161) Applied transform to 4 utterances; 0 had errors.
MKXL0_SX15 sil dh ax m y uw z iy ih m hh ay er z m y uw z ih sh en z eh v r iy iy v n ix ng sil 
LOG (sgmm2-latgen-faster[5.5.208~1-b0fc0]:DecodeUtteranceLatticeFaster():decoder-wrappers.cc:289) Log-like per frame for utterance MKXL0_SX15 is -8.34415 over 262 frames.
LOG (sgmm2-latgen-faster[5.5.208~1-b0fc0]:main():sgmm2-latgen-faster.cc:209) Log-like per frame for utterance MKXL0_SX15 is -8.34415 over 262 frames.
MKXL0_SX195 sil w ix vcl d y uw ax l aw ae cl k s ax v ay l ix n cl s sil 
LOG (sgmm2-latgen-faster[5.5.208~1-b0fc0]:DecodeUtteranceLatticeFaster():decoder-wrappers.cc:289) Log-like per frame for utterance MKXL0_SX195 is -7.915 over 198 frames.
LOG (sgmm2-latgen-faster[5.5.208~1-b0fc0]:main():sgmm2-latgen-faster.cc:209) Log-like per frame for utterance MKXL0_SX195 is -7.915 over 198 frames.
LOG (transform-feats[5.5.208~1-b0fc0]:main():transform-feats.cc:158) Overall average logdet is 1.30428 over 989 frames.
LOG (transform-feats[5.5.208~1-b0fc0]:main():transform-feats.cc:161) Applied transform to 4 utterances; 0 had errors.
MKXL0_SX285 sil r ih cl ch cl p er cl ch ix s eh v r el s ay n vcl l ih th ow vcl g r ae f s sil 
LOG (sgmm2-latgen-faster[5.5.208~1-b0fc0]:DecodeUtteranceLatticeFaster():decoder-wrappers.cc:289) Log-like per frame for utterance MKXL0_SX285 is -9.26558 over 239 frames.
LOG (sgmm2-latgen-faster[5.5.208~1-b0fc0]:main():sgmm2-latgen-faster.cc:209) Log-like per frame for utterance MKXL0_SX285 is -9.26558 over 239 frames.
MKXL0_SX375 sil g r ow ix ng w eh l cl k eh cl p g aa r vcl en z ix z v er iy cl t ay m cl k en s uw m ix ng sil 
LOG (sgmm2-latgen-faster[5.5.208~1-b0fc0]:DecodeUtteranceLatticeFaster():decoder-wrappers.cc:289) Log-like per frame for utterance MKXL0_SX375 is -8.91963 over 290 frames.
LOG (sgmm2-latgen-faster[5.5.208~1-b0fc0]:main():sgmm2-latgen-faster.cc:209) Log-like per frame for utterance MKXL0_SX375 is -8.91963 over 290 frames.
LOG (sgmm2-latgen-faster[5.5.208~1-b0fc0]:main():sgmm2-latgen-faster.cc:252) Time taken [excluding initialization] 10.8404s: real-time factor assuming 100 frames/sec is 1.0961
LOG (sgmm2-latgen-faster[5.5.208~1-b0fc0]:main():sgmm2-latgen-faster.cc:255) Done 4 utterances, failed for 0
LOG (sgmm2-latgen-faster[5.5.208~1-b0fc0]:main():sgmm2-latgen-faster.cc:257) Overall log-likelihood per frame = -8.64965 over 989 frames.
WARNING (sgmm2-latgen-faster[5.5.208~1-b0fc0]:Close():kaldi-io.cc:515) Pipe gunzip -c exp/sgmm2_4_ali/gselect.20.gz| had nonzero return status 36096
# Accounting: time=12 threads=1
# Ended (code 0) at Wed Feb 27 15:43:30 +07 2019, elapsed time 12 seconds
