# sgmm2-latgen-faster --spk-vecs=ark:exp/sgmm2_4_ali/vecs.20 --utt2spk=ark:data/train/split30/20/utt2spk "--gselect=ark,s,cs:gunzip -c exp/sgmm2_4_ali/gselect.20.gz|" --beam=18.0 --lattice-beam=10.0 --acoustic-scale=0.2 --max-mem=20000000 --max-active=5000 --word-symbol-table=data/lang/words.txt exp/sgmm2_4_ali/final.mdl exp/sgmm2_4_denlats/dengraph/HCLG.fst "ark,s,cs:apply-cmvn --utt2spk=ark:data/train/split30/20/split30utt/29/utt2spk scp:data/train/split30/20/split30utt/29/cmvn.scp scp:data/train/split30/20/split30utt/29/feats.scp ark:- | splice-feats --left-context=3 --right-context=3 ark:- ark:- | transform-feats exp/sgmm2_4_ali/final.mat ark:- ark:- | transform-feats --utt2spk=ark:data/train/split30/20/split30utt/29/utt2spk ark:exp/tri3_ali/trans.20 ark:- ark:- |" "ark:|gzip -c >exp/sgmm2_4_denlats/lat.20.29.gz" 
# Started at Wed Feb 27 15:43:43 +07 2019
#
sgmm2-latgen-faster --spk-vecs=ark:exp/sgmm2_4_ali/vecs.20 --utt2spk=ark:data/train/split30/20/utt2spk '--gselect=ark,s,cs:gunzip -c exp/sgmm2_4_ali/gselect.20.gz|' --beam=18.0 --lattice-beam=10.0 --acoustic-scale=0.2 --max-mem=20000000 --max-active=5000 --word-symbol-table=data/lang/words.txt exp/sgmm2_4_ali/final.mdl exp/sgmm2_4_denlats/dengraph/HCLG.fst 'ark,s,cs:apply-cmvn --utt2spk=ark:data/train/split30/20/split30utt/29/utt2spk scp:data/train/split30/20/split30utt/29/cmvn.scp scp:data/train/split30/20/split30utt/29/feats.scp ark:- | splice-feats --left-context=3 --right-context=3 ark:- ark:- | transform-feats exp/sgmm2_4_ali/final.mat ark:- ark:- | transform-feats --utt2spk=ark:data/train/split30/20/split30utt/29/utt2spk ark:exp/tri3_ali/trans.20 ark:- ark:- |' 'ark:|gzip -c >exp/sgmm2_4_denlats/lat.20.29.gz' 
transform-feats --utt2spk=ark:data/train/split30/20/split30utt/29/utt2spk ark:exp/tri3_ali/trans.20 ark:- ark:- 
transform-feats exp/sgmm2_4_ali/final.mat ark:- ark:- 
apply-cmvn --utt2spk=ark:data/train/split30/20/split30utt/29/utt2spk scp:data/train/split30/20/split30utt/29/cmvn.scp scp:data/train/split30/20/split30utt/29/feats.scp ark:- 
splice-feats --left-context=3 --right-context=3 ark:- ark:- 
LOG (apply-cmvn[5.5.208~1-b0fc0]:main():apply-cmvn.cc:162) Applied cepstral mean normalization to 4 utterances, errors on 0
MLJH0_SI1324 sil ih dx ih z ey hh ae cl p iy sil vcl b ah z ix n sil k r aw vcl d sil 
LOG (sgmm2-latgen-faster[5.5.208~1-b0fc0]:DecodeUtteranceLatticeFaster():decoder-wrappers.cc:289) Log-like per frame for utterance MLJH0_SI1324 is -8.49852 over 339 frames.
LOG (sgmm2-latgen-faster[5.5.208~1-b0fc0]:main():sgmm2-latgen-faster.cc:209) Log-like per frame for utterance MLJH0_SI1324 is -8.49852 over 339 frames.
LOG (transform-feats[5.5.208~1-b0fc0]:main():transform-feats.cc:158) Overall average [pseudo-]logdet is -88.6037 over 1785 frames.
LOG (transform-feats[5.5.208~1-b0fc0]:main():transform-feats.cc:161) Applied transform to 4 utterances; 0 had errors.
MLJH0_SI1422 sil dh eh r aa r m ih n iy s ah cl ch sil k aa m cl p ax n cl t ax n l iy sil ax n aa n ax m ah s cl p ax f ao r m ax n s ih z sil ax m ah n dh iy er l iy er cl p ow eh m z sil 
LOG (sgmm2-latgen-faster[5.5.208~1-b0fc0]:DecodeUtteranceLatticeFaster():decoder-wrappers.cc:289) Log-like per frame for utterance MLJH0_SI1422 is -8.86059 over 663 frames.
LOG (sgmm2-latgen-faster[5.5.208~1-b0fc0]:main():sgmm2-latgen-faster.cc:209) Log-like per frame for utterance MLJH0_SI1422 is -8.86059 over 663 frames.
LOG (transform-feats[5.5.208~1-b0fc0]:main():transform-feats.cc:158) Overall average logdet is 4.19234 over 1785 frames.
LOG (transform-feats[5.5.208~1-b0fc0]:main():transform-feats.cc:161) Applied transform to 4 utterances; 0 had errors.
MLJH0_SI694 sil dh iy n uw vcl b er th sil ih z epi m er ae cl k y ix l ax s sil eh n m ax s cl t ih r iy ax s sil 
LOG (sgmm2-latgen-faster[5.5.208~1-b0fc0]:DecodeUtteranceLatticeFaster():decoder-wrappers.cc:289) Log-like per frame for utterance MLJH0_SI694 is -8.02429 over 452 frames.
LOG (sgmm2-latgen-faster[5.5.208~1-b0fc0]:main():sgmm2-latgen-faster.cc:209) Log-like per frame for utterance MLJH0_SI694 is -8.02429 over 452 frames.
MLJH0_SX154 sil ao r n jh vcl jh uw s cl t ey s cl t f ah n iy sil ae f cl t er cl t uw th cl p ey s cl t sil 
LOG (sgmm2-latgen-faster[5.5.208~1-b0fc0]:DecodeUtteranceLatticeFaster():decoder-wrappers.cc:289) Log-like per frame for utterance MLJH0_SX154 is -9.32862 over 331 frames.
LOG (sgmm2-latgen-faster[5.5.208~1-b0fc0]:main():sgmm2-latgen-faster.cc:209) Log-like per frame for utterance MLJH0_SX154 is -9.32862 over 331 frames.
LOG (sgmm2-latgen-faster[5.5.208~1-b0fc0]:main():sgmm2-latgen-faster.cc:252) Time taken [excluding initialization] 15.1858s: real-time factor assuming 100 frames/sec is 0.850746
LOG (sgmm2-latgen-faster[5.5.208~1-b0fc0]:main():sgmm2-latgen-faster.cc:255) Done 4 utterances, failed for 0
LOG (sgmm2-latgen-faster[5.5.208~1-b0fc0]:main():sgmm2-latgen-faster.cc:257) Overall log-likelihood per frame = -8.66685 over 1785 frames.
WARNING (sgmm2-latgen-faster[5.5.208~1-b0fc0]:Close():kaldi-io.cc:515) Pipe gunzip -c exp/sgmm2_4_ali/gselect.20.gz| had nonzero return status 36096
# Accounting: time=16 threads=1
# Ended (code 0) at Wed Feb 27 15:44:00 +07 2019, elapsed time 16 seconds
