# sgmm2-latgen-faster --spk-vecs=ark:exp/sgmm2_4_ali/vecs.20 --utt2spk=ark:data/train/split30/20/utt2spk "--gselect=ark,s,cs:gunzip -c exp/sgmm2_4_ali/gselect.20.gz|" --beam=18.0 --lattice-beam=10.0 --acoustic-scale=0.2 --max-mem=20000000 --max-active=5000 --word-symbol-table=data/lang/words.txt exp/sgmm2_4_ali/final.mdl exp/sgmm2_4_denlats/dengraph/HCLG.fst "ark,s,cs:apply-cmvn --utt2spk=ark:data/train/split30/20/split30utt/18/utt2spk scp:data/train/split30/20/split30utt/18/cmvn.scp scp:data/train/split30/20/split30utt/18/feats.scp ark:- | splice-feats --left-context=3 --right-context=3 ark:- ark:- | transform-feats exp/sgmm2_4_ali/final.mat ark:- ark:- | transform-feats --utt2spk=ark:data/train/split30/20/split30utt/18/utt2spk ark:exp/tri3_ali/trans.20 ark:- ark:- |" "ark:|gzip -c >exp/sgmm2_4_denlats/lat.20.18.gz" 
# Started at Wed Feb 27 15:43:05 +07 2019
#
sgmm2-latgen-faster --spk-vecs=ark:exp/sgmm2_4_ali/vecs.20 --utt2spk=ark:data/train/split30/20/utt2spk '--gselect=ark,s,cs:gunzip -c exp/sgmm2_4_ali/gselect.20.gz|' --beam=18.0 --lattice-beam=10.0 --acoustic-scale=0.2 --max-mem=20000000 --max-active=5000 --word-symbol-table=data/lang/words.txt exp/sgmm2_4_ali/final.mdl exp/sgmm2_4_denlats/dengraph/HCLG.fst 'ark,s,cs:apply-cmvn --utt2spk=ark:data/train/split30/20/split30utt/18/utt2spk scp:data/train/split30/20/split30utt/18/cmvn.scp scp:data/train/split30/20/split30utt/18/feats.scp ark:- | splice-feats --left-context=3 --right-context=3 ark:- ark:- | transform-feats exp/sgmm2_4_ali/final.mat ark:- ark:- | transform-feats --utt2spk=ark:data/train/split30/20/split30utt/18/utt2spk ark:exp/tri3_ali/trans.20 ark:- ark:- |' 'ark:|gzip -c >exp/sgmm2_4_denlats/lat.20.18.gz' 
transform-feats --utt2spk=ark:data/train/split30/20/split30utt/18/utt2spk ark:exp/tri3_ali/trans.20 ark:- ark:- 
apply-cmvn --utt2spk=ark:data/train/split30/20/split30utt/18/utt2spk scp:data/train/split30/20/split30utt/18/cmvn.scp scp:data/train/split30/20/split30utt/18/feats.scp ark:- 
transform-feats exp/sgmm2_4_ali/final.mat ark:- ark:- 
splice-feats --left-context=3 --right-context=3 ark:- ark:- 
LOG (apply-cmvn[5.5.208~1-b0fc0]:main():apply-cmvn.cc:162) Applied cepstral mean normalization to 4 utterances, errors on 0
MKLW0_SX221 sil k ao r iy ih cl t ae cl k cl dh ax cl p r aa vcl jh ix cl k sil w ix th eh cl sh r dx ix cl t er m ix n ey sh en sil 
LOG (sgmm2-latgen-faster[5.5.208~1-b0fc0]:DecodeUtteranceLatticeFaster():decoder-wrappers.cc:289) Log-like per frame for utterance MKLW0_SX221 is -8.93149 over 307 frames.
LOG (sgmm2-latgen-faster[5.5.208~1-b0fc0]:main():sgmm2-latgen-faster.cc:209) Log-like per frame for utterance MKLW0_SX221 is -8.93149 over 307 frames.
LOG (transform-feats[5.5.208~1-b0fc0]:main():transform-feats.cc:158) Overall average [pseudo-]logdet is -88.6037 over 1409 frames.
LOG (transform-feats[5.5.208~1-b0fc0]:main():transform-feats.cc:161) Applied transform to 4 utterances; 0 had errors.
MKLW0_SX311 sil m ay vcl d ih z ay er z ax s ih m cl p el sil g ih v m iy w ah n ih n epi f ao r m ix dx ix v cl p ae er vcl r ae f ao n ix s ah vcl jh eh cl t sil 
LOG (sgmm2-latgen-faster[5.5.208~1-b0fc0]:DecodeUtteranceLatticeFaster():decoder-wrappers.cc:289) Log-like per frame for utterance MKLW0_SX311 is -8.81484 over 460 frames.
LOG (sgmm2-latgen-faster[5.5.208~1-b0fc0]:main():sgmm2-latgen-faster.cc:209) Log-like per frame for utterance MKLW0_SX311 is -8.81484 over 460 frames.
LOG (transform-feats[5.5.208~1-b0fc0]:main():transform-feats.cc:158) Overall average logdet is 4.34939 over 1409 frames.
LOG (transform-feats[5.5.208~1-b0fc0]:main():transform-feats.cc:161) Applied transform to 4 utterances; 0 had errors.
MKLW0_SX401 sil dh ix cl t ae cl s iy cl k ae vcl b r ow cl d aw n ix ng cl k ao z vcl d ix cl t r ae f ix cl jh ae m sil 
LOG (sgmm2-latgen-faster[5.5.208~1-b0fc0]:DecodeUtteranceLatticeFaster():decoder-wrappers.cc:289) Log-like per frame for utterance MKLW0_SX401 is -8.8871 over 297 frames.
LOG (sgmm2-latgen-faster[5.5.208~1-b0fc0]:main():sgmm2-latgen-faster.cc:209) Log-like per frame for utterance MKLW0_SX401 is -8.8871 over 297 frames.
MKLW0_SX41 sil eh dx ih cl k ih cl m ae n vcl d ey cl s cl k m cl p l ay n cl s hh w ax th ix vcl g z ix s cl t ix ng r eh vcl y ix l ey sh ix n s sil 
LOG (sgmm2-latgen-faster[5.5.208~1-b0fc0]:DecodeUtteranceLatticeFaster():decoder-wrappers.cc:289) Log-like per frame for utterance MKLW0_SX41 is -9.43696 over 345 frames.
LOG (sgmm2-latgen-faster[5.5.208~1-b0fc0]:main():sgmm2-latgen-faster.cc:209) Log-like per frame for utterance MKLW0_SX41 is -9.43696 over 345 frames.
LOG (sgmm2-latgen-faster[5.5.208~1-b0fc0]:main():sgmm2-latgen-faster.cc:252) Time taken [excluding initialization] 17.5748s: real-time factor assuming 100 frames/sec is 1.24732
LOG (sgmm2-latgen-faster[5.5.208~1-b0fc0]:main():sgmm2-latgen-faster.cc:255) Done 4 utterances, failed for 0
LOG (sgmm2-latgen-faster[5.5.208~1-b0fc0]:main():sgmm2-latgen-faster.cc:257) Overall log-likelihood per frame = -9.00782 over 1409 frames.
WARNING (sgmm2-latgen-faster[5.5.208~1-b0fc0]:Close():kaldi-io.cc:515) Pipe gunzip -c exp/sgmm2_4_ali/gselect.20.gz| had nonzero return status 36096
# Accounting: time=19 threads=1
# Ended (code 0) at Wed Feb 27 15:43:24 +07 2019, elapsed time 19 seconds
