# sgmm2-latgen-faster --spk-vecs=ark:exp/sgmm2_4_ali/vecs.7 --utt2spk=ark:data/train/split30/7/utt2spk "--gselect=ark,s,cs:gunzip -c exp/sgmm2_4_ali/gselect.7.gz|" --beam=18.0 --lattice-beam=10.0 --acoustic-scale=0.2 --max-mem=20000000 --max-active=5000 --word-symbol-table=data/lang/words.txt exp/sgmm2_4_ali/final.mdl exp/sgmm2_4_denlats/dengraph/HCLG.fst "ark,s,cs:apply-cmvn --utt2spk=ark:data/train/split30/7/split30utt/23/utt2spk scp:data/train/split30/7/split30utt/23/cmvn.scp scp:data/train/split30/7/split30utt/23/feats.scp ark:- | splice-feats --left-context=3 --right-context=3 ark:- ark:- | transform-feats exp/sgmm2_4_ali/final.mat ark:- ark:- | transform-feats --utt2spk=ark:data/train/split30/7/split30utt/23/utt2spk ark:exp/tri3_ali/trans.7 ark:- ark:- |" "ark:|gzip -c >exp/sgmm2_4_denlats/lat.7.23.gz" 
# Started at Wed Feb 27 15:31:35 +07 2019
#
sgmm2-latgen-faster --spk-vecs=ark:exp/sgmm2_4_ali/vecs.7 --utt2spk=ark:data/train/split30/7/utt2spk '--gselect=ark,s,cs:gunzip -c exp/sgmm2_4_ali/gselect.7.gz|' --beam=18.0 --lattice-beam=10.0 --acoustic-scale=0.2 --max-mem=20000000 --max-active=5000 --word-symbol-table=data/lang/words.txt exp/sgmm2_4_ali/final.mdl exp/sgmm2_4_denlats/dengraph/HCLG.fst 'ark,s,cs:apply-cmvn --utt2spk=ark:data/train/split30/7/split30utt/23/utt2spk scp:data/train/split30/7/split30utt/23/cmvn.scp scp:data/train/split30/7/split30utt/23/feats.scp ark:- | splice-feats --left-context=3 --right-context=3 ark:- ark:- | transform-feats exp/sgmm2_4_ali/final.mat ark:- ark:- | transform-feats --utt2spk=ark:data/train/split30/7/split30utt/23/utt2spk ark:exp/tri3_ali/trans.7 ark:- ark:- |' 'ark:|gzip -c >exp/sgmm2_4_denlats/lat.7.23.gz' 
transform-feats --utt2spk=ark:data/train/split30/7/split30utt/23/utt2spk ark:exp/tri3_ali/trans.7 ark:- ark:- 
transform-feats exp/sgmm2_4_ali/final.mat ark:- ark:- 
splice-feats --left-context=3 --right-context=3 ark:- ark:- 
apply-cmvn --utt2spk=ark:data/train/split30/7/split30utt/23/utt2spk scp:data/train/split30/7/split30utt/23/cmvn.scp scp:data/train/split30/7/split30utt/23/feats.scp ark:- 
LOG (apply-cmvn[5.5.208~1-b0fc0]:main():apply-cmvn.cc:162) Applied cepstral mean normalization to 4 utterances, errors on 0
LOG (transform-feats[5.5.208~1-b0fc0]:main():transform-feats.cc:158) Overall average [pseudo-]logdet is -88.6037 over 952 frames.
LOG (transform-feats[5.5.208~1-b0fc0]:main():transform-feats.cc:161) Applied transform to 4 utterances; 0 had errors.
FRJB0_SI1427 sil k en f ae vcl b y ix l ey sh ix n hh eh z cl k ah m cl t ix vcl d ix cl t er m ix n sh cl t r ah cl ch er sil 
LOG (sgmm2-latgen-faster[5.5.208~1-b0fc0]:DecodeUtteranceLatticeFaster():decoder-wrappers.cc:289) Log-like per frame for utterance FRJB0_SI1427 is -9.88335 over 268 frames.
LOG (sgmm2-latgen-faster[5.5.208~1-b0fc0]:main():sgmm2-latgen-faster.cc:209) Log-like per frame for utterance FRJB0_SI1427 is -9.88335 over 268 frames.
FRJB0_SI1470 sil jh ay r ah cl k aa m cl p ix s hh eh dx ih ng sil 
LOG (sgmm2-latgen-faster[5.5.208~1-b0fc0]:DecodeUtteranceLatticeFaster():decoder-wrappers.cc:289) Log-like per frame for utterance FRJB0_SI1470 is -8.52606 over 146 frames.
LOG (sgmm2-latgen-faster[5.5.208~1-b0fc0]:main():sgmm2-latgen-faster.cc:209) Log-like per frame for utterance FRJB0_SI1470 is -8.52606 over 146 frames.
LOG (transform-feats[5.5.208~1-b0fc0]:main():transform-feats.cc:158) Overall average logdet is -0.469714 over 952 frames.
LOG (transform-feats[5.5.208~1-b0fc0]:main():transform-feats.cc:161) Applied transform to 4 utterances; 0 had errors.
FRJB0_SI1794 sil b ah cl w ay cl p ey hh er vcl b ih l z sil 
LOG (sgmm2-latgen-faster[5.5.208~1-b0fc0]:DecodeUtteranceLatticeFaster():decoder-wrappers.cc:289) Log-like per frame for utterance FRJB0_SI1794 is -7.86562 over 178 frames.
LOG (sgmm2-latgen-faster[5.5.208~1-b0fc0]:main():sgmm2-latgen-faster.cc:209) Log-like per frame for utterance FRJB0_SI1794 is -7.86562 over 178 frames.
FRJB0_SX167 sil ix m cl p l oy iy l ey ao f s cl k ao n s ay dx ix vcl w ix dh iy cl k ah m cl p ix n iy z r iy ao r vcl b ix n ix z ey sh ix n sil 
LOG (sgmm2-latgen-faster[5.5.208~1-b0fc0]:DecodeUtteranceLatticeFaster():decoder-wrappers.cc:289) Log-like per frame for utterance FRJB0_SX167 is -8.88424 over 360 frames.
LOG (sgmm2-latgen-faster[5.5.208~1-b0fc0]:main():sgmm2-latgen-faster.cc:209) Log-like per frame for utterance FRJB0_SX167 is -8.88424 over 360 frames.
LOG (sgmm2-latgen-faster[5.5.208~1-b0fc0]:main():sgmm2-latgen-faster.cc:252) Time taken [excluding initialization] 11.6427s: real-time factor assuming 100 frames/sec is 1.22297
LOG (sgmm2-latgen-faster[5.5.208~1-b0fc0]:main():sgmm2-latgen-faster.cc:255) Done 4 utterances, failed for 0
LOG (sgmm2-latgen-faster[5.5.208~1-b0fc0]:main():sgmm2-latgen-faster.cc:257) Overall log-likelihood per frame = -8.92011 over 952 frames.
WARNING (sgmm2-latgen-faster[5.5.208~1-b0fc0]:Close():kaldi-io.cc:515) Pipe gunzip -c exp/sgmm2_4_ali/gselect.7.gz| had nonzero return status 36096
# Accounting: time=12 threads=1
# Ended (code 0) at Wed Feb 27 15:31:47 +07 2019, elapsed time 12 seconds
