# sgmm2-latgen-faster --spk-vecs=ark:exp/sgmm2_4_ali/vecs.7 --utt2spk=ark:data/train/split30/7/utt2spk "--gselect=ark,s,cs:gunzip -c exp/sgmm2_4_ali/gselect.7.gz|" --beam=18.0 --lattice-beam=10.0 --acoustic-scale=0.2 --max-mem=20000000 --max-active=5000 --word-symbol-table=data/lang/words.txt exp/sgmm2_4_ali/final.mdl exp/sgmm2_4_denlats/dengraph/HCLG.fst "ark,s,cs:apply-cmvn --utt2spk=ark:data/train/split30/7/split30utt/26/utt2spk scp:data/train/split30/7/split30utt/26/cmvn.scp scp:data/train/split30/7/split30utt/26/feats.scp ark:- | splice-feats --left-context=3 --right-context=3 ark:- ark:- | transform-feats exp/sgmm2_4_ali/final.mat ark:- ark:- | transform-feats --utt2spk=ark:data/train/split30/7/split30utt/26/utt2spk ark:exp/tri3_ali/trans.7 ark:- ark:- |" "ark:|gzip -c >exp/sgmm2_4_denlats/lat.7.26.gz" 
# Started at Wed Feb 27 15:31:47 +07 2019
#
sgmm2-latgen-faster --spk-vecs=ark:exp/sgmm2_4_ali/vecs.7 --utt2spk=ark:data/train/split30/7/utt2spk '--gselect=ark,s,cs:gunzip -c exp/sgmm2_4_ali/gselect.7.gz|' --beam=18.0 --lattice-beam=10.0 --acoustic-scale=0.2 --max-mem=20000000 --max-active=5000 --word-symbol-table=data/lang/words.txt exp/sgmm2_4_ali/final.mdl exp/sgmm2_4_denlats/dengraph/HCLG.fst 'ark,s,cs:apply-cmvn --utt2spk=ark:data/train/split30/7/split30utt/26/utt2spk scp:data/train/split30/7/split30utt/26/cmvn.scp scp:data/train/split30/7/split30utt/26/feats.scp ark:- | splice-feats --left-context=3 --right-context=3 ark:- ark:- | transform-feats exp/sgmm2_4_ali/final.mat ark:- ark:- | transform-feats --utt2spk=ark:data/train/split30/7/split30utt/26/utt2spk ark:exp/tri3_ali/trans.7 ark:- ark:- |' 'ark:|gzip -c >exp/sgmm2_4_denlats/lat.7.26.gz' 
apply-cmvn --utt2spk=ark:data/train/split30/7/split30utt/26/utt2spk scp:data/train/split30/7/split30utt/26/cmvn.scp scp:data/train/split30/7/split30utt/26/feats.scp ark:- 
LOG (apply-cmvn[5.5.208~1-b0fc0]:main():apply-cmvn.cc:162) Applied cepstral mean normalization to 4 utterances, errors on 0
transform-feats --utt2spk=ark:data/train/split30/7/split30utt/26/utt2spk ark:exp/tri3_ali/trans.7 ark:- ark:- 
transform-feats exp/sgmm2_4_ali/final.mat ark:- ark:- 
splice-feats --left-context=3 --right-context=3 ark:- ark:- 
LOG (transform-feats[5.5.208~1-b0fc0]:main():transform-feats.cc:158) Overall average [pseudo-]logdet is -88.6037 over 981 frames.
LOG (transform-feats[5.5.208~1-b0fc0]:main():transform-feats.cc:161) Applied transform to 4 utterances; 0 had errors.
FRLL0_SX254 sil d uw dh ey ah l aw ey th iy ix s ix n cl ch er cl ch sil 
LOG (sgmm2-latgen-faster[5.5.208~1-b0fc0]:DecodeUtteranceLatticeFaster():decoder-wrappers.cc:289) Log-like per frame for utterance FRLL0_SX254 is -8.03175 over 250 frames.
LOG (sgmm2-latgen-faster[5.5.208~1-b0fc0]:main():sgmm2-latgen-faster.cc:209) Log-like per frame for utterance FRLL0_SX254 is -8.03175 over 250 frames.
FRLL0_SX344 sil ay n ow ay vcl d ih n m iy hh er sil er l iy ix n ah f sil 
LOG (sgmm2-latgen-faster[5.5.208~1-b0fc0]:DecodeUtteranceLatticeFaster():decoder-wrappers.cc:289) Log-like per frame for utterance FRLL0_SX344 is -8.56967 over 237 frames.
LOG (sgmm2-latgen-faster[5.5.208~1-b0fc0]:main():sgmm2-latgen-faster.cc:209) Log-like per frame for utterance FRLL0_SX344 is -8.56967 over 237 frames.
LOG (transform-feats[5.5.208~1-b0fc0]:main():transform-feats.cc:158) Overall average logdet is -0.931367 over 981 frames.
LOG (transform-feats[5.5.208~1-b0fc0]:main():transform-feats.cc:161) Applied transform to 4 utterances; 0 had errors.
FRLL0_SX434 sil iy cl ch s cl t ae vcl g sh er l iy f ay n z ix vcl b ih vcl g f ao n sil 
LOG (sgmm2-latgen-faster[5.5.208~1-b0fc0]:DecodeUtteranceLatticeFaster():decoder-wrappers.cc:289) Log-like per frame for utterance FRLL0_SX434 is -8.81826 over 234 frames.
LOG (sgmm2-latgen-faster[5.5.208~1-b0fc0]:main():sgmm2-latgen-faster.cc:209) Log-like per frame for utterance FRLL0_SX434 is -8.81826 over 234 frames.
FRLL0_SX74 sil eh n ix f ih sh ax l vcl d eh vcl m l ay n cl k ix n aa cl b iy cl p ow s cl p ow n vcl d sil 
LOG (sgmm2-latgen-faster[5.5.208~1-b0fc0]:DecodeUtteranceLatticeFaster():decoder-wrappers.cc:289) Log-like per frame for utterance FRLL0_SX74 is -9.17323 over 260 frames.
LOG (sgmm2-latgen-faster[5.5.208~1-b0fc0]:main():sgmm2-latgen-faster.cc:209) Log-like per frame for utterance FRLL0_SX74 is -9.17323 over 260 frames.
LOG (sgmm2-latgen-faster[5.5.208~1-b0fc0]:main():sgmm2-latgen-faster.cc:252) Time taken [excluding initialization] 10.8267s: real-time factor assuming 100 frames/sec is 1.10364
LOG (sgmm2-latgen-faster[5.5.208~1-b0fc0]:main():sgmm2-latgen-faster.cc:255) Done 4 utterances, failed for 0
LOG (sgmm2-latgen-faster[5.5.208~1-b0fc0]:main():sgmm2-latgen-faster.cc:257) Overall log-likelihood per frame = -8.65185 over 981 frames.
WARNING (sgmm2-latgen-faster[5.5.208~1-b0fc0]:Close():kaldi-io.cc:515) Pipe gunzip -c exp/sgmm2_4_ali/gselect.7.gz| had nonzero return status 36096
# Accounting: time=12 threads=1
# Ended (code 0) at Wed Feb 27 15:31:59 +07 2019, elapsed time 12 seconds
