# sgmm2-latgen-faster --spk-vecs=ark:exp/sgmm2_4_ali/vecs.7 --utt2spk=ark:data/train/split30/7/utt2spk "--gselect=ark,s,cs:gunzip -c exp/sgmm2_4_ali/gselect.7.gz|" --beam=18.0 --lattice-beam=10.0 --acoustic-scale=0.2 --max-mem=20000000 --max-active=5000 --word-symbol-table=data/lang/words.txt exp/sgmm2_4_ali/final.mdl exp/sgmm2_4_denlats/dengraph/HCLG.fst "ark,s,cs:apply-cmvn --utt2spk=ark:data/train/split30/7/split30utt/17/utt2spk scp:data/train/split30/7/split30utt/17/cmvn.scp scp:data/train/split30/7/split30utt/17/feats.scp ark:- | splice-feats --left-context=3 --right-context=3 ark:- ark:- | transform-feats exp/sgmm2_4_ali/final.mat ark:- ark:- | transform-feats --utt2spk=ark:data/train/split30/7/split30utt/17/utt2spk ark:exp/tri3_ali/trans.7 ark:- ark:- |" "ark:|gzip -c >exp/sgmm2_4_denlats/lat.7.17.gz" 
# Started at Wed Feb 27 15:31:14 +07 2019
#
sgmm2-latgen-faster --spk-vecs=ark:exp/sgmm2_4_ali/vecs.7 --utt2spk=ark:data/train/split30/7/utt2spk '--gselect=ark,s,cs:gunzip -c exp/sgmm2_4_ali/gselect.7.gz|' --beam=18.0 --lattice-beam=10.0 --acoustic-scale=0.2 --max-mem=20000000 --max-active=5000 --word-symbol-table=data/lang/words.txt exp/sgmm2_4_ali/final.mdl exp/sgmm2_4_denlats/dengraph/HCLG.fst 'ark,s,cs:apply-cmvn --utt2spk=ark:data/train/split30/7/split30utt/17/utt2spk scp:data/train/split30/7/split30utt/17/cmvn.scp scp:data/train/split30/7/split30utt/17/feats.scp ark:- | splice-feats --left-context=3 --right-context=3 ark:- ark:- | transform-feats exp/sgmm2_4_ali/final.mat ark:- ark:- | transform-feats --utt2spk=ark:data/train/split30/7/split30utt/17/utt2spk ark:exp/tri3_ali/trans.7 ark:- ark:- |' 'ark:|gzip -c >exp/sgmm2_4_denlats/lat.7.17.gz' 
transform-feats --utt2spk=ark:data/train/split30/7/split30utt/17/utt2spk ark:exp/tri3_ali/trans.7 ark:- ark:- 
apply-cmvn --utt2spk=ark:data/train/split30/7/split30utt/17/utt2spk scp:data/train/split30/7/split30utt/17/cmvn.scp scp:data/train/split30/7/split30utt/17/feats.scp ark:- 
LOG (apply-cmvn[5.5.208~1-b0fc0]:main():apply-cmvn.cc:162) Applied cepstral mean normalization to 4 utterances, errors on 0
splice-feats --left-context=3 --right-context=3 ark:- ark:- 
transform-feats exp/sgmm2_4_ali/final.mat ark:- ark:- 
LOG (transform-feats[5.5.208~1-b0fc0]:main():transform-feats.cc:158) Overall average [pseudo-]logdet is -88.6037 over 1189 frames.
LOG (transform-feats[5.5.208~1-b0fc0]:main():transform-feats.cc:161) Applied transform to 4 utterances; 0 had errors.
FPLS0_SI1590 sil w ix th ih z cl k l ah vcl f uh hh iy m ay w uh l vcl b iy vcl g r ay cl f el sil 
LOG (sgmm2-latgen-faster[5.5.208~1-b0fc0]:DecodeUtteranceLatticeFaster():decoder-wrappers.cc:289) Log-like per frame for utterance FPLS0_SI1590 is -9.41077 over 238 frames.
LOG (sgmm2-latgen-faster[5.5.208~1-b0fc0]:main():sgmm2-latgen-faster.cc:209) Log-like per frame for utterance FPLS0_SI1590 is -9.41077 over 238 frames.
FPLS0_SI2220 sil dh ax r eh vcl p ih l z er ah v ay dx ix m eh n eh n ay er n cl k aa m cl p aw n vcl d sil 
LOG (sgmm2-latgen-faster[5.5.208~1-b0fc0]:DecodeUtteranceLatticeFaster():decoder-wrappers.cc:289) Log-like per frame for utterance FPLS0_SI2220 is -8.2286 over 290 frames.
LOG (sgmm2-latgen-faster[5.5.208~1-b0fc0]:main():sgmm2-latgen-faster.cc:209) Log-like per frame for utterance FPLS0_SI2220 is -8.2286 over 290 frames.
LOG (transform-feats[5.5.208~1-b0fc0]:main():transform-feats.cc:158) Overall average logdet is 1.88796 over 1189 frames.
LOG (transform-feats[5.5.208~1-b0fc0]:main():transform-feats.cc:161) Applied transform to 4 utterances; 0 had errors.
FPLS0_SI960 sil n ow vcl g r uw cl p uh v aa v ix s er z cl k ey m ih n f er m ao r s cl p ih r dx ix vcl d ix n ah n s iy ey sh ix n ax n dh ix vcl d aa cl t er z sil 
LOG (sgmm2-latgen-faster[5.5.208~1-b0fc0]:DecodeUtteranceLatticeFaster():decoder-wrappers.cc:289) Log-like per frame for utterance FPLS0_SI960 is -9.08057 over 456 frames.
LOG (sgmm2-latgen-faster[5.5.208~1-b0fc0]:main():sgmm2-latgen-faster.cc:209) Log-like per frame for utterance FPLS0_SI960 is -9.08057 over 456 frames.
FPLS0_SX150 sil v iy ix n ih m iy z cl k uw z iy n ih z ih cl k s cl k w ih z ih sil 
LOG (sgmm2-latgen-faster[5.5.208~1-b0fc0]:DecodeUtteranceLatticeFaster():decoder-wrappers.cc:289) Log-like per frame for utterance FPLS0_SX150 is -9.56861 over 205 frames.
LOG (sgmm2-latgen-faster[5.5.208~1-b0fc0]:main():sgmm2-latgen-faster.cc:209) Log-like per frame for utterance FPLS0_SX150 is -9.56861 over 205 frames.
LOG (sgmm2-latgen-faster[5.5.208~1-b0fc0]:main():sgmm2-latgen-faster.cc:252) Time taken [excluding initialization] 14.1741s: real-time factor assuming 100 frames/sec is 1.1921
LOG (sgmm2-latgen-faster[5.5.208~1-b0fc0]:main():sgmm2-latgen-faster.cc:255) Done 4 utterances, failed for 0
LOG (sgmm2-latgen-faster[5.5.208~1-b0fc0]:main():sgmm2-latgen-faster.cc:257) Overall log-likelihood per frame = -9.02301 over 1189 frames.
WARNING (sgmm2-latgen-faster[5.5.208~1-b0fc0]:Close():kaldi-io.cc:515) Pipe gunzip -c exp/sgmm2_4_ali/gselect.7.gz| had nonzero return status 36096
# Accounting: time=15 threads=1
# Ended (code 0) at Wed Feb 27 15:31:29 +07 2019, elapsed time 15 seconds
