# sgmm2-latgen-faster --spk-vecs=ark:exp/sgmm2_4_ali/vecs.7 --utt2spk=ark:data/train/split30/7/utt2spk "--gselect=ark,s,cs:gunzip -c exp/sgmm2_4_ali/gselect.7.gz|" --beam=18.0 --lattice-beam=10.0 --acoustic-scale=0.2 --max-mem=20000000 --max-active=5000 --word-symbol-table=data/lang/words.txt exp/sgmm2_4_ali/final.mdl exp/sgmm2_4_denlats/dengraph/HCLG.fst "ark,s,cs:apply-cmvn --utt2spk=ark:data/train/split30/7/split30utt/6/utt2spk scp:data/train/split30/7/split30utt/6/cmvn.scp scp:data/train/split30/7/split30utt/6/feats.scp ark:- | splice-feats --left-context=3 --right-context=3 ark:- ark:- | transform-feats exp/sgmm2_4_ali/final.mat ark:- ark:- | transform-feats --utt2spk=ark:data/train/split30/7/split30utt/6/utt2spk ark:exp/tri3_ali/trans.7 ark:- ark:- |" "ark:|gzip -c >exp/sgmm2_4_denlats/lat.7.6.gz" 
# Started at Wed Feb 27 15:30:26 +07 2019
#
sgmm2-latgen-faster --spk-vecs=ark:exp/sgmm2_4_ali/vecs.7 --utt2spk=ark:data/train/split30/7/utt2spk '--gselect=ark,s,cs:gunzip -c exp/sgmm2_4_ali/gselect.7.gz|' --beam=18.0 --lattice-beam=10.0 --acoustic-scale=0.2 --max-mem=20000000 --max-active=5000 --word-symbol-table=data/lang/words.txt exp/sgmm2_4_ali/final.mdl exp/sgmm2_4_denlats/dengraph/HCLG.fst 'ark,s,cs:apply-cmvn --utt2spk=ark:data/train/split30/7/split30utt/6/utt2spk scp:data/train/split30/7/split30utt/6/cmvn.scp scp:data/train/split30/7/split30utt/6/feats.scp ark:- | splice-feats --left-context=3 --right-context=3 ark:- ark:- | transform-feats exp/sgmm2_4_ali/final.mat ark:- ark:- | transform-feats --utt2spk=ark:data/train/split30/7/split30utt/6/utt2spk ark:exp/tri3_ali/trans.7 ark:- ark:- |' 'ark:|gzip -c >exp/sgmm2_4_denlats/lat.7.6.gz' 
transform-feats --utt2spk=ark:data/train/split30/7/split30utt/6/utt2spk ark:exp/tri3_ali/trans.7 ark:- ark:- 
splice-feats --left-context=3 --right-context=3 ark:- ark:- 
transform-feats exp/sgmm2_4_ali/final.mat ark:- ark:- 
apply-cmvn --utt2spk=ark:data/train/split30/7/split30utt/6/utt2spk scp:data/train/split30/7/split30utt/6/cmvn.scp scp:data/train/split30/7/split30utt/6/feats.scp ark:- 
LOG (apply-cmvn[5.5.208~1-b0fc0]:main():apply-cmvn.cc:162) Applied cepstral mean normalization to 4 utterances, errors on 0
LOG (transform-feats[5.5.208~1-b0fc0]:main():transform-feats.cc:158) Overall average [pseudo-]logdet is -88.6037 over 1137 frames.
LOG (transform-feats[5.5.208~1-b0fc0]:main():transform-feats.cc:161) Applied transform to 4 utterances; 0 had errors.
FPAB1_SX211 sil ow n l ih dh ix vcl b eh s cl p l ey er z en vcl jh oy cl p aa cl p ix l eh er dx iy sil 
LOG (sgmm2-latgen-faster[5.5.208~1-b0fc0]:DecodeUtteranceLatticeFaster():decoder-wrappers.cc:289) Log-like per frame for utterance FPAB1_SX211 is -7.64334 over 330 frames.
LOG (sgmm2-latgen-faster[5.5.208~1-b0fc0]:main():sgmm2-latgen-faster.cc:209) Log-like per frame for utterance FPAB1_SX211 is -7.64334 over 330 frames.
FPAB1_SX301 sil w iy l ay cl b l uw cl ch iy z vcl b ah cl v ih cl t er cl p er f er s w ih s cl ch iy z sil 
LOG (sgmm2-latgen-faster[5.5.208~1-b0fc0]:DecodeUtteranceLatticeFaster():decoder-wrappers.cc:289) Log-like per frame for utterance FPAB1_SX301 is -8.27358 over 354 frames.
LOG (sgmm2-latgen-faster[5.5.208~1-b0fc0]:main():sgmm2-latgen-faster.cc:209) Log-like per frame for utterance FPAB1_SX301 is -8.27358 over 354 frames.
LOG (transform-feats[5.5.208~1-b0fc0]:main():transform-feats.cc:158) Overall average logdet is 2.54976 over 1137 frames.
LOG (transform-feats[5.5.208~1-b0fc0]:main():transform-feats.cc:161) Applied transform to 4 utterances; 0 had errors.
FPAB1_SX31 sil ax vcl g uh dx ae dx ih cl t uw dx ih z aa n vcl b iy dx ix vcl b el sil 
LOG (sgmm2-latgen-faster[5.5.208~1-b0fc0]:DecodeUtteranceLatticeFaster():decoder-wrappers.cc:289) Log-like per frame for utterance FPAB1_SX31 is -8.2869 over 218 frames.
LOG (sgmm2-latgen-faster[5.5.208~1-b0fc0]:main():sgmm2-latgen-faster.cc:209) Log-like per frame for utterance FPAB1_SX31 is -8.2869 over 218 frames.
FPAB1_SX391 sil dh ey ao l ay cl k l ao ng hh aa cl t sh aw er s sil 
LOG (sgmm2-latgen-faster[5.5.208~1-b0fc0]:DecodeUtteranceLatticeFaster():decoder-wrappers.cc:289) Log-like per frame for utterance FPAB1_SX391 is -7.96317 over 235 frames.
LOG (sgmm2-latgen-faster[5.5.208~1-b0fc0]:main():sgmm2-latgen-faster.cc:209) Log-like per frame for utterance FPAB1_SX391 is -7.96317 over 235 frames.
LOG (sgmm2-latgen-faster[5.5.208~1-b0fc0]:main():sgmm2-latgen-faster.cc:252) Time taken [excluding initialization] 12.4387s: real-time factor assuming 100 frames/sec is 1.09399
LOG (sgmm2-latgen-faster[5.5.208~1-b0fc0]:main():sgmm2-latgen-faster.cc:255) Done 4 utterances, failed for 0
LOG (sgmm2-latgen-faster[5.5.208~1-b0fc0]:main():sgmm2-latgen-faster.cc:257) Overall log-likelihood per frame = -8.02906 over 1137 frames.
WARNING (sgmm2-latgen-faster[5.5.208~1-b0fc0]:Close():kaldi-io.cc:515) Pipe gunzip -c exp/sgmm2_4_ali/gselect.7.gz| had nonzero return status 36096
# Accounting: time=14 threads=1
# Ended (code 0) at Wed Feb 27 15:30:40 +07 2019, elapsed time 14 seconds
