# sgmm2-latgen-faster --spk-vecs=ark:exp/sgmm2_4_ali/vecs.13 --utt2spk=ark:data/train/split30/13/utt2spk "--gselect=ark,s,cs:gunzip -c exp/sgmm2_4_ali/gselect.13.gz|" --beam=18.0 --lattice-beam=10.0 --acoustic-scale=0.2 --max-mem=20000000 --max-active=5000 --word-symbol-table=data/lang/words.txt exp/sgmm2_4_ali/final.mdl exp/sgmm2_4_denlats/dengraph/HCLG.fst "ark,s,cs:apply-cmvn --utt2spk=ark:data/train/split30/13/split30utt/20/utt2spk scp:data/train/split30/13/split30utt/20/cmvn.scp scp:data/train/split30/13/split30utt/20/feats.scp ark:- | splice-feats --left-context=3 --right-context=3 ark:- ark:- | transform-feats exp/sgmm2_4_ali/final.mat ark:- ark:- | transform-feats --utt2spk=ark:data/train/split30/13/split30utt/20/utt2spk ark:exp/tri3_ali/trans.13 ark:- ark:- |" "ark:|gzip -c >exp/sgmm2_4_denlats/lat.13.20.gz" 
# Started at Wed Feb 27 15:37:15 +07 2019
#
sgmm2-latgen-faster --spk-vecs=ark:exp/sgmm2_4_ali/vecs.13 --utt2spk=ark:data/train/split30/13/utt2spk '--gselect=ark,s,cs:gunzip -c exp/sgmm2_4_ali/gselect.13.gz|' --beam=18.0 --lattice-beam=10.0 --acoustic-scale=0.2 --max-mem=20000000 --max-active=5000 --word-symbol-table=data/lang/words.txt exp/sgmm2_4_ali/final.mdl exp/sgmm2_4_denlats/dengraph/HCLG.fst 'ark,s,cs:apply-cmvn --utt2spk=ark:data/train/split30/13/split30utt/20/utt2spk scp:data/train/split30/13/split30utt/20/cmvn.scp scp:data/train/split30/13/split30utt/20/feats.scp ark:- | splice-feats --left-context=3 --right-context=3 ark:- ark:- | transform-feats exp/sgmm2_4_ali/final.mat ark:- ark:- | transform-feats --utt2spk=ark:data/train/split30/13/split30utt/20/utt2spk ark:exp/tri3_ali/trans.13 ark:- ark:- |' 'ark:|gzip -c >exp/sgmm2_4_denlats/lat.13.20.gz' 
transform-feats --utt2spk=ark:data/train/split30/13/split30utt/20/utt2spk ark:exp/tri3_ali/trans.13 ark:- ark:- 
splice-feats --left-context=3 --right-context=3 ark:- ark:- 
transform-feats exp/sgmm2_4_ali/final.mat ark:- ark:- 
apply-cmvn --utt2spk=ark:data/train/split30/13/split30utt/20/utt2spk scp:data/train/split30/13/split30utt/20/cmvn.scp scp:data/train/split30/13/split30utt/20/feats.scp ark:- 
LOG (apply-cmvn[5.5.208~1-b0fc0]:main():apply-cmvn.cc:162) Applied cepstral mean normalization to 4 utterances, errors on 0
LOG (transform-feats[5.5.208~1-b0fc0]:main():transform-feats.cc:158) Overall average [pseudo-]logdet is -88.6037 over 1153 frames.
LOG (transform-feats[5.5.208~1-b0fc0]:main():transform-feats.cc:161) Applied transform to 4 utterances; 0 had errors.
MDLH0_SX250 sil dh ax vcl b ao s cl t en vcl b ae l ey ow v ax cl k ey m dh eh r f ah n vcl ix ng sh ao r dx ix vcl jh sil 
LOG (sgmm2-latgen-faster[5.5.208~1-b0fc0]:DecodeUtteranceLatticeFaster():decoder-wrappers.cc:289) Log-like per frame for utterance MDLH0_SX250 is -8.27263 over 320 frames.
LOG (sgmm2-latgen-faster[5.5.208~1-b0fc0]:main():sgmm2-latgen-faster.cc:209) Log-like per frame for utterance MDLH0_SX250 is -8.27263 over 320 frames.
MDLH0_SX340 sil d ah cl s hh ae v w eh vcl d f iy cl sil eh ng cl k ah l er f el f eh dh er z sil 
LOG (sgmm2-latgen-faster[5.5.208~1-b0fc0]:DecodeUtteranceLatticeFaster():decoder-wrappers.cc:289) Log-like per frame for utterance MDLH0_SX340 is -8.90751 over 323 frames.
LOG (sgmm2-latgen-faster[5.5.208~1-b0fc0]:main():sgmm2-latgen-faster.cc:209) Log-like per frame for utterance MDLH0_SX340 is -8.90751 over 323 frames.
LOG (transform-feats[5.5.208~1-b0fc0]:main():transform-feats.cc:158) Overall average logdet is 4.89751 over 1153 frames.
LOG (transform-feats[5.5.208~1-b0fc0]:main():transform-feats.cc:161) Applied transform to 4 utterances; 0 had errors.
MDLH0_SX430 sil dh ow z hh uw er n aa cl p y er ix s cl s sil y uw z cl k ae n v eh sh cl t ax vcl el z w ax n m ey cl k ng s cl t uw sil 
LOG (sgmm2-latgen-faster[5.5.208~1-b0fc0]:DecodeUtteranceLatticeFaster():decoder-wrappers.cc:289) Log-like per frame for utterance MDLH0_SX430 is -8.87332 over 403 frames.
LOG (sgmm2-latgen-faster[5.5.208~1-b0fc0]:main():sgmm2-latgen-faster.cc:209) Log-like per frame for utterance MDLH0_SX430 is -8.87332 over 403 frames.
MDLH0_SX70 sil d ix vcl jh iy cl y eh cl sil 
LOG (sgmm2-latgen-faster[5.5.208~1-b0fc0]:DecodeUtteranceLatticeFaster():decoder-wrappers.cc:289) Log-like per frame for utterance MDLH0_SX70 is -8.05159 over 107 frames.
LOG (sgmm2-latgen-faster[5.5.208~1-b0fc0]:main():sgmm2-latgen-faster.cc:209) Log-like per frame for utterance MDLH0_SX70 is -8.05159 over 107 frames.
LOG (sgmm2-latgen-faster[5.5.208~1-b0fc0]:main():sgmm2-latgen-faster.cc:252) Time taken [excluding initialization] 12.9216s: real-time factor assuming 100 frames/sec is 1.12069
LOG (sgmm2-latgen-faster[5.5.208~1-b0fc0]:main():sgmm2-latgen-faster.cc:255) Done 4 utterances, failed for 0
LOG (sgmm2-latgen-faster[5.5.208~1-b0fc0]:main():sgmm2-latgen-faster.cc:257) Overall log-likelihood per frame = -8.63993 over 1153 frames.
WARNING (sgmm2-latgen-faster[5.5.208~1-b0fc0]:Close():kaldi-io.cc:515) Pipe gunzip -c exp/sgmm2_4_ali/gselect.13.gz| had nonzero return status 36096
# Accounting: time=13 threads=1
# Ended (code 0) at Wed Feb 27 15:37:28 +07 2019, elapsed time 13 seconds
