# sgmm2-latgen-faster --spk-vecs=ark:exp/sgmm2_4_ali/vecs.13 --utt2spk=ark:data/train/split30/13/utt2spk "--gselect=ark,s,cs:gunzip -c exp/sgmm2_4_ali/gselect.13.gz|" --beam=18.0 --lattice-beam=10.0 --acoustic-scale=0.2 --max-mem=20000000 --max-active=5000 --word-symbol-table=data/lang/words.txt exp/sgmm2_4_ali/final.mdl exp/sgmm2_4_denlats/dengraph/HCLG.fst "ark,s,cs:apply-cmvn --utt2spk=ark:data/train/split30/13/split30utt/5/utt2spk scp:data/train/split30/13/split30utt/5/cmvn.scp scp:data/train/split30/13/split30utt/5/feats.scp ark:- | splice-feats --left-context=3 --right-context=3 ark:- ark:- | transform-feats exp/sgmm2_4_ali/final.mat ark:- ark:- | transform-feats --utt2spk=ark:data/train/split30/13/split30utt/5/utt2spk ark:exp/tri3_ali/trans.13 ark:- ark:- |" "ark:|gzip -c >exp/sgmm2_4_denlats/lat.13.5.gz" 
# Started at Wed Feb 27 15:36:15 +07 2019
#
sgmm2-latgen-faster --spk-vecs=ark:exp/sgmm2_4_ali/vecs.13 --utt2spk=ark:data/train/split30/13/utt2spk '--gselect=ark,s,cs:gunzip -c exp/sgmm2_4_ali/gselect.13.gz|' --beam=18.0 --lattice-beam=10.0 --acoustic-scale=0.2 --max-mem=20000000 --max-active=5000 --word-symbol-table=data/lang/words.txt exp/sgmm2_4_ali/final.mdl exp/sgmm2_4_denlats/dengraph/HCLG.fst 'ark,s,cs:apply-cmvn --utt2spk=ark:data/train/split30/13/split30utt/5/utt2spk scp:data/train/split30/13/split30utt/5/cmvn.scp scp:data/train/split30/13/split30utt/5/feats.scp ark:- | splice-feats --left-context=3 --right-context=3 ark:- ark:- | transform-feats exp/sgmm2_4_ali/final.mat ark:- ark:- | transform-feats --utt2spk=ark:data/train/split30/13/split30utt/5/utt2spk ark:exp/tri3_ali/trans.13 ark:- ark:- |' 'ark:|gzip -c >exp/sgmm2_4_denlats/lat.13.5.gz' 
splice-feats --left-context=3 --right-context=3 ark:- ark:- 
apply-cmvn --utt2spk=ark:data/train/split30/13/split30utt/5/utt2spk scp:data/train/split30/13/split30utt/5/cmvn.scp scp:data/train/split30/13/split30utt/5/feats.scp ark:- 
transform-feats exp/sgmm2_4_ali/final.mat ark:- ark:- 
transform-feats --utt2spk=ark:data/train/split30/13/split30utt/5/utt2spk ark:exp/tri3_ali/trans.13 ark:- ark:- 
LOG (apply-cmvn[5.5.208~1-b0fc0]:main():apply-cmvn.cc:162) Applied cepstral mean normalization to 5 utterances, errors on 0
MDHL0_SX269 d uw ax cl t ih dh ax cl k el f aa r m ax z vcl g r ow ow cl t s sil 
LOG (sgmm2-latgen-faster[5.5.208~1-b0fc0]:DecodeUtteranceLatticeFaster():decoder-wrappers.cc:289) Log-like per frame for utterance MDHL0_SX269 is -9.72268 over 189 frames.
LOG (sgmm2-latgen-faster[5.5.208~1-b0fc0]:main():sgmm2-latgen-faster.cc:209) Log-like per frame for utterance MDHL0_SX269 is -9.72268 over 189 frames.
LOG (transform-feats[5.5.208~1-b0fc0]:main():transform-feats.cc:158) Overall average [pseudo-]logdet is -88.6037 over 1445 frames.
LOG (transform-feats[5.5.208~1-b0fc0]:main():transform-feats.cc:161) Applied transform to 5 utterances; 0 had errors.
MDHL0_SX359 sil sil dh ix s ih s cl t ax m ey vcl b r ey cl d aw n s uw n sil s ow s ey v y ix f ay l z f r iy cl k w n l ix sil 
LOG (sgmm2-latgen-faster[5.5.208~1-b0fc0]:DecodeUtteranceLatticeFaster():decoder-wrappers.cc:289) Log-like per frame for utterance MDHL0_SX359 is -9.24466 over 379 frames.
LOG (sgmm2-latgen-faster[5.5.208~1-b0fc0]:main():sgmm2-latgen-faster.cc:209) Log-like per frame for utterance MDHL0_SX359 is -9.24466 over 379 frames.
MDHL0_SX449 sil r ae f cl p ix cl p eh ax cl r eh vcl s epi n ae cl p er sil w ix f r eh sh l ah m ax n s ao s f ax vcl d ih n er sil 
LOG (sgmm2-latgen-faster[5.5.208~1-b0fc0]:DecodeUtteranceLatticeFaster():decoder-wrappers.cc:289) Log-like per frame for utterance MDHL0_SX449 is -9.23163 over 356 frames.
LOG (sgmm2-latgen-faster[5.5.208~1-b0fc0]:main():sgmm2-latgen-faster.cc:209) Log-like per frame for utterance MDHL0_SX449 is -9.23163 over 356 frames.
LOG (transform-feats[5.5.208~1-b0fc0]:main():transform-feats.cc:158) Overall average logdet is 2.88309 over 1445 frames.
LOG (transform-feats[5.5.208~1-b0fc0]:main():transform-feats.cc:161) Applied transform to 5 utterances; 0 had errors.
MDHL0_SX89 sil ix s hh aa cl t ax cl t eh l ax n ax r ih vcl jh en el sil f r ah m ax f ao r zh er ix sil 
LOG (sgmm2-latgen-faster[5.5.208~1-b0fc0]:DecodeUtteranceLatticeFaster():decoder-wrappers.cc:289) Log-like per frame for utterance MDHL0_SX89 is -9.62162 over 266 frames.
LOG (sgmm2-latgen-faster[5.5.208~1-b0fc0]:main():sgmm2-latgen-faster.cc:209) Log-like per frame for utterance MDHL0_SX89 is -9.62162 over 266 frames.
MDHS0_SI1530 sil n ow w ah n w el iy v ix n s ax s cl p eh cl dh ih dx ih vcl d ih z y er w er cl k sil 
LOG (sgmm2-latgen-faster[5.5.208~1-b0fc0]:DecodeUtteranceLatticeFaster():decoder-wrappers.cc:289) Log-like per frame for utterance MDHS0_SI1530 is -8.62845 over 255 frames.
LOG (sgmm2-latgen-faster[5.5.208~1-b0fc0]:main():sgmm2-latgen-faster.cc:209) Log-like per frame for utterance MDHS0_SI1530 is -8.62845 over 255 frames.
LOG (sgmm2-latgen-faster[5.5.208~1-b0fc0]:main():sgmm2-latgen-faster.cc:252) Time taken [excluding initialization] 18.1314s: real-time factor assuming 100 frames/sec is 1.25477
LOG (sgmm2-latgen-faster[5.5.208~1-b0fc0]:main():sgmm2-latgen-faster.cc:255) Done 5 utterances, failed for 0
LOG (sgmm2-latgen-faster[5.5.208~1-b0fc0]:main():sgmm2-latgen-faster.cc:257) Overall log-likelihood per frame = -9.26462 over 1445 frames.
WARNING (sgmm2-latgen-faster[5.5.208~1-b0fc0]:Close():kaldi-io.cc:515) Pipe gunzip -c exp/sgmm2_4_ali/gselect.13.gz| had nonzero return status 36096
# Accounting: time=19 threads=1
# Ended (code 0) at Wed Feb 27 15:36:34 +07 2019, elapsed time 19 seconds
