# sgmm2-latgen-faster --spk-vecs=ark:exp/sgmm2_4_ali/vecs.13 --utt2spk=ark:data/train/split30/13/utt2spk "--gselect=ark,s,cs:gunzip -c exp/sgmm2_4_ali/gselect.13.gz|" --beam=18.0 --lattice-beam=10.0 --acoustic-scale=0.2 --max-mem=20000000 --max-active=5000 --word-symbol-table=data/lang/words.txt exp/sgmm2_4_ali/final.mdl exp/sgmm2_4_denlats/dengraph/HCLG.fst "ark,s,cs:apply-cmvn --utt2spk=ark:data/train/split30/13/split30utt/28/utt2spk scp:data/train/split30/13/split30utt/28/cmvn.scp scp:data/train/split30/13/split30utt/28/feats.scp ark:- | splice-feats --left-context=3 --right-context=3 ark:- ark:- | transform-feats exp/sgmm2_4_ali/final.mat ark:- ark:- | transform-feats --utt2spk=ark:data/train/split30/13/split30utt/28/utt2spk ark:exp/tri3_ali/trans.13 ark:- ark:- |" "ark:|gzip -c >exp/sgmm2_4_denlats/lat.13.28.gz" 
# Started at Wed Feb 27 15:37:45 +07 2019
#
sgmm2-latgen-faster --spk-vecs=ark:exp/sgmm2_4_ali/vecs.13 --utt2spk=ark:data/train/split30/13/utt2spk '--gselect=ark,s,cs:gunzip -c exp/sgmm2_4_ali/gselect.13.gz|' --beam=18.0 --lattice-beam=10.0 --acoustic-scale=0.2 --max-mem=20000000 --max-active=5000 --word-symbol-table=data/lang/words.txt exp/sgmm2_4_ali/final.mdl exp/sgmm2_4_denlats/dengraph/HCLG.fst 'ark,s,cs:apply-cmvn --utt2spk=ark:data/train/split30/13/split30utt/28/utt2spk scp:data/train/split30/13/split30utt/28/cmvn.scp scp:data/train/split30/13/split30utt/28/feats.scp ark:- | splice-feats --left-context=3 --right-context=3 ark:- ark:- | transform-feats exp/sgmm2_4_ali/final.mat ark:- ark:- | transform-feats --utt2spk=ark:data/train/split30/13/split30utt/28/utt2spk ark:exp/tri3_ali/trans.13 ark:- ark:- |' 'ark:|gzip -c >exp/sgmm2_4_denlats/lat.13.28.gz' 
splice-feats --left-context=3 --right-context=3 ark:- ark:- 
transform-feats --utt2spk=ark:data/train/split30/13/split30utt/28/utt2spk ark:exp/tri3_ali/trans.13 ark:- ark:- 
transform-feats exp/sgmm2_4_ali/final.mat ark:- ark:- 
apply-cmvn --utt2spk=ark:data/train/split30/13/split30utt/28/utt2spk scp:data/train/split30/13/split30utt/28/cmvn.scp scp:data/train/split30/13/split30utt/28/feats.scp ark:- 
LOG (apply-cmvn[5.5.208~1-b0fc0]:main():apply-cmvn.cc:162) Applied cepstral mean normalization to 4 utterances, errors on 0
MDMA0_SX260 sil r ix m eh m vcl b er cl t uw ax l aw ay vcl d eh n ix cl k el cl t w ih n z cl t uw eh n cl t er f r iy l iy sil 
LOG (sgmm2-latgen-faster[5.5.208~1-b0fc0]:DecodeUtteranceLatticeFaster():decoder-wrappers.cc:289) Log-like per frame for utterance MDMA0_SX260 is -8.96544 over 356 frames.
LOG (sgmm2-latgen-faster[5.5.208~1-b0fc0]:main():sgmm2-latgen-faster.cc:209) Log-like per frame for utterance MDMA0_SX260 is -8.96544 over 356 frames.
LOG (transform-feats[5.5.208~1-b0fc0]:main():transform-feats.cc:158) Overall average [pseudo-]logdet is -88.6037 over 1520 frames.
LOG (transform-feats[5.5.208~1-b0fc0]:main():transform-feats.cc:161) Applied transform to 4 utterances; 0 had errors.
MDMA0_SX350 sil m eh n iy w ah l th iy cl t ay cl k uw n s cl p l er vcl jh vcl d ae n vcl b ao cl b ow th ix y aa cl eh n ax s cl k uw n er sil 
LOG (sgmm2-latgen-faster[5.5.208~1-b0fc0]:DecodeUtteranceLatticeFaster():decoder-wrappers.cc:289) Log-like per frame for utterance MDMA0_SX350 is -8.31887 over 456 frames.
LOG (sgmm2-latgen-faster[5.5.208~1-b0fc0]:main():sgmm2-latgen-faster.cc:209) Log-like per frame for utterance MDMA0_SX350 is -8.31887 over 456 frames.
LOG (transform-feats[5.5.208~1-b0fc0]:main():transform-feats.cc:158) Overall average logdet is 0.474383 over 1520 frames.
LOG (transform-feats[5.5.208~1-b0fc0]:main():transform-feats.cc:161) Applied transform to 4 utterances; 0 had errors.
MDMA0_SX440 sil dh iy ae vcl v er cl t ay z ix ng v er s ax v cl p l ih m ih th f er ay ix dx iy s cl t ao r n eh v er cl ch ey n jh ix z sil 
LOG (sgmm2-latgen-faster[5.5.208~1-b0fc0]:DecodeUtteranceLatticeFaster():decoder-wrappers.cc:289) Log-like per frame for utterance MDMA0_SX440 is -7.99421 over 464 frames.
LOG (sgmm2-latgen-faster[5.5.208~1-b0fc0]:main():sgmm2-latgen-faster.cc:209) Log-like per frame for utterance MDMA0_SX440 is -7.99421 over 464 frames.
MDMA0_SX80 sil ix cl t s ix l iy vcl g ih l cl t ax cl p ow s cl d ey dx ix cl ch eh cl k sil 
LOG (sgmm2-latgen-faster[5.5.208~1-b0fc0]:DecodeUtteranceLatticeFaster():decoder-wrappers.cc:289) Log-like per frame for utterance MDMA0_SX80 is -8.96834 over 244 frames.
LOG (sgmm2-latgen-faster[5.5.208~1-b0fc0]:main():sgmm2-latgen-faster.cc:209) Log-like per frame for utterance MDMA0_SX80 is -8.96834 over 244 frames.
LOG (sgmm2-latgen-faster[5.5.208~1-b0fc0]:main():sgmm2-latgen-faster.cc:252) Time taken [excluding initialization] 12.4377s: real-time factor assuming 100 frames/sec is 0.818268
LOG (sgmm2-latgen-faster[5.5.208~1-b0fc0]:main():sgmm2-latgen-faster.cc:255) Done 4 utterances, failed for 0
LOG (sgmm2-latgen-faster[5.5.208~1-b0fc0]:main():sgmm2-latgen-faster.cc:257) Overall log-likelihood per frame = -8.47546 over 1520 frames.
WARNING (sgmm2-latgen-faster[5.5.208~1-b0fc0]:Close():kaldi-io.cc:515) Pipe gunzip -c exp/sgmm2_4_ali/gselect.13.gz| had nonzero return status 36096
# Accounting: time=14 threads=1
# Ended (code 0) at Wed Feb 27 15:37:59 +07 2019, elapsed time 14 seconds
