# sgmm2-latgen-faster --spk-vecs=ark:exp/sgmm2_4_ali/vecs.13 --utt2spk=ark:data/train/split30/13/utt2spk "--gselect=ark,s,cs:gunzip -c exp/sgmm2_4_ali/gselect.13.gz|" --beam=18.0 --lattice-beam=10.0 --acoustic-scale=0.2 --max-mem=20000000 --max-active=5000 --word-symbol-table=data/lang/words.txt exp/sgmm2_4_ali/final.mdl exp/sgmm2_4_denlats/dengraph/HCLG.fst "ark,s,cs:apply-cmvn --utt2spk=ark:data/train/split30/13/split30utt/21/utt2spk scp:data/train/split30/13/split30utt/21/cmvn.scp scp:data/train/split30/13/split30utt/21/feats.scp ark:- | splice-feats --left-context=3 --right-context=3 ark:- ark:- | transform-feats exp/sgmm2_4_ali/final.mat ark:- ark:- | transform-feats --utt2spk=ark:data/train/split30/13/split30utt/21/utt2spk ark:exp/tri3_ali/trans.13 ark:- ark:- |" "ark:|gzip -c >exp/sgmm2_4_denlats/lat.13.21.gz" 
# Started at Wed Feb 27 15:37:16 +07 2019
#
sgmm2-latgen-faster --spk-vecs=ark:exp/sgmm2_4_ali/vecs.13 --utt2spk=ark:data/train/split30/13/utt2spk '--gselect=ark,s,cs:gunzip -c exp/sgmm2_4_ali/gselect.13.gz|' --beam=18.0 --lattice-beam=10.0 --acoustic-scale=0.2 --max-mem=20000000 --max-active=5000 --word-symbol-table=data/lang/words.txt exp/sgmm2_4_ali/final.mdl exp/sgmm2_4_denlats/dengraph/HCLG.fst 'ark,s,cs:apply-cmvn --utt2spk=ark:data/train/split30/13/split30utt/21/utt2spk scp:data/train/split30/13/split30utt/21/cmvn.scp scp:data/train/split30/13/split30utt/21/feats.scp ark:- | splice-feats --left-context=3 --right-context=3 ark:- ark:- | transform-feats exp/sgmm2_4_ali/final.mat ark:- ark:- | transform-feats --utt2spk=ark:data/train/split30/13/split30utt/21/utt2spk ark:exp/tri3_ali/trans.13 ark:- ark:- |' 'ark:|gzip -c >exp/sgmm2_4_denlats/lat.13.21.gz' 
apply-cmvn --utt2spk=ark:data/train/split30/13/split30utt/21/utt2spk scp:data/train/split30/13/split30utt/21/cmvn.scp scp:data/train/split30/13/split30utt/21/feats.scp ark:- 
transform-feats --utt2spk=ark:data/train/split30/13/split30utt/21/utt2spk ark:exp/tri3_ali/trans.13 ark:- ark:- 
LOG (apply-cmvn[5.5.208~1-b0fc0]:main():apply-cmvn.cc:162) Applied cepstral mean normalization to 4 utterances, errors on 0
splice-feats --left-context=3 --right-context=3 ark:- ark:- 
transform-feats exp/sgmm2_4_ali/final.mat ark:- ark:- 
LOG (transform-feats[5.5.208~1-b0fc0]:main():transform-feats.cc:158) Overall average [pseudo-]logdet is -88.6037 over 1203 frames.
LOG (transform-feats[5.5.208~1-b0fc0]:main():transform-feats.cc:161) Applied transform to 4 utterances; 0 had errors.
MDLM0_SI1234 sil p ax cl n ah n ah dh ih s cl k ax cl s uw dh iy vcl z ae s er vcl b ey dx ix vcl n er v s sil sil 
LOG (sgmm2-latgen-faster[5.5.208~1-b0fc0]:DecodeUtteranceLatticeFaster():decoder-wrappers.cc:289) Log-like per frame for utterance MDLM0_SI1234 is -8.80681 over 337 frames.
LOG (sgmm2-latgen-faster[5.5.208~1-b0fc0]:main():sgmm2-latgen-faster.cc:209) Log-like per frame for utterance MDLM0_SI1234 is -8.80681 over 337 frames.
MDLM0_SI1864 sil ow n cl ch hh hh ey cl m iy ix n iy m ao r sil 
LOG (sgmm2-latgen-faster[5.5.208~1-b0fc0]:DecodeUtteranceLatticeFaster():decoder-wrappers.cc:289) Log-like per frame for utterance MDLM0_SI1864 is -8.46907 over 157 frames.
LOG (sgmm2-latgen-faster[5.5.208~1-b0fc0]:main():sgmm2-latgen-faster.cc:209) Log-like per frame for utterance MDLM0_SI1864 is -8.46907 over 157 frames.
LOG (transform-feats[5.5.208~1-b0fc0]:main():transform-feats.cc:158) Overall average logdet is 2.09898 over 1203 frames.
LOG (transform-feats[5.5.208~1-b0fc0]:main():transform-feats.cc:161) Applied transform to 4 utterances; 0 had errors.
MDLM0_SI604 sil sil dh ey w er sh ow n hh aw dx uw ix vcl v ae n s ix vcl g eh n s cl n eh n ix m iy aw cl p ow s cl t ax cl t aa cl p ax cl k l ih r vcl g r ih vcl jh sil sil 
LOG (sgmm2-latgen-faster[5.5.208~1-b0fc0]:DecodeUtteranceLatticeFaster():decoder-wrappers.cc:289) Log-like per frame for utterance MDLM0_SI604 is -9.19029 over 497 frames.
LOG (sgmm2-latgen-faster[5.5.208~1-b0fc0]:main():sgmm2-latgen-faster.cc:209) Log-like per frame for utterance MDLM0_SI604 is -9.19029 over 497 frames.
MDLM0_SX154 sil ao r ih n zh uw s cl t ey s f ah n iy ae f cl t er cl t uw th cl p ey s cl t sil 
LOG (sgmm2-latgen-faster[5.5.208~1-b0fc0]:DecodeUtteranceLatticeFaster():decoder-wrappers.cc:289) Log-like per frame for utterance MDLM0_SX154 is -9.18238 over 212 frames.
LOG (sgmm2-latgen-faster[5.5.208~1-b0fc0]:main():sgmm2-latgen-faster.cc:209) Log-like per frame for utterance MDLM0_SX154 is -9.18238 over 212 frames.
LOG (sgmm2-latgen-faster[5.5.208~1-b0fc0]:main():sgmm2-latgen-faster.cc:252) Time taken [excluding initialization] 15.7715s: real-time factor assuming 100 frames/sec is 1.31101
LOG (sgmm2-latgen-faster[5.5.208~1-b0fc0]:main():sgmm2-latgen-faster.cc:255) Done 4 utterances, failed for 0
LOG (sgmm2-latgen-faster[5.5.208~1-b0fc0]:main():sgmm2-latgen-faster.cc:257) Overall log-likelihood per frame = -8.98735 over 1203 frames.
WARNING (sgmm2-latgen-faster[5.5.208~1-b0fc0]:Close():kaldi-io.cc:515) Pipe gunzip -c exp/sgmm2_4_ali/gselect.13.gz| had nonzero return status 36096
# Accounting: time=17 threads=1
# Ended (code 0) at Wed Feb 27 15:37:33 +07 2019, elapsed time 17 seconds
