# sgmm2-latgen-faster --spk-vecs=ark:exp/sgmm2_4_ali/vecs.13 --utt2spk=ark:data/train/split30/13/utt2spk "--gselect=ark,s,cs:gunzip -c exp/sgmm2_4_ali/gselect.13.gz|" --beam=18.0 --lattice-beam=10.0 --acoustic-scale=0.2 --max-mem=20000000 --max-active=5000 --word-symbol-table=data/lang/words.txt exp/sgmm2_4_ali/final.mdl exp/sgmm2_4_denlats/dengraph/HCLG.fst "ark,s,cs:apply-cmvn --utt2spk=ark:data/train/split30/13/split30utt/15/utt2spk scp:data/train/split30/13/split30utt/15/cmvn.scp scp:data/train/split30/13/split30utt/15/feats.scp ark:- | splice-feats --left-context=3 --right-context=3 ark:- ark:- | transform-feats exp/sgmm2_4_ali/final.mat ark:- ark:- | transform-feats --utt2spk=ark:data/train/split30/13/split30utt/15/utt2spk ark:exp/tri3_ali/trans.13 ark:- ark:- |" "ark:|gzip -c >exp/sgmm2_4_denlats/lat.13.15.gz" 
# Started at Wed Feb 27 15:36:56 +07 2019
#
sgmm2-latgen-faster --spk-vecs=ark:exp/sgmm2_4_ali/vecs.13 --utt2spk=ark:data/train/split30/13/utt2spk '--gselect=ark,s,cs:gunzip -c exp/sgmm2_4_ali/gselect.13.gz|' --beam=18.0 --lattice-beam=10.0 --acoustic-scale=0.2 --max-mem=20000000 --max-active=5000 --word-symbol-table=data/lang/words.txt exp/sgmm2_4_ali/final.mdl exp/sgmm2_4_denlats/dengraph/HCLG.fst 'ark,s,cs:apply-cmvn --utt2spk=ark:data/train/split30/13/split30utt/15/utt2spk scp:data/train/split30/13/split30utt/15/cmvn.scp scp:data/train/split30/13/split30utt/15/feats.scp ark:- | splice-feats --left-context=3 --right-context=3 ark:- ark:- | transform-feats exp/sgmm2_4_ali/final.mat ark:- ark:- | transform-feats --utt2spk=ark:data/train/split30/13/split30utt/15/utt2spk ark:exp/tri3_ali/trans.13 ark:- ark:- |' 'ark:|gzip -c >exp/sgmm2_4_denlats/lat.13.15.gz' 
transform-feats exp/sgmm2_4_ali/final.mat ark:- ark:- 
apply-cmvn --utt2spk=ark:data/train/split30/13/split30utt/15/utt2spk scp:data/train/split30/13/split30utt/15/cmvn.scp scp:data/train/split30/13/split30utt/15/feats.scp ark:- 
transform-feats --utt2spk=ark:data/train/split30/13/split30utt/15/utt2spk ark:exp/tri3_ali/trans.13 ark:- ark:- 
splice-feats --left-context=3 --right-context=3 ark:- ark:- 
LOG (apply-cmvn[5.5.208~1-b0fc0]:main():apply-cmvn.cc:162) Applied cepstral mean normalization to 4 utterances, errors on 0
LOG (transform-feats[5.5.208~1-b0fc0]:main():transform-feats.cc:158) Overall average [pseudo-]logdet is -88.6037 over 1409 frames.
LOG (transform-feats[5.5.208~1-b0fc0]:main():transform-feats.cc:161) Applied transform to 4 utterances; 0 had errors.
MDLC1_SI1435 sil dh ix w er l vcl ix z cl k aa s ax n l iy cl ch ey n jh ix ng sil hh w ah w ax z n uw y eh s cl t er vcl d iy sil ix z aa vcl s el eh s en cl t ax vcl d ey sil 
LOG (sgmm2-latgen-faster[5.5.208~1-b0fc0]:DecodeUtteranceLatticeFaster():decoder-wrappers.cc:289) Log-like per frame for utterance MDLC1_SI1435 is -9.16943 over 469 frames.
LOG (sgmm2-latgen-faster[5.5.208~1-b0fc0]:main():sgmm2-latgen-faster.cc:209) Log-like per frame for utterance MDLC1_SI1435 is -9.16943 over 469 frames.
MDLC1_SI2065 sil l ih f cl t ix ng hh er s cl k er cl sh ix cl k l ay m vcl d ih n sil n eh v er r ix l ih ng cl k w ix sh ix ng hh er vcl g r ih cl p ao n ix z aa r m sil 
LOG (sgmm2-latgen-faster[5.5.208~1-b0fc0]:DecodeUtteranceLatticeFaster():decoder-wrappers.cc:289) Log-like per frame for utterance MDLC1_SI2065 is -9.56001 over 397 frames.
LOG (sgmm2-latgen-faster[5.5.208~1-b0fc0]:main():sgmm2-latgen-faster.cc:209) Log-like per frame for utterance MDLC1_SI2065 is -9.56001 over 397 frames.
LOG (transform-feats[5.5.208~1-b0fc0]:main():transform-feats.cc:158) Overall average logdet is 4.38832 over 1409 frames.
LOG (transform-feats[5.5.208~1-b0fc0]:main():transform-feats.cc:161) Applied transform to 4 utterances; 0 had errors.
MDLC1_SI2144 sil hh w ay er y uw cl t r ay n vcl ix w er ix m ix sil 
LOG (sgmm2-latgen-faster[5.5.208~1-b0fc0]:DecodeUtteranceLatticeFaster():decoder-wrappers.cc:289) Log-like per frame for utterance MDLC1_SI2144 is -8.17252 over 150 frames.
LOG (sgmm2-latgen-faster[5.5.208~1-b0fc0]:main():sgmm2-latgen-faster.cc:209) Log-like per frame for utterance MDLC1_SI2144 is -8.17252 over 150 frames.
MDLC1_SX175 sil s ix v ih r m ay ow cl p iy ah sil k ix n cl t r ih vcl b iy vcl d ih vcl t er r aa n z ix n f er ix ao er dx iy cl k aa m cl p l eh cl k s sil 
LOG (sgmm2-latgen-faster[5.5.208~1-b0fc0]:DecodeUtteranceLatticeFaster():decoder-wrappers.cc:289) Log-like per frame for utterance MDLC1_SX175 is -9.25287 over 393 frames.
LOG (sgmm2-latgen-faster[5.5.208~1-b0fc0]:main():sgmm2-latgen-faster.cc:209) Log-like per frame for utterance MDLC1_SX175 is -9.25287 over 393 frames.
LOG (sgmm2-latgen-faster[5.5.208~1-b0fc0]:main():sgmm2-latgen-faster.cc:252) Time taken [excluding initialization] 18.1938s: real-time factor assuming 100 frames/sec is 1.29126
LOG (sgmm2-latgen-faster[5.5.208~1-b0fc0]:main():sgmm2-latgen-faster.cc:255) Done 4 utterances, failed for 0
LOG (sgmm2-latgen-faster[5.5.208~1-b0fc0]:main():sgmm2-latgen-faster.cc:257) Overall log-likelihood per frame = -9.19662 over 1409 frames.
WARNING (sgmm2-latgen-faster[5.5.208~1-b0fc0]:Close():kaldi-io.cc:515) Pipe gunzip -c exp/sgmm2_4_ali/gselect.13.gz| had nonzero return status 36096
# Accounting: time=19 threads=1
# Ended (code 0) at Wed Feb 27 15:37:15 +07 2019, elapsed time 19 seconds
