# sgmm2-latgen-faster --spk-vecs=ark:exp/sgmm2_4_ali/vecs.3 --utt2spk=ark:data/train/split30/3/utt2spk "--gselect=ark,s,cs:gunzip -c exp/sgmm2_4_ali/gselect.3.gz|" --beam=18.0 --lattice-beam=10.0 --acoustic-scale=0.2 --max-mem=20000000 --max-active=5000 --word-symbol-table=data/lang/words.txt exp/sgmm2_4_ali/final.mdl exp/sgmm2_4_denlats/dengraph/HCLG.fst "ark,s,cs:apply-cmvn --utt2spk=ark:data/train/split30/3/split30utt/13/utt2spk scp:data/train/split30/3/split30utt/13/cmvn.scp scp:data/train/split30/3/split30utt/13/feats.scp ark:- | splice-feats --left-context=3 --right-context=3 ark:- ark:- | transform-feats exp/sgmm2_4_ali/final.mat ark:- ark:- | transform-feats --utt2spk=ark:data/train/split30/3/split30utt/13/utt2spk ark:exp/tri3_ali/trans.3 ark:- ark:- |" "ark:|gzip -c >exp/sgmm2_4_denlats/lat.3.13.gz" 
# Started at Wed Feb 27 15:27:06 +07 2019
#
sgmm2-latgen-faster --spk-vecs=ark:exp/sgmm2_4_ali/vecs.3 --utt2spk=ark:data/train/split30/3/utt2spk '--gselect=ark,s,cs:gunzip -c exp/sgmm2_4_ali/gselect.3.gz|' --beam=18.0 --lattice-beam=10.0 --acoustic-scale=0.2 --max-mem=20000000 --max-active=5000 --word-symbol-table=data/lang/words.txt exp/sgmm2_4_ali/final.mdl exp/sgmm2_4_denlats/dengraph/HCLG.fst 'ark,s,cs:apply-cmvn --utt2spk=ark:data/train/split30/3/split30utt/13/utt2spk scp:data/train/split30/3/split30utt/13/cmvn.scp scp:data/train/split30/3/split30utt/13/feats.scp ark:- | splice-feats --left-context=3 --right-context=3 ark:- ark:- | transform-feats exp/sgmm2_4_ali/final.mat ark:- ark:- | transform-feats --utt2spk=ark:data/train/split30/3/split30utt/13/utt2spk ark:exp/tri3_ali/trans.3 ark:- ark:- |' 'ark:|gzip -c >exp/sgmm2_4_denlats/lat.3.13.gz' 
transform-feats exp/sgmm2_4_ali/final.mat ark:- ark:- 
splice-feats --left-context=3 --right-context=3 ark:- ark:- 
transform-feats --utt2spk=ark:data/train/split30/3/split30utt/13/utt2spk ark:exp/tri3_ali/trans.3 ark:- ark:- 
apply-cmvn --utt2spk=ark:data/train/split30/3/split30utt/13/utt2spk scp:data/train/split30/3/split30utt/13/cmvn.scp scp:data/train/split30/3/split30utt/13/feats.scp ark:- 
LOG (apply-cmvn[5.5.208~1-b0fc0]:main():apply-cmvn.cc:162) Applied cepstral mean normalization to 4 utterances, errors on 0
LOG (transform-feats[5.5.208~1-b0fc0]:main():transform-feats.cc:158) Overall average [pseudo-]logdet is -88.6037 over 1367 frames.
LOG (transform-feats[5.5.208~1-b0fc0]:main():transform-feats.cc:161) Applied transform to 4 utterances; 0 had errors.
FEME0_SI1505 sil dh ax vcl b l ow ix n cl k aw n er vcl s ih l cl k iy hh eh er sil ix n hh aa r vcl b ow n sil 
LOG (sgmm2-latgen-faster[5.5.208~1-b0fc0]:DecodeUtteranceLatticeFaster():decoder-wrappers.cc:289) Log-like per frame for utterance FEME0_SI1505 is -9.16417 over 313 frames.
LOG (sgmm2-latgen-faster[5.5.208~1-b0fc0]:main():sgmm2-latgen-faster.cc:209) Log-like per frame for utterance FEME0_SI1505 is -9.16417 over 313 frames.
FEME0_SI2135 sil y uw f iy l hh ih m eh v r iy m ay l f er dh er ax w ey sil 
LOG (sgmm2-latgen-faster[5.5.208~1-b0fc0]:DecodeUtteranceLatticeFaster():decoder-wrappers.cc:289) Log-like per frame for utterance FEME0_SI2135 is -8.69992 over 235 frames.
LOG (sgmm2-latgen-faster[5.5.208~1-b0fc0]:main():sgmm2-latgen-faster.cc:209) Log-like per frame for utterance FEME0_SI2135 is -8.69992 over 235 frames.
LOG (transform-feats[5.5.208~1-b0fc0]:main():transform-feats.cc:158) Overall average logdet is 3.29221 over 1367 frames.
LOG (transform-feats[5.5.208~1-b0fc0]:main():transform-feats.cc:161) Applied transform to 4 utterances; 0 had errors.
FEME0_SI875 sil l uh cl k f ix dh iy z f iy cl ch er z epi w ix cl ch epi n ey m iy n y uw cl k ix n s ey v sil d uw cl p l ax cl k ix cl k ah v r ix vcl jh sil 
LOG (sgmm2-latgen-faster[5.5.208~1-b0fc0]:DecodeUtteranceLatticeFaster():decoder-wrappers.cc:289) Log-like per frame for utterance FEME0_SI875 is -9.41787 over 470 frames.
LOG (sgmm2-latgen-faster[5.5.208~1-b0fc0]:main():sgmm2-latgen-faster.cc:209) Log-like per frame for utterance FEME0_SI875 is -9.41787 over 470 frames.
FEME0_SX155 sil dh ax w ao dx er cl k ix n cl t ey n vcl t uw m ah cl ch cl k l ao r iy n cl sil ix n s cl t ah ng hh ix z ay z sil 
LOG (sgmm2-latgen-faster[5.5.208~1-b0fc0]:DecodeUtteranceLatticeFaster():decoder-wrappers.cc:289) Log-like per frame for utterance FEME0_SX155 is -9.0481 over 349 frames.
LOG (sgmm2-latgen-faster[5.5.208~1-b0fc0]:main():sgmm2-latgen-faster.cc:209) Log-like per frame for utterance FEME0_SX155 is -9.0481 over 349 frames.
LOG (sgmm2-latgen-faster[5.5.208~1-b0fc0]:main():sgmm2-latgen-faster.cc:252) Time taken [excluding initialization] 15.5562s: real-time factor assuming 100 frames/sec is 1.13798
LOG (sgmm2-latgen-faster[5.5.208~1-b0fc0]:main():sgmm2-latgen-faster.cc:255) Done 4 utterances, failed for 0
LOG (sgmm2-latgen-faster[5.5.208~1-b0fc0]:main():sgmm2-latgen-faster.cc:257) Overall log-likelihood per frame = -9.14195 over 1367 frames.
WARNING (sgmm2-latgen-faster[5.5.208~1-b0fc0]:Close():kaldi-io.cc:515) Pipe gunzip -c exp/sgmm2_4_ali/gselect.3.gz| had nonzero return status 36096
# Accounting: time=16 threads=1
# Ended (code 0) at Wed Feb 27 15:27:22 +07 2019, elapsed time 16 seconds
