# sgmm2-latgen-faster --spk-vecs=ark:exp/sgmm2_4_ali/vecs.3 --utt2spk=ark:data/train/split30/3/utt2spk "--gselect=ark,s,cs:gunzip -c exp/sgmm2_4_ali/gselect.3.gz|" --beam=18.0 --lattice-beam=10.0 --acoustic-scale=0.2 --max-mem=20000000 --max-active=5000 --word-symbol-table=data/lang/words.txt exp/sgmm2_4_ali/final.mdl exp/sgmm2_4_denlats/dengraph/HCLG.fst "ark,s,cs:apply-cmvn --utt2spk=ark:data/train/split30/3/split30utt/15/utt2spk scp:data/train/split30/3/split30utt/15/cmvn.scp scp:data/train/split30/3/split30utt/15/feats.scp ark:- | splice-feats --left-context=3 --right-context=3 ark:- ark:- | transform-feats exp/sgmm2_4_ali/final.mat ark:- ark:- | transform-feats --utt2spk=ark:data/train/split30/3/split30utt/15/utt2spk ark:exp/tri3_ali/trans.3 ark:- ark:- |" "ark:|gzip -c >exp/sgmm2_4_denlats/lat.3.15.gz" 
# Started at Wed Feb 27 15:27:10 +07 2019
#
sgmm2-latgen-faster --spk-vecs=ark:exp/sgmm2_4_ali/vecs.3 --utt2spk=ark:data/train/split30/3/utt2spk '--gselect=ark,s,cs:gunzip -c exp/sgmm2_4_ali/gselect.3.gz|' --beam=18.0 --lattice-beam=10.0 --acoustic-scale=0.2 --max-mem=20000000 --max-active=5000 --word-symbol-table=data/lang/words.txt exp/sgmm2_4_ali/final.mdl exp/sgmm2_4_denlats/dengraph/HCLG.fst 'ark,s,cs:apply-cmvn --utt2spk=ark:data/train/split30/3/split30utt/15/utt2spk scp:data/train/split30/3/split30utt/15/cmvn.scp scp:data/train/split30/3/split30utt/15/feats.scp ark:- | splice-feats --left-context=3 --right-context=3 ark:- ark:- | transform-feats exp/sgmm2_4_ali/final.mat ark:- ark:- | transform-feats --utt2spk=ark:data/train/split30/3/split30utt/15/utt2spk ark:exp/tri3_ali/trans.3 ark:- ark:- |' 'ark:|gzip -c >exp/sgmm2_4_denlats/lat.3.15.gz' 
transform-feats exp/sgmm2_4_ali/final.mat ark:- ark:- 
transform-feats --utt2spk=ark:data/train/split30/3/split30utt/15/utt2spk ark:exp/tri3_ali/trans.3 ark:- ark:- 
splice-feats --left-context=3 --right-context=3 ark:- ark:- 
apply-cmvn --utt2spk=ark:data/train/split30/3/split30utt/15/utt2spk scp:data/train/split30/3/split30utt/15/cmvn.scp scp:data/train/split30/3/split30utt/15/feats.scp ark:- 
LOG (apply-cmvn[5.5.208~1-b0fc0]:main():apply-cmvn.cc:162) Applied cepstral mean normalization to 4 utterances, errors on 0
LOG (transform-feats[5.5.208~1-b0fc0]:main():transform-feats.cc:158) Overall average [pseudo-]logdet is -88.6037 over 1174 frames.
LOG (transform-feats[5.5.208~1-b0fc0]:main():transform-feats.cc:161) Applied transform to 4 utterances; 0 had errors.
FETB0_SI1148 sil ch ey n vcl jh en v ao l s dh ax vcl d ih s cl p l ey s epi m ax n ah f ao m sil 
LOG (sgmm2-latgen-faster[5.5.208~1-b0fc0]:DecodeUtteranceLatticeFaster():decoder-wrappers.cc:289) Log-like per frame for utterance FETB0_SI1148 is -8.37867 over 255 frames.
LOG (sgmm2-latgen-faster[5.5.208~1-b0fc0]:main():sgmm2-latgen-faster.cc:209) Log-like per frame for utterance FETB0_SI1148 is -8.37867 over 255 frames.
FETB0_SI1778 sil w ih m ih n vcl d ih vcl en y uw z epi w ay cl f ey s cl p aw dx er n aw ax vcl d ey z hh iy r iy cl k ao l vcl d sil 
LOG (sgmm2-latgen-faster[5.5.208~1-b0fc0]:DecodeUtteranceLatticeFaster():decoder-wrappers.cc:289) Log-like per frame for utterance FETB0_SI1778 is -8.63014 over 351 frames.
LOG (sgmm2-latgen-faster[5.5.208~1-b0fc0]:main():sgmm2-latgen-faster.cc:209) Log-like per frame for utterance FETB0_SI1778 is -8.63014 over 351 frames.
LOG (transform-feats[5.5.208~1-b0fc0]:main():transform-feats.cc:158) Overall average logdet is 2.05912 over 1174 frames.
LOG (transform-feats[5.5.208~1-b0fc0]:main():transform-feats.cc:161) Applied transform to 4 utterances; 0 had errors.
FETB0_SI518 sil hh ay er cl t ow l r ey cl t s ao l s ow aa r hh eh l cl p ix ng vcl b uw s cl t r eh v ix n uw s sil 
LOG (sgmm2-latgen-faster[5.5.208~1-b0fc0]:DecodeUtteranceLatticeFaster():decoder-wrappers.cc:289) Log-like per frame for utterance FETB0_SI518 is -8.8383 over 346 frames.
LOG (sgmm2-latgen-faster[5.5.208~1-b0fc0]:main():sgmm2-latgen-faster.cc:209) Log-like per frame for utterance FETB0_SI518 is -8.8383 over 346 frames.
FETB0_SX158 sil dh ih vcl d r ah ng cl k ix dx ih z ey s ow sh ax l aw cl k ae s cl t sil 
LOG (sgmm2-latgen-faster[5.5.208~1-b0fc0]:DecodeUtteranceLatticeFaster():decoder-wrappers.cc:289) Log-like per frame for utterance FETB0_SX158 is -8.8861 over 222 frames.
LOG (sgmm2-latgen-faster[5.5.208~1-b0fc0]:main():sgmm2-latgen-faster.cc:209) Log-like per frame for utterance FETB0_SX158 is -8.8861 over 222 frames.
LOG (sgmm2-latgen-faster[5.5.208~1-b0fc0]:main():sgmm2-latgen-faster.cc:252) Time taken [excluding initialization] 14.0943s: real-time factor assuming 100 frames/sec is 1.20054
LOG (sgmm2-latgen-faster[5.5.208~1-b0fc0]:main():sgmm2-latgen-faster.cc:255) Done 4 utterances, failed for 0
LOG (sgmm2-latgen-faster[5.5.208~1-b0fc0]:main():sgmm2-latgen-faster.cc:257) Overall log-likelihood per frame = -8.68527 over 1174 frames.
WARNING (sgmm2-latgen-faster[5.5.208~1-b0fc0]:Close():kaldi-io.cc:515) Pipe gunzip -c exp/sgmm2_4_ali/gselect.3.gz| had nonzero return status 36096
# Accounting: time=15 threads=1
# Ended (code 0) at Wed Feb 27 15:27:25 +07 2019, elapsed time 15 seconds
