# sgmm2-latgen-faster --spk-vecs=ark:exp/sgmm2_4_ali/vecs.3 --utt2spk=ark:data/train/split30/3/utt2spk "--gselect=ark,s,cs:gunzip -c exp/sgmm2_4_ali/gselect.3.gz|" --beam=18.0 --lattice-beam=10.0 --acoustic-scale=0.2 --max-mem=20000000 --max-active=5000 --word-symbol-table=data/lang/words.txt exp/sgmm2_4_ali/final.mdl exp/sgmm2_4_denlats/dengraph/HCLG.fst "ark,s,cs:apply-cmvn --utt2spk=ark:data/train/split30/3/split30utt/3/utt2spk scp:data/train/split30/3/split30utt/3/cmvn.scp scp:data/train/split30/3/split30utt/3/feats.scp ark:- | splice-feats --left-context=3 --right-context=3 ark:- ark:- | transform-feats exp/sgmm2_4_ali/final.mat ark:- ark:- | transform-feats --utt2spk=ark:data/train/split30/3/split30utt/3/utt2spk ark:exp/tri3_ali/trans.3 ark:- ark:- |" "ark:|gzip -c >exp/sgmm2_4_denlats/lat.3.3.gz" 
# Started at Wed Feb 27 15:26:17 +07 2019
#
sgmm2-latgen-faster --spk-vecs=ark:exp/sgmm2_4_ali/vecs.3 --utt2spk=ark:data/train/split30/3/utt2spk '--gselect=ark,s,cs:gunzip -c exp/sgmm2_4_ali/gselect.3.gz|' --beam=18.0 --lattice-beam=10.0 --acoustic-scale=0.2 --max-mem=20000000 --max-active=5000 --word-symbol-table=data/lang/words.txt exp/sgmm2_4_ali/final.mdl exp/sgmm2_4_denlats/dengraph/HCLG.fst 'ark,s,cs:apply-cmvn --utt2spk=ark:data/train/split30/3/split30utt/3/utt2spk scp:data/train/split30/3/split30utt/3/cmvn.scp scp:data/train/split30/3/split30utt/3/feats.scp ark:- | splice-feats --left-context=3 --right-context=3 ark:- ark:- | transform-feats exp/sgmm2_4_ali/final.mat ark:- ark:- | transform-feats --utt2spk=ark:data/train/split30/3/split30utt/3/utt2spk ark:exp/tri3_ali/trans.3 ark:- ark:- |' 'ark:|gzip -c >exp/sgmm2_4_denlats/lat.3.3.gz' 
transform-feats exp/sgmm2_4_ali/final.mat ark:- ark:- 
transform-feats --utt2spk=ark:data/train/split30/3/split30utt/3/utt2spk ark:exp/tri3_ali/trans.3 ark:- ark:- 
apply-cmvn --utt2spk=ark:data/train/split30/3/split30utt/3/utt2spk scp:data/train/split30/3/split30utt/3/cmvn.scp scp:data/train/split30/3/split30utt/3/feats.scp ark:- 
splice-feats --left-context=3 --right-context=3 ark:- ark:- 
LOG (apply-cmvn[5.5.208~1-b0fc0]:main():apply-cmvn.cc:162) Applied cepstral mean normalization to 5 utterances, errors on 0
FDTD0_SI931 sil ao f ih n sh ix f ey l z cl t ix vcl g ey n s eh cl k sh uw el s ae dx ix s f ae cl k sh ix n sil 
LOG (sgmm2-latgen-faster[5.5.208~1-b0fc0]:DecodeUtteranceLatticeFaster():decoder-wrappers.cc:289) Log-like per frame for utterance FDTD0_SI931 is -9.33083 over 284 frames.
LOG (sgmm2-latgen-faster[5.5.208~1-b0fc0]:main():sgmm2-latgen-faster.cc:209) Log-like per frame for utterance FDTD0_SI931 is -9.33083 over 284 frames.
FDTD0_SX121 sil t r eh s cl p ae s ih ng ix z f er vcl b ih vcl en eh n s ah vcl jh ih cl t ix cl p eh n el cl t iy sil 
LOG (sgmm2-latgen-faster[5.5.208~1-b0fc0]:DecodeUtteranceLatticeFaster():decoder-wrappers.cc:289) Log-like per frame for utterance FDTD0_SX121 is -8.81999 over 326 frames.
LOG (sgmm2-latgen-faster[5.5.208~1-b0fc0]:main():sgmm2-latgen-faster.cc:209) Log-like per frame for utterance FDTD0_SX121 is -8.81999 over 326 frames.
LOG (transform-feats[5.5.208~1-b0fc0]:main():transform-feats.cc:158) Overall average [pseudo-]logdet is -88.6037 over 1742 frames.
LOG (transform-feats[5.5.208~1-b0fc0]:main():transform-feats.cc:161) Applied transform to 5 utterances; 0 had errors.
FDTD0_SX211 sil ow n l iy dh ix vcl b ae s cl t cl p l ey er z ix n vcl jh oy cl p aa cl p y ix l eh r ix dx iy sil 
LOG (sgmm2-latgen-faster[5.5.208~1-b0fc0]:DecodeUtteranceLatticeFaster():decoder-wrappers.cc:289) Log-like per frame for utterance FDTD0_SX211 is -8.5274 over 293 frames.
LOG (sgmm2-latgen-faster[5.5.208~1-b0fc0]:main():sgmm2-latgen-faster.cc:209) Log-like per frame for utterance FDTD0_SX211 is -8.5274 over 293 frames.
FDTD0_SX301 sil w iy l ay cl b l uw cl ch iy z sil b ah cl v ih cl t er cl p er f er s epi w ix s cl ch iy z sil 
LOG (sgmm2-latgen-faster[5.5.208~1-b0fc0]:DecodeUtteranceLatticeFaster():decoder-wrappers.cc:289) Log-like per frame for utterance FDTD0_SX301 is -8.60926 over 379 frames.
LOG (sgmm2-latgen-faster[5.5.208~1-b0fc0]:main():sgmm2-latgen-faster.cc:209) Log-like per frame for utterance FDTD0_SX301 is -8.60926 over 379 frames.
LOG (transform-feats[5.5.208~1-b0fc0]:main():transform-feats.cc:158) Overall average logdet is 0.886044 over 1742 frames.
LOG (transform-feats[5.5.208~1-b0fc0]:main():transform-feats.cc:161) Applied transform to 5 utterances; 0 had errors.
FDTD0_SX321 sil dh ix vcl g r aw n vcl d hh ao vcl k l ih r l iy s ao ix sh ae dx ow sil b ix cl t s cl t ey dx aw cl ow n l iy ax m ow m ix n cl sil 
LOG (sgmm2-latgen-faster[5.5.208~1-b0fc0]:DecodeUtteranceLatticeFaster():decoder-wrappers.cc:289) Log-like per frame for utterance FDTD0_SX321 is -8.4674 over 460 frames.
LOG (sgmm2-latgen-faster[5.5.208~1-b0fc0]:main():sgmm2-latgen-faster.cc:209) Log-like per frame for utterance FDTD0_SX321 is -8.4674 over 460 frames.
LOG (sgmm2-latgen-faster[5.5.208~1-b0fc0]:main():sgmm2-latgen-faster.cc:252) Time taken [excluding initialization] 17.8291s: real-time factor assuming 100 frames/sec is 1.02348
LOG (sgmm2-latgen-faster[5.5.208~1-b0fc0]:main():sgmm2-latgen-faster.cc:255) Done 5 utterances, failed for 0
LOG (sgmm2-latgen-faster[5.5.208~1-b0fc0]:main():sgmm2-latgen-faster.cc:257) Overall log-likelihood per frame = -8.71511 over 1742 frames.
WARNING (sgmm2-latgen-faster[5.5.208~1-b0fc0]:Close():kaldi-io.cc:515) Pipe gunzip -c exp/sgmm2_4_ali/gselect.3.gz| had nonzero return status 36096
# Accounting: time=18 threads=1
# Ended (code 0) at Wed Feb 27 15:26:35 +07 2019, elapsed time 18 seconds
