# sgmm2-latgen-faster --spk-vecs=ark:exp/sgmm2_4_ali/vecs.3 --utt2spk=ark:data/train/split30/3/utt2spk "--gselect=ark,s,cs:gunzip -c exp/sgmm2_4_ali/gselect.3.gz|" --beam=18.0 --lattice-beam=10.0 --acoustic-scale=0.2 --max-mem=20000000 --max-active=5000 --word-symbol-table=data/lang/words.txt exp/sgmm2_4_ali/final.mdl exp/sgmm2_4_denlats/dengraph/HCLG.fst "ark,s,cs:apply-cmvn --utt2spk=ark:data/train/split30/3/split30utt/24/utt2spk scp:data/train/split30/3/split30utt/24/cmvn.scp scp:data/train/split30/3/split30utt/24/feats.scp ark:- | splice-feats --left-context=3 --right-context=3 ark:- ark:- | transform-feats exp/sgmm2_4_ali/final.mat ark:- ark:- | transform-feats --utt2spk=ark:data/train/split30/3/split30utt/24/utt2spk ark:exp/tri3_ali/trans.3 ark:- ark:- |" "ark:|gzip -c >exp/sgmm2_4_denlats/lat.3.24.gz" 
# Started at Wed Feb 27 15:27:43 +07 2019
#
sgmm2-latgen-faster --spk-vecs=ark:exp/sgmm2_4_ali/vecs.3 --utt2spk=ark:data/train/split30/3/utt2spk '--gselect=ark,s,cs:gunzip -c exp/sgmm2_4_ali/gselect.3.gz|' --beam=18.0 --lattice-beam=10.0 --acoustic-scale=0.2 --max-mem=20000000 --max-active=5000 --word-symbol-table=data/lang/words.txt exp/sgmm2_4_ali/final.mdl exp/sgmm2_4_denlats/dengraph/HCLG.fst 'ark,s,cs:apply-cmvn --utt2spk=ark:data/train/split30/3/split30utt/24/utt2spk scp:data/train/split30/3/split30utt/24/cmvn.scp scp:data/train/split30/3/split30utt/24/feats.scp ark:- | splice-feats --left-context=3 --right-context=3 ark:- ark:- | transform-feats exp/sgmm2_4_ali/final.mat ark:- ark:- | transform-feats --utt2spk=ark:data/train/split30/3/split30utt/24/utt2spk ark:exp/tri3_ali/trans.3 ark:- ark:- |' 'ark:|gzip -c >exp/sgmm2_4_denlats/lat.3.24.gz' 
transform-feats exp/sgmm2_4_ali/final.mat ark:- ark:- 
splice-feats --left-context=3 --right-context=3 ark:- ark:- 
apply-cmvn --utt2spk=ark:data/train/split30/3/split30utt/24/utt2spk scp:data/train/split30/3/split30utt/24/cmvn.scp scp:data/train/split30/3/split30utt/24/feats.scp ark:- 
LOG (apply-cmvn[5.5.208~1-b0fc0]:main():apply-cmvn.cc:162) Applied cepstral mean normalization to 4 utterances, errors on 0
transform-feats --utt2spk=ark:data/train/split30/3/split30utt/24/utt2spk ark:exp/tri3_ali/trans.3 ark:- ark:- 
FGMB0_SX245 sil d ah z hh ih n vcl d uw ay dx iy aa l ax vcl jh iy aa n er cl k aw z sil 
LOG (sgmm2-latgen-faster[5.5.208~1-b0fc0]:DecodeUtteranceLatticeFaster():decoder-wrappers.cc:289) Log-like per frame for utterance FGMB0_SX245 is -7.48552 over 310 frames.
LOG (sgmm2-latgen-faster[5.5.208~1-b0fc0]:main():sgmm2-latgen-faster.cc:209) Log-like per frame for utterance FGMB0_SX245 is -7.48552 over 310 frames.
LOG (transform-feats[5.5.208~1-b0fc0]:main():transform-feats.cc:158) Overall average [pseudo-]logdet is -88.6037 over 1323 frames.
LOG (transform-feats[5.5.208~1-b0fc0]:main():transform-feats.cc:161) Applied transform to 4 utterances; 0 had errors.
FGMB0_SX335 sil g ah s ao cl p ay n cl t r iy z ix n r eh vcl w uh vcl z aa n ix z w ao cl th r uw s ix cl k oy ih n ae sh n el f ao r ix s cl t cl sil 
LOG (sgmm2-latgen-faster[5.5.208~1-b0fc0]:DecodeUtteranceLatticeFaster():decoder-wrappers.cc:289) Log-like per frame for utterance FGMB0_SX335 is -7.99832 over 503 frames.
LOG (sgmm2-latgen-faster[5.5.208~1-b0fc0]:main():sgmm2-latgen-faster.cc:209) Log-like per frame for utterance FGMB0_SX335 is -7.99832 over 503 frames.
LOG (transform-feats[5.5.208~1-b0fc0]:main():transform-feats.cc:158) Overall average logdet is 1.78814 over 1323 frames.
LOG (transform-feats[5.5.208~1-b0fc0]:main():transform-feats.cc:161) Applied transform to 4 utterances; 0 had errors.
FGMB0_SX425 sil m uw v iy z epi n eh v er hh ae v ax n ah f sil v ih l ix n epi z sil 
LOG (sgmm2-latgen-faster[5.5.208~1-b0fc0]:DecodeUtteranceLatticeFaster():decoder-wrappers.cc:289) Log-like per frame for utterance FGMB0_SX425 is -8.62666 over 234 frames.
LOG (sgmm2-latgen-faster[5.5.208~1-b0fc0]:main():sgmm2-latgen-faster.cc:209) Log-like per frame for utterance FGMB0_SX425 is -8.62666 over 234 frames.
FGMB0_SX65 sil ch ae l ix n vcl jh iy cl ch vcl jh eh n r ix l z ix n cl t eh l ax vcl jh ix n cl s sil 
LOG (sgmm2-latgen-faster[5.5.208~1-b0fc0]:DecodeUtteranceLatticeFaster():decoder-wrappers.cc:289) Log-like per frame for utterance FGMB0_SX65 is -8.65285 over 276 frames.
LOG (sgmm2-latgen-faster[5.5.208~1-b0fc0]:main():sgmm2-latgen-faster.cc:209) Log-like per frame for utterance FGMB0_SX65 is -8.65285 over 276 frames.
LOG (sgmm2-latgen-faster[5.5.208~1-b0fc0]:main():sgmm2-latgen-faster.cc:252) Time taken [excluding initialization] 13.7858s: real-time factor assuming 100 frames/sec is 1.04201
LOG (sgmm2-latgen-faster[5.5.208~1-b0fc0]:main():sgmm2-latgen-faster.cc:255) Done 4 utterances, failed for 0
LOG (sgmm2-latgen-faster[5.5.208~1-b0fc0]:main():sgmm2-latgen-faster.cc:257) Overall log-likelihood per frame = -8.12584 over 1323 frames.
WARNING (sgmm2-latgen-faster[5.5.208~1-b0fc0]:Close():kaldi-io.cc:515) Pipe gunzip -c exp/sgmm2_4_ali/gselect.3.gz| had nonzero return status 36096
# Accounting: time=14 threads=1
# Ended (code 0) at Wed Feb 27 15:27:57 +07 2019, elapsed time 14 seconds
