# ali-to-post "ark:gunzip -c exp/tri3_ali/pre_ali.9.gz|" ark:- | weight-silence-post 0.0 1 exp/tri3/final.alimdl ark:- ark:- | gmm-post-to-gpost exp/tri3/final.alimdl "ark,s,cs:apply-cmvn  --utt2spk=ark:data/train/split30/9/utt2spk scp:data/train/split30/9/cmvn.scp scp:data/train/split30/9/feats.scp ark:- | splice-feats --left-context=3 --right-context=3 ark:- ark:- | transform-feats exp/tri3/final.mat ark:- ark:- |" ark:- ark:- | gmm-est-fmllr-gpost --fmllr-update-type=full --spk2utt=ark:data/train/split30/9/spk2utt exp/tri3/final.mdl "ark,s,cs:apply-cmvn  --utt2spk=ark:data/train/split30/9/utt2spk scp:data/train/split30/9/cmvn.scp scp:data/train/split30/9/feats.scp ark:- | splice-feats --left-context=3 --right-context=3 ark:- ark:- | transform-feats exp/tri3/final.mat ark:- ark:- |" ark,s,cs:- ark:exp/tri3_ali/trans.9 
# Started at Wed Feb 27 14:38:42 +07 2019
#
weight-silence-post 0.0 1 exp/tri3/final.alimdl ark:- ark:- 
gmm-post-to-gpost exp/tri3/final.alimdl 'ark,s,cs:apply-cmvn  --utt2spk=ark:data/train/split30/9/utt2spk scp:data/train/split30/9/cmvn.scp scp:data/train/split30/9/feats.scp ark:- | splice-feats --left-context=3 --right-context=3 ark:- ark:- | transform-feats exp/tri3/final.mat ark:- ark:- |' ark:- ark:- 
gmm-est-fmllr-gpost --fmllr-update-type=full --spk2utt=ark:data/train/split30/9/spk2utt exp/tri3/final.mdl 'ark,s,cs:apply-cmvn  --utt2spk=ark:data/train/split30/9/utt2spk scp:data/train/split30/9/cmvn.scp scp:data/train/split30/9/feats.scp ark:- | splice-feats --left-context=3 --right-context=3 ark:- ark:- | transform-feats exp/tri3/final.mat ark:- ark:- |' ark,s,cs:- ark:exp/tri3_ali/trans.9 
ali-to-post 'ark:gunzip -c exp/tri3_ali/pre_ali.9.gz|' ark:- 
transform-feats exp/tri3/final.mat ark:- ark:- 
apply-cmvn --utt2spk=ark:data/train/split30/9/utt2spk scp:data/train/split30/9/cmvn.scp scp:data/train/split30/9/feats.scp ark:- 
splice-feats --left-context=3 --right-context=3 ark:- ark:- 
apply-cmvn --utt2spk=ark:data/train/split30/9/utt2spk scp:data/train/split30/9/cmvn.scp scp:data/train/split30/9/feats.scp ark:- 
transform-feats exp/tri3/final.mat ark:- ark:- 
splice-feats --left-context=3 --right-context=3 ark:- ark:- 
LOG (gmm-est-fmllr-gpost[5.5.208~1-b0fc0]:ComputeFmllrMatrixDiagGmmFull():fmllr-diag-gmm.cc:262) fMLLR objf improvement is 20.4321 per frame over 2223 frames.
LOG (gmm-est-fmllr-gpost[5.5.208~1-b0fc0]:main():gmm-est-fmllr-gpost.cc:141) For speaker FSMS1, auxf-impr from fMLLR is 20.4321, over 2223 frames.
LOG (gmm-est-fmllr-gpost[5.5.208~1-b0fc0]:ComputeFmllrMatrixDiagGmmFull():fmllr-diag-gmm.cc:262) fMLLR objf improvement is 6.62346 per frame over 2390 frames.
LOG (gmm-est-fmllr-gpost[5.5.208~1-b0fc0]:main():gmm-est-fmllr-gpost.cc:141) For speaker FSPM0, auxf-impr from fMLLR is 6.62346, over 2390 frames.
LOG (gmm-est-fmllr-gpost[5.5.208~1-b0fc0]:ComputeFmllrMatrixDiagGmmFull():fmllr-diag-gmm.cc:262) fMLLR objf improvement is 10.8761 per frame over 2060 frames.
LOG (gmm-est-fmllr-gpost[5.5.208~1-b0fc0]:main():gmm-est-fmllr-gpost.cc:141) For speaker FSRH0, auxf-impr from fMLLR is 10.8761, over 2060 frames.
LOG (gmm-est-fmllr-gpost[5.5.208~1-b0fc0]:ComputeFmllrMatrixDiagGmmFull():fmllr-diag-gmm.cc:262) fMLLR objf improvement is 6.47821 per frame over 2424 frames.
LOG (gmm-est-fmllr-gpost[5.5.208~1-b0fc0]:main():gmm-est-fmllr-gpost.cc:141) For speaker FSSB0, auxf-impr from fMLLR is 6.47821, over 2424 frames.
LOG (gmm-est-fmllr-gpost[5.5.208~1-b0fc0]:ComputeFmllrMatrixDiagGmmFull():fmllr-diag-gmm.cc:262) fMLLR objf improvement is 5.34952 per frame over 1712 frames.
LOG (gmm-est-fmllr-gpost[5.5.208~1-b0fc0]:main():gmm-est-fmllr-gpost.cc:141) For speaker FTAJ0, auxf-impr from fMLLR is 5.34952, over 1712 frames.
LOG (gmm-est-fmllr-gpost[5.5.208~1-b0fc0]:ComputeFmllrMatrixDiagGmmFull():fmllr-diag-gmm.cc:262) fMLLR objf improvement is 13.1251 per frame over 2212 frames.
LOG (gmm-est-fmllr-gpost[5.5.208~1-b0fc0]:main():gmm-est-fmllr-gpost.cc:141) For speaker FTBR0, auxf-impr from fMLLR is 13.1251, over 2212 frames.
LOG (gmm-est-fmllr-gpost[5.5.208~1-b0fc0]:ComputeFmllrMatrixDiagGmmFull():fmllr-diag-gmm.cc:262) fMLLR objf improvement is 7.348 per frame over 2253 frames.
LOG (gmm-est-fmllr-gpost[5.5.208~1-b0fc0]:main():gmm-est-fmllr-gpost.cc:141) For speaker FTBW0, auxf-impr from fMLLR is 7.348, over 2253 frames.
LOG (gmm-est-fmllr-gpost[5.5.208~1-b0fc0]:ComputeFmllrMatrixDiagGmmFull():fmllr-diag-gmm.cc:262) fMLLR objf improvement is 10.1248 per frame over 2433 frames.
LOG (gmm-est-fmllr-gpost[5.5.208~1-b0fc0]:main():gmm-est-fmllr-gpost.cc:141) For speaker FTLG0, auxf-impr from fMLLR is 10.1248, over 2433 frames.
LOG (gmm-est-fmllr-gpost[5.5.208~1-b0fc0]:ComputeFmllrMatrixDiagGmmFull():fmllr-diag-gmm.cc:262) fMLLR objf improvement is 12.114 per frame over 2071 frames.
LOG (gmm-est-fmllr-gpost[5.5.208~1-b0fc0]:main():gmm-est-fmllr-gpost.cc:141) For speaker FTMG0, auxf-impr from fMLLR is 12.114, over 2071 frames.
LOG (gmm-est-fmllr-gpost[5.5.208~1-b0fc0]:ComputeFmllrMatrixDiagGmmFull():fmllr-diag-gmm.cc:262) fMLLR objf improvement is 12.5492 per frame over 1938 frames.
LOG (gmm-est-fmllr-gpost[5.5.208~1-b0fc0]:main():gmm-est-fmllr-gpost.cc:141) For speaker FVFB0, auxf-impr from fMLLR is 12.5492, over 1938 frames.
LOG (ali-to-post[5.5.208~1-b0fc0]:main():ali-to-post.cc:73) Converted 120 alignments.
LOG (gmm-est-fmllr-gpost[5.5.208~1-b0fc0]:ComputeFmllrMatrixDiagGmmFull():fmllr-diag-gmm.cc:262) fMLLR objf improvement is 9.96526 per frame over 2166 frames.
LOG (gmm-est-fmllr-gpost[5.5.208~1-b0fc0]:main():gmm-est-fmllr-gpost.cc:141) For speaker FVKB0, auxf-impr from fMLLR is 9.96526, over 2166 frames.
LOG (gmm-est-fmllr-gpost[5.5.208~1-b0fc0]:ComputeFmllrMatrixDiagGmmFull():fmllr-diag-gmm.cc:262) fMLLR objf improvement is 10.894 per frame over 2029 frames.
LOG (gmm-est-fmllr-gpost[5.5.208~1-b0fc0]:main():gmm-est-fmllr-gpost.cc:141) For speaker FVMH0, auxf-impr from fMLLR is 10.894, over 2029 frames.
LOG (weight-silence-post[5.5.208~1-b0fc0]:main():weight-silence-post.cc:95) Done 120 posteriors.
LOG (gmm-est-fmllr-gpost[5.5.208~1-b0fc0]:ComputeFmllrMatrixDiagGmmFull():fmllr-diag-gmm.cc:262) fMLLR objf improvement is 6.83203 per frame over 1753 frames.
LOG (gmm-est-fmllr-gpost[5.5.208~1-b0fc0]:main():gmm-est-fmllr-gpost.cc:141) For speaker MABC0, auxf-impr from fMLLR is 6.83203, over 1753 frames.
LOG (apply-cmvn[5.5.208~1-b0fc0]:main():apply-cmvn.cc:162) Applied cepstral mean normalization to 120 utterances, errors on 0
LOG (gmm-est-fmllr-gpost[5.5.208~1-b0fc0]:ComputeFmllrMatrixDiagGmmFull():fmllr-diag-gmm.cc:262) fMLLR objf improvement is 6.69991 per frame over 2194 frames.
LOG (gmm-est-fmllr-gpost[5.5.208~1-b0fc0]:main():gmm-est-fmllr-gpost.cc:141) For speaker MADC0, auxf-impr from fMLLR is 6.69991, over 2194 frames.
LOG (apply-cmvn[5.5.208~1-b0fc0]:main():apply-cmvn.cc:162) Applied cepstral mean normalization to 120 utterances, errors on 0
LOG (transform-feats[5.5.208~1-b0fc0]:main():transform-feats.cc:158) Overall average [pseudo-]logdet is -88.6037 over 35329 frames.
LOG (transform-feats[5.5.208~1-b0fc0]:main():transform-feats.cc:161) Applied transform to 120 utterances; 0 had errors.
LOG (gmm-post-to-gpost[5.5.208~1-b0fc0]:main():gmm-post-to-gpost.cc:124) Done 120 files, 0 with no posteriors, 0 with other errors.
LOG (gmm-post-to-gpost[5.5.208~1-b0fc0]:main():gmm-post-to-gpost.cc:128) Overall avg like per frame (Gaussian only) = -48.1414 over 32048 frames.
LOG (gmm-post-to-gpost[5.5.208~1-b0fc0]:main():gmm-post-to-gpost.cc:131) Done converting post to gpost
LOG (transform-feats[5.5.208~1-b0fc0]:main():transform-feats.cc:158) Overall average [pseudo-]logdet is -88.6037 over 35329 frames.
LOG (transform-feats[5.5.208~1-b0fc0]:main():transform-feats.cc:161) Applied transform to 120 utterances; 0 had errors.
LOG (gmm-est-fmllr-gpost[5.5.208~1-b0fc0]:ComputeFmllrMatrixDiagGmmFull():fmllr-diag-gmm.cc:262) fMLLR objf improvement is 4.548 per frame over 2190 frames.
LOG (gmm-est-fmllr-gpost[5.5.208~1-b0fc0]:main():gmm-est-fmllr-gpost.cc:141) For speaker MADD0, auxf-impr from fMLLR is 4.548, over 2190 frames.
LOG (gmm-est-fmllr-gpost[5.5.208~1-b0fc0]:main():gmm-est-fmllr-gpost.cc:186) Done 120 files, 0 with no gposts, 0 with other errors.
LOG (gmm-est-fmllr-gpost[5.5.208~1-b0fc0]:main():gmm-est-fmllr-gpost.cc:188) Overall fMLLR auxf impr per frame is 9.6253 over 32048 frames.
# Accounting: time=5 threads=1
# Ended (code 0) at Wed Feb 27 14:38:47 +07 2019, elapsed time 5 seconds
