# ali-to-post "ark:gunzip -c exp/tri3_ali/pre_ali.30.gz|" ark:- | weight-silence-post 0.0 1 exp/tri3/final.alimdl ark:- ark:- | gmm-post-to-gpost exp/tri3/final.alimdl "ark,s,cs:apply-cmvn  --utt2spk=ark:data/train/split30/30/utt2spk scp:data/train/split30/30/cmvn.scp scp:data/train/split30/30/feats.scp ark:- | splice-feats --left-context=3 --right-context=3 ark:- ark:- | transform-feats exp/tri3/final.mat ark:- ark:- |" ark:- ark:- | gmm-est-fmllr-gpost --fmllr-update-type=full --spk2utt=ark:data/train/split30/30/spk2utt exp/tri3/final.mdl "ark,s,cs:apply-cmvn  --utt2spk=ark:data/train/split30/30/utt2spk scp:data/train/split30/30/cmvn.scp scp:data/train/split30/30/feats.scp ark:- | splice-feats --left-context=3 --right-context=3 ark:- ark:- | transform-feats exp/tri3/final.mat ark:- ark:- |" ark,s,cs:- ark:exp/tri3_ali/trans.30 
# Started at Wed Feb 27 14:39:08 +07 2019
#
ali-to-post 'ark:gunzip -c exp/tri3_ali/pre_ali.30.gz|' ark:- 
gmm-post-to-gpost exp/tri3/final.alimdl 'ark,s,cs:apply-cmvn  --utt2spk=ark:data/train/split30/30/utt2spk scp:data/train/split30/30/cmvn.scp scp:data/train/split30/30/feats.scp ark:- | splice-feats --left-context=3 --right-context=3 ark:- ark:- | transform-feats exp/tri3/final.mat ark:- ark:- |' ark:- ark:- 
weight-silence-post 0.0 1 exp/tri3/final.alimdl ark:- ark:- 
gmm-est-fmllr-gpost --fmllr-update-type=full --spk2utt=ark:data/train/split30/30/spk2utt exp/tri3/final.mdl 'ark,s,cs:apply-cmvn  --utt2spk=ark:data/train/split30/30/utt2spk scp:data/train/split30/30/cmvn.scp scp:data/train/split30/30/feats.scp ark:- | splice-feats --left-context=3 --right-context=3 ark:- ark:- | transform-feats exp/tri3/final.mat ark:- ark:- |' ark,s,cs:- ark:exp/tri3_ali/trans.30 
splice-feats --left-context=3 --right-context=3 ark:- ark:- 
apply-cmvn --utt2spk=ark:data/train/split30/30/utt2spk scp:data/train/split30/30/cmvn.scp scp:data/train/split30/30/feats.scp ark:- 
apply-cmvn --utt2spk=ark:data/train/split30/30/utt2spk scp:data/train/split30/30/cmvn.scp scp:data/train/split30/30/feats.scp ark:- 
splice-feats --left-context=3 --right-context=3 ark:- ark:- 
transform-feats exp/tri3/final.mat ark:- ark:- 
transform-feats exp/tri3/final.mat ark:- ark:- 
LOG (gmm-est-fmllr-gpost[5.5.208~1-b0fc0]:ComputeFmllrMatrixDiagGmmFull():fmllr-diag-gmm.cc:262) fMLLR objf improvement is 6.7874 per frame over 2002 frames.
LOG (gmm-est-fmllr-gpost[5.5.208~1-b0fc0]:main():gmm-est-fmllr-gpost.cc:141) For speaker MVJH0, auxf-impr from fMLLR is 6.7874, over 2002 frames.
LOG (gmm-est-fmllr-gpost[5.5.208~1-b0fc0]:ComputeFmllrMatrixDiagGmmFull():fmllr-diag-gmm.cc:262) fMLLR objf improvement is 5.45327 per frame over 2181 frames.
LOG (gmm-est-fmllr-gpost[5.5.208~1-b0fc0]:main():gmm-est-fmllr-gpost.cc:141) For speaker MVLO0, auxf-impr from fMLLR is 5.45327, over 2181 frames.
LOG (gmm-est-fmllr-gpost[5.5.208~1-b0fc0]:ComputeFmllrMatrixDiagGmmFull():fmllr-diag-gmm.cc:262) fMLLR objf improvement is 5.29698 per frame over 1753 frames.
LOG (gmm-est-fmllr-gpost[5.5.208~1-b0fc0]:main():gmm-est-fmllr-gpost.cc:141) For speaker MVRW0, auxf-impr from fMLLR is 5.29698, over 1753 frames.
LOG (gmm-est-fmllr-gpost[5.5.208~1-b0fc0]:ComputeFmllrMatrixDiagGmmFull():fmllr-diag-gmm.cc:262) fMLLR objf improvement is 8.31839 per frame over 2756 frames.
LOG (gmm-est-fmllr-gpost[5.5.208~1-b0fc0]:main():gmm-est-fmllr-gpost.cc:141) For speaker MWAC0, auxf-impr from fMLLR is 8.31839, over 2756 frames.
LOG (gmm-est-fmllr-gpost[5.5.208~1-b0fc0]:ComputeFmllrMatrixDiagGmmFull():fmllr-diag-gmm.cc:262) fMLLR objf improvement is 4.71228 per frame over 1635 frames.
LOG (gmm-est-fmllr-gpost[5.5.208~1-b0fc0]:main():gmm-est-fmllr-gpost.cc:141) For speaker MWAD0, auxf-impr from fMLLR is 4.71228, over 1635 frames.
LOG (gmm-est-fmllr-gpost[5.5.208~1-b0fc0]:ComputeFmllrMatrixDiagGmmFull():fmllr-diag-gmm.cc:262) fMLLR objf improvement is 5.00645 per frame over 2173 frames.
LOG (gmm-est-fmllr-gpost[5.5.208~1-b0fc0]:main():gmm-est-fmllr-gpost.cc:141) For speaker MWAR0, auxf-impr from fMLLR is 5.00645, over 2173 frames.
LOG (gmm-est-fmllr-gpost[5.5.208~1-b0fc0]:ComputeFmllrMatrixDiagGmmFull():fmllr-diag-gmm.cc:262) fMLLR objf improvement is 5.6198 per frame over 1757 frames.
LOG (gmm-est-fmllr-gpost[5.5.208~1-b0fc0]:main():gmm-est-fmllr-gpost.cc:141) For speaker MWCH0, auxf-impr from fMLLR is 5.6198, over 1757 frames.
LOG (gmm-est-fmllr-gpost[5.5.208~1-b0fc0]:ComputeFmllrMatrixDiagGmmFull():fmllr-diag-gmm.cc:262) fMLLR objf improvement is 5.5498 per frame over 2123 frames.
LOG (gmm-est-fmllr-gpost[5.5.208~1-b0fc0]:main():gmm-est-fmllr-gpost.cc:141) For speaker MWDK0, auxf-impr from fMLLR is 5.5498, over 2123 frames.
LOG (gmm-est-fmllr-gpost[5.5.208~1-b0fc0]:ComputeFmllrMatrixDiagGmmFull():fmllr-diag-gmm.cc:262) fMLLR objf improvement is 5.09027 per frame over 2264 frames.
LOG (gmm-est-fmllr-gpost[5.5.208~1-b0fc0]:main():gmm-est-fmllr-gpost.cc:141) For speaker MWEM0, auxf-impr from fMLLR is 5.09027, over 2264 frames.
LOG (gmm-est-fmllr-gpost[5.5.208~1-b0fc0]:ComputeFmllrMatrixDiagGmmFull():fmllr-diag-gmm.cc:262) fMLLR objf improvement is 6.41836 per frame over 2089 frames.
LOG (gmm-est-fmllr-gpost[5.5.208~1-b0fc0]:main():gmm-est-fmllr-gpost.cc:141) For speaker MWGR0, auxf-impr from fMLLR is 6.41836, over 2089 frames.
LOG (ali-to-post[5.5.208~1-b0fc0]:main():ali-to-post.cc:73) Converted 120 alignments.
LOG (gmm-est-fmllr-gpost[5.5.208~1-b0fc0]:ComputeFmllrMatrixDiagGmmFull():fmllr-diag-gmm.cc:262) fMLLR objf improvement is 7.32545 per frame over 2032 frames.
LOG (gmm-est-fmllr-gpost[5.5.208~1-b0fc0]:main():gmm-est-fmllr-gpost.cc:141) For speaker MWRE0, auxf-impr from fMLLR is 7.32545, over 2032 frames.
LOG (gmm-est-fmllr-gpost[5.5.208~1-b0fc0]:ComputeFmllrMatrixDiagGmmFull():fmllr-diag-gmm.cc:262) fMLLR objf improvement is 8.38654 per frame over 1839 frames.
LOG (gmm-est-fmllr-gpost[5.5.208~1-b0fc0]:main():gmm-est-fmllr-gpost.cc:141) For speaker MWRP0, auxf-impr from fMLLR is 8.38654, over 1839 frames.
LOG (gmm-est-fmllr-gpost[5.5.208~1-b0fc0]:ComputeFmllrMatrixDiagGmmFull():fmllr-diag-gmm.cc:262) fMLLR objf improvement is 6.12987 per frame over 1845 frames.
LOG (gmm-est-fmllr-gpost[5.5.208~1-b0fc0]:main():gmm-est-fmllr-gpost.cc:141) For speaker MWSB0, auxf-impr from fMLLR is 6.12987, over 1845 frames.
LOG (weight-silence-post[5.5.208~1-b0fc0]:main():weight-silence-post.cc:95) Done 120 posteriors.
LOG (apply-cmvn[5.5.208~1-b0fc0]:main():apply-cmvn.cc:162) Applied cepstral mean normalization to 120 utterances, errors on 0
LOG (gmm-est-fmllr-gpost[5.5.208~1-b0fc0]:ComputeFmllrMatrixDiagGmmFull():fmllr-diag-gmm.cc:262) fMLLR objf improvement is 4.37549 per frame over 2641 frames.
LOG (gmm-est-fmllr-gpost[5.5.208~1-b0fc0]:main():gmm-est-fmllr-gpost.cc:141) For speaker MWSH0, auxf-impr from fMLLR is 4.37549, over 2641 frames.
LOG (apply-cmvn[5.5.208~1-b0fc0]:main():apply-cmvn.cc:162) Applied cepstral mean normalization to 120 utterances, errors on 0
LOG (transform-feats[5.5.208~1-b0fc0]:main():transform-feats.cc:158) Overall average [pseudo-]logdet is -88.6037 over 35216 frames.
LOG (transform-feats[5.5.208~1-b0fc0]:main():transform-feats.cc:161) Applied transform to 120 utterances; 0 had errors.
LOG (gmm-post-to-gpost[5.5.208~1-b0fc0]:main():gmm-post-to-gpost.cc:124) Done 120 files, 0 with no posteriors, 0 with other errors.
LOG (gmm-post-to-gpost[5.5.208~1-b0fc0]:main():gmm-post-to-gpost.cc:128) Overall avg like per frame (Gaussian only) = -47.7397 over 31276 frames.
LOG (gmm-post-to-gpost[5.5.208~1-b0fc0]:main():gmm-post-to-gpost.cc:131) Done converting post to gpost
LOG (transform-feats[5.5.208~1-b0fc0]:main():transform-feats.cc:158) Overall average [pseudo-]logdet is -88.6037 over 35216 frames.
LOG (transform-feats[5.5.208~1-b0fc0]:main():transform-feats.cc:161) Applied transform to 120 utterances; 0 had errors.
LOG (gmm-est-fmllr-gpost[5.5.208~1-b0fc0]:ComputeFmllrMatrixDiagGmmFull():fmllr-diag-gmm.cc:262) fMLLR objf improvement is 5.5368 per frame over 2186 frames.
LOG (gmm-est-fmllr-gpost[5.5.208~1-b0fc0]:main():gmm-est-fmllr-gpost.cc:141) For speaker MZMB0, auxf-impr from fMLLR is 5.5368, over 2186 frames.
LOG (gmm-est-fmllr-gpost[5.5.208~1-b0fc0]:main():gmm-est-fmllr-gpost.cc:186) Done 120 files, 0 with no gposts, 0 with other errors.
LOG (gmm-est-fmllr-gpost[5.5.208~1-b0fc0]:main():gmm-est-fmllr-gpost.cc:188) Overall fMLLR auxf impr per frame is 6.01554 over 31276 frames.
# Accounting: time=3 threads=1
# Ended (code 0) at Wed Feb 27 14:39:11 +07 2019, elapsed time 3 seconds
