# ali-to-post "ark:gunzip -c exp/tri3_ali/pre_ali.26.gz|" ark:- | weight-silence-post 0.0 1 exp/tri3/final.alimdl ark:- ark:- | gmm-post-to-gpost exp/tri3/final.alimdl "ark,s,cs:apply-cmvn  --utt2spk=ark:data/train/split30/26/utt2spk scp:data/train/split30/26/cmvn.scp scp:data/train/split30/26/feats.scp ark:- | splice-feats --left-context=3 --right-context=3 ark:- ark:- | transform-feats exp/tri3/final.mat ark:- ark:- |" ark:- ark:- | gmm-est-fmllr-gpost --fmllr-update-type=full --spk2utt=ark:data/train/split30/26/spk2utt exp/tri3/final.mdl "ark,s,cs:apply-cmvn  --utt2spk=ark:data/train/split30/26/utt2spk scp:data/train/split30/26/cmvn.scp scp:data/train/split30/26/feats.scp ark:- | splice-feats --left-context=3 --right-context=3 ark:- ark:- | transform-feats exp/tri3/final.mat ark:- ark:- |" ark,s,cs:- ark:exp/tri3_ali/trans.26 
# Started at Wed Feb 27 14:39:03 +07 2019
#
weight-silence-post 0.0 1 exp/tri3/final.alimdl ark:- ark:- 
gmm-post-to-gpost exp/tri3/final.alimdl 'ark,s,cs:apply-cmvn  --utt2spk=ark:data/train/split30/26/utt2spk scp:data/train/split30/26/cmvn.scp scp:data/train/split30/26/feats.scp ark:- | splice-feats --left-context=3 --right-context=3 ark:- ark:- | transform-feats exp/tri3/final.mat ark:- ark:- |' ark:- ark:- 
ali-to-post 'ark:gunzip -c exp/tri3_ali/pre_ali.26.gz|' ark:- 
gmm-est-fmllr-gpost --fmllr-update-type=full --spk2utt=ark:data/train/split30/26/spk2utt exp/tri3/final.mdl 'ark,s,cs:apply-cmvn  --utt2spk=ark:data/train/split30/26/utt2spk scp:data/train/split30/26/cmvn.scp scp:data/train/split30/26/feats.scp ark:- | splice-feats --left-context=3 --right-context=3 ark:- ark:- | transform-feats exp/tri3/final.mat ark:- ark:- |' ark,s,cs:- ark:exp/tri3_ali/trans.26 
apply-cmvn --utt2spk=ark:data/train/split30/26/utt2spk scp:data/train/split30/26/cmvn.scp scp:data/train/split30/26/feats.scp ark:- 
splice-feats --left-context=3 --right-context=3 ark:- ark:- 
transform-feats exp/tri3/final.mat ark:- ark:- 
splice-feats --left-context=3 --right-context=3 ark:- ark:- 
transform-feats exp/tri3/final.mat ark:- ark:- 
apply-cmvn --utt2spk=ark:data/train/split30/26/utt2spk scp:data/train/split30/26/cmvn.scp scp:data/train/split30/26/feats.scp ark:- 
LOG (gmm-est-fmllr-gpost[5.5.208~1-b0fc0]:ComputeFmllrMatrixDiagGmmFull():fmllr-diag-gmm.cc:262) fMLLR objf improvement is 4.35906 per frame over 2043 frames.
LOG (gmm-est-fmllr-gpost[5.5.208~1-b0fc0]:main():gmm-est-fmllr-gpost.cc:141) For speaker MRMH0, auxf-impr from fMLLR is 4.35906, over 2043 frames.
LOG (gmm-est-fmllr-gpost[5.5.208~1-b0fc0]:ComputeFmllrMatrixDiagGmmFull():fmllr-diag-gmm.cc:262) fMLLR objf improvement is 10.0912 per frame over 2709 frames.
LOG (gmm-est-fmllr-gpost[5.5.208~1-b0fc0]:main():gmm-est-fmllr-gpost.cc:141) For speaker MRML0, auxf-impr from fMLLR is 10.0912, over 2709 frames.
LOG (gmm-est-fmllr-gpost[5.5.208~1-b0fc0]:ComputeFmllrMatrixDiagGmmFull():fmllr-diag-gmm.cc:262) fMLLR objf improvement is 7.34358 per frame over 1970 frames.
LOG (gmm-est-fmllr-gpost[5.5.208~1-b0fc0]:main():gmm-est-fmllr-gpost.cc:141) For speaker MRMS0, auxf-impr from fMLLR is 7.34358, over 1970 frames.
LOG (gmm-est-fmllr-gpost[5.5.208~1-b0fc0]:ComputeFmllrMatrixDiagGmmFull():fmllr-diag-gmm.cc:262) fMLLR objf improvement is 6.14884 per frame over 1898 frames.
LOG (gmm-est-fmllr-gpost[5.5.208~1-b0fc0]:main():gmm-est-fmllr-gpost.cc:141) For speaker MRPC1, auxf-impr from fMLLR is 6.14884, over 1898 frames.
LOG (gmm-est-fmllr-gpost[5.5.208~1-b0fc0]:ComputeFmllrMatrixDiagGmmFull():fmllr-diag-gmm.cc:262) fMLLR objf improvement is 5.74248 per frame over 2602 frames.
LOG (gmm-est-fmllr-gpost[5.5.208~1-b0fc0]:main():gmm-est-fmllr-gpost.cc:141) For speaker MRRE0, auxf-impr from fMLLR is 5.74248, over 2602 frames.
LOG (gmm-est-fmllr-gpost[5.5.208~1-b0fc0]:ComputeFmllrMatrixDiagGmmFull():fmllr-diag-gmm.cc:262) fMLLR objf improvement is 5.32563 per frame over 2655 frames.
LOG (gmm-est-fmllr-gpost[5.5.208~1-b0fc0]:main():gmm-est-fmllr-gpost.cc:141) For speaker MRSO0, auxf-impr from fMLLR is 5.32563, over 2655 frames.
LOG (gmm-est-fmllr-gpost[5.5.208~1-b0fc0]:ComputeFmllrMatrixDiagGmmFull():fmllr-diag-gmm.cc:262) fMLLR objf improvement is 7.2262 per frame over 2315 frames.
LOG (gmm-est-fmllr-gpost[5.5.208~1-b0fc0]:main():gmm-est-fmllr-gpost.cc:141) For speaker MRSP0, auxf-impr from fMLLR is 7.2262, over 2315 frames.
LOG (gmm-est-fmllr-gpost[5.5.208~1-b0fc0]:ComputeFmllrMatrixDiagGmmFull():fmllr-diag-gmm.cc:262) fMLLR objf improvement is 6.9365 per frame over 2503 frames.
LOG (gmm-est-fmllr-gpost[5.5.208~1-b0fc0]:main():gmm-est-fmllr-gpost.cc:141) For speaker MRTC0, auxf-impr from fMLLR is 6.9365, over 2503 frames.
LOG (gmm-est-fmllr-gpost[5.5.208~1-b0fc0]:ComputeFmllrMatrixDiagGmmFull():fmllr-diag-gmm.cc:262) fMLLR objf improvement is 7.13399 per frame over 2583 frames.
LOG (gmm-est-fmllr-gpost[5.5.208~1-b0fc0]:main():gmm-est-fmllr-gpost.cc:141) For speaker MRTJ0, auxf-impr from fMLLR is 7.13399, over 2583 frames.
LOG (gmm-est-fmllr-gpost[5.5.208~1-b0fc0]:ComputeFmllrMatrixDiagGmmFull():fmllr-diag-gmm.cc:262) fMLLR objf improvement is 5.01554 per frame over 1921 frames.
LOG (gmm-est-fmllr-gpost[5.5.208~1-b0fc0]:main():gmm-est-fmllr-gpost.cc:141) For speaker MRVG0, auxf-impr from fMLLR is 5.01554, over 1921 frames.
LOG (gmm-est-fmllr-gpost[5.5.208~1-b0fc0]:ComputeFmllrMatrixDiagGmmFull():fmllr-diag-gmm.cc:262) fMLLR objf improvement is 5.44516 per frame over 2101 frames.
LOG (gmm-est-fmllr-gpost[5.5.208~1-b0fc0]:main():gmm-est-fmllr-gpost.cc:141) For speaker MRWA0, auxf-impr from fMLLR is 5.44516, over 2101 frames.
LOG (ali-to-post[5.5.208~1-b0fc0]:main():ali-to-post.cc:73) Converted 128 alignments.
LOG (gmm-est-fmllr-gpost[5.5.208~1-b0fc0]:ComputeFmllrMatrixDiagGmmFull():fmllr-diag-gmm.cc:262) fMLLR objf improvement is 5.72183 per frame over 1948 frames.
LOG (gmm-est-fmllr-gpost[5.5.208~1-b0fc0]:main():gmm-est-fmllr-gpost.cc:141) For speaker MRWS0, auxf-impr from fMLLR is 5.72183, over 1948 frames.
LOG (gmm-est-fmllr-gpost[5.5.208~1-b0fc0]:ComputeFmllrMatrixDiagGmmFull():fmllr-diag-gmm.cc:262) fMLLR objf improvement is 4.23381 per frame over 2308 frames.
LOG (gmm-est-fmllr-gpost[5.5.208~1-b0fc0]:main():gmm-est-fmllr-gpost.cc:141) For speaker MRXB0, auxf-impr from fMLLR is 4.23381, over 2308 frames.
LOG (weight-silence-post[5.5.208~1-b0fc0]:main():weight-silence-post.cc:95) Done 128 posteriors.
LOG (gmm-est-fmllr-gpost[5.5.208~1-b0fc0]:ComputeFmllrMatrixDiagGmmFull():fmllr-diag-gmm.cc:262) fMLLR objf improvement is 5.89346 per frame over 1793 frames.
LOG (gmm-est-fmllr-gpost[5.5.208~1-b0fc0]:main():gmm-est-fmllr-gpost.cc:141) For speaker MSAH1, auxf-impr from fMLLR is 5.89346, over 1793 frames.
LOG (apply-cmvn[5.5.208~1-b0fc0]:main():apply-cmvn.cc:162) Applied cepstral mean normalization to 128 utterances, errors on 0
LOG (apply-cmvn[5.5.208~1-b0fc0]:main():apply-cmvn.cc:162) Applied cepstral mean normalization to 128 utterances, errors on 0
LOG (gmm-est-fmllr-gpost[5.5.208~1-b0fc0]:ComputeFmllrMatrixDiagGmmFull():fmllr-diag-gmm.cc:262) fMLLR objf improvement is 5.65202 per frame over 2582 frames.
LOG (gmm-est-fmllr-gpost[5.5.208~1-b0fc0]:main():gmm-est-fmllr-gpost.cc:141) For speaker MSAS0, auxf-impr from fMLLR is 5.65202, over 2582 frames.
LOG (transform-feats[5.5.208~1-b0fc0]:main():transform-feats.cc:158) Overall average [pseudo-]logdet is -88.6037 over 39121 frames.
LOG (transform-feats[5.5.208~1-b0fc0]:main():transform-feats.cc:161) Applied transform to 128 utterances; 0 had errors.
LOG (gmm-post-to-gpost[5.5.208~1-b0fc0]:main():gmm-post-to-gpost.cc:124) Done 128 files, 0 with no posteriors, 0 with other errors.
LOG (gmm-post-to-gpost[5.5.208~1-b0fc0]:main():gmm-post-to-gpost.cc:128) Overall avg like per frame (Gaussian only) = -48.0268 over 35563 frames.
LOG (gmm-post-to-gpost[5.5.208~1-b0fc0]:main():gmm-post-to-gpost.cc:131) Done converting post to gpost
LOG (transform-feats[5.5.208~1-b0fc0]:main():transform-feats.cc:158) Overall average [pseudo-]logdet is -88.6037 over 39121 frames.
LOG (transform-feats[5.5.208~1-b0fc0]:main():transform-feats.cc:161) Applied transform to 128 utterances; 0 had errors.
LOG (gmm-est-fmllr-gpost[5.5.208~1-b0fc0]:ComputeFmllrMatrixDiagGmmFull():fmllr-diag-gmm.cc:262) fMLLR objf improvement is 7.40306 per frame over 1632 frames.
LOG (gmm-est-fmllr-gpost[5.5.208~1-b0fc0]:main():gmm-est-fmllr-gpost.cc:141) For speaker MSAT0, auxf-impr from fMLLR is 7.40306, over 1632 frames.
LOG (gmm-est-fmllr-gpost[5.5.208~1-b0fc0]:main():gmm-est-fmllr-gpost.cc:186) Done 128 files, 0 with no gposts, 0 with other errors.
LOG (gmm-est-fmllr-gpost[5.5.208~1-b0fc0]:main():gmm-est-fmllr-gpost.cc:188) Overall fMLLR auxf impr per frame is 6.27659 over 35563 frames.
# Accounting: time=5 threads=1
# Ended (code 0) at Wed Feb 27 14:39:08 +07 2019, elapsed time 5 seconds
