# ali-to-post "ark:gunzip -c exp/tri3_ali/pre_ali.12.gz|" ark:- | weight-silence-post 0.0 1 exp/tri3/final.alimdl ark:- ark:- | gmm-post-to-gpost exp/tri3/final.alimdl "ark,s,cs:apply-cmvn  --utt2spk=ark:data/train/split30/12/utt2spk scp:data/train/split30/12/cmvn.scp scp:data/train/split30/12/feats.scp ark:- | splice-feats --left-context=3 --right-context=3 ark:- ark:- | transform-feats exp/tri3/final.mat ark:- ark:- |" ark:- ark:- | gmm-est-fmllr-gpost --fmllr-update-type=full --spk2utt=ark:data/train/split30/12/spk2utt exp/tri3/final.mdl "ark,s,cs:apply-cmvn  --utt2spk=ark:data/train/split30/12/utt2spk scp:data/train/split30/12/cmvn.scp scp:data/train/split30/12/feats.scp ark:- | splice-feats --left-context=3 --right-context=3 ark:- ark:- | transform-feats exp/tri3/final.mat ark:- ark:- |" ark,s,cs:- ark:exp/tri3_ali/trans.12 
# Started at Wed Feb 27 14:38:42 +07 2019
#
gmm-est-fmllr-gpost --fmllr-update-type=full --spk2utt=ark:data/train/split30/12/spk2utt exp/tri3/final.mdl 'ark,s,cs:apply-cmvn  --utt2spk=ark:data/train/split30/12/utt2spk scp:data/train/split30/12/cmvn.scp scp:data/train/split30/12/feats.scp ark:- | splice-feats --left-context=3 --right-context=3 ark:- ark:- | transform-feats exp/tri3/final.mat ark:- ark:- |' ark,s,cs:- ark:exp/tri3_ali/trans.12 
weight-silence-post 0.0 1 exp/tri3/final.alimdl ark:- ark:- 
gmm-post-to-gpost exp/tri3/final.alimdl 'ark,s,cs:apply-cmvn  --utt2spk=ark:data/train/split30/12/utt2spk scp:data/train/split30/12/cmvn.scp scp:data/train/split30/12/feats.scp ark:- | splice-feats --left-context=3 --right-context=3 ark:- ark:- | transform-feats exp/tri3/final.mat ark:- ark:- |' ark:- ark:- 
ali-to-post 'ark:gunzip -c exp/tri3_ali/pre_ali.12.gz|' ark:- 
transform-feats exp/tri3/final.mat ark:- ark:- 
splice-feats --left-context=3 --right-context=3 ark:- ark:- 
apply-cmvn --utt2spk=ark:data/train/split30/12/utt2spk scp:data/train/split30/12/cmvn.scp scp:data/train/split30/12/feats.scp ark:- 
transform-feats exp/tri3/final.mat ark:- ark:- 
apply-cmvn --utt2spk=ark:data/train/split30/12/utt2spk scp:data/train/split30/12/cmvn.scp scp:data/train/split30/12/feats.scp ark:- 
splice-feats --left-context=3 --right-context=3 ark:- ark:- 
LOG (gmm-est-fmllr-gpost[5.5.208~1-b0fc0]:ComputeFmllrMatrixDiagGmmFull():fmllr-diag-gmm.cc:262) fMLLR objf improvement is 7.82079 per frame over 1750 frames.
LOG (gmm-est-fmllr-gpost[5.5.208~1-b0fc0]:main():gmm-est-fmllr-gpost.cc:141) For speaker MCLM0, auxf-impr from fMLLR is 7.82079, over 1750 frames.
LOG (gmm-est-fmllr-gpost[5.5.208~1-b0fc0]:ComputeFmllrMatrixDiagGmmFull():fmllr-diag-gmm.cc:262) fMLLR objf improvement is 5.49063 per frame over 2027 frames.
LOG (gmm-est-fmllr-gpost[5.5.208~1-b0fc0]:main():gmm-est-fmllr-gpost.cc:141) For speaker MCPM0, auxf-impr from fMLLR is 5.49063, over 2027 frames.
LOG (gmm-est-fmllr-gpost[5.5.208~1-b0fc0]:ComputeFmllrMatrixDiagGmmFull():fmllr-diag-gmm.cc:262) fMLLR objf improvement is 4.82633 per frame over 2139 frames.
LOG (gmm-est-fmllr-gpost[5.5.208~1-b0fc0]:main():gmm-est-fmllr-gpost.cc:141) For speaker MCRE0, auxf-impr from fMLLR is 4.82633, over 2139 frames.
LOG (gmm-est-fmllr-gpost[5.5.208~1-b0fc0]:ComputeFmllrMatrixDiagGmmFull():fmllr-diag-gmm.cc:262) fMLLR objf improvement is 4.36106 per frame over 2345 frames.
LOG (gmm-est-fmllr-gpost[5.5.208~1-b0fc0]:main():gmm-est-fmllr-gpost.cc:141) For speaker MCSS0, auxf-impr from fMLLR is 4.36106, over 2345 frames.
LOG (gmm-est-fmllr-gpost[5.5.208~1-b0fc0]:ComputeFmllrMatrixDiagGmmFull():fmllr-diag-gmm.cc:262) fMLLR objf improvement is 8.66616 per frame over 2193 frames.
LOG (gmm-est-fmllr-gpost[5.5.208~1-b0fc0]:main():gmm-est-fmllr-gpost.cc:141) For speaker MCTH0, auxf-impr from fMLLR is 8.66616, over 2193 frames.
LOG (gmm-est-fmllr-gpost[5.5.208~1-b0fc0]:ComputeFmllrMatrixDiagGmmFull():fmllr-diag-gmm.cc:262) fMLLR objf improvement is 4.28788 per frame over 2119 frames.
LOG (gmm-est-fmllr-gpost[5.5.208~1-b0fc0]:main():gmm-est-fmllr-gpost.cc:141) For speaker MCTM0, auxf-impr from fMLLR is 4.28788, over 2119 frames.
LOG (gmm-est-fmllr-gpost[5.5.208~1-b0fc0]:ComputeFmllrMatrixDiagGmmFull():fmllr-diag-gmm.cc:262) fMLLR objf improvement is 9.24187 per frame over 2162 frames.
LOG (gmm-est-fmllr-gpost[5.5.208~1-b0fc0]:main():gmm-est-fmllr-gpost.cc:141) For speaker MCXM0, auxf-impr from fMLLR is 9.24187, over 2162 frames.
LOG (gmm-est-fmllr-gpost[5.5.208~1-b0fc0]:ComputeFmllrMatrixDiagGmmFull():fmllr-diag-gmm.cc:262) fMLLR objf improvement is 4.90164 per frame over 2267 frames.
LOG (gmm-est-fmllr-gpost[5.5.208~1-b0fc0]:main():gmm-est-fmllr-gpost.cc:141) For speaker MDAC0, auxf-impr from fMLLR is 4.90164, over 2267 frames.
LOG (gmm-est-fmllr-gpost[5.5.208~1-b0fc0]:ComputeFmllrMatrixDiagGmmFull():fmllr-diag-gmm.cc:262) fMLLR objf improvement is 5.18396 per frame over 1970 frames.
LOG (gmm-est-fmllr-gpost[5.5.208~1-b0fc0]:main():gmm-est-fmllr-gpost.cc:141) For speaker MDAS0, auxf-impr from fMLLR is 5.18396, over 1970 frames.
LOG (gmm-est-fmllr-gpost[5.5.208~1-b0fc0]:ComputeFmllrMatrixDiagGmmFull():fmllr-diag-gmm.cc:262) fMLLR objf improvement is 6.97233 per frame over 2050 frames.
LOG (gmm-est-fmllr-gpost[5.5.208~1-b0fc0]:main():gmm-est-fmllr-gpost.cc:141) For speaker MDBB1, auxf-impr from fMLLR is 6.97233, over 2050 frames.
LOG (ali-to-post[5.5.208~1-b0fc0]:main():ali-to-post.cc:73) Converted 120 alignments.
LOG (gmm-est-fmllr-gpost[5.5.208~1-b0fc0]:ComputeFmllrMatrixDiagGmmFull():fmllr-diag-gmm.cc:262) fMLLR objf improvement is 6.24334 per frame over 2394 frames.
LOG (gmm-est-fmllr-gpost[5.5.208~1-b0fc0]:main():gmm-est-fmllr-gpost.cc:141) For speaker MDBP0, auxf-impr from fMLLR is 6.24334, over 2394 frames.
LOG (gmm-est-fmllr-gpost[5.5.208~1-b0fc0]:ComputeFmllrMatrixDiagGmmFull():fmllr-diag-gmm.cc:262) fMLLR objf improvement is 8.60616 per frame over 2111 frames.
LOG (gmm-est-fmllr-gpost[5.5.208~1-b0fc0]:main():gmm-est-fmllr-gpost.cc:141) For speaker MDCD0, auxf-impr from fMLLR is 8.60616, over 2111 frames.
LOG (weight-silence-post[5.5.208~1-b0fc0]:main():weight-silence-post.cc:95) Done 120 posteriors.
LOG (gmm-est-fmllr-gpost[5.5.208~1-b0fc0]:ComputeFmllrMatrixDiagGmmFull():fmllr-diag-gmm.cc:262) fMLLR objf improvement is 6.73379 per frame over 2213 frames.
LOG (gmm-est-fmllr-gpost[5.5.208~1-b0fc0]:main():gmm-est-fmllr-gpost.cc:141) For speaker MDCM0, auxf-impr from fMLLR is 6.73379, over 2213 frames.
LOG (apply-cmvn[5.5.208~1-b0fc0]:main():apply-cmvn.cc:162) Applied cepstral mean normalization to 120 utterances, errors on 0
LOG (gmm-est-fmllr-gpost[5.5.208~1-b0fc0]:ComputeFmllrMatrixDiagGmmFull():fmllr-diag-gmm.cc:262) fMLLR objf improvement is 5.97333 per frame over 2022 frames.
LOG (gmm-est-fmllr-gpost[5.5.208~1-b0fc0]:main():gmm-est-fmllr-gpost.cc:141) For speaker MDDC0, auxf-impr from fMLLR is 5.97333, over 2022 frames.
LOG (apply-cmvn[5.5.208~1-b0fc0]:main():apply-cmvn.cc:162) Applied cepstral mean normalization to 120 utterances, errors on 0
LOG (transform-feats[5.5.208~1-b0fc0]:main():transform-feats.cc:158) Overall average [pseudo-]logdet is -88.6037 over 35253 frames.
LOG (transform-feats[5.5.208~1-b0fc0]:main():transform-feats.cc:161) Applied transform to 120 utterances; 0 had errors.
LOG (gmm-post-to-gpost[5.5.208~1-b0fc0]:main():gmm-post-to-gpost.cc:124) Done 120 files, 0 with no posteriors, 0 with other errors.
LOG (gmm-post-to-gpost[5.5.208~1-b0fc0]:main():gmm-post-to-gpost.cc:128) Overall avg like per frame (Gaussian only) = -48.124 over 32050 frames.
LOG (gmm-post-to-gpost[5.5.208~1-b0fc0]:main():gmm-post-to-gpost.cc:131) Done converting post to gpost
LOG (transform-feats[5.5.208~1-b0fc0]:main():transform-feats.cc:158) Overall average [pseudo-]logdet is -88.6037 over 35253 frames.
LOG (transform-feats[5.5.208~1-b0fc0]:main():transform-feats.cc:161) Applied transform to 120 utterances; 0 had errors.
LOG (gmm-est-fmllr-gpost[5.5.208~1-b0fc0]:ComputeFmllrMatrixDiagGmmFull():fmllr-diag-gmm.cc:262) fMLLR objf improvement is 4.79366 per frame over 2288 frames.
LOG (gmm-est-fmllr-gpost[5.5.208~1-b0fc0]:main():gmm-est-fmllr-gpost.cc:141) For speaker MDED0, auxf-impr from fMLLR is 4.79365, over 2288 frames.
LOG (gmm-est-fmllr-gpost[5.5.208~1-b0fc0]:main():gmm-est-fmllr-gpost.cc:186) Done 120 files, 0 with no gposts, 0 with other errors.
LOG (gmm-est-fmllr-gpost[5.5.208~1-b0fc0]:main():gmm-est-fmllr-gpost.cc:188) Overall fMLLR auxf impr per frame is 6.24392 over 32050 frames.
# Accounting: time=6 threads=1
# Ended (code 0) at Wed Feb 27 14:38:48 +07 2019, elapsed time 6 seconds
