# ali-to-post "ark:gunzip -c exp/tri3_ali/pre_ali.24.gz|" ark:- | weight-silence-post 0.0 1 exp/tri3/final.alimdl ark:- ark:- | gmm-post-to-gpost exp/tri3/final.alimdl "ark,s,cs:apply-cmvn  --utt2spk=ark:data/train/split30/24/utt2spk scp:data/train/split30/24/cmvn.scp scp:data/train/split30/24/feats.scp ark:- | splice-feats --left-context=3 --right-context=3 ark:- ark:- | transform-feats exp/tri3/final.mat ark:- ark:- |" ark:- ark:- | gmm-est-fmllr-gpost --fmllr-update-type=full --spk2utt=ark:data/train/split30/24/spk2utt exp/tri3/final.mdl "ark,s,cs:apply-cmvn  --utt2spk=ark:data/train/split30/24/utt2spk scp:data/train/split30/24/cmvn.scp scp:data/train/split30/24/feats.scp ark:- | splice-feats --left-context=3 --right-context=3 ark:- ark:- | transform-feats exp/tri3/final.mat ark:- ark:- |" ark,s,cs:- ark:exp/tri3_ali/trans.24 
# Started at Wed Feb 27 14:38:58 +07 2019
#
gmm-est-fmllr-gpost --fmllr-update-type=full --spk2utt=ark:data/train/split30/24/spk2utt exp/tri3/final.mdl 'ark,s,cs:apply-cmvn  --utt2spk=ark:data/train/split30/24/utt2spk scp:data/train/split30/24/cmvn.scp scp:data/train/split30/24/feats.scp ark:- | splice-feats --left-context=3 --right-context=3 ark:- ark:- | transform-feats exp/tri3/final.mat ark:- ark:- |' ark,s,cs:- ark:exp/tri3_ali/trans.24 
ali-to-post 'ark:gunzip -c exp/tri3_ali/pre_ali.24.gz|' ark:- 
weight-silence-post 0.0 1 exp/tri3/final.alimdl ark:- ark:- 
gmm-post-to-gpost exp/tri3/final.alimdl 'ark,s,cs:apply-cmvn  --utt2spk=ark:data/train/split30/24/utt2spk scp:data/train/split30/24/cmvn.scp scp:data/train/split30/24/feats.scp ark:- | splice-feats --left-context=3 --right-context=3 ark:- ark:- | transform-feats exp/tri3/final.mat ark:- ark:- |' ark:- ark:- 
splice-feats --left-context=3 --right-context=3 ark:- ark:- 
apply-cmvn --utt2spk=ark:data/train/split30/24/utt2spk scp:data/train/split30/24/cmvn.scp scp:data/train/split30/24/feats.scp ark:- 
transform-feats exp/tri3/final.mat ark:- ark:- 
apply-cmvn --utt2spk=ark:data/train/split30/24/utt2spk scp:data/train/split30/24/cmvn.scp scp:data/train/split30/24/feats.scp ark:- 
splice-feats --left-context=3 --right-context=3 ark:- ark:- 
transform-feats exp/tri3/final.mat ark:- ark:- 
LOG (gmm-est-fmllr-gpost[5.5.208~1-b0fc0]:ComputeFmllrMatrixDiagGmmFull():fmllr-diag-gmm.cc:262) fMLLR objf improvement is 5.44993 per frame over 2138 frames.
LOG (gmm-est-fmllr-gpost[5.5.208~1-b0fc0]:main():gmm-est-fmllr-gpost.cc:141) For speaker MRAM0, auxf-impr from fMLLR is 5.44993, over 2138 frames.
LOG (gmm-est-fmllr-gpost[5.5.208~1-b0fc0]:ComputeFmllrMatrixDiagGmmFull():fmllr-diag-gmm.cc:262) fMLLR objf improvement is 7.05089 per frame over 2013 frames.
LOG (gmm-est-fmllr-gpost[5.5.208~1-b0fc0]:main():gmm-est-fmllr-gpost.cc:141) For speaker MRAV0, auxf-impr from fMLLR is 7.05089, over 2013 frames.
LOG (gmm-est-fmllr-gpost[5.5.208~1-b0fc0]:ComputeFmllrMatrixDiagGmmFull():fmllr-diag-gmm.cc:262) fMLLR objf improvement is 4.54162 per frame over 2135 frames.
LOG (gmm-est-fmllr-gpost[5.5.208~1-b0fc0]:main():gmm-est-fmllr-gpost.cc:141) For speaker MRBC0, auxf-impr from fMLLR is 4.54162, over 2135 frames.
LOG (gmm-est-fmllr-gpost[5.5.208~1-b0fc0]:ComputeFmllrMatrixDiagGmmFull():fmllr-diag-gmm.cc:262) fMLLR objf improvement is 6.11618 per frame over 2365 frames.
LOG (gmm-est-fmllr-gpost[5.5.208~1-b0fc0]:main():gmm-est-fmllr-gpost.cc:141) For speaker MRCG0, auxf-impr from fMLLR is 6.11618, over 2365 frames.
LOG (gmm-est-fmllr-gpost[5.5.208~1-b0fc0]:ComputeFmllrMatrixDiagGmmFull():fmllr-diag-gmm.cc:262) fMLLR objf improvement is 6.29082 per frame over 1952 frames.
LOG (gmm-est-fmllr-gpost[5.5.208~1-b0fc0]:main():gmm-est-fmllr-gpost.cc:141) For speaker MRCW0, auxf-impr from fMLLR is 6.29082, over 1952 frames.
LOG (gmm-est-fmllr-gpost[5.5.208~1-b0fc0]:ComputeFmllrMatrixDiagGmmFull():fmllr-diag-gmm.cc:262) fMLLR objf improvement is 5.43939 per frame over 2044 frames.
LOG (gmm-est-fmllr-gpost[5.5.208~1-b0fc0]:main():gmm-est-fmllr-gpost.cc:141) For speaker MRDD0, auxf-impr from fMLLR is 5.43939, over 2044 frames.
LOG (gmm-est-fmllr-gpost[5.5.208~1-b0fc0]:ComputeFmllrMatrixDiagGmmFull():fmllr-diag-gmm.cc:262) fMLLR objf improvement is 4.75271 per frame over 2173 frames.
LOG (gmm-est-fmllr-gpost[5.5.208~1-b0fc0]:main():gmm-est-fmllr-gpost.cc:141) For speaker MRDM0, auxf-impr from fMLLR is 4.75271, over 2173 frames.
LOG (gmm-est-fmllr-gpost[5.5.208~1-b0fc0]:ComputeFmllrMatrixDiagGmmFull():fmllr-diag-gmm.cc:262) fMLLR objf improvement is 8.17305 per frame over 1943 frames.
LOG (gmm-est-fmllr-gpost[5.5.208~1-b0fc0]:main():gmm-est-fmllr-gpost.cc:141) For speaker MRDS0, auxf-impr from fMLLR is 8.17305, over 1943 frames.
LOG (gmm-est-fmllr-gpost[5.5.208~1-b0fc0]:ComputeFmllrMatrixDiagGmmFull():fmllr-diag-gmm.cc:262) fMLLR objf improvement is 5.90379 per frame over 2239 frames.
LOG (gmm-est-fmllr-gpost[5.5.208~1-b0fc0]:main():gmm-est-fmllr-gpost.cc:141) For speaker MREE0, auxf-impr from fMLLR is 5.90379, over 2239 frames.
LOG (gmm-est-fmllr-gpost[5.5.208~1-b0fc0]:ComputeFmllrMatrixDiagGmmFull():fmllr-diag-gmm.cc:262) fMLLR objf improvement is 5.24721 per frame over 2589 frames.
LOG (gmm-est-fmllr-gpost[5.5.208~1-b0fc0]:main():gmm-est-fmllr-gpost.cc:141) For speaker MREH1, auxf-impr from fMLLR is 5.24721, over 2589 frames.
LOG (gmm-est-fmllr-gpost[5.5.208~1-b0fc0]:ComputeFmllrMatrixDiagGmmFull():fmllr-diag-gmm.cc:262) fMLLR objf improvement is 7.30718 per frame over 2206 frames.
LOG (gmm-est-fmllr-gpost[5.5.208~1-b0fc0]:main():gmm-est-fmllr-gpost.cc:141) For speaker MREM0, auxf-impr from fMLLR is 7.30718, over 2206 frames.
LOG (ali-to-post[5.5.208~1-b0fc0]:main():ali-to-post.cc:73) Converted 120 alignments.
LOG (gmm-est-fmllr-gpost[5.5.208~1-b0fc0]:ComputeFmllrMatrixDiagGmmFull():fmllr-diag-gmm.cc:262) fMLLR objf improvement is 4.86383 per frame over 2076 frames.
LOG (gmm-est-fmllr-gpost[5.5.208~1-b0fc0]:main():gmm-est-fmllr-gpost.cc:141) For speaker MREW1, auxf-impr from fMLLR is 4.86383, over 2076 frames.
LOG (gmm-est-fmllr-gpost[5.5.208~1-b0fc0]:ComputeFmllrMatrixDiagGmmFull():fmllr-diag-gmm.cc:262) fMLLR objf improvement is 6.61836 per frame over 1990 frames.
LOG (gmm-est-fmllr-gpost[5.5.208~1-b0fc0]:main():gmm-est-fmllr-gpost.cc:141) For speaker MRFK0, auxf-impr from fMLLR is 6.61836, over 1990 frames.
LOG (weight-silence-post[5.5.208~1-b0fc0]:main():weight-silence-post.cc:95) Done 120 posteriors.
LOG (apply-cmvn[5.5.208~1-b0fc0]:main():apply-cmvn.cc:162) Applied cepstral mean normalization to 120 utterances, errors on 0
LOG (gmm-est-fmllr-gpost[5.5.208~1-b0fc0]:ComputeFmllrMatrixDiagGmmFull():fmllr-diag-gmm.cc:262) fMLLR objf improvement is 5.89706 per frame over 2547 frames.
LOG (gmm-est-fmllr-gpost[5.5.208~1-b0fc0]:main():gmm-est-fmllr-gpost.cc:141) For speaker MRFL0, auxf-impr from fMLLR is 5.89706, over 2547 frames.
LOG (apply-cmvn[5.5.208~1-b0fc0]:main():apply-cmvn.cc:162) Applied cepstral mean normalization to 120 utterances, errors on 0
LOG (transform-feats[5.5.208~1-b0fc0]:main():transform-feats.cc:158) Overall average [pseudo-]logdet is -88.6037 over 36379 frames.
LOG (transform-feats[5.5.208~1-b0fc0]:main():transform-feats.cc:161) Applied transform to 120 utterances; 0 had errors.
LOG (gmm-post-to-gpost[5.5.208~1-b0fc0]:main():gmm-post-to-gpost.cc:124) Done 120 files, 0 with no posteriors, 0 with other errors.
LOG (gmm-post-to-gpost[5.5.208~1-b0fc0]:main():gmm-post-to-gpost.cc:128) Overall avg like per frame (Gaussian only) = -48.4185 over 33039 frames.
LOG (gmm-post-to-gpost[5.5.208~1-b0fc0]:main():gmm-post-to-gpost.cc:131) Done converting post to gpost
LOG (transform-feats[5.5.208~1-b0fc0]:main():transform-feats.cc:158) Overall average [pseudo-]logdet is -88.6037 over 36379 frames.
LOG (transform-feats[5.5.208~1-b0fc0]:main():transform-feats.cc:161) Applied transform to 120 utterances; 0 had errors.
LOG (gmm-est-fmllr-gpost[5.5.208~1-b0fc0]:ComputeFmllrMatrixDiagGmmFull():fmllr-diag-gmm.cc:262) fMLLR objf improvement is 7.98144 per frame over 2629 frames.
LOG (gmm-est-fmllr-gpost[5.5.208~1-b0fc0]:main():gmm-est-fmllr-gpost.cc:141) For speaker MRGM0, auxf-impr from fMLLR is 7.98144, over 2629 frames.
LOG (gmm-est-fmllr-gpost[5.5.208~1-b0fc0]:main():gmm-est-fmllr-gpost.cc:186) Done 120 files, 0 with no gposts, 0 with other errors.
LOG (gmm-est-fmllr-gpost[5.5.208~1-b0fc0]:main():gmm-est-fmllr-gpost.cc:188) Overall fMLLR auxf impr per frame is 6.10812 over 33039 frames.
# Accounting: time=5 threads=1
# Ended (code 0) at Wed Feb 27 14:39:03 +07 2019, elapsed time 5 seconds
